#
# A fatal error has been detected by the Java Runtime Environment:
#
#  EXCEPTION_ACCESS_VIOLATION (0xc0000005) at pc=0x00007ffd5c4532a8, pid=31124, tid=38788
#
# JRE version: Java(TM) SE Runtime Environment (17.0.10+11) (build 17.0.10+11-LTS-240)
# Java VM: Java HotSpot(TM) 64-Bit Server VM (17.0.10+11-LTS-240, mixed mode, emulated-client, sharing, tiered, compressed oops, compressed class ptrs, g1 gc, windows-amd64)
# Problematic frame:
# C  [msvcp140.dll+0x132a8]
#
# No core dump will be written. Minidumps are not enabled by default on client versions of Windows
#
# If you would like to submit a bug report, please visit:
#   https://bugreport.java.com/bugreport/crash.jsp
# The crash happened outside the Java Virtual Machine in native code.
# See problematic frame for where to report the bug.
#

---------------  S U M M A R Y ------------

Command Line: -Djava.library.path=C:\JANG\sia_task\sia-task-dev\task\src\main\resources\nativelib\window -XX:TieredStopAtLevel=1 -Dfile.encoding=x-windows-949 -Duser.country=KR -Duser.language=ko -Duser.variant com.sia.task.TaskApplication

Host: AMD Ryzen 9 4900HS with Radeon Graphics         , 16 cores, 15G,  Windows 11 , 64 bit Build 26100 (10.0.26100.3775)
Time: Mon Apr 28 03:55:30 2025  Windows 11 , 64 bit Build 26100 (10.0.26100.3775) elapsed time: 17.138873 seconds (0d 0h 0m 17s)

---------------  T H R E A D  ---------------

Current thread (0x000001fafe8a2ab0):  JavaThread "http-nio-8080-exec-6" daemon [_thread_in_native, id=38788, stack(0x000000bb3dc00000,0x000000bb3dd00000)]

Stack: [0x000000bb3dc00000,0x000000bb3dd00000],  sp=0x000000bb3dcfc630,  free space=1009k
Native frames: (J=compiled Java code, j=interpreted, Vv=VM code, C=native code)
C  [msvcp140.dll+0x132a8]
C  [gdal.dll+0xc2757d]

Java frames: (J=compiled Java code, j=interpreted, Vv=VM code)
j  org.gdal.gdal.gdalJNI.Open__SWIG_1(Ljava/lang/String;)J+0
j  org.gdal.gdal.gdal.Open(Ljava/lang/String;)Lorg/gdal/gdal/Dataset;+1
j  com.sia.task.service.ConvertCOGService.fileConvertCOG(Ljava/util/List;)V+498
j  com.sia.task.service.FileProcessingService.fileProcessing(Ljava/util/List;)V+14
j  com.sia.task.controller.FileProcessingController.fileProcessing(Lcom/sia/task/fileDTO/FileDTO;)Lorg/springframework/http/ResponseEntity;+39
v  ~StubRoutines::call_stub
J 3816  jdk.internal.reflect.NativeMethodAccessorImpl.invoke0(Ljava/lang/reflect/Method;Ljava/lang/Object;[Ljava/lang/Object;)Ljava/lang/Object; java.base@17.0.10 (0 bytes) @ 0x000001faac5cc627 [0x000001faac5cc5a0+0x0000000000000087]
J 3815 c1 jdk.internal.reflect.NativeMethodAccessorImpl.invoke(Ljava/lang/Object;[Ljava/lang/Object;)Ljava/lang/Object; java.base@17.0.10 (137 bytes) @ 0x000001faac5cce4c [0x000001faac5ccb00+0x000000000000034c]
J 3804 c1 jdk.internal.reflect.DelegatingMethodAccessorImpl.invoke(Ljava/lang/Object;[Ljava/lang/Object;)Ljava/lang/Object; java.base@17.0.10 (10 bytes) @ 0x000001faac5c9ce4 [0x000001faac5c9ca0+0x0000000000000044]
J 3806 c1 java.lang.reflect.Method.invoke(Ljava/lang/Object;[Ljava/lang/Object;)Ljava/lang/Object; java.base@17.0.10 (65 bytes) @ 0x000001faac5ca4ec [0x000001faac5ca3e0+0x000000000000010c]
j  org.springframework.web.method.support.InvocableHandlerMethod.doInvoke([Ljava/lang/Object;)Ljava/lang/Object;+55
j  org.springframework.web.method.support.InvocableHandlerMethod.invokeForRequest(Lorg/springframework/web/context/request/NativeWebRequest;Lorg/springframework/web/method/support/ModelAndViewContainer;[Ljava/lang/Object;)Ljava/lang/Object;+82
j  org.springframework.web.servlet.mvc.method.annotation.ServletInvocableHandlerMethod.invokeAndHandle(Lorg/springframework/web/context/request/ServletWebRequest;Lorg/springframework/web/method/support/ModelAndViewContainer;[Ljava/lang/Object;)V+4
j  org.springframework.web.servlet.mvc.method.annotation.RequestMappingHandlerAdapter.invokeHandlerMethod(Ljakarta/servlet/http/HttpServletRequest;Ljakarta/servlet/http/HttpServletResponse;Lorg/springframework/web/method/HandlerMethod;)Lorg/springframework/web/servlet/ModelAndView;+309
j  org.springframework.web.servlet.mvc.method.annotation.RequestMappingHandlerAdapter.handleInternal(Ljakarta/servlet/http/HttpServletRequest;Ljakarta/servlet/http/HttpServletResponse;Lorg/springframework/web/method/HandlerMethod;)Lorg/springframework/web/servlet/ModelAndView;+81
j  org.springframework.web.servlet.mvc.method.AbstractHandlerMethodAdapter.handle(Ljakarta/servlet/http/HttpServletRequest;Ljakarta/servlet/http/HttpServletResponse;Ljava/lang/Object;)Lorg/springframework/web/servlet/ModelAndView;+7
j  org.springframework.web.servlet.DispatcherServlet.doDispatch(Ljakarta/servlet/http/HttpServletRequest;Ljakarta/servlet/http/HttpServletResponse;)V+304
j  org.springframework.web.servlet.DispatcherServlet.doService(Ljakarta/servlet/http/HttpServletRequest;Ljakarta/servlet/http/HttpServletResponse;)V+242
j  org.springframework.web.servlet.FrameworkServlet.processRequest(Ljakarta/servlet/http/HttpServletRequest;Ljakarta/servlet/http/HttpServletResponse;)V+70
j  org.springframework.web.servlet.FrameworkServlet.doPost(Ljakarta/servlet/http/HttpServletRequest;Ljakarta/servlet/http/HttpServletResponse;)V+3
j  jakarta.servlet.http.HttpServlet.service(Ljakarta/servlet/http/HttpServletRequest;Ljakarta/servlet/http/HttpServletResponse;)V+150
j  org.springframework.web.servlet.FrameworkServlet.service(Ljakarta/servlet/http/HttpServletRequest;Ljakarta/servlet/http/HttpServletResponse;)V+20
j  jakarta.servlet.http.HttpServlet.service(Ljakarta/servlet/ServletRequest;Ljakarta/servlet/ServletResponse;)V+37
j  org.apache.catalina.core.ApplicationFilterChain.internalDoFilter(Ljakarta/servlet/ServletRequest;Ljakarta/servlet/ServletResponse;)V+300
j  org.apache.catalina.core.ApplicationFilterChain.doFilter(Ljakarta/servlet/ServletRequest;Ljakarta/servlet/ServletResponse;)V+99
j  org.apache.tomcat.websocket.server.WsFilter.doFilter(Ljakarta/servlet/ServletRequest;Ljakarta/servlet/ServletResponse;Ljakarta/servlet/FilterChain;)V+21
j  org.apache.catalina.core.ApplicationFilterChain.internalDoFilter(Ljakarta/servlet/ServletRequest;Ljakarta/servlet/ServletResponse;)V+130
j  org.apache.catalina.core.ApplicationFilterChain.doFilter(Ljakarta/servlet/ServletRequest;Ljakarta/servlet/ServletResponse;)V+99
j  org.springframework.web.filter.RequestContextFilter.doFilterInternal(Ljakarta/servlet/http/HttpServletRequest;Ljakarta/servlet/http/HttpServletResponse;Ljakarta/servlet/FilterChain;)V+21
j  org.springframework.web.filter.OncePerRequestFilter.doFilter(Ljakarta/servlet/ServletRequest;Ljakarta/servlet/ServletResponse;Ljakarta/servlet/FilterChain;)V+150
j  org.apache.catalina.core.ApplicationFilterChain.internalDoFilter(Ljakarta/servlet/ServletRequest;Ljakarta/servlet/ServletResponse;)V+130
j  org.apache.catalina.core.ApplicationFilterChain.doFilter(Ljakarta/servlet/ServletRequest;Ljakarta/servlet/ServletResponse;)V+99
j  org.springframework.web.filter.FormContentFilter.doFilterInternal(Ljakarta/servlet/http/HttpServletRequest;Ljakarta/servlet/http/HttpServletResponse;Ljakarta/servlet/FilterChain;)V+38
j  org.springframework.web.filter.OncePerRequestFilter.doFilter(Ljakarta/servlet/ServletRequest;Ljakarta/servlet/ServletResponse;Ljakarta/servlet/FilterChain;)V+150
j  org.apache.catalina.core.ApplicationFilterChain.internalDoFilter(Ljakarta/servlet/ServletRequest;Ljakarta/servlet/ServletResponse;)V+130
j  org.apache.catalina.core.ApplicationFilterChain.doFilter(Ljakarta/servlet/ServletRequest;Ljakarta/servlet/ServletResponse;)V+99
j  org.springframework.web.filter.CharacterEncodingFilter.doFilterInternal(Ljakarta/servlet/http/HttpServletRequest;Ljakarta/servlet/http/HttpServletResponse;Ljakarta/servlet/FilterChain;)V+53
j  org.springframework.web.filter.OncePerRequestFilter.doFilter(Ljakarta/servlet/ServletRequest;Ljakarta/servlet/ServletResponse;Ljakarta/servlet/FilterChain;)V+150
j  org.apache.catalina.core.ApplicationFilterChain.internalDoFilter(Ljakarta/servlet/ServletRequest;Ljakarta/servlet/ServletResponse;)V+130
j  org.apache.catalina.core.ApplicationFilterChain.doFilter(Ljakarta/servlet/ServletRequest;Ljakarta/servlet/ServletResponse;)V+99
j  org.apache.catalina.core.StandardWrapperValve.invoke(Lorg/apache/catalina/connector/Request;Lorg/apache/catalina/connector/Response;)V+511
j  org.apache.catalina.core.StandardContextValve.invoke(Lorg/apache/catalina/connector/Request;Lorg/apache/catalina/connector/Response;)V+169
j  org.apache.catalina.authenticator.AuthenticatorBase.invoke(Lorg/apache/catalina/connector/Request;Lorg/apache/catalina/connector/Response;)V+221
j  org.apache.catalina.core.StandardHostValve.invoke(Lorg/apache/catalina/connector/Request;Lorg/apache/catalina/connector/Response;)V+131
j  org.apache.catalina.valves.ErrorReportValve.invoke(Lorg/apache/catalina/connector/Request;Lorg/apache/catalina/connector/Response;)V+6
j  org.apache.catalina.core.StandardEngineValve.invoke(Lorg/apache/catalina/connector/Request;Lorg/apache/catalina/connector/Response;)V+59
j  org.apache.catalina.connector.CoyoteAdapter.service(Lorg/apache/coyote/Request;Lorg/apache/coyote/Response;)V+188
j  org.apache.coyote.http11.Http11Processor.service(Lorg/apache/tomcat/util/net/SocketWrapperBase;)Lorg/apache/tomcat/util/net/AbstractEndpoint$Handler$SocketState;+796
j  org.apache.coyote.AbstractProcessorLight.process(Lorg/apache/tomcat/util/net/SocketWrapperBase;Lorg/apache/tomcat/util/net/SocketEvent;)Lorg/apache/tomcat/util/net/AbstractEndpoint$Handler$SocketState;+155
j  org.apache.coyote.AbstractProtocol$ConnectionHandler.process(Lorg/apache/tomcat/util/net/SocketWrapperBase;Lorg/apache/tomcat/util/net/SocketEvent;)Lorg/apache/tomcat/util/net/AbstractEndpoint$Handler$SocketState;+477
j  org.apache.tomcat.util.net.NioEndpoint$SocketProcessor.doRun()V+222
j  org.apache.tomcat.util.net.SocketProcessorBase.run()V+32
j  org.apache.tomcat.util.threads.ThreadPoolExecutor.runWorker(Lorg/apache/tomcat/util/threads/ThreadPoolExecutor$Worker;)V+92
j  org.apache.tomcat.util.threads.ThreadPoolExecutor$Worker.run()V+5
j  org.apache.tomcat.util.threads.TaskThread$WrappingRunnable.run()V+4
j  java.lang.Thread.run()V+11 java.base@17.0.10
v  ~StubRoutines::call_stub

siginfo: EXCEPTION_ACCESS_VIOLATION (0xc0000005), reading address 0x0000000000000000


Registers:
RAX=0x0000000000000000, RBX=0x000001fabbb78ca0, RCX=0x00007ffcb12f86f8, RDX=0x0000000000000000
RSP=0x000000bb3dcfc630, RBP=0x000000bb3dcfc800, RSI=0x00007ffcb12f86f0, RDI=0x0000000000004000
R8 =0x0000000000000009, R9 =0x0000000000000040, R10=0xfefefefefefefeff, R11=0x8080808080808080
R12=0x000000bb3dcfc910, R13=0x0000000000000000, R14=0x0000000000000000, R15=0x00007ffcb12f8738
RIP=0x00007ffd5c4532a8, EFLAGS=0x0000000000010286


Register to memory mapping:

RIP=0x00007ffd5c4532a8 msvcp140.dll
RAX=0x0 is NULL
RBX=0x000001fabbb78ca0 points into unknown readable memory: 0x73726573555c3a43 | 43 3a 5c 55 73 65 72 73
RCX=0x00007ffcb12f86f8 gdal.dll
RDX=0x0 is NULL
RSP=0x000000bb3dcfc630 is pointing into the stack for thread: 0x000001fafe8a2ab0
RBP=0x000000bb3dcfc800 is pointing into the stack for thread: 0x000001fafe8a2ab0
RSI=0x00007ffcb12f86f0 gdal.dll
RDI=0x0000000000004000 is an unknown value
R8 =0x0000000000000009 is an unknown value
R9 =0x0000000000000040 is an unknown value
R10=0xfefefefefefefeff is an unknown value
R11=0x8080808080808080 is an unknown value
R12=0x000000bb3dcfc910 is pointing into the stack for thread: 0x000001fafe8a2ab0
R13=0x0 is NULL
R14=0x0 is NULL
R15=0x00007ffcb12f8738 gdal.dll


Top of Stack: (sp=0x000000bb3dcfc630)
0x000000bb3dcfc630:   0000000000000002 0000000000000000
0x000000bb3dcfc640:   0000000000000000 0000000000000000
0x000000bb3dcfc650:   0000000000000000 0000000000000000
0x000000bb3dcfc660:   0000e315a2d31f8d 000001fabbb78560
0x000000bb3dcfc670:   0000000000000042 000001fabbb78560
0x000000bb3dcfc680:   0000000000004000 00007ffcb0ba757d
0x000000bb3dcfc690:   000001faa2540000 0000000000000038
0x000000bb3dcfc6a0:   000001fabbb78ca0 ffffffffffffffff
0x000000bb3dcfc6b0:   00007ffcb12f86f0 00007ffcaff9c93e
0x000000bb3dcfc6c0:   0000000000000038 000001fafe8a2ab0
0x000000bb3dcfc6d0:   000001fabc453e48 0000172e4369c576
0x000000bb3dcfc6e0:   0000000000000042 000001fabbb78560
0x000000bb3dcfc6f0:   0000000000000000 0000000000000000
0x000000bb3dcfc700:   0000000000004000 ffffffffffffffff
0x000000bb3dcfc710:   000000bb3dcfc800 00007ffcb0ba6d8d
0x000000bb3dcfc720:   000000bb3dcfc8d0 000000bb3dcfcbb0 

Instructions: (pc=0x00007ffd5c4532a8)
0x00007ffd5c4531a8:   48 89 01 48 83 c1 08 48 83 c4 28 48 ff 25 26 30
0x00007ffd5c4531b8:   04 00 48 8d 05 37 70 04 00 45 33 c0 48 89 01 ba
0x00007ffd5c4531c8:   a0 0f 00 00 48 83 c1 08 48 83 c4 28 48 ff 25 ed
0x00007ffd5c4531d8:   2f 04 00 cc cc cc cc cc 48 83 c1 08 48 ff 25 cd
0x00007ffd5c4531e8:   2f 04 00 cc cc cc cc cc 48 83 c1 08 48 ff 25 dd
0x00007ffd5c4531f8:   2f 04 00 cc cc cc cc cc 48 83 c1 08 48 ff 25 45
0x00007ffd5c453208:   2e 04 00 cc 48 89 5c 24 18 48 89 74 24 20 57 41
0x00007ffd5c453218:   56 41 57 48 83 ec 40 48 8b 05 0a 11 07 00 48 33
0x00007ffd5c453228:   c4 48 89 44 24 30 8b 01 4c 8b f2 0f ba f0 08 48
0x00007ffd5c453238:   8b f1 83 f8 01 75 4a ff 15 b3 2f 04 00 39 46 48
0x00007ffd5c453248:   74 19 48 8d 4e 08 48 8b 01 48 8b 00 ff 15 6e 34
0x00007ffd5c453258:   04 00 ff 15 98 2f 04 00 89 46 48 ff 46 4c 33 c0
0x00007ffd5c453268:   48 8b 4c 24 30 48 33 cc e8 cb fd 03 00 48 8b 5c
0x00007ffd5c453278:   24 70 48 8b 74 24 78 48 83 c4 40 41 5f 41 5e 5f
0x00007ffd5c453288:   c3 4d 85 f6 75 28 4c 8d 79 48 ff 15 60 2f 04 00
0x00007ffd5c453298:   41 39 07 0f 84 ad 00 00 00 48 8d 4e 08 48 8b 01
0x00007ffd5c4532a8:   48 8b 00 ff 15 17 34 04 00 e9 98 00 00 00 48 83
0x00007ffd5c4532b8:   3a 00 7c 6e 75 06 83 7a 08 00 7e 66 ba 01 00 00
0x00007ffd5c4532c8:   00 48 8d 4c 24 20 e8 2d 09 00 00 48 8b 44 24 20
0x00007ffd5c4532d8:   49 3b 06 7c 14 0f 85 b3 00 00 00 41 8b 46 08 39
0x00007ffd5c4532e8:   44 24 28 0f 8d a5 00 00 00 4c 8d 7e 48 ff 15 fd
0x00007ffd5c4532f8:   2e 04 00 41 39 07 74 4e 48 8b 46 08 48 8d 54 24
0x00007ffd5c453308:   20 49 8b ce 48 8b 58 10 e8 db 07 00 00 8b d0 48
0x00007ffd5c453318:   8d 4e 08 48 8b c3 ff 15 a4 33 04 00 84 c0 74 9c
0x00007ffd5c453328:   eb 24 4c 8d 79 48 ff 15 c4 2e 04 00 41 39 07 74
0x00007ffd5c453338:   15 48 8d 4e 08 48 8b 01 48 8b 40 08 ff 15 7e 33
0x00007ffd5c453348:   04 00 84 c0 74 48 8b 4e 4c 33 db bf 02 01 00 00
0x00007ffd5c453358:   8d 41 01 89 46 4c 83 f8 01 7e 0f f7 06 00 01 00
0x00007ffd5c453368:   00 75 10 89 4e 4c 8b df eb 09 ff 15 80 2e 04 00
0x00007ffd5c453378:   41 89 07 85 db 0f 84 e3 fe ff ff 3b df 74 0a b8
0x00007ffd5c453388:   04 00 00 00 e9 d7 fe ff ff 4d 85 f6 74 20 49 83
0x00007ffd5c453398:   3e 00 75 10 41 8b 46 08 f7 d8 1b c0 83 c0 03 e9 


Stack slot to memory mapping:
stack at sp + 0 slots: 0x0000000000000002 is an unknown value
stack at sp + 1 slots: 0x0 is NULL
stack at sp + 2 slots: 0x0 is NULL
stack at sp + 3 slots: 0x0 is NULL
stack at sp + 4 slots: 0x0 is NULL
stack at sp + 5 slots: 0x0 is NULL
stack at sp + 6 slots: 0x0000e315a2d31f8d is an unknown value
stack at sp + 7 slots: 0x000001fabbb78560 points into unknown readable memory: 0x73726573555c3a43 | 43 3a 5c 55 73 65 72 73


Compiled method (n/a)   17197 3816     n 0       jdk.internal.reflect.NativeMethodAccessorImpl::invoke0 (native)
 total in heap  [0x000001faac5cc410,0x000001faac5cc8b0] = 1184
 relocation     [0x000001faac5cc568,0x000001faac5cc5a0] = 56
 main code      [0x000001faac5cc5a0,0x000001faac5cc8b0] = 784

[Constant Pool (empty)]

[MachCode]
[Entry Point]
  # {method} {0x000001fabc1c4290} 'invoke0' '(Ljava/lang/reflect/Method;Ljava/lang/Object;[Ljava/lang/Object;)Ljava/lang/Object;' in 'jdk/internal/reflect/NativeMethodAccessorImpl'
  # parm0:    rdx:rdx   = 'java/lang/reflect/Method'
  # parm1:    r8:r8     = 'java/lang/Object'
  # parm2:    r9:r9     = '[Ljava/lang/Object;'
  #           [sp+0x80]  (sp of caller)
  0x000001faac5cc5a0: 448b 5208 | 49bb 0000 | 00bc fa01 | 0000 4d03 | d349 3bc2 | 0f84 0600 

  0x000001faac5cc5b8: ;   {runtime_call ic_miss_stub}
  0x000001faac5cc5b8: 0000 e9c1 | 0447 ff90 
[Verified Entry Point]
  0x000001faac5cc5c0: 8984 2400 | 90ff ff55 | 488b ec48 | 83ec 704c | 894c 2438 | 4983 f900 | 488d 4424 | 3848 0f44 
  0x000001faac5cc5e0: 4424 3848 | 8944 2420 | 4c89 4424 | 3049 83f8 | 004c 8d4c | 2430 4c0f | 444c 2430 | 4889 5424 
  0x000001faac5cc600: 2848 83fa | 004c 8d44 | 2428 4c0f | 4444 2428 

  0x000001faac5cc610: ;   {oop(a 'java/lang/Class'{0x00000007096f64b8} = 'jdk/internal/reflect/NativeMethodAccessorImpl')}
  0x000001faac5cc610: 49be b864 | 6f09 0700 | 0000 4c89 | 7424 584c | 8d74 2458 | 498b d6c5 

  0x000001faac5cc628: ;   {internal_word}
  0x000001faac5cc628: f877 49ba | 27c6 5cac | fa01 0000 | 4d89 9798 | 0200 0049 | 89a7 9002 

  0x000001faac5cc640: ;   {external_word}
  0x000001faac5cc640: 0000 49ba | e380 a7d5 | fc7f 0000 | 4180 3a00 | 0f84 5200 | 0000 5241 

  0x000001faac5cc658: ;   {metadata({method} {0x000001fabc1c4290} 'invoke0' '(Ljava/lang/reflect/Method;Ljava/lang/Object;[Ljava/lang/Object;)Ljava/lang/Object;' in 'jdk/internal/reflect/NativeMethodAccessorImpl')}
  0x000001faac5cc658: 5041 5148 | ba88 421c | bcfa 0100 | 0049 8bcf | 4883 ec20 | f7c4 0f00 | 0000 0f84 | 1a00 0000 
  0x000001faac5cc678: 4883 ec08 

  0x000001faac5cc67c: ;   {runtime_call}
  0x000001faac5cc67c: 49ba 00d6 | 64d5 fc7f | 0000 41ff | d248 83c4 | 08e9 0d00 

  0x000001faac5cc690: ;   {runtime_call}
  0x000001faac5cc690: 0000 49ba | 00d6 64d5 | fc7f 0000 | 41ff d248 | 83c4 2041 | 5941 585a | 498d 8fb0 | 0200 0041 
  0x000001faac5cc6b0: c787 4003 | 0000 0400 

  0x000001faac5cc6b8: ;   {runtime_call}
  0x000001faac5cc6b8: 0000 49ba | a43e 385c | fd7f 0000 | 41ff d2c5 | f877 41c7 | 8740 0300 | 0005 0000 | 00f0 8344 
  0x000001faac5cc6d8: 24c0 0049 | 3baf 4803 | 0000 0f87 | 1100 0000 | 4181 bf30 | 0300 0000 | 0000 000f | 842c 0000 
  0x000001faac5cc6f8: 00c5 f877 | 4889 45f8 | 498b cf4c | 8be4 4883 | ec20 4883 

  0x000001faac5cc70c: ;   {runtime_call}
  0x000001faac5cc70c: e4f0 49ba | 408d 6fd5 | fc7f 0000 | 41ff d249 | 8be4 4d33 | e448 8b45 | f841 c787 | 4003 0000 
  0x000001faac5cc72c: 0800 0000 | 4181 bfb0 | 0300 0002 | 0000 000f | 843f 0100 

  0x000001faac5cc740: ;   {external_word}
  0x000001faac5cc740: 0049 bae3 | 80a7 d5fc | 7f00 0041 | 803a 000f | 8450 0000 | 0048 8945 

  0x000001faac5cc758: ;   {metadata({method} {0x000001fabc1c4290} 'invoke0' '(Ljava/lang/reflect/Method;Ljava/lang/Object;[Ljava/lang/Object;)Ljava/lang/Object;' in 'jdk/internal/reflect/NativeMethodAccessorImpl')}
  0x000001faac5cc758: f848 ba88 | 421c bcfa | 0100 0049 | 8bcf 4883 | ec20 f7c4 | 0f00 0000 | 0f84 1a00 | 0000 4883 
  0x000001faac5cc778: ;   {runtime_call}
  0x000001faac5cc778: ec08 49ba | 00d6 64d5 | fc7f 0000 | 41ff d248 | 83c4 08e9 | 0d00 0000 

  0x000001faac5cc790: ;   {runtime_call}
  0x000001faac5cc790: 49ba 00d6 | 64d5 fc7f | 0000 41ff | d248 83c4 | 2048 8b45 | f849 c787 | 9002 0000 | 0000 0000 
  0x000001faac5cc7b0: 49c7 8798 | 0200 0000 | 0000 00c5 | f877 4885 | c00f 8493 | 0000 0048 | f7c0 0100 | 0000 0f84 
  0x000001faac5cc7d0: 8300 0000 | 488b 40ff | 4180 7f38 | 000f 846f | 0000 0048 | 83f8 000f | 8465 0000 | 0049 8b4f 
  0x000001faac5cc7f0: 2048 83f9 | 000f 8414 | 0000 0048 | 83e9 0849 | 894f 2049 | 034f 3048 | 8901 e943 | 0000 0050 
  0x000001faac5cc810: 498b d748 | 8bc8 4883 | ec20 f7c4 | 0f00 0000 | 0f84 1a00 | 0000 4883 

  0x000001faac5cc828: ;   {runtime_call}
  0x000001faac5cc828: ec08 49ba | 3009 24d5 | fc7f 0000 | 41ff d248 | 83c4 08e9 | 0d00 0000 

  0x000001faac5cc840: ;   {runtime_call}
  0x000001faac5cc840: 49ba 3009 | 24d5 fc7f | 0000 41ff | d248 83c4 | 2058 e903 | 0000 0048 | 8b00 498b | 8fd8 0000 
  0x000001faac5cc860: 00c7 8100 | 0100 0000 | 0000 00c9 | 4981 7f08 | 0000 0000 | 0f85 0100 

  0x000001faac5cc878: ;   {runtime_call StubRoutines (1)}
  0x000001faac5cc878: 0000 c3e9 | 8046 42ff | c5f8 7748 | 8945 f84c | 8be4 4883 | ec20 4883 

  0x000001faac5cc890: ;   {runtime_call}
  0x000001faac5cc890: e4f0 49ba | a006 65d5 | fc7f 0000 | 41ff d249 | 8be4 4d33 | e448 8b45 | f8e9 93fe | ffff f4f4 
[/MachCode]


Compiled method (c1)   17217 3815   !   1       jdk.internal.reflect.NativeMethodAccessorImpl::invoke (137 bytes)
 total in heap  [0x000001faac5cc910,0x000001faac5cd350] = 2624
 relocation     [0x000001faac5cca68,0x000001faac5ccaf0] = 136
 main code      [0x000001faac5ccb00,0x000001faac5ccf60] = 1120
 stub code      [0x000001faac5ccf60,0x000001faac5ccfe8] = 136
 metadata       [0x000001faac5ccfe8,0x000001faac5cd008] = 32
 scopes data    [0x000001faac5cd008,0x000001faac5cd0c8] = 192
 scopes pcs     [0x000001faac5cd0c8,0x000001faac5cd1e8] = 288
 dependencies   [0x000001faac5cd1e8,0x000001faac5cd1f0] = 8
 handler table  [0x000001faac5cd1f0,0x000001faac5cd310] = 288
 nul chk table  [0x000001faac5cd310,0x000001faac5cd350] = 64

[Constant Pool (empty)]

[MachCode]
[Entry Point]
  # {method} {0x000001fabc1c3d68} 'invoke' '(Ljava/lang/Object;[Ljava/lang/Object;)Ljava/lang/Object;' in 'jdk/internal/reflect/NativeMethodAccessorImpl'
  # this:     rdx:rdx   = 'jdk/internal/reflect/NativeMethodAccessorImpl'
  # parm0:    r8:r8     = 'java/lang/Object'
  # parm1:    r9:r9     = '[Ljava/lang/Object;'
  #           [sp+0xd0]  (sp of caller)
  0x000001faac5ccb00: 448b 5208 | 49bb 0000 | 00bc fa01 | 0000 4d03 | d34c 3bd0 

  0x000001faac5ccb14: ;   {runtime_call ic_miss_stub}
  0x000001faac5ccb14: 0f85 66ff | 46ff 660f | 1f44 0000 
[Verified Entry Point]
  0x000001faac5ccb20: 8984 2400 | 90ff ff55 | 4881 ecc0 | 0000 0048 | 8954 2470 | 8b72 0cff | c689 720c 

  0x000001faac5ccb3c: ;   {oop(a 'java/lang/Class'{0x000000070975b488} = 'jdk/internal/reflect/ReflectionFactory')}
  0x000001faac5ccb3c: 48bf 88b4 | 7509 0700 | 0000 8b7f | 783b f70f | 8f08 0000 | 0048 8bf2 | e9e2 0200 | 004c 898c 
  0x000001faac5ccb5c: 2480 0000 | 004c 8944 | 2478 8b72 | 1448 c1e6 | 038b 7624 | 48c1 e603 

  0x000001faac5ccb74: ; implicit exception: dispatches to 0x000001faac5cce9a
  0x000001faac5ccb74: 483b 0648 | 8bd6 0f1f 

  0x000001faac5ccb7c: ;   {optimized virtual_call}
  0x000001faac5ccb7c: 4400 00e8 

  0x000001faac5ccb80: ; ImmutableOopMap {[112]=Oop [128]=Oop [120]=Oop }
                      ;*invokevirtual isHidden {reexecute=0 rethrow=0 return_oop=0}
                      ; - jdk.internal.reflect.NativeMethodAccessorImpl::invoke@24 (line 57)
  0x000001faac5ccb80: 3cce 80ff | 83f8 000f | 8417 0000 | 004c 8b8c | 2480 0000 | 004c 8b44 | 2478 488b | 7424 70e9 
  0x000001faac5ccba0: 9702 0000 | 488b 5424 | 708b 4210 | 83f8 000f | 8415 0000 | 004c 8b8c | 2480 0000 | 004c 8b44 
  0x000001faac5ccbc0: 2478 488b | f2e9 7102 | 0000 488d | 7210 b800 | 0000 00bf | 0100 0000 | f00f b13e | be01 0000 
  0x000001faac5ccbe0: 000f 8405 | 0000 00be | 0000 0000 | 83fe 000f | 8515 0000 | 004c 8b8c | 2480 0000 | 004c 8b44 
  0x000001faac5ccc00: 2478 488b | f2e9 3102 | 0000 488b 

  0x000001faac5ccc0c: ;   {metadata('jdk/internal/reflect/MethodAccessorGenerator')}
  0x000001faac5ccc0c: da48 ba68 | 360f bdfa | 0100 0049 | 8b87 0801 | 0000 488d | b890 0000 | 0049 3bbf | 1801 0000 
  0x000001faac5ccc2c: 0f87 6d02 | 0000 4989 | bf08 0100 | 0048 c700 | 0100 0000 | 488b ca49 | ba00 0000 | bcfa 0100 
  0x000001faac5ccc4c: 0049 2bca | 8948 0848 | 33c9 8948 | 0c48 33c9 | 48bf 1000 | 0000 0000 | 0000 4889 | 4cf8 0848 
  0x000001faac5ccc6c: ffcf 75f6 | ba1e 0000 | 0066 8950 | 6aba 4900 | 0000 6689 | 506c 8b53 | 1448 c1e2 | 038b 7224 
  0x000001faac5ccc8c: 48c1 e603 | 8b7a 2848 | c1e7 038b | 5230 48c1 | e203 4889 | 8424 9800 | 0000 4889 | bc24 9000 
  0x000001faac5cccac: 0000 4889 | b424 8800 | 0000 0f1f | 8000 0000 | 0048 b878 | 1c00 bcfa 

  0x000001faac5cccc4: ;   {virtual_call}
  0x000001faac5cccc4: 0100 00e8 

  0x000001faac5cccc8: ; ImmutableOopMap {[128]=Oop [120]=Oop [152]=Oop [112]=Oop [144]=Oop [136]=Oop }
                      ;*invokevirtual clone {reexecute=0 rethrow=0 return_oop=0}
                      ; - java.lang.reflect.Method::getParameterTypes@4 (line 314)
                      ; - jdk.internal.reflect.NativeMethodAccessorImpl::invoke@77 (line 65)
  0x000001faac5cccc8: d4f9 78ff | 4883 f800 | 0f84 2900 

  0x000001faac5cccd4: ;   {metadata('java/lang/Class'[])}
  0x000001faac5cccd4: 0000 48bb | 781c 00bc | fa01 0000 | 8b78 0849 | ba00 0000 | bcfa 0100 | 0049 03fa | 483b 5f40 
  0x000001faac5cccf4: 0f85 b701 | 0000 e900 | 0000 0048 | 8bf0 488b | 5424 708b | 7a14 48c1 | e703 8b5f | 2c48 c1e3 
  0x000001faac5ccd14: 038b 7f34 | 48c1 e703 | 488b d748 | 899c 24a8 | 0000 0048 | 89b4 24a0 | 0000 0066 | 0f1f 4400 
  0x000001faac5ccd34: 0048 b878 | 1c00 bcfa 

  0x000001faac5ccd3c: ;   {virtual_call}
  0x000001faac5ccd3c: 0100 00e8 

  0x000001faac5ccd40: ; ImmutableOopMap {[128]=Oop [120]=Oop [152]=Oop [144]=Oop [136]=Oop [112]=Oop [168]=Oop [160]=Oop }
                      ;*invokevirtual clone {reexecute=0 rethrow=0 return_oop=0}
                      ; - java.lang.reflect.Method::getExceptionTypes@4 (line 341)
                      ; - jdk.internal.reflect.NativeMethodAccessorImpl::invoke@91 (line 67)
  0x000001faac5ccd40: 5cf9 78ff | 4883 f800 | 0f84 2a00 

  0x000001faac5ccd4c: ;   {metadata('java/lang/Class'[])}
  0x000001faac5ccd4c: 0000 48bf | 781c 00bc | fa01 0000 | 448b 4808 | 49ba 0000 | 00bc fa01 | 0000 4d03 | ca49 3b79 
  0x000001faac5ccd6c: 400f 854c | 0100 00e9 | 0000 0000 | 488b c848 | 8b54 2470 | 448b 4214 | 49c1 e003 

  0x000001faac5ccd88: ; implicit exception: dispatches to 0x000001faac5ccec8
  0x000001faac5ccd88: 418b 5820 | 4c8b 8424 | 8800 0000 | 4c8b 8c24 | 9000 0000 | 488b bc24 | a000 0000 | 488b b424 
  0x000001faac5ccda8: a800 0000 | 891c 2448 | 8b94 2498 

  0x000001faac5ccdb4: ;   {optimized virtual_call}
  0x000001faac5ccdb4: 0000 00e8 

  0x000001faac5ccdb8: ; ImmutableOopMap {[128]=Oop [120]=Oop [112]=Oop }
                      ;*invokevirtual generateMethod {reexecute=0 rethrow=0 return_oop=0}
                      ; - jdk.internal.reflect.NativeMethodAccessorImpl::invoke@101 (line 63)
  0x000001faac5ccdb8: d901 0000 | 4883 f800 | 0f84 2a00 

  0x000001faac5ccdc4: ;   {metadata('jdk/internal/reflect/MethodAccessorImpl')}
  0x000001faac5ccdc4: 0000 48be | d0ae 00bc | fa01 0000 | 448b 4808 | 49ba 0000 | 00bc fa01 | 0000 4d03 | ca49 3b71 
  0x000001faac5ccde4: 400f 85e2 | 0000 00e9 | 0000 0000 | 488b d048 | 8b74 2470 | 448b 4618 | 49c1 e003 | 450f be4f 
  0x000001faac5cce04: 3841 83f9 | 000f 85c7 | 0000 004c | 8bd2 49c1 | ea03 4589 | 500c 4d8b | c84c 33ca | 49c1 e915 
  0x000001faac5cce24: 4983 f900 | 0f85 cd00 | 0000 4c8b | 8c24 8000 | 0000 4c8b | 4424 788b | 5614 48c1 | e203 0f1f 
  0x000001faac5cce44: ;   {static_call}
  0x000001faac5cce44: 4400 00e8 

  0x000001faac5cce48: ; ImmutableOopMap {}
                      ;*invokestatic invoke0 {reexecute=0 rethrow=0 return_oop=0}
                      ; - jdk.internal.reflect.NativeMethodAccessorImpl::invoke@133 (line 77)
  0x000001faac5cce48: 74f7 ffff | 4881 c4c0 | 0000 005d 

  0x000001faac5cce54: ;   {poll_return}
  0x000001faac5cce54: 493b a748 | 0300 000f | 87b2 0000 | 00c3 488b | 7424 7049 | 8b87 d803 | 0000 4d33 | d24d 8997 
  0x000001faac5cce74: d803 0000 | 4d33 d24d | 8997 e003 | 0000 bf00 | 0000 0089 | 7e10 f083 | 4424 c000 | e9b8 0000 
  0x000001faac5cce94: ;   {runtime_call throw_null_pointer_exception Runtime1 stub}
  0x000001faac5cce94: 00e8 8688 

  0x000001faac5cce98: ; ImmutableOopMap {rdx=Oop [112]=Oop [128]=Oop [120]=Oop }
                      ;*invokevirtual getDeclaringClass {reexecute=0 rethrow=0 return_oop=0}
                      ; - jdk.internal.reflect.NativeMethodAccessorImpl::invoke@21 (line 57)
                      ;   {runtime_call throw_null_pointer_exception Runtime1 stub}
  0x000001faac5cce98: 51ff e881 

  0x000001faac5cce9c: ; ImmutableOopMap {rdx=Oop [112]=Oop [128]=Oop [120]=Oop rsi=Oop }
                      ;*invokevirtual isHidden {reexecute=0 rethrow=0 return_oop=0}
                      ; - jdk.internal.reflect.NativeMethodAccessorImpl::invoke@24 (line 57)
  0x000001faac5cce9c: 8851 ff48 

  0x000001faac5ccea0: ;   {runtime_call fast_new_instance Runtime1 stub}
  0x000001faac5ccea0: 8bd2 e859 

  0x000001faac5ccea4: ; ImmutableOopMap {[128]=Oop [120]=Oop rbx=Oop [112]=Oop }
                      ;*new {reexecute=0 rethrow=0 return_oop=0}
                      ; - jdk.internal.reflect.NativeMethodAccessorImpl::invoke@52 (line 61)
  0x000001faac5ccea4: 9151 ffe9 | c4fd ffff 

  0x000001faac5cceac: ;   {runtime_call throw_null_pointer_exception Runtime1 stub}
  0x000001faac5cceac: e86f 8851 

  0x000001faac5cceb0: ; ImmutableOopMap {[128]=Oop [120]=Oop rbx=Oop [112]=Oop rax=Oop rdx=Oop }
                      ;*invokevirtual getDeclaringClass {reexecute=0 rethrow=0 return_oop=0}
                      ; - jdk.internal.reflect.NativeMethodAccessorImpl::invoke@63 (line 63)
  0x000001faac5cceb0: ff48 8904 

  0x000001faac5cceb4: ;   {runtime_call throw_class_cast_exception Runtime1 stub}
  0x000001faac5cceb4: 24e8 66ac 

  0x000001faac5cceb8: ; ImmutableOopMap {[128]=Oop [120]=Oop [152]=Oop [112]=Oop [144]=Oop [136]=Oop }
                      ;*checkcast {reexecute=0 rethrow=0 return_oop=0}
                      ; - java.lang.reflect.Method::getParameterTypes@7 (line 314)
                      ; - jdk.internal.reflect.NativeMethodAccessorImpl::invoke@77 (line 65)
                      ;   {runtime_call throw_null_pointer_exception Runtime1 stub}
  0x000001faac5cceb8: 51ff e861 

  0x000001faac5ccebc: ; ImmutableOopMap {[128]=Oop [120]=Oop [152]=Oop [144]=Oop [136]=Oop rsi=Oop rdx=Oop [112]=Oop rdi=Oop }
                      ;*invokevirtual getReturnType {reexecute=0 rethrow=0 return_oop=0}
                      ; - jdk.internal.reflect.NativeMethodAccessorImpl::invoke@84 (line 66)
  0x000001faac5ccebc: 8851 ff48 

  0x000001faac5ccec0: ;   {runtime_call throw_class_cast_exception Runtime1 stub}
  0x000001faac5ccec0: 8904 24e8 

  0x000001faac5ccec4: ; ImmutableOopMap {[128]=Oop [120]=Oop [152]=Oop [144]=Oop [136]=Oop [112]=Oop [168]=Oop [160]=Oop }
                      ;*checkcast {reexecute=0 rethrow=0 return_oop=0}
                      ; - java.lang.reflect.Method::getExceptionTypes@7 (line 341)
                      ; - jdk.internal.reflect.NativeMethodAccessorImpl::invoke@91 (line 67)
  0x000001faac5ccec4: 58ac 51ff 

  0x000001faac5ccec8: ;   {runtime_call throw_null_pointer_exception Runtime1 stub}
  0x000001faac5ccec8: e853 8851 

  0x000001faac5ccecc: ; ImmutableOopMap {[128]=Oop [120]=Oop [152]=Oop [144]=Oop [136]=Oop [168]=Oop [160]=Oop rcx=Oop rdx=Oop [112]=Oop }
                      ;*invokevirtual getModifiers {reexecute=0 rethrow=0 return_oop=0}
                      ; - jdk.internal.reflect.NativeMethodAccessorImpl::invoke@98 (line 68)
  0x000001faac5ccecc: ff48 8904 

  0x000001faac5cced0: ;   {runtime_call throw_class_cast_exception Runtime1 stub}
  0x000001faac5cced0: 24e8 4aac 

  0x000001faac5cced4: ; ImmutableOopMap {[128]=Oop [120]=Oop [112]=Oop }
                      ;*checkcast {reexecute=0 rethrow=0 return_oop=0}
                      ; - jdk.internal.reflect.NativeMethodAccessorImpl::invoke@104 (line 63)
  0x000001faac5cced4: 51ff 458b | 480c 49c1 | e103 4983 | f900 0f84 | 27ff ffff | 4c89 0c24 

  0x000001faac5cceec: ;   {runtime_call g1_pre_barrier_slow}
  0x000001faac5cceec: e80f df51 | ffe9 19ff 

  0x000001faac5ccef4: ;   {runtime_call throw_null_pointer_exception Runtime1 stub}
  0x000001faac5ccef4: ffff e825 

  0x000001faac5ccef8: ; ImmutableOopMap {[128]=Oop [120]=Oop rdx=Oop rsi=Oop [112]=Oop r8=Oop }
                      ;*invokevirtual setDelegate {reexecute=0 rethrow=0 return_oop=0}
                      ; - jdk.internal.reflect.NativeMethodAccessorImpl::invoke@113 (line 69)
  0x000001faac5ccef8: 8851 ff48 | 83fa 000f | 8429 ffff | ff4c 8904 

  0x000001faac5ccf08: ;   {runtime_call g1_post_barrier_slow}
  0x000001faac5ccf08: 24e8 f2e1 | 51ff e91b 

  0x000001faac5ccf10: ;   {internal_word}
  0x000001faac5ccf10: ffff ff49 | ba54 ce5c | acfa 0100 | 004d 8997 | 6003 0000 

  0x000001faac5ccf24: ;   {runtime_call SafepointBlob}
  0x000001faac5ccf24: e9d7 6447 

  0x000001faac5ccf28: ;   {runtime_call throw_null_pointer_exception Runtime1 stub}
  0x000001faac5ccf28: ffe8 f287 

  0x000001faac5ccf2c: ; ImmutableOopMap {[128]=Oop [120]=Oop rdx=Oop rsi=Oop [112]=Oop r8=Oop }
                      ;*invokevirtual setDelegate {reexecute=0 rethrow=0 return_oop=0}
                      ; - jdk.internal.reflect.NativeMethodAccessorImpl::invoke@113 (line 69)
  0x000001faac5ccf2c: 51ff 9090 | 498b 87d8 | 0300 0049 | c787 d803 | 0000 0000 | 0000 49c7 | 87e0 0300 | 0000 0000 
  0x000001faac5ccf4c: 0048 81c4 | c000 0000 

  0x000001faac5ccf54: ;   {runtime_call unwind_exception Runtime1 stub}
  0x000001faac5ccf54: 5de9 a678 | 51ff f4f4 | f4f4 f4f4 
[Stub Code]
  0x000001faac5ccf60: ;   {no_reloc}
  0x000001faac5ccf60: 0f1f 4400 

  0x000001faac5ccf64: ;   {static_stub}
  0x000001faac5ccf64: 0048 bb00 | 0000 0000 

  0x000001faac5ccf6c: ;   {runtime_call}
  0x000001faac5ccf6c: 0000 00e9 | fbff ffff 

  0x000001faac5ccf74: ;   {static_stub}
  0x000001faac5ccf74: 9048 bb00 | 0000 0000 

  0x000001faac5ccf7c: ;   {runtime_call}
  0x000001faac5ccf7c: 0000 00e9 | fbff ffff 

  0x000001faac5ccf84: ;   {static_stub}
  0x000001faac5ccf84: 9048 bb00 | 0000 0000 

  0x000001faac5ccf8c: ;   {runtime_call}
  0x000001faac5ccf8c: 0000 00e9 | fbff ffff 

  0x000001faac5ccf94: ;   {static_stub}
  0x000001faac5ccf94: 9048 bbf0 | 6623 80fa 

  0x000001faac5ccf9c: ;   {runtime_call I2C/C2I adapters}
  0x000001faac5ccf9c: 0100 00e9 | 56ed 71ff 

  0x000001faac5ccfa4: ;   {static_stub}
  0x000001faac5ccfa4: 9048 bb00 | 0000 0000 

  0x000001faac5ccfac: ;   {runtime_call}
  0x000001faac5ccfac: 0000 00e9 | fbff ffff 
[Exception Handler]
  0x000001faac5ccfb4: ;   {runtime_call handle_exception_from_callee Runtime1 stub}
  0x000001faac5ccfb4: e847 a551 

  0x000001faac5ccfb8: ;   {external_word}
  0x000001faac5ccfb8: ff48 b9a0 | e083 d5fc | 7f00 0048 

  0x000001faac5ccfc4: ;   {runtime_call}
  0x000001faac5ccfc4: 83e4 f049 | bae0 da51 | d5fc 7f00 | 0041 ffd2 

  0x000001faac5ccfd4: ;   {section_word}
  0x000001faac5ccfd4: f449 bad5 | cf5c acfa | 0100 0041 

  0x000001faac5ccfe0: ;   {runtime_call DeoptimizationBlob}
  0x000001faac5ccfe0: 52e9 ba56 | 47ff f4f4 
[/MachCode]


Compiled method (c1)   17247 3804       1       jdk.internal.reflect.DelegatingMethodAccessorImpl::invoke (10 bytes)
 total in heap  [0x000001faac5c9b10,0x000001faac5c9dd8] = 712
 relocation     [0x000001faac5c9c68,0x000001faac5c9ca0] = 56
 main code      [0x000001faac5c9ca0,0x000001faac5c9d40] = 160
 stub code      [0x000001faac5c9d40,0x000001faac5c9d88] = 72
 metadata       [0x000001faac5c9d88,0x000001faac5c9d90] = 8
 scopes data    [0x000001faac5c9d90,0x000001faac5c9da0] = 16
 scopes pcs     [0x000001faac5c9da0,0x000001faac5c9dd0] = 48
 dependencies   [0x000001faac5c9dd0,0x000001faac5c9dd8] = 8

[Constant Pool (empty)]

[MachCode]
[Entry Point]
  # {method} {0x000001fabc35fb00} 'invoke' '(Ljava/lang/Object;[Ljava/lang/Object;)Ljava/lang/Object;' in 'jdk/internal/reflect/DelegatingMethodAccessorImpl'
  # this:     rdx:rdx   = 'jdk/internal/reflect/DelegatingMethodAccessorImpl'
  # parm0:    r8:r8     = 'java/lang/Object'
  # parm1:    r9:r9     = '[Ljava/lang/Object;'
  #           [sp+0x40]  (sp of caller)
  0x000001faac5c9ca0: 448b 5208 | 49bb 0000 | 00bc fa01 | 0000 4d03 | d34c 3bd0 

  0x000001faac5c9cb4: ;   {runtime_call ic_miss_stub}
  0x000001faac5c9cb4: 0f85 c62d | 47ff 660f | 1f44 0000 
[Verified Entry Point]
  0x000001faac5c9cc0: 8984 2400 | 90ff ff55 | 4883 ec30 | 8b52 0c48 | c1e2 0366 | 9048 b8ff | ffff ffff 

  0x000001faac5c9cdc: ;   {virtual_call}
  0x000001faac5c9cdc: ffff ffe8 

  0x000001faac5c9ce0: ; ImmutableOopMap {}
                      ;*invokevirtual invoke {reexecute=0 rethrow=0 return_oop=0}
                      ; - jdk.internal.reflect.DelegatingMethodAccessorImpl::invoke@6 (line 43)
  0x000001faac5c9ce0: dc22 52ff | 4883 c430 

  0x000001faac5c9ce8: ;   {poll_return}
  0x000001faac5c9ce8: 5d49 3ba7 | 4803 0000 | 0f87 0100 

  0x000001faac5c9cf4: ;   {internal_word}
  0x000001faac5c9cf4: 0000 c349 | bae9 9c5c | acfa 0100 | 004d 8997 | 6003 0000 

  0x000001faac5c9d08: ;   {runtime_call SafepointBlob}
  0x000001faac5c9d08: e9f3 9647 | ff90 9049 | 8b87 d803 | 0000 49c7 | 87d8 0300 | 0000 0000 | 0049 c787 | e003 0000 
  0x000001faac5c9d28: 0000 0000 | 4883 c430 

  0x000001faac5c9d30: ;   {runtime_call unwind_exception Runtime1 stub}
  0x000001faac5c9d30: 5de9 caaa | 51ff f4f4 | f4f4 f4f4 | f4f4 f4f4 
[Stub Code]
  0x000001faac5c9d40: ;   {no_reloc}
  0x000001faac5c9d40: 0f1f 4400 

  0x000001faac5c9d44: ;   {static_stub}
  0x000001faac5c9d44: 0048 bb00 | 0000 0000 

  0x000001faac5c9d4c: ;   {runtime_call}
  0x000001faac5c9d4c: 0000 00e9 | fbff ffff 
[Exception Handler]
  0x000001faac5c9d54: ;   {runtime_call handle_exception_from_callee Runtime1 stub}
  0x000001faac5c9d54: e8a7 d751 

  0x000001faac5c9d58: ;   {external_word}
  0x000001faac5c9d58: ff48 b9a0 | e083 d5fc | 7f00 0048 

  0x000001faac5c9d64: ;   {runtime_call}
  0x000001faac5c9d64: 83e4 f049 | bae0 da51 | d5fc 7f00 | 0041 ffd2 

  0x000001faac5c9d74: ;   {section_word}
  0x000001faac5c9d74: f449 ba75 | 9d5c acfa | 0100 0041 

  0x000001faac5c9d80: ;   {runtime_call DeoptimizationBlob}
  0x000001faac5c9d80: 52e9 1a89 | 47ff f4f4 
[/MachCode]


---------------  P R O C E S S  ---------------

Threads class SMR info:
_java_thread_list=0x000001fafe2b1620, length=28, elements={
0x000001fabbb04690, 0x000001fabbb05050, 0x000001fabbb23e60, 0x000001fabbb24820,
0x000001fabbb251e0, 0x000001fabbb25ba0, 0x000001fabbb26560, 0x000001fabbb29f80,
0x000001fabbc88510, 0x000001fabbca5660, 0x000001fafe094890, 0x000001fafe094d70,
0x000001fafe15b040, 0x000001fafe2cf720, 0x000001fafe8a2090, 0x000001fafe8a4400,
0x000001fafe8a5330, 0x000001fafe8a25a0, 0x000001fafe8a39e0, 0x000001fafe8a2fc0,
0x000001fafe8a2ab0, 0x000001fafe8a3ef0, 0x000001fafe8a4e20, 0x000001fafe8a34d0,
0x000001fafe8a4910, 0x000001fafe8a5840, 0x000001fabbc681c0, 0x000001fabbc677a0
}

Java Threads: ( => current thread )
  0x000001fabbb04690 JavaThread "Reference Handler" daemon [_thread_blocked, id=8148, stack(0x000000bb3af00000,0x000000bb3b000000)]
  0x000001fabbb05050 JavaThread "Finalizer" daemon [_thread_blocked, id=39452, stack(0x000000bb3b000000,0x000000bb3b100000)]
  0x000001fabbb23e60 JavaThread "Signal Dispatcher" daemon [_thread_blocked, id=36620, stack(0x000000bb3b100000,0x000000bb3b200000)]
  0x000001fabbb24820 JavaThread "Attach Listener" daemon [_thread_blocked, id=39584, stack(0x000000bb3b200000,0x000000bb3b300000)]
  0x000001fabbb251e0 JavaThread "Service Thread" daemon [_thread_blocked, id=13340, stack(0x000000bb3b300000,0x000000bb3b400000)]
  0x000001fabbb25ba0 JavaThread "Monitor Deflation Thread" daemon [_thread_blocked, id=34488, stack(0x000000bb3b400000,0x000000bb3b500000)]
  0x000001fabbb26560 JavaThread "C1 CompilerThread0" daemon [_thread_blocked, id=35812, stack(0x000000bb3b500000,0x000000bb3b600000)]
  0x000001fabbb29f80 JavaThread "Sweeper thread" daemon [_thread_blocked, id=31684, stack(0x000000bb3b600000,0x000000bb3b700000)]
  0x000001fabbc88510 JavaThread "Notification Thread" daemon [_thread_blocked, id=24904, stack(0x000000bb3ba00000,0x000000bb3bb00000)]
  0x000001fabbca5660 JavaThread "Common-Cleaner" daemon [_thread_blocked, id=36452, stack(0x000000bb3bc00000,0x000000bb3bd00000)]
  0x000001fafe094890 JavaThread "Catalina-utility-1" [_thread_blocked, id=39468, stack(0x000000bb3d100000,0x000000bb3d200000)]
  0x000001fafe094d70 JavaThread "Catalina-utility-2" [_thread_blocked, id=37212, stack(0x000000bb3d200000,0x000000bb3d300000)]
  0x000001fafe15b040 JavaThread "container-0" [_thread_blocked, id=29284, stack(0x000000bb3d300000,0x000000bb3d400000)]
  0x000001fafe2cf720 JavaThread "HikariPool-1 housekeeper" daemon [_thread_blocked, id=34688, stack(0x000000bb3d400000,0x000000bb3d500000)]
  0x000001fafe8a2090 JavaThread "java-sdk-http-connection-reaper" daemon [_thread_blocked, id=22344, stack(0x000000bb3d600000,0x000000bb3d700000)]
  0x000001fafe8a4400 JavaThread "http-nio-8080-exec-1" daemon [_thread_blocked, id=39000, stack(0x000000bb3d700000,0x000000bb3d800000)]
  0x000001fafe8a5330 JavaThread "http-nio-8080-exec-2" daemon [_thread_blocked, id=2716, stack(0x000000bb3d800000,0x000000bb3d900000)]
  0x000001fafe8a25a0 JavaThread "http-nio-8080-exec-3" daemon [_thread_blocked, id=15180, stack(0x000000bb3d900000,0x000000bb3da00000)]
  0x000001fafe8a39e0 JavaThread "http-nio-8080-exec-4" daemon [_thread_blocked, id=3324, stack(0x000000bb3da00000,0x000000bb3db00000)]
  0x000001fafe8a2fc0 JavaThread "http-nio-8080-exec-5" daemon [_thread_blocked, id=39184, stack(0x000000bb3db00000,0x000000bb3dc00000)]
=>0x000001fafe8a2ab0 JavaThread "http-nio-8080-exec-6" daemon [_thread_in_native, id=38788, stack(0x000000bb3dc00000,0x000000bb3dd00000)]
  0x000001fafe8a3ef0 JavaThread "http-nio-8080-exec-7" daemon [_thread_blocked, id=36664, stack(0x000000bb3dd00000,0x000000bb3de00000)]
  0x000001fafe8a4e20 JavaThread "http-nio-8080-exec-8" daemon [_thread_blocked, id=1904, stack(0x000000bb3de00000,0x000000bb3df00000)]
  0x000001fafe8a34d0 JavaThread "http-nio-8080-exec-9" daemon [_thread_blocked, id=27320, stack(0x000000bb3df00000,0x000000bb3e000000)]
  0x000001fafe8a4910 JavaThread "http-nio-8080-exec-10" daemon [_thread_blocked, id=1200, stack(0x000000bb3e000000,0x000000bb3e100000)]
  0x000001fafe8a5840 JavaThread "http-nio-8080-Poller" daemon [_thread_in_native, id=40580, stack(0x000000bb3e100000,0x000000bb3e200000)]
  0x000001fabbc681c0 JavaThread "http-nio-8080-Acceptor" daemon [_thread_in_native, id=39972, stack(0x000000bb3e200000,0x000000bb3e300000)]
  0x000001fabbc677a0 JavaThread "DestroyJavaVM" [_thread_blocked, id=31248, stack(0x000000bb3a800000,0x000000bb3a900000)]

Other Threads:
  0x000001fabbafe3c0 VMThread "VM Thread" [stack: 0x000000bb3ae00000,0x000000bb3af00000] [id=30188]
  0x000001fabbca0a70 WatcherThread [stack: 0x000000bb3bb00000,0x000000bb3bc00000] [id=36164]
  0x000001faa411f610 GCTaskThread "GC Thread#0" [stack: 0x000000bb3a900000,0x000000bb3aa00000] [id=28744]
  0x000001fafd551630 GCTaskThread "GC Thread#1" [stack: 0x000000bb3bd00000,0x000000bb3be00000] [id=16736]
  0x000001fafd551d00 GCTaskThread "GC Thread#2" [stack: 0x000000bb3be00000,0x000000bb3bf00000] [id=38020]
  0x000001fafd5604c0 GCTaskThread "GC Thread#3" [stack: 0x000000bb3bf00000,0x000000bb3c000000] [id=39228]
  0x000001fafd560780 GCTaskThread "GC Thread#4" [stack: 0x000000bb3c000000,0x000000bb3c100000] [id=32056]
  0x000001fafd681170 GCTaskThread "GC Thread#5" [stack: 0x000000bb3c200000,0x000000bb3c300000] [id=31192]
  0x000001fafd6800f0 GCTaskThread "GC Thread#6" [stack: 0x000000bb3c300000,0x000000bb3c400000] [id=15340]
  0x000001fafd681430 GCTaskThread "GC Thread#7" [stack: 0x000000bb3c100000,0x000000bb3c200000] [id=39860]
  0x000001fafd6803b0 GCTaskThread "GC Thread#8" [stack: 0x000000bb3ca00000,0x000000bb3cb00000] [id=40552]
  0x000001fafd67fe30 GCTaskThread "GC Thread#9" [stack: 0x000000bb3cb00000,0x000000bb3cc00000] [id=33580]
  0x000001fafd680eb0 GCTaskThread "GC Thread#10" [stack: 0x000000bb3cc00000,0x000000bb3cd00000] [id=40592]
  0x000001fafd680670 GCTaskThread "GC Thread#11" [stack: 0x000000bb3cd00000,0x000000bb3ce00000] [id=39628]
  0x000001fafd680930 GCTaskThread "GC Thread#12" [stack: 0x000000bb3ce00000,0x000000bb3cf00000] [id=35904]
  0x000001faa4131b30 ConcurrentGCThread "G1 Main Marker" [stack: 0x000000bb3aa00000,0x000000bb3ab00000] [id=38908]
  0x000001faa4134120 ConcurrentGCThread "G1 Conc#0" [stack: 0x000000bb3ab00000,0x000000bb3ac00000] [id=14260]
  0x000001fafd680bf0 ConcurrentGCThread "G1 Conc#1" [stack: 0x000000bb3cf00000,0x000000bb3d000000] [id=40088]
  0x000001fafdf7d800 ConcurrentGCThread "G1 Conc#2" [stack: 0x000000bb3d000000,0x000000bb3d100000] [id=4504]
  0x000001fabb9ad470 ConcurrentGCThread "G1 Refine#0" [stack: 0x000000bb3ac00000,0x000000bb3ad00000] [id=25540]
  0x000001fabb9b03f0 ConcurrentGCThread "G1 Service" [stack: 0x000000bb3ad00000,0x000000bb3ae00000] [id=37720]

Threads with active compile tasks:

VM state: not at safepoint (normal execution)

VM Mutex/Monitor currently owned by a thread: None

Heap address: 0x0000000709400000, size: 3948 MB, Compressed Oops mode: Zero based, Oop shift amount: 3

CDS archive(s) mapped at: [0x000001fabc000000-0x000001fabcbd0000-0x000001fabcbd0000), size 12386304, SharedBaseAddress: 0x000001fabc000000, ArchiveRelocationMode: 1.
Compressed class space mapped at: 0x000001fabd000000-0x000001fafd000000, reserved size: 1073741824
Narrow klass base: 0x000001fabc000000, Narrow klass shift: 0, Narrow klass range: 0x100000000

GC Precious Log:
 CPUs: 16 total, 16 available
 Memory: 15789M
 Large Page Support: Disabled
 NUMA Support: Disabled
 Compressed Oops: Enabled (Zero based)
 Heap Region Size: 2M
 Heap Min Capacity: 8M
 Heap Initial Capacity: 248M
 Heap Max Capacity: 3948M
 Pre-touch: Disabled
 Parallel Workers: 13
 Concurrent Workers: 3
 Concurrent Refinement Workers: 13
 Periodic GC: Disabled

Heap:
 garbage-first heap   total 116736K, used 48619K [0x0000000709400000, 0x0000000800000000)
  region size 2048K, 10 young (20480K), 1 survivors (2048K)
 Metaspace       used 65091K, committed 65664K, reserved 1114112K
  class space    used 8956K, committed 9216K, reserved 1048576K

Heap Regions: E=young(eden), S=young(survivor), O=old, HS=humongous(starts), HC=humongous(continues), CS=collection set, F=free, OA=open archive, CA=closed archive, TAMS=top-at-mark-start (previous, next)
|   0|0x0000000709400000, 0x0000000709600000, 0x0000000709600000|100%| O|  |TAMS 0x0000000709600000, 0x0000000709400000| Untracked 
|   1|0x0000000709600000, 0x0000000709800000, 0x0000000709800000|100%| O|  |TAMS 0x0000000709800000, 0x0000000709600000| Untracked 
|   2|0x0000000709800000, 0x0000000709a00000, 0x0000000709a00000|100%| O|  |TAMS 0x0000000709a00000, 0x0000000709800000| Untracked 
|   3|0x0000000709a00000, 0x0000000709c00000, 0x0000000709c00000|100%| O|  |TAMS 0x0000000709b2a400, 0x0000000709a00000| Untracked 
|   4|0x0000000709c00000, 0x0000000709e00000, 0x0000000709e00000|100%| O|  |TAMS 0x0000000709e00000, 0x0000000709c00000| Untracked 
|   5|0x0000000709e00000, 0x000000070a000000, 0x000000070a000000|100%| O|  |TAMS 0x000000070a000000, 0x0000000709e00000| Untracked 
|   6|0x000000070a000000, 0x000000070a200000, 0x000000070a200000|100%| O|  |TAMS 0x000000070a200000, 0x000000070a000000| Untracked 
|   7|0x000000070a200000, 0x000000070a400000, 0x000000070a400000|100%| O|  |TAMS 0x000000070a400000, 0x000000070a200000| Untracked 
|   8|0x000000070a400000, 0x000000070a600000, 0x000000070a600000|100%| O|  |TAMS 0x000000070a600000, 0x000000070a400000| Untracked 
|   9|0x000000070a600000, 0x000000070a800000, 0x000000070a800000|100%| O|  |TAMS 0x000000070a600000, 0x000000070a600000| Untracked 
|  10|0x000000070a800000, 0x000000070aa00000, 0x000000070aa00000|100%| O|  |TAMS 0x000000070a800000, 0x000000070a800000| Untracked 
|  11|0x000000070aa00000, 0x000000070ac00000, 0x000000070ac00000|100%| O|  |TAMS 0x000000070aa00000, 0x000000070aa00000| Untracked 
|  12|0x000000070ac00000, 0x000000070ae00000, 0x000000070ae00000|100%| O|  |TAMS 0x000000070ae00000, 0x000000070ac00000| Untracked 
|  13|0x000000070ae00000, 0x000000070b000000, 0x000000070b000000|100%| O|  |TAMS 0x000000070ae00000, 0x000000070ae00000| Untracked 
|  14|0x000000070b000000, 0x000000070b1da000, 0x000000070b200000| 92%| O|  |TAMS 0x000000070b000000, 0x000000070b000000| Untracked 
|  15|0x000000070b200000, 0x000000070b200000, 0x000000070b400000|  0%| F|  |TAMS 0x000000070b200000, 0x000000070b200000| Untracked 
|  16|0x000000070b400000, 0x000000070b400000, 0x000000070b600000|  0%| F|  |TAMS 0x000000070b400000, 0x000000070b400000| Untracked 
|  17|0x000000070b600000, 0x000000070b600000, 0x000000070b800000|  0%| F|  |TAMS 0x000000070b600000, 0x000000070b600000| Untracked 
|  18|0x000000070b800000, 0x000000070b800000, 0x000000070ba00000|  0%| F|  |TAMS 0x000000070b800000, 0x000000070b800000| Untracked 
|  19|0x000000070ba00000, 0x000000070ba00000, 0x000000070bc00000|  0%| F|  |TAMS 0x000000070ba00000, 0x000000070ba00000| Untracked 
|  20|0x000000070bc00000, 0x000000070bc00000, 0x000000070be00000|  0%| F|  |TAMS 0x000000070bc00000, 0x000000070bc00000| Untracked 
|  21|0x000000070be00000, 0x000000070be00000, 0x000000070c000000|  0%| F|  |TAMS 0x000000070be00000, 0x000000070be00000| Untracked 
|  22|0x000000070c000000, 0x000000070c000000, 0x000000070c200000|  0%| F|  |TAMS 0x000000070c000000, 0x000000070c000000| Untracked 
|  23|0x000000070c200000, 0x000000070c200000, 0x000000070c400000|  0%| F|  |TAMS 0x000000070c200000, 0x000000070c200000| Untracked 
|  24|0x000000070c400000, 0x000000070c400000, 0x000000070c600000|  0%| F|  |TAMS 0x000000070c400000, 0x000000070c400000| Untracked 
|  25|0x000000070c600000, 0x000000070c600000, 0x000000070c800000|  0%| F|  |TAMS 0x000000070c600000, 0x000000070c600000| Untracked 
|  26|0x000000070c800000, 0x000000070c800000, 0x000000070ca00000|  0%| F|  |TAMS 0x000000070c800000, 0x000000070c800000| Untracked 
|  27|0x000000070ca00000, 0x000000070ca00000, 0x000000070cc00000|  0%| F|  |TAMS 0x000000070ca00000, 0x000000070ca00000| Untracked 
|  28|0x000000070cc00000, 0x000000070cc00000, 0x000000070ce00000|  0%| F|  |TAMS 0x000000070cc00000, 0x000000070cc00000| Untracked 
|  29|0x000000070ce00000, 0x000000070ce00000, 0x000000070d000000|  0%| F|  |TAMS 0x000000070ce00000, 0x000000070ce00000| Untracked 
|  30|0x000000070d000000, 0x000000070d000000, 0x000000070d200000|  0%| F|  |TAMS 0x000000070d000000, 0x000000070d000000| Untracked 
|  31|0x000000070d200000, 0x000000070d200000, 0x000000070d400000|  0%| F|  |TAMS 0x000000070d200000, 0x000000070d200000| Untracked 
|  32|0x000000070d400000, 0x000000070d400000, 0x000000070d600000|  0%| F|  |TAMS 0x000000070d400000, 0x000000070d400000| Untracked 
|  33|0x000000070d600000, 0x000000070d600000, 0x000000070d800000|  0%| F|  |TAMS 0x000000070d600000, 0x000000070d600000| Untracked 
|  34|0x000000070d800000, 0x000000070d800000, 0x000000070da00000|  0%| F|  |TAMS 0x000000070d800000, 0x000000070d800000| Untracked 
|  35|0x000000070da00000, 0x000000070da00000, 0x000000070dc00000|  0%| F|  |TAMS 0x000000070da00000, 0x000000070da00000| Untracked 
|  36|0x000000070dc00000, 0x000000070dc00000, 0x000000070de00000|  0%| F|  |TAMS 0x000000070dc00000, 0x000000070dc00000| Untracked 
|  37|0x000000070de00000, 0x000000070de00000, 0x000000070e000000|  0%| F|  |TAMS 0x000000070de00000, 0x000000070de00000| Untracked 
|  38|0x000000070e000000, 0x000000070e000000, 0x000000070e200000|  0%| F|  |TAMS 0x000000070e000000, 0x000000070e000000| Untracked 
|  39|0x000000070e200000, 0x000000070e200000, 0x000000070e400000|  0%| F|  |TAMS 0x000000070e200000, 0x000000070e200000| Untracked 
|  40|0x000000070e400000, 0x000000070e400000, 0x000000070e600000|  0%| F|  |TAMS 0x000000070e400000, 0x000000070e400000| Untracked 
|  41|0x000000070e600000, 0x000000070e600000, 0x000000070e800000|  0%| F|  |TAMS 0x000000070e600000, 0x000000070e600000| Untracked 
|  42|0x000000070e800000, 0x000000070e800000, 0x000000070ea00000|  0%| F|  |TAMS 0x000000070e800000, 0x000000070e800000| Untracked 
|  43|0x000000070ea00000, 0x000000070ea00000, 0x000000070ec00000|  0%| F|  |TAMS 0x000000070ea00000, 0x000000070ea00000| Untracked 
|  44|0x000000070ec00000, 0x000000070ec00000, 0x000000070ee00000|  0%| F|  |TAMS 0x000000070ec00000, 0x000000070ec00000| Untracked 
|  45|0x000000070ee00000, 0x000000070ee00000, 0x000000070f000000|  0%| F|  |TAMS 0x000000070ee00000, 0x000000070ee00000| Untracked 
|  46|0x000000070f000000, 0x000000070f000000, 0x000000070f200000|  0%| F|  |TAMS 0x000000070f000000, 0x000000070f000000| Untracked 
|  47|0x000000070f200000, 0x000000070f2a8e70, 0x000000070f400000| 32%| E|  |TAMS 0x000000070f200000, 0x000000070f200000| Complete 
|  48|0x000000070f400000, 0x000000070f600000, 0x000000070f600000|100%| E|CS|TAMS 0x000000070f400000, 0x000000070f400000| Complete 
|  49|0x000000070f600000, 0x000000070f800000, 0x000000070f800000|100%| E|CS|TAMS 0x000000070f600000, 0x000000070f600000| Complete 
|  50|0x000000070f800000, 0x000000070fa00000, 0x000000070fa00000|100%| E|CS|TAMS 0x000000070f800000, 0x000000070f800000| Complete 
|  51|0x000000070fa00000, 0x000000070fc00000, 0x000000070fc00000|100%| E|CS|TAMS 0x000000070fa00000, 0x000000070fa00000| Complete 
|  52|0x000000070fc00000, 0x000000070fe00000, 0x000000070fe00000|100%| E|CS|TAMS 0x000000070fc00000, 0x000000070fc00000| Complete 
|  53|0x000000070fe00000, 0x0000000710000000, 0x0000000710000000|100%| E|CS|TAMS 0x000000070fe00000, 0x000000070fe00000| Complete 
|  54|0x0000000710000000, 0x0000000710200000, 0x0000000710200000|100%| E|CS|TAMS 0x0000000710000000, 0x0000000710000000| Complete 
| 107|0x0000000716a00000, 0x0000000716ba0d80, 0x0000000716c00000| 81%| S|CS|TAMS 0x0000000716a00000, 0x0000000716a00000| Complete 
| 123|0x0000000718a00000, 0x0000000718c00000, 0x0000000718c00000|100%| E|CS|TAMS 0x0000000718a00000, 0x0000000718a00000| Complete 

Card table byte_map: [0x000001faaff90000,0x000001fab0750000] _byte_map_base: 0x000001faac746000

Marking Bits (Prev, Next): (CMBitMap*) 0x000001faa4121b80, (CMBitMap*) 0x000001faa4121b40
 Prev Bits: [0x000001fab4cc0000, 0x000001fab8a70000)
 Next Bits: [0x000001fab0f10000, 0x000001fab4cc0000)

Polling page: 0x000001faa27f0000

Metaspace:

Usage:
  Non-class:     54.82 MB used.
      Class:      8.75 MB used.
       Both:     63.57 MB used.

Virtual space:
  Non-class space:       64.00 MB reserved,      55.12 MB ( 86%) committed,  1 nodes.
      Class space:        1.00 GB reserved,       9.00 MB ( <1%) committed,  1 nodes.
             Both:        1.06 GB reserved,      64.12 MB (  6%) committed. 

Chunk freelists:
   Non-Class:  8.89 MB
       Class:  7.05 MB
        Both:  15.94 MB

MaxMetaspaceSize: unlimited
CompressedClassSpaceSize: 1.00 GB
Initial GC threshold: 21.00 MB
Current GC threshold: 98.12 MB
CDS: on
MetaspaceReclaimPolicy: balanced
 - commit_granule_bytes: 65536.
 - commit_granule_words: 8192.
 - virtual_space_node_default_size: 8388608.
 - enlarge_chunks_in_place: 1.
 - new_chunks_are_fully_committed: 0.
 - uncommit_free_chunks: 1.
 - use_allocation_guard: 0.
 - handle_deallocations: 1.


Internal statistics:

num_allocs_failed_limit: 9.
num_arena_births: 786.
num_arena_deaths: 0.
num_vsnodes_births: 2.
num_vsnodes_deaths: 0.
num_space_committed: 1026.
num_space_uncommitted: 0.
num_chunks_returned_to_freelist: 9.
num_chunks_taken_from_freelist: 3036.
num_chunk_merges: 9.
num_chunk_splits: 2207.
num_chunks_enlarged: 1732.
num_inconsistent_stats: 0.

CodeCache: size=49152Kb used=10238Kb max_used=14132Kb free=38913Kb
 bounds [0x000001faab9f0000, 0x000001faac7c0000, 0x000001faae9f0000]
 total_blobs=6260 nmethods=5492 adapters=695
 compilation: enabled
              stopped_count=0, restarted_count=0
 full_count=0

Compilation events (20 events):
Event: 14.878 Thread 0x000001fabbb8aaf0 5481       1       sun.nio.ch.NioSocketImpl::park (51 bytes)
Event: 14.879 Thread 0x000001fabbb8aaf0 nmethod 5481 0x000001faabc38390 code [0x000001faabc38540, 0x000001faabc386c8]
Event: 14.910 Thread 0x000001fabbb8aaf0 5483       1       com.sun.crypto.provider.GaloisCounterMode::engineDoFinal (21 bytes)
Event: 14.910 Thread 0x000001faff19ff60 5484       1       com.sun.crypto.provider.GaloisCounterMode::checkDataLength (62 bytes)
Event: 14.910 Thread 0x000001fabbb7c970 5485       1       com.sun.crypto.provider.GaloisCounterMode$GCMEngine::processAAD (103 bytes)
Event: 14.910 Thread 0x000001fabbb26560 5486       1       com.sun.crypto.provider.GHASH::doFinal (51 bytes)
Event: 14.910 Thread 0x000001fabbb8aaf0 nmethod 5483 0x000001faabc37f90 code [0x000001faabc38140, 0x000001faabc38298]
Event: 14.910 Thread 0x000001faff19ff60 nmethod 5484 0x000001faabc37a10 code [0x000001faabc37bc0, 0x000001faabc37e38]
Event: 14.910 Thread 0x000001fabbb26560 nmethod 5486 0x000001faabc37510 code [0x000001faabc376c0, 0x000001faabc37928]
Event: 14.910 Thread 0x000001faff19ff60 5487       1       com.sun.crypto.provider.GaloisCounterMode::getLengthBlock (40 bytes)
Event: 14.910 Thread 0x000001fabbb8aaf0 5488       1       com.sun.crypto.provider.GHASH::digest (50 bytes)
Event: 14.910 Thread 0x000001fabbb26560 5489       1       com.sun.crypto.provider.GaloisCounterMode$GCMEngine::overlapDetection (289 bytes)
Event: 14.910 Thread 0x000001fabbb7c970 nmethod 5485 0x000001faabc36a90 code [0x000001faabc36c80, 0x000001faabc37228]
Event: 14.910 Thread 0x000001fabbb7c970 5490       1       com.sun.crypto.provider.GCTR::doFinal (155 bytes)
Event: 14.911 Thread 0x000001faff19ff60 nmethod 5487 0x000001faabc36590 code [0x000001faabc36740, 0x000001faabc36938]
Event: 14.911 Thread 0x000001fabbb8aaf0 nmethod 5488 0x000001faabc35f10 code [0x000001faabc360c0, 0x000001faabc36358]
Event: 14.911 Thread 0x000001fabbb7c970 nmethod 5490 0x000001faabc34c90 code [0x000001faabc34f40, 0x000001faabc35988]
Event: 14.911 Thread 0x000001fabbb26560 nmethod 5489 0x000001faabc32e10 code [0x000001faabc33200, 0x000001faabc34388]
Event: 16.359 Thread 0x000001fabbb26560 5491       1       jdk.internal.misc.Unsafe::weakCompareAndSetLong (11 bytes)
Event: 16.359 Thread 0x000001fabbb26560 nmethod 5491 0x000001faabc32b10 code [0x000001faabc32ca0, 0x000001faabc32d78]

GC Heap History (20 events):
Event: 0.912 GC heap before
{Heap before GC invocations=1 (full 0):
 garbage-first heap   total 253952K, used 30282K [0x0000000709400000, 0x0000000800000000)
  region size 2048K, 13 young (26624K), 2 survivors (4096K)
 Metaspace       used 8292K, committed 8576K, reserved 1114112K
  class space    used 1156K, committed 1280K, reserved 1048576K
}
Event: 0.916 GC heap after
{Heap after GC invocations=2 (full 0):
 garbage-first heap   total 253952K, used 9557K [0x0000000709400000, 0x0000000800000000)
  region size 2048K, 1 young (2048K), 1 survivors (2048K)
 Metaspace       used 8292K, committed 8576K, reserved 1114112K
  class space    used 1156K, committed 1280K, reserved 1048576K
}
Event: 1.506 GC heap before
{Heap before GC invocations=2 (full 0):
 garbage-first heap   total 253952K, used 66901K [0x0000000709400000, 0x0000000800000000)
  region size 2048K, 29 young (59392K), 1 survivors (2048K)
 Metaspace       used 17591K, committed 17920K, reserved 1114112K
  class space    used 2366K, committed 2496K, reserved 1048576K
}
Event: 1.510 GC heap after
{Heap after GC invocations=3 (full 0):
 garbage-first heap   total 253952K, used 14248K [0x0000000709400000, 0x0000000800000000)
  region size 2048K, 4 young (8192K), 4 survivors (8192K)
 Metaspace       used 17591K, committed 17920K, reserved 1114112K
  class space    used 2366K, committed 2496K, reserved 1048576K
}
Event: 1.969 GC heap before
{Heap before GC invocations=3 (full 0):
 garbage-first heap   total 253952K, used 38824K [0x0000000709400000, 0x0000000800000000)
  region size 2048K, 17 young (34816K), 4 survivors (8192K)
 Metaspace       used 21135K, committed 21504K, reserved 1114112K
  class space    used 2859K, committed 3072K, reserved 1048576K
}
Event: 1.973 GC heap after
{Heap after GC invocations=4 (full 0):
 garbage-first heap   total 253952K, used 15731K [0x0000000709400000, 0x0000000800000000)
  region size 2048K, 4 young (8192K), 4 survivors (8192K)
 Metaspace       used 21135K, committed 21504K, reserved 1114112K
  class space    used 2859K, committed 3072K, reserved 1048576K
}
Event: 2.479 GC heap before
{Heap before GC invocations=5 (full 0):
 garbage-first heap   total 61440K, used 42355K [0x0000000709400000, 0x0000000800000000)
  region size 2048K, 18 young (36864K), 4 survivors (8192K)
 Metaspace       used 25370K, committed 25728K, reserved 1114112K
  class space    used 3467K, committed 3648K, reserved 1048576K
}
Event: 2.486 GC heap after
{Heap after GC invocations=6 (full 0):
 garbage-first heap   total 61440K, used 18520K [0x0000000709400000, 0x0000000800000000)
  region size 2048K, 3 young (6144K), 3 survivors (6144K)
 Metaspace       used 25370K, committed 25728K, reserved 1114112K
  class space    used 3467K, committed 3648K, reserved 1048576K
}
Event: 2.542 GC heap before
{Heap before GC invocations=6 (full 0):
 garbage-first heap   total 61440K, used 20568K [0x0000000709400000, 0x0000000800000000)
  region size 2048K, 4 young (8192K), 3 survivors (6144K)
 Metaspace       used 25687K, committed 26048K, reserved 1114112K
  class space    used 3508K, committed 3712K, reserved 1048576K
}
Event: 2.548 GC heap after
{Heap after GC invocations=7 (full 0):
 garbage-first heap   total 61440K, used 18932K [0x0000000709400000, 0x0000000800000000)
  region size 2048K, 1 young (2048K), 1 survivors (2048K)
 Metaspace       used 25687K, committed 26048K, reserved 1114112K
  class space    used 3508K, committed 3712K, reserved 1048576K
}
Event: 2.887 GC heap before
{Heap before GC invocations=7 (full 0):
 garbage-first heap   total 61440K, used 39412K [0x0000000709400000, 0x0000000800000000)
  region size 2048K, 12 young (24576K), 1 survivors (2048K)
 Metaspace       used 30168K, committed 30592K, reserved 1114112K
  class space    used 4049K, committed 4224K, reserved 1048576K
}
Event: 2.890 GC heap after
{Heap after GC invocations=8 (full 0):
 garbage-first heap   total 61440K, used 19749K [0x0000000709400000, 0x0000000800000000)
  region size 2048K, 1 young (2048K), 1 survivors (2048K)
 Metaspace       used 30168K, committed 30592K, reserved 1114112K
  class space    used 4049K, committed 4224K, reserved 1048576K
}
Event: 3.286 GC heap before
{Heap before GC invocations=8 (full 0):
 garbage-first heap   total 61440K, used 40229K [0x0000000709400000, 0x0000000800000000)
  region size 2048K, 12 young (24576K), 1 survivors (2048K)
 Metaspace       used 35496K, committed 35968K, reserved 1114112K
  class space    used 4793K, committed 5056K, reserved 1048576K
}
Event: 3.288 GC heap after
{Heap after GC invocations=9 (full 0):
 garbage-first heap   total 61440K, used 20609K [0x0000000709400000, 0x0000000800000000)
  region size 2048K, 2 young (4096K), 2 survivors (4096K)
 Metaspace       used 35496K, committed 35968K, reserved 1114112K
  class space    used 4793K, committed 5056K, reserved 1048576K
}
Event: 3.689 GC heap before
{Heap before GC invocations=10 (full 0):
 garbage-first heap   total 61440K, used 43137K [0x0000000709400000, 0x0000000800000000)
  region size 2048K, 13 young (26624K), 2 survivors (4096K)
 Metaspace       used 39735K, committed 40192K, reserved 1114112K
  class space    used 5528K, committed 5760K, reserved 1048576K
}
Event: 3.691 GC heap after
{Heap after GC invocations=11 (full 0):
 garbage-first heap   total 157696K, used 21673K [0x0000000709400000, 0x0000000800000000)
  region size 2048K, 1 young (2048K), 1 survivors (2048K)
 Metaspace       used 39735K, committed 40192K, reserved 1114112K
  class space    used 5528K, committed 5760K, reserved 1048576K
}
Event: 8.245 GC heap before
{Heap before GC invocations=11 (full 0):
 garbage-first heap   total 157696K, used 113833K [0x0000000709400000, 0x0000000800000000)
  region size 2048K, 46 young (94208K), 1 survivors (2048K)
 Metaspace       used 57886K, committed 58432K, reserved 1114112K
  class space    used 8056K, committed 8320K, reserved 1048576K
}
Event: 8.252 GC heap after
{Heap after GC invocations=12 (full 0):
 garbage-first heap   total 157696K, used 30758K [0x0000000709400000, 0x0000000800000000)
  region size 2048K, 6 young (12288K), 6 survivors (12288K)
 Metaspace       used 57886K, committed 58432K, reserved 1114112K
  class space    used 8056K, committed 8320K, reserved 1048576K
}
Event: 9.441 GC heap before
{Heap before GC invocations=12 (full 0):
 garbage-first heap   total 157696K, used 36902K [0x0000000709400000, 0x0000000800000000)
  region size 2048K, 10 young (20480K), 6 survivors (12288K)
 Metaspace       used 59638K, committed 60160K, reserved 1114112K
  class space    used 8249K, committed 8512K, reserved 1048576K
}
Event: 9.446 GC heap after
{Heap after GC invocations=13 (full 0):
 garbage-first heap   total 157696K, used 32235K [0x0000000709400000, 0x0000000800000000)
  region size 2048K, 1 young (2048K), 1 survivors (2048K)
 Metaspace       used 59638K, committed 60160K, reserved 1114112K
  class space    used 8249K, committed 8512K, reserved 1048576K
}

Deoptimization events (6 events):
Event: 2.947 Thread 0x000001faa40b82a0 DEOPT PACKING pc=0x000001faac2ca509 sp=0x000000bb3a8fd140
Event: 2.947 Thread 0x000001faa40b82a0 DEOPT UNPACKING pc=0x000001faaba42b43 sp=0x000000bb3a8fc5d0 mode 3
Event: 2.947 Thread 0x000001fafe2cf720 DEOPT PACKING pc=0x000001faac2c499f sp=0x000000bb3d4ff2d0
Event: 2.947 Thread 0x000001fafe2cf720 DEOPT UNPACKING pc=0x000001faaba42b43 sp=0x000000bb3d4fe728 mode 3
Event: 4.550 Thread 0x000001faa40b82a0 DEOPT PACKING pc=0x000001faac31a0d2 sp=0x000000bb3a8fa7e0
Event: 4.550 Thread 0x000001faa40b82a0 DEOPT UNPACKING pc=0x000001faaba42b43 sp=0x000000bb3a8f9ce8 mode 3

Classes unloaded (0 events):
No events

Classes redefined (0 events):
No events

Internal exceptions (20 events):
Event: 4.367 Thread 0x000001faa40b82a0 Exception <a 'java/lang/IncompatibleClassChangeError'{0x0000000710d7a730}: Found class java.lang.Object, but interface was expected> (0x0000000710d7a730) 
thrown [s\open\src\hotspot\share\interpreter\linkResolver.cpp, line 826]
Event: 4.448 Thread 0x000001faa40b82a0 Exception <a 'sun/nio/fs/WindowsException'{0x000000071091c090}> (0x000000071091c090) 
thrown [s\open\src\hotspot\share\prims\jni.cpp, line 516]
Event: 4.457 Thread 0x000001faa40b82a0 Exception <a 'java/lang/NoSuchMethodError'{0x000000071093f9b0}: 'int java.lang.invoke.DirectMethodHandle$Holder.invokeStaticInit(java.lang.Object, java.lang.Object, java.lang.Object, java.lang.Object)'> (0x000000071093f9b0) 
thrown [s\open\src\hotspot\share\interpreter\linkResolver.cpp, line 759]
Event: 4.656 Thread 0x000001faa40b82a0 Exception <a 'java/lang/NoSuchMethodError'{0x000000070fae4d68}: 'int java.lang.invoke.DirectMethodHandle$Holder.invokeStaticInit(java.lang.Object, int, java.lang.Object, java.lang.Object, java.lang.Object, java.lang.Object)'> (0x000000070fae4d68) 
thrown [s\open\src\hotspot\share\interpreter\linkResolver.cpp, line 759]
Event: 4.928 Thread 0x000001faa40b82a0 Exception <a 'sun/nio/fs/WindowsException'{0x000000070ea29060}> (0x000000070ea29060) 
thrown [s\open\src\hotspot\share\prims\jni.cpp, line 516]
Event: 4.973 Thread 0x000001faa40b82a0 Exception <a 'java/lang/IncompatibleClassChangeError'{0x000000070e8f4008}: Found class java.lang.Object, but interface was expected> (0x000000070e8f4008) 
thrown [s\open\src\hotspot\share\interpreter\linkResolver.cpp, line 826]
Event: 5.012 Thread 0x000001faa40b82a0 Exception <a 'java/lang/NoSuchMethodError'{0x000000070e6f3748}: 'void java.lang.invoke.DirectMethodHandle$Holder.invokeVirtual(java.lang.Object, java.lang.Object, long)'> (0x000000070e6f3748) 
thrown [s\open\src\hotspot\share\interpreter\linkResolver.cpp, line 759]
Event: 5.083 Thread 0x000001faa40b82a0 Exception <a 'java/lang/IncompatibleClassChangeError'{0x000000070e34eaa0}: Found class java.lang.Object, but interface was expected> (0x000000070e34eaa0) 
thrown [s\open\src\hotspot\share\interpreter\linkResolver.cpp, line 826]
Event: 5.139 Thread 0x000001faa40b82a0 Exception <a 'java/lang/NoSuchMethodError'{0x000000070dfaaea8}: 'java.lang.Object java.lang.invoke.DirectMethodHandle$Holder.invokeSpecial(java.lang.Object, java.lang.Object, java.lang.Object, java.lang.Object, java.lang.Object, java.lang.Object, java.lang.Object, java.lang.Object, java.lang.Object, java.lang.Object, java.lang.Object)'> (0x000000070dfaaea8) 
thrown [s\open\src\hotspot\share\interpreter\linkResolver.cpp, line 759]
Event: 5.139 Thread 0x000001faa40b82a0 Exception <a 'java/lang/NoSuchMethodError'{0x000000070dfaf678}: 'java.lang.Object java.lang.invoke.Invokers$Holder.invoke_MT(java.lang.Object, java.lang.Object, java.lang.Object, java.lang.Object, java.lang.Object, java.lang.Object, java.lang.Object, java.lang.Object, java.lang.Object, java.lang.Object, java.lang.Object)'> (0x000000070dfaf678) 
thrown [s\open\src\hotspot\share\interpreter\linkResolver.cpp, line 759]
Event: 5.182 Thread 0x000001faa40b82a0 Exception <a 'java/lang/NoSuchMethodError'{0x000000070da554a0}: 'java.lang.Object java.lang.invoke.DirectMethodHandle$Holder.newInvokeSpecial(java.lang.Object, java.lang.Object, int, java.lang.Object, java.lang.Object)'> (0x000000070da554a0) 
thrown [s\open\src\hotspot\share\interpreter\linkResolver.cpp, line 759]
Event: 8.195 Thread 0x000001fabbc681c0 Exception <a 'java/lang/NoSuchMethodError'{0x000000070d67c368}: 'java.lang.Object java.lang.invoke.DirectMethodHandle$Holder.invokeStaticInit(java.lang.Object, java.lang.Object, java.lang.Object, int, int)'> (0x000000070d67c368) 
thrown [s\open\src\hotspot\share\interpreter\linkResolver.cpp, line 759]
Event: 8.227 Thread 0x000001fafe8a25a0 Exception <a 'java/lang/NoSuchMethodError'{0x000000070d533e28}: 'java.lang.Object java.lang.invoke.DirectMethodHandle$Holder.invokeSpecial(java.lang.Object, java.lang.Object, java.lang.Object, java.lang.Object, java.lang.Object, long)'> (0x000000070d533e28) 
thrown [s\open\src\hotspot\share\interpreter\linkResolver.cpp, line 759]
Event: 8.227 Thread 0x000001fafe8a25a0 Exception <a 'java/lang/NoSuchMethodError'{0x000000070d537868}: 'java.lang.Object java.lang.invoke.Invokers$Holder.linkToTargetMethod(java.lang.Object, java.lang.Object, java.lang.Object, long, java.lang.Object)'> (0x000000070d537868) 
thrown [s\open\src\hotspot\share\interpreter\linkResolver.cpp, line 759]
Event: 8.344 Thread 0x000001fafe8a25a0 Exception <a 'java/lang/NoSuchMethodError'{0x0000000716f13610}: 'java.lang.Object java.lang.invoke.DirectMethodHandle$Holder.invokeStatic(java.lang.Object, int, int)'> (0x0000000716f13610) 
thrown [s\open\src\hotspot\share\interpreter\linkResolver.cpp, line 759]
Event: 14.379 Thread 0x000001fafe8a2ab0 Exception <a 'sun/nio/fs/WindowsException'{0x000000070f689570}> (0x000000070f689570) 
thrown [s\open\src\hotspot\share\prims\jni.cpp, line 516]
Event: 14.539 Thread 0x000001fafe8a2ab0 Exception <a 'sun/nio/fs/WindowsException'{0x000000070f713110}> (0x000000070f713110) 
thrown [s\open\src\hotspot\share\prims\jni.cpp, line 516]
Event: 17.100 Thread 0x000001fafe8a2ab0 Exception <a 'sun/nio/fs/WindowsException'{0x000000070f23cdb8}> (0x000000070f23cdb8) 
thrown [s\open\src\hotspot\share\prims\jni.cpp, line 516]
Event: 17.100 Thread 0x000001fafe8a2ab0 Exception <a 'sun/nio/fs/WindowsException'{0x000000070f23e260}> (0x000000070f23e260) 
thrown [s\open\src\hotspot\share\prims\jni.cpp, line 516]
Event: 17.100 Thread 0x000001fafe8a2ab0 Exception <a 'sun/nio/fs/WindowsException'{0x000000070f23e560}> (0x000000070f23e560) 
thrown [s\open\src\hotspot\share\prims\jni.cpp, line 516]

VM Operations (20 events):
Event: 9.454 Executing VM operation: HandshakeAllThreads
Event: 9.454 Executing VM operation: HandshakeAllThreads done
Event: 9.454 Executing VM operation: HandshakeAllThreads
Event: 9.454 Executing VM operation: HandshakeAllThreads done
Event: 9.455 Executing VM operation: G1Concurrent
Event: 9.459 Executing VM operation: G1Concurrent done
Event: 9.464 Executing VM operation: G1Concurrent
Event: 9.464 Executing VM operation: G1Concurrent done
Event: 9.495 Executing VM operation: HandshakeAllThreads
Event: 9.495 Executing VM operation: HandshakeAllThreads done
Event: 9.785 Executing VM operation: HandshakeAllThreads
Event: 9.785 Executing VM operation: HandshakeAllThreads done
Event: 10.798 Executing VM operation: Cleanup
Event: 10.799 Executing VM operation: Cleanup done
Event: 14.347 Executing VM operation: HandshakeAllThreads
Event: 14.347 Executing VM operation: HandshakeAllThreads done
Event: 14.347 Executing VM operation: Cleanup
Event: 14.348 Executing VM operation: Cleanup done
Event: 15.362 Executing VM operation: Cleanup
Event: 15.363 Executing VM operation: Cleanup done

Events (20 events):
Event: 9.808 loading class java/util/stream/LongStream
Event: 9.809 loading class java/util/stream/LongStream done
Event: 9.809 loading class java/util/stream/DoubleStream
Event: 9.809 loading class java/util/stream/DoubleStream done
Event: 14.339 Thread 0x000001fafd9abdc0 Thread exited: 0x000001fafd9abdc0
Event: 14.352 loading class java/util/BitSet$1BitSetSpliterator
Event: 14.352 loading class java/util/BitSet$1BitSetSpliterator done
Event: 14.353 loading class java/util/stream/IntPipeline$1
Event: 14.353 loading class java/util/stream/IntPipeline$1 done
Event: 14.353 loading class java/util/stream/IntPipeline$1$1
Event: 14.353 loading class java/util/stream/IntPipeline$1$1 done
Event: 14.379 loading class java/nio/file/FileAlreadyExistsException
Event: 14.379 loading class java/nio/file/FileAlreadyExistsException done
Event: 14.539 loading class java/nio/file/StandardCopyOption
Event: 14.539 loading class java/nio/file/StandardCopyOption done
Event: 14.540 loading class java/nio/channels/Channels$1
Event: 14.540 loading class java/nio/channels/Channels$1 done
Event: 14.736 Thread 0x000001faff19ff60 Thread added: 0x000001faff19ff60
Event: 16.359 Thread 0x000001faff19ff60 Thread exited: 0x000001faff19ff60
Event: 17.127 Loaded shared library C:\JANG\sia_task\sia-task-dev\task\src\main\resources\nativelib\window\gdalalljni.dll


Dynamic libraries:
0x00007ff77a820000 - 0x00007ff77a830000 	C:\Program Files\Java\jdk-17\bin\java.exe
0x00007ffd8bf80000 - 0x00007ffd8c1e0000 	C:\WINDOWS\SYSTEM32\ntdll.dll
0x00007ffd8a260000 - 0x00007ffd8a327000 	C:\WINDOWS\System32\KERNEL32.DLL
0x00007ffd89650000 - 0x00007ffd89a1a000 	C:\WINDOWS\System32\KERNELBASE.dll
0x00007ffd89c30000 - 0x00007ffd89d7b000 	C:\WINDOWS\System32\ucrtbase.dll
0x00007ffd5c4e0000 - 0x00007ffd5c4f9000 	C:\Program Files\Java\jdk-17\bin\jli.dll
0x00007ffd8ac50000 - 0x00007ffd8ad02000 	C:\WINDOWS\System32\ADVAPI32.dll
0x00007ffd75df0000 - 0x00007ffd75e0b000 	C:\Program Files\Java\jdk-17\bin\VCRUNTIME140.dll
0x00007ffd8ba10000 - 0x00007ffd8bab9000 	C:\WINDOWS\System32\msvcrt.dll
0x00007ffd89f90000 - 0x00007ffd8a036000 	C:\WINDOWS\System32\sechost.dll
0x00007ffd8ad70000 - 0x00007ffd8ae86000 	C:\WINDOWS\System32\RPCRT4.dll
0x00007ffd89d90000 - 0x00007ffd89f5c000 	C:\WINDOWS\System32\USER32.dll
0x00007ffd89620000 - 0x00007ffd89647000 	C:\WINDOWS\System32\win32u.dll
0x00007ffd8b780000 - 0x00007ffd8b7aa000 	C:\WINDOWS\System32\GDI32.dll
0x00007ffd89370000 - 0x00007ffd894a1000 	C:\WINDOWS\System32\gdi32full.dll
0x00007ffd75880000 - 0x00007ffd75b17000 	C:\WINDOWS\WinSxS\amd64_microsoft.windows.common-controls_6595b64144ccf1df_6.0.26100.3624_none_3e086962e3345f24\COMCTL32.dll
0x00007ffd894b0000 - 0x00007ffd89553000 	C:\WINDOWS\System32\msvcp_win.dll
0x00007ffd81010000 - 0x00007ffd8101b000 	C:\WINDOWS\SYSTEM32\VERSION.dll
0x00007ffd8b5e0000 - 0x00007ffd8b60f000 	C:\WINDOWS\System32\IMM32.DLL
0x00007ffd5c4d0000 - 0x00007ffd5c4dc000 	C:\Program Files\Java\jdk-17\bin\vcruntime140_1.dll
0x00007ffd5c440000 - 0x00007ffd5c4ce000 	C:\Program Files\Java\jdk-17\bin\msvcp140.dll
0x00007ffcd4f70000 - 0x00007ffcd5b4f000 	C:\Program Files\Java\jdk-17\bin\server\jvm.dll
0x00007ffd8a250000 - 0x00007ffd8a258000 	C:\WINDOWS\System32\PSAPI.DLL
0x00007ffd86750000 - 0x00007ffd86786000 	C:\WINDOWS\SYSTEM32\WINMM.dll
0x00007ffd6f9b0000 - 0x00007ffd6f9ba000 	C:\WINDOWS\SYSTEM32\WSOCK32.dll
0x00007ffd8b7b0000 - 0x00007ffd8b824000 	C:\WINDOWS\System32\WS2_32.dll
0x00007ffd88090000 - 0x00007ffd880aa000 	C:\WINDOWS\SYSTEM32\kernel.appcore.dll
0x00007ffd5c430000 - 0x00007ffd5c43a000 	C:\Program Files\Java\jdk-17\bin\jimage.dll
0x00007ffd86500000 - 0x00007ffd86741000 	C:\WINDOWS\SYSTEM32\DBGHELP.DLL
0x00007ffd8bac0000 - 0x00007ffd8be42000 	C:\WINDOWS\System32\combase.dll
0x00007ffd8aa60000 - 0x00007ffd8ab36000 	C:\WINDOWS\System32\OLEAUT32.dll
0x00007ffd864c0000 - 0x00007ffd864f9000 	C:\WINDOWS\SYSTEM32\dbgcore.DLL
0x00007ffd892d0000 - 0x00007ffd89369000 	C:\WINDOWS\System32\bcryptPrimitives.dll
0x00007ffd5c380000 - 0x00007ffd5c3a5000 	C:\Program Files\Java\jdk-17\bin\java.dll
0x00007ffd3a680000 - 0x00007ffd3a757000 	C:\Program Files\Java\jdk-17\bin\jsvml.dll
0x00007ffd8a330000 - 0x00007ffd8aa59000 	C:\WINDOWS\System32\SHELL32.dll
0x00007ffd89160000 - 0x00007ffd892c8000 	C:\WINDOWS\System32\wintypes.dll
0x00007ffd86e10000 - 0x00007ffd87662000 	C:\WINDOWS\SYSTEM32\windows.storage.dll
0x00007ffd8be50000 - 0x00007ffd8bf3d000 	C:\WINDOWS\System32\SHCORE.dll
0x00007ffd8a040000 - 0x00007ffd8a0a4000 	C:\WINDOWS\System32\shlwapi.dll
0x00007ffd89070000 - 0x00007ffd8909f000 	C:\WINDOWS\SYSTEM32\profapi.dll
0x00007ffd5c360000 - 0x00007ffd5c379000 	C:\Program Files\Java\jdk-17\bin\net.dll
0x00007ffd80ef0000 - 0x00007ffd8100d000 	C:\WINDOWS\SYSTEM32\WINHTTP.dll
0x00007ffd885b0000 - 0x00007ffd8861a000 	C:\WINDOWS\system32\mswsock.dll
0x00007ffd51310000 - 0x00007ffd51326000 	C:\Program Files\Java\jdk-17\bin\nio.dll
0x00007ffd3a660000 - 0x00007ffd3a678000 	C:\Program Files\Java\jdk-17\bin\zip.dll
0x00007ffd3a620000 - 0x00007ffd3a62e000 	C:\Program Files\Java\jdk-17\bin\sunmscapi.dll
0x00007ffd89a20000 - 0x00007ffd89b97000 	C:\WINDOWS\System32\CRYPT32.dll
0x00007ffd88a50000 - 0x00007ffd88a80000 	C:\WINDOWS\SYSTEM32\ncrypt.dll
0x00007ffd88a00000 - 0x00007ffd88a3f000 	C:\WINDOWS\SYSTEM32\NTASN1.dll
0x00007ffd88850000 - 0x00007ffd8886c000 	C:\WINDOWS\SYSTEM32\CRYPTSP.dll
0x00007ffd87ff0000 - 0x00007ffd8802a000 	C:\WINDOWS\system32\rsaenh.dll
0x00007ffd88650000 - 0x00007ffd8867b000 	C:\WINDOWS\SYSTEM32\USERENV.dll
0x00007ffd89040000 - 0x00007ffd89066000 	C:\WINDOWS\SYSTEM32\bcrypt.dll
0x00007ffd88870000 - 0x00007ffd8887c000 	C:\WINDOWS\SYSTEM32\CRYPTBASE.dll
0x00007ffd879e0000 - 0x00007ffd87a13000 	C:\WINDOWS\SYSTEM32\IPHLPAPI.DLL
0x00007ffd8a240000 - 0x00007ffd8a24a000 	C:\WINDOWS\System32\NSI.dll
0x00007ffd811e0000 - 0x00007ffd811ff000 	C:\WINDOWS\SYSTEM32\dhcpcsvc6.DLL
0x00007ffd80e30000 - 0x00007ffd80e55000 	C:\WINDOWS\SYSTEM32\dhcpcsvc.DLL
0x00007ffd87ad0000 - 0x00007ffd87bf5000 	C:\WINDOWS\SYSTEM32\DNSAPI.dll
0x00007ffd51300000 - 0x00007ffd5130a000 	C:\Program Files\Java\jdk-17\bin\management.dll
0x00007ffd3a650000 - 0x00007ffd3a65b000 	C:\Program Files\Java\jdk-17\bin\management_ext.dll
0x00007ffd5c350000 - 0x00007ffd5c360000 	C:\Program Files\Java\jdk-17\bin\verify.dll
0x00007ffd51660000 - 0x00007ffd51668000 	C:\WINDOWS\system32\wshunix.dll
0x00007ffd75d60000 - 0x00007ffd75d6b000 	C:\Windows\System32\rasadhlp.dll
0x00007ffd7e7e0000 - 0x00007ffd7e865000 	C:\WINDOWS\System32\fwpuclnt.dll
0x00007ffcd5ef0000 - 0x00007ffcd5f98000 	C:\JANG\sia_task\sia-task-dev\task\src\main\resources\nativelib\window\gdalalljni.dll
0x00007ffcaff80000 - 0x00007ffcb13ca000 	C:\JANG\sia_task\sia-task-dev\task\src\main\resources\nativelib\window\gdal.dll
0x00007ffd8b440000 - 0x00007ffd8b5d6000 	C:\WINDOWS\System32\ole32.dll
0x00007ffd710e0000 - 0x00007ffd710f9000 	C:\JANG\sia_task\sia-task-dev\task\src\main\resources\nativelib\window\zlib.dll
0x00007ffcd5e50000 - 0x00007ffcd5ee4000 	C:\JANG\sia_task\sia-task-dev\task\src\main\resources\nativelib\window\libcurl.dll
0x00007ffd7d170000 - 0x00007ffd7d234000 	C:\WINDOWS\SYSTEM32\ODBC32.dll
0x00007ffd8af10000 - 0x00007ffd8af84000 	C:\WINDOWS\System32\WLDAP32.dll
0x00007ffcd5ce0000 - 0x00007ffcd5e43000 	C:\JANG\sia_task\sia-task-dev\task\src\main\resources\nativelib\window\libxml2.dll
0x00007ffcafa90000 - 0x00007ffcaff74000 	C:\JANG\sia_task\sia-task-dev\task\src\main\resources\nativelib\window\libcrypto-3-x64.dll
0x00007ffcd5ba0000 - 0x00007ffcd5cda000 	C:\JANG\sia_task\sia-task-dev\task\src\main\resources\nativelib\window\libssl-3-x64.dll
0x00007ffcb2370000 - 0x00007ffcb2422000 	C:\JANG\sia_task\sia-task-dev\task\src\main\resources\nativelib\window\zstd.dll
0x00007ffcb1a80000 - 0x00007ffcb1dc0000 	C:\JANG\sia_task\sia-task-dev\task\src\main\resources\nativelib\window\proj_9.dll
0x00007ffcaf7e0000 - 0x00007ffcafa8c000 	C:\JANG\sia_task\sia-task-dev\task\src\main\resources\nativelib\window\xerces-c_3_2.dll
0x00007ffcb1f70000 - 0x00007ffcb20bc000 	C:\JANG\sia_task\sia-task-dev\task\src\main\resources\nativelib\window\tiff.dll
0x00007ffd4c5e0000 - 0x00007ffd4c615000 	C:\JANG\sia_task\sia-task-dev\task\src\main\resources\nativelib\window\libpng16.dll
0x00007ffcaf520000 - 0x00007ffcaf7e0000 	C:\JANG\sia_task\sia-task-dev\task\src\main\resources\nativelib\window\sqlite3.dll
0x0000000180000000 - 0x000000018004e000 	C:\JANG\sia_task\sia-task-dev\task\src\main\resources\nativelib\window\LIBPQ.dll
0x00007ffcd6260000 - 0x00007ffcd62b1000 	C:\JANG\sia_task\sia-task-dev\task\src\main\resources\nativelib\window\openjp2.dll
0x00007ffd68670000 - 0x00007ffd68690000 	C:\JANG\sia_task\sia-task-dev\task\src\main\resources\nativelib\window\pcre.dll
0x00007ffcae170000 - 0x00007ffcae811000 	C:\JANG\sia_task\sia-task-dev\task\src\main\resources\nativelib\window\libmysql.dll
0x00007ffd4c5b0000 - 0x00007ffd4c5da000 	C:\JANG\sia_task\sia-task-dev\task\src\main\resources\nativelib\window\freexl.dll
0x00007ffcae820000 - 0x00007ffcaf515000 	C:\JANG\sia_task\sia-task-dev\task\src\main\resources\nativelib\window\spatialite.dll
0x00007ffcec840000 - 0x00007ffcec86b000 	C:\JANG\sia_task\sia-task-dev\task\src\main\resources\nativelib\window\libexpat.dll
0x00007ffcf0100000 - 0x00007ffcf0123000 	C:\JANG\sia_task\sia-task-dev\task\src\main\resources\nativelib\window\ogdi.dll
0x00007ffcb2310000 - 0x00007ffcb236c000 	C:\JANG\sia_task\sia-task-dev\task\src\main\resources\nativelib\window\geos_c.dll
0x00007ffcae070000 - 0x00007ffcae16f000 	C:\JANG\sia_task\sia-task-dev\task\src\main\resources\nativelib\window\iconv-2.dll
0x00007ffd85ca0000 - 0x00007ffd85cad000 	C:\WINDOWS\SYSTEM32\Secur32.dll
0x00007ffd88e50000 - 0x00007ffd88e5a000 	C:\WINDOWS\SYSTEM32\DPAPI.DLL
0x00007ffcade90000 - 0x00007ffcae068000 	C:\JANG\sia_task\sia-task-dev\task\src\main\resources\nativelib\window\geos.dll
0x00007ffd88330000 - 0x00007ffd88378000 	C:\WINDOWS\SYSTEM32\SSPICLI.DLL

dbghelp: loaded successfully - version: 4.0.5 - missing functions: none
symbol engine: initialized successfully - sym options: 0x614 - pdb path: .;C:\Program Files\Java\jdk-17\bin;C:\WINDOWS\SYSTEM32;C:\WINDOWS\WinSxS\amd64_microsoft.windows.common-controls_6595b64144ccf1df_6.0.26100.3624_none_3e086962e3345f24;C:\Program Files\Java\jdk-17\bin\server;C:\JANG\sia_task\sia-task-dev\task\src\main\resources\nativelib\window

VM Arguments:
jvm_args: -Djava.library.path=C:\JANG\sia_task\sia-task-dev\task\src\main\resources\nativelib\window -XX:TieredStopAtLevel=1 -Dfile.encoding=x-windows-949 -Duser.country=KR -Duser.language=ko -Duser.variant 
java_command: com.sia.task.TaskApplication
java_class_path (initial): C:\JANG\sia_task\sia-task-dev\task\build\classes\java\main;C:\JANG\sia_task\sia-task-dev\task\build\resources\main;C:\Users\idjjh\.gradle\caches\modules-2\files-2.1\org.springframework.cloud\spring-cloud-starter-aws\2.2.6.RELEASE\9d7c330b3f4aa477df2db27dd875a0e63a49456\spring-cloud-starter-aws-2.2.6.RELEASE.jar;C:\Users\idjjh\.gradle\caches\modules-2\files-2.1\io.github.cdimascio\java-dotenv\5.2.2\f77d54ff193ed4b07415ab8d7b3d0550716aa8c\java-dotenv-5.2.2.jar;C:\Users\idjjh\.gradle\caches\modules-2\files-2.1\commons-fileupload\commons-fileupload\1.5\ad4ad2ab2961b4e1891472bd1a33fabefb0385f3\commons-fileupload-1.5.jar;C:\Users\idjjh\.gradle\caches\modules-2\files-2.1\org.apache.tika\tika-core\2.9.1\bfd572826e7023dd6ceeefe1b4d0f6d3d8eef507\tika-core-2.9.1.jar;C:\Users\idjjh\.gradle\caches\modules-2\files-2.1\commons-io\commons-io\2.14.0\a4c6e1f6c196339473cd2e1b037f0eb97c62755b\commons-io-2.14.0.jar;C:\Users\idjjh\.gradle\caches\modules-2\files-2.1\org.gdal\gdal\3.10.0\d229b54a2136a6a1e6e8321881789a4465e2ec50\gdal-3.10.0.jar;C:\Users\idjjh\.gradle\caches\modules-2\files-2.1\com.h2database\h2\2.3.232\4fcc05d966ccdb2812ae8b9a718f69226c0cf4e2\h2-2.3.232.jar;C:\Users\idjjh\.gradle\caches\modules-2\files-2.1\org.springframework\spring-webmvc\6.2.6\48c37c417d00b9dc12e344892b206bbbf67f0945\spring-webmvc-6.2.6.jar;C:\Users\idjjh\.gradle\caches\modules-2\files-2.1\org.springframework\spring-web\6.2.6\17a4f806e877a1064a2442fe7545b0036fb9550f\spring-web-6.2.6.jar;C:\Users\idjjh\.gradle\caches\modules-2\files-2.1\org.hibernate.orm\hibernate-core\6.6.13.Final\e7f1b2d53e89b9863dca12cd5f1b261ba413415b\hibernate-core-6.6.13.Final.jar;C:\Users\idjjh\.gradle\caches\modules-2\files-2.1\org.springframework.data\spring-data-jpa\3.4.5\40000309bebdc0e4e284211701f039eb5b1fb1a6\spring-data-jpa-3.4.5.jar;C:\Users\idjjh\.gradle\caches\modules-2\files-2.1\org.springframework\spring-aspects\6.2.6\2bb7fe48b4fef28af71be32815200c19ac95f783\spring-aspects-6.2.6.jar;C:\Users\
Launcher Type: SUN_STANDARD

[Global flags]
     intx CICompilerCount                          = 12                                        {product} {ergonomic}
     uint ConcGCThreads                            = 3                                         {product} {ergonomic}
     uint G1ConcRefinementThreads                  = 13                                        {product} {ergonomic}
   size_t G1HeapRegionSize                         = 2097152                                   {product} {ergonomic}
    uintx GCDrainStackTargetSize                   = 64                                        {product} {ergonomic}
   size_t InitialHeapSize                          = 260046848                                 {product} {ergonomic}
   size_t MarkStackSize                            = 4194304                                   {product} {ergonomic}
   size_t MaxHeapSize                              = 4139778048                                {product} {ergonomic}
   size_t MaxNewSize                               = 2483027968                                {product} {ergonomic}
   size_t MinHeapDeltaBytes                        = 2097152                                   {product} {ergonomic}
   size_t MinHeapSize                              = 8388608                                   {product} {ergonomic}
    uintx NonProfiledCodeHeapSize                  = 0                                      {pd product} {ergonomic}
     bool ProfileInterpreter                       = false                                  {pd product} {command line}
    uintx ProfiledCodeHeapSize                     = 0                                      {pd product} {ergonomic}
   size_t SoftMaxHeapSize                          = 4139778048                             {manageable} {ergonomic}
     intx TieredStopAtLevel                        = 1                                         {product} {command line}
     bool UseCompressedClassPointers               = true                           {product lp64_product} {ergonomic}
     bool UseCompressedOops                        = true                           {product lp64_product} {ergonomic}
     bool UseG1GC                                  = true                                      {product} {ergonomic}
     bool UseLargePagesIndividualAllocation        = false                                  {pd product} {ergonomic}

Logging:
Log output configuration:
 #0: stdout all=warning uptime,level,tags
 #1: stderr all=off uptime,level,tags

Environment Variables:
JAVA_HOME=C:\Program Files\Java\jdk-17
CLASSPATH=C:\JANG\sia_task\sia-task-dev\task\\gradle\wrapper\gradle-wrapper.jar
PATH=C:\JANG\sia_task\sia-task-dev\task\src\main\resources\nativelib\window;C:\Program Files\Java\jdk-17;C:\Python312\Scripts\;C:\Python312\;C:\oraclexe\app\oracle\product\11.2.0\server\bin;C:\Program Files\Common Files\Oracle\Java\javapath;C:\Windows\system32;C:\Windows;C:\Windows\System32\Wbem;C:\Windows\System32\WindowsPowerShell\v1.0\;C:\Windows\System32\OpenSSH\;C:\Program Files (x86)\NVIDIA Corporation\PhysX\Common;C:\WINDOWS\system32;C:\WINDOWS;C:\WINDOWS\System32\Wbem;C:\WINDOWS\System32\WindowsPowerShell\v1.0\;C:\WINDOWS\System32\OpenSSH\;C:\Program Files\Git\cmd;C:\ProgramData\chocolatey\bin;C:\nodejs;C:\Program Files\NVIDIA Corporation\NVIDIA app\NvDLISR;C:\Program Files\Docker\Docker\resources\bin;C:\Program Files\nodejs\;C:\Users\idjjh\AppData\Local\Programs\Python\Python313\Scripts\;C:\Users\idjjh\AppData\Local\Programs\Python\Python313\;C:\Users\idjjh\AppData\Local\Microsoft\WindowsApps;C:\apache-maven-3.9.9\bin;C:\Users\idjjh\AppData\Roaming\npm;C:\Program Files\Git\bin;C:\Python312\Scripts\;
USERNAME=junhee
LANG=en_US.UTF-8
OS=Windows_NT
PROCESSOR_IDENTIFIER=AMD64 Family 23 Model 96 Stepping 1, AuthenticAMD



---------------  S Y S T E M  ---------------

OS:
 Windows 11 , 64 bit Build 26100 (10.0.26100.3775)
OS uptime: 0 days 5:15 hours
Hyper-V role detected

CPU: total 16 (initial active 16) (16 cores per cpu, 2 threads per core) family 23 model 96 stepping 1 microcode 0x8600104, cx8, cmov, fxsr, ht, mmx, 3dnowpref, sse, sse2, sse3, ssse3, sse4a, sse4.1, sse4.2, popcnt, lzcnt, tsc, tscinvbit, avx, avx2, aes, clmul, bmi1, bmi2, adx, sha, fma, vzeroupper, clflush, clflushopt, hv

Memory: 4k page, system-wide physical 15789M (3587M free)
TotalPageFile size 22189M (AvailPageFile size 1617M)
current process WorkingSet (physical memory assigned to process): 260M, peak: 284M
current process commit charge ("private bytes"): 322M, peak: 387M

vm_info: Java HotSpot(TM) 64-Bit Server VM (17.0.10+11-LTS-240) for windows-amd64 JRE (17.0.10+11-LTS-240), built on Dec 19 2023 21:47:25 by "mach5one" with MS VC++ 17.1 (VS2022)

END.
