#
# A fatal error has been detected by the Java Runtime Environment:
#
#  EXCEPTION_ACCESS_VIOLATION (0xc0000005) at pc=0x00007ffd5c4532a8, pid=1144, tid=14316
#
# JRE version: Java(TM) SE Runtime Environment (17.0.10+11) (build 17.0.10+11-LTS-240)
# Java VM: Java HotSpot(TM) 64-Bit Server VM (17.0.10+11-LTS-240, mixed mode, emulated-client, sharing, tiered, compressed oops, compressed class ptrs, g1 gc, windows-amd64)
# Problematic frame:
# C  [msvcp140.dll+0x132a8]
#
# No core dump will be written. Minidumps are not enabled by default on client versions of Windows
#
# If you would like to submit a bug report, please visit:
#   https://bugreport.java.com/bugreport/crash.jsp
# The crash happened outside the Java Virtual Machine in native code.
# See problematic frame for where to report the bug.
#

---------------  S U M M A R Y ------------

Command Line: -Djava.library.path=C:\JANG\sia_task\sia-task-dev\task\src\main\resources\nativelib\window -XX:TieredStopAtLevel=1 -Dfile.encoding=x-windows-949 -Duser.country=KR -Duser.language=ko -Duser.variant com.sia.task.TaskApplication

Host: AMD Ryzen 9 4900HS with Radeon Graphics         , 16 cores, 15G,  Windows 11 , 64 bit Build 26100 (10.0.26100.3775)
Time: Sun Apr 27 23:26:21 2025  Windows 11 , 64 bit Build 26100 (10.0.26100.3775) elapsed time: 15.658623 seconds (0d 0h 0m 15s)

---------------  T H R E A D  ---------------

Current thread (0x000001dd009ddec0):  JavaThread "http-nio-8080-exec-2" daemon [_thread_in_native, id=14316, stack(0x00000051ac400000,0x00000051ac500000)]

Stack: [0x00000051ac400000,0x00000051ac500000],  sp=0x00000051ac4fc540,  free space=1009k
Native frames: (J=compiled Java code, j=interpreted, Vv=VM code, C=native code)
C  [msvcp140.dll+0x132a8]
C  [gdal.dll+0xc2757d]

Java frames: (J=compiled Java code, j=interpreted, Vv=VM code)
j  org.gdal.gdal.gdalJNI.Open__SWIG_1(Ljava/lang/String;)J+0
j  org.gdal.gdal.gdal.Open(Ljava/lang/String;)Lorg/gdal/gdal/Dataset;+1
j  com.sia.task.service.ConvertCOGService.fileConvertCOG(Ljava/util/List;)V+457
j  com.sia.task.service.FileProcessingService.fileProcessing(Ljava/util/List;)V+14
j  com.sia.task.controller.FileProcessingController.fileProcessing(Lcom/sia/task/fileDTO/FileDTO;)Lorg/springframework/http/ResponseEntity;+39
v  ~StubRoutines::call_stub
J 3823  jdk.internal.reflect.NativeMethodAccessorImpl.invoke0(Ljava/lang/reflect/Method;Ljava/lang/Object;[Ljava/lang/Object;)Ljava/lang/Object; java.base@17.0.10 (0 bytes) @ 0x000001dd2af002a7 [0x000001dd2af00220+0x0000000000000087]
J 3822 c1 jdk.internal.reflect.NativeMethodAccessorImpl.invoke(Ljava/lang/Object;[Ljava/lang/Object;)Ljava/lang/Object; java.base@17.0.10 (137 bytes) @ 0x000001dd2aeffb4c [0x000001dd2aeff800+0x000000000000034c]
J 3811 c1 jdk.internal.reflect.DelegatingMethodAccessorImpl.invoke(Ljava/lang/Object;[Ljava/lang/Object;)Ljava/lang/Object; java.base@17.0.10 (10 bytes) @ 0x000001dd2af02d64 [0x000001dd2af02d20+0x0000000000000044]
J 3813 c1 java.lang.reflect.Method.invoke(Ljava/lang/Object;[Ljava/lang/Object;)Ljava/lang/Object; java.base@17.0.10 (65 bytes) @ 0x000001dd2af0256c [0x000001dd2af02460+0x000000000000010c]
j  org.springframework.web.method.support.InvocableHandlerMethod.doInvoke([Ljava/lang/Object;)Ljava/lang/Object;+55
j  org.springframework.web.method.support.InvocableHandlerMethod.invokeForRequest(Lorg/springframework/web/context/request/NativeWebRequest;Lorg/springframework/web/method/support/ModelAndViewContainer;[Ljava/lang/Object;)Ljava/lang/Object;+82
j  org.springframework.web.servlet.mvc.method.annotation.ServletInvocableHandlerMethod.invokeAndHandle(Lorg/springframework/web/context/request/ServletWebRequest;Lorg/springframework/web/method/support/ModelAndViewContainer;[Ljava/lang/Object;)V+4
j  org.springframework.web.servlet.mvc.method.annotation.RequestMappingHandlerAdapter.invokeHandlerMethod(Ljakarta/servlet/http/HttpServletRequest;Ljakarta/servlet/http/HttpServletResponse;Lorg/springframework/web/method/HandlerMethod;)Lorg/springframework/web/servlet/ModelAndView;+309
j  org.springframework.web.servlet.mvc.method.annotation.RequestMappingHandlerAdapter.handleInternal(Ljakarta/servlet/http/HttpServletRequest;Ljakarta/servlet/http/HttpServletResponse;Lorg/springframework/web/method/HandlerMethod;)Lorg/springframework/web/servlet/ModelAndView;+81
j  org.springframework.web.servlet.mvc.method.AbstractHandlerMethodAdapter.handle(Ljakarta/servlet/http/HttpServletRequest;Ljakarta/servlet/http/HttpServletResponse;Ljava/lang/Object;)Lorg/springframework/web/servlet/ModelAndView;+7
j  org.springframework.web.servlet.DispatcherServlet.doDispatch(Ljakarta/servlet/http/HttpServletRequest;Ljakarta/servlet/http/HttpServletResponse;)V+304
j  org.springframework.web.servlet.DispatcherServlet.doService(Ljakarta/servlet/http/HttpServletRequest;Ljakarta/servlet/http/HttpServletResponse;)V+242
j  org.springframework.web.servlet.FrameworkServlet.processRequest(Ljakarta/servlet/http/HttpServletRequest;Ljakarta/servlet/http/HttpServletResponse;)V+70
j  org.springframework.web.servlet.FrameworkServlet.doPost(Ljakarta/servlet/http/HttpServletRequest;Ljakarta/servlet/http/HttpServletResponse;)V+3
j  jakarta.servlet.http.HttpServlet.service(Ljakarta/servlet/http/HttpServletRequest;Ljakarta/servlet/http/HttpServletResponse;)V+150
j  org.springframework.web.servlet.FrameworkServlet.service(Ljakarta/servlet/http/HttpServletRequest;Ljakarta/servlet/http/HttpServletResponse;)V+20
j  jakarta.servlet.http.HttpServlet.service(Ljakarta/servlet/ServletRequest;Ljakarta/servlet/ServletResponse;)V+37
j  org.apache.catalina.core.ApplicationFilterChain.internalDoFilter(Ljakarta/servlet/ServletRequest;Ljakarta/servlet/ServletResponse;)V+300
j  org.apache.catalina.core.ApplicationFilterChain.doFilter(Ljakarta/servlet/ServletRequest;Ljakarta/servlet/ServletResponse;)V+99
j  org.apache.tomcat.websocket.server.WsFilter.doFilter(Ljakarta/servlet/ServletRequest;Ljakarta/servlet/ServletResponse;Ljakarta/servlet/FilterChain;)V+21
j  org.apache.catalina.core.ApplicationFilterChain.internalDoFilter(Ljakarta/servlet/ServletRequest;Ljakarta/servlet/ServletResponse;)V+130
j  org.apache.catalina.core.ApplicationFilterChain.doFilter(Ljakarta/servlet/ServletRequest;Ljakarta/servlet/ServletResponse;)V+99
j  org.springframework.web.filter.RequestContextFilter.doFilterInternal(Ljakarta/servlet/http/HttpServletRequest;Ljakarta/servlet/http/HttpServletResponse;Ljakarta/servlet/FilterChain;)V+21
j  org.springframework.web.filter.OncePerRequestFilter.doFilter(Ljakarta/servlet/ServletRequest;Ljakarta/servlet/ServletResponse;Ljakarta/servlet/FilterChain;)V+150
j  org.apache.catalina.core.ApplicationFilterChain.internalDoFilter(Ljakarta/servlet/ServletRequest;Ljakarta/servlet/ServletResponse;)V+130
j  org.apache.catalina.core.ApplicationFilterChain.doFilter(Ljakarta/servlet/ServletRequest;Ljakarta/servlet/ServletResponse;)V+99
j  org.springframework.web.filter.FormContentFilter.doFilterInternal(Ljakarta/servlet/http/HttpServletRequest;Ljakarta/servlet/http/HttpServletResponse;Ljakarta/servlet/FilterChain;)V+38
j  org.springframework.web.filter.OncePerRequestFilter.doFilter(Ljakarta/servlet/ServletRequest;Ljakarta/servlet/ServletResponse;Ljakarta/servlet/FilterChain;)V+150
j  org.apache.catalina.core.ApplicationFilterChain.internalDoFilter(Ljakarta/servlet/ServletRequest;Ljakarta/servlet/ServletResponse;)V+130
j  org.apache.catalina.core.ApplicationFilterChain.doFilter(Ljakarta/servlet/ServletRequest;Ljakarta/servlet/ServletResponse;)V+99
j  org.springframework.web.filter.CharacterEncodingFilter.doFilterInternal(Ljakarta/servlet/http/HttpServletRequest;Ljakarta/servlet/http/HttpServletResponse;Ljakarta/servlet/FilterChain;)V+53
j  org.springframework.web.filter.OncePerRequestFilter.doFilter(Ljakarta/servlet/ServletRequest;Ljakarta/servlet/ServletResponse;Ljakarta/servlet/FilterChain;)V+150
j  org.apache.catalina.core.ApplicationFilterChain.internalDoFilter(Ljakarta/servlet/ServletRequest;Ljakarta/servlet/ServletResponse;)V+130
j  org.apache.catalina.core.ApplicationFilterChain.doFilter(Ljakarta/servlet/ServletRequest;Ljakarta/servlet/ServletResponse;)V+99
j  org.apache.catalina.core.StandardWrapperValve.invoke(Lorg/apache/catalina/connector/Request;Lorg/apache/catalina/connector/Response;)V+514
j  org.apache.catalina.core.StandardContextValve.invoke(Lorg/apache/catalina/connector/Request;Lorg/apache/catalina/connector/Response;)V+169
j  org.apache.catalina.authenticator.AuthenticatorBase.invoke(Lorg/apache/catalina/connector/Request;Lorg/apache/catalina/connector/Response;)V+221
j  org.apache.catalina.core.StandardHostValve.invoke(Lorg/apache/catalina/connector/Request;Lorg/apache/catalina/connector/Response;)V+131
j  org.apache.catalina.valves.ErrorReportValve.invoke(Lorg/apache/catalina/connector/Request;Lorg/apache/catalina/connector/Response;)V+6
j  org.apache.catalina.core.StandardEngineValve.invoke(Lorg/apache/catalina/connector/Request;Lorg/apache/catalina/connector/Response;)V+59
j  org.apache.catalina.connector.CoyoteAdapter.service(Lorg/apache/coyote/Request;Lorg/apache/coyote/Response;)V+188
j  org.apache.coyote.http11.Http11Processor.service(Lorg/apache/tomcat/util/net/SocketWrapperBase;)Lorg/apache/tomcat/util/net/AbstractEndpoint$Handler$SocketState;+796
j  org.apache.coyote.AbstractProcessorLight.process(Lorg/apache/tomcat/util/net/SocketWrapperBase;Lorg/apache/tomcat/util/net/SocketEvent;)Lorg/apache/tomcat/util/net/AbstractEndpoint$Handler$SocketState;+155
j  org.apache.coyote.AbstractProtocol$ConnectionHandler.process(Lorg/apache/tomcat/util/net/SocketWrapperBase;Lorg/apache/tomcat/util/net/SocketEvent;)Lorg/apache/tomcat/util/net/AbstractEndpoint$Handler$SocketState;+482
j  org.apache.tomcat.util.net.NioEndpoint$SocketProcessor.doRun()V+249
j  org.apache.tomcat.util.net.SocketProcessorBase.run()V+32
j  org.apache.tomcat.util.threads.ThreadPoolExecutor.runWorker(Lorg/apache/tomcat/util/threads/ThreadPoolExecutor$Worker;)V+92
j  org.apache.tomcat.util.threads.ThreadPoolExecutor$Worker.run()V+5
j  org.apache.tomcat.util.threads.TaskThread$WrappingRunnable.run()V+4
j  java.lang.Thread.run()V+11 java.base@17.0.10
v  ~StubRoutines::call_stub

siginfo: EXCEPTION_ACCESS_VIOLATION (0xc0000005), reading address 0x0000000000000000


Registers:
RAX=0x0000000000000000, RBX=0x000001dd00179f20, RCX=0x00007ffcbac886f8, RDX=0x0000000000000000
RSP=0x00000051ac4fc540, RBP=0x00000051ac4fc700, RSI=0x00007ffcbac886f0, RDI=0x0000000000004000
R8 =0x0000000000000009, R9 =0x0000000000000040, R10=0xfefefefefefefeff, R11=0x8080808080808080
R12=0x00000051ac4fc820, R13=0x0000000000000000, R14=0x0000000000000000, R15=0x00007ffcbac88738
RIP=0x00007ffd5c4532a8, EFLAGS=0x0000000000010282


Register to memory mapping:

RIP=0x00007ffd5c4532a8 msvcp140.dll
RAX=0x0 is NULL
RBX=0x000001dd00179f20 points into unknown readable memory: 0x73726573555c3a43 | 43 3a 5c 55 73 65 72 73
RCX=0x00007ffcbac886f8 gdal.dll
RDX=0x0 is NULL
RSP=0x00000051ac4fc540 is pointing into the stack for thread: 0x000001dd009ddec0
RBP=0x00000051ac4fc700 is pointing into the stack for thread: 0x000001dd009ddec0
RSI=0x00007ffcbac886f0 gdal.dll
RDI=0x0000000000004000 is an unknown value
R8 =0x0000000000000009 is an unknown value
R9 =0x0000000000000040 is an unknown value
R10=0xfefefefefefefeff is an unknown value
R11=0x8080808080808080 is an unknown value
R12=0x00000051ac4fc820 is pointing into the stack for thread: 0x000001dd009ddec0
R13=0x0 is NULL
R14=0x0 is NULL
R15=0x00007ffcbac88738 gdal.dll


Top of Stack: (sp=0x00000051ac4fc540)
0x00000051ac4fc540:   0000000000000002 0000000000000000
0x00000051ac4fc550:   0000000000000000 0000000000000000
0x00000051ac4fc560:   0000000000000000 0000000000000000
0x00000051ac4fc570:   000079c2059b273b 000001dd0017a060
0x00000051ac4fc580:   0000000000000042 000001dd0017a060
0x00000051ac4fc590:   0000000000004000 00007ffcba53757d
0x00000051ac4fc5a0:   000001dd212b0000 000000000000003a
0x00000051ac4fc5b0:   000001dd00179f20 ffffffffffffffff
0x00000051ac4fc5c0:   00007ffcbac886f0 00007ffcb992c93e
0x00000051ac4fc5d0:   000000000000003a 000001dd009ddec0
0x00000051ac4fc5e0:   000001dd3b453e48 000000325f06c0b4
0x00000051ac4fc5f0:   0000000000000042 000001dd0017a060
0x00000051ac4fc600:   0000000000000000 0000000000000000
0x00000051ac4fc610:   0000000000004000 ffffffffffffffff
0x00000051ac4fc620:   00000051ac4fc700 00007ffcba536d8d
0x00000051ac4fc630:   00000051ac4fc7e0 00000051ac4fcac0 

Instructions: (pc=0x00007ffd5c4532a8)
0x00007ffd5c4531a8:   48 89 01 48 83 c1 08 48 83 c4 28 48 ff 25 26 30
0x00007ffd5c4531b8:   04 00 48 8d 05 37 70 04 00 45 33 c0 48 89 01 ba
0x00007ffd5c4531c8:   a0 0f 00 00 48 83 c1 08 48 83 c4 28 48 ff 25 ed
0x00007ffd5c4531d8:   2f 04 00 cc cc cc cc cc 48 83 c1 08 48 ff 25 cd
0x00007ffd5c4531e8:   2f 04 00 cc cc cc cc cc 48 83 c1 08 48 ff 25 dd
0x00007ffd5c4531f8:   2f 04 00 cc cc cc cc cc 48 83 c1 08 48 ff 25 45
0x00007ffd5c453208:   2e 04 00 cc 48 89 5c 24 18 48 89 74 24 20 57 41
0x00007ffd5c453218:   56 41 57 48 83 ec 40 48 8b 05 0a 11 07 00 48 33
0x00007ffd5c453228:   c4 48 89 44 24 30 8b 01 4c 8b f2 0f ba f0 08 48
0x00007ffd5c453238:   8b f1 83 f8 01 75 4a ff 15 b3 2f 04 00 39 46 48
0x00007ffd5c453248:   74 19 48 8d 4e 08 48 8b 01 48 8b 00 ff 15 6e 34
0x00007ffd5c453258:   04 00 ff 15 98 2f 04 00 89 46 48 ff 46 4c 33 c0
0x00007ffd5c453268:   48 8b 4c 24 30 48 33 cc e8 cb fd 03 00 48 8b 5c
0x00007ffd5c453278:   24 70 48 8b 74 24 78 48 83 c4 40 41 5f 41 5e 5f
0x00007ffd5c453288:   c3 4d 85 f6 75 28 4c 8d 79 48 ff 15 60 2f 04 00
0x00007ffd5c453298:   41 39 07 0f 84 ad 00 00 00 48 8d 4e 08 48 8b 01
0x00007ffd5c4532a8:   48 8b 00 ff 15 17 34 04 00 e9 98 00 00 00 48 83
0x00007ffd5c4532b8:   3a 00 7c 6e 75 06 83 7a 08 00 7e 66 ba 01 00 00
0x00007ffd5c4532c8:   00 48 8d 4c 24 20 e8 2d 09 00 00 48 8b 44 24 20
0x00007ffd5c4532d8:   49 3b 06 7c 14 0f 85 b3 00 00 00 41 8b 46 08 39
0x00007ffd5c4532e8:   44 24 28 0f 8d a5 00 00 00 4c 8d 7e 48 ff 15 fd
0x00007ffd5c4532f8:   2e 04 00 41 39 07 74 4e 48 8b 46 08 48 8d 54 24
0x00007ffd5c453308:   20 49 8b ce 48 8b 58 10 e8 db 07 00 00 8b d0 48
0x00007ffd5c453318:   8d 4e 08 48 8b c3 ff 15 a4 33 04 00 84 c0 74 9c
0x00007ffd5c453328:   eb 24 4c 8d 79 48 ff 15 c4 2e 04 00 41 39 07 74
0x00007ffd5c453338:   15 48 8d 4e 08 48 8b 01 48 8b 40 08 ff 15 7e 33
0x00007ffd5c453348:   04 00 84 c0 74 48 8b 4e 4c 33 db bf 02 01 00 00
0x00007ffd5c453358:   8d 41 01 89 46 4c 83 f8 01 7e 0f f7 06 00 01 00
0x00007ffd5c453368:   00 75 10 89 4e 4c 8b df eb 09 ff 15 80 2e 04 00
0x00007ffd5c453378:   41 89 07 85 db 0f 84 e3 fe ff ff 3b df 74 0a b8
0x00007ffd5c453388:   04 00 00 00 e9 d7 fe ff ff 4d 85 f6 74 20 49 83
0x00007ffd5c453398:   3e 00 75 10 41 8b 46 08 f7 d8 1b c0 83 c0 03 e9 


Stack slot to memory mapping:
stack at sp + 0 slots: 0x0000000000000002 is an unknown value
stack at sp + 1 slots: 0x0 is NULL
stack at sp + 2 slots: 0x0 is NULL
stack at sp + 3 slots: 0x0 is NULL
stack at sp + 4 slots: 0x0 is NULL
stack at sp + 5 slots: 0x0 is NULL
stack at sp + 6 slots: 0x000079c2059b273b is an unknown value
stack at sp + 7 slots: 0x000001dd0017a060 points into unknown readable memory: 0x73726573555c3a43 | 43 3a 5c 55 73 65 72 73


Compiled method (n/a)   15724 3823     n 0       jdk.internal.reflect.NativeMethodAccessorImpl::invoke0 (native)
 total in heap  [0x000001dd2af00090,0x000001dd2af00530] = 1184
 relocation     [0x000001dd2af001e8,0x000001dd2af00220] = 56
 main code      [0x000001dd2af00220,0x000001dd2af00530] = 784

[Constant Pool (empty)]

[MachCode]
[Entry Point]
  # {method} {0x000001dd3b1c4290} 'invoke0' '(Ljava/lang/reflect/Method;Ljava/lang/Object;[Ljava/lang/Object;)Ljava/lang/Object;' in 'jdk/internal/reflect/NativeMethodAccessorImpl'
  # parm0:    rdx:rdx   = 'java/lang/reflect/Method'
  # parm1:    r8:r8     = 'java/lang/Object'
  # parm2:    r9:r9     = '[Ljava/lang/Object;'
  #           [sp+0x80]  (sp of caller)
  0x000001dd2af00220: 448b 5208 | 49bb 0000 | 003b dd01 | 0000 4d03 | d349 3bc2 | 0f84 0600 

  0x000001dd2af00238: ;   {runtime_call ic_miss_stub}
  0x000001dd2af00238: 0000 e941 | c87b ff90 
[Verified Entry Point]
  0x000001dd2af00240: 8984 2400 | 90ff ff55 | 488b ec48 | 83ec 704c | 894c 2438 | 4983 f900 | 488d 4424 | 3848 0f44 
  0x000001dd2af00260: 4424 3848 | 8944 2420 | 4c89 4424 | 3049 83f8 | 004c 8d4c | 2430 4c0f | 444c 2430 | 4889 5424 
  0x000001dd2af00280: 2848 83fa | 004c 8d44 | 2428 4c0f | 4444 2428 

  0x000001dd2af00290: ;   {oop(a 'java/lang/Class'{0x0000000709754218} = 'jdk/internal/reflect/NativeMethodAccessorImpl')}
  0x000001dd2af00290: 49be 1842 | 7509 0700 | 0000 4c89 | 7424 584c | 8d74 2458 | 498b d6c5 

  0x000001dd2af002a8: ;   {internal_word}
  0x000001dd2af002a8: f877 49ba | a702 f02a | dd01 0000 | 4d89 9798 | 0200 0049 | 89a7 9002 

  0x000001dd2af002c0: ;   {external_word}
  0x000001dd2af002c0: 0000 49ba | e380 a7d5 | fc7f 0000 | 4180 3a00 | 0f84 5200 | 0000 5241 

  0x000001dd2af002d8: ;   {metadata({method} {0x000001dd3b1c4290} 'invoke0' '(Ljava/lang/reflect/Method;Ljava/lang/Object;[Ljava/lang/Object;)Ljava/lang/Object;' in 'jdk/internal/reflect/NativeMethodAccessorImpl')}
  0x000001dd2af002d8: 5041 5148 | ba88 421c | 3bdd 0100 | 0049 8bcf | 4883 ec20 | f7c4 0f00 | 0000 0f84 | 1a00 0000 
  0x000001dd2af002f8: 4883 ec08 

  0x000001dd2af002fc: ;   {runtime_call}
  0x000001dd2af002fc: 49ba 00d6 | 64d5 fc7f | 0000 41ff | d248 83c4 | 08e9 0d00 

  0x000001dd2af00310: ;   {runtime_call}
  0x000001dd2af00310: 0000 49ba | 00d6 64d5 | fc7f 0000 | 41ff d248 | 83c4 2041 | 5941 585a | 498d 8fb0 | 0200 0041 
  0x000001dd2af00330: c787 4003 | 0000 0400 

  0x000001dd2af00338: ;   {runtime_call}
  0x000001dd2af00338: 0000 49ba | a43e 385c | fd7f 0000 | 41ff d2c5 | f877 41c7 | 8740 0300 | 0005 0000 | 00f0 8344 
  0x000001dd2af00358: 24c0 0049 | 3baf 4803 | 0000 0f87 | 1100 0000 | 4181 bf30 | 0300 0000 | 0000 000f | 842c 0000 
  0x000001dd2af00378: 00c5 f877 | 4889 45f8 | 498b cf4c | 8be4 4883 | ec20 4883 

  0x000001dd2af0038c: ;   {runtime_call}
  0x000001dd2af0038c: e4f0 49ba | 408d 6fd5 | fc7f 0000 | 41ff d249 | 8be4 4d33 | e448 8b45 | f841 c787 | 4003 0000 
  0x000001dd2af003ac: 0800 0000 | 4181 bfb0 | 0300 0002 | 0000 000f | 843f 0100 

  0x000001dd2af003c0: ;   {external_word}
  0x000001dd2af003c0: 0049 bae3 | 80a7 d5fc | 7f00 0041 | 803a 000f | 8450 0000 | 0048 8945 

  0x000001dd2af003d8: ;   {metadata({method} {0x000001dd3b1c4290} 'invoke0' '(Ljava/lang/reflect/Method;Ljava/lang/Object;[Ljava/lang/Object;)Ljava/lang/Object;' in 'jdk/internal/reflect/NativeMethodAccessorImpl')}
  0x000001dd2af003d8: f848 ba88 | 421c 3bdd | 0100 0049 | 8bcf 4883 | ec20 f7c4 | 0f00 0000 | 0f84 1a00 | 0000 4883 
  0x000001dd2af003f8: ;   {runtime_call}
  0x000001dd2af003f8: ec08 49ba | 00d6 64d5 | fc7f 0000 | 41ff d248 | 83c4 08e9 | 0d00 0000 

  0x000001dd2af00410: ;   {runtime_call}
  0x000001dd2af00410: 49ba 00d6 | 64d5 fc7f | 0000 41ff | d248 83c4 | 2048 8b45 | f849 c787 | 9002 0000 | 0000 0000 
  0x000001dd2af00430: 49c7 8798 | 0200 0000 | 0000 00c5 | f877 4885 | c00f 8493 | 0000 0048 | f7c0 0100 | 0000 0f84 
  0x000001dd2af00450: 8300 0000 | 488b 40ff | 4180 7f38 | 000f 846f | 0000 0048 | 83f8 000f | 8465 0000 | 0049 8b4f 
  0x000001dd2af00470: 2048 83f9 | 000f 8414 | 0000 0048 | 83e9 0849 | 894f 2049 | 034f 3048 | 8901 e943 | 0000 0050 
  0x000001dd2af00490: 498b d748 | 8bc8 4883 | ec20 f7c4 | 0f00 0000 | 0f84 1a00 | 0000 4883 

  0x000001dd2af004a8: ;   {runtime_call}
  0x000001dd2af004a8: ec08 49ba | 3009 24d5 | fc7f 0000 | 41ff d248 | 83c4 08e9 | 0d00 0000 

  0x000001dd2af004c0: ;   {runtime_call}
  0x000001dd2af004c0: 49ba 3009 | 24d5 fc7f | 0000 41ff | d248 83c4 | 2058 e903 | 0000 0048 | 8b00 498b | 8fd8 0000 
  0x000001dd2af004e0: 00c7 8100 | 0100 0000 | 0000 00c9 | 4981 7f08 | 0000 0000 | 0f85 0100 

  0x000001dd2af004f8: ;   {runtime_call StubRoutines (1)}
  0x000001dd2af004f8: 0000 c3e9 | 000a 77ff | c5f8 7748 | 8945 f84c | 8be4 4883 | ec20 4883 

  0x000001dd2af00510: ;   {runtime_call}
  0x000001dd2af00510: e4f0 49ba | a006 65d5 | fc7f 0000 | 41ff d249 | 8be4 4d33 | e448 8b45 | f8e9 93fe | ffff f4f4 
[/MachCode]


Compiled method (c1)   15744 3822   !   1       jdk.internal.reflect.NativeMethodAccessorImpl::invoke (137 bytes)
 total in heap  [0x000001dd2aeff610,0x000001dd2af00050] = 2624
 relocation     [0x000001dd2aeff768,0x000001dd2aeff7f0] = 136
 main code      [0x000001dd2aeff800,0x000001dd2aeffc60] = 1120
 stub code      [0x000001dd2aeffc60,0x000001dd2aeffce8] = 136
 metadata       [0x000001dd2aeffce8,0x000001dd2aeffd08] = 32
 scopes data    [0x000001dd2aeffd08,0x000001dd2aeffdc8] = 192
 scopes pcs     [0x000001dd2aeffdc8,0x000001dd2aeffee8] = 288
 dependencies   [0x000001dd2aeffee8,0x000001dd2aeffef0] = 8
 handler table  [0x000001dd2aeffef0,0x000001dd2af00010] = 288
 nul chk table  [0x000001dd2af00010,0x000001dd2af00050] = 64

[Constant Pool (empty)]

[MachCode]
[Entry Point]
  # {method} {0x000001dd3b1c3d68} 'invoke' '(Ljava/lang/Object;[Ljava/lang/Object;)Ljava/lang/Object;' in 'jdk/internal/reflect/NativeMethodAccessorImpl'
  # this:     rdx:rdx   = 'jdk/internal/reflect/NativeMethodAccessorImpl'
  # parm0:    r8:r8     = 'java/lang/Object'
  # parm1:    r9:r9     = '[Ljava/lang/Object;'
  #           [sp+0xd0]  (sp of caller)
  0x000001dd2aeff800: 448b 5208 | 49bb 0000 | 003b dd01 | 0000 4d03 | d34c 3bd0 

  0x000001dd2aeff814: ;   {runtime_call ic_miss_stub}
  0x000001dd2aeff814: 0f85 66d2 | 7bff 660f | 1f44 0000 
[Verified Entry Point]
  0x000001dd2aeff820: 8984 2400 | 90ff ff55 | 4881 ecc0 | 0000 0048 | 8954 2470 | 8b72 0cff | c689 720c 

  0x000001dd2aeff83c: ;   {oop(a 'java/lang/Class'{0x00000007097880d8} = 'jdk/internal/reflect/ReflectionFactory')}
  0x000001dd2aeff83c: 48bf d880 | 7809 0700 | 0000 8b7f | 783b f70f | 8f08 0000 | 0048 8bf2 | e9e2 0200 | 004c 898c 
  0x000001dd2aeff85c: 2480 0000 | 004c 8944 | 2478 8b72 | 1448 c1e6 | 038b 7624 | 48c1 e603 

  0x000001dd2aeff874: ; implicit exception: dispatches to 0x000001dd2aeffb9a
  0x000001dd2aeff874: 483b 0648 | 8bd6 0f1f 

  0x000001dd2aeff87c: ;   {optimized virtual_call}
  0x000001dd2aeff87c: 4400 00e8 

  0x000001dd2aeff880: ; ImmutableOopMap {[112]=Oop [128]=Oop [120]=Oop }
                      ;*invokevirtual isHidden {reexecute=0 rethrow=0 return_oop=0}
                      ; - jdk.internal.reflect.NativeMethodAccessorImpl::invoke@24 (line 57)
  0x000001dd2aeff880: bc97 b5ff | 83f8 000f | 8417 0000 | 004c 8b8c | 2480 0000 | 004c 8b44 | 2478 488b | 7424 70e9 
  0x000001dd2aeff8a0: 9702 0000 | 488b 5424 | 708b 4210 | 83f8 000f | 8415 0000 | 004c 8b8c | 2480 0000 | 004c 8b44 
  0x000001dd2aeff8c0: 2478 488b | f2e9 7102 | 0000 488d | 7210 b800 | 0000 00bf | 0100 0000 | f00f b13e | be01 0000 
  0x000001dd2aeff8e0: 000f 8405 | 0000 00be | 0000 0000 | 83fe 000f | 8515 0000 | 004c 8b8c | 2480 0000 | 004c 8b44 
  0x000001dd2aeff900: 2478 488b | f2e9 3102 | 0000 488b 

  0x000001dd2aeff90c: ;   {metadata('jdk/internal/reflect/MethodAccessorGenerator')}
  0x000001dd2aeff90c: da48 ba68 | 360f 3cdd | 0100 0049 | 8b87 0801 | 0000 488d | b890 0000 | 0049 3bbf | 1801 0000 
  0x000001dd2aeff92c: 0f87 6d02 | 0000 4989 | bf08 0100 | 0048 c700 | 0100 0000 | 488b ca49 | ba00 0000 | 3bdd 0100 
  0x000001dd2aeff94c: 0049 2bca | 8948 0848 | 33c9 8948 | 0c48 33c9 | 48bf 1000 | 0000 0000 | 0000 4889 | 4cf8 0848 
  0x000001dd2aeff96c: ffcf 75f6 | ba1e 0000 | 0066 8950 | 6aba 4900 | 0000 6689 | 506c 8b53 | 1448 c1e2 | 038b 7224 
  0x000001dd2aeff98c: 48c1 e603 | 8b7a 2848 | c1e7 038b | 5230 48c1 | e203 4889 | 8424 9800 | 0000 4889 | bc24 9000 
  0x000001dd2aeff9ac: 0000 4889 | b424 8800 | 0000 0f1f | 8000 0000 | 0048 b878 | 1c00 3bdd 

  0x000001dd2aeff9c4: ;   {virtual_call}
  0x000001dd2aeff9c4: 0100 00e8 

  0x000001dd2aeff9c8: ; ImmutableOopMap {[128]=Oop [120]=Oop [152]=Oop [112]=Oop [144]=Oop [136]=Oop }
                      ;*invokevirtual clone {reexecute=0 rethrow=0 return_oop=0}
                      ; - java.lang.reflect.Method::getParameterTypes@4 (line 314)
                      ; - jdk.internal.reflect.NativeMethodAccessorImpl::invoke@77 (line 65)
  0x000001dd2aeff9c8: 54ff a4ff | 4883 f800 | 0f84 2900 

  0x000001dd2aeff9d4: ;   {metadata('java/lang/Class'[])}
  0x000001dd2aeff9d4: 0000 48bb | 781c 003b | dd01 0000 | 8b78 0849 | ba00 0000 | 3bdd 0100 | 0049 03fa | 483b 5f40 
  0x000001dd2aeff9f4: 0f85 b701 | 0000 e900 | 0000 0048 | 8bf0 488b | 5424 708b | 7a14 48c1 | e703 8b5f | 2c48 c1e3 
  0x000001dd2aeffa14: 038b 7f34 | 48c1 e703 | 488b d748 | 899c 24a8 | 0000 0048 | 89b4 24a0 | 0000 0066 | 0f1f 4400 
  0x000001dd2aeffa34: 0048 b878 | 1c00 3bdd 

  0x000001dd2aeffa3c: ;   {virtual_call}
  0x000001dd2aeffa3c: 0100 00e8 

  0x000001dd2aeffa40: ; ImmutableOopMap {[128]=Oop [120]=Oop [152]=Oop [144]=Oop [136]=Oop [112]=Oop [168]=Oop [160]=Oop }
                      ;*invokevirtual clone {reexecute=0 rethrow=0 return_oop=0}
                      ; - java.lang.reflect.Method::getExceptionTypes@4 (line 341)
                      ; - jdk.internal.reflect.NativeMethodAccessorImpl::invoke@91 (line 67)
  0x000001dd2aeffa40: dcfe a4ff | 4883 f800 | 0f84 2a00 

  0x000001dd2aeffa4c: ;   {metadata('java/lang/Class'[])}
  0x000001dd2aeffa4c: 0000 48bf | 781c 003b | dd01 0000 | 448b 4808 | 49ba 0000 | 003b dd01 | 0000 4d03 | ca49 3b79 
  0x000001dd2aeffa6c: 400f 854c | 0100 00e9 | 0000 0000 | 488b c848 | 8b54 2470 | 448b 4214 | 49c1 e003 

  0x000001dd2aeffa88: ; implicit exception: dispatches to 0x000001dd2aeffbc8
  0x000001dd2aeffa88: 418b 5820 | 4c8b 8424 | 8800 0000 | 4c8b 8c24 | 9000 0000 | 488b bc24 | a000 0000 | 488b b424 
  0x000001dd2aeffaa8: a800 0000 | 891c 2448 | 8b94 2498 

  0x000001dd2aeffab4: ;   {optimized virtual_call}
  0x000001dd2aeffab4: 0000 00e8 

  0x000001dd2aeffab8: ; ImmutableOopMap {[128]=Oop [120]=Oop [112]=Oop }
                      ;*invokevirtual generateMethod {reexecute=0 rethrow=0 return_oop=0}
                      ; - jdk.internal.reflect.NativeMethodAccessorImpl::invoke@101 (line 63)
  0x000001dd2aeffab8: d901 0000 | 4883 f800 | 0f84 2a00 

  0x000001dd2aeffac4: ;   {metadata('jdk/internal/reflect/MethodAccessorImpl')}
  0x000001dd2aeffac4: 0000 48be | d0ae 003b | dd01 0000 | 448b 4808 | 49ba 0000 | 003b dd01 | 0000 4d03 | ca49 3b71 
  0x000001dd2aeffae4: 400f 85e2 | 0000 00e9 | 0000 0000 | 488b d048 | 8b74 2470 | 448b 4618 | 49c1 e003 | 450f be4f 
  0x000001dd2aeffb04: 3841 83f9 | 000f 85c7 | 0000 004c | 8bd2 49c1 | ea03 4589 | 500c 4d8b | c84c 33ca | 49c1 e915 
  0x000001dd2aeffb24: 4983 f900 | 0f85 cd00 | 0000 4c8b | 8c24 8000 | 0000 4c8b | 4424 788b | 5614 48c1 | e203 0f1f 
  0x000001dd2aeffb44: ;   {static_call}
  0x000001dd2aeffb44: 4400 00e8 

  0x000001dd2aeffb48: ; ImmutableOopMap {}
                      ;*invokestatic invoke0 {reexecute=0 rethrow=0 return_oop=0}
                      ; - jdk.internal.reflect.NativeMethodAccessorImpl::invoke@133 (line 77)
  0x000001dd2aeffb48: f406 0000 | 4881 c4c0 | 0000 005d 

  0x000001dd2aeffb54: ;   {poll_return}
  0x000001dd2aeffb54: 493b a748 | 0300 000f | 87b2 0000 | 00c3 488b | 7424 7049 | 8b87 d803 | 0000 4d33 | d24d 8997 
  0x000001dd2aeffb74: d803 0000 | 4d33 d24d | 8997 e003 | 0000 bf00 | 0000 0089 | 7e10 f083 | 4424 c000 | e9b8 0000 
  0x000001dd2aeffb94: ;   {runtime_call throw_null_pointer_exception Runtime1 stub}
  0x000001dd2aeffb94: 00e8 865b 

  0x000001dd2aeffb98: ; ImmutableOopMap {rdx=Oop [112]=Oop [128]=Oop [120]=Oop }
                      ;*invokevirtual getDeclaringClass {reexecute=0 rethrow=0 return_oop=0}
                      ; - jdk.internal.reflect.NativeMethodAccessorImpl::invoke@21 (line 57)
                      ;   {runtime_call throw_null_pointer_exception Runtime1 stub}
  0x000001dd2aeffb98: 86ff e881 

  0x000001dd2aeffb9c: ; ImmutableOopMap {rdx=Oop [112]=Oop [128]=Oop [120]=Oop rsi=Oop }
                      ;*invokevirtual isHidden {reexecute=0 rethrow=0 return_oop=0}
                      ; - jdk.internal.reflect.NativeMethodAccessorImpl::invoke@24 (line 57)
  0x000001dd2aeffb9c: 5b86 ff48 

  0x000001dd2aeffba0: ;   {runtime_call fast_new_instance Runtime1 stub}
  0x000001dd2aeffba0: 8bd2 e859 

  0x000001dd2aeffba4: ; ImmutableOopMap {[128]=Oop [120]=Oop rbx=Oop [112]=Oop }
                      ;*new {reexecute=0 rethrow=0 return_oop=0}
                      ; - jdk.internal.reflect.NativeMethodAccessorImpl::invoke@52 (line 61)
  0x000001dd2aeffba4: 6486 ffe9 | c4fd ffff 

  0x000001dd2aeffbac: ;   {runtime_call throw_null_pointer_exception Runtime1 stub}
  0x000001dd2aeffbac: e86f 5b86 

  0x000001dd2aeffbb0: ; ImmutableOopMap {[128]=Oop [120]=Oop rbx=Oop [112]=Oop rax=Oop rdx=Oop }
                      ;*invokevirtual getDeclaringClass {reexecute=0 rethrow=0 return_oop=0}
                      ; - jdk.internal.reflect.NativeMethodAccessorImpl::invoke@63 (line 63)
  0x000001dd2aeffbb0: ff48 8904 

  0x000001dd2aeffbb4: ;   {runtime_call throw_class_cast_exception Runtime1 stub}
  0x000001dd2aeffbb4: 24e8 667f 

  0x000001dd2aeffbb8: ; ImmutableOopMap {[128]=Oop [120]=Oop [152]=Oop [112]=Oop [144]=Oop [136]=Oop }
                      ;*checkcast {reexecute=0 rethrow=0 return_oop=0}
                      ; - java.lang.reflect.Method::getParameterTypes@7 (line 314)
                      ; - jdk.internal.reflect.NativeMethodAccessorImpl::invoke@77 (line 65)
                      ;   {runtime_call throw_null_pointer_exception Runtime1 stub}
  0x000001dd2aeffbb8: 86ff e861 

  0x000001dd2aeffbbc: ; ImmutableOopMap {[128]=Oop [120]=Oop [152]=Oop [144]=Oop [136]=Oop rsi=Oop rdx=Oop [112]=Oop rdi=Oop }
                      ;*invokevirtual getReturnType {reexecute=0 rethrow=0 return_oop=0}
                      ; - jdk.internal.reflect.NativeMethodAccessorImpl::invoke@84 (line 66)
  0x000001dd2aeffbbc: 5b86 ff48 

  0x000001dd2aeffbc0: ;   {runtime_call throw_class_cast_exception Runtime1 stub}
  0x000001dd2aeffbc0: 8904 24e8 

  0x000001dd2aeffbc4: ; ImmutableOopMap {[128]=Oop [120]=Oop [152]=Oop [144]=Oop [136]=Oop [112]=Oop [168]=Oop [160]=Oop }
                      ;*checkcast {reexecute=0 rethrow=0 return_oop=0}
                      ; - java.lang.reflect.Method::getExceptionTypes@7 (line 341)
                      ; - jdk.internal.reflect.NativeMethodAccessorImpl::invoke@91 (line 67)
  0x000001dd2aeffbc4: 587f 86ff 

  0x000001dd2aeffbc8: ;   {runtime_call throw_null_pointer_exception Runtime1 stub}
  0x000001dd2aeffbc8: e853 5b86 

  0x000001dd2aeffbcc: ; ImmutableOopMap {[128]=Oop [120]=Oop [152]=Oop [144]=Oop [136]=Oop [168]=Oop [160]=Oop rcx=Oop rdx=Oop [112]=Oop }
                      ;*invokevirtual getModifiers {reexecute=0 rethrow=0 return_oop=0}
                      ; - jdk.internal.reflect.NativeMethodAccessorImpl::invoke@98 (line 68)
  0x000001dd2aeffbcc: ff48 8904 

  0x000001dd2aeffbd0: ;   {runtime_call throw_class_cast_exception Runtime1 stub}
  0x000001dd2aeffbd0: 24e8 4a7f 

  0x000001dd2aeffbd4: ; ImmutableOopMap {[128]=Oop [120]=Oop [112]=Oop }
                      ;*checkcast {reexecute=0 rethrow=0 return_oop=0}
                      ; - jdk.internal.reflect.NativeMethodAccessorImpl::invoke@104 (line 63)
  0x000001dd2aeffbd4: 86ff 458b | 480c 49c1 | e103 4983 | f900 0f84 | 27ff ffff | 4c89 0c24 

  0x000001dd2aeffbec: ;   {runtime_call g1_pre_barrier_slow}
  0x000001dd2aeffbec: e80f b286 | ffe9 19ff 

  0x000001dd2aeffbf4: ;   {runtime_call throw_null_pointer_exception Runtime1 stub}
  0x000001dd2aeffbf4: ffff e825 

  0x000001dd2aeffbf8: ; ImmutableOopMap {[128]=Oop [120]=Oop rdx=Oop rsi=Oop [112]=Oop r8=Oop }
                      ;*invokevirtual setDelegate {reexecute=0 rethrow=0 return_oop=0}
                      ; - jdk.internal.reflect.NativeMethodAccessorImpl::invoke@113 (line 69)
  0x000001dd2aeffbf8: 5b86 ff48 | 83fa 000f | 8429 ffff | ff4c 8904 

  0x000001dd2aeffc08: ;   {runtime_call g1_post_barrier_slow}
  0x000001dd2aeffc08: 24e8 f2b4 | 86ff e91b 

  0x000001dd2aeffc10: ;   {internal_word}
  0x000001dd2aeffc10: ffff ff49 | ba54 fbef | 2add 0100 | 004d 8997 | 6003 0000 

  0x000001dd2aeffc24: ;   {runtime_call SafepointBlob}
  0x000001dd2aeffc24: e9d7 377c 

  0x000001dd2aeffc28: ;   {runtime_call throw_null_pointer_exception Runtime1 stub}
  0x000001dd2aeffc28: ffe8 f25a 

  0x000001dd2aeffc2c: ; ImmutableOopMap {[128]=Oop [120]=Oop rdx=Oop rsi=Oop [112]=Oop r8=Oop }
                      ;*invokevirtual setDelegate {reexecute=0 rethrow=0 return_oop=0}
                      ; - jdk.internal.reflect.NativeMethodAccessorImpl::invoke@113 (line 69)
  0x000001dd2aeffc2c: 86ff 9090 | 498b 87d8 | 0300 0049 | c787 d803 | 0000 0000 | 0000 49c7 | 87e0 0300 | 0000 0000 
  0x000001dd2aeffc4c: 0048 81c4 | c000 0000 

  0x000001dd2aeffc54: ;   {runtime_call unwind_exception Runtime1 stub}
  0x000001dd2aeffc54: 5de9 a64b | 86ff f4f4 | f4f4 f4f4 
[Stub Code]
  0x000001dd2aeffc60: ;   {no_reloc}
  0x000001dd2aeffc60: 0f1f 4400 

  0x000001dd2aeffc64: ;   {static_stub}
  0x000001dd2aeffc64: 0048 bb00 | 0000 0000 

  0x000001dd2aeffc6c: ;   {runtime_call}
  0x000001dd2aeffc6c: 0000 00e9 | fbff ffff 

  0x000001dd2aeffc74: ;   {static_stub}
  0x000001dd2aeffc74: 9048 bb00 | 0000 0000 

  0x000001dd2aeffc7c: ;   {runtime_call}
  0x000001dd2aeffc7c: 0000 00e9 | fbff ffff 

  0x000001dd2aeffc84: ;   {static_stub}
  0x000001dd2aeffc84: 9048 bb00 | 0000 0000 

  0x000001dd2aeffc8c: ;   {runtime_call}
  0x000001dd2aeffc8c: 0000 00e9 | fbff ffff 

  0x000001dd2aeffc94: ;   {static_stub}
  0x000001dd2aeffc94: 9048 bb10 | 6623 7cdd 

  0x000001dd2aeffc9c: ;   {runtime_call I2C/C2I adapters}
  0x000001dd2aeffc9c: 0100 00e9 | d6eb 9dff 

  0x000001dd2aeffca4: ;   {static_stub}
  0x000001dd2aeffca4: 9048 bb00 | 0000 0000 

  0x000001dd2aeffcac: ;   {runtime_call}
  0x000001dd2aeffcac: 0000 00e9 | fbff ffff 
[Exception Handler]
  0x000001dd2aeffcb4: ;   {runtime_call handle_exception_from_callee Runtime1 stub}
  0x000001dd2aeffcb4: e847 7886 

  0x000001dd2aeffcb8: ;   {external_word}
  0x000001dd2aeffcb8: ff48 b9a0 | e083 d5fc | 7f00 0048 

  0x000001dd2aeffcc4: ;   {runtime_call}
  0x000001dd2aeffcc4: 83e4 f049 | bae0 da51 | d5fc 7f00 | 0041 ffd2 

  0x000001dd2aeffcd4: ;   {section_word}
  0x000001dd2aeffcd4: f449 bad5 | fcef 2add | 0100 0041 

  0x000001dd2aeffce0: ;   {runtime_call DeoptimizationBlob}
  0x000001dd2aeffce0: 52e9 ba29 | 7cff f4f4 
[/MachCode]


Compiled method (c1)   15774 3811       1       jdk.internal.reflect.DelegatingMethodAccessorImpl::invoke (10 bytes)
 total in heap  [0x000001dd2af02b90,0x000001dd2af02e58] = 712
 relocation     [0x000001dd2af02ce8,0x000001dd2af02d20] = 56
 main code      [0x000001dd2af02d20,0x000001dd2af02dc0] = 160
 stub code      [0x000001dd2af02dc0,0x000001dd2af02e08] = 72
 metadata       [0x000001dd2af02e08,0x000001dd2af02e10] = 8
 scopes data    [0x000001dd2af02e10,0x000001dd2af02e20] = 16
 scopes pcs     [0x000001dd2af02e20,0x000001dd2af02e50] = 48
 dependencies   [0x000001dd2af02e50,0x000001dd2af02e58] = 8

[Constant Pool (empty)]

[MachCode]
[Entry Point]
  # {method} {0x000001dd3b35fb00} 'invoke' '(Ljava/lang/Object;[Ljava/lang/Object;)Ljava/lang/Object;' in 'jdk/internal/reflect/DelegatingMethodAccessorImpl'
  # this:     rdx:rdx   = 'jdk/internal/reflect/DelegatingMethodAccessorImpl'
  # parm0:    r8:r8     = 'java/lang/Object'
  # parm1:    r9:r9     = '[Ljava/lang/Object;'
  #           [sp+0x40]  (sp of caller)
  0x000001dd2af02d20: 448b 5208 | 49bb 0000 | 003b dd01 | 0000 4d03 | d34c 3bd0 

  0x000001dd2af02d34: ;   {runtime_call ic_miss_stub}
  0x000001dd2af02d34: 0f85 469d | 7bff 660f | 1f44 0000 
[Verified Entry Point]
  0x000001dd2af02d40: 8984 2400 | 90ff ff55 | 4883 ec30 | 8b52 0c48 | c1e2 0366 | 9048 b8ff | ffff ffff 

  0x000001dd2af02d5c: ;   {virtual_call}
  0x000001dd2af02d5c: ffff ffe8 

  0x000001dd2af02d60: ; ImmutableOopMap {}
                      ;*invokevirtual invoke {reexecute=0 rethrow=0 return_oop=0}
                      ; - jdk.internal.reflect.DelegatingMethodAccessorImpl::invoke@6 (line 43)
  0x000001dd2af02d60: 9468 8fff | 4883 c430 

  0x000001dd2af02d68: ;   {poll_return}
  0x000001dd2af02d68: 5d49 3ba7 | 4803 0000 | 0f87 0100 

  0x000001dd2af02d74: ;   {internal_word}
  0x000001dd2af02d74: 0000 c349 | ba69 2df0 | 2add 0100 | 004d 8997 | 6003 0000 

  0x000001dd2af02d88: ;   {runtime_call SafepointBlob}
  0x000001dd2af02d88: e973 067c | ff90 9049 | 8b87 d803 | 0000 49c7 | 87d8 0300 | 0000 0000 | 0049 c787 | e003 0000 
  0x000001dd2af02da8: 0000 0000 | 4883 c430 

  0x000001dd2af02db0: ;   {runtime_call unwind_exception Runtime1 stub}
  0x000001dd2af02db0: 5de9 4a1a | 86ff f4f4 | f4f4 f4f4 | f4f4 f4f4 
[Stub Code]
  0x000001dd2af02dc0: ;   {no_reloc}
  0x000001dd2af02dc0: 0f1f 4400 

  0x000001dd2af02dc4: ;   {static_stub}
  0x000001dd2af02dc4: 0048 bb00 | 0000 0000 

  0x000001dd2af02dcc: ;   {runtime_call}
  0x000001dd2af02dcc: 0000 00e9 | fbff ffff 
[Exception Handler]
  0x000001dd2af02dd4: ;   {runtime_call handle_exception_from_callee Runtime1 stub}
  0x000001dd2af02dd4: e827 4786 

  0x000001dd2af02dd8: ;   {external_word}
  0x000001dd2af02dd8: ff48 b9a0 | e083 d5fc | 7f00 0048 

  0x000001dd2af02de4: ;   {runtime_call}
  0x000001dd2af02de4: 83e4 f049 | bae0 da51 | d5fc 7f00 | 0041 ffd2 

  0x000001dd2af02df4: ;   {section_word}
  0x000001dd2af02df4: f449 baf5 | 2df0 2add | 0100 0041 

  0x000001dd2af02e00: ;   {runtime_call DeoptimizationBlob}
  0x000001dd2af02e00: 52e9 9af8 | 7bff f4f4 
[/MachCode]


---------------  P R O C E S S  ---------------

Threads class SMR info:
_java_thread_list=0x000001dd3aa6d030, length=31, elements={
0x000001dd3a7932e0, 0x000001dd3a793ca0, 0x000001dd3a7b3140, 0x000001dd3a7b3b00,
0x000001dd3a7b64d0, 0x000001dd3a7b8570, 0x000001dd3a7b9aa0, 0x000001dd3a7bc7c0,
0x000001dd3a818060, 0x000001dd3a832010, 0x000001dd3a91ebf0, 0x000001dd3a922a00,
0x000001dd004dac90, 0x000001dd01062490, 0x000001dd01062970, 0x000001dd01086980,
0x000001dd01142230, 0x000001dd01b569b0, 0x000001dd009dd4a0, 0x000001dd009ddec0,
0x000001dd009df810, 0x000001dd009de3d0, 0x000001dd009dedf0, 0x000001dd009df300,
0x000001dd009dc060, 0x000001dd017b7c60, 0x000001dd017b9fd0, 0x000001dd017b8170,
0x000001dd017ba4e0, 0x000001dd017ba9f0, 0x000001dd017b8680
}

Java Threads: ( => current thread )
  0x000001dd3a7932e0 JavaThread "Reference Handler" daemon [_thread_blocked, id=7644, stack(0x00000051a9c00000,0x00000051a9d00000)]
  0x000001dd3a793ca0 JavaThread "Finalizer" daemon [_thread_blocked, id=27076, stack(0x00000051a9d00000,0x00000051a9e00000)]
  0x000001dd3a7b3140 JavaThread "Signal Dispatcher" daemon [_thread_blocked, id=15264, stack(0x00000051a9e00000,0x00000051a9f00000)]
  0x000001dd3a7b3b00 JavaThread "Attach Listener" daemon [_thread_blocked, id=25516, stack(0x00000051a9f00000,0x00000051aa000000)]
  0x000001dd3a7b64d0 JavaThread "Service Thread" daemon [_thread_blocked, id=29172, stack(0x00000051aa000000,0x00000051aa100000)]
  0x000001dd3a7b8570 JavaThread "Monitor Deflation Thread" daemon [_thread_blocked, id=14440, stack(0x00000051aa100000,0x00000051aa200000)]
  0x000001dd3a7b9aa0 JavaThread "C1 CompilerThread0" daemon [_thread_blocked, id=19896, stack(0x00000051aa200000,0x00000051aa300000)]
  0x000001dd3a7bc7c0 JavaThread "Sweeper thread" daemon [_thread_blocked, id=1356, stack(0x00000051aa300000,0x00000051aa400000)]
  0x000001dd3a818060 JavaThread "C1 CompilerThread1" daemon [_thread_blocked, id=23432, stack(0x00000051aa400000,0x00000051aa500000)]
  0x000001dd3a832010 JavaThread "C1 CompilerThread2" daemon [_thread_blocked, id=1776, stack(0x00000051aa500000,0x00000051aa600000)]
  0x000001dd3a91ebf0 JavaThread "Notification Thread" daemon [_thread_blocked, id=28724, stack(0x00000051aa600000,0x00000051aa700000)]
  0x000001dd3a922a00 JavaThread "Common-Cleaner" daemon [_thread_blocked, id=7280, stack(0x00000051aa800000,0x00000051aa900000)]
  0x000001dd004dac90 JavaThread "C1 CompilerThread3" daemon [_thread_blocked, id=12240, stack(0x00000051aa900000,0x00000051aaa00000)]
  0x000001dd01062490 JavaThread "Catalina-utility-1" [_thread_blocked, id=1768, stack(0x00000051abe00000,0x00000051abf00000)]
  0x000001dd01062970 JavaThread "Catalina-utility-2" [_thread_blocked, id=11748, stack(0x00000051abf00000,0x00000051ac000000)]
  0x000001dd01086980 JavaThread "container-0" [_thread_blocked, id=29320, stack(0x00000051ac000000,0x00000051ac100000)]
  0x000001dd01142230 JavaThread "HikariPool-1 housekeeper" daemon [_thread_blocked, id=14680, stack(0x00000051ac100000,0x00000051ac200000)]
  0x000001dd01b569b0 JavaThread "java-sdk-http-connection-reaper" daemon [_thread_blocked, id=9064, stack(0x00000051ab600000,0x00000051ab700000)]
  0x000001dd009dd4a0 JavaThread "http-nio-8080-exec-1" daemon [_thread_blocked, id=9632, stack(0x00000051ac300000,0x00000051ac400000)]
=>0x000001dd009ddec0 JavaThread "http-nio-8080-exec-2" daemon [_thread_in_native, id=14316, stack(0x00000051ac400000,0x00000051ac500000)]
  0x000001dd009df810 JavaThread "http-nio-8080-exec-3" daemon [_thread_blocked, id=13848, stack(0x00000051ac500000,0x00000051ac600000)]
  0x000001dd009de3d0 JavaThread "http-nio-8080-exec-4" daemon [_thread_blocked, id=28904, stack(0x00000051ac600000,0x00000051ac700000)]
  0x000001dd009dedf0 JavaThread "http-nio-8080-exec-5" daemon [_thread_blocked, id=3268, stack(0x00000051ac700000,0x00000051ac800000)]
  0x000001dd009df300 JavaThread "http-nio-8080-exec-6" daemon [_thread_blocked, id=4580, stack(0x00000051ac800000,0x00000051ac900000)]
  0x000001dd009dc060 JavaThread "http-nio-8080-exec-7" daemon [_thread_blocked, id=28876, stack(0x00000051ac900000,0x00000051aca00000)]
  0x000001dd017b7c60 JavaThread "http-nio-8080-exec-8" daemon [_thread_blocked, id=3024, stack(0x00000051aca00000,0x00000051acb00000)]
  0x000001dd017b9fd0 JavaThread "http-nio-8080-exec-9" daemon [_thread_blocked, id=2220, stack(0x00000051acb00000,0x00000051acc00000)]
  0x000001dd017b8170 JavaThread "http-nio-8080-exec-10" daemon [_thread_blocked, id=1132, stack(0x00000051acc00000,0x00000051acd00000)]
  0x000001dd017ba4e0 JavaThread "http-nio-8080-Poller" daemon [_thread_in_native, id=21684, stack(0x00000051acd00000,0x00000051ace00000)]
  0x000001dd017ba9f0 JavaThread "http-nio-8080-Acceptor" daemon [_thread_in_native, id=2152, stack(0x00000051ace00000,0x00000051acf00000)]
  0x000001dd017b8680 JavaThread "DestroyJavaVM" [_thread_blocked, id=18524, stack(0x00000051a9500000,0x00000051a9600000)]

Other Threads:
  0x000001dd3a78c4a0 VMThread "VM Thread" [stack: 0x00000051a9b00000,0x00000051a9c00000] [id=4312]
  0x000001dd3a8ecb80 WatcherThread [stack: 0x00000051aa700000,0x00000051aa800000] [id=11692]
  0x000001dd22d818c0 GCTaskThread "GC Thread#0" [stack: 0x00000051a9600000,0x00000051a9700000] [id=28712]
  0x000001dd004f7810 GCTaskThread "GC Thread#1" [stack: 0x00000051aaa00000,0x00000051aab00000] [id=5944]
  0x000001dd004f7ad0 GCTaskThread "GC Thread#2" [stack: 0x00000051aab00000,0x00000051aac00000] [id=6728]
  0x000001dd005644c0 GCTaskThread "GC Thread#3" [stack: 0x00000051aac00000,0x00000051aad00000] [id=27840]
  0x000001dd00564780 GCTaskThread "GC Thread#4" [stack: 0x00000051aad00000,0x00000051aae00000] [id=15568]
  0x000001dd00778950 GCTaskThread "GC Thread#5" [stack: 0x00000051aaf00000,0x00000051ab000000] [id=11464]
  0x000001dd00734270 GCTaskThread "GC Thread#6" [stack: 0x00000051ab000000,0x00000051ab100000] [id=11312]
  0x000001dd00c99700 GCTaskThread "GC Thread#7" [stack: 0x00000051aae00000,0x00000051aaf00000] [id=29648]
  0x000001dd00cb5e30 GCTaskThread "GC Thread#8" [stack: 0x00000051ab700000,0x00000051ab800000] [id=27404]
  0x000001dd00cb60f0 GCTaskThread "GC Thread#9" [stack: 0x00000051ab800000,0x00000051ab900000] [id=1908]
  0x000001dd00cb63b0 GCTaskThread "GC Thread#10" [stack: 0x00000051ab900000,0x00000051aba00000] [id=1200]
  0x000001dd00cb6670 GCTaskThread "GC Thread#11" [stack: 0x00000051aba00000,0x00000051abb00000] [id=29060]
  0x000001dd00cb7740 GCTaskThread "GC Thread#12" [stack: 0x00000051abb00000,0x00000051abc00000] [id=29628]
  0x000001dd22d92de0 ConcurrentGCThread "G1 Main Marker" [stack: 0x00000051a9700000,0x00000051a9800000] [id=28096]
  0x000001dd22d943c0 ConcurrentGCThread "G1 Conc#0" [stack: 0x00000051a9800000,0x00000051a9900000] [id=27388]
  0x000001dd00cb7480 ConcurrentGCThread "G1 Conc#1" [stack: 0x00000051abc00000,0x00000051abd00000] [id=13564]
  0x000001dd00cb7f80 ConcurrentGCThread "G1 Conc#2" [stack: 0x00000051abd00000,0x00000051abe00000] [id=1172]
  0x000001dd3a644670 ConcurrentGCThread "G1 Refine#0" [stack: 0x00000051a9900000,0x00000051a9a00000] [id=22492]
  0x000001dd3a644fa0 ConcurrentGCThread "G1 Service" [stack: 0x00000051a9a00000,0x00000051a9b00000] [id=28800]

Threads with active compile tasks:

VM state: not at safepoint (normal execution)

VM Mutex/Monitor currently owned by a thread: None

Heap address: 0x0000000709400000, size: 3948 MB, Compressed Oops mode: Zero based, Oop shift amount: 3

CDS archive(s) mapped at: [0x000001dd3b000000-0x000001dd3bbd0000-0x000001dd3bbd0000), size 12386304, SharedBaseAddress: 0x000001dd3b000000, ArchiveRelocationMode: 1.
Compressed class space mapped at: 0x000001dd3c000000-0x000001dd7c000000, reserved size: 1073741824
Narrow klass base: 0x000001dd3b000000, Narrow klass shift: 0, Narrow klass range: 0x100000000

GC Precious Log:
 CPUs: 16 total, 16 available
 Memory: 15789M
 Large Page Support: Disabled
 NUMA Support: Disabled
 Compressed Oops: Enabled (Zero based)
 Heap Region Size: 2M
 Heap Min Capacity: 8M
 Heap Initial Capacity: 248M
 Heap Max Capacity: 3948M
 Pre-touch: Disabled
 Parallel Workers: 13
 Concurrent Workers: 3
 Concurrent Refinement Workers: 13
 Periodic GC: Disabled

Heap:
 garbage-first heap   total 83968K, used 42258K [0x0000000709400000, 0x0000000800000000)
  region size 2048K, 8 young (16384K), 1 survivors (2048K)
 Metaspace       used 64903K, committed 65472K, reserved 1114112K
  class space    used 8930K, committed 9216K, reserved 1048576K

Heap Regions: E=young(eden), S=young(survivor), O=old, HS=humongous(starts), HC=humongous(continues), CS=collection set, F=free, OA=open archive, CA=closed archive, TAMS=top-at-mark-start (previous, next)
|   0|0x0000000709400000, 0x0000000709600000, 0x0000000709600000|100%| O|  |TAMS 0x0000000709600000, 0x0000000709400000| Untracked 
|   1|0x0000000709600000, 0x0000000709800000, 0x0000000709800000|100%| O|  |TAMS 0x0000000709800000, 0x0000000709600000| Untracked 
|   2|0x0000000709800000, 0x0000000709a00000, 0x0000000709a00000|100%| O|  |TAMS 0x0000000709a00000, 0x0000000709800000| Untracked 
|   3|0x0000000709a00000, 0x0000000709c00000, 0x0000000709c00000|100%| O|  |TAMS 0x0000000709c00000, 0x0000000709a00000| Untracked 
|   4|0x0000000709c00000, 0x0000000709c32c00, 0x0000000709e00000|  9%| O|  |TAMS 0x0000000709c32c00, 0x0000000709c00000| Untracked 
|   5|0x0000000709e00000, 0x000000070a000000, 0x000000070a000000|100%| O|  |TAMS 0x000000070a000000, 0x0000000709e00000| Untracked 
|   6|0x000000070a000000, 0x000000070a200000, 0x000000070a200000|100%| O|  |TAMS 0x000000070a200000, 0x000000070a000000| Untracked 
|   7|0x000000070a200000, 0x000000070a400000, 0x000000070a400000|100%| O|  |TAMS 0x000000070a400000, 0x000000070a200000| Untracked 
|   8|0x000000070a400000, 0x000000070a600000, 0x000000070a600000|100%| O|  |TAMS 0x000000070a600000, 0x000000070a400000| Untracked 
|   9|0x000000070a600000, 0x000000070a800000, 0x000000070a800000|100%| O|  |TAMS 0x000000070a800000, 0x000000070a600000| Untracked 
|  10|0x000000070a800000, 0x000000070aa00000, 0x000000070aa00000|100%| O|  |TAMS 0x000000070aa00000, 0x000000070a800000| Untracked 
|  11|0x000000070aa00000, 0x000000070ac00000, 0x000000070ac00000|100%| O|  |TAMS 0x000000070ac00000, 0x000000070aa00000| Untracked 
|  12|0x000000070ac00000, 0x000000070ae00000, 0x000000070ae00000|100%| O|  |TAMS 0x000000070ae00000, 0x000000070ac00000| Untracked 
|  13|0x000000070ae00000, 0x000000070b000000, 0x000000070b000000|100%| O|  |TAMS 0x000000070ae93800, 0x000000070ae00000| Untracked 
|  14|0x000000070b000000, 0x000000070b200000, 0x000000070b200000|100%| O|  |TAMS 0x000000070b000000, 0x000000070b000000| Untracked 
|  15|0x000000070b200000, 0x000000070b37aa00, 0x000000070b400000| 73%| O|  |TAMS 0x000000070b200000, 0x000000070b200000| Untracked 
|  16|0x000000070b400000, 0x000000070b400000, 0x000000070b600000|  0%| F|  |TAMS 0x000000070b400000, 0x000000070b400000| Untracked 
|  17|0x000000070b600000, 0x000000070b600000, 0x000000070b800000|  0%| F|  |TAMS 0x000000070b600000, 0x000000070b600000| Untracked 
|  18|0x000000070b800000, 0x000000070b800000, 0x000000070ba00000|  0%| F|  |TAMS 0x000000070b800000, 0x000000070b800000| Untracked 
|  19|0x000000070ba00000, 0x000000070ba00000, 0x000000070bc00000|  0%| F|  |TAMS 0x000000070ba00000, 0x000000070ba00000| Untracked 
|  20|0x000000070bc00000, 0x000000070bc00000, 0x000000070be00000|  0%| F|  |TAMS 0x000000070bc00000, 0x000000070bc00000| Untracked 
|  21|0x000000070be00000, 0x000000070be00000, 0x000000070c000000|  0%| F|  |TAMS 0x000000070be00000, 0x000000070be00000| Untracked 
|  22|0x000000070c000000, 0x000000070c000000, 0x000000070c200000|  0%| F|  |TAMS 0x000000070c000000, 0x000000070c000000| Untracked 
|  23|0x000000070c200000, 0x000000070c200000, 0x000000070c400000|  0%| F|  |TAMS 0x000000070c200000, 0x000000070c200000| Untracked 
|  24|0x000000070c400000, 0x000000070c400000, 0x000000070c600000|  0%| F|  |TAMS 0x000000070c400000, 0x000000070c400000| Untracked 
|  25|0x000000070c600000, 0x000000070c600000, 0x000000070c800000|  0%| F|  |TAMS 0x000000070c600000, 0x000000070c600000| Untracked 
|  26|0x000000070c800000, 0x000000070c800000, 0x000000070ca00000|  0%| F|  |TAMS 0x000000070c800000, 0x000000070c800000| Untracked 
|  27|0x000000070ca00000, 0x000000070ca00000, 0x000000070cc00000|  0%| F|  |TAMS 0x000000070ca00000, 0x000000070ca00000| Untracked 
|  28|0x000000070cc00000, 0x000000070cc00000, 0x000000070ce00000|  0%| F|  |TAMS 0x000000070cc00000, 0x000000070cc00000| Untracked 
|  29|0x000000070ce00000, 0x000000070ce00000, 0x000000070d000000|  0%| F|  |TAMS 0x000000070ce00000, 0x000000070ce00000| Untracked 
|  30|0x000000070d000000, 0x000000070d000000, 0x000000070d200000|  0%| F|  |TAMS 0x000000070d000000, 0x000000070d000000| Untracked 
|  31|0x000000070d200000, 0x000000070d397300, 0x000000070d400000| 79%| S|CS|TAMS 0x000000070d200000, 0x000000070d200000| Complete 
|  32|0x000000070d400000, 0x000000070d400000, 0x000000070d600000|  0%| F|  |TAMS 0x000000070d400000, 0x000000070d400000| Untracked 
|  33|0x000000070d600000, 0x000000070d600000, 0x000000070d800000|  0%| F|  |TAMS 0x000000070d600000, 0x000000070d600000| Untracked 
|  34|0x000000070d800000, 0x000000070d879c78, 0x000000070da00000| 23%| E|  |TAMS 0x000000070d800000, 0x000000070d800000| Complete 
|  35|0x000000070da00000, 0x000000070dc00000, 0x000000070dc00000|100%| E|CS|TAMS 0x000000070da00000, 0x000000070da00000| Complete 
| 106|0x0000000716800000, 0x0000000716a00000, 0x0000000716a00000|100%| E|CS|TAMS 0x0000000716800000, 0x0000000716800000| Complete 
| 107|0x0000000716a00000, 0x0000000716c00000, 0x0000000716c00000|100%| E|CS|TAMS 0x0000000716a00000, 0x0000000716a00000| Complete 
| 108|0x0000000716c00000, 0x0000000716e00000, 0x0000000716e00000|100%| E|CS|TAMS 0x0000000716c00000, 0x0000000716c00000| Complete 
| 109|0x0000000716e00000, 0x0000000717000000, 0x0000000717000000|100%| E|  |TAMS 0x0000000716e00000, 0x0000000716e00000| Complete 
| 123|0x0000000718a00000, 0x0000000718c00000, 0x0000000718c00000|100%| E|CS|TAMS 0x0000000718a00000, 0x0000000718a00000| Complete 

Card table byte_map: [0x000001dd2ec10000,0x000001dd2f3d0000] _byte_map_base: 0x000001dd2b3c6000

Marking Bits (Prev, Next): (CMBitMap*) 0x000001dd22d81e20, (CMBitMap*) 0x000001dd22d81de0
 Prev Bits: [0x000001dd33940000, 0x000001dd376f0000)
 Next Bits: [0x000001dd2fb90000, 0x000001dd33940000)

Polling page: 0x000001dd214a0000

Metaspace:

Usage:
  Non-class:     54.66 MB used.
      Class:      8.72 MB used.
       Both:     63.38 MB used.

Virtual space:
  Non-class space:       64.00 MB reserved,      54.94 MB ( 86%) committed,  1 nodes.
      Class space:        1.00 GB reserved,       9.00 MB ( <1%) committed,  1 nodes.
             Both:        1.06 GB reserved,      63.94 MB (  6%) committed. 

Chunk freelists:
   Non-Class:  9.08 MB
       Class:  7.05 MB
        Both:  16.12 MB

MaxMetaspaceSize: unlimited
CompressedClassSpaceSize: 1.00 GB
Initial GC threshold: 21.00 MB
Current GC threshold: 98.38 MB
CDS: on
MetaspaceReclaimPolicy: balanced
 - commit_granule_bytes: 65536.
 - commit_granule_words: 8192.
 - virtual_space_node_default_size: 8388608.
 - enlarge_chunks_in_place: 1.
 - new_chunks_are_fully_committed: 0.
 - uncommit_free_chunks: 1.
 - use_allocation_guard: 0.
 - handle_deallocations: 1.


Internal statistics:

num_allocs_failed_limit: 9.
num_arena_births: 780.
num_arena_deaths: 0.
num_vsnodes_births: 2.
num_vsnodes_deaths: 0.
num_space_committed: 1023.
num_space_uncommitted: 0.
num_chunks_returned_to_freelist: 9.
num_chunks_taken_from_freelist: 3020.
num_chunk_merges: 9.
num_chunk_splits: 2198.
num_chunks_enlarged: 1722.
num_inconsistent_stats: 0.

CodeCache: size=49152Kb used=11699Kb max_used=13732Kb free=37452Kb
 bounds [0x000001dd2a670000, 0x000001dd2b3e0000, 0x000001dd2d670000]
 total_blobs=6141 nmethods=5369 adapters=696
 compilation: enabled
              stopped_count=0, restarted_count=0
 full_count=0

Compilation events (20 events):
Event: 15.641 Thread 0x000001dd3a818060 nmethod 5358 0x000001dd2adc8410 code [0x000001dd2adc85a0, 0x000001dd2adc8678]
Event: 15.641 Thread 0x000001dd3a832010 nmethod 5359 0x000001dd2adc8110 code [0x000001dd2adc82a0, 0x000001dd2adc8378]
Event: 15.641 Thread 0x000001dd004dac90 nmethod 5361 0x000001dd2adc7e10 code [0x000001dd2adc7fa0, 0x000001dd2adc8078]
Event: 15.641 Thread 0x000001dd3a7b9aa0 nmethod 5360 0x000001dd2adc7b10 code [0x000001dd2adc7ca0, 0x000001dd2adc7d78]
Event: 15.642 Thread 0x000001dd3a832010 5363       1       sun.security.provider.MD5::implCompressCheck (27 bytes)
Event: 15.642 Thread 0x000001dd3a7b9aa0 5362       1       sun.security.provider.MD5::implCompress (13 bytes)
Event: 15.642 Thread 0x000001dd3a818060 5364       1       sun.security.provider.MD5::implCompress0 (1407 bytes)
Event: 15.642 Thread 0x000001dd3a832010 nmethod 5363 0x000001dd2adc7610 code [0x000001dd2adc77c0, 0x000001dd2adc79d8]
Event: 15.642 Thread 0x000001dd3a7b9aa0 nmethod 5362 0x000001dd2adc7090 code [0x000001dd2adc7240, 0x000001dd2adc7488]
Event: 15.644 Thread 0x000001dd3a7b9aa0 5365 %     1       com.sun.crypto.provider.CounterMode::implCrypt @ 3 (88 bytes)
Event: 15.645 Thread 0x000001dd3a7b9aa0 nmethod 5365% 0x000001dd2adc6890 code [0x000001dd2adc6a40, 0x000001dd2adc6e08]
Event: 15.645 Thread 0x000001dd3a818060 nmethod 5364 0x000001dd2adc4790 code [0x000001dd2adc4a20, 0x000001dd2adc5d98]
Event: 15.645 Thread 0x000001dd3a818060 5366       1       com.sun.crypto.provider.CounterMode::implCrypt (88 bytes)
Event: 15.646 Thread 0x000001dd004dac90 5368       1       java.nio.Buffer::clear (20 bytes)
Event: 15.646 Thread 0x000001dd3a7b9aa0 5367       1       java.nio.ByteBuffer::clear (7 bytes)
Event: 15.646 Thread 0x000001dd3a7b9aa0 nmethod 5367 0x000001dd2adc4490 code [0x000001dd2adc4620, 0x000001dd2adc46f8]
Event: 15.646 Thread 0x000001dd004dac90 nmethod 5368 0x000001dd2adc4190 code [0x000001dd2adc4320, 0x000001dd2adc43f8]
Event: 15.646 Thread 0x000001dd3a818060 nmethod 5366 0x000001dd2adc3b10 code [0x000001dd2adc3cc0, 0x000001dd2adc3f88]
Event: 15.647 Thread 0x000001dd3a818060 5369       1       sun.nio.cs.DoubleByte$Encoder::encodeChar (21 bytes)
Event: 15.647 Thread 0x000001dd3a818060 nmethod 5369 0x000001dd2adc3710 code [0x000001dd2adc38a0, 0x000001dd2adc39d8]

GC Heap History (20 events):
Event: 0.894 GC heap before
{Heap before GC invocations=1 (full 0):
 garbage-first heap   total 253952K, used 30457K [0x0000000709400000, 0x0000000800000000)
  region size 2048K, 13 young (26624K), 2 survivors (4096K)
 Metaspace       used 8359K, committed 8576K, reserved 1114112K
  class space    used 1179K, committed 1280K, reserved 1048576K
}
Event: 0.898 GC heap after
{Heap after GC invocations=2 (full 0):
 garbage-first heap   total 253952K, used 10128K [0x0000000709400000, 0x0000000800000000)
  region size 2048K, 1 young (2048K), 1 survivors (2048K)
 Metaspace       used 8359K, committed 8576K, reserved 1114112K
  class space    used 1179K, committed 1280K, reserved 1048576K
}
Event: 1.473 GC heap before
{Heap before GC invocations=2 (full 0):
 garbage-first heap   total 253952K, used 67472K [0x0000000709400000, 0x0000000800000000)
  region size 2048K, 29 young (59392K), 1 survivors (2048K)
 Metaspace       used 17593K, committed 17920K, reserved 1114112K
  class space    used 2367K, committed 2496K, reserved 1048576K
}
Event: 1.478 GC heap after
{Heap after GC invocations=3 (full 0):
 garbage-first heap   total 253952K, used 14870K [0x0000000709400000, 0x0000000800000000)
  region size 2048K, 4 young (8192K), 4 survivors (8192K)
 Metaspace       used 17593K, committed 17920K, reserved 1114112K
  class space    used 2367K, committed 2496K, reserved 1048576K
}
Event: 1.900 GC heap before
{Heap before GC invocations=3 (full 0):
 garbage-first heap   total 253952K, used 41494K [0x0000000709400000, 0x0000000800000000)
  region size 2048K, 18 young (36864K), 4 survivors (8192K)
 Metaspace       used 21153K, committed 21504K, reserved 1114112K
  class space    used 2865K, committed 3072K, reserved 1048576K
}
Event: 1.904 GC heap after
{Heap after GC invocations=4 (full 0):
 garbage-first heap   total 253952K, used 16360K [0x0000000709400000, 0x0000000800000000)
  region size 2048K, 4 young (8192K), 4 survivors (8192K)
 Metaspace       used 21153K, committed 21504K, reserved 1114112K
  class space    used 2865K, committed 3072K, reserved 1048576K
}
Event: 2.481 GC heap before
{Heap before GC invocations=5 (full 0):
 garbage-first heap   total 69632K, used 49128K [0x0000000709400000, 0x0000000800000000)
  region size 2048K, 20 young (40960K), 4 survivors (8192K)
 Metaspace       used 26176K, committed 26560K, reserved 1114112K
  class space    used 3584K, committed 3776K, reserved 1048576K
}
Event: 2.489 GC heap after
{Heap after GC invocations=6 (full 0):
 garbage-first heap   total 69632K, used 18708K [0x0000000709400000, 0x0000000800000000)
  region size 2048K, 3 young (6144K), 3 survivors (6144K)
 Metaspace       used 26176K, committed 26560K, reserved 1114112K
  class space    used 3584K, committed 3776K, reserved 1048576K
}
Event: 2.886 GC heap before
{Heap before GC invocations=6 (full 0):
 garbage-first heap   total 69632K, used 45332K [0x0000000709400000, 0x0000000800000000)
  region size 2048K, 16 young (32768K), 3 survivors (6144K)
 Metaspace       used 32421K, committed 32832K, reserved 1114112K
  class space    used 4306K, committed 4480K, reserved 1048576K
}
Event: 2.890 GC heap after
{Heap after GC invocations=7 (full 0):
 garbage-first heap   total 69632K, used 20673K [0x0000000709400000, 0x0000000800000000)
  region size 2048K, 1 young (2048K), 1 survivors (2048K)
 Metaspace       used 32421K, committed 32832K, reserved 1114112K
  class space    used 4306K, committed 4480K, reserved 1048576K
}
Event: 3.182 GC heap before
{Heap before GC invocations=7 (full 0):
 garbage-first heap   total 69632K, used 35009K [0x0000000709400000, 0x0000000800000000)
  region size 2048K, 9 young (18432K), 1 survivors (2048K)
 Metaspace       used 35496K, committed 35968K, reserved 1114112K
  class space    used 4799K, committed 5056K, reserved 1048576K
}
Event: 3.184 GC heap after
{Heap after GC invocations=8 (full 0):
 garbage-first heap   total 69632K, used 20923K [0x0000000709400000, 0x0000000800000000)
  region size 2048K, 2 young (4096K), 2 survivors (4096K)
 Metaspace       used 35496K, committed 35968K, reserved 1114112K
  class space    used 4799K, committed 5056K, reserved 1048576K
}
Event: 3.572 GC heap before
{Heap before GC invocations=9 (full 0):
 garbage-first heap   total 69632K, used 45499K [0x0000000709400000, 0x0000000800000000)
  region size 2048K, 15 young (30720K), 2 survivors (4096K)
 Metaspace       used 40436K, committed 40960K, reserved 1114112K
  class space    used 5635K, committed 5888K, reserved 1048576K
}
Event: 3.574 GC heap after
{Heap after GC invocations=10 (full 0):
 garbage-first heap   total 83968K, used 22338K [0x0000000709400000, 0x0000000800000000)
  region size 2048K, 1 young (2048K), 1 survivors (2048K)
 Metaspace       used 40436K, committed 40960K, reserved 1114112K
  class space    used 5635K, committed 5888K, reserved 1048576K
}
Event: 4.225 GC heap before
{Heap before GC invocations=10 (full 0):
 garbage-first heap   total 83968K, used 61250K [0x0000000709400000, 0x0000000800000000)
  region size 2048K, 20 young (40960K), 1 survivors (2048K)
 Metaspace       used 50877K, committed 51328K, reserved 1114112K
  class space    used 7137K, committed 7360K, reserved 1048576K
}
Event: 4.228 GC heap after
{Heap after GC invocations=11 (full 0):
 garbage-first heap   total 83968K, used 25453K [0x0000000709400000, 0x0000000800000000)
  region size 2048K, 3 young (6144K), 3 survivors (6144K)
 Metaspace       used 50877K, committed 51328K, reserved 1114112K
  class space    used 7137K, committed 7360K, reserved 1048576K
}
Event: 5.163 GC heap before
{Heap before GC invocations=11 (full 0):
 garbage-first heap   total 83968K, used 60269K [0x0000000709400000, 0x0000000800000000)
  region size 2048K, 20 young (40960K), 3 survivors (6144K)
 Metaspace       used 56129K, committed 56576K, reserved 1114112K
  class space    used 7832K, committed 8064K, reserved 1048576K
}
Event: 5.167 GC heap after
{Heap after GC invocations=12 (full 0):
 garbage-first heap   total 83968K, used 30634K [0x0000000709400000, 0x0000000800000000)
  region size 2048K, 3 young (6144K), 3 survivors (6144K)
 Metaspace       used 56129K, committed 56576K, reserved 1114112K
  class space    used 7832K, committed 8064K, reserved 1048576K
}
Event: 11.038 GC heap before
{Heap before GC invocations=12 (full 0):
 garbage-first heap   total 83968K, used 44970K [0x0000000709400000, 0x0000000800000000)
  region size 2048K, 12 young (24576K), 3 survivors (6144K)
 Metaspace       used 59704K, committed 60160K, reserved 1114112K
  class space    used 8227K, committed 8448K, reserved 1048576K
}
Event: 11.042 GC heap after
{Heap after GC invocations=13 (full 0):
 garbage-first heap   total 83968K, used 32018K [0x0000000709400000, 0x0000000800000000)
  region size 2048K, 1 young (2048K), 1 survivors (2048K)
 Metaspace       used 59704K, committed 60160K, reserved 1114112K
  class space    used 8227K, committed 8448K, reserved 1048576K
}

Deoptimization events (6 events):
Event: 2.524 Thread 0x000001dd22d182f0 DEOPT PACKING pc=0x000001dd2af45309 sp=0x00000051a95fe7a0
Event: 2.524 Thread 0x000001dd22d182f0 DEOPT UNPACKING pc=0x000001dd2a6c2b43 sp=0x00000051a95fdc30 mode 3
Event: 2.524 Thread 0x000001dd01062490 DEOPT PACKING pc=0x000001dd2af3fe9f sp=0x00000051abefec30
Event: 2.524 Thread 0x000001dd01062490 DEOPT UNPACKING pc=0x000001dd2a6c2b43 sp=0x00000051abefe088 mode 3
Event: 4.255 Thread 0x000001dd22d182f0 DEOPT PACKING pc=0x000001dd2af8c7d2 sp=0x00000051a95fa5d0
Event: 4.255 Thread 0x000001dd22d182f0 DEOPT UNPACKING pc=0x000001dd2a6c2b43 sp=0x00000051a95f9ad8 mode 3

Classes unloaded (0 events):
No events

Classes redefined (0 events):
No events

Internal exceptions (20 events):
Event: 4.601 Thread 0x000001dd22d182f0 Exception <a 'sun/nio/fs/WindowsException'{0x0000000716993cb0}> (0x0000000716993cb0) 
thrown [s\open\src\hotspot\share\prims\jni.cpp, line 516]
Event: 4.607 Thread 0x000001dd22d182f0 Exception <a 'sun/nio/fs/WindowsException'{0x0000000716996c18}> (0x0000000716996c18) 
thrown [s\open\src\hotspot\share\prims\jni.cpp, line 516]
Event: 4.614 Thread 0x000001dd22d182f0 Exception <a 'sun/nio/fs/WindowsException'{0x0000000716999a58}> (0x0000000716999a58) 
thrown [s\open\src\hotspot\share\prims\jni.cpp, line 516]
Event: 4.618 Thread 0x000001dd22d182f0 Exception <a 'sun/nio/fs/WindowsException'{0x000000071699c878}> (0x000000071699c878) 
thrown [s\open\src\hotspot\share\prims\jni.cpp, line 516]
Event: 4.623 Thread 0x000001dd22d182f0 Exception <a 'sun/nio/fs/WindowsException'{0x000000071699f6a8}> (0x000000071699f6a8) 
thrown [s\open\src\hotspot\share\prims\jni.cpp, line 516]
Event: 4.672 Thread 0x000001dd22d182f0 Exception <a 'sun/nio/fs/WindowsException'{0x00000007169a24e0}> (0x00000007169a24e0) 
thrown [s\open\src\hotspot\share\prims\jni.cpp, line 516]
Event: 4.754 Thread 0x000001dd22d182f0 Exception <a 'sun/nio/fs/WindowsException'{0x00000007169a5310}> (0x00000007169a5310) 
thrown [s\open\src\hotspot\share\prims\jni.cpp, line 516]
Event: 5.016 Thread 0x000001dd22d182f0 Exception <a 'sun/nio/fs/WindowsException'{0x000000070cc77f58}> (0x000000070cc77f58) 
thrown [s\open\src\hotspot\share\prims\jni.cpp, line 516]
Event: 5.056 Thread 0x000001dd22d182f0 Exception <a 'java/lang/IncompatibleClassChangeError'{0x000000070cb48f98}: Found class java.lang.Object, but interface was expected> (0x000000070cb48f98) 
thrown [s\open\src\hotspot\share\interpreter\linkResolver.cpp, line 826]
Event: 5.089 Thread 0x000001dd22d182f0 Exception <a 'java/lang/NoSuchMethodError'{0x000000070c947490}: 'void java.lang.invoke.DirectMethodHandle$Holder.invokeVirtual(java.lang.Object, java.lang.Object, long)'> (0x000000070c947490) 
thrown [s\open\src\hotspot\share\interpreter\linkResolver.cpp, line 759]
Event: 5.156 Thread 0x000001dd22d182f0 Exception <a 'java/lang/IncompatibleClassChangeError'{0x000000070c59b320}: Found class java.lang.Object, but interface was expected> (0x000000070c59b320) 
thrown [s\open\src\hotspot\share\interpreter\linkResolver.cpp, line 826]
Event: 5.208 Thread 0x000001dd22d182f0 Exception <a 'java/lang/NoSuchMethodError'{0x0000000716ff5568}: 'java.lang.Object java.lang.invoke.DirectMethodHandle$Holder.invokeSpecial(java.lang.Object, java.lang.Object, java.lang.Object, java.lang.Object, java.lang.Object, java.lang.Object, java.lang.Object, java.lang.Object, java.lang.Object, java.lang.Object, java.lang.Object)'> (0x0000000716ff5568) 
thrown [s\open\src\hotspot\share\interpreter\linkResolver.cpp, line 759]
Event: 5.208 Thread 0x000001dd22d182f0 Exception <a 'java/lang/NoSuchMethodError'{0x0000000716ff9d38}: 'java.lang.Object java.lang.invoke.Invokers$Holder.invoke_MT(java.lang.Object, java.lang.Object, java.lang.Object, java.lang.Object, java.lang.Object, java.lang.Object, java.lang.Object, java.lang.Object, java.lang.Object, java.lang.Object, java.lang.Object)'> (0x0000000716ff9d38) 
thrown [s\open\src\hotspot\share\interpreter\linkResolver.cpp, line 759]
Event: 5.248 Thread 0x000001dd22d182f0 Exception <a 'java/lang/NoSuchMethodError'{0x0000000716a9df00}: 'java.lang.Object java.lang.invoke.DirectMethodHandle$Holder.newInvokeSpecial(java.lang.Object, java.lang.Object, int, java.lang.Object, java.lang.Object)'> (0x0000000716a9df00) 
thrown [s\open\src\hotspot\share\interpreter\linkResolver.cpp, line 759]
Event: 10.915 Thread 0x000001dd009dd4a0 Exception <a 'java/lang/NoSuchMethodError'{0x000000070da894a8}: 'java.lang.Object java.lang.invoke.DirectMethodHandle$Holder.invokeSpecial(java.lang.Object, java.lang.Object, java.lang.Object, java.lang.Object, java.lang.Object, long)'> (0x000000070da894a8) 
thrown [s\open\src\hotspot\share\interpreter\linkResolver.cpp, line 759]
Event: 10.915 Thread 0x000001dd009dd4a0 Exception <a 'java/lang/NoSuchMethodError'{0x000000070da8cee8}: 'java.lang.Object java.lang.invoke.Invokers$Holder.linkToTargetMethod(java.lang.Object, java.lang.Object, java.lang.Object, long, java.lang.Object)'> (0x000000070da8cee8) 
thrown [s\open\src\hotspot\share\interpreter\linkResolver.cpp, line 759]
Event: 15.571 Thread 0x000001dd009ddec0 Exception <a 'sun/nio/fs/WindowsException'{0x000000070dbb9480}> (0x000000070dbb9480) 
thrown [s\open\src\hotspot\share\prims\jni.cpp, line 516]
Event: 15.650 Thread 0x000001dd009ddec0 Exception <a 'sun/nio/fs/WindowsException'{0x000000070d871148}> (0x000000070d871148) 
thrown [s\open\src\hotspot\share\prims\jni.cpp, line 516]
Event: 15.650 Thread 0x000001dd009ddec0 Exception <a 'sun/nio/fs/WindowsException'{0x000000070d8725f8}> (0x000000070d8725f8) 
thrown [s\open\src\hotspot\share\prims\jni.cpp, line 516]
Event: 15.651 Thread 0x000001dd009ddec0 Exception <a 'sun/nio/fs/WindowsException'{0x000000070d8728f8}> (0x000000070d8728f8) 
thrown [s\open\src\hotspot\share\prims\jni.cpp, line 516]

VM Operations (20 events):
Event: 11.033 Executing VM operation: Cleanup
Event: 11.034 Executing VM operation: Cleanup done
Event: 11.034 Executing VM operation: HandshakeAllThreads
Event: 11.034 Executing VM operation: HandshakeAllThreads done
Event: 11.038 Executing VM operation: CollectForMetadataAllocation
Event: 11.042 Executing VM operation: CollectForMetadataAllocation done
Event: 11.053 Executing VM operation: G1Concurrent
Event: 11.056 Executing VM operation: G1Concurrent done
Event: 11.062 Executing VM operation: G1Concurrent
Event: 11.062 Executing VM operation: G1Concurrent done
Event: 11.077 Executing VM operation: HandshakeAllThreads
Event: 11.078 Executing VM operation: HandshakeAllThreads done
Event: 11.354 Executing VM operation: HandshakeAllThreads
Event: 11.354 Executing VM operation: HandshakeAllThreads done
Event: 12.365 Executing VM operation: Cleanup
Event: 12.365 Executing VM operation: Cleanup done
Event: 15.538 Executing VM operation: HandshakeAllThreads
Event: 15.538 Executing VM operation: HandshakeAllThreads done
Event: 15.538 Executing VM operation: Cleanup
Event: 15.539 Executing VM operation: Cleanup done

Events (20 events):
Event: 11.361 loading class java/util/OptionalDouble
Event: 11.361 loading class java/util/OptionalDouble done
Event: 11.365 loading class java/util/AbstractMap$SimpleEntry
Event: 11.365 loading class java/util/AbstractMap$SimpleEntry done
Event: 11.378 loading class java/util/stream/LongStream
Event: 11.379 loading class java/util/stream/LongStream done
Event: 11.379 loading class java/util/stream/DoubleStream
Event: 11.379 loading class java/util/stream/DoubleStream done
Event: 15.544 loading class java/util/BitSet$1BitSetSpliterator
Event: 15.544 loading class java/util/BitSet$1BitSetSpliterator done
Event: 15.544 loading class java/util/stream/IntPipeline$1
Event: 15.544 loading class java/util/stream/IntPipeline$1 done
Event: 15.544 loading class java/util/stream/IntPipeline$1$1
Event: 15.544 loading class java/util/stream/IntPipeline$1$1 done
Event: 15.571 loading class java/nio/file/FileAlreadyExistsException
Event: 15.571 loading class java/nio/file/FileAlreadyExistsException done
Event: 15.638 loading class sun/security/provider/MD5
Event: 15.638 loading class sun/security/provider/MD5 done
Event: 15.641 loading class sun/security/provider/ByteArrayAccess$LE
Event: 15.641 loading class sun/security/provider/ByteArrayAccess$LE done


Dynamic libraries:
0x00007ff77a820000 - 0x00007ff77a830000 	C:\Program Files\Java\jdk-17\bin\java.exe
0x00007ffd8bf80000 - 0x00007ffd8c1e0000 	C:\WINDOWS\SYSTEM32\ntdll.dll
0x00007ffd8a260000 - 0x00007ffd8a327000 	C:\WINDOWS\System32\KERNEL32.DLL
0x00007ffd89650000 - 0x00007ffd89a1a000 	C:\WINDOWS\System32\KERNELBASE.dll
0x00007ffd89c30000 - 0x00007ffd89d7b000 	C:\WINDOWS\System32\ucrtbase.dll
0x00007ffd75df0000 - 0x00007ffd75e0b000 	C:\Program Files\Java\jdk-17\bin\VCRUNTIME140.dll
0x00007ffd5c4e0000 - 0x00007ffd5c4f9000 	C:\Program Files\Java\jdk-17\bin\jli.dll
0x00007ffd8ac50000 - 0x00007ffd8ad02000 	C:\WINDOWS\System32\ADVAPI32.dll
0x00007ffd8ba10000 - 0x00007ffd8bab9000 	C:\WINDOWS\System32\msvcrt.dll
0x00007ffd89f90000 - 0x00007ffd8a036000 	C:\WINDOWS\System32\sechost.dll
0x00007ffd8ad70000 - 0x00007ffd8ae86000 	C:\WINDOWS\System32\RPCRT4.dll
0x00007ffd89d90000 - 0x00007ffd89f5c000 	C:\WINDOWS\System32\USER32.dll
0x00007ffd89620000 - 0x00007ffd89647000 	C:\WINDOWS\System32\win32u.dll
0x00007ffd8b780000 - 0x00007ffd8b7aa000 	C:\WINDOWS\System32\GDI32.dll
0x00007ffd75880000 - 0x00007ffd75b17000 	C:\WINDOWS\WinSxS\amd64_microsoft.windows.common-controls_6595b64144ccf1df_6.0.26100.3624_none_3e086962e3345f24\COMCTL32.dll
0x00007ffd89370000 - 0x00007ffd894a1000 	C:\WINDOWS\System32\gdi32full.dll
0x00007ffd894b0000 - 0x00007ffd89553000 	C:\WINDOWS\System32\msvcp_win.dll
0x00007ffd81010000 - 0x00007ffd8101b000 	C:\WINDOWS\SYSTEM32\VERSION.dll
0x00007ffd8b5e0000 - 0x00007ffd8b60f000 	C:\WINDOWS\System32\IMM32.DLL
0x00007ffd5c4d0000 - 0x00007ffd5c4dc000 	C:\Program Files\Java\jdk-17\bin\vcruntime140_1.dll
0x00007ffd5c440000 - 0x00007ffd5c4ce000 	C:\Program Files\Java\jdk-17\bin\msvcp140.dll
0x00007ffcd4f70000 - 0x00007ffcd5b4f000 	C:\Program Files\Java\jdk-17\bin\server\jvm.dll
0x00007ffd8a250000 - 0x00007ffd8a258000 	C:\WINDOWS\System32\PSAPI.DLL
0x00007ffd86750000 - 0x00007ffd86786000 	C:\WINDOWS\SYSTEM32\WINMM.dll
0x00007ffd6f9b0000 - 0x00007ffd6f9ba000 	C:\WINDOWS\SYSTEM32\WSOCK32.dll
0x00007ffd8b7b0000 - 0x00007ffd8b824000 	C:\WINDOWS\System32\WS2_32.dll
0x00007ffd88090000 - 0x00007ffd880aa000 	C:\WINDOWS\SYSTEM32\kernel.appcore.dll
0x00007ffd5c430000 - 0x00007ffd5c43a000 	C:\Program Files\Java\jdk-17\bin\jimage.dll
0x00007ffd86500000 - 0x00007ffd86741000 	C:\WINDOWS\SYSTEM32\DBGHELP.DLL
0x00007ffd8bac0000 - 0x00007ffd8be42000 	C:\WINDOWS\System32\combase.dll
0x00007ffd8aa60000 - 0x00007ffd8ab36000 	C:\WINDOWS\System32\OLEAUT32.dll
0x00007ffd864c0000 - 0x00007ffd864f9000 	C:\WINDOWS\SYSTEM32\dbgcore.DLL
0x00007ffd892d0000 - 0x00007ffd89369000 	C:\WINDOWS\System32\bcryptPrimitives.dll
0x00007ffd5c380000 - 0x00007ffd5c3a5000 	C:\Program Files\Java\jdk-17\bin\java.dll
0x00007ffd3a680000 - 0x00007ffd3a757000 	C:\Program Files\Java\jdk-17\bin\jsvml.dll
0x00007ffd8a330000 - 0x00007ffd8aa59000 	C:\WINDOWS\System32\SHELL32.dll
0x00007ffd89160000 - 0x00007ffd892c8000 	C:\WINDOWS\System32\wintypes.dll
0x00007ffd86e10000 - 0x00007ffd87662000 	C:\WINDOWS\SYSTEM32\windows.storage.dll
0x00007ffd8be50000 - 0x00007ffd8bf3d000 	C:\WINDOWS\System32\SHCORE.dll
0x00007ffd8a040000 - 0x00007ffd8a0a4000 	C:\WINDOWS\System32\shlwapi.dll
0x00007ffd89070000 - 0x00007ffd8909f000 	C:\WINDOWS\SYSTEM32\profapi.dll
0x00007ffd5c360000 - 0x00007ffd5c379000 	C:\Program Files\Java\jdk-17\bin\net.dll
0x00007ffd80ef0000 - 0x00007ffd8100d000 	C:\WINDOWS\SYSTEM32\WINHTTP.dll
0x00007ffd885b0000 - 0x00007ffd8861a000 	C:\WINDOWS\system32\mswsock.dll
0x00007ffd51310000 - 0x00007ffd51326000 	C:\Program Files\Java\jdk-17\bin\nio.dll
0x00007ffd3a660000 - 0x00007ffd3a678000 	C:\Program Files\Java\jdk-17\bin\zip.dll
0x00007ffd3a620000 - 0x00007ffd3a62e000 	C:\Program Files\Java\jdk-17\bin\sunmscapi.dll
0x00007ffd89a20000 - 0x00007ffd89b97000 	C:\WINDOWS\System32\CRYPT32.dll
0x00007ffd88a50000 - 0x00007ffd88a80000 	C:\WINDOWS\SYSTEM32\ncrypt.dll
0x00007ffd88a00000 - 0x00007ffd88a3f000 	C:\WINDOWS\SYSTEM32\NTASN1.dll
0x00007ffd88850000 - 0x00007ffd8886c000 	C:\WINDOWS\SYSTEM32\CRYPTSP.dll
0x00007ffd87ff0000 - 0x00007ffd8802a000 	C:\WINDOWS\system32\rsaenh.dll
0x00007ffd88650000 - 0x00007ffd8867b000 	C:\WINDOWS\SYSTEM32\USERENV.dll
0x00007ffd89040000 - 0x00007ffd89066000 	C:\WINDOWS\SYSTEM32\bcrypt.dll
0x00007ffd88870000 - 0x00007ffd8887c000 	C:\WINDOWS\SYSTEM32\CRYPTBASE.dll
0x00007ffd879e0000 - 0x00007ffd87a13000 	C:\WINDOWS\SYSTEM32\IPHLPAPI.DLL
0x00007ffd8a240000 - 0x00007ffd8a24a000 	C:\WINDOWS\System32\NSI.dll
0x00007ffd811e0000 - 0x00007ffd811ff000 	C:\WINDOWS\SYSTEM32\dhcpcsvc6.DLL
0x00007ffd80e30000 - 0x00007ffd80e55000 	C:\WINDOWS\SYSTEM32\dhcpcsvc.DLL
0x00007ffd87ad0000 - 0x00007ffd87bf5000 	C:\WINDOWS\SYSTEM32\DNSAPI.dll
0x00007ffd51300000 - 0x00007ffd5130a000 	C:\Program Files\Java\jdk-17\bin\management.dll
0x00007ffd3a650000 - 0x00007ffd3a65b000 	C:\Program Files\Java\jdk-17\bin\management_ext.dll
0x00007ffd5c350000 - 0x00007ffd5c360000 	C:\Program Files\Java\jdk-17\bin\verify.dll
0x00007ffd70d60000 - 0x00007ffd70d79000 	C:\Users\idjjh\AppData\Local\Temp\gdal_native\zlib.dll
0x00007ffd4c5b0000 - 0x00007ffd4c662000 	C:\Users\idjjh\AppData\Local\Temp\gdal_native\zstd.dll
0x00007ffd00c10000 - 0x00007ffd00d0f000 	C:\Users\idjjh\AppData\Local\Temp\gdal_native\iconv-2.dll
0x00007ffd70220000 - 0x00007ffd7024b000 	C:\Users\idjjh\AppData\Local\Temp\gdal_native\libexpat.dll
0x00007ffd005d0000 - 0x00007ffd00733000 	C:\Users\idjjh\AppData\Local\Temp\gdal_native\libxml2.dll
0x00007ffcf0260000 - 0x00007ffcf050c000 	C:\Users\idjjh\AppData\Local\Temp\gdal_native\xerces-c_3_2.dll
0x00007ffd70d40000 - 0x00007ffd70d60000 	C:\Users\idjjh\AppData\Local\Temp\gdal_native\pcre.dll
0x00007ffcdee10000 - 0x00007ffcdf2f4000 	C:\Users\idjjh\AppData\Local\Temp\gdal_native\libcrypto-3-x64.dll
0x00007ffcfff50000 - 0x00007ffd0008a000 	C:\Users\idjjh\AppData\Local\Temp\gdal_native\libssl-3-x64.dll
0x00007ffd1e650000 - 0x00007ffd1e6e4000 	C:\Users\idjjh\AppData\Local\Temp\gdal_native\libcurl.dll
0x00007ffd8af10000 - 0x00007ffd8af84000 	C:\WINDOWS\System32\WLDAP32.dll
0x00007ffce8110000 - 0x00007ffce83d0000 	C:\Users\idjjh\AppData\Local\Temp\gdal_native\sqlite3.dll
0x00007ffcdb800000 - 0x00007ffcdbea1000 	C:\Users\idjjh\AppData\Local\Temp\gdal_native\libmysql.dll
0x00007ffd85ca0000 - 0x00007ffd85cad000 	C:\WINDOWS\SYSTEM32\Secur32.dll
0x00007ffd88330000 - 0x00007ffd88378000 	C:\WINDOWS\SYSTEM32\SSPICLI.DLL
0x0000000180000000 - 0x000000018004e000 	C:\Users\idjjh\AppData\Local\Temp\gdal_native\libpq.dll
0x00007ffce4550000 - 0x00007ffce4728000 	C:\Users\idjjh\AppData\Local\Temp\gdal_native\geos.dll
0x00007ffd50e60000 - 0x00007ffd50ebc000 	C:\Users\idjjh\AppData\Local\Temp\gdal_native\geos_c.dll
0x00007ffcf0110000 - 0x00007ffcf025c000 	C:\Users\idjjh\AppData\Local\Temp\gdal_native\tiff.dll
0x00007ffce21a0000 - 0x00007ffce24e0000 	C:\Users\idjjh\AppData\Local\Temp\gdal_native\proj_9.dll
0x00007ffd8b440000 - 0x00007ffd8b5d6000 	C:\WINDOWS\System32\ole32.dll
0x00007ffd4c550000 - 0x00007ffd4c5a1000 	C:\Users\idjjh\AppData\Local\Temp\gdal_native\openjp2.dll
0x00007ffd4fbd0000 - 0x00007ffd4fc05000 	C:\Users\idjjh\AppData\Local\Temp\gdal_native\libpng16.dll
0x00007ffd68670000 - 0x00007ffd6869a000 	C:\Users\idjjh\AppData\Local\Temp\gdal_native\freexl.dll
0x00007ffd685f0000 - 0x00007ffd68613000 	C:\Users\idjjh\AppData\Local\Temp\gdal_native\ogdi.dll
0x00007ffcbad60000 - 0x00007ffcbba55000 	C:\Users\idjjh\AppData\Local\Temp\gdal_native\spatialite.dll
0x00007ffcb9910000 - 0x00007ffcbad5a000 	C:\Users\idjjh\AppData\Local\Temp\gdal_native\gdal.dll
0x00007ffd7d170000 - 0x00007ffd7d234000 	C:\WINDOWS\SYSTEM32\ODBC32.dll
0x00007ffd88e50000 - 0x00007ffd88e5a000 	C:\WINDOWS\SYSTEM32\DPAPI.DLL
0x00007ffd15d70000 - 0x00007ffd15e18000 	C:\Users\idjjh\AppData\Local\Temp\gdal_native\gdalalljni.dll
0x00007ffd00320000 - 0x00007ffd003c8000 	C:\JANG\sia_task\sia-task-dev\task\src\main\resources\nativelib\window\gdalalljni.dll
0x00007ffd51660000 - 0x00007ffd51668000 	C:\WINDOWS\system32\wshunix.dll
0x00007ffd75d60000 - 0x00007ffd75d6b000 	C:\Windows\System32\rasadhlp.dll
0x00007ffd7e7e0000 - 0x00007ffd7e865000 	C:\WINDOWS\System32\fwpuclnt.dll

dbghelp: loaded successfully - version: 4.0.5 - missing functions: none
symbol engine: initialized successfully - sym options: 0x614 - pdb path: .;C:\Program Files\Java\jdk-17\bin;C:\WINDOWS\SYSTEM32;C:\WINDOWS\WinSxS\amd64_microsoft.windows.common-controls_6595b64144ccf1df_6.0.26100.3624_none_3e086962e3345f24;C:\Program Files\Java\jdk-17\bin\server;C:\Users\idjjh\AppData\Local\Temp\gdal_native;C:\JANG\sia_task\sia-task-dev\task\src\main\resources\nativelib\window

VM Arguments:
jvm_args: -Djava.library.path=C:\JANG\sia_task\sia-task-dev\task\src\main\resources\nativelib\window -XX:TieredStopAtLevel=1 -Dfile.encoding=x-windows-949 -Duser.country=KR -Duser.language=ko -Duser.variant 
java_command: com.sia.task.TaskApplication
java_class_path (initial): C:\JANG\sia_task\sia-task-dev\task\build\classes\java\main;C:\JANG\sia_task\sia-task-dev\task\build\resources\main;C:\Users\idjjh\.gradle\caches\modules-2\files-2.1\org.springframework.cloud\spring-cloud-starter-aws\2.2.6.RELEASE\9d7c330b3f4aa477df2db27dd875a0e63a49456\spring-cloud-starter-aws-2.2.6.RELEASE.jar;C:\Users\idjjh\.gradle\caches\modules-2\files-2.1\io.github.cdimascio\java-dotenv\5.2.2\f77d54ff193ed4b07415ab8d7b3d0550716aa8c\java-dotenv-5.2.2.jar;C:\Users\idjjh\.gradle\caches\modules-2\files-2.1\commons-fileupload\commons-fileupload\1.5\ad4ad2ab2961b4e1891472bd1a33fabefb0385f3\commons-fileupload-1.5.jar;C:\Users\idjjh\.gradle\caches\modules-2\files-2.1\org.apache.tika\tika-core\2.9.1\bfd572826e7023dd6ceeefe1b4d0f6d3d8eef507\tika-core-2.9.1.jar;C:\Users\idjjh\.gradle\caches\modules-2\files-2.1\commons-io\commons-io\2.14.0\a4c6e1f6c196339473cd2e1b037f0eb97c62755b\commons-io-2.14.0.jar;C:\Users\idjjh\.gradle\caches\modules-2\files-2.1\org.gdal\gdal\3.10.0\d229b54a2136a6a1e6e8321881789a4465e2ec50\gdal-3.10.0.jar;C:\Users\idjjh\.gradle\caches\modules-2\files-2.1\com.h2database\h2\2.3.232\4fcc05d966ccdb2812ae8b9a718f69226c0cf4e2\h2-2.3.232.jar;C:\Users\idjjh\.gradle\caches\modules-2\files-2.1\org.springframework\spring-webmvc\6.2.5\db8f1171041d7091f3de80cffdfb9d6c5fbf3015\spring-webmvc-6.2.5.jar;C:\Users\idjjh\.gradle\caches\modules-2\files-2.1\org.springframework\spring-web\6.2.5\b42d2c0acbe05bad4c849883aa8816c25b6c1d94\spring-web-6.2.5.jar;C:\Users\idjjh\.gradle\caches\modules-2\files-2.1\org.hibernate.orm\hibernate-core\6.6.11.Final\d5330ab0dd5f5cc810086b7fb66cec8b2d2f5213\hibernate-core-6.6.11.Final.jar;C:\Users\idjjh\.gradle\caches\modules-2\files-2.1\org.springframework.data\spring-data-jpa\3.4.4\50f826d0dd60af289321bde6f5eea8fc48131c75\spring-data-jpa-3.4.4.jar;C:\Users\idjjh\.gradle\caches\modules-2\files-2.1\org.springframework\spring-aspects\6.2.5\971b57bb59d4890a3db5f1e20f89effa7df8c149\spring-aspects-6.2.5.jar;C:\Users\
Launcher Type: SUN_STANDARD

[Global flags]
     intx CICompilerCount                          = 12                                        {product} {ergonomic}
     uint ConcGCThreads                            = 3                                         {product} {ergonomic}
     uint G1ConcRefinementThreads                  = 13                                        {product} {ergonomic}
   size_t G1HeapRegionSize                         = 2097152                                   {product} {ergonomic}
    uintx GCDrainStackTargetSize                   = 64                                        {product} {ergonomic}
   size_t InitialHeapSize                          = 260046848                                 {product} {ergonomic}
   size_t MarkStackSize                            = 4194304                                   {product} {ergonomic}
   size_t MaxHeapSize                              = 4139778048                                {product} {ergonomic}
   size_t MaxNewSize                               = 2483027968                                {product} {ergonomic}
   size_t MinHeapDeltaBytes                        = 2097152                                   {product} {ergonomic}
   size_t MinHeapSize                              = 8388608                                   {product} {ergonomic}
    uintx NonProfiledCodeHeapSize                  = 0                                      {pd product} {ergonomic}
     bool ProfileInterpreter                       = false                                  {pd product} {command line}
    uintx ProfiledCodeHeapSize                     = 0                                      {pd product} {ergonomic}
   size_t SoftMaxHeapSize                          = 4139778048                             {manageable} {ergonomic}
     intx TieredStopAtLevel                        = 1                                         {product} {command line}
     bool UseCompressedClassPointers               = true                           {product lp64_product} {ergonomic}
     bool UseCompressedOops                        = true                           {product lp64_product} {ergonomic}
     bool UseG1GC                                  = true                                      {product} {ergonomic}
     bool UseLargePagesIndividualAllocation        = false                                  {pd product} {ergonomic}

Logging:
Log output configuration:
 #0: stdout all=warning uptime,level,tags
 #1: stderr all=off uptime,level,tags

Environment Variables:
JAVA_HOME=C:\Program Files\Java\jdk-17
CLASSPATH=C:\JANG\sia_task\sia-task-dev\task\\gradle\wrapper\gradle-wrapper.jar
PATH=C:\Program Files\Java\jdk-17;C:\Python312\Scripts\;C:\Python312\;C:\oraclexe\app\oracle\product\11.2.0\server\bin;C:\Program Files\Common Files\Oracle\Java\javapath;C:\Windows\system32;C:\Windows;C:\Windows\System32\Wbem;C:\Windows\System32\WindowsPowerShell\v1.0\;C:\Windows\System32\OpenSSH\;C:\Program Files (x86)\NVIDIA Corporation\PhysX\Common;C:\WINDOWS\system32;C:\WINDOWS;C:\WINDOWS\System32\Wbem;C:\WINDOWS\System32\WindowsPowerShell\v1.0\;C:\WINDOWS\System32\OpenSSH\;C:\Program Files\Git\cmd;C:\ProgramData\chocolatey\bin;C:\nodejs;C:\Program Files\NVIDIA Corporation\NVIDIA app\NvDLISR;C:\Program Files\Docker\Docker\resources\bin;C:\Program Files\nodejs\;C:\Users\idjjh\AppData\Local\Programs\Python\Python313\Scripts\;C:\Users\idjjh\AppData\Local\Programs\Python\Python313\;C:\Users\idjjh\AppData\Local\Microsoft\WindowsApps;C:\apache-maven-3.9.9\bin;C:\Users\idjjh\AppData\Roaming\npm;C:\Program Files\Git\bin;C:\Python312\Scripts\;
USERNAME=junhee
LANG=en_US.UTF-8
OS=Windows_NT
PROCESSOR_IDENTIFIER=AMD64 Family 23 Model 96 Stepping 1, AuthenticAMD



---------------  S Y S T E M  ---------------

OS:
 Windows 11 , 64 bit Build 26100 (10.0.26100.3775)
OS uptime: 0 days 0:46 hours
Hyper-V role detected

CPU: total 16 (initial active 16) (16 cores per cpu, 2 threads per core) family 23 model 96 stepping 1 microcode 0x8600104, cx8, cmov, fxsr, ht, mmx, 3dnowpref, sse, sse2, sse3, ssse3, sse4a, sse4.1, sse4.2, popcnt, lzcnt, tsc, tscinvbit, avx, avx2, aes, clmul, bmi1, bmi2, adx, sha, fma, vzeroupper, clflush, clflushopt, hv

Memory: 4k page, system-wide physical 15789M (2743M free)
TotalPageFile size 22189M (AvailPageFile size 1530M)
current process WorkingSet (physical memory assigned to process): 234M, peak: 234M
current process commit charge ("private bytes"): 290M, peak: 388M

vm_info: Java HotSpot(TM) 64-Bit Server VM (17.0.10+11-LTS-240) for windows-amd64 JRE (17.0.10+11-LTS-240), built on Dec 19 2023 21:47:25 by "mach5one" with MS VC++ 17.1 (VS2022)

END.
