#
# A fatal error has been detected by the Java Runtime Environment:
#
#  EXCEPTION_ACCESS_VIOLATION (0xc0000005) at pc=0x00007ff9ab3832a8, pid=13140, tid=20096
#
# JRE version: Java(TM) SE Runtime Environment (17.0.10+11) (build 17.0.10+11-LTS-240)
# Java VM: Java HotSpot(TM) 64-Bit Server VM (17.0.10+11-LTS-240, mixed mode, emulated-client, sharing, tiered, compressed oops, compressed class ptrs, g1 gc, windows-amd64)
# Problematic frame:
# C  [msvcp140.dll+0x132a8]
#
# No core dump will be written. Minidumps are not enabled by default on client versions of Windows
#
# If you would like to submit a bug report, please visit:
#   https://bugreport.java.com/bugreport/crash.jsp
# The crash happened outside the Java Virtual Machine in native code.
# See problematic frame for where to report the bug.
#

---------------  S U M M A R Y ------------

Command Line: -XX:TieredStopAtLevel=1 -Dfile.encoding=x-windows-949 -Duser.country=KR -Duser.language=ko -Duser.variant com.sia.task.TaskApplication

Host: AMD Ryzen 9 4900HS with Radeon Graphics         , 16 cores, 15G,  Windows 11 , 64 bit Build 26100 (10.0.26100.3775)
Time: Sun Apr 27 18:04:04 2025  Windows 11 , 64 bit Build 26100 (10.0.26100.3775) elapsed time: 15.276037 seconds (0d 0h 0m 15s)

---------------  T H R E A D  ---------------

Current thread (0x000001d462361ed0):  JavaThread "http-nio-8080-exec-2" daemon [_thread_in_native, id=20096, stack(0x000000cf3d900000,0x000000cf3da00000)]

Stack: [0x000000cf3d900000,0x000000cf3da00000],  sp=0x000000cf3d9fcab0,  free space=1010k
Native frames: (J=compiled Java code, j=interpreted, Vv=VM code, C=native code)
C  [msvcp140.dll+0x132a8]
C  [gdal.dll+0xc2757d]

Java frames: (J=compiled Java code, j=interpreted, Vv=VM code)
j  org.gdal.gdal.gdalJNI.Open__SWIG_1(Ljava/lang/String;)J+0
j  org.gdal.gdal.gdal.Open(Ljava/lang/String;)Lorg/gdal/gdal/Dataset;+1
j  com.sia.task.service.ConvertCOGService.fileConvertCOG(Ljava/util/List;)V+433
j  com.sia.task.service.FileProcessingService.fileProcessing(Ljava/util/List;)V+14
j  com.sia.task.controller.FileProcessingController.fileProcessing(Lcom/sia/task/fileDTO/FileDTO;)Lorg/springframework/http/ResponseEntity;+39
v  ~StubRoutines::call_stub
J 3822  jdk.internal.reflect.NativeMethodAccessorImpl.invoke0(Ljava/lang/reflect/Method;Ljava/lang/Object;[Ljava/lang/Object;)Ljava/lang/Object; java.base@17.0.10 (0 bytes) @ 0x000001d44d178aa7 [0x000001d44d178a20+0x0000000000000087]
J 3821 c1 jdk.internal.reflect.NativeMethodAccessorImpl.invoke(Ljava/lang/Object;[Ljava/lang/Object;)Ljava/lang/Object; java.base@17.0.10 (137 bytes) @ 0x000001d44d1792cc [0x000001d44d178f80+0x000000000000034c]
J 3810 c1 jdk.internal.reflect.DelegatingMethodAccessorImpl.invoke(Ljava/lang/Object;[Ljava/lang/Object;)Ljava/lang/Object; java.base@17.0.10 (10 bytes) @ 0x000001d44d176164 [0x000001d44d176120+0x0000000000000044]
J 3812 c1 java.lang.reflect.Method.invoke(Ljava/lang/Object;[Ljava/lang/Object;)Ljava/lang/Object; java.base@17.0.10 (65 bytes) @ 0x000001d44d17696c [0x000001d44d176860+0x000000000000010c]
j  org.springframework.web.method.support.InvocableHandlerMethod.doInvoke([Ljava/lang/Object;)Ljava/lang/Object;+55
j  org.springframework.web.method.support.InvocableHandlerMethod.invokeForRequest(Lorg/springframework/web/context/request/NativeWebRequest;Lorg/springframework/web/method/support/ModelAndViewContainer;[Ljava/lang/Object;)Ljava/lang/Object;+82
j  org.springframework.web.servlet.mvc.method.annotation.ServletInvocableHandlerMethod.invokeAndHandle(Lorg/springframework/web/context/request/ServletWebRequest;Lorg/springframework/web/method/support/ModelAndViewContainer;[Ljava/lang/Object;)V+4
j  org.springframework.web.servlet.mvc.method.annotation.RequestMappingHandlerAdapter.invokeHandlerMethod(Ljakarta/servlet/http/HttpServletRequest;Ljakarta/servlet/http/HttpServletResponse;Lorg/springframework/web/method/HandlerMethod;)Lorg/springframework/web/servlet/ModelAndView;+309
j  org.springframework.web.servlet.mvc.method.annotation.RequestMappingHandlerAdapter.handleInternal(Ljakarta/servlet/http/HttpServletRequest;Ljakarta/servlet/http/HttpServletResponse;Lorg/springframework/web/method/HandlerMethod;)Lorg/springframework/web/servlet/ModelAndView;+81
j  org.springframework.web.servlet.mvc.method.AbstractHandlerMethodAdapter.handle(Ljakarta/servlet/http/HttpServletRequest;Ljakarta/servlet/http/HttpServletResponse;Ljava/lang/Object;)Lorg/springframework/web/servlet/ModelAndView;+7
j  org.springframework.web.servlet.DispatcherServlet.doDispatch(Ljakarta/servlet/http/HttpServletRequest;Ljakarta/servlet/http/HttpServletResponse;)V+304
j  org.springframework.web.servlet.DispatcherServlet.doService(Ljakarta/servlet/http/HttpServletRequest;Ljakarta/servlet/http/HttpServletResponse;)V+242
j  org.springframework.web.servlet.FrameworkServlet.processRequest(Ljakarta/servlet/http/HttpServletRequest;Ljakarta/servlet/http/HttpServletResponse;)V+70
j  org.springframework.web.servlet.FrameworkServlet.doPost(Ljakarta/servlet/http/HttpServletRequest;Ljakarta/servlet/http/HttpServletResponse;)V+3
j  jakarta.servlet.http.HttpServlet.service(Ljakarta/servlet/http/HttpServletRequest;Ljakarta/servlet/http/HttpServletResponse;)V+150
j  org.springframework.web.servlet.FrameworkServlet.service(Ljakarta/servlet/http/HttpServletRequest;Ljakarta/servlet/http/HttpServletResponse;)V+20
j  jakarta.servlet.http.HttpServlet.service(Ljakarta/servlet/ServletRequest;Ljakarta/servlet/ServletResponse;)V+37
j  org.apache.catalina.core.ApplicationFilterChain.internalDoFilter(Ljakarta/servlet/ServletRequest;Ljakarta/servlet/ServletResponse;)V+300
j  org.apache.catalina.core.ApplicationFilterChain.doFilter(Ljakarta/servlet/ServletRequest;Ljakarta/servlet/ServletResponse;)V+99
j  org.apache.tomcat.websocket.server.WsFilter.doFilter(Ljakarta/servlet/ServletRequest;Ljakarta/servlet/ServletResponse;Ljakarta/servlet/FilterChain;)V+21
j  org.apache.catalina.core.ApplicationFilterChain.internalDoFilter(Ljakarta/servlet/ServletRequest;Ljakarta/servlet/ServletResponse;)V+130
j  org.apache.catalina.core.ApplicationFilterChain.doFilter(Ljakarta/servlet/ServletRequest;Ljakarta/servlet/ServletResponse;)V+99
j  org.springframework.web.filter.RequestContextFilter.doFilterInternal(Ljakarta/servlet/http/HttpServletRequest;Ljakarta/servlet/http/HttpServletResponse;Ljakarta/servlet/FilterChain;)V+21
j  org.springframework.web.filter.OncePerRequestFilter.doFilter(Ljakarta/servlet/ServletRequest;Ljakarta/servlet/ServletResponse;Ljakarta/servlet/FilterChain;)V+150
j  org.apache.catalina.core.ApplicationFilterChain.internalDoFilter(Ljakarta/servlet/ServletRequest;Ljakarta/servlet/ServletResponse;)V+130
j  org.apache.catalina.core.ApplicationFilterChain.doFilter(Ljakarta/servlet/ServletRequest;Ljakarta/servlet/ServletResponse;)V+99
j  org.springframework.web.filter.FormContentFilter.doFilterInternal(Ljakarta/servlet/http/HttpServletRequest;Ljakarta/servlet/http/HttpServletResponse;Ljakarta/servlet/FilterChain;)V+38
j  org.springframework.web.filter.OncePerRequestFilter.doFilter(Ljakarta/servlet/ServletRequest;Ljakarta/servlet/ServletResponse;Ljakarta/servlet/FilterChain;)V+150
j  org.apache.catalina.core.ApplicationFilterChain.internalDoFilter(Ljakarta/servlet/ServletRequest;Ljakarta/servlet/ServletResponse;)V+130
j  org.apache.catalina.core.ApplicationFilterChain.doFilter(Ljakarta/servlet/ServletRequest;Ljakarta/servlet/ServletResponse;)V+99
j  org.springframework.web.filter.CharacterEncodingFilter.doFilterInternal(Ljakarta/servlet/http/HttpServletRequest;Ljakarta/servlet/http/HttpServletResponse;Ljakarta/servlet/FilterChain;)V+53
j  org.springframework.web.filter.OncePerRequestFilter.doFilter(Ljakarta/servlet/ServletRequest;Ljakarta/servlet/ServletResponse;Ljakarta/servlet/FilterChain;)V+150
j  org.apache.catalina.core.ApplicationFilterChain.internalDoFilter(Ljakarta/servlet/ServletRequest;Ljakarta/servlet/ServletResponse;)V+130
j  org.apache.catalina.core.ApplicationFilterChain.doFilter(Ljakarta/servlet/ServletRequest;Ljakarta/servlet/ServletResponse;)V+99
j  org.apache.catalina.core.StandardWrapperValve.invoke(Lorg/apache/catalina/connector/Request;Lorg/apache/catalina/connector/Response;)V+514
j  org.apache.catalina.core.StandardContextValve.invoke(Lorg/apache/catalina/connector/Request;Lorg/apache/catalina/connector/Response;)V+169
j  org.apache.catalina.authenticator.AuthenticatorBase.invoke(Lorg/apache/catalina/connector/Request;Lorg/apache/catalina/connector/Response;)V+221
j  org.apache.catalina.core.StandardHostValve.invoke(Lorg/apache/catalina/connector/Request;Lorg/apache/catalina/connector/Response;)V+131
j  org.apache.catalina.valves.ErrorReportValve.invoke(Lorg/apache/catalina/connector/Request;Lorg/apache/catalina/connector/Response;)V+6
j  org.apache.catalina.core.StandardEngineValve.invoke(Lorg/apache/catalina/connector/Request;Lorg/apache/catalina/connector/Response;)V+59
j  org.apache.catalina.connector.CoyoteAdapter.service(Lorg/apache/coyote/Request;Lorg/apache/coyote/Response;)V+188
j  org.apache.coyote.http11.Http11Processor.service(Lorg/apache/tomcat/util/net/SocketWrapperBase;)Lorg/apache/tomcat/util/net/AbstractEndpoint$Handler$SocketState;+796
j  org.apache.coyote.AbstractProcessorLight.process(Lorg/apache/tomcat/util/net/SocketWrapperBase;Lorg/apache/tomcat/util/net/SocketEvent;)Lorg/apache/tomcat/util/net/AbstractEndpoint$Handler$SocketState;+155
j  org.apache.coyote.AbstractProtocol$ConnectionHandler.process(Lorg/apache/tomcat/util/net/SocketWrapperBase;Lorg/apache/tomcat/util/net/SocketEvent;)Lorg/apache/tomcat/util/net/AbstractEndpoint$Handler$SocketState;+482
j  org.apache.tomcat.util.net.NioEndpoint$SocketProcessor.doRun()V+249
j  org.apache.tomcat.util.net.SocketProcessorBase.run()V+32
j  org.apache.tomcat.util.threads.ThreadPoolExecutor.runWorker(Lorg/apache/tomcat/util/threads/ThreadPoolExecutor$Worker;)V+92
j  org.apache.tomcat.util.threads.ThreadPoolExecutor$Worker.run()V+5
j  org.apache.tomcat.util.threads.TaskThread$WrappingRunnable.run()V+4
j  java.lang.Thread.run()V+11 java.base@17.0.10
v  ~StubRoutines::call_stub

siginfo: EXCEPTION_ACCESS_VIOLATION (0xc0000005), reading address 0x0000000000000000


Registers:
RAX=0x0000000000000000, RBX=0x000001d45bfdf040, RCX=0x00007ff9161986f8, RDX=0x0000000000000000
RSP=0x000000cf3d9fcab0, RBP=0x000000cf3d9fcd00, RSI=0x00007ff9161986f0, RDI=0x0000000000004000
R8 =0x0000000000000009, R9 =0x0000000000000040, R10=0xfefefefefefefeff, R11=0x8080808080808080
R12=0x000000cf3d9fcd90, R13=0x0000000000000000, R14=0x0000000000000000, R15=0x00007ff916198738
RIP=0x00007ff9ab3832a8, EFLAGS=0x0000000000010282


Register to memory mapping:

RIP=0x00007ff9ab3832a8 msvcp140.dll
RAX=0x0 is NULL
RBX=0x000001d45bfdf040 points into unknown readable memory: 0x73726573555c3a43 | 43 3a 5c 55 73 65 72 73
RCX=0x00007ff9161986f8 gdal.dll
RDX=0x0 is NULL
RSP=0x000000cf3d9fcab0 is pointing into the stack for thread: 0x000001d462361ed0
RBP=0x000000cf3d9fcd00 is pointing into the stack for thread: 0x000001d462361ed0
RSI=0x00007ff9161986f0 gdal.dll
RDI=0x0000000000004000 is an unknown value
R8 =0x0000000000000009 is an unknown value
R9 =0x0000000000000040 is an unknown value
R10=0xfefefefefefefeff is an unknown value
R11=0x8080808080808080 is an unknown value
R12=0x000000cf3d9fcd90 is pointing into the stack for thread: 0x000001d462361ed0
R13=0x0 is NULL
R14=0x0 is NULL
R15=0x00007ff916198738 gdal.dll


Top of Stack: (sp=0x000000cf3d9fcab0)
0x000000cf3d9fcab0:   0000000000000002 0000000000000000
0x000000cf3d9fcac0:   0000000000000000 0000000000000000
0x000000cf3d9fcad0:   0000000000000000 0000000000000000
0x000000cf3d9fcae0:   0000a18c158eb06d 000001d45bfdee60
0x000000cf3d9fcaf0:   0000000000000042 000001d45bfdee60
0x000000cf3d9fcb00:   0000000000004000 00007ff915a4757d
0x000000cf3d9fcb10:   000001d442a20000 000000000000003e
0x000000cf3d9fcb20:   000001d45bfdf040 ffffffffffffffff
0x000000cf3d9fcb30:   00007ff9161986f0 00007ff914e3c93e
0x000000cf3d9fcb40:   000000000000003e 000001d462361ed0
0x000000cf3d9fcb50:   000001d400453e48 0000f86e773e0eb3
0x000000cf3d9fcb60:   0000000000000042 000001d45bfdee60
0x000000cf3d9fcb70:   0000000000000000 0000000000000000
0x000000cf3d9fcb80:   0000000000004000 ffffffffffffffff
0x000000cf3d9fcb90:   000000cf3d9fcd00 00007ff915a46d8d
0x000000cf3d9fcba0:   000000cf3d9fcd50 000000cf3d9fd030 

Instructions: (pc=0x00007ff9ab3832a8)
0x00007ff9ab3831a8:   48 89 01 48 83 c1 08 48 83 c4 28 48 ff 25 26 30
0x00007ff9ab3831b8:   04 00 48 8d 05 37 70 04 00 45 33 c0 48 89 01 ba
0x00007ff9ab3831c8:   a0 0f 00 00 48 83 c1 08 48 83 c4 28 48 ff 25 ed
0x00007ff9ab3831d8:   2f 04 00 cc cc cc cc cc 48 83 c1 08 48 ff 25 cd
0x00007ff9ab3831e8:   2f 04 00 cc cc cc cc cc 48 83 c1 08 48 ff 25 dd
0x00007ff9ab3831f8:   2f 04 00 cc cc cc cc cc 48 83 c1 08 48 ff 25 45
0x00007ff9ab383208:   2e 04 00 cc 48 89 5c 24 18 48 89 74 24 20 57 41
0x00007ff9ab383218:   56 41 57 48 83 ec 40 48 8b 05 0a 11 07 00 48 33
0x00007ff9ab383228:   c4 48 89 44 24 30 8b 01 4c 8b f2 0f ba f0 08 48
0x00007ff9ab383238:   8b f1 83 f8 01 75 4a ff 15 b3 2f 04 00 39 46 48
0x00007ff9ab383248:   74 19 48 8d 4e 08 48 8b 01 48 8b 00 ff 15 6e 34
0x00007ff9ab383258:   04 00 ff 15 98 2f 04 00 89 46 48 ff 46 4c 33 c0
0x00007ff9ab383268:   48 8b 4c 24 30 48 33 cc e8 cb fd 03 00 48 8b 5c
0x00007ff9ab383278:   24 70 48 8b 74 24 78 48 83 c4 40 41 5f 41 5e 5f
0x00007ff9ab383288:   c3 4d 85 f6 75 28 4c 8d 79 48 ff 15 60 2f 04 00
0x00007ff9ab383298:   41 39 07 0f 84 ad 00 00 00 48 8d 4e 08 48 8b 01
0x00007ff9ab3832a8:   48 8b 00 ff 15 17 34 04 00 e9 98 00 00 00 48 83
0x00007ff9ab3832b8:   3a 00 7c 6e 75 06 83 7a 08 00 7e 66 ba 01 00 00
0x00007ff9ab3832c8:   00 48 8d 4c 24 20 e8 2d 09 00 00 48 8b 44 24 20
0x00007ff9ab3832d8:   49 3b 06 7c 14 0f 85 b3 00 00 00 41 8b 46 08 39
0x00007ff9ab3832e8:   44 24 28 0f 8d a5 00 00 00 4c 8d 7e 48 ff 15 fd
0x00007ff9ab3832f8:   2e 04 00 41 39 07 74 4e 48 8b 46 08 48 8d 54 24
0x00007ff9ab383308:   20 49 8b ce 48 8b 58 10 e8 db 07 00 00 8b d0 48
0x00007ff9ab383318:   8d 4e 08 48 8b c3 ff 15 a4 33 04 00 84 c0 74 9c
0x00007ff9ab383328:   eb 24 4c 8d 79 48 ff 15 c4 2e 04 00 41 39 07 74
0x00007ff9ab383338:   15 48 8d 4e 08 48 8b 01 48 8b 40 08 ff 15 7e 33
0x00007ff9ab383348:   04 00 84 c0 74 48 8b 4e 4c 33 db bf 02 01 00 00
0x00007ff9ab383358:   8d 41 01 89 46 4c 83 f8 01 7e 0f f7 06 00 01 00
0x00007ff9ab383368:   00 75 10 89 4e 4c 8b df eb 09 ff 15 80 2e 04 00
0x00007ff9ab383378:   41 89 07 85 db 0f 84 e3 fe ff ff 3b df 74 0a b8
0x00007ff9ab383388:   04 00 00 00 e9 d7 fe ff ff 4d 85 f6 74 20 49 83
0x00007ff9ab383398:   3e 00 75 10 41 8b 46 08 f7 d8 1b c0 83 c0 03 e9 


Stack slot to memory mapping:
stack at sp + 0 slots: 0x0000000000000002 is an unknown value
stack at sp + 1 slots: 0x0 is NULL
stack at sp + 2 slots: 0x0 is NULL
stack at sp + 3 slots: 0x0 is NULL
stack at sp + 4 slots: 0x0 is NULL
stack at sp + 5 slots: 0x0 is NULL
stack at sp + 6 slots: 0x0000a18c158eb06d is an unknown value
stack at sp + 7 slots: 0x000001d45bfdee60 points into unknown readable memory: 0x73726573555c3a43 | 43 3a 5c 55 73 65 72 73


Compiled method (n/a)   15340 3822     n 0       jdk.internal.reflect.NativeMethodAccessorImpl::invoke0 (native)
 total in heap  [0x000001d44d178890,0x000001d44d178d30] = 1184
 relocation     [0x000001d44d1789e8,0x000001d44d178a20] = 56
 main code      [0x000001d44d178a20,0x000001d44d178d30] = 784

[Constant Pool (empty)]

[MachCode]
[Entry Point]
  # {method} {0x000001d4001c4290} 'invoke0' '(Ljava/lang/reflect/Method;Ljava/lang/Object;[Ljava/lang/Object;)Ljava/lang/Object;' in 'jdk/internal/reflect/NativeMethodAccessorImpl'
  # parm0:    rdx:rdx   = 'java/lang/reflect/Method'
  # parm1:    r8:r8     = 'java/lang/Object'
  # parm2:    r9:r9     = '[Ljava/lang/Object;'
  #           [sp+0x80]  (sp of caller)
  0x000001d44d178a20: 448b 5208 | 49bb 0000 | 0000 d401 | 0000 4d03 | d349 3bc2 | 0f84 0600 

  0x000001d44d178a38: ;   {runtime_call ic_miss_stub}
  0x000001d44d178a38: 0000 e941 | 403e ff90 
[Verified Entry Point]
  0x000001d44d178a40: 8984 2400 | 90ff ff55 | 488b ec48 | 83ec 704c | 894c 2438 | 4983 f900 | 488d 4424 | 3848 0f44 
  0x000001d44d178a60: 4424 3848 | 8944 2420 | 4c89 4424 | 3049 83f8 | 004c 8d4c | 2430 4c0f | 444c 2430 | 4889 5424 
  0x000001d44d178a80: 2848 83fa | 004c 8d44 | 2428 4c0f | 4444 2428 

  0x000001d44d178a90: ;   {oop(a 'java/lang/Class'{0x00000007097dfaa8} = 'jdk/internal/reflect/NativeMethodAccessorImpl')}
  0x000001d44d178a90: 49be a8fa | 7d09 0700 | 0000 4c89 | 7424 584c | 8d74 2458 | 498b d6c5 

  0x000001d44d178aa8: ;   {internal_word}
  0x000001d44d178aa8: f877 49ba | a78a 174d | d401 0000 | 4d89 9798 | 0200 0049 | 89a7 9002 

  0x000001d44d178ac0: ;   {external_word}
  0x000001d44d178ac0: 0000 49ba | e380 7465 | f97f 0000 | 4180 3a00 | 0f84 5200 | 0000 5241 

  0x000001d44d178ad8: ;   {metadata({method} {0x000001d4001c4290} 'invoke0' '(Ljava/lang/reflect/Method;Ljava/lang/Object;[Ljava/lang/Object;)Ljava/lang/Object;' in 'jdk/internal/reflect/NativeMethodAccessorImpl')}
  0x000001d44d178ad8: 5041 5148 | ba88 421c | 00d4 0100 | 0049 8bcf | 4883 ec20 | f7c4 0f00 | 0000 0f84 | 1a00 0000 
  0x000001d44d178af8: 4883 ec08 

  0x000001d44d178afc: ;   {runtime_call}
  0x000001d44d178afc: 49ba 00d6 | 3165 f97f | 0000 41ff | d248 83c4 | 08e9 0d00 

  0x000001d44d178b10: ;   {runtime_call}
  0x000001d44d178b10: 0000 49ba | 00d6 3165 | f97f 0000 | 41ff d248 | 83c4 2041 | 5941 585a | 498d 8fb0 | 0200 0041 
  0x000001d44d178b30: c787 4003 | 0000 0400 

  0x000001d44d178b38: ;   {runtime_call}
  0x000001d44d178b38: 0000 49ba | a43e 5fae | f97f 0000 | 41ff d2c5 | f877 41c7 | 8740 0300 | 0005 0000 | 00f0 8344 
  0x000001d44d178b58: 24c0 0049 | 3baf 4803 | 0000 0f87 | 1100 0000 | 4181 bf30 | 0300 0000 | 0000 000f | 842c 0000 
  0x000001d44d178b78: 00c5 f877 | 4889 45f8 | 498b cf4c | 8be4 4883 | ec20 4883 

  0x000001d44d178b8c: ;   {runtime_call}
  0x000001d44d178b8c: e4f0 49ba | 408d 3c65 | f97f 0000 | 41ff d249 | 8be4 4d33 | e448 8b45 | f841 c787 | 4003 0000 
  0x000001d44d178bac: 0800 0000 | 4181 bfb0 | 0300 0002 | 0000 000f | 843f 0100 

  0x000001d44d178bc0: ;   {external_word}
  0x000001d44d178bc0: 0049 bae3 | 8074 65f9 | 7f00 0041 | 803a 000f | 8450 0000 | 0048 8945 

  0x000001d44d178bd8: ;   {metadata({method} {0x000001d4001c4290} 'invoke0' '(Ljava/lang/reflect/Method;Ljava/lang/Object;[Ljava/lang/Object;)Ljava/lang/Object;' in 'jdk/internal/reflect/NativeMethodAccessorImpl')}
  0x000001d44d178bd8: f848 ba88 | 421c 00d4 | 0100 0049 | 8bcf 4883 | ec20 f7c4 | 0f00 0000 | 0f84 1a00 | 0000 4883 
  0x000001d44d178bf8: ;   {runtime_call}
  0x000001d44d178bf8: ec08 49ba | 00d6 3165 | f97f 0000 | 41ff d248 | 83c4 08e9 | 0d00 0000 

  0x000001d44d178c10: ;   {runtime_call}
  0x000001d44d178c10: 49ba 00d6 | 3165 f97f | 0000 41ff | d248 83c4 | 2048 8b45 | f849 c787 | 9002 0000 | 0000 0000 
  0x000001d44d178c30: 49c7 8798 | 0200 0000 | 0000 00c5 | f877 4885 | c00f 8493 | 0000 0048 | f7c0 0100 | 0000 0f84 
  0x000001d44d178c50: 8300 0000 | 488b 40ff | 4180 7f38 | 000f 846f | 0000 0048 | 83f8 000f | 8465 0000 | 0049 8b4f 
  0x000001d44d178c70: 2048 83f9 | 000f 8414 | 0000 0048 | 83e9 0849 | 894f 2049 | 034f 3048 | 8901 e943 | 0000 0050 
  0x000001d44d178c90: 498b d748 | 8bc8 4883 | ec20 f7c4 | 0f00 0000 | 0f84 1a00 | 0000 4883 

  0x000001d44d178ca8: ;   {runtime_call}
  0x000001d44d178ca8: ec08 49ba | 3009 f164 | f97f 0000 | 41ff d248 | 83c4 08e9 | 0d00 0000 

  0x000001d44d178cc0: ;   {runtime_call}
  0x000001d44d178cc0: 49ba 3009 | f164 f97f | 0000 41ff | d248 83c4 | 2058 e903 | 0000 0048 | 8b00 498b | 8fd8 0000 
  0x000001d44d178ce0: 00c7 8100 | 0100 0000 | 0000 00c9 | 4981 7f08 | 0000 0000 | 0f85 0100 

  0x000001d44d178cf8: ;   {runtime_call StubRoutines (1)}
  0x000001d44d178cf8: 0000 c3e9 | 0082 39ff | c5f8 7748 | 8945 f84c | 8be4 4883 | ec20 4883 

  0x000001d44d178d10: ;   {runtime_call}
  0x000001d44d178d10: e4f0 49ba | a006 3265 | f97f 0000 | 41ff d249 | 8be4 4d33 | e448 8b45 | f8e9 93fe | ffff f4f4 
[/MachCode]


Compiled method (c1)   15359 3821   !   1       jdk.internal.reflect.NativeMethodAccessorImpl::invoke (137 bytes)
 total in heap  [0x000001d44d178d90,0x000001d44d1797d0] = 2624
 relocation     [0x000001d44d178ee8,0x000001d44d178f70] = 136
 main code      [0x000001d44d178f80,0x000001d44d1793e0] = 1120
 stub code      [0x000001d44d1793e0,0x000001d44d179468] = 136
 metadata       [0x000001d44d179468,0x000001d44d179488] = 32
 scopes data    [0x000001d44d179488,0x000001d44d179548] = 192
 scopes pcs     [0x000001d44d179548,0x000001d44d179668] = 288
 dependencies   [0x000001d44d179668,0x000001d44d179670] = 8
 handler table  [0x000001d44d179670,0x000001d44d179790] = 288
 nul chk table  [0x000001d44d179790,0x000001d44d1797d0] = 64

[Constant Pool (empty)]

[MachCode]
[Entry Point]
  # {method} {0x000001d4001c3d68} 'invoke' '(Ljava/lang/Object;[Ljava/lang/Object;)Ljava/lang/Object;' in 'jdk/internal/reflect/NativeMethodAccessorImpl'
  # this:     rdx:rdx   = 'jdk/internal/reflect/NativeMethodAccessorImpl'
  # parm0:    r8:r8     = 'java/lang/Object'
  # parm1:    r9:r9     = '[Ljava/lang/Object;'
  #           [sp+0xd0]  (sp of caller)
  0x000001d44d178f80: 448b 5208 | 49bb 0000 | 0000 d401 | 0000 4d03 | d34c 3bd0 

  0x000001d44d178f94: ;   {runtime_call ic_miss_stub}
  0x000001d44d178f94: 0f85 e63a | 3eff 660f | 1f44 0000 
[Verified Entry Point]
  0x000001d44d178fa0: 8984 2400 | 90ff ff55 | 4881 ecc0 | 0000 0048 | 8954 2470 | 8b72 0cff | c689 720c 

  0x000001d44d178fbc: ;   {oop(a 'java/lang/Class'{0x000000070983bc08} = 'jdk/internal/reflect/ReflectionFactory')}
  0x000001d44d178fbc: 48bf 08bc | 8309 0700 | 0000 8b7f | 783b f70f | 8f08 0000 | 0048 8bf2 | e9e2 0200 | 004c 898c 
  0x000001d44d178fdc: 2480 0000 | 004c 8944 | 2478 8b72 | 1448 c1e6 | 038b 7624 | 48c1 e603 

  0x000001d44d178ff4: ; implicit exception: dispatches to 0x000001d44d17931a
  0x000001d44d178ff4: 483b 0648 | 8bd6 0f1f 

  0x000001d44d178ffc: ;   {optimized virtual_call}
  0x000001d44d178ffc: 4400 00e8 

  0x000001d44d179000: ; ImmutableOopMap {[112]=Oop [128]=Oop [120]=Oop }
                      ;*invokevirtual isHidden {reexecute=0 rethrow=0 return_oop=0}
                      ; - jdk.internal.reflect.NativeMethodAccessorImpl::invoke@24 (line 57)
  0x000001d44d179000: bcfc 80ff | 83f8 000f | 8417 0000 | 004c 8b8c | 2480 0000 | 004c 8b44 | 2478 488b | 7424 70e9 
  0x000001d44d179020: 9702 0000 | 488b 5424 | 708b 4210 | 83f8 000f | 8415 0000 | 004c 8b8c | 2480 0000 | 004c 8b44 
  0x000001d44d179040: 2478 488b | f2e9 7102 | 0000 488d | 7210 b800 | 0000 00bf | 0100 0000 | f00f b13e | be01 0000 
  0x000001d44d179060: 000f 8405 | 0000 00be | 0000 0000 | 83fe 000f | 8515 0000 | 004c 8b8c | 2480 0000 | 004c 8b44 
  0x000001d44d179080: 2478 488b | f2e9 3102 | 0000 488b 

  0x000001d44d17908c: ;   {metadata('jdk/internal/reflect/MethodAccessorGenerator')}
  0x000001d44d17908c: da48 ba68 | 360f 01d4 | 0100 0049 | 8b87 0801 | 0000 488d | b890 0000 | 0049 3bbf | 1801 0000 
  0x000001d44d1790ac: 0f87 6d02 | 0000 4989 | bf08 0100 | 0048 c700 | 0100 0000 | 488b ca49 | ba00 0000 | 00d4 0100 
  0x000001d44d1790cc: 0049 2bca | 8948 0848 | 33c9 8948 | 0c48 33c9 | 48bf 1000 | 0000 0000 | 0000 4889 | 4cf8 0848 
  0x000001d44d1790ec: ffcf 75f6 | ba1e 0000 | 0066 8950 | 6aba 4900 | 0000 6689 | 506c 8b53 | 1448 c1e2 | 038b 7224 
  0x000001d44d17910c: 48c1 e603 | 8b7a 2848 | c1e7 038b | 5230 48c1 | e203 4889 | 8424 9800 | 0000 4889 | bc24 9000 
  0x000001d44d17912c: 0000 4889 | b424 8800 | 0000 0f1f | 8000 0000 | 0048 b878 | 1c00 00d4 

  0x000001d44d179144: ;   {virtual_call}
  0x000001d44d179144: 0100 00e8 

  0x000001d44d179148: ; ImmutableOopMap {[128]=Oop [120]=Oop [152]=Oop [112]=Oop [144]=Oop [136]=Oop }
                      ;*invokevirtual clone {reexecute=0 rethrow=0 return_oop=0}
                      ; - java.lang.reflect.Method::getParameterTypes@4 (line 314)
                      ; - jdk.internal.reflect.NativeMethodAccessorImpl::invoke@77 (line 65)
  0x000001d44d179148: 54f8 78ff | 4883 f800 | 0f84 2900 

  0x000001d44d179154: ;   {metadata('java/lang/Class'[])}
  0x000001d44d179154: 0000 48bb | 781c 0000 | d401 0000 | 8b78 0849 | ba00 0000 | 00d4 0100 | 0049 03fa | 483b 5f40 
  0x000001d44d179174: 0f85 b701 | 0000 e900 | 0000 0048 | 8bf0 488b | 5424 708b | 7a14 48c1 | e703 8b5f | 2c48 c1e3 
  0x000001d44d179194: 038b 7f34 | 48c1 e703 | 488b d748 | 899c 24a8 | 0000 0048 | 89b4 24a0 | 0000 0066 | 0f1f 4400 
  0x000001d44d1791b4: 0048 b878 | 1c00 00d4 

  0x000001d44d1791bc: ;   {virtual_call}
  0x000001d44d1791bc: 0100 00e8 

  0x000001d44d1791c0: ; ImmutableOopMap {[128]=Oop [120]=Oop [152]=Oop [144]=Oop [136]=Oop [112]=Oop [168]=Oop [160]=Oop }
                      ;*invokevirtual clone {reexecute=0 rethrow=0 return_oop=0}
                      ; - java.lang.reflect.Method::getExceptionTypes@4 (line 341)
                      ; - jdk.internal.reflect.NativeMethodAccessorImpl::invoke@91 (line 67)
  0x000001d44d1791c0: dcf7 78ff | 4883 f800 | 0f84 2a00 

  0x000001d44d1791cc: ;   {metadata('java/lang/Class'[])}
  0x000001d44d1791cc: 0000 48bf | 781c 0000 | d401 0000 | 448b 4808 | 49ba 0000 | 0000 d401 | 0000 4d03 | ca49 3b79 
  0x000001d44d1791ec: 400f 854c | 0100 00e9 | 0000 0000 | 488b c848 | 8b54 2470 | 448b 4214 | 49c1 e003 

  0x000001d44d179208: ; implicit exception: dispatches to 0x000001d44d179348
  0x000001d44d179208: 418b 5820 | 4c8b 8424 | 8800 0000 | 4c8b 8c24 | 9000 0000 | 488b bc24 | a000 0000 | 488b b424 
  0x000001d44d179228: a800 0000 | 891c 2448 | 8b94 2498 

  0x000001d44d179234: ;   {optimized virtual_call}
  0x000001d44d179234: 0000 00e8 

  0x000001d44d179238: ; ImmutableOopMap {[128]=Oop [120]=Oop [112]=Oop }
                      ;*invokevirtual generateMethod {reexecute=0 rethrow=0 return_oop=0}
                      ; - jdk.internal.reflect.NativeMethodAccessorImpl::invoke@101 (line 63)
  0x000001d44d179238: d901 0000 | 4883 f800 | 0f84 2a00 

  0x000001d44d179244: ;   {metadata('jdk/internal/reflect/MethodAccessorImpl')}
  0x000001d44d179244: 0000 48be | d0ae 0000 | d401 0000 | 448b 4808 | 49ba 0000 | 0000 d401 | 0000 4d03 | ca49 3b71 
  0x000001d44d179264: 400f 85e2 | 0000 00e9 | 0000 0000 | 488b d048 | 8b74 2470 | 448b 4618 | 49c1 e003 | 450f be4f 
  0x000001d44d179284: 3841 83f9 | 000f 85c7 | 0000 004c | 8bd2 49c1 | ea03 4589 | 500c 4d8b | c84c 33ca | 49c1 e915 
  0x000001d44d1792a4: 4983 f900 | 0f85 cd00 | 0000 4c8b | 8c24 8000 | 0000 4c8b | 4424 788b | 5614 48c1 | e203 0f1f 
  0x000001d44d1792c4: ;   {static_call}
  0x000001d44d1792c4: 4400 00e8 

  0x000001d44d1792c8: ; ImmutableOopMap {}
                      ;*invokestatic invoke0 {reexecute=0 rethrow=0 return_oop=0}
                      ; - jdk.internal.reflect.NativeMethodAccessorImpl::invoke@133 (line 77)
  0x000001d44d1792c8: 74f7 ffff | 4881 c4c0 | 0000 005d 

  0x000001d44d1792d4: ;   {poll_return}
  0x000001d44d1792d4: 493b a748 | 0300 000f | 87b2 0000 | 00c3 488b | 7424 7049 | 8b87 d803 | 0000 4d33 | d24d 8997 
  0x000001d44d1792f4: d803 0000 | 4d33 d24d | 8997 e003 | 0000 bf00 | 0000 0089 | 7e10 f083 | 4424 c000 | e9b8 0000 
  0x000001d44d179314: ;   {runtime_call throw_null_pointer_exception Runtime1 stub}
  0x000001d44d179314: 00e8 06c4 

  0x000001d44d179318: ; ImmutableOopMap {rdx=Oop [112]=Oop [128]=Oop [120]=Oop }
                      ;*invokevirtual getDeclaringClass {reexecute=0 rethrow=0 return_oop=0}
                      ; - jdk.internal.reflect.NativeMethodAccessorImpl::invoke@21 (line 57)
                      ;   {runtime_call throw_null_pointer_exception Runtime1 stub}
  0x000001d44d179318: 48ff e801 

  0x000001d44d17931c: ; ImmutableOopMap {rdx=Oop [112]=Oop [128]=Oop [120]=Oop rsi=Oop }
                      ;*invokevirtual isHidden {reexecute=0 rethrow=0 return_oop=0}
                      ; - jdk.internal.reflect.NativeMethodAccessorImpl::invoke@24 (line 57)
  0x000001d44d17931c: c448 ff48 

  0x000001d44d179320: ;   {runtime_call fast_new_instance Runtime1 stub}
  0x000001d44d179320: 8bd2 e8d9 

  0x000001d44d179324: ; ImmutableOopMap {[128]=Oop [120]=Oop rbx=Oop [112]=Oop }
                      ;*new {reexecute=0 rethrow=0 return_oop=0}
                      ; - jdk.internal.reflect.NativeMethodAccessorImpl::invoke@52 (line 61)
  0x000001d44d179324: cc48 ffe9 | c4fd ffff 

  0x000001d44d17932c: ;   {runtime_call throw_null_pointer_exception Runtime1 stub}
  0x000001d44d17932c: e8ef c348 

  0x000001d44d179330: ; ImmutableOopMap {[128]=Oop [120]=Oop rbx=Oop [112]=Oop rax=Oop rdx=Oop }
                      ;*invokevirtual getDeclaringClass {reexecute=0 rethrow=0 return_oop=0}
                      ; - jdk.internal.reflect.NativeMethodAccessorImpl::invoke@63 (line 63)
  0x000001d44d179330: ff48 8904 

  0x000001d44d179334: ;   {runtime_call throw_class_cast_exception Runtime1 stub}
  0x000001d44d179334: 24e8 e6e7 

  0x000001d44d179338: ; ImmutableOopMap {[128]=Oop [120]=Oop [152]=Oop [112]=Oop [144]=Oop [136]=Oop }
                      ;*checkcast {reexecute=0 rethrow=0 return_oop=0}
                      ; - java.lang.reflect.Method::getParameterTypes@7 (line 314)
                      ; - jdk.internal.reflect.NativeMethodAccessorImpl::invoke@77 (line 65)
                      ;   {runtime_call throw_null_pointer_exception Runtime1 stub}
  0x000001d44d179338: 48ff e8e1 

  0x000001d44d17933c: ; ImmutableOopMap {[128]=Oop [120]=Oop [152]=Oop [144]=Oop [136]=Oop rsi=Oop rdx=Oop [112]=Oop rdi=Oop }
                      ;*invokevirtual getReturnType {reexecute=0 rethrow=0 return_oop=0}
                      ; - jdk.internal.reflect.NativeMethodAccessorImpl::invoke@84 (line 66)
  0x000001d44d17933c: c348 ff48 

  0x000001d44d179340: ;   {runtime_call throw_class_cast_exception Runtime1 stub}
  0x000001d44d179340: 8904 24e8 

  0x000001d44d179344: ; ImmutableOopMap {[128]=Oop [120]=Oop [152]=Oop [144]=Oop [136]=Oop [112]=Oop [168]=Oop [160]=Oop }
                      ;*checkcast {reexecute=0 rethrow=0 return_oop=0}
                      ; - java.lang.reflect.Method::getExceptionTypes@7 (line 341)
                      ; - jdk.internal.reflect.NativeMethodAccessorImpl::invoke@91 (line 67)
  0x000001d44d179344: d8e7 48ff 

  0x000001d44d179348: ;   {runtime_call throw_null_pointer_exception Runtime1 stub}
  0x000001d44d179348: e8d3 c348 

  0x000001d44d17934c: ; ImmutableOopMap {[128]=Oop [120]=Oop [152]=Oop [144]=Oop [136]=Oop [168]=Oop [160]=Oop rcx=Oop rdx=Oop [112]=Oop }
                      ;*invokevirtual getModifiers {reexecute=0 rethrow=0 return_oop=0}
                      ; - jdk.internal.reflect.NativeMethodAccessorImpl::invoke@98 (line 68)
  0x000001d44d17934c: ff48 8904 

  0x000001d44d179350: ;   {runtime_call throw_class_cast_exception Runtime1 stub}
  0x000001d44d179350: 24e8 cae7 

  0x000001d44d179354: ; ImmutableOopMap {[128]=Oop [120]=Oop [112]=Oop }
                      ;*checkcast {reexecute=0 rethrow=0 return_oop=0}
                      ; - jdk.internal.reflect.NativeMethodAccessorImpl::invoke@104 (line 63)
  0x000001d44d179354: 48ff 458b | 480c 49c1 | e103 4983 | f900 0f84 | 27ff ffff | 4c89 0c24 

  0x000001d44d17936c: ;   {runtime_call g1_pre_barrier_slow}
  0x000001d44d17936c: e88f 1a49 | ffe9 19ff 

  0x000001d44d179374: ;   {runtime_call throw_null_pointer_exception Runtime1 stub}
  0x000001d44d179374: ffff e8a5 

  0x000001d44d179378: ; ImmutableOopMap {[128]=Oop [120]=Oop rdx=Oop rsi=Oop [112]=Oop r8=Oop }
                      ;*invokevirtual setDelegate {reexecute=0 rethrow=0 return_oop=0}
                      ; - jdk.internal.reflect.NativeMethodAccessorImpl::invoke@113 (line 69)
  0x000001d44d179378: c348 ff48 | 83fa 000f | 8429 ffff | ff4c 8904 

  0x000001d44d179388: ;   {runtime_call g1_post_barrier_slow}
  0x000001d44d179388: 24e8 721d | 49ff e91b 

  0x000001d44d179390: ;   {internal_word}
  0x000001d44d179390: ffff ff49 | bad4 9217 | 4dd4 0100 | 004d 8997 | 6003 0000 

  0x000001d44d1793a4: ;   {runtime_call SafepointBlob}
  0x000001d44d1793a4: e957 a03e 

  0x000001d44d1793a8: ;   {runtime_call throw_null_pointer_exception Runtime1 stub}
  0x000001d44d1793a8: ffe8 72c3 

  0x000001d44d1793ac: ; ImmutableOopMap {[128]=Oop [120]=Oop rdx=Oop rsi=Oop [112]=Oop r8=Oop }
                      ;*invokevirtual setDelegate {reexecute=0 rethrow=0 return_oop=0}
                      ; - jdk.internal.reflect.NativeMethodAccessorImpl::invoke@113 (line 69)
  0x000001d44d1793ac: 48ff 9090 | 498b 87d8 | 0300 0049 | c787 d803 | 0000 0000 | 0000 49c7 | 87e0 0300 | 0000 0000 
  0x000001d44d1793cc: 0048 81c4 | c000 0000 

  0x000001d44d1793d4: ;   {runtime_call unwind_exception Runtime1 stub}
  0x000001d44d1793d4: 5de9 26b4 | 48ff f4f4 | f4f4 f4f4 
[Stub Code]
  0x000001d44d1793e0: ;   {no_reloc}
  0x000001d44d1793e0: 0f1f 4400 

  0x000001d44d1793e4: ;   {static_stub}
  0x000001d44d1793e4: 0048 bb00 | 0000 0000 

  0x000001d44d1793ec: ;   {runtime_call}
  0x000001d44d1793ec: 0000 00e9 | fbff ffff 

  0x000001d44d1793f4: ;   {static_stub}
  0x000001d44d1793f4: 9048 bb00 | 0000 0000 

  0x000001d44d1793fc: ;   {runtime_call}
  0x000001d44d1793fc: 0000 00e9 | fbff ffff 

  0x000001d44d179404: ;   {static_stub}
  0x000001d44d179404: 9048 bb00 | 0000 0000 

  0x000001d44d17940c: ;   {runtime_call}
  0x000001d44d17940c: 0000 00e9 | fbff ffff 

  0x000001d44d179414: ;   {static_stub}
  0x000001d44d179414: 9048 bb10 | 6623 5dd4 

  0x000001d44d17941c: ;   {runtime_call I2C/C2I adapters}
  0x000001d44d17941c: 0100 00e9 | d6d8 71ff 

  0x000001d44d179424: ;   {static_stub}
  0x000001d44d179424: 9048 bb00 | 0000 0000 

  0x000001d44d17942c: ;   {runtime_call}
  0x000001d44d17942c: 0000 00e9 | fbff ffff 
[Exception Handler]
  0x000001d44d179434: ;   {runtime_call handle_exception_from_callee Runtime1 stub}
  0x000001d44d179434: e8c7 e048 

  0x000001d44d179438: ;   {external_word}
  0x000001d44d179438: ff48 b9a0 | e050 65f9 | 7f00 0048 

  0x000001d44d179444: ;   {runtime_call}
  0x000001d44d179444: 83e4 f049 | bae0 da1e | 65f9 7f00 | 0041 ffd2 

  0x000001d44d179454: ;   {section_word}
  0x000001d44d179454: f449 ba55 | 9417 4dd4 | 0100 0041 

  0x000001d44d179460: ;   {runtime_call DeoptimizationBlob}
  0x000001d44d179460: 52e9 3a92 | 3eff f4f4 
[/MachCode]


Compiled method (c1)   15389 3810       1       jdk.internal.reflect.DelegatingMethodAccessorImpl::invoke (10 bytes)
 total in heap  [0x000001d44d175f90,0x000001d44d176258] = 712
 relocation     [0x000001d44d1760e8,0x000001d44d176120] = 56
 main code      [0x000001d44d176120,0x000001d44d1761c0] = 160
 stub code      [0x000001d44d1761c0,0x000001d44d176208] = 72
 metadata       [0x000001d44d176208,0x000001d44d176210] = 8
 scopes data    [0x000001d44d176210,0x000001d44d176220] = 16
 scopes pcs     [0x000001d44d176220,0x000001d44d176250] = 48
 dependencies   [0x000001d44d176250,0x000001d44d176258] = 8

[Constant Pool (empty)]

[MachCode]
[Entry Point]
  # {method} {0x000001d40035fb00} 'invoke' '(Ljava/lang/Object;[Ljava/lang/Object;)Ljava/lang/Object;' in 'jdk/internal/reflect/DelegatingMethodAccessorImpl'
  # this:     rdx:rdx   = 'jdk/internal/reflect/DelegatingMethodAccessorImpl'
  # parm0:    r8:r8     = 'java/lang/Object'
  # parm1:    r9:r9     = '[Ljava/lang/Object;'
  #           [sp+0x40]  (sp of caller)
  0x000001d44d176120: 448b 5208 | 49bb 0000 | 0000 d401 | 0000 4d03 | d34c 3bd0 

  0x000001d44d176134: ;   {runtime_call ic_miss_stub}
  0x000001d44d176134: 0f85 4669 | 3eff 660f | 1f44 0000 
[Verified Entry Point]
  0x000001d44d176140: 8984 2400 | 90ff ff55 | 4883 ec30 | 8b52 0c48 | c1e2 0366 | 9048 b8ff | ffff ffff 

  0x000001d44d17615c: ;   {virtual_call}
  0x000001d44d17615c: ffff ffe8 

  0x000001d44d176160: ; ImmutableOopMap {}
                      ;*invokevirtual invoke {reexecute=0 rethrow=0 return_oop=0}
                      ; - jdk.internal.reflect.DelegatingMethodAccessorImpl::invoke@6 (line 43)
  0x000001d44d176160: 5c5e 49ff | 4883 c430 

  0x000001d44d176168: ;   {poll_return}
  0x000001d44d176168: 5d49 3ba7 | 4803 0000 | 0f87 0100 

  0x000001d44d176174: ;   {internal_word}
  0x000001d44d176174: 0000 c349 | ba69 6117 | 4dd4 0100 | 004d 8997 | 6003 0000 

  0x000001d44d176188: ;   {runtime_call SafepointBlob}
  0x000001d44d176188: e973 d23e | ff90 9049 | 8b87 d803 | 0000 49c7 | 87d8 0300 | 0000 0000 | 0049 c787 | e003 0000 
  0x000001d44d1761a8: 0000 0000 | 4883 c430 

  0x000001d44d1761b0: ;   {runtime_call unwind_exception Runtime1 stub}
  0x000001d44d1761b0: 5de9 4ae6 | 48ff f4f4 | f4f4 f4f4 | f4f4 f4f4 
[Stub Code]
  0x000001d44d1761c0: ;   {no_reloc}
  0x000001d44d1761c0: 0f1f 4400 

  0x000001d44d1761c4: ;   {static_stub}
  0x000001d44d1761c4: 0048 bb00 | 0000 0000 

  0x000001d44d1761cc: ;   {runtime_call}
  0x000001d44d1761cc: 0000 00e9 | fbff ffff 
[Exception Handler]
  0x000001d44d1761d4: ;   {runtime_call handle_exception_from_callee Runtime1 stub}
  0x000001d44d1761d4: e827 1349 

  0x000001d44d1761d8: ;   {external_word}
  0x000001d44d1761d8: ff48 b9a0 | e050 65f9 | 7f00 0048 

  0x000001d44d1761e4: ;   {runtime_call}
  0x000001d44d1761e4: 83e4 f049 | bae0 da1e | 65f9 7f00 | 0041 ffd2 

  0x000001d44d1761f4: ;   {section_word}
  0x000001d44d1761f4: f449 baf5 | 6117 4dd4 | 0100 0041 

  0x000001d44d176200: ;   {runtime_call DeoptimizationBlob}
  0x000001d44d176200: 52e9 9ac4 | 3eff f4f4 
[/MachCode]


---------------  P R O C E S S  ---------------

Threads class SMR info:
_java_thread_list=0x000001d4625b1b70, length=28, elements={
0x000001d45b287fc0, 0x000001d45b288980, 0x000001d45b2a3400, 0x000001d45b2a3cd0,
0x000001d45b2a4690, 0x000001d45b2a5050, 0x000001d45b2a5ac0, 0x000001d45b2a64c0,
0x000001d45c0872d0, 0x000001d45c09ade0, 0x000001d4616222e0, 0x000001d46186ce80,
0x000001d46186d360, 0x000001d461873070, 0x000001d4623628f0, 0x000001d4623614b0,
0x000001d462361ed0, 0x000001d4623619c0, 0x000001d45c0dcde0, 0x000001d45c0dc8d0,
0x000001d45c0dfb70, 0x000001d45c0e0aa0, 0x000001d45c0dd800, 0x000001d45c0e0080,
0x000001d45c0e0590, 0x000001d45c0dd2f0, 0x000001d45c0de220, 0x000001d45c0e0fb0
}

Java Threads: ( => current thread )
  0x000001d45b287fc0 JavaThread "Reference Handler" daemon [_thread_blocked, id=6668, stack(0x000000cf3af00000,0x000000cf3b000000)]
  0x000001d45b288980 JavaThread "Finalizer" daemon [_thread_blocked, id=2960, stack(0x000000cf3b000000,0x000000cf3b100000)]
  0x000001d45b2a3400 JavaThread "Signal Dispatcher" daemon [_thread_blocked, id=36632, stack(0x000000cf3b100000,0x000000cf3b200000)]
  0x000001d45b2a3cd0 JavaThread "Attach Listener" daemon [_thread_blocked, id=2992, stack(0x000000cf3b200000,0x000000cf3b300000)]
  0x000001d45b2a4690 JavaThread "Service Thread" daemon [_thread_blocked, id=32160, stack(0x000000cf3b300000,0x000000cf3b400000)]
  0x000001d45b2a5050 JavaThread "Monitor Deflation Thread" daemon [_thread_blocked, id=16160, stack(0x000000cf3b400000,0x000000cf3b500000)]
  0x000001d45b2a5ac0 JavaThread "C1 CompilerThread0" daemon [_thread_blocked, id=32072, stack(0x000000cf3b500000,0x000000cf3b600000)]
  0x000001d45b2a64c0 JavaThread "Sweeper thread" daemon [_thread_blocked, id=17128, stack(0x000000cf3b600000,0x000000cf3b700000)]
  0x000001d45c0872d0 JavaThread "Notification Thread" daemon [_thread_blocked, id=36804, stack(0x000000cf3bb00000,0x000000cf3bc00000)]
  0x000001d45c09ade0 JavaThread "Common-Cleaner" daemon [_thread_blocked, id=32648, stack(0x000000cf3bd00000,0x000000cf3be00000)]
  0x000001d4616222e0 JavaThread "Catalina-utility-1" [_thread_blocked, id=34736, stack(0x000000cf3d200000,0x000000cf3d300000)]
  0x000001d46186ce80 JavaThread "Catalina-utility-2" [_thread_blocked, id=15908, stack(0x000000cf3d300000,0x000000cf3d400000)]
  0x000001d46186d360 JavaThread "container-0" [_thread_blocked, id=2488, stack(0x000000cf3d400000,0x000000cf3d500000)]
  0x000001d461873070 JavaThread "HikariPool-1 housekeeper" daemon [_thread_blocked, id=16120, stack(0x000000cf3d500000,0x000000cf3d600000)]
  0x000001d4623628f0 JavaThread "java-sdk-http-connection-reaper" daemon [_thread_blocked, id=5004, stack(0x000000cf3d700000,0x000000cf3d800000)]
  0x000001d4623614b0 JavaThread "http-nio-8080-exec-1" daemon [_thread_blocked, id=30584, stack(0x000000cf3d800000,0x000000cf3d900000)]
=>0x000001d462361ed0 JavaThread "http-nio-8080-exec-2" daemon [_thread_in_native, id=20096, stack(0x000000cf3d900000,0x000000cf3da00000)]
  0x000001d4623619c0 JavaThread "http-nio-8080-exec-3" daemon [_thread_blocked, id=22932, stack(0x000000cf3da00000,0x000000cf3db00000)]
  0x000001d45c0dcde0 JavaThread "http-nio-8080-exec-4" daemon [_thread_blocked, id=23760, stack(0x000000cf3db00000,0x000000cf3dc00000)]
  0x000001d45c0dc8d0 JavaThread "http-nio-8080-exec-5" daemon [_thread_blocked, id=18424, stack(0x000000cf3dc00000,0x000000cf3dd00000)]
  0x000001d45c0dfb70 JavaThread "http-nio-8080-exec-6" daemon [_thread_blocked, id=29680, stack(0x000000cf3dd00000,0x000000cf3de00000)]
  0x000001d45c0e0aa0 JavaThread "http-nio-8080-exec-7" daemon [_thread_blocked, id=7964, stack(0x000000cf3de00000,0x000000cf3df00000)]
  0x000001d45c0dd800 JavaThread "http-nio-8080-exec-8" daemon [_thread_blocked, id=29468, stack(0x000000cf3df00000,0x000000cf3e000000)]
  0x000001d45c0e0080 JavaThread "http-nio-8080-exec-9" daemon [_thread_blocked, id=5516, stack(0x000000cf3e000000,0x000000cf3e100000)]
  0x000001d45c0e0590 JavaThread "http-nio-8080-exec-10" daemon [_thread_blocked, id=30728, stack(0x000000cf3e100000,0x000000cf3e200000)]
  0x000001d45c0dd2f0 JavaThread "http-nio-8080-Poller" daemon [_thread_in_native, id=32800, stack(0x000000cf3e200000,0x000000cf3e300000)]
  0x000001d45c0de220 JavaThread "http-nio-8080-Acceptor" daemon [_thread_in_native, id=36256, stack(0x000000cf3e300000,0x000000cf3e400000)]
  0x000001d45c0e0fb0 JavaThread "DestroyJavaVM" [_thread_blocked, id=24528, stack(0x000000cf3a800000,0x000000cf3a900000)]

Other Threads:
  0x000001d45b284620 VMThread "VM Thread" [stack: 0x000000cf3ae00000,0x000000cf3af00000] [id=18220]
  0x000001d45c0990a0 WatcherThread [stack: 0x000000cf3bc00000,0x000000cf3bd00000] [id=12572]
  0x000001d444cdf460 GCTaskThread "GC Thread#0" [stack: 0x000000cf3a900000,0x000000cf3aa00000] [id=19860]
  0x000001d45c8662e0 GCTaskThread "GC Thread#1" [stack: 0x000000cf3be00000,0x000000cf3bf00000] [id=21084]
  0x000001d45c823d90 GCTaskThread "GC Thread#2" [stack: 0x000000cf3bf00000,0x000000cf3c000000] [id=5880]
  0x000001d45c824050 GCTaskThread "GC Thread#3" [stack: 0x000000cf3c000000,0x000000cf3c100000] [id=19920]
  0x000001d45c824b30 GCTaskThread "GC Thread#4" [stack: 0x000000cf3c100000,0x000000cf3c200000] [id=33676]
  0x000001d45ca61350 GCTaskThread "GC Thread#5" [stack: 0x000000cf3c300000,0x000000cf3c400000] [id=32292]
  0x000001d45ca72b00 GCTaskThread "GC Thread#6" [stack: 0x000000cf3c400000,0x000000cf3c500000] [id=34672]
  0x000001d4613e2030 GCTaskThread "GC Thread#7" [stack: 0x000000cf3c200000,0x000000cf3c300000] [id=19788]
  0x000001d4613f7200 GCTaskThread "GC Thread#8" [stack: 0x000000cf3cb00000,0x000000cf3cc00000] [id=25696]
  0x000001d4613f74c0 GCTaskThread "GC Thread#9" [stack: 0x000000cf3cc00000,0x000000cf3cd00000] [id=2236]
  0x000001d4613f7780 GCTaskThread "GC Thread#10" [stack: 0x000000cf3cd00000,0x000000cf3ce00000] [id=11516]
  0x000001d461407a50 GCTaskThread "GC Thread#11" [stack: 0x000000cf3ce00000,0x000000cf3cf00000] [id=30544]
  0x000001d461407d10 GCTaskThread "GC Thread#12" [stack: 0x000000cf3cf00000,0x000000cf3d000000] [id=18416]
  0x000001d444cef970 ConcurrentGCThread "G1 Main Marker" [stack: 0x000000cf3aa00000,0x000000cf3ab00000] [id=18496]
  0x000001d444cf1f60 ConcurrentGCThread "G1 Conc#0" [stack: 0x000000cf3ab00000,0x000000cf3ac00000] [id=20212]
  0x000001d4615825e0 ConcurrentGCThread "G1 Conc#1" [stack: 0x000000cf3d000000,0x000000cf3d100000] [id=7044]
  0x000001d461582060 ConcurrentGCThread "G1 Conc#2" [stack: 0x000000cf3d100000,0x000000cf3d200000] [id=16540]
  0x000001d444d2e6b0 ConcurrentGCThread "G1 Refine#0" [stack: 0x000000cf3ac00000,0x000000cf3ad00000] [id=13908]
  0x000001d45b1c3090 ConcurrentGCThread "G1 Service" [stack: 0x000000cf3ad00000,0x000000cf3ae00000] [id=18296]

Threads with active compile tasks:

VM state: not at safepoint (normal execution)

VM Mutex/Monitor currently owned by a thread: None

Heap address: 0x0000000709400000, size: 3948 MB, Compressed Oops mode: Zero based, Oop shift amount: 3

CDS archive(s) mapped at: [0x000001d400000000-0x000001d400bd0000-0x000001d400bd0000), size 12386304, SharedBaseAddress: 0x000001d400000000, ArchiveRelocationMode: 1.
Compressed class space mapped at: 0x000001d401000000-0x000001d441000000, reserved size: 1073741824
Narrow klass base: 0x000001d400000000, Narrow klass shift: 0, Narrow klass range: 0x100000000

GC Precious Log:
 CPUs: 16 total, 16 available
 Memory: 15789M
 Large Page Support: Disabled
 NUMA Support: Disabled
 Compressed Oops: Enabled (Zero based)
 Heap Region Size: 2M
 Heap Min Capacity: 8M
 Heap Initial Capacity: 248M
 Heap Max Capacity: 3948M
 Pre-touch: Disabled
 Parallel Workers: 13
 Concurrent Workers: 3
 Concurrent Refinement Workers: 13
 Periodic GC: Disabled

Heap:
 garbage-first heap   total 116736K, used 42081K [0x0000000709400000, 0x0000000800000000)
  region size 2048K, 8 young (16384K), 1 survivors (2048K)
 Metaspace       used 64894K, committed 65472K, reserved 1114112K
  class space    used 8927K, committed 9216K, reserved 1048576K

Heap Regions: E=young(eden), S=young(survivor), O=old, HS=humongous(starts), HC=humongous(continues), CS=collection set, F=free, OA=open archive, CA=closed archive, TAMS=top-at-mark-start (previous, next)
|   0|0x0000000709400000, 0x0000000709600000, 0x0000000709600000|100%| O|  |TAMS 0x0000000709600000, 0x0000000709400000| Untracked 
|   1|0x0000000709600000, 0x0000000709800000, 0x0000000709800000|100%| O|  |TAMS 0x0000000709800000, 0x0000000709600000| Untracked 
|   2|0x0000000709800000, 0x0000000709a00000, 0x0000000709a00000|100%| O|  |TAMS 0x0000000709a00000, 0x0000000709800000| Untracked 
|   3|0x0000000709a00000, 0x0000000709c00000, 0x0000000709c00000|100%| O|  |TAMS 0x0000000709aec400, 0x0000000709a00000| Untracked 
|   4|0x0000000709c00000, 0x0000000709e00000, 0x0000000709e00000|100%| O|  |TAMS 0x0000000709e00000, 0x0000000709c00000| Untracked 
|   5|0x0000000709e00000, 0x000000070a000000, 0x000000070a000000|100%| O|  |TAMS 0x000000070a000000, 0x0000000709e00000| Untracked 
|   6|0x000000070a000000, 0x000000070a200000, 0x000000070a200000|100%| O|  |TAMS 0x000000070a200000, 0x000000070a000000| Untracked 
|   7|0x000000070a200000, 0x000000070a400000, 0x000000070a400000|100%| O|  |TAMS 0x000000070a400000, 0x000000070a200000| Untracked 
|   8|0x000000070a400000, 0x000000070a600000, 0x000000070a600000|100%| O|  |TAMS 0x000000070a600000, 0x000000070a400000| Untracked 
|   9|0x000000070a600000, 0x000000070a800000, 0x000000070a800000|100%| O|  |TAMS 0x000000070a600000, 0x000000070a600000| Untracked 
|  10|0x000000070a800000, 0x000000070aa00000, 0x000000070aa00000|100%| O|  |TAMS 0x000000070a800000, 0x000000070a800000| Untracked 
|  11|0x000000070aa00000, 0x000000070ac00000, 0x000000070ac00000|100%| O|  |TAMS 0x000000070aa00000, 0x000000070aa00000| Untracked 
|  12|0x000000070ac00000, 0x000000070ae00000, 0x000000070ae00000|100%| O|  |TAMS 0x000000070ae00000, 0x000000070ac00000| Untracked 
|  13|0x000000070ae00000, 0x000000070b000000, 0x000000070b000000|100%| O|  |TAMS 0x000000070ae00000, 0x000000070ae00000| Untracked 
|  14|0x000000070b000000, 0x000000070b17d600, 0x000000070b200000| 74%| O|  |TAMS 0x000000070b000000, 0x000000070b000000| Untracked 
|  15|0x000000070b200000, 0x000000070b200000, 0x000000070b400000|  0%| F|  |TAMS 0x000000070b200000, 0x000000070b200000| Untracked 
|  16|0x000000070b400000, 0x000000070b400000, 0x000000070b600000|  0%| F|  |TAMS 0x000000070b400000, 0x000000070b400000| Untracked 
|  17|0x000000070b600000, 0x000000070b600000, 0x000000070b800000|  0%| F|  |TAMS 0x000000070b600000, 0x000000070b600000| Untracked 
|  18|0x000000070b800000, 0x000000070b800000, 0x000000070ba00000|  0%| F|  |TAMS 0x000000070b800000, 0x000000070b800000| Untracked 
|  19|0x000000070ba00000, 0x000000070ba00000, 0x000000070bc00000|  0%| F|  |TAMS 0x000000070ba00000, 0x000000070ba00000| Untracked 
|  20|0x000000070bc00000, 0x000000070bc00000, 0x000000070be00000|  0%| F|  |TAMS 0x000000070bc00000, 0x000000070bc00000| Untracked 
|  21|0x000000070be00000, 0x000000070be00000, 0x000000070c000000|  0%| F|  |TAMS 0x000000070be00000, 0x000000070be00000| Untracked 
|  22|0x000000070c000000, 0x000000070c000000, 0x000000070c200000|  0%| F|  |TAMS 0x000000070c000000, 0x000000070c000000| Untracked 
|  23|0x000000070c200000, 0x000000070c200000, 0x000000070c400000|  0%| F|  |TAMS 0x000000070c200000, 0x000000070c200000| Untracked 
|  24|0x000000070c400000, 0x000000070c400000, 0x000000070c600000|  0%| F|  |TAMS 0x000000070c400000, 0x000000070c400000| Untracked 
|  25|0x000000070c600000, 0x000000070c600000, 0x000000070c800000|  0%| F|  |TAMS 0x000000070c600000, 0x000000070c600000| Untracked 
|  26|0x000000070c800000, 0x000000070c800000, 0x000000070ca00000|  0%| F|  |TAMS 0x000000070c800000, 0x000000070c800000| Untracked 
|  27|0x000000070ca00000, 0x000000070ca00000, 0x000000070cc00000|  0%| F|  |TAMS 0x000000070ca00000, 0x000000070ca00000| Untracked 
|  28|0x000000070cc00000, 0x000000070cc00000, 0x000000070ce00000|  0%| F|  |TAMS 0x000000070cc00000, 0x000000070cc00000| Untracked 
|  29|0x000000070ce00000, 0x000000070ce00000, 0x000000070d000000|  0%| F|  |TAMS 0x000000070ce00000, 0x000000070ce00000| Untracked 
|  30|0x000000070d000000, 0x000000070d000000, 0x000000070d200000|  0%| F|  |TAMS 0x000000070d000000, 0x000000070d000000| Untracked 
|  31|0x000000070d200000, 0x000000070d200000, 0x000000070d400000|  0%| F|  |TAMS 0x000000070d200000, 0x000000070d200000| Untracked 
|  32|0x000000070d400000, 0x000000070d400000, 0x000000070d600000|  0%| F|  |TAMS 0x000000070d400000, 0x000000070d400000| Untracked 
|  33|0x000000070d600000, 0x000000070d600000, 0x000000070d800000|  0%| F|  |TAMS 0x000000070d600000, 0x000000070d600000| Untracked 
|  34|0x000000070d800000, 0x000000070d800000, 0x000000070da00000|  0%| F|  |TAMS 0x000000070d800000, 0x000000070d800000| Untracked 
|  35|0x000000070da00000, 0x000000070da00000, 0x000000070dc00000|  0%| F|  |TAMS 0x000000070da00000, 0x000000070da00000| Untracked 
|  36|0x000000070dc00000, 0x000000070dc00000, 0x000000070de00000|  0%| F|  |TAMS 0x000000070dc00000, 0x000000070dc00000| Untracked 
|  37|0x000000070de00000, 0x000000070de00000, 0x000000070e000000|  0%| F|  |TAMS 0x000000070de00000, 0x000000070de00000| Untracked 
|  38|0x000000070e000000, 0x000000070e000000, 0x000000070e200000|  0%| F|  |TAMS 0x000000070e000000, 0x000000070e000000| Untracked 
|  39|0x000000070e200000, 0x000000070e200000, 0x000000070e400000|  0%| F|  |TAMS 0x000000070e200000, 0x000000070e200000| Untracked 
|  40|0x000000070e400000, 0x000000070e400000, 0x000000070e600000|  0%| F|  |TAMS 0x000000070e400000, 0x000000070e400000| Untracked 
|  41|0x000000070e600000, 0x000000070e600000, 0x000000070e800000|  0%| F|  |TAMS 0x000000070e600000, 0x000000070e600000| Untracked 
|  42|0x000000070e800000, 0x000000070e800000, 0x000000070ea00000|  0%| F|  |TAMS 0x000000070e800000, 0x000000070e800000| Untracked 
|  43|0x000000070ea00000, 0x000000070ea00000, 0x000000070ec00000|  0%| F|  |TAMS 0x000000070ea00000, 0x000000070ea00000| Untracked 
|  44|0x000000070ec00000, 0x000000070ec00000, 0x000000070ee00000|  0%| F|  |TAMS 0x000000070ec00000, 0x000000070ec00000| Untracked 
|  45|0x000000070ee00000, 0x000000070ee00000, 0x000000070f000000|  0%| F|  |TAMS 0x000000070ee00000, 0x000000070ee00000| Untracked 
|  46|0x000000070f000000, 0x000000070f000000, 0x000000070f200000|  0%| F|  |TAMS 0x000000070f000000, 0x000000070f000000| Untracked 
|  47|0x000000070f200000, 0x000000070f200000, 0x000000070f400000|  0%| F|  |TAMS 0x000000070f200000, 0x000000070f200000| Untracked 
|  48|0x000000070f400000, 0x000000070f400000, 0x000000070f600000|  0%| F|  |TAMS 0x000000070f400000, 0x000000070f400000| Untracked 
|  49|0x000000070f600000, 0x000000070f73ac48, 0x000000070f800000| 61%| E|  |TAMS 0x000000070f600000, 0x000000070f600000| Complete 
|  50|0x000000070f800000, 0x000000070fa00000, 0x000000070fa00000|100%| E|CS|TAMS 0x000000070f800000, 0x000000070f800000| Complete 
|  51|0x000000070fa00000, 0x000000070fc00000, 0x000000070fc00000|100%| E|CS|TAMS 0x000000070fa00000, 0x000000070fa00000| Complete 
|  52|0x000000070fc00000, 0x000000070fe00000, 0x000000070fe00000|100%| E|CS|TAMS 0x000000070fc00000, 0x000000070fc00000| Complete 
|  53|0x000000070fe00000, 0x0000000710000000, 0x0000000710000000|100%| E|CS|TAMS 0x000000070fe00000, 0x000000070fe00000| Complete 
|  54|0x0000000710000000, 0x0000000710200000, 0x0000000710200000|100%| E|  |TAMS 0x0000000710000000, 0x0000000710000000| Complete 
| 105|0x0000000716600000, 0x000000071679b000, 0x0000000716800000| 80%| S|CS|TAMS 0x0000000716600000, 0x0000000716600000| Complete 
| 123|0x0000000718a00000, 0x0000000718c00000, 0x0000000718c00000|100%| E|CS|TAMS 0x0000000718a00000, 0x0000000718a00000| Complete 

Card table byte_map: [0x000001d450330000,0x000001d450af0000] _byte_map_base: 0x000001d44cae6000

Marking Bits (Prev, Next): (CMBitMap*) 0x000001d444cdf9c0, (CMBitMap*) 0x000001d444cdf980
 Prev Bits: [0x000001d455060000, 0x000001d458e10000)
 Next Bits: [0x000001d4512b0000, 0x000001d455060000)

Polling page: 0x000001d442a10000

Metaspace:

Usage:
  Non-class:     54.66 MB used.
      Class:      8.72 MB used.
       Both:     63.37 MB used.

Virtual space:
  Non-class space:       64.00 MB reserved,      54.94 MB ( 86%) committed,  1 nodes.
      Class space:        1.00 GB reserved,       9.00 MB ( <1%) committed,  1 nodes.
             Both:        1.06 GB reserved,      63.94 MB (  6%) committed. 

Chunk freelists:
   Non-Class:  9.08 MB
       Class:  7.05 MB
        Both:  16.12 MB

MaxMetaspaceSize: unlimited
CompressedClassSpaceSize: 1.00 GB
Initial GC threshold: 21.00 MB
Current GC threshold: 98.25 MB
CDS: on
MetaspaceReclaimPolicy: balanced
 - commit_granule_bytes: 65536.
 - commit_granule_words: 8192.
 - virtual_space_node_default_size: 8388608.
 - enlarge_chunks_in_place: 1.
 - new_chunks_are_fully_committed: 0.
 - uncommit_free_chunks: 1.
 - use_allocation_guard: 0.
 - handle_deallocations: 1.


Internal statistics:

num_allocs_failed_limit: 9.
num_arena_births: 780.
num_arena_deaths: 0.
num_vsnodes_births: 2.
num_vsnodes_deaths: 0.
num_space_committed: 1023.
num_space_uncommitted: 0.
num_chunks_returned_to_freelist: 9.
num_chunks_taken_from_freelist: 3004.
num_chunk_merges: 9.
num_chunk_splits: 2208.
num_chunks_enlarged: 1730.
num_inconsistent_stats: 0.

CodeCache: size=49152Kb used=9977Kb max_used=14842Kb free=39174Kb
 bounds [0x000001d44c510000, 0x000001d44d390000, 0x000001d44f510000]
 total_blobs=6122 nmethods=5353 adapters=696
 compilation: enabled
              stopped_count=0, restarted_count=0
 full_count=0

Compilation events (20 events):
Event: 14.169 Thread 0x000001d45b2a5ac0 5344       1       sun.security.provider.MD5::HH (29 bytes)
Event: 14.169 Thread 0x000001d45b2b0740 5345       1       sun.security.provider.MD5::II (31 bytes)
Event: 14.169 Thread 0x000001d45b2a5ac0 nmethod 5344 0x000001d44cbdea10 code [0x000001d44cbdeba0, 0x000001d44cbdec78]
Event: 14.169 Thread 0x000001d45b2b0740 nmethod 5345 0x000001d44cbde710 code [0x000001d44cbde8a0, 0x000001d44cbde978]
Event: 14.170 Thread 0x000001d45b2a5ac0 5347       1       sun.security.provider.MD5::implCompressCheck (27 bytes)
Event: 14.170 Thread 0x000001d45b2b0740 5346       1       sun.security.provider.MD5::implCompress (13 bytes)
Event: 14.170 Thread 0x000001d45b2a5ac0 nmethod 5347 0x000001d44cbde210 code [0x000001d44cbde3c0, 0x000001d44cbde5d8]
Event: 14.170 Thread 0x000001d45b2b0740 nmethod 5346 0x000001d44cbddc90 code [0x000001d44cbdde40, 0x000001d44cbde088]
Event: 14.170 Thread 0x000001d45b2a5ac0 5348       1       sun.security.provider.MD5::implCompress0 (1407 bytes)
Event: 14.174 Thread 0x000001d45b2a5ac0 nmethod 5348 0x000001d44cbdbb90 code [0x000001d44cbdbe20, 0x000001d44cbdd198]
Event: 14.834 Thread 0x000001d45b2a5ac0 5349 %     1       com.sun.crypto.provider.CounterMode::implCrypt @ 3 (88 bytes)
Event: 14.834 Thread 0x000001d45b2a5ac0 nmethod 5349% 0x000001d44cbdb390 code [0x000001d44cbdb540, 0x000001d44cbdb908]
Event: 14.834 Thread 0x000001d45b2a5ac0 5350       1       com.sun.crypto.provider.CounterMode::implCrypt (88 bytes)
Event: 14.835 Thread 0x000001d45b2a5ac0 nmethod 5350 0x000001d44cbdad10 code [0x000001d44cbdaec0, 0x000001d44cbdb188]
Event: 14.835 Thread 0x000001d45b2a5ac0 5351       1       java.nio.ByteBuffer::clear (7 bytes)
Event: 14.835 Thread 0x000001d45b2a5ac0 nmethod 5351 0x000001d44cbdaa10 code [0x000001d44cbdaba0, 0x000001d44cbdac78]
Event: 14.835 Thread 0x000001d45b2a5ac0 5352       1       java.nio.Buffer::clear (20 bytes)
Event: 14.835 Thread 0x000001d45b2a5ac0 nmethod 5352 0x000001d44cbda710 code [0x000001d44cbda8a0, 0x000001d44cbda978]
Event: 15.264 Thread 0x000001d45b2a5ac0 5353       1       java.util.ArrayList::forEach (74 bytes)
Event: 15.264 Thread 0x000001d45b2a5ac0 nmethod 5353 0x000001d44cbda090 code [0x000001d44cbda260, 0x000001d44cbda528]

GC Heap History (20 events):
Event: 0.882 GC heap before
{Heap before GC invocations=1 (full 0):
 garbage-first heap   total 253952K, used 27019K [0x0000000709400000, 0x0000000800000000)
  region size 2048K, 12 young (24576K), 2 survivors (4096K)
 Metaspace       used 7778K, committed 8064K, reserved 1114112K
  class space    used 1106K, committed 1216K, reserved 1048576K
}
Event: 0.885 GC heap after
{Heap after GC invocations=2 (full 0):
 garbage-first heap   total 253952K, used 9452K [0x0000000709400000, 0x0000000800000000)
  region size 2048K, 1 young (2048K), 1 survivors (2048K)
 Metaspace       used 7778K, committed 8064K, reserved 1114112K
  class space    used 1106K, committed 1216K, reserved 1048576K
}
Event: 1.458 GC heap before
{Heap before GC invocations=2 (full 0):
 garbage-first heap   total 253952K, used 64748K [0x0000000709400000, 0x0000000800000000)
  region size 2048K, 29 young (59392K), 1 survivors (2048K)
 Metaspace       used 17535K, committed 17856K, reserved 1114112K
  class space    used 2354K, committed 2496K, reserved 1048576K
}
Event: 1.463 GC heap after
{Heap after GC invocations=3 (full 0):
 garbage-first heap   total 253952K, used 14161K [0x0000000709400000, 0x0000000800000000)
  region size 2048K, 4 young (8192K), 4 survivors (8192K)
 Metaspace       used 17535K, committed 17856K, reserved 1114112K
  class space    used 2354K, committed 2496K, reserved 1048576K
}
Event: 1.946 GC heap before
{Heap before GC invocations=3 (full 0):
 garbage-first heap   total 253952K, used 42833K [0x0000000709400000, 0x0000000800000000)
  region size 2048K, 19 young (38912K), 4 survivors (8192K)
 Metaspace       used 21126K, committed 21504K, reserved 1114112K
  class space    used 2860K, committed 3072K, reserved 1048576K
}
Event: 1.950 GC heap after
{Heap after GC invocations=4 (full 0):
 garbage-first heap   total 253952K, used 15887K [0x0000000709400000, 0x0000000800000000)
  region size 2048K, 4 young (8192K), 4 survivors (8192K)
 Metaspace       used 21126K, committed 21504K, reserved 1114112K
  class space    used 2860K, committed 3072K, reserved 1048576K
}
Event: 2.438 GC heap before
{Heap before GC invocations=5 (full 0):
 garbage-first heap   total 61440K, used 42511K [0x0000000709400000, 0x0000000800000000)
  region size 2048K, 18 young (36864K), 4 survivors (8192K)
 Metaspace       used 25622K, committed 26048K, reserved 1114112K
  class space    used 3503K, committed 3712K, reserved 1048576K
}
Event: 2.445 GC heap after
{Heap after GC invocations=6 (full 0):
 garbage-first heap   total 61440K, used 18372K [0x0000000709400000, 0x0000000800000000)
  region size 2048K, 3 young (6144K), 3 survivors (6144K)
 Metaspace       used 25622K, committed 26048K, reserved 1114112K
  class space    used 3503K, committed 3712K, reserved 1048576K
}
Event: 2.482 GC heap before
{Heap before GC invocations=6 (full 0):
 garbage-first heap   total 61440K, used 20420K [0x0000000709400000, 0x0000000800000000)
  region size 2048K, 4 young (8192K), 3 survivors (6144K)
 Metaspace       used 25776K, committed 26176K, reserved 1114112K
  class space    used 3517K, committed 3712K, reserved 1048576K
}
Event: 2.488 GC heap after
{Heap after GC invocations=7 (full 0):
 garbage-first heap   total 61440K, used 18685K [0x0000000709400000, 0x0000000800000000)
  region size 2048K, 1 young (2048K), 1 survivors (2048K)
 Metaspace       used 25776K, committed 26176K, reserved 1114112K
  class space    used 3517K, committed 3712K, reserved 1048576K
}
Event: 2.802 GC heap before
{Heap before GC invocations=7 (full 0):
 garbage-first heap   total 61440K, used 41213K [0x0000000709400000, 0x0000000800000000)
  region size 2048K, 12 young (24576K), 1 survivors (2048K)
 Metaspace       used 30370K, committed 30784K, reserved 1114112K
  class space    used 4084K, committed 4288K, reserved 1048576K
}
Event: 2.805 GC heap after
{Heap after GC invocations=8 (full 0):
 garbage-first heap   total 61440K, used 19455K [0x0000000709400000, 0x0000000800000000)
  region size 2048K, 1 young (2048K), 1 survivors (2048K)
 Metaspace       used 30370K, committed 30784K, reserved 1114112K
  class space    used 4084K, committed 4288K, reserved 1048576K
}
Event: 3.160 GC heap before
{Heap before GC invocations=8 (full 0):
 garbage-first heap   total 61440K, used 39935K [0x0000000709400000, 0x0000000800000000)
  region size 2048K, 12 young (24576K), 1 survivors (2048K)
 Metaspace       used 35505K, committed 35968K, reserved 1114112K
  class space    used 4802K, committed 5056K, reserved 1048576K
}
Event: 3.162 GC heap after
{Heap after GC invocations=9 (full 0):
 garbage-first heap   total 61440K, used 20266K [0x0000000709400000, 0x0000000800000000)
  region size 2048K, 2 young (4096K), 2 survivors (4096K)
 Metaspace       used 35505K, committed 35968K, reserved 1114112K
  class space    used 4802K, committed 5056K, reserved 1048576K
}
Event: 3.512 GC heap before
{Heap before GC invocations=10 (full 0):
 garbage-first heap   total 61440K, used 42794K [0x0000000709400000, 0x0000000800000000)
  region size 2048K, 13 young (26624K), 2 survivors (4096K)
 Metaspace       used 39753K, committed 40256K, reserved 1114112K
  class space    used 5547K, committed 5824K, reserved 1048576K
}
Event: 3.515 GC heap after
{Heap after GC invocations=11 (full 0):
 garbage-first heap   total 157696K, used 21306K [0x0000000709400000, 0x0000000800000000)
  region size 2048K, 1 young (2048K), 1 survivors (2048K)
 Metaspace       used 39753K, committed 40256K, reserved 1114112K
  class space    used 5547K, committed 5824K, reserved 1048576K
}
Event: 6.202 GC heap before
{Heap before GC invocations=11 (full 0):
 garbage-first heap   total 157696K, used 113466K [0x0000000709400000, 0x0000000800000000)
  region size 2048K, 46 young (94208K), 1 survivors (2048K)
 Metaspace       used 57669K, committed 58176K, reserved 1114112K
  class space    used 7999K, committed 8256K, reserved 1048576K
}
Event: 6.209 GC heap after
{Heap after GC invocations=12 (full 0):
 garbage-first heap   total 157696K, used 30362K [0x0000000709400000, 0x0000000800000000)
  region size 2048K, 6 young (12288K), 6 survivors (12288K)
 Metaspace       used 57669K, committed 58176K, reserved 1114112K
  class space    used 7999K, committed 8256K, reserved 1048576K
}
Event: 6.351 GC heap before
{Heap before GC invocations=12 (full 0):
 garbage-first heap   total 157696K, used 34458K [0x0000000709400000, 0x0000000800000000)
  region size 2048K, 10 young (20480K), 6 survivors (12288K)
 Metaspace       used 59710K, committed 60160K, reserved 1114112K
  class space    used 8226K, committed 8448K, reserved 1048576K
}
Event: 6.357 GC heap after
{Heap after GC invocations=13 (full 0):
 garbage-first heap   total 157696K, used 31841K [0x0000000709400000, 0x0000000800000000)
  region size 2048K, 1 young (2048K), 1 survivors (2048K)
 Metaspace       used 59710K, committed 60160K, reserved 1114112K
  class space    used 8226K, committed 8448K, reserved 1048576K
}

Deoptimization events (6 events):
Event: 2.567 Thread 0x000001d444c71c60 DEOPT PACKING pc=0x000001d44ce72089 sp=0x000000cf3a8fe860
Event: 2.567 Thread 0x000001d444c71c60 DEOPT UNPACKING pc=0x000001d44c562b43 sp=0x000000cf3a8fdcf0 mode 3
Event: 2.567 Thread 0x000001d46186ce80 DEOPT PACKING pc=0x000001d44ce6c21f sp=0x000000cf3d3ff090
Event: 2.567 Thread 0x000001d46186ce80 DEOPT UNPACKING pc=0x000001d44c562b43 sp=0x000000cf3d3fe4e8 mode 3
Event: 4.241 Thread 0x000001d444c71c60 DEOPT PACKING pc=0x000001d44ceb8152 sp=0x000000cf3a8fa690
Event: 4.241 Thread 0x000001d444c71c60 DEOPT UNPACKING pc=0x000001d44c562b43 sp=0x000000cf3a8f9b98 mode 3

Classes unloaded (0 events):
No events

Classes redefined (0 events):
No events

Internal exceptions (20 events):
Event: 4.560 Thread 0x000001d444c71c60 Exception <a 'sun/nio/fs/WindowsException'{0x000000070f831c10}> (0x000000070f831c10) 
thrown [s\open\src\hotspot\share\prims\jni.cpp, line 516]
Event: 4.567 Thread 0x000001d444c71c60 Exception <a 'sun/nio/fs/WindowsException'{0x000000070f837b30}> (0x000000070f837b30) 
thrown [s\open\src\hotspot\share\prims\jni.cpp, line 516]
Event: 4.573 Thread 0x000001d444c71c60 Exception <a 'sun/nio/fs/WindowsException'{0x000000070f83d930}> (0x000000070f83d930) 
thrown [s\open\src\hotspot\share\prims\jni.cpp, line 516]
Event: 4.578 Thread 0x000001d444c71c60 Exception <a 'sun/nio/fs/WindowsException'{0x000000070f843710}> (0x000000070f843710) 
thrown [s\open\src\hotspot\share\prims\jni.cpp, line 516]
Event: 4.583 Thread 0x000001d444c71c60 Exception <a 'sun/nio/fs/WindowsException'{0x000000070f849520}> (0x000000070f849520) 
thrown [s\open\src\hotspot\share\prims\jni.cpp, line 516]
Event: 4.632 Thread 0x000001d444c71c60 Exception <a 'sun/nio/fs/WindowsException'{0x000000070f84f308}> (0x000000070f84f308) 
thrown [s\open\src\hotspot\share\prims\jni.cpp, line 516]
Event: 4.714 Thread 0x000001d444c71c60 Exception <a 'sun/nio/fs/WindowsException'{0x000000070f855118}> (0x000000070f855118) 
thrown [s\open\src\hotspot\share\prims\jni.cpp, line 516]
Event: 4.980 Thread 0x000001d444c71c60 Exception <a 'sun/nio/fs/WindowsException'{0x000000070eb48018}> (0x000000070eb48018) 
thrown [s\open\src\hotspot\share\prims\jni.cpp, line 516]
Event: 5.023 Thread 0x000001d444c71c60 Exception <a 'java/lang/IncompatibleClassChangeError'{0x000000070e61cc90}: Found class java.lang.Object, but interface was expected> (0x000000070e61cc90) 
thrown [s\open\src\hotspot\share\interpreter\linkResolver.cpp, line 826]
Event: 5.055 Thread 0x000001d444c71c60 Exception <a 'java/lang/NoSuchMethodError'{0x000000070e418828}: 'void java.lang.invoke.DirectMethodHandle$Holder.invokeVirtual(java.lang.Object, java.lang.Object, long)'> (0x000000070e418828) 
thrown [s\open\src\hotspot\share\interpreter\linkResolver.cpp, line 759]
Event: 5.125 Thread 0x000001d444c71c60 Exception <a 'java/lang/IncompatibleClassChangeError'{0x000000070e06d4c8}: Found class java.lang.Object, but interface was expected> (0x000000070e06d4c8) 
thrown [s\open\src\hotspot\share\interpreter\linkResolver.cpp, line 826]
Event: 5.171 Thread 0x000001d444c71c60 Exception <a 'java/lang/NoSuchMethodError'{0x000000070dcc1fa8}: 'java.lang.Object java.lang.invoke.DirectMethodHandle$Holder.invokeSpecial(java.lang.Object, java.lang.Object, java.lang.Object, java.lang.Object, java.lang.Object, java.lang.Object, java.lang.Object, java.lang.Object, java.lang.Object, java.lang.Object, java.lang.Object)'> (0x000000070dcc1fa8) 
thrown [s\open\src\hotspot\share\interpreter\linkResolver.cpp, line 759]
Event: 5.171 Thread 0x000001d444c71c60 Exception <a 'java/lang/NoSuchMethodError'{0x000000070dcc6778}: 'java.lang.Object java.lang.invoke.Invokers$Holder.invoke_MT(java.lang.Object, java.lang.Object, java.lang.Object, java.lang.Object, java.lang.Object, java.lang.Object, java.lang.Object, java.lang.Object, java.lang.Object, java.lang.Object, java.lang.Object)'> (0x000000070dcc6778) 
thrown [s\open\src\hotspot\share\interpreter\linkResolver.cpp, line 759]
Event: 5.210 Thread 0x000001d444c71c60 Exception <a 'java/lang/NoSuchMethodError'{0x000000070db637c8}: 'java.lang.Object java.lang.invoke.DirectMethodHandle$Holder.newInvokeSpecial(java.lang.Object, java.lang.Object, int, java.lang.Object, java.lang.Object)'> (0x000000070db637c8) 
thrown [s\open\src\hotspot\share\interpreter\linkResolver.cpp, line 759]
Event: 6.223 Thread 0x000001d4623614b0 Exception <a 'java/lang/NoSuchMethodError'{0x0000000718af1c70}: 'java.lang.Object java.lang.invoke.DirectMethodHandle$Holder.invokeSpecial(java.lang.Object, java.lang.Object, java.lang.Object, java.lang.Object, java.lang.Object, long)'> (0x0000000718af1c70) 
thrown [s\open\src\hotspot\share\interpreter\linkResolver.cpp, line 759]
Event: 6.224 Thread 0x000001d4623614b0 Exception <a 'java/lang/NoSuchMethodError'{0x0000000718af56b0}: 'java.lang.Object java.lang.invoke.Invokers$Holder.linkToTargetMethod(java.lang.Object, java.lang.Object, java.lang.Object, long, java.lang.Object)'> (0x0000000718af56b0) 
thrown [s\open\src\hotspot\share\interpreter\linkResolver.cpp, line 759]
Event: 12.652 Thread 0x000001d462361ed0 Exception <a 'sun/nio/fs/WindowsException'{0x000000070f66aa30}> (0x000000070f66aa30) 
thrown [s\open\src\hotspot\share\prims\jni.cpp, line 516]
Event: 15.264 Thread 0x000001d462361ed0 Exception <a 'sun/nio/fs/WindowsException'{0x000000070f720998}> (0x000000070f720998) 
thrown [s\open\src\hotspot\share\prims\jni.cpp, line 516]
Event: 15.265 Thread 0x000001d462361ed0 Exception <a 'sun/nio/fs/WindowsException'{0x000000070f721dd0}> (0x000000070f721dd0) 
thrown [s\open\src\hotspot\share\prims\jni.cpp, line 516]
Event: 15.265 Thread 0x000001d462361ed0 Exception <a 'sun/nio/fs/WindowsException'{0x000000070f7220d0}> (0x000000070f7220d0) 
thrown [s\open\src\hotspot\share\prims\jni.cpp, line 516]

VM Operations (20 events):
Event: 6.367 Executing VM operation: G1Concurrent
Event: 6.371 Executing VM operation: G1Concurrent done
Event: 6.378 Executing VM operation: G1Concurrent
Event: 6.378 Executing VM operation: G1Concurrent done
Event: 6.397 Executing VM operation: HandshakeAllThreads
Event: 6.397 Executing VM operation: HandshakeAllThreads done
Event: 6.397 Executing VM operation: HandshakeAllThreads
Event: 6.397 Executing VM operation: HandshakeAllThreads done
Event: 7.051 Executing VM operation: HandshakeAllThreads
Event: 7.051 Executing VM operation: HandshakeAllThreads done
Event: 8.058 Executing VM operation: Cleanup
Event: 8.059 Executing VM operation: Cleanup done
Event: 12.620 Executing VM operation: HandshakeAllThreads
Event: 12.620 Executing VM operation: HandshakeAllThreads done
Event: 12.620 Executing VM operation: Cleanup
Event: 12.620 Executing VM operation: Cleanup done
Event: 13.629 Executing VM operation: Cleanup
Event: 13.629 Executing VM operation: Cleanup done
Event: 14.641 Executing VM operation: Cleanup
Event: 14.641 Executing VM operation: Cleanup done

Events (20 events):
Event: 7.075 loading class java/util/stream/DoubleStream done
Event: 8.316 Thread 0x000001d4618d5870 Thread exited: 0x000001d4618d5870
Event: 12.101 Thread 0x000001d45cb1c550 Thread exited: 0x000001d45cb1c550
Event: 12.101 Thread 0x000001d45caf9a40 Thread exited: 0x000001d45caf9a40
Event: 12.102 Thread 0x000001d45c07a980 Thread exited: 0x000001d45c07a980
Event: 12.102 Thread 0x000001d45c05e080 Thread exited: 0x000001d45c05e080
Event: 12.625 loading class java/util/BitSet$1BitSetSpliterator
Event: 12.625 loading class java/util/BitSet$1BitSetSpliterator done
Event: 12.625 loading class java/util/stream/IntPipeline$1
Event: 12.626 loading class java/util/stream/IntPipeline$1 done
Event: 12.626 loading class java/util/stream/IntPipeline$1$1
Event: 12.626 loading class java/util/stream/IntPipeline$1$1 done
Event: 12.652 loading class java/nio/file/FileAlreadyExistsException
Event: 12.652 loading class java/nio/file/FileAlreadyExistsException done
Event: 13.375 Thread 0x000001d45b2b0e00 Thread exited: 0x000001d45b2b0e00
Event: 13.831 loading class sun/security/provider/MD5
Event: 13.831 loading class sun/security/provider/MD5 done
Event: 14.169 loading class sun/security/provider/ByteArrayAccess$LE
Event: 14.169 loading class sun/security/provider/ByteArrayAccess$LE done
Event: 14.834 Thread 0x000001d45b2b0740 Thread exited: 0x000001d45b2b0740


Dynamic libraries:
0x00007ff76baa0000 - 0x00007ff76bab0000 	C:\Program Files\Java\jdk-17\bin\java.exe
0x00007ff9c0460000 - 0x00007ff9c06c0000 	C:\WINDOWS\SYSTEM32\ntdll.dll
0x00007ff9bea10000 - 0x00007ff9bead7000 	C:\WINDOWS\System32\KERNEL32.DLL
0x00007ff9bdab0000 - 0x00007ff9bde7a000 	C:\WINDOWS\System32\KERNELBASE.dll
0x00007ff9bd670000 - 0x00007ff9bd7bb000 	C:\WINDOWS\System32\ucrtbase.dll
0x00007ff9b65e0000 - 0x00007ff9b65f9000 	C:\Program Files\Java\jdk-17\bin\jli.dll
0x00007ff9be3c0000 - 0x00007ff9be472000 	C:\WINDOWS\System32\ADVAPI32.dll
0x00007ff9be310000 - 0x00007ff9be3b9000 	C:\WINDOWS\System32\msvcrt.dll
0x00007ff9b65c0000 - 0x00007ff9b65db000 	C:\Program Files\Java\jdk-17\bin\VCRUNTIME140.dll
0x00007ff9be260000 - 0x00007ff9be306000 	C:\WINDOWS\System32\sechost.dll
0x00007ff9bee30000 - 0x00007ff9bef46000 	C:\WINDOWS\System32\RPCRT4.dll
0x00007ff9be840000 - 0x00007ff9bea0c000 	C:\WINDOWS\System32\USER32.dll
0x00007ff9bd640000 - 0x00007ff9bd667000 	C:\WINDOWS\System32\win32u.dll
0x00007ff9bed20000 - 0x00007ff9bed4a000 	C:\WINDOWS\System32\GDI32.dll
0x00007ff9ac050000 - 0x00007ff9ac2e7000 	C:\WINDOWS\WinSxS\amd64_microsoft.windows.common-controls_6595b64144ccf1df_6.0.26100.3624_none_3e086962e3345f24\COMCTL32.dll
0x00007ff9be120000 - 0x00007ff9be251000 	C:\WINDOWS\System32\gdi32full.dll
0x00007ff9bd7c0000 - 0x00007ff9bd863000 	C:\WINDOWS\System32\msvcp_win.dll
0x00007ff9b4cc0000 - 0x00007ff9b4ccb000 	C:\WINDOWS\SYSTEM32\VERSION.dll
0x00007ff9bfbf0000 - 0x00007ff9bfc1f000 	C:\WINDOWS\System32\IMM32.DLL
0x00007ff9b6d10000 - 0x00007ff9b6d1c000 	C:\Program Files\Java\jdk-17\bin\vcruntime140_1.dll
0x00007ff9ab370000 - 0x00007ff9ab3fe000 	C:\Program Files\Java\jdk-17\bin\msvcp140.dll
0x00007ff964c40000 - 0x00007ff96581f000 	C:\Program Files\Java\jdk-17\bin\server\jvm.dll
0x00007ff9bed10000 - 0x00007ff9bed18000 	C:\WINDOWS\System32\PSAPI.DLL
0x00007ff9a6220000 - 0x00007ff9a622a000 	C:\WINDOWS\SYSTEM32\WSOCK32.dll
0x00007ff9bac30000 - 0x00007ff9bac66000 	C:\WINDOWS\SYSTEM32\WINMM.dll
0x00007ff9beae0000 - 0x00007ff9beb54000 	C:\WINDOWS\System32\WS2_32.dll
0x00007ff9bc570000 - 0x00007ff9bc58a000 	C:\WINDOWS\SYSTEM32\kernel.appcore.dll
0x00007ff9b6d00000 - 0x00007ff9b6d0a000 	C:\Program Files\Java\jdk-17\bin\jimage.dll
0x00007ff9ba9e0000 - 0x00007ff9bac21000 	C:\WINDOWS\SYSTEM32\DBGHELP.DLL
0x00007ff9be480000 - 0x00007ff9be802000 	C:\WINDOWS\System32\combase.dll
0x00007ff9bf1f0000 - 0x00007ff9bf2c6000 	C:\WINDOWS\System32\OLEAUT32.dll
0x00007ff9ba9a0000 - 0x00007ff9ba9d9000 	C:\WINDOWS\SYSTEM32\dbgcore.DLL
0x00007ff9bde80000 - 0x00007ff9bdf19000 	C:\WINDOWS\System32\bcryptPrimitives.dll
0x00007ff9ae5f0000 - 0x00007ff9ae615000 	C:\Program Files\Java\jdk-17\bin\java.dll
0x00007ff980950000 - 0x00007ff980a27000 	C:\Program Files\Java\jdk-17\bin\jsvml.dll
0x00007ff9bf440000 - 0x00007ff9bfb69000 	C:\WINDOWS\System32\SHELL32.dll
0x00007ff9bdf20000 - 0x00007ff9be088000 	C:\WINDOWS\System32\wintypes.dll
0x00007ff9bb2f0000 - 0x00007ff9bbb42000 	C:\WINDOWS\SYSTEM32\windows.storage.dll
0x00007ff9bec20000 - 0x00007ff9bed0d000 	C:\WINDOWS\System32\SHCORE.dll
0x00007ff9bf180000 - 0x00007ff9bf1e4000 	C:\WINDOWS\System32\shlwapi.dll
0x00007ff9bd550000 - 0x00007ff9bd57f000 	C:\WINDOWS\SYSTEM32\profapi.dll
0x00007ff9aecd0000 - 0x00007ff9aece9000 	C:\Program Files\Java\jdk-17\bin\net.dll
0x00007ff9b5d80000 - 0x00007ff9b5e9d000 	C:\WINDOWS\SYSTEM32\WINHTTP.dll
0x00007ff9bca90000 - 0x00007ff9bcafa000 	C:\WINDOWS\system32\mswsock.dll
0x00007ff9ae590000 - 0x00007ff9ae5a6000 	C:\Program Files\Java\jdk-17\bin\nio.dll
0x00007ff9ac660000 - 0x00007ff9ac678000 	C:\Program Files\Java\jdk-17\bin\zip.dll
0x00007ff9aa4c0000 - 0x00007ff9aa4ce000 	C:\Program Files\Java\jdk-17\bin\sunmscapi.dll
0x00007ff9bd930000 - 0x00007ff9bdaa7000 	C:\WINDOWS\System32\CRYPT32.dll
0x00007ff9bcf30000 - 0x00007ff9bcf60000 	C:\WINDOWS\SYSTEM32\ncrypt.dll
0x00007ff9bcee0000 - 0x00007ff9bcf1f000 	C:\WINDOWS\SYSTEM32\NTASN1.dll
0x00007ff9bcd30000 - 0x00007ff9bcd4c000 	C:\WINDOWS\SYSTEM32\CRYPTSP.dll
0x00007ff9bc4d0000 - 0x00007ff9bc50a000 	C:\WINDOWS\system32\rsaenh.dll
0x00007ff9bcb30000 - 0x00007ff9bcb5b000 	C:\WINDOWS\SYSTEM32\USERENV.dll
0x00007ff9bd520000 - 0x00007ff9bd546000 	C:\WINDOWS\SYSTEM32\bcrypt.dll
0x00007ff9bcd50000 - 0x00007ff9bcd5c000 	C:\WINDOWS\SYSTEM32\CRYPTBASE.dll
0x00007ff9bbec0000 - 0x00007ff9bbef3000 	C:\WINDOWS\SYSTEM32\IPHLPAPI.DLL
0x00007ff9bf430000 - 0x00007ff9bf43a000 	C:\WINDOWS\System32\NSI.dll
0x00007ff9b5d10000 - 0x00007ff9b5d2f000 	C:\WINDOWS\SYSTEM32\dhcpcsvc6.DLL
0x00007ff9b5c20000 - 0x00007ff9b5c45000 	C:\WINDOWS\SYSTEM32\dhcpcsvc.DLL
0x00007ff9bbfb0000 - 0x00007ff9bc0d5000 	C:\WINDOWS\SYSTEM32\DNSAPI.dll
0x00007ff9ab360000 - 0x00007ff9ab36a000 	C:\Program Files\Java\jdk-17\bin\management.dll
0x00007ff9aa4f0000 - 0x00007ff9aa4fb000 	C:\Program Files\Java\jdk-17\bin\management_ext.dll
0x00007ff9b65b0000 - 0x00007ff9b65c0000 	C:\Program Files\Java\jdk-17\bin\verify.dll
0x00007ff9ae630000 - 0x00007ff9ae649000 	C:\Users\idjjh\AppData\Local\Temp\gdal_native16848724726232338830\zlib.dll
0x00007ff970f20000 - 0x00007ff970fd2000 	C:\Users\idjjh\AppData\Local\Temp\gdal_native16848724726232338830\zstd.dll
0x00007ff958c80000 - 0x00007ff958d7f000 	C:\Users\idjjh\AppData\Local\Temp\gdal_native16848724726232338830\iconv-2.dll
0x00007ff99d8e0000 - 0x00007ff99d90b000 	C:\Users\idjjh\AppData\Local\Temp\gdal_native16848724726232338830\libexpat.dll
0x00007ff94d370000 - 0x00007ff94d4d3000 	C:\Users\idjjh\AppData\Local\Temp\gdal_native16848724726232338830\libxml2.dll
0x00007ff94d0c0000 - 0x00007ff94d36c000 	C:\Users\idjjh\AppData\Local\Temp\gdal_native16848724726232338830\xerces-c_3_2.dll
0x00007ff9acff0000 - 0x00007ff9ad010000 	C:\Users\idjjh\AppData\Local\Temp\gdal_native16848724726232338830\pcre.dll
0x00007ff922510000 - 0x00007ff9229f4000 	C:\Users\idjjh\AppData\Local\Temp\gdal_native16848724726232338830\libcrypto-3-x64.dll
0x00007ff953c30000 - 0x00007ff953d6a000 	C:\Users\idjjh\AppData\Local\Temp\gdal_native16848724726232338830\libssl-3-x64.dll
0x00007ff980850000 - 0x00007ff9808e4000 	C:\Users\idjjh\AppData\Local\Temp\gdal_native16848724726232338830\libcurl.dll
0x00007ff9bed50000 - 0x00007ff9bedc4000 	C:\WINDOWS\System32\WLDAP32.dll
0x00007ff922250000 - 0x00007ff922510000 	C:\Users\idjjh\AppData\Local\Temp\gdal_native16848724726232338830\sqlite3.dll
0x00007ff91c1f0000 - 0x00007ff91c891000 	C:\Users\idjjh\AppData\Local\Temp\gdal_native16848724726232338830\libmysql.dll
0x00007ff9ba180000 - 0x00007ff9ba18d000 	C:\WINDOWS\SYSTEM32\Secur32.dll
0x00007ff9bc810000 - 0x00007ff9bc858000 	C:\WINDOWS\SYSTEM32\SSPICLI.DLL
0x0000000180000000 - 0x000000018004e000 	C:\Users\idjjh\AppData\Local\Temp\gdal_native16848724726232338830\libpq.dll
0x00007ff922070000 - 0x00007ff922248000 	C:\Users\idjjh\AppData\Local\Temp\gdal_native16848724726232338830\geos.dll
0x00007ff970d70000 - 0x00007ff970dcc000 	C:\Users\idjjh\AppData\Local\Temp\gdal_native16848724726232338830\geos_c.dll
0x00007ff94cf70000 - 0x00007ff94d0bc000 	C:\Users\idjjh\AppData\Local\Temp\gdal_native16848724726232338830\tiff.dll
0x00007ff921d30000 - 0x00007ff922070000 	C:\Users\idjjh\AppData\Local\Temp\gdal_native16848724726232338830\proj_9.dll
0x00007ff9bef50000 - 0x00007ff9bf0e6000 	C:\WINDOWS\System32\ole32.dll
0x00007ff95dd10000 - 0x00007ff95dd61000 	C:\Users\idjjh\AppData\Local\Temp\gdal_native16848724726232338830\openjp2.dll
0x00007ff95dcd0000 - 0x00007ff95dd05000 	C:\Users\idjjh\AppData\Local\Temp\gdal_native16848724726232338830\libpng16.dll
0x00007ff992310000 - 0x00007ff99233a000 	C:\Users\idjjh\AppData\Local\Temp\gdal_native16848724726232338830\freexl.dll
0x00007ff965870000 - 0x00007ff965893000 	C:\Users\idjjh\AppData\Local\Temp\gdal_native16848724726232338830\ogdi.dll
0x00007ff916270000 - 0x00007ff916f65000 	C:\Users\idjjh\AppData\Local\Temp\gdal_native16848724726232338830\spatialite.dll
0x00007ff914e20000 - 0x00007ff91626a000 	C:\Users\idjjh\AppData\Local\Temp\gdal_native16848724726232338830\gdal.dll
0x00007ff9b1520000 - 0x00007ff9b15e4000 	C:\WINDOWS\SYSTEM32\ODBC32.dll
0x00007ff9bd330000 - 0x00007ff9bd33a000 	C:\WINDOWS\SYSTEM32\DPAPI.DLL
0x00007ff92cb40000 - 0x00007ff92cbe8000 	C:\Users\idjjh\AppData\Local\Temp\gdal_native16848724726232338830\gdalalljni.dll
0x00007ff997ec0000 - 0x00007ff997ec8000 	C:\WINDOWS\system32\wshunix.dll
0x00007ff9a9570000 - 0x00007ff9a957b000 	C:\Windows\System32\rasadhlp.dll
0x00007ff9b4e90000 - 0x00007ff9b4f15000 	C:\WINDOWS\System32\fwpuclnt.dll

dbghelp: loaded successfully - version: 4.0.5 - missing functions: none
symbol engine: initialized successfully - sym options: 0x614 - pdb path: .;C:\Program Files\Java\jdk-17\bin;C:\WINDOWS\SYSTEM32;C:\WINDOWS\WinSxS\amd64_microsoft.windows.common-controls_6595b64144ccf1df_6.0.26100.3624_none_3e086962e3345f24;C:\Program Files\Java\jdk-17\bin\server;C:\Users\idjjh\AppData\Local\Temp\gdal_native16848724726232338830

VM Arguments:
jvm_args: -XX:TieredStopAtLevel=1 -Dfile.encoding=x-windows-949 -Duser.country=KR -Duser.language=ko -Duser.variant 
java_command: com.sia.task.TaskApplication
java_class_path (initial): C:\JANG\sia_task\sia-task-dev\task\build\classes\java\main;C:\JANG\sia_task\sia-task-dev\task\build\resources\main;C:\Users\idjjh\.gradle\caches\modules-2\files-2.1\org.springframework.cloud\spring-cloud-starter-aws\2.2.6.RELEASE\9d7c330b3f4aa477df2db27dd875a0e63a49456\spring-cloud-starter-aws-2.2.6.RELEASE.jar;C:\Users\idjjh\.gradle\caches\modules-2\files-2.1\io.github.cdimascio\java-dotenv\5.2.2\f77d54ff193ed4b07415ab8d7b3d0550716aa8c\java-dotenv-5.2.2.jar;C:\Users\idjjh\.gradle\caches\modules-2\files-2.1\commons-fileupload\commons-fileupload\1.5\ad4ad2ab2961b4e1891472bd1a33fabefb0385f3\commons-fileupload-1.5.jar;C:\Users\idjjh\.gradle\caches\modules-2\files-2.1\org.apache.tika\tika-core\2.9.1\bfd572826e7023dd6ceeefe1b4d0f6d3d8eef507\tika-core-2.9.1.jar;C:\Users\idjjh\.gradle\caches\modules-2\files-2.1\commons-io\commons-io\2.14.0\a4c6e1f6c196339473cd2e1b037f0eb97c62755b\commons-io-2.14.0.jar;C:\Users\idjjh\.gradle\caches\modules-2\files-2.1\org.gdal\gdal\3.10.0\d229b54a2136a6a1e6e8321881789a4465e2ec50\gdal-3.10.0.jar;C:\Users\idjjh\.gradle\caches\modules-2\files-2.1\com.h2database\h2\2.3.232\4fcc05d966ccdb2812ae8b9a718f69226c0cf4e2\h2-2.3.232.jar;C:\Users\idjjh\.gradle\caches\modules-2\files-2.1\org.springframework\spring-webmvc\6.2.5\db8f1171041d7091f3de80cffdfb9d6c5fbf3015\spring-webmvc-6.2.5.jar;C:\Users\idjjh\.gradle\caches\modules-2\files-2.1\org.springframework\spring-web\6.2.5\b42d2c0acbe05bad4c849883aa8816c25b6c1d94\spring-web-6.2.5.jar;C:\Users\idjjh\.gradle\caches\modules-2\files-2.1\org.hibernate.orm\hibernate-core\6.6.11.Final\d5330ab0dd5f5cc810086b7fb66cec8b2d2f5213\hibernate-core-6.6.11.Final.jar;C:\Users\idjjh\.gradle\caches\modules-2\files-2.1\org.springframework.data\spring-data-jpa\3.4.4\50f826d0dd60af289321bde6f5eea8fc48131c75\spring-data-jpa-3.4.4.jar;C:\Users\idjjh\.gradle\caches\modules-2\files-2.1\org.springframework\spring-aspects\6.2.5\971b57bb59d4890a3db5f1e20f89effa7df8c149\spring-aspects-6.2.5.jar;C:\Users\
Launcher Type: SUN_STANDARD

[Global flags]
     intx CICompilerCount                          = 12                                        {product} {ergonomic}
     uint ConcGCThreads                            = 3                                         {product} {ergonomic}
     uint G1ConcRefinementThreads                  = 13                                        {product} {ergonomic}
   size_t G1HeapRegionSize                         = 2097152                                   {product} {ergonomic}
    uintx GCDrainStackTargetSize                   = 64                                        {product} {ergonomic}
   size_t InitialHeapSize                          = 260046848                                 {product} {ergonomic}
   size_t MarkStackSize                            = 4194304                                   {product} {ergonomic}
   size_t MaxHeapSize                              = 4139778048                                {product} {ergonomic}
   size_t MaxNewSize                               = 2483027968                                {product} {ergonomic}
   size_t MinHeapDeltaBytes                        = 2097152                                   {product} {ergonomic}
   size_t MinHeapSize                              = 8388608                                   {product} {ergonomic}
    uintx NonProfiledCodeHeapSize                  = 0                                      {pd product} {ergonomic}
     bool ProfileInterpreter                       = false                                  {pd product} {command line}
    uintx ProfiledCodeHeapSize                     = 0                                      {pd product} {ergonomic}
   size_t SoftMaxHeapSize                          = 4139778048                             {manageable} {ergonomic}
     intx TieredStopAtLevel                        = 1                                         {product} {command line}
     bool UseCompressedClassPointers               = true                           {product lp64_product} {ergonomic}
     bool UseCompressedOops                        = true                           {product lp64_product} {ergonomic}
     bool UseG1GC                                  = true                                      {product} {ergonomic}
     bool UseLargePagesIndividualAllocation        = false                                  {pd product} {ergonomic}

Logging:
Log output configuration:
 #0: stdout all=warning uptime,level,tags
 #1: stderr all=off uptime,level,tags

Environment Variables:
JAVA_HOME=C:\Program Files\Java\jdk-17
CLASSPATH=C:\JANG\sia_task\sia-task-dev\task\\gradle\wrapper\gradle-wrapper.jar
PATH=C:\Program Files\Java\jdk-17;C:\Python312\Scripts\;C:\Python312\;C:\oraclexe\app\oracle\product\11.2.0\server\bin;C:\Program Files\Common Files\Oracle\Java\javapath;C:\Windows\system32;C:\Windows;C:\Windows\System32\Wbem;C:\Windows\System32\WindowsPowerShell\v1.0\;C:\Windows\System32\OpenSSH\;C:\Program Files (x86)\NVIDIA Corporation\PhysX\Common;C:\WINDOWS\system32;C:\WINDOWS;C:\WINDOWS\System32\Wbem;C:\WINDOWS\System32\WindowsPowerShell\v1.0\;C:\WINDOWS\System32\OpenSSH\;C:\Program Files\Git\cmd;C:\ProgramData\chocolatey\bin;C:\nodejs;C:\Program Files\NVIDIA Corporation\NVIDIA app\NvDLISR;C:\Program Files\Docker\Docker\resources\bin;C:\Program Files\nodejs\;C:\Users\idjjh\AppData\Local\Programs\Python\Python313\Scripts\;C:\Users\idjjh\AppData\Local\Programs\Python\Python313\;C:\Users\idjjh\AppData\Local\Microsoft\WindowsApps;C:\apache-maven-3.9.9\bin;C:\Users\idjjh\AppData\Roaming\npm;C:\Program Files\Git\bin;C:\Python312\Scripts\;
USERNAME=junhee
LANG=en_US.UTF-8
OS=Windows_NT
PROCESSOR_IDENTIFIER=AMD64 Family 23 Model 96 Stepping 1, AuthenticAMD



---------------  S Y S T E M  ---------------

OS:
 Windows 11 , 64 bit Build 26100 (10.0.26100.3775)
OS uptime: 3 days 4:19 hours
Hyper-V role detected

CPU: total 16 (initial active 16) (16 cores per cpu, 2 threads per core) family 23 model 96 stepping 1 microcode 0x8600104, cx8, cmov, fxsr, ht, mmx, 3dnowpref, sse, sse2, sse3, ssse3, sse4a, sse4.1, sse4.2, popcnt, lzcnt, tsc, tscinvbit, avx, avx2, aes, clmul, bmi1, bmi2, adx, sha, fma, vzeroupper, clflush, clflushopt, hv

Memory: 4k page, system-wide physical 15789M (3750M free)
TotalPageFile size 22189M (AvailPageFile size 3320M)
current process WorkingSet (physical memory assigned to process): 260M, peak: 291M
current process commit charge ("private bytes"): 324M, peak: 388M

vm_info: Java HotSpot(TM) 64-Bit Server VM (17.0.10+11-LTS-240) for windows-amd64 JRE (17.0.10+11-LTS-240), built on Dec 19 2023 21:47:25 by "mach5one" with MS VC++ 17.1 (VS2022)

END.
