#
# A fatal error has been detected by the Java Runtime Environment:
#
#  EXCEPTION_ACCESS_VIOLATION (0xc0000005) at pc=0x00007ffd5c4532a8, pid=27980, tid=25516
#
# JRE version: Java(TM) SE Runtime Environment (17.0.10+11) (build 17.0.10+11-LTS-240)
# Java VM: Java HotSpot(TM) 64-Bit Server VM (17.0.10+11-LTS-240, mixed mode, emulated-client, sharing, tiered, compressed oops, compressed class ptrs, g1 gc, windows-amd64)
# Problematic frame:
# C  [msvcp140.dll+0x132a8]
#
# No core dump will be written. Minidumps are not enabled by default on client versions of Windows
#
# If you would like to submit a bug report, please visit:
#   https://bugreport.java.com/bugreport/crash.jsp
# The crash happened outside the Java Virtual Machine in native code.
# See problematic frame for where to report the bug.
#

---------------  S U M M A R Y ------------

Command Line: -Djava.library.path=C:\JANG\sia_task\sia-task-dev\task\src\main\resources\nativelib\window -XX:TieredStopAtLevel=1 -Dfile.encoding=x-windows-949 -Duser.country=KR -Duser.language=ko -Duser.variant com.sia.task.TaskApplication

Host: AMD Ryzen 9 4900HS with Radeon Graphics         , 16 cores, 15G,  Windows 11 , 64 bit Build 26100 (10.0.26100.3775)
Time: Sun Apr 27 23:17:47 2025  Windows 11 , 64 bit Build 26100 (10.0.26100.3775) elapsed time: 17.286005 seconds (0d 0h 0m 17s)

---------------  T H R E A D  ---------------

Current thread (0x000002dcfe2374a0):  JavaThread "http-nio-8080-exec-6" daemon [_thread_in_native, id=25516, stack(0x000000f283e00000,0x000000f283f00000)]

Stack: [0x000000f283e00000,0x000000f283f00000],  sp=0x000000f283efcaa0,  free space=1010k
Native frames: (J=compiled Java code, j=interpreted, Vv=VM code, C=native code)
C  [msvcp140.dll+0x132a8]
C  [gdal.dll+0xc2757d]

Java frames: (J=compiled Java code, j=interpreted, Vv=VM code)
j  org.gdal.gdal.gdalJNI.Open__SWIG_1(Ljava/lang/String;)J+0
j  org.gdal.gdal.gdal.Open(Ljava/lang/String;)Lorg/gdal/gdal/Dataset;+1
j  com.sia.task.service.ConvertCOGService.fileConvertCOG(Ljava/util/List;)V+457
j  com.sia.task.service.FileProcessingService.fileProcessing(Ljava/util/List;)V+14
j  com.sia.task.controller.FileProcessingController.fileProcessing(Lcom/sia/task/fileDTO/FileDTO;)Lorg/springframework/http/ResponseEntity;+39
v  ~StubRoutines::call_stub
J 3824  jdk.internal.reflect.NativeMethodAccessorImpl.invoke0(Ljava/lang/reflect/Method;Ljava/lang/Object;[Ljava/lang/Object;)Ljava/lang/Object; java.base@17.0.10 (0 bytes) @ 0x000002dca7c308a7 [0x000002dca7c30820+0x0000000000000087]
J 3823 c1 jdk.internal.reflect.NativeMethodAccessorImpl.invoke(Ljava/lang/Object;[Ljava/lang/Object;)Ljava/lang/Object; java.base@17.0.10 (137 bytes) @ 0x000002dca7c310cc [0x000002dca7c30d80+0x000000000000034c]
J 3812 c1 jdk.internal.reflect.DelegatingMethodAccessorImpl.invoke(Ljava/lang/Object;[Ljava/lang/Object;)Ljava/lang/Object; java.base@17.0.10 (10 bytes) @ 0x000002dca7c2df64 [0x000002dca7c2df20+0x0000000000000044]
J 3814 c1 java.lang.reflect.Method.invoke(Ljava/lang/Object;[Ljava/lang/Object;)Ljava/lang/Object; java.base@17.0.10 (65 bytes) @ 0x000002dca7c2e76c [0x000002dca7c2e660+0x000000000000010c]
j  org.springframework.web.method.support.InvocableHandlerMethod.doInvoke([Ljava/lang/Object;)Ljava/lang/Object;+55
j  org.springframework.web.method.support.InvocableHandlerMethod.invokeForRequest(Lorg/springframework/web/context/request/NativeWebRequest;Lorg/springframework/web/method/support/ModelAndViewContainer;[Ljava/lang/Object;)Ljava/lang/Object;+82
j  org.springframework.web.servlet.mvc.method.annotation.ServletInvocableHandlerMethod.invokeAndHandle(Lorg/springframework/web/context/request/ServletWebRequest;Lorg/springframework/web/method/support/ModelAndViewContainer;[Ljava/lang/Object;)V+4
j  org.springframework.web.servlet.mvc.method.annotation.RequestMappingHandlerAdapter.invokeHandlerMethod(Ljakarta/servlet/http/HttpServletRequest;Ljakarta/servlet/http/HttpServletResponse;Lorg/springframework/web/method/HandlerMethod;)Lorg/springframework/web/servlet/ModelAndView;+309
j  org.springframework.web.servlet.mvc.method.annotation.RequestMappingHandlerAdapter.handleInternal(Ljakarta/servlet/http/HttpServletRequest;Ljakarta/servlet/http/HttpServletResponse;Lorg/springframework/web/method/HandlerMethod;)Lorg/springframework/web/servlet/ModelAndView;+81
j  org.springframework.web.servlet.mvc.method.AbstractHandlerMethodAdapter.handle(Ljakarta/servlet/http/HttpServletRequest;Ljakarta/servlet/http/HttpServletResponse;Ljava/lang/Object;)Lorg/springframework/web/servlet/ModelAndView;+7
j  org.springframework.web.servlet.DispatcherServlet.doDispatch(Ljakarta/servlet/http/HttpServletRequest;Ljakarta/servlet/http/HttpServletResponse;)V+304
j  org.springframework.web.servlet.DispatcherServlet.doService(Ljakarta/servlet/http/HttpServletRequest;Ljakarta/servlet/http/HttpServletResponse;)V+242
j  org.springframework.web.servlet.FrameworkServlet.processRequest(Ljakarta/servlet/http/HttpServletRequest;Ljakarta/servlet/http/HttpServletResponse;)V+70
j  org.springframework.web.servlet.FrameworkServlet.doPost(Ljakarta/servlet/http/HttpServletRequest;Ljakarta/servlet/http/HttpServletResponse;)V+3
j  jakarta.servlet.http.HttpServlet.service(Ljakarta/servlet/http/HttpServletRequest;Ljakarta/servlet/http/HttpServletResponse;)V+150
j  org.springframework.web.servlet.FrameworkServlet.service(Ljakarta/servlet/http/HttpServletRequest;Ljakarta/servlet/http/HttpServletResponse;)V+20
j  jakarta.servlet.http.HttpServlet.service(Ljakarta/servlet/ServletRequest;Ljakarta/servlet/ServletResponse;)V+37
j  org.apache.catalina.core.ApplicationFilterChain.internalDoFilter(Ljakarta/servlet/ServletRequest;Ljakarta/servlet/ServletResponse;)V+300
j  org.apache.catalina.core.ApplicationFilterChain.doFilter(Ljakarta/servlet/ServletRequest;Ljakarta/servlet/ServletResponse;)V+99
j  org.apache.tomcat.websocket.server.WsFilter.doFilter(Ljakarta/servlet/ServletRequest;Ljakarta/servlet/ServletResponse;Ljakarta/servlet/FilterChain;)V+21
j  org.apache.catalina.core.ApplicationFilterChain.internalDoFilter(Ljakarta/servlet/ServletRequest;Ljakarta/servlet/ServletResponse;)V+130
j  org.apache.catalina.core.ApplicationFilterChain.doFilter(Ljakarta/servlet/ServletRequest;Ljakarta/servlet/ServletResponse;)V+99
j  org.springframework.web.filter.RequestContextFilter.doFilterInternal(Ljakarta/servlet/http/HttpServletRequest;Ljakarta/servlet/http/HttpServletResponse;Ljakarta/servlet/FilterChain;)V+21
j  org.springframework.web.filter.OncePerRequestFilter.doFilter(Ljakarta/servlet/ServletRequest;Ljakarta/servlet/ServletResponse;Ljakarta/servlet/FilterChain;)V+150
j  org.apache.catalina.core.ApplicationFilterChain.internalDoFilter(Ljakarta/servlet/ServletRequest;Ljakarta/servlet/ServletResponse;)V+130
j  org.apache.catalina.core.ApplicationFilterChain.doFilter(Ljakarta/servlet/ServletRequest;Ljakarta/servlet/ServletResponse;)V+99
j  org.springframework.web.filter.FormContentFilter.doFilterInternal(Ljakarta/servlet/http/HttpServletRequest;Ljakarta/servlet/http/HttpServletResponse;Ljakarta/servlet/FilterChain;)V+38
j  org.springframework.web.filter.OncePerRequestFilter.doFilter(Ljakarta/servlet/ServletRequest;Ljakarta/servlet/ServletResponse;Ljakarta/servlet/FilterChain;)V+150
j  org.apache.catalina.core.ApplicationFilterChain.internalDoFilter(Ljakarta/servlet/ServletRequest;Ljakarta/servlet/ServletResponse;)V+130
j  org.apache.catalina.core.ApplicationFilterChain.doFilter(Ljakarta/servlet/ServletRequest;Ljakarta/servlet/ServletResponse;)V+99
j  org.springframework.web.filter.CharacterEncodingFilter.doFilterInternal(Ljakarta/servlet/http/HttpServletRequest;Ljakarta/servlet/http/HttpServletResponse;Ljakarta/servlet/FilterChain;)V+53
j  org.springframework.web.filter.OncePerRequestFilter.doFilter(Ljakarta/servlet/ServletRequest;Ljakarta/servlet/ServletResponse;Ljakarta/servlet/FilterChain;)V+150
j  org.apache.catalina.core.ApplicationFilterChain.internalDoFilter(Ljakarta/servlet/ServletRequest;Ljakarta/servlet/ServletResponse;)V+130
j  org.apache.catalina.core.ApplicationFilterChain.doFilter(Ljakarta/servlet/ServletRequest;Ljakarta/servlet/ServletResponse;)V+99
j  org.apache.catalina.core.StandardWrapperValve.invoke(Lorg/apache/catalina/connector/Request;Lorg/apache/catalina/connector/Response;)V+514
j  org.apache.catalina.core.StandardContextValve.invoke(Lorg/apache/catalina/connector/Request;Lorg/apache/catalina/connector/Response;)V+169
j  org.apache.catalina.authenticator.AuthenticatorBase.invoke(Lorg/apache/catalina/connector/Request;Lorg/apache/catalina/connector/Response;)V+221
j  org.apache.catalina.core.StandardHostValve.invoke(Lorg/apache/catalina/connector/Request;Lorg/apache/catalina/connector/Response;)V+131
j  org.apache.catalina.valves.ErrorReportValve.invoke(Lorg/apache/catalina/connector/Request;Lorg/apache/catalina/connector/Response;)V+6
j  org.apache.catalina.core.StandardEngineValve.invoke(Lorg/apache/catalina/connector/Request;Lorg/apache/catalina/connector/Response;)V+59
j  org.apache.catalina.connector.CoyoteAdapter.service(Lorg/apache/coyote/Request;Lorg/apache/coyote/Response;)V+188
j  org.apache.coyote.http11.Http11Processor.service(Lorg/apache/tomcat/util/net/SocketWrapperBase;)Lorg/apache/tomcat/util/net/AbstractEndpoint$Handler$SocketState;+796
j  org.apache.coyote.AbstractProcessorLight.process(Lorg/apache/tomcat/util/net/SocketWrapperBase;Lorg/apache/tomcat/util/net/SocketEvent;)Lorg/apache/tomcat/util/net/AbstractEndpoint$Handler$SocketState;+155
j  org.apache.coyote.AbstractProtocol$ConnectionHandler.process(Lorg/apache/tomcat/util/net/SocketWrapperBase;Lorg/apache/tomcat/util/net/SocketEvent;)Lorg/apache/tomcat/util/net/AbstractEndpoint$Handler$SocketState;+482
j  org.apache.tomcat.util.net.NioEndpoint$SocketProcessor.doRun()V+249
j  org.apache.tomcat.util.net.SocketProcessorBase.run()V+32
j  org.apache.tomcat.util.threads.ThreadPoolExecutor.runWorker(Lorg/apache/tomcat/util/threads/ThreadPoolExecutor$Worker;)V+92
j  org.apache.tomcat.util.threads.ThreadPoolExecutor$Worker.run()V+5
j  org.apache.tomcat.util.threads.TaskThread$WrappingRunnable.run()V+4
j  java.lang.Thread.run()V+11 java.base@17.0.10
v  ~StubRoutines::call_stub

siginfo: EXCEPTION_ACCESS_VIOLATION (0xc0000005), reading address 0x0000000000000000


Registers:
RAX=0x0000000000000000, RBX=0x000002dcfe1a5f20, RCX=0x00007ffcbd4d86f8, RDX=0x0000000000000000
RSP=0x000000f283efcaa0, RBP=0x000000f283efcd00, RSI=0x00007ffcbd4d86f0, RDI=0x0000000000004000
R8 =0x0000000000000009, R9 =0x0000000000000040, R10=0xfefefefefefefeff, R11=0x8080808080808080
R12=0x000000f283efcd80, R13=0x0000000000000000, R14=0x0000000000000000, R15=0x00007ffcbd4d8738
RIP=0x00007ffd5c4532a8, EFLAGS=0x0000000000010286


Register to memory mapping:

RIP=0x00007ffd5c4532a8 msvcp140.dll
RAX=0x0 is NULL
RBX=0x000002dcfe1a5f20 points into unknown readable memory: 0x73726573555c3a43 | 43 3a 5c 55 73 65 72 73
RCX=0x00007ffcbd4d86f8 gdal.dll
RDX=0x0 is NULL
RSP=0x000000f283efcaa0 is pointing into the stack for thread: 0x000002dcfe2374a0
RBP=0x000000f283efcd00 is pointing into the stack for thread: 0x000002dcfe2374a0
RSI=0x00007ffcbd4d86f0 gdal.dll
RDI=0x0000000000004000 is an unknown value
R8 =0x0000000000000009 is an unknown value
R9 =0x0000000000000040 is an unknown value
R10=0xfefefefefefefeff is an unknown value
R11=0x8080808080808080 is an unknown value
R12=0x000000f283efcd80 is pointing into the stack for thread: 0x000002dcfe2374a0
R13=0x0 is NULL
R14=0x0 is NULL
R15=0x00007ffcbd4d8738 gdal.dll


Top of Stack: (sp=0x000000f283efcaa0)
0x000000f283efcaa0:   0000000000000002 0000000000000000
0x000000f283efcab0:   0000000000000000 0000000000000000
0x000000f283efcac0:   0000000000000000 0000000000000000
0x000000f283efcad0:   00000beac2f066e4 000002dcfe1a6100
0x000000f283efcae0:   0000000000000042 000002dcfe1a6100
0x000000f283efcaf0:   0000000000004000 00007ffcbcd8757d
0x000000f283efcb00:   000002dc9d610000 000000000000003a
0x000000f283efcb10:   000002dcfe1a5f20 ffffffffffffffff
0x000000f283efcb20:   00007ffcbd4d86f0 00007ffcbc17c93e
0x000000f283efcb30:   000000000000003a 000002dcfe2374a0
0x000000f283efcb40:   000002dcb7453e48 000097f02359aac1
0x000000f283efcb50:   0000000000000042 000002dcfe1a6100
0x000000f283efcb60:   0000000000000000 0000000000000000
0x000000f283efcb70:   0000000000004000 ffffffffffffffff
0x000000f283efcb80:   000000f283efcd00 00007ffcbcd86d8d
0x000000f283efcb90:   000000f283efcd40 000000f283efd020 

Instructions: (pc=0x00007ffd5c4532a8)
0x00007ffd5c4531a8:   48 89 01 48 83 c1 08 48 83 c4 28 48 ff 25 26 30
0x00007ffd5c4531b8:   04 00 48 8d 05 37 70 04 00 45 33 c0 48 89 01 ba
0x00007ffd5c4531c8:   a0 0f 00 00 48 83 c1 08 48 83 c4 28 48 ff 25 ed
0x00007ffd5c4531d8:   2f 04 00 cc cc cc cc cc 48 83 c1 08 48 ff 25 cd
0x00007ffd5c4531e8:   2f 04 00 cc cc cc cc cc 48 83 c1 08 48 ff 25 dd
0x00007ffd5c4531f8:   2f 04 00 cc cc cc cc cc 48 83 c1 08 48 ff 25 45
0x00007ffd5c453208:   2e 04 00 cc 48 89 5c 24 18 48 89 74 24 20 57 41
0x00007ffd5c453218:   56 41 57 48 83 ec 40 48 8b 05 0a 11 07 00 48 33
0x00007ffd5c453228:   c4 48 89 44 24 30 8b 01 4c 8b f2 0f ba f0 08 48
0x00007ffd5c453238:   8b f1 83 f8 01 75 4a ff 15 b3 2f 04 00 39 46 48
0x00007ffd5c453248:   74 19 48 8d 4e 08 48 8b 01 48 8b 00 ff 15 6e 34
0x00007ffd5c453258:   04 00 ff 15 98 2f 04 00 89 46 48 ff 46 4c 33 c0
0x00007ffd5c453268:   48 8b 4c 24 30 48 33 cc e8 cb fd 03 00 48 8b 5c
0x00007ffd5c453278:   24 70 48 8b 74 24 78 48 83 c4 40 41 5f 41 5e 5f
0x00007ffd5c453288:   c3 4d 85 f6 75 28 4c 8d 79 48 ff 15 60 2f 04 00
0x00007ffd5c453298:   41 39 07 0f 84 ad 00 00 00 48 8d 4e 08 48 8b 01
0x00007ffd5c4532a8:   48 8b 00 ff 15 17 34 04 00 e9 98 00 00 00 48 83
0x00007ffd5c4532b8:   3a 00 7c 6e 75 06 83 7a 08 00 7e 66 ba 01 00 00
0x00007ffd5c4532c8:   00 48 8d 4c 24 20 e8 2d 09 00 00 48 8b 44 24 20
0x00007ffd5c4532d8:   49 3b 06 7c 14 0f 85 b3 00 00 00 41 8b 46 08 39
0x00007ffd5c4532e8:   44 24 28 0f 8d a5 00 00 00 4c 8d 7e 48 ff 15 fd
0x00007ffd5c4532f8:   2e 04 00 41 39 07 74 4e 48 8b 46 08 48 8d 54 24
0x00007ffd5c453308:   20 49 8b ce 48 8b 58 10 e8 db 07 00 00 8b d0 48
0x00007ffd5c453318:   8d 4e 08 48 8b c3 ff 15 a4 33 04 00 84 c0 74 9c
0x00007ffd5c453328:   eb 24 4c 8d 79 48 ff 15 c4 2e 04 00 41 39 07 74
0x00007ffd5c453338:   15 48 8d 4e 08 48 8b 01 48 8b 40 08 ff 15 7e 33
0x00007ffd5c453348:   04 00 84 c0 74 48 8b 4e 4c 33 db bf 02 01 00 00
0x00007ffd5c453358:   8d 41 01 89 46 4c 83 f8 01 7e 0f f7 06 00 01 00
0x00007ffd5c453368:   00 75 10 89 4e 4c 8b df eb 09 ff 15 80 2e 04 00
0x00007ffd5c453378:   41 89 07 85 db 0f 84 e3 fe ff ff 3b df 74 0a b8
0x00007ffd5c453388:   04 00 00 00 e9 d7 fe ff ff 4d 85 f6 74 20 49 83
0x00007ffd5c453398:   3e 00 75 10 41 8b 46 08 f7 d8 1b c0 83 c0 03 e9 


Stack slot to memory mapping:
stack at sp + 0 slots: 0x0000000000000002 is an unknown value
stack at sp + 1 slots: 0x0 is NULL
stack at sp + 2 slots: 0x0 is NULL
stack at sp + 3 slots: 0x0 is NULL
stack at sp + 4 slots: 0x0 is NULL
stack at sp + 5 slots: 0x0 is NULL
stack at sp + 6 slots: 0x00000beac2f066e4 is an unknown value
stack at sp + 7 slots: 0x000002dcfe1a6100 points into unknown readable memory: 0x73726573555c3a43 | 43 3a 5c 55 73 65 72 73


Compiled method (n/a)   17352 3824     n 0       jdk.internal.reflect.NativeMethodAccessorImpl::invoke0 (native)
 total in heap  [0x000002dca7c30690,0x000002dca7c30b30] = 1184
 relocation     [0x000002dca7c307e8,0x000002dca7c30820] = 56
 main code      [0x000002dca7c30820,0x000002dca7c30b30] = 784

[Constant Pool (empty)]

[MachCode]
[Entry Point]
  # {method} {0x000002dcb71c4290} 'invoke0' '(Ljava/lang/reflect/Method;Ljava/lang/Object;[Ljava/lang/Object;)Ljava/lang/Object;' in 'jdk/internal/reflect/NativeMethodAccessorImpl'
  # parm0:    rdx:rdx   = 'java/lang/reflect/Method'
  # parm1:    r8:r8     = 'java/lang/Object'
  # parm2:    r9:r9     = '[Ljava/lang/Object;'
  #           [sp+0x80]  (sp of caller)
  0x000002dca7c30820: 448b 5208 | 49bb 0000 | 00b7 dc02 | 0000 4d03 | d349 3bc2 | 0f84 0600 

  0x000002dca7c30838: ;   {runtime_call ic_miss_stub}
  0x000002dca7c30838: 0000 e941 | c258 ff90 
[Verified Entry Point]
  0x000002dca7c30840: 8984 2400 | 90ff ff55 | 488b ec48 | 83ec 704c | 894c 2438 | 4983 f900 | 488d 4424 | 3848 0f44 
  0x000002dca7c30860: 4424 3848 | 8944 2420 | 4c89 4424 | 3049 83f8 | 004c 8d4c | 2430 4c0f | 444c 2430 | 4889 5424 
  0x000002dca7c30880: 2848 83fa | 004c 8d44 | 2428 4c0f | 4444 2428 

  0x000002dca7c30890: ;   {oop(a 'java/lang/Class'{0x00000007096ff1a0} = 'jdk/internal/reflect/NativeMethodAccessorImpl')}
  0x000002dca7c30890: 49be a0f1 | 6f09 0700 | 0000 4c89 | 7424 584c | 8d74 2458 | 498b d6c5 

  0x000002dca7c308a8: ;   {internal_word}
  0x000002dca7c308a8: f877 49ba | a708 c3a7 | dc02 0000 | 4d89 9798 | 0200 0049 | 89a7 9002 

  0x000002dca7c308c0: ;   {external_word}
  0x000002dca7c308c0: 0000 49ba | e380 a7d5 | fc7f 0000 | 4180 3a00 | 0f84 5200 | 0000 5241 

  0x000002dca7c308d8: ;   {metadata({method} {0x000002dcb71c4290} 'invoke0' '(Ljava/lang/reflect/Method;Ljava/lang/Object;[Ljava/lang/Object;)Ljava/lang/Object;' in 'jdk/internal/reflect/NativeMethodAccessorImpl')}
  0x000002dca7c308d8: 5041 5148 | ba88 421c | b7dc 0200 | 0049 8bcf | 4883 ec20 | f7c4 0f00 | 0000 0f84 | 1a00 0000 
  0x000002dca7c308f8: 4883 ec08 

  0x000002dca7c308fc: ;   {runtime_call}
  0x000002dca7c308fc: 49ba 00d6 | 64d5 fc7f | 0000 41ff | d248 83c4 | 08e9 0d00 

  0x000002dca7c30910: ;   {runtime_call}
  0x000002dca7c30910: 0000 49ba | 00d6 64d5 | fc7f 0000 | 41ff d248 | 83c4 2041 | 5941 585a | 498d 8fb0 | 0200 0041 
  0x000002dca7c30930: c787 4003 | 0000 0400 

  0x000002dca7c30938: ;   {runtime_call}
  0x000002dca7c30938: 0000 49ba | a43e 385c | fd7f 0000 | 41ff d2c5 | f877 41c7 | 8740 0300 | 0005 0000 | 00f0 8344 
  0x000002dca7c30958: 24c0 0049 | 3baf 4803 | 0000 0f87 | 1100 0000 | 4181 bf30 | 0300 0000 | 0000 000f | 842c 0000 
  0x000002dca7c30978: 00c5 f877 | 4889 45f8 | 498b cf4c | 8be4 4883 | ec20 4883 

  0x000002dca7c3098c: ;   {runtime_call}
  0x000002dca7c3098c: e4f0 49ba | 408d 6fd5 | fc7f 0000 | 41ff d249 | 8be4 4d33 | e448 8b45 | f841 c787 | 4003 0000 
  0x000002dca7c309ac: 0800 0000 | 4181 bfb0 | 0300 0002 | 0000 000f | 843f 0100 

  0x000002dca7c309c0: ;   {external_word}
  0x000002dca7c309c0: 0049 bae3 | 80a7 d5fc | 7f00 0041 | 803a 000f | 8450 0000 | 0048 8945 

  0x000002dca7c309d8: ;   {metadata({method} {0x000002dcb71c4290} 'invoke0' '(Ljava/lang/reflect/Method;Ljava/lang/Object;[Ljava/lang/Object;)Ljava/lang/Object;' in 'jdk/internal/reflect/NativeMethodAccessorImpl')}
  0x000002dca7c309d8: f848 ba88 | 421c b7dc | 0200 0049 | 8bcf 4883 | ec20 f7c4 | 0f00 0000 | 0f84 1a00 | 0000 4883 
  0x000002dca7c309f8: ;   {runtime_call}
  0x000002dca7c309f8: ec08 49ba | 00d6 64d5 | fc7f 0000 | 41ff d248 | 83c4 08e9 | 0d00 0000 

  0x000002dca7c30a10: ;   {runtime_call}
  0x000002dca7c30a10: 49ba 00d6 | 64d5 fc7f | 0000 41ff | d248 83c4 | 2048 8b45 | f849 c787 | 9002 0000 | 0000 0000 
  0x000002dca7c30a30: 49c7 8798 | 0200 0000 | 0000 00c5 | f877 4885 | c00f 8493 | 0000 0048 | f7c0 0100 | 0000 0f84 
  0x000002dca7c30a50: 8300 0000 | 488b 40ff | 4180 7f38 | 000f 846f | 0000 0048 | 83f8 000f | 8465 0000 | 0049 8b4f 
  0x000002dca7c30a70: 2048 83f9 | 000f 8414 | 0000 0048 | 83e9 0849 | 894f 2049 | 034f 3048 | 8901 e943 | 0000 0050 
  0x000002dca7c30a90: 498b d748 | 8bc8 4883 | ec20 f7c4 | 0f00 0000 | 0f84 1a00 | 0000 4883 

  0x000002dca7c30aa8: ;   {runtime_call}
  0x000002dca7c30aa8: ec08 49ba | 3009 24d5 | fc7f 0000 | 41ff d248 | 83c4 08e9 | 0d00 0000 

  0x000002dca7c30ac0: ;   {runtime_call}
  0x000002dca7c30ac0: 49ba 3009 | 24d5 fc7f | 0000 41ff | d248 83c4 | 2058 e903 | 0000 0048 | 8b00 498b | 8fd8 0000 
  0x000002dca7c30ae0: 00c7 8100 | 0100 0000 | 0000 00c9 | 4981 7f08 | 0000 0000 | 0f85 0100 

  0x000002dca7c30af8: ;   {runtime_call StubRoutines (1)}
  0x000002dca7c30af8: 0000 c3e9 | 0004 54ff | c5f8 7748 | 8945 f84c | 8be4 4883 | ec20 4883 

  0x000002dca7c30b10: ;   {runtime_call}
  0x000002dca7c30b10: e4f0 49ba | a006 65d5 | fc7f 0000 | 41ff d249 | 8be4 4d33 | e448 8b45 | f8e9 93fe | ffff f4f4 
[/MachCode]


Compiled method (c1)   17372 3823   !   1       jdk.internal.reflect.NativeMethodAccessorImpl::invoke (137 bytes)
 total in heap  [0x000002dca7c30b90,0x000002dca7c315d0] = 2624
 relocation     [0x000002dca7c30ce8,0x000002dca7c30d70] = 136
 main code      [0x000002dca7c30d80,0x000002dca7c311e0] = 1120
 stub code      [0x000002dca7c311e0,0x000002dca7c31268] = 136
 metadata       [0x000002dca7c31268,0x000002dca7c31288] = 32
 scopes data    [0x000002dca7c31288,0x000002dca7c31348] = 192
 scopes pcs     [0x000002dca7c31348,0x000002dca7c31468] = 288
 dependencies   [0x000002dca7c31468,0x000002dca7c31470] = 8
 handler table  [0x000002dca7c31470,0x000002dca7c31590] = 288
 nul chk table  [0x000002dca7c31590,0x000002dca7c315d0] = 64

[Constant Pool (empty)]

[MachCode]
[Entry Point]
  # {method} {0x000002dcb71c3d68} 'invoke' '(Ljava/lang/Object;[Ljava/lang/Object;)Ljava/lang/Object;' in 'jdk/internal/reflect/NativeMethodAccessorImpl'
  # this:     rdx:rdx   = 'jdk/internal/reflect/NativeMethodAccessorImpl'
  # parm0:    r8:r8     = 'java/lang/Object'
  # parm1:    r9:r9     = '[Ljava/lang/Object;'
  #           [sp+0xd0]  (sp of caller)
  0x000002dca7c30d80: 448b 5208 | 49bb 0000 | 00b7 dc02 | 0000 4d03 | d34c 3bd0 

  0x000002dca7c30d94: ;   {runtime_call ic_miss_stub}
  0x000002dca7c30d94: 0f85 e6bc | 58ff 660f | 1f44 0000 
[Verified Entry Point]
  0x000002dca7c30da0: 8984 2400 | 90ff ff55 | 4881 ecc0 | 0000 0048 | 8954 2470 | 8b72 0cff | c689 720c 

  0x000002dca7c30dbc: ;   {oop(a 'java/lang/Class'{0x0000000709750d78} = 'jdk/internal/reflect/ReflectionFactory')}
  0x000002dca7c30dbc: 48bf 780d | 7509 0700 | 0000 8b7f | 783b f70f | 8f08 0000 | 0048 8bf2 | e9e2 0200 | 004c 898c 
  0x000002dca7c30ddc: 2480 0000 | 004c 8944 | 2478 8b72 | 1448 c1e6 | 038b 7624 | 48c1 e603 

  0x000002dca7c30df4: ; implicit exception: dispatches to 0x000002dca7c3111a
  0x000002dca7c30df4: 483b 0648 | 8bd6 0f1f 

  0x000002dca7c30dfc: ;   {optimized virtual_call}
  0x000002dca7c30dfc: 4400 00e8 

  0x000002dca7c30e00: ; ImmutableOopMap {[112]=Oop [128]=Oop [120]=Oop }
                      ;*invokevirtual isHidden {reexecute=0 rethrow=0 return_oop=0}
                      ; - jdk.internal.reflect.NativeMethodAccessorImpl::invoke@24 (line 57)
  0x000002dca7c30e00: 3c71 92ff | 83f8 000f | 8417 0000 | 004c 8b8c | 2480 0000 | 004c 8b44 | 2478 488b | 7424 70e9 
  0x000002dca7c30e20: 9702 0000 | 488b 5424 | 708b 4210 | 83f8 000f | 8415 0000 | 004c 8b8c | 2480 0000 | 004c 8b44 
  0x000002dca7c30e40: 2478 488b | f2e9 7102 | 0000 488d | 7210 b800 | 0000 00bf | 0100 0000 | f00f b13e | be01 0000 
  0x000002dca7c30e60: 000f 8405 | 0000 00be | 0000 0000 | 83fe 000f | 8515 0000 | 004c 8b8c | 2480 0000 | 004c 8b44 
  0x000002dca7c30e80: 2478 488b | f2e9 3102 | 0000 488b 

  0x000002dca7c30e8c: ;   {metadata('jdk/internal/reflect/MethodAccessorGenerator')}
  0x000002dca7c30e8c: da48 ba68 | 360f b8dc | 0200 0049 | 8b87 0801 | 0000 488d | b890 0000 | 0049 3bbf | 1801 0000 
  0x000002dca7c30eac: 0f87 6d02 | 0000 4989 | bf08 0100 | 0048 c700 | 0100 0000 | 488b ca49 | ba00 0000 | b7dc 0200 
  0x000002dca7c30ecc: 0049 2bca | 8948 0848 | 33c9 8948 | 0c48 33c9 | 48bf 1000 | 0000 0000 | 0000 4889 | 4cf8 0848 
  0x000002dca7c30eec: ffcf 75f6 | ba1e 0000 | 0066 8950 | 6aba 4900 | 0000 6689 | 506c 8b53 | 1448 c1e2 | 038b 7224 
  0x000002dca7c30f0c: 48c1 e603 | 8b7a 2848 | c1e7 038b | 5230 48c1 | e203 4889 | 8424 9800 | 0000 4889 | bc24 9000 
  0x000002dca7c30f2c: 0000 4889 | b424 8800 | 0000 0f1f | 8000 0000 | 0048 b878 | 1c00 b7dc 

  0x000002dca7c30f44: ;   {virtual_call}
  0x000002dca7c30f44: 0200 00e8 

  0x000002dca7c30f48: ; ImmutableOopMap {[128]=Oop [120]=Oop [152]=Oop [112]=Oop [144]=Oop [136]=Oop }
                      ;*invokevirtual clone {reexecute=0 rethrow=0 return_oop=0}
                      ; - java.lang.reflect.Method::getParameterTypes@4 (line 314)
                      ; - jdk.internal.reflect.NativeMethodAccessorImpl::invoke@77 (line 65)
  0x000002dca7c30f48: d41e 79ff | 4883 f800 | 0f84 2900 

  0x000002dca7c30f54: ;   {metadata('java/lang/Class'[])}
  0x000002dca7c30f54: 0000 48bb | 781c 00b7 | dc02 0000 | 8b78 0849 | ba00 0000 | b7dc 0200 | 0049 03fa | 483b 5f40 
  0x000002dca7c30f74: 0f85 b701 | 0000 e900 | 0000 0048 | 8bf0 488b | 5424 708b | 7a14 48c1 | e703 8b5f | 2c48 c1e3 
  0x000002dca7c30f94: 038b 7f34 | 48c1 e703 | 488b d748 | 899c 24a8 | 0000 0048 | 89b4 24a0 | 0000 0066 | 0f1f 4400 
  0x000002dca7c30fb4: 0048 b878 | 1c00 b7dc 

  0x000002dca7c30fbc: ;   {virtual_call}
  0x000002dca7c30fbc: 0200 00e8 

  0x000002dca7c30fc0: ; ImmutableOopMap {[128]=Oop [120]=Oop [152]=Oop [144]=Oop [136]=Oop [112]=Oop [168]=Oop [160]=Oop }
                      ;*invokevirtual clone {reexecute=0 rethrow=0 return_oop=0}
                      ; - java.lang.reflect.Method::getExceptionTypes@4 (line 341)
                      ; - jdk.internal.reflect.NativeMethodAccessorImpl::invoke@91 (line 67)
  0x000002dca7c30fc0: 5c1e 79ff | 4883 f800 | 0f84 2a00 

  0x000002dca7c30fcc: ;   {metadata('java/lang/Class'[])}
  0x000002dca7c30fcc: 0000 48bf | 781c 00b7 | dc02 0000 | 448b 4808 | 49ba 0000 | 00b7 dc02 | 0000 4d03 | ca49 3b79 
  0x000002dca7c30fec: 400f 854c | 0100 00e9 | 0000 0000 | 488b c848 | 8b54 2470 | 448b 4214 | 49c1 e003 

  0x000002dca7c31008: ; implicit exception: dispatches to 0x000002dca7c31148
  0x000002dca7c31008: 418b 5820 | 4c8b 8424 | 8800 0000 | 4c8b 8c24 | 9000 0000 | 488b bc24 | a000 0000 | 488b b424 
  0x000002dca7c31028: a800 0000 | 891c 2448 | 8b94 2498 

  0x000002dca7c31034: ;   {optimized virtual_call}
  0x000002dca7c31034: 0000 00e8 

  0x000002dca7c31038: ; ImmutableOopMap {[128]=Oop [120]=Oop [112]=Oop }
                      ;*invokevirtual generateMethod {reexecute=0 rethrow=0 return_oop=0}
                      ; - jdk.internal.reflect.NativeMethodAccessorImpl::invoke@101 (line 63)
  0x000002dca7c31038: d901 0000 | 4883 f800 | 0f84 2a00 

  0x000002dca7c31044: ;   {metadata('jdk/internal/reflect/MethodAccessorImpl')}
  0x000002dca7c31044: 0000 48be | d0ae 00b7 | dc02 0000 | 448b 4808 | 49ba 0000 | 00b7 dc02 | 0000 4d03 | ca49 3b71 
  0x000002dca7c31064: 400f 85e2 | 0000 00e9 | 0000 0000 | 488b d048 | 8b74 2470 | 448b 4618 | 49c1 e003 | 450f be4f 
  0x000002dca7c31084: 3841 83f9 | 000f 85c7 | 0000 004c | 8bd2 49c1 | ea03 4589 | 500c 4d8b | c84c 33ca | 49c1 e915 
  0x000002dca7c310a4: 4983 f900 | 0f85 cd00 | 0000 4c8b | 8c24 8000 | 0000 4c8b | 4424 788b | 5614 48c1 | e203 0f1f 
  0x000002dca7c310c4: ;   {static_call}
  0x000002dca7c310c4: 4400 00e8 

  0x000002dca7c310c8: ; ImmutableOopMap {}
                      ;*invokestatic invoke0 {reexecute=0 rethrow=0 return_oop=0}
                      ; - jdk.internal.reflect.NativeMethodAccessorImpl::invoke@133 (line 77)
  0x000002dca7c310c8: 74f7 ffff | 4881 c4c0 | 0000 005d 

  0x000002dca7c310d4: ;   {poll_return}
  0x000002dca7c310d4: 493b a748 | 0300 000f | 87b2 0000 | 00c3 488b | 7424 7049 | 8b87 d803 | 0000 4d33 | d24d 8997 
  0x000002dca7c310f4: d803 0000 | 4d33 d24d | 8997 e003 | 0000 bf00 | 0000 0089 | 7e10 f083 | 4424 c000 | e9b8 0000 
  0x000002dca7c31114: ;   {runtime_call throw_null_pointer_exception Runtime1 stub}
  0x000002dca7c31114: 00e8 0646 

  0x000002dca7c31118: ; ImmutableOopMap {rdx=Oop [112]=Oop [128]=Oop [120]=Oop }
                      ;*invokevirtual getDeclaringClass {reexecute=0 rethrow=0 return_oop=0}
                      ; - jdk.internal.reflect.NativeMethodAccessorImpl::invoke@21 (line 57)
                      ;   {runtime_call throw_null_pointer_exception Runtime1 stub}
  0x000002dca7c31118: 63ff e801 

  0x000002dca7c3111c: ; ImmutableOopMap {rdx=Oop [112]=Oop [128]=Oop [120]=Oop rsi=Oop }
                      ;*invokevirtual isHidden {reexecute=0 rethrow=0 return_oop=0}
                      ; - jdk.internal.reflect.NativeMethodAccessorImpl::invoke@24 (line 57)
  0x000002dca7c3111c: 4663 ff48 

  0x000002dca7c31120: ;   {runtime_call fast_new_instance Runtime1 stub}
  0x000002dca7c31120: 8bd2 e8d9 

  0x000002dca7c31124: ; ImmutableOopMap {[128]=Oop [120]=Oop rbx=Oop [112]=Oop }
                      ;*new {reexecute=0 rethrow=0 return_oop=0}
                      ; - jdk.internal.reflect.NativeMethodAccessorImpl::invoke@52 (line 61)
  0x000002dca7c31124: 4e63 ffe9 | c4fd ffff 

  0x000002dca7c3112c: ;   {runtime_call throw_null_pointer_exception Runtime1 stub}
  0x000002dca7c3112c: e8ef 4563 

  0x000002dca7c31130: ; ImmutableOopMap {[128]=Oop [120]=Oop rbx=Oop [112]=Oop rax=Oop rdx=Oop }
                      ;*invokevirtual getDeclaringClass {reexecute=0 rethrow=0 return_oop=0}
                      ; - jdk.internal.reflect.NativeMethodAccessorImpl::invoke@63 (line 63)
  0x000002dca7c31130: ff48 8904 

  0x000002dca7c31134: ;   {runtime_call throw_class_cast_exception Runtime1 stub}
  0x000002dca7c31134: 24e8 e669 

  0x000002dca7c31138: ; ImmutableOopMap {[128]=Oop [120]=Oop [152]=Oop [112]=Oop [144]=Oop [136]=Oop }
                      ;*checkcast {reexecute=0 rethrow=0 return_oop=0}
                      ; - java.lang.reflect.Method::getParameterTypes@7 (line 314)
                      ; - jdk.internal.reflect.NativeMethodAccessorImpl::invoke@77 (line 65)
                      ;   {runtime_call throw_null_pointer_exception Runtime1 stub}
  0x000002dca7c31138: 63ff e8e1 

  0x000002dca7c3113c: ; ImmutableOopMap {[128]=Oop [120]=Oop [152]=Oop [144]=Oop [136]=Oop rsi=Oop rdx=Oop [112]=Oop rdi=Oop }
                      ;*invokevirtual getReturnType {reexecute=0 rethrow=0 return_oop=0}
                      ; - jdk.internal.reflect.NativeMethodAccessorImpl::invoke@84 (line 66)
  0x000002dca7c3113c: 4563 ff48 

  0x000002dca7c31140: ;   {runtime_call throw_class_cast_exception Runtime1 stub}
  0x000002dca7c31140: 8904 24e8 

  0x000002dca7c31144: ; ImmutableOopMap {[128]=Oop [120]=Oop [152]=Oop [144]=Oop [136]=Oop [112]=Oop [168]=Oop [160]=Oop }
                      ;*checkcast {reexecute=0 rethrow=0 return_oop=0}
                      ; - java.lang.reflect.Method::getExceptionTypes@7 (line 341)
                      ; - jdk.internal.reflect.NativeMethodAccessorImpl::invoke@91 (line 67)
  0x000002dca7c31144: d869 63ff 

  0x000002dca7c31148: ;   {runtime_call throw_null_pointer_exception Runtime1 stub}
  0x000002dca7c31148: e8d3 4563 

  0x000002dca7c3114c: ; ImmutableOopMap {[128]=Oop [120]=Oop [152]=Oop [144]=Oop [136]=Oop [168]=Oop [160]=Oop rcx=Oop rdx=Oop [112]=Oop }
                      ;*invokevirtual getModifiers {reexecute=0 rethrow=0 return_oop=0}
                      ; - jdk.internal.reflect.NativeMethodAccessorImpl::invoke@98 (line 68)
  0x000002dca7c3114c: ff48 8904 

  0x000002dca7c31150: ;   {runtime_call throw_class_cast_exception Runtime1 stub}
  0x000002dca7c31150: 24e8 ca69 

  0x000002dca7c31154: ; ImmutableOopMap {[128]=Oop [120]=Oop [112]=Oop }
                      ;*checkcast {reexecute=0 rethrow=0 return_oop=0}
                      ; - jdk.internal.reflect.NativeMethodAccessorImpl::invoke@104 (line 63)
  0x000002dca7c31154: 63ff 458b | 480c 49c1 | e103 4983 | f900 0f84 | 27ff ffff | 4c89 0c24 

  0x000002dca7c3116c: ;   {runtime_call g1_pre_barrier_slow}
  0x000002dca7c3116c: e88f 9c63 | ffe9 19ff 

  0x000002dca7c31174: ;   {runtime_call throw_null_pointer_exception Runtime1 stub}
  0x000002dca7c31174: ffff e8a5 

  0x000002dca7c31178: ; ImmutableOopMap {[128]=Oop [120]=Oop rdx=Oop rsi=Oop [112]=Oop r8=Oop }
                      ;*invokevirtual setDelegate {reexecute=0 rethrow=0 return_oop=0}
                      ; - jdk.internal.reflect.NativeMethodAccessorImpl::invoke@113 (line 69)
  0x000002dca7c31178: 4563 ff48 | 83fa 000f | 8429 ffff | ff4c 8904 

  0x000002dca7c31188: ;   {runtime_call g1_post_barrier_slow}
  0x000002dca7c31188: 24e8 729f | 63ff e91b 

  0x000002dca7c31190: ;   {internal_word}
  0x000002dca7c31190: ffff ff49 | bad4 10c3 | a7dc 0200 | 004d 8997 | 6003 0000 

  0x000002dca7c311a4: ;   {runtime_call SafepointBlob}
  0x000002dca7c311a4: e957 2259 

  0x000002dca7c311a8: ;   {runtime_call throw_null_pointer_exception Runtime1 stub}
  0x000002dca7c311a8: ffe8 7245 

  0x000002dca7c311ac: ; ImmutableOopMap {[128]=Oop [120]=Oop rdx=Oop rsi=Oop [112]=Oop r8=Oop }
                      ;*invokevirtual setDelegate {reexecute=0 rethrow=0 return_oop=0}
                      ; - jdk.internal.reflect.NativeMethodAccessorImpl::invoke@113 (line 69)
  0x000002dca7c311ac: 63ff 9090 | 498b 87d8 | 0300 0049 | c787 d803 | 0000 0000 | 0000 49c7 | 87e0 0300 | 0000 0000 
  0x000002dca7c311cc: 0048 81c4 | c000 0000 

  0x000002dca7c311d4: ;   {runtime_call unwind_exception Runtime1 stub}
  0x000002dca7c311d4: 5de9 2636 | 63ff f4f4 | f4f4 f4f4 
[Stub Code]
  0x000002dca7c311e0: ;   {no_reloc}
  0x000002dca7c311e0: 0f1f 4400 

  0x000002dca7c311e4: ;   {static_stub}
  0x000002dca7c311e4: 0048 bb00 | 0000 0000 

  0x000002dca7c311ec: ;   {runtime_call}
  0x000002dca7c311ec: 0000 00e9 | fbff ffff 

  0x000002dca7c311f4: ;   {static_stub}
  0x000002dca7c311f4: 9048 bb00 | 0000 0000 

  0x000002dca7c311fc: ;   {runtime_call}
  0x000002dca7c311fc: 0000 00e9 | fbff ffff 

  0x000002dca7c31204: ;   {static_stub}
  0x000002dca7c31204: 9048 bb00 | 0000 0000 

  0x000002dca7c3120c: ;   {runtime_call}
  0x000002dca7c3120c: 0000 00e9 | fbff ffff 

  0x000002dca7c31214: ;   {static_stub}
  0x000002dca7c31214: 9048 bb48 | 6623 f8dc 

  0x000002dca7c3121c: ;   {runtime_call I2C/C2I adapters}
  0x000002dca7c3121c: 0200 00e9 | d60c 72ff 

  0x000002dca7c31224: ;   {static_stub}
  0x000002dca7c31224: 9048 bb00 | 0000 0000 

  0x000002dca7c3122c: ;   {runtime_call}
  0x000002dca7c3122c: 0000 00e9 | fbff ffff 
[Exception Handler]
  0x000002dca7c31234: ;   {runtime_call handle_exception_from_callee Runtime1 stub}
  0x000002dca7c31234: e8c7 6263 

  0x000002dca7c31238: ;   {external_word}
  0x000002dca7c31238: ff48 b9a0 | e083 d5fc | 7f00 0048 

  0x000002dca7c31244: ;   {runtime_call}
  0x000002dca7c31244: 83e4 f049 | bae0 da51 | d5fc 7f00 | 0041 ffd2 

  0x000002dca7c31254: ;   {section_word}
  0x000002dca7c31254: f449 ba55 | 12c3 a7dc | 0200 0041 

  0x000002dca7c31260: ;   {runtime_call DeoptimizationBlob}
  0x000002dca7c31260: 52e9 3a14 | 59ff f4f4 
[/MachCode]


Compiled method (c1)   17403 3812       1       jdk.internal.reflect.DelegatingMethodAccessorImpl::invoke (10 bytes)
 total in heap  [0x000002dca7c2dd90,0x000002dca7c2e058] = 712
 relocation     [0x000002dca7c2dee8,0x000002dca7c2df20] = 56
 main code      [0x000002dca7c2df20,0x000002dca7c2dfc0] = 160
 stub code      [0x000002dca7c2dfc0,0x000002dca7c2e008] = 72
 metadata       [0x000002dca7c2e008,0x000002dca7c2e010] = 8
 scopes data    [0x000002dca7c2e010,0x000002dca7c2e020] = 16
 scopes pcs     [0x000002dca7c2e020,0x000002dca7c2e050] = 48
 dependencies   [0x000002dca7c2e050,0x000002dca7c2e058] = 8

[Constant Pool (empty)]

[MachCode]
[Entry Point]
  # {method} {0x000002dcb735fb00} 'invoke' '(Ljava/lang/Object;[Ljava/lang/Object;)Ljava/lang/Object;' in 'jdk/internal/reflect/DelegatingMethodAccessorImpl'
  # this:     rdx:rdx   = 'jdk/internal/reflect/DelegatingMethodAccessorImpl'
  # parm0:    r8:r8     = 'java/lang/Object'
  # parm1:    r9:r9     = '[Ljava/lang/Object;'
  #           [sp+0x40]  (sp of caller)
  0x000002dca7c2df20: 448b 5208 | 49bb 0000 | 00b7 dc02 | 0000 4d03 | d34c 3bd0 

  0x000002dca7c2df34: ;   {runtime_call ic_miss_stub}
  0x000002dca7c2df34: 0f85 46eb | 58ff 660f | 1f44 0000 
[Verified Entry Point]
  0x000002dca7c2df40: 8984 2400 | 90ff ff55 | 4883 ec30 | 8b52 0c48 | c1e2 0366 | 9048 b8ff | ffff ffff 

  0x000002dca7c2df5c: ;   {virtual_call}
  0x000002dca7c2df5c: ffff ffe8 

  0x000002dca7c2df60: ; ImmutableOopMap {}
                      ;*invokevirtual invoke {reexecute=0 rethrow=0 return_oop=0}
                      ; - jdk.internal.reflect.DelegatingMethodAccessorImpl::invoke@6 (line 43)
  0x000002dca7c2df60: 5ce0 63ff | 4883 c430 

  0x000002dca7c2df68: ;   {poll_return}
  0x000002dca7c2df68: 5d49 3ba7 | 4803 0000 | 0f87 0100 

  0x000002dca7c2df74: ;   {internal_word}
  0x000002dca7c2df74: 0000 c349 | ba69 dfc2 | a7dc 0200 | 004d 8997 | 6003 0000 

  0x000002dca7c2df88: ;   {runtime_call SafepointBlob}
  0x000002dca7c2df88: e973 5459 | ff90 9049 | 8b87 d803 | 0000 49c7 | 87d8 0300 | 0000 0000 | 0049 c787 | e003 0000 
  0x000002dca7c2dfa8: 0000 0000 | 4883 c430 

  0x000002dca7c2dfb0: ;   {runtime_call unwind_exception Runtime1 stub}
  0x000002dca7c2dfb0: 5de9 4a68 | 63ff f4f4 | f4f4 f4f4 | f4f4 f4f4 
[Stub Code]
  0x000002dca7c2dfc0: ;   {no_reloc}
  0x000002dca7c2dfc0: 0f1f 4400 

  0x000002dca7c2dfc4: ;   {static_stub}
  0x000002dca7c2dfc4: 0048 bb00 | 0000 0000 

  0x000002dca7c2dfcc: ;   {runtime_call}
  0x000002dca7c2dfcc: 0000 00e9 | fbff ffff 
[Exception Handler]
  0x000002dca7c2dfd4: ;   {runtime_call handle_exception_from_callee Runtime1 stub}
  0x000002dca7c2dfd4: e827 9563 

  0x000002dca7c2dfd8: ;   {external_word}
  0x000002dca7c2dfd8: ff48 b9a0 | e083 d5fc | 7f00 0048 

  0x000002dca7c2dfe4: ;   {runtime_call}
  0x000002dca7c2dfe4: 83e4 f049 | bae0 da51 | d5fc 7f00 | 0041 ffd2 

  0x000002dca7c2dff4: ;   {section_word}
  0x000002dca7c2dff4: f449 baf5 | dfc2 a7dc | 0200 0041 

  0x000002dca7c2e000: ;   {runtime_call DeoptimizationBlob}
  0x000002dca7c2e000: 52e9 9a46 | 59ff f4f4 
[/MachCode]


---------------  P R O C E S S  ---------------

Threads class SMR info:
_java_thread_list=0x000002dcfe4a1610, length=30, elements={
0x000002dcb5eebc10, 0x000002dcb5eec5d0, 0x000002dcb5f0b660, 0x000002dcb5f0c020,
0x000002dcb5f0c9e0, 0x000002dcb5f0d3a0, 0x000002dcb5f0ee20, 0x000002dcb5f10830,
0x000002dcb6c885a0, 0x000002dcb6c99920, 0x000002dcfd1472b0, 0x000002dcfd155fa0,
0x000002dcfd18f1e0, 0x000002dcfd2cb030, 0x000002dcfd209440, 0x000002dcfe2379b0,
0x000002dcfe236f90, 0x000002dcfe2383d0, 0x000002dcfe2388e0, 0x000002dcfe238df0,
0x000002dcfe2374a0, 0x000002dcfe239300, 0x000002dcfe239810, 0x000002dcfe236060,
0x000002dcfe236570, 0x000002dcfe236a80, 0x000002dcb6b8a4c0, 0x000002dcb6b8d250,
0x000002dcfe1b8a30, 0x000002dcb5f4c3d0
}

Java Threads: ( => current thread )
  0x000002dcb5eebc10 JavaThread "Reference Handler" daemon [_thread_blocked, id=23728, stack(0x000000f281300000,0x000000f281400000)]
  0x000002dcb5eec5d0 JavaThread "Finalizer" daemon [_thread_blocked, id=27040, stack(0x000000f281400000,0x000000f281500000)]
  0x000002dcb5f0b660 JavaThread "Signal Dispatcher" daemon [_thread_blocked, id=29672, stack(0x000000f281500000,0x000000f281600000)]
  0x000002dcb5f0c020 JavaThread "Attach Listener" daemon [_thread_blocked, id=6304, stack(0x000000f281600000,0x000000f281700000)]
  0x000002dcb5f0c9e0 JavaThread "Service Thread" daemon [_thread_blocked, id=26240, stack(0x000000f281700000,0x000000f281800000)]
  0x000002dcb5f0d3a0 JavaThread "Monitor Deflation Thread" daemon [_thread_blocked, id=20412, stack(0x000000f281800000,0x000000f281900000)]
  0x000002dcb5f0ee20 JavaThread "C1 CompilerThread0" daemon [_thread_blocked, id=23132, stack(0x000000f281900000,0x000000f281a00000)]
  0x000002dcb5f10830 JavaThread "Sweeper thread" daemon [_thread_blocked, id=6316, stack(0x000000f281a00000,0x000000f281b00000)]
  0x000002dcb6c885a0 JavaThread "Notification Thread" daemon [_thread_blocked, id=26964, stack(0x000000f281c00000,0x000000f281d00000)]
  0x000002dcb6c99920 JavaThread "Common-Cleaner" daemon [_thread_blocked, id=8764, stack(0x000000f281e00000,0x000000f281f00000)]
  0x000002dcfd1472b0 JavaThread "Catalina-utility-1" [_thread_blocked, id=4376, stack(0x000000f283300000,0x000000f283400000)]
  0x000002dcfd155fa0 JavaThread "Catalina-utility-2" [_thread_blocked, id=5544, stack(0x000000f283400000,0x000000f283500000)]
  0x000002dcfd18f1e0 JavaThread "container-0" [_thread_blocked, id=18164, stack(0x000000f283500000,0x000000f283600000)]
  0x000002dcfd2cb030 JavaThread "HikariPool-1 housekeeper" daemon [_thread_blocked, id=2120, stack(0x000000f283600000,0x000000f283700000)]
  0x000002dcfd209440 JavaThread "java-sdk-http-connection-reaper" daemon [_thread_blocked, id=29312, stack(0x000000f283800000,0x000000f283900000)]
  0x000002dcfe2379b0 JavaThread "http-nio-8080-exec-1" daemon [_thread_blocked, id=6408, stack(0x000000f283900000,0x000000f283a00000)]
  0x000002dcfe236f90 JavaThread "http-nio-8080-exec-2" daemon [_thread_blocked, id=9872, stack(0x000000f283a00000,0x000000f283b00000)]
  0x000002dcfe2383d0 JavaThread "http-nio-8080-exec-3" daemon [_thread_blocked, id=4688, stack(0x000000f283b00000,0x000000f283c00000)]
  0x000002dcfe2388e0 JavaThread "http-nio-8080-exec-4" daemon [_thread_blocked, id=19476, stack(0x000000f283c00000,0x000000f283d00000)]
  0x000002dcfe238df0 JavaThread "http-nio-8080-exec-5" daemon [_thread_blocked, id=14436, stack(0x000000f283d00000,0x000000f283e00000)]
=>0x000002dcfe2374a0 JavaThread "http-nio-8080-exec-6" daemon [_thread_in_native, id=25516, stack(0x000000f283e00000,0x000000f283f00000)]
  0x000002dcfe239300 JavaThread "http-nio-8080-exec-7" daemon [_thread_blocked, id=4756, stack(0x000000f283f00000,0x000000f284000000)]
  0x000002dcfe239810 JavaThread "http-nio-8080-exec-8" daemon [_thread_blocked, id=6308, stack(0x000000f284000000,0x000000f284100000)]
  0x000002dcfe236060 JavaThread "http-nio-8080-exec-9" daemon [_thread_blocked, id=23432, stack(0x000000f284100000,0x000000f284200000)]
  0x000002dcfe236570 JavaThread "http-nio-8080-exec-10" daemon [_thread_blocked, id=14116, stack(0x000000f284200000,0x000000f284300000)]
  0x000002dcfe236a80 JavaThread "http-nio-8080-Poller" daemon [_thread_in_native, id=14504, stack(0x000000f284300000,0x000000f284400000)]
  0x000002dcb6b8a4c0 JavaThread "http-nio-8080-Acceptor" daemon [_thread_in_native, id=4304, stack(0x000000f284400000,0x000000f284500000)]
  0x000002dcb6b8d250 JavaThread "DestroyJavaVM" [_thread_blocked, id=27032, stack(0x000000f280c00000,0x000000f280d00000)]
  0x000002dcfe1b8a30 JavaThread "C1 CompilerThread1" daemon [_thread_blocked, id=26528, stack(0x000000f281b00000,0x000000f281c00000)]
  0x000002dcb5f4c3d0 JavaThread "C1 CompilerThread2" daemon [_thread_blocked, id=25024, stack(0x000000f281f00000,0x000000f282000000)]

Other Threads:
  0x000002dcb5ee8270 VMThread "VM Thread" [stack: 0x000000f281200000,0x000000f281300000] [id=13120]
  0x000002dcb6c96ab0 WatcherThread [stack: 0x000000f281d00000,0x000000f281e00000] [id=25328]
  0x000002dc9f93f6e0 GCTaskThread "GC Thread#0" [stack: 0x000000f280d00000,0x000000f280e00000] [id=18192]
  0x000002dcfc5355d0 GCTaskThread "GC Thread#1" [stack: 0x000000f282100000,0x000000f282200000] [id=20328]
  0x000002dcfc535890 GCTaskThread "GC Thread#2" [stack: 0x000000f282200000,0x000000f282300000] [id=29220]
  0x000002dcfc535b50 GCTaskThread "GC Thread#3" [stack: 0x000000f282300000,0x000000f282400000] [id=28492]
  0x000002dcfc535e10 GCTaskThread "GC Thread#4" [stack: 0x000000f282400000,0x000000f282500000] [id=19900]
  0x000002dcfc6dbc20 GCTaskThread "GC Thread#5" [stack: 0x000000f282600000,0x000000f282700000] [id=9228]
  0x000002dcfc748450 GCTaskThread "GC Thread#6" [stack: 0x000000f282700000,0x000000f282800000] [id=17248]
  0x000002dcfcd09cc0 GCTaskThread "GC Thread#7" [stack: 0x000000f282500000,0x000000f282600000] [id=3936]
  0x000002dcfcd09f80 GCTaskThread "GC Thread#8" [stack: 0x000000f282c00000,0x000000f282d00000] [id=12480]
  0x000002dcfcd0a240 GCTaskThread "GC Thread#9" [stack: 0x000000f282d00000,0x000000f282e00000] [id=2404]
  0x000002dcfcd0a920 GCTaskThread "GC Thread#10" [stack: 0x000000f282e00000,0x000000f282f00000] [id=7304]
  0x000002dcfcd0adf0 GCTaskThread "GC Thread#11" [stack: 0x000000f282f00000,0x000000f283000000] [id=11464]
  0x000002dcfcd0b0b0 GCTaskThread "GC Thread#12" [stack: 0x000000f283000000,0x000000f283100000] [id=5208]
  0x000002dc9f951c00 ConcurrentGCThread "G1 Main Marker" [stack: 0x000000f280e00000,0x000000f280f00000] [id=19804]
  0x000002dc9f9541f0 ConcurrentGCThread "G1 Conc#0" [stack: 0x000000f280f00000,0x000000f281000000] [id=3660]
  0x000002dcfceb63c0 ConcurrentGCThread "G1 Conc#1" [stack: 0x000000f283100000,0x000000f283200000] [id=29104]
  0x000002dcfceb5340 ConcurrentGCThread "G1 Conc#2" [stack: 0x000000f283200000,0x000000f283300000] [id=11812]
  0x000002dc9f988ce0 ConcurrentGCThread "G1 Refine#0" [stack: 0x000000f281000000,0x000000f281100000] [id=29096]
  0x000002dcb5e174f0 ConcurrentGCThread "G1 Service" [stack: 0x000000f281100000,0x000000f281200000] [id=9608]

Threads with active compile tasks:

VM state: not at safepoint (normal execution)

VM Mutex/Monitor currently owned by a thread: None

Heap address: 0x0000000709400000, size: 3948 MB, Compressed Oops mode: Zero based, Oop shift amount: 3

CDS archive(s) mapped at: [0x000002dcb7000000-0x000002dcb7bd0000-0x000002dcb7bd0000), size 12386304, SharedBaseAddress: 0x000002dcb7000000, ArchiveRelocationMode: 1.
Compressed class space mapped at: 0x000002dcb8000000-0x000002dcf8000000, reserved size: 1073741824
Narrow klass base: 0x000002dcb7000000, Narrow klass shift: 0, Narrow klass range: 0x100000000

GC Precious Log:
 CPUs: 16 total, 16 available
 Memory: 15789M
 Large Page Support: Disabled
 NUMA Support: Disabled
 Compressed Oops: Enabled (Zero based)
 Heap Region Size: 2M
 Heap Min Capacity: 8M
 Heap Initial Capacity: 248M
 Heap Max Capacity: 3948M
 Pre-touch: Disabled
 Parallel Workers: 13
 Concurrent Workers: 3
 Concurrent Refinement Workers: 13
 Periodic GC: Disabled

Heap:
 garbage-first heap   total 116736K, used 46216K [0x0000000709400000, 0x0000000800000000)
  region size 2048K, 9 young (18432K), 1 survivors (2048K)
 Metaspace       used 65065K, committed 65600K, reserved 1114112K
  class space    used 8948K, committed 9216K, reserved 1048576K

Heap Regions: E=young(eden), S=young(survivor), O=old, HS=humongous(starts), HC=humongous(continues), CS=collection set, F=free, OA=open archive, CA=closed archive, TAMS=top-at-mark-start (previous, next)
|   0|0x0000000709400000, 0x0000000709600000, 0x0000000709600000|100%| O|  |TAMS 0x0000000709600000, 0x0000000709400000| Untracked 
|   1|0x0000000709600000, 0x0000000709800000, 0x0000000709800000|100%| O|  |TAMS 0x0000000709800000, 0x0000000709600000| Untracked 
|   2|0x0000000709800000, 0x0000000709a00000, 0x0000000709a00000|100%| O|  |TAMS 0x0000000709a00000, 0x0000000709800000| Untracked 
|   3|0x0000000709a00000, 0x0000000709c00000, 0x0000000709c00000|100%| O|  |TAMS 0x0000000709c00000, 0x0000000709a00000| Untracked 
|   4|0x0000000709c00000, 0x0000000709e00000, 0x0000000709e00000|100%| O|  |TAMS 0x0000000709e00000, 0x0000000709c00000| Untracked 
|   5|0x0000000709e00000, 0x000000070a000000, 0x000000070a000000|100%| O|  |TAMS 0x000000070a000000, 0x0000000709e00000| Untracked 
|   6|0x000000070a000000, 0x000000070a200000, 0x000000070a200000|100%| O|  |TAMS 0x000000070a200000, 0x000000070a000000| Untracked 
|   7|0x000000070a200000, 0x000000070a400000, 0x000000070a400000|100%| O|  |TAMS 0x000000070a400000, 0x000000070a200000| Untracked 
|   8|0x000000070a400000, 0x000000070a600000, 0x000000070a600000|100%| O|  |TAMS 0x000000070a400000, 0x000000070a400000| Untracked 
|   9|0x000000070a600000, 0x000000070a800000, 0x000000070a800000|100%| O|  |TAMS 0x000000070a792600, 0x000000070a600000| Untracked 
|  10|0x000000070a800000, 0x000000070aa00000, 0x000000070aa00000|100%| O|  |TAMS 0x000000070a800000, 0x000000070a800000| Untracked 
|  11|0x000000070aa00000, 0x000000070ac00000, 0x000000070ac00000|100%| O|  |TAMS 0x000000070aa00000, 0x000000070aa00000| Untracked 
|  12|0x000000070ac00000, 0x000000070ae00000, 0x000000070ae00000|100%| O|  |TAMS 0x000000070ae00000, 0x000000070ac00000| Untracked 
|  13|0x000000070ae00000, 0x000000070b000000, 0x000000070b000000|100%| O|  |TAMS 0x000000070ae00000, 0x000000070ae00000| Untracked 
|  14|0x000000070b000000, 0x000000070b1a1c00, 0x000000070b200000| 81%| O|  |TAMS 0x000000070b000000, 0x000000070b000000| Untracked 
|  15|0x000000070b200000, 0x000000070b200000, 0x000000070b400000|  0%| F|  |TAMS 0x000000070b200000, 0x000000070b200000| Untracked 
|  16|0x000000070b400000, 0x000000070b400000, 0x000000070b600000|  0%| F|  |TAMS 0x000000070b400000, 0x000000070b400000| Untracked 
|  17|0x000000070b600000, 0x000000070b600000, 0x000000070b800000|  0%| F|  |TAMS 0x000000070b600000, 0x000000070b600000| Untracked 
|  18|0x000000070b800000, 0x000000070b800000, 0x000000070ba00000|  0%| F|  |TAMS 0x000000070b800000, 0x000000070b800000| Untracked 
|  19|0x000000070ba00000, 0x000000070ba00000, 0x000000070bc00000|  0%| F|  |TAMS 0x000000070ba00000, 0x000000070ba00000| Untracked 
|  20|0x000000070bc00000, 0x000000070bc00000, 0x000000070be00000|  0%| F|  |TAMS 0x000000070bc00000, 0x000000070bc00000| Untracked 
|  21|0x000000070be00000, 0x000000070be00000, 0x000000070c000000|  0%| F|  |TAMS 0x000000070be00000, 0x000000070be00000| Untracked 
|  22|0x000000070c000000, 0x000000070c000000, 0x000000070c200000|  0%| F|  |TAMS 0x000000070c000000, 0x000000070c000000| Untracked 
|  23|0x000000070c200000, 0x000000070c200000, 0x000000070c400000|  0%| F|  |TAMS 0x000000070c200000, 0x000000070c200000| Untracked 
|  24|0x000000070c400000, 0x000000070c400000, 0x000000070c600000|  0%| F|  |TAMS 0x000000070c400000, 0x000000070c400000| Untracked 
|  25|0x000000070c600000, 0x000000070c600000, 0x000000070c800000|  0%| F|  |TAMS 0x000000070c600000, 0x000000070c600000| Untracked 
|  26|0x000000070c800000, 0x000000070c800000, 0x000000070ca00000|  0%| F|  |TAMS 0x000000070c800000, 0x000000070c800000| Untracked 
|  27|0x000000070ca00000, 0x000000070ca00000, 0x000000070cc00000|  0%| F|  |TAMS 0x000000070ca00000, 0x000000070ca00000| Untracked 
|  28|0x000000070cc00000, 0x000000070cc00000, 0x000000070ce00000|  0%| F|  |TAMS 0x000000070cc00000, 0x000000070cc00000| Untracked 
|  29|0x000000070ce00000, 0x000000070ce00000, 0x000000070d000000|  0%| F|  |TAMS 0x000000070ce00000, 0x000000070ce00000| Untracked 
|  30|0x000000070d000000, 0x000000070d000000, 0x000000070d200000|  0%| F|  |TAMS 0x000000070d000000, 0x000000070d000000| Untracked 
|  31|0x000000070d200000, 0x000000070d200000, 0x000000070d400000|  0%| F|  |TAMS 0x000000070d200000, 0x000000070d200000| Untracked 
|  32|0x000000070d400000, 0x000000070d400000, 0x000000070d600000|  0%| F|  |TAMS 0x000000070d400000, 0x000000070d400000| Untracked 
|  33|0x000000070d600000, 0x000000070d600000, 0x000000070d800000|  0%| F|  |TAMS 0x000000070d600000, 0x000000070d600000| Untracked 
|  34|0x000000070d800000, 0x000000070d800000, 0x000000070da00000|  0%| F|  |TAMS 0x000000070d800000, 0x000000070d800000| Untracked 
|  35|0x000000070da00000, 0x000000070da00000, 0x000000070dc00000|  0%| F|  |TAMS 0x000000070da00000, 0x000000070da00000| Untracked 
|  36|0x000000070dc00000, 0x000000070dc00000, 0x000000070de00000|  0%| F|  |TAMS 0x000000070dc00000, 0x000000070dc00000| Untracked 
|  37|0x000000070de00000, 0x000000070de00000, 0x000000070e000000|  0%| F|  |TAMS 0x000000070de00000, 0x000000070de00000| Untracked 
|  38|0x000000070e000000, 0x000000070e000000, 0x000000070e200000|  0%| F|  |TAMS 0x000000070e000000, 0x000000070e000000| Untracked 
|  39|0x000000070e200000, 0x000000070e200000, 0x000000070e400000|  0%| F|  |TAMS 0x000000070e200000, 0x000000070e200000| Untracked 
|  40|0x000000070e400000, 0x000000070e400000, 0x000000070e600000|  0%| F|  |TAMS 0x000000070e400000, 0x000000070e400000| Untracked 
|  41|0x000000070e600000, 0x000000070e600000, 0x000000070e800000|  0%| F|  |TAMS 0x000000070e600000, 0x000000070e600000| Untracked 
|  42|0x000000070e800000, 0x000000070e800000, 0x000000070ea00000|  0%| F|  |TAMS 0x000000070e800000, 0x000000070e800000| Untracked 
|  43|0x000000070ea00000, 0x000000070ea00000, 0x000000070ec00000|  0%| F|  |TAMS 0x000000070ea00000, 0x000000070ea00000| Untracked 
|  44|0x000000070ec00000, 0x000000070ec00000, 0x000000070ee00000|  0%| F|  |TAMS 0x000000070ec00000, 0x000000070ec00000| Untracked 
|  45|0x000000070ee00000, 0x000000070ee00000, 0x000000070f000000|  0%| F|  |TAMS 0x000000070ee00000, 0x000000070ee00000| Untracked 
|  46|0x000000070f000000, 0x000000070f000000, 0x000000070f200000|  0%| F|  |TAMS 0x000000070f000000, 0x000000070f000000| Untracked 
|  47|0x000000070f200000, 0x000000070f200000, 0x000000070f400000|  0%| F|  |TAMS 0x000000070f200000, 0x000000070f200000| Untracked 
|  48|0x000000070f400000, 0x000000070f473808, 0x000000070f600000| 22%| E|  |TAMS 0x000000070f400000, 0x000000070f400000| Complete 
|  49|0x000000070f600000, 0x000000070f800000, 0x000000070f800000|100%| E|CS|TAMS 0x000000070f600000, 0x000000070f600000| Complete 
|  50|0x000000070f800000, 0x000000070fa00000, 0x000000070fa00000|100%| E|CS|TAMS 0x000000070f800000, 0x000000070f800000| Complete 
|  51|0x000000070fa00000, 0x000000070fc00000, 0x000000070fc00000|100%| E|CS|TAMS 0x000000070fa00000, 0x000000070fa00000| Complete 
|  52|0x000000070fc00000, 0x000000070fe00000, 0x000000070fe00000|100%| E|CS|TAMS 0x000000070fc00000, 0x000000070fc00000| Complete 
|  53|0x000000070fe00000, 0x0000000710000000, 0x0000000710000000|100%| E|CS|TAMS 0x000000070fe00000, 0x000000070fe00000| Complete 
|  54|0x0000000710000000, 0x0000000710200000, 0x0000000710200000|100%| E|CS|TAMS 0x0000000710000000, 0x0000000710000000| Complete 
| 108|0x0000000716c00000, 0x0000000716d80640, 0x0000000716e00000| 75%| S|CS|TAMS 0x0000000716c00000, 0x0000000716c00000| Complete 
| 123|0x0000000718a00000, 0x0000000718c00000, 0x0000000718c00000|100%| E|CS|TAMS 0x0000000718a00000, 0x0000000718a00000| Complete 

Card table byte_map: [0x000002dcaaf90000,0x000002dcab750000] _byte_map_base: 0x000002dca7746000

Marking Bits (Prev, Next): (CMBitMap*) 0x000002dc9f941c50, (CMBitMap*) 0x000002dc9f941c10
 Prev Bits: [0x000002dcafcc0000, 0x000002dcb3a70000)
 Next Bits: [0x000002dcabf10000, 0x000002dcafcc0000)

Polling page: 0x000002dc9d870000

Metaspace:

Usage:
  Non-class:     54.80 MB used.
      Class:      8.74 MB used.
       Both:     63.54 MB used.

Virtual space:
  Non-class space:       64.00 MB reserved,      55.06 MB ( 86%) committed,  1 nodes.
      Class space:        1.00 GB reserved,       9.00 MB ( <1%) committed,  1 nodes.
             Both:        1.06 GB reserved,      64.06 MB (  6%) committed. 

Chunk freelists:
   Non-Class:  8.01 MB
       Class:  7.03 MB
        Both:  15.04 MB

MaxMetaspaceSize: unlimited
CompressedClassSpaceSize: 1.00 GB
Initial GC threshold: 21.00 MB
Current GC threshold: 98.06 MB
CDS: on
MetaspaceReclaimPolicy: balanced
 - commit_granule_bytes: 65536.
 - commit_granule_words: 8192.
 - virtual_space_node_default_size: 8388608.
 - enlarge_chunks_in_place: 1.
 - new_chunks_are_fully_committed: 0.
 - uncommit_free_chunks: 1.
 - use_allocation_guard: 0.
 - handle_deallocations: 1.


Internal statistics:

num_allocs_failed_limit: 9.
num_arena_births: 782.
num_arena_deaths: 0.
num_vsnodes_births: 2.
num_vsnodes_deaths: 0.
num_space_committed: 1025.
num_space_uncommitted: 0.
num_chunks_returned_to_freelist: 9.
num_chunks_taken_from_freelist: 3026.
num_chunk_merges: 9.
num_chunk_splits: 2195.
num_chunks_enlarged: 1724.
num_inconsistent_stats: 0.

CodeCache: size=49152Kb used=11173Kb max_used=13169Kb free=37978Kb
 bounds [0x000002dca7170000, 0x000002dca7e50000, 0x000002dcaa170000]
 total_blobs=6176 nmethods=5405 adapters=696
 compilation: enabled
              stopped_count=0, restarted_count=0
 full_count=0

Compilation events (20 events):
Event: 17.269 Thread 0x000002dcb5f4c3d0 5396       1       sun.security.provider.MD5::II (31 bytes)
Event: 17.269 Thread 0x000002dcfe1b8a30 nmethod 5394 0x000002dca72ce990 code [0x000002dca72ceb20, 0x000002dca72cebf8]
Event: 17.269 Thread 0x000002dcb5f0ee20 nmethod 5395 0x000002dca72ce690 code [0x000002dca72ce820, 0x000002dca72ce8f8]
Event: 17.269 Thread 0x000002dcb5f4c3d0 nmethod 5396 0x000002dca72ce390 code [0x000002dca72ce520, 0x000002dca72ce5f8]
Event: 17.270 Thread 0x000002dcb5f0ee20 5397       1       sun.security.provider.MD5::implCompress (13 bytes)
Event: 17.270 Thread 0x000002dcb5f4c3d0 5398       1       sun.security.provider.MD5::implCompressCheck (27 bytes)
Event: 17.270 Thread 0x000002dcfe1b8a30 5399       1       sun.security.provider.MD5::implCompress0 (1407 bytes)
Event: 17.270 Thread 0x000002dcb5f0ee20 nmethod 5397 0x000002dca72cde10 code [0x000002dca72cdfc0, 0x000002dca72ce208]
Event: 17.270 Thread 0x000002dcb5f4c3d0 nmethod 5398 0x000002dca72cd910 code [0x000002dca72cdac0, 0x000002dca72cdcd8]
Event: 17.270 Thread 0x000002dcb5f0ee20 5400       1       java.nio.ByteBuffer::clear (7 bytes)
Event: 17.270 Thread 0x000002dcb5f4c3d0 5401       1       java.nio.Buffer::clear (20 bytes)
Event: 17.270 Thread 0x000002dcb5f0ee20 nmethod 5400 0x000002dca72cd610 code [0x000002dca72cd7a0, 0x000002dca72cd878]
Event: 17.270 Thread 0x000002dcb5f4c3d0 nmethod 5401 0x000002dca72cd310 code [0x000002dca72cd4a0, 0x000002dca72cd578]
Event: 17.272 Thread 0x000002dcb5f4c3d0 5402 %     1       com.sun.crypto.provider.CounterMode::implCrypt @ 3 (88 bytes)
Event: 17.272 Thread 0x000002dcb5f4c3d0 nmethod 5402% 0x000002dca72ccb10 code [0x000002dca72cccc0, 0x000002dca72cd088]
Event: 17.273 Thread 0x000002dcb5f4c3d0 5403       1       com.sun.crypto.provider.CounterMode::implCrypt (88 bytes)
Event: 17.273 Thread 0x000002dcfe1b8a30 nmethod 5399 0x000002dca72caa10 code [0x000002dca72caca0, 0x000002dca72cc018]
Event: 17.273 Thread 0x000002dcb5f4c3d0 nmethod 5403 0x000002dca72ca390 code [0x000002dca72ca540, 0x000002dca72ca808]
Event: 17.274 Thread 0x000002dcfe1b8a30 5404       1       sun.nio.cs.DoubleByte$Encoder::encodeChar (21 bytes)
Event: 17.274 Thread 0x000002dcfe1b8a30 nmethod 5404 0x000002dca72c9f90 code [0x000002dca72ca120, 0x000002dca72ca258]

GC Heap History (20 events):
Event: 1.502 GC heap before
{Heap before GC invocations=2 (full 0):
 garbage-first heap   total 253952K, used 66902K [0x0000000709400000, 0x0000000800000000)
  region size 2048K, 29 young (59392K), 1 survivors (2048K)
 Metaspace       used 17638K, committed 17920K, reserved 1114112K
  class space    used 2376K, committed 2496K, reserved 1048576K
}
Event: 1.507 GC heap after
{Heap after GC invocations=3 (full 0):
 garbage-first heap   total 253952K, used 14353K [0x0000000709400000, 0x0000000800000000)
  region size 2048K, 4 young (8192K), 4 survivors (8192K)
 Metaspace       used 17638K, committed 17920K, reserved 1114112K
  class space    used 2376K, committed 2496K, reserved 1048576K
}
Event: 1.925 GC heap before
{Heap before GC invocations=3 (full 0):
 garbage-first heap   total 253952K, used 38929K [0x0000000709400000, 0x0000000800000000)
  region size 2048K, 17 young (34816K), 4 survivors (8192K)
 Metaspace       used 21152K, committed 21504K, reserved 1114112K
  class space    used 2863K, committed 3072K, reserved 1048576K
}
Event: 1.929 GC heap after
{Heap after GC invocations=4 (full 0):
 garbage-first heap   total 253952K, used 15740K [0x0000000709400000, 0x0000000800000000)
  region size 2048K, 4 young (8192K), 4 survivors (8192K)
 Metaspace       used 21152K, committed 21504K, reserved 1114112K
  class space    used 2863K, committed 3072K, reserved 1048576K
}
Event: 2.451 GC heap before
{Heap before GC invocations=5 (full 0):
 garbage-first heap   total 61440K, used 42364K [0x0000000709400000, 0x0000000800000000)
  region size 2048K, 18 young (36864K), 4 survivors (8192K)
 Metaspace       used 25722K, committed 26112K, reserved 1114112K
  class space    used 3511K, committed 3712K, reserved 1048576K
}
Event: 2.458 GC heap after
{Heap after GC invocations=6 (full 0):
 garbage-first heap   total 61440K, used 18123K [0x0000000709400000, 0x0000000800000000)
  region size 2048K, 3 young (6144K), 3 survivors (6144K)
 Metaspace       used 25722K, committed 26112K, reserved 1114112K
  class space    used 3511K, committed 3712K, reserved 1048576K
}
Event: 2.496 GC heap before
{Heap before GC invocations=6 (full 0):
 garbage-first heap   total 61440K, used 20171K [0x0000000709400000, 0x0000000800000000)
  region size 2048K, 4 young (8192K), 3 survivors (6144K)
 Metaspace       used 26078K, committed 26496K, reserved 1114112K
  class space    used 3563K, committed 3776K, reserved 1048576K
}
Event: 2.503 GC heap after
{Heap after GC invocations=7 (full 0):
 garbage-first heap   total 61440K, used 18879K [0x0000000709400000, 0x0000000800000000)
  region size 2048K, 1 young (2048K), 1 survivors (2048K)
 Metaspace       used 26078K, committed 26496K, reserved 1114112K
  class space    used 3563K, committed 3776K, reserved 1048576K
}
Event: 2.860 GC heap before
{Heap before GC invocations=7 (full 0):
 garbage-first heap   total 61440K, used 41407K [0x0000000709400000, 0x0000000800000000)
  region size 2048K, 12 young (24576K), 1 survivors (2048K)
 Metaspace       used 30801K, committed 31232K, reserved 1114112K
  class space    used 4149K, committed 4352K, reserved 1048576K
}
Event: 2.863 GC heap after
{Heap after GC invocations=8 (full 0):
 garbage-first heap   total 61440K, used 19722K [0x0000000709400000, 0x0000000800000000)
  region size 2048K, 1 young (2048K), 1 survivors (2048K)
 Metaspace       used 30801K, committed 31232K, reserved 1114112K
  class space    used 4149K, committed 4352K, reserved 1048576K
}
Event: 3.178 GC heap before
{Heap before GC invocations=8 (full 0):
 garbage-first heap   total 61440K, used 36106K [0x0000000709400000, 0x0000000800000000)
  region size 2048K, 11 young (22528K), 1 survivors (2048K)
 Metaspace       used 35494K, committed 35968K, reserved 1114112K
  class space    used 4798K, committed 5056K, reserved 1048576K
}
Event: 3.181 GC heap after
{Heap after GC invocations=9 (full 0):
 garbage-first heap   total 61440K, used 20538K [0x0000000709400000, 0x0000000800000000)
  region size 2048K, 2 young (4096K), 2 survivors (4096K)
 Metaspace       used 35494K, committed 35968K, reserved 1114112K
  class space    used 4798K, committed 5056K, reserved 1048576K
}
Event: 3.500 GC heap before
{Heap before GC invocations=10 (full 0):
 garbage-first heap   total 61440K, used 43066K [0x0000000709400000, 0x0000000800000000)
  region size 2048K, 13 young (26624K), 2 survivors (4096K)
 Metaspace       used 39729K, committed 40192K, reserved 1114112K
  class space    used 5531K, committed 5760K, reserved 1048576K
}
Event: 3.503 GC heap after
{Heap after GC invocations=11 (full 0):
 garbage-first heap   total 157696K, used 21623K [0x0000000709400000, 0x0000000800000000)
  region size 2048K, 1 young (2048K), 1 survivors (2048K)
 Metaspace       used 39729K, committed 40192K, reserved 1114112K
  class space    used 5531K, committed 5760K, reserved 1048576K
}
Event: 3.558 GC heap before
{Heap before GC invocations=11 (full 0):
 garbage-first heap   total 157696K, used 23671K [0x0000000709400000, 0x0000000800000000)
  region size 2048K, 3 young (6144K), 1 survivors (2048K)
 Metaspace       used 40435K, committed 40960K, reserved 1114112K
  class space    used 5635K, committed 5888K, reserved 1048576K
}
Event: 3.560 GC heap after
{Heap after GC invocations=12 (full 0):
 garbage-first heap   total 157696K, used 21391K [0x0000000709400000, 0x0000000800000000)
  region size 2048K, 1 young (2048K), 1 survivors (2048K)
 Metaspace       used 40435K, committed 40960K, reserved 1114112K
  class space    used 5635K, committed 5888K, reserved 1048576K
}
Event: 12.496 GC heap before
{Heap before GC invocations=12 (full 0):
 garbage-first heap   total 157696K, used 113551K [0x0000000709400000, 0x0000000800000000)
  region size 2048K, 46 young (94208K), 1 survivors (2048K)
 Metaspace       used 59034K, committed 59520K, reserved 1114112K
  class space    used 8142K, committed 8384K, reserved 1048576K
}
Event: 12.504 GC heap after
{Heap after GC invocations=13 (full 0):
 garbage-first heap   total 157696K, used 30454K [0x0000000709400000, 0x0000000800000000)
  region size 2048K, 6 young (12288K), 6 survivors (12288K)
 Metaspace       used 59034K, committed 59520K, reserved 1114112K
  class space    used 8142K, committed 8384K, reserved 1048576K
}
Event: 13.657 GC heap before
{Heap before GC invocations=13 (full 0):
 garbage-first heap   total 157696K, used 34550K [0x0000000709400000, 0x0000000800000000)
  region size 2048K, 9 young (18432K), 6 survivors (12288K)
 Metaspace       used 59652K, committed 60160K, reserved 1114112K
  class space    used 8215K, committed 8448K, reserved 1048576K
}
Event: 13.661 GC heap after
{Heap after GC invocations=14 (full 0):
 garbage-first heap   total 157696K, used 31880K [0x0000000709400000, 0x0000000800000000)
  region size 2048K, 1 young (2048K), 1 survivors (2048K)
 Metaspace       used 59652K, committed 60160K, reserved 1114112K
  class space    used 8215K, committed 8448K, reserved 1048576K
}

Deoptimization events (6 events):
Event: 2.882 Thread 0x000002dc9d70e000 DEOPT PACKING pc=0x000002dca792c709 sp=0x000000f280cfcfd0
Event: 2.882 Thread 0x000002dc9d70e000 DEOPT UNPACKING pc=0x000002dca71c2b43 sp=0x000000f280cfc460 mode 3
Event: 2.882 Thread 0x000002dcfd2cb030 DEOPT PACKING pc=0x000002dca7926b1f sp=0x000000f2836ff000
Event: 2.882 Thread 0x000002dcfd2cb030 DEOPT UNPACKING pc=0x000002dca71c2b43 sp=0x000000f2836fe458 mode 3
Event: 4.249 Thread 0x000002dc9d70e000 DEOPT PACKING pc=0x000002dca79720d2 sp=0x000000f280cfa6e0
Event: 4.249 Thread 0x000002dc9d70e000 DEOPT UNPACKING pc=0x000002dca71c2b43 sp=0x000000f280cf9be8 mode 3

Classes unloaded (0 events):
No events

Classes redefined (0 events):
No events

Internal exceptions (20 events):
Event: 4.653 Thread 0x000002dc9d70e000 Exception <a 'sun/nio/fs/WindowsException'{0x000000070fdc49b8}> (0x000000070fdc49b8) 
thrown [s\open\src\hotspot\share\prims\jni.cpp, line 516]
Event: 4.659 Thread 0x000002dc9d70e000 Exception <a 'sun/nio/fs/WindowsException'{0x000000070fdc77f8}> (0x000000070fdc77f8) 
thrown [s\open\src\hotspot\share\prims\jni.cpp, line 516]
Event: 4.664 Thread 0x000002dc9d70e000 Exception <a 'sun/nio/fs/WindowsException'{0x000000070fdca618}> (0x000000070fdca618) 
thrown [s\open\src\hotspot\share\prims\jni.cpp, line 516]
Event: 4.669 Thread 0x000002dc9d70e000 Exception <a 'sun/nio/fs/WindowsException'{0x000000070fdcd448}> (0x000000070fdcd448) 
thrown [s\open\src\hotspot\share\prims\jni.cpp, line 516]
Event: 4.719 Thread 0x000002dc9d70e000 Exception <a 'sun/nio/fs/WindowsException'{0x000000070fdd0280}> (0x000000070fdd0280) 
thrown [s\open\src\hotspot\share\prims\jni.cpp, line 516]
Event: 4.829 Thread 0x000002dc9d70e000 Exception <a 'sun/nio/fs/WindowsException'{0x000000070fdd30b0}> (0x000000070fdd30b0) 
thrown [s\open\src\hotspot\share\prims\jni.cpp, line 516]
Event: 5.092 Thread 0x000002dc9d70e000 Exception <a 'sun/nio/fs/WindowsException'{0x000000070ec85038}> (0x000000070ec85038) 
thrown [s\open\src\hotspot\share\prims\jni.cpp, line 516]
Event: 5.136 Thread 0x000002dc9d70e000 Exception <a 'java/lang/IncompatibleClassChangeError'{0x000000070eb59910}: Found class java.lang.Object, but interface was expected> (0x000000070eb59910) 
thrown [s\open\src\hotspot\share\interpreter\linkResolver.cpp, line 826]
Event: 5.171 Thread 0x000002dc9d70e000 Exception <a 'java/lang/NoSuchMethodError'{0x000000070e954f00}: 'void java.lang.invoke.DirectMethodHandle$Holder.invokeVirtual(java.lang.Object, java.lang.Object, long)'> (0x000000070e954f00) 
thrown [s\open\src\hotspot\share\interpreter\linkResolver.cpp, line 759]
Event: 5.255 Thread 0x000002dc9d70e000 Exception <a 'java/lang/IncompatibleClassChangeError'{0x000000070e5adcf8}: Found class java.lang.Object, but interface was expected> (0x000000070e5adcf8) 
thrown [s\open\src\hotspot\share\interpreter\linkResolver.cpp, line 826]
Event: 5.311 Thread 0x000002dc9d70e000 Exception <a 'java/lang/NoSuchMethodError'{0x000000070de03540}: 'java.lang.Object java.lang.invoke.DirectMethodHandle$Holder.invokeSpecial(java.lang.Object, java.lang.Object, java.lang.Object, java.lang.Object, java.lang.Object, java.lang.Object, java.lang.Object, java.lang.Object, java.lang.Object, java.lang.Object, java.lang.Object)'> (0x000000070de03540) 
thrown [s\open\src\hotspot\share\interpreter\linkResolver.cpp, line 759]
Event: 5.311 Thread 0x000002dc9d70e000 Exception <a 'java/lang/NoSuchMethodError'{0x000000070de07d10}: 'java.lang.Object java.lang.invoke.Invokers$Holder.invoke_MT(java.lang.Object, java.lang.Object, java.lang.Object, java.lang.Object, java.lang.Object, java.lang.Object, java.lang.Object, java.lang.Object, java.lang.Object, java.lang.Object, java.lang.Object)'> (0x000000070de07d10) 
thrown [s\open\src\hotspot\share\interpreter\linkResolver.cpp, line 759]
Event: 5.355 Thread 0x000002dc9d70e000 Exception <a 'java/lang/NoSuchMethodError'{0x000000070dca6a28}: 'java.lang.Object java.lang.invoke.DirectMethodHandle$Holder.newInvokeSpecial(java.lang.Object, java.lang.Object, int, java.lang.Object, java.lang.Object)'> (0x000000070dca6a28) 
thrown [s\open\src\hotspot\share\interpreter\linkResolver.cpp, line 759]
Event: 12.421 Thread 0x000002dcfe2379b0 Exception <a 'java/lang/NoSuchMethodError'{0x000000070d437f30}: 'java.lang.Object java.lang.invoke.DirectMethodHandle$Holder.invokeSpecial(java.lang.Object, java.lang.Object, java.lang.Object, java.lang.Object, java.lang.Object, long)'> (0x000000070d437f30) 
thrown [s\open\src\hotspot\share\interpreter\linkResolver.cpp, line 759]
Event: 12.421 Thread 0x000002dcfe2379b0 Exception <a 'java/lang/NoSuchMethodError'{0x000000070d43b970}: 'java.lang.Object java.lang.invoke.Invokers$Holder.linkToTargetMethod(java.lang.Object, java.lang.Object, java.lang.Object, long, java.lang.Object)'> (0x000000070d43b970) 
thrown [s\open\src\hotspot\share\interpreter\linkResolver.cpp, line 759]
Event: 12.539 Thread 0x000002dcfe2379b0 Exception <a 'java/lang/NoSuchMethodError'{0x0000000717014a20}: 'java.lang.Object java.lang.invoke.DirectMethodHandle$Holder.invokeStatic(java.lang.Object, int, int)'> (0x0000000717014a20) 
thrown [s\open\src\hotspot\share\interpreter\linkResolver.cpp, line 759]
Event: 17.204 Thread 0x000002dcfe2374a0 Exception <a 'sun/nio/fs/WindowsException'{0x000000070f7a4888}> (0x000000070f7a4888) 
thrown [s\open\src\hotspot\share\prims\jni.cpp, line 516]
Event: 17.277 Thread 0x000002dcfe2374a0 Exception <a 'sun/nio/fs/WindowsException'{0x000000070f450428}> (0x000000070f450428) 
thrown [s\open\src\hotspot\share\prims\jni.cpp, line 516]
Event: 17.277 Thread 0x000002dcfe2374a0 Exception <a 'sun/nio/fs/WindowsException'{0x000000070f4518d8}> (0x000000070f4518d8) 
thrown [s\open\src\hotspot\share\prims\jni.cpp, line 516]
Event: 17.277 Thread 0x000002dcfe2374a0 Exception <a 'sun/nio/fs/WindowsException'{0x000000070f451bd8}> (0x000000070f451bd8) 
thrown [s\open\src\hotspot\share\prims\jni.cpp, line 516]

VM Operations (20 events):
Event: 13.657 Executing VM operation: CollectForMetadataAllocation
Event: 13.661 Executing VM operation: CollectForMetadataAllocation done
Event: 13.670 Executing VM operation: G1Concurrent
Event: 13.674 Executing VM operation: G1Concurrent done
Event: 13.679 Executing VM operation: G1Concurrent
Event: 13.679 Executing VM operation: G1Concurrent done
Event: 13.686 Executing VM operation: HandshakeAllThreads
Event: 13.687 Executing VM operation: HandshakeAllThreads done
Event: 13.687 Executing VM operation: HandshakeAllThreads
Event: 13.687 Executing VM operation: HandshakeAllThreads done
Event: 13.724 Executing VM operation: HandshakeAllThreads
Event: 13.724 Executing VM operation: HandshakeAllThreads done
Event: 13.993 Executing VM operation: HandshakeAllThreads
Event: 13.993 Executing VM operation: HandshakeAllThreads done
Event: 14.996 Executing VM operation: Cleanup
Event: 14.997 Executing VM operation: Cleanup done
Event: 17.171 Executing VM operation: HandshakeAllThreads
Event: 17.171 Executing VM operation: HandshakeAllThreads done
Event: 17.171 Executing VM operation: Cleanup
Event: 17.171 Executing VM operation: Cleanup done

Events (20 events):
Event: 14.020 loading class java/util/stream/LongStream done
Event: 14.020 loading class java/util/stream/DoubleStream
Event: 14.020 loading class java/util/stream/DoubleStream done
Event: 17.162 Thread 0x000002dcfe1b8a30 Thread exited: 0x000002dcfe1b8a30
Event: 17.163 Thread 0x000002dcfc4759e0 Thread exited: 0x000002dcfc4759e0
Event: 17.167 Thread 0x000002dcb5f4c480 Thread exited: 0x000002dcb5f4c480
Event: 17.172 Thread 0x000002dcfe1b8a30 Thread added: 0x000002dcfe1b8a30
Event: 17.172 Thread 0x000002dcb5f4c3d0 Thread added: 0x000002dcb5f4c3d0
Event: 17.176 loading class java/util/BitSet$1BitSetSpliterator
Event: 17.176 loading class java/util/BitSet$1BitSetSpliterator done
Event: 17.176 loading class java/util/stream/IntPipeline$1
Event: 17.176 loading class java/util/stream/IntPipeline$1 done
Event: 17.176 loading class java/util/stream/IntPipeline$1$1
Event: 17.177 loading class java/util/stream/IntPipeline$1$1 done
Event: 17.204 loading class java/nio/file/FileAlreadyExistsException
Event: 17.205 loading class java/nio/file/FileAlreadyExistsException done
Event: 17.266 loading class sun/security/provider/MD5
Event: 17.266 loading class sun/security/provider/MD5 done
Event: 17.268 loading class sun/security/provider/ByteArrayAccess$LE
Event: 17.268 loading class sun/security/provider/ByteArrayAccess$LE done


Dynamic libraries:
0x00007ff77a820000 - 0x00007ff77a830000 	C:\Program Files\Java\jdk-17\bin\java.exe
0x00007ffd8bf80000 - 0x00007ffd8c1e0000 	C:\WINDOWS\SYSTEM32\ntdll.dll
0x00007ffd8a260000 - 0x00007ffd8a327000 	C:\WINDOWS\System32\KERNEL32.DLL
0x00007ffd89650000 - 0x00007ffd89a1a000 	C:\WINDOWS\System32\KERNELBASE.dll
0x00007ffd89c30000 - 0x00007ffd89d7b000 	C:\WINDOWS\System32\ucrtbase.dll
0x00007ffd75df0000 - 0x00007ffd75e0b000 	C:\Program Files\Java\jdk-17\bin\VCRUNTIME140.dll
0x00007ffd5c4e0000 - 0x00007ffd5c4f9000 	C:\Program Files\Java\jdk-17\bin\jli.dll
0x00007ffd8ac50000 - 0x00007ffd8ad02000 	C:\WINDOWS\System32\ADVAPI32.dll
0x00007ffd8ba10000 - 0x00007ffd8bab9000 	C:\WINDOWS\System32\msvcrt.dll
0x00007ffd89f90000 - 0x00007ffd8a036000 	C:\WINDOWS\System32\sechost.dll
0x00007ffd8ad70000 - 0x00007ffd8ae86000 	C:\WINDOWS\System32\RPCRT4.dll
0x00007ffd89d90000 - 0x00007ffd89f5c000 	C:\WINDOWS\System32\USER32.dll
0x00007ffd89620000 - 0x00007ffd89647000 	C:\WINDOWS\System32\win32u.dll
0x00007ffd8b780000 - 0x00007ffd8b7aa000 	C:\WINDOWS\System32\GDI32.dll
0x00007ffd75880000 - 0x00007ffd75b17000 	C:\WINDOWS\WinSxS\amd64_microsoft.windows.common-controls_6595b64144ccf1df_6.0.26100.3624_none_3e086962e3345f24\COMCTL32.dll
0x00007ffd89370000 - 0x00007ffd894a1000 	C:\WINDOWS\System32\gdi32full.dll
0x00007ffd894b0000 - 0x00007ffd89553000 	C:\WINDOWS\System32\msvcp_win.dll
0x00007ffd81010000 - 0x00007ffd8101b000 	C:\WINDOWS\SYSTEM32\VERSION.dll
0x00007ffd8b5e0000 - 0x00007ffd8b60f000 	C:\WINDOWS\System32\IMM32.DLL
0x00007ffd5c4d0000 - 0x00007ffd5c4dc000 	C:\Program Files\Java\jdk-17\bin\vcruntime140_1.dll
0x00007ffd5c440000 - 0x00007ffd5c4ce000 	C:\Program Files\Java\jdk-17\bin\msvcp140.dll
0x00007ffcd4f70000 - 0x00007ffcd5b4f000 	C:\Program Files\Java\jdk-17\bin\server\jvm.dll
0x00007ffd8a250000 - 0x00007ffd8a258000 	C:\WINDOWS\System32\PSAPI.DLL
0x00007ffd86750000 - 0x00007ffd86786000 	C:\WINDOWS\SYSTEM32\WINMM.dll
0x00007ffd6f9b0000 - 0x00007ffd6f9ba000 	C:\WINDOWS\SYSTEM32\WSOCK32.dll
0x00007ffd8b7b0000 - 0x00007ffd8b824000 	C:\WINDOWS\System32\WS2_32.dll
0x00007ffd88090000 - 0x00007ffd880aa000 	C:\WINDOWS\SYSTEM32\kernel.appcore.dll
0x00007ffd5c430000 - 0x00007ffd5c43a000 	C:\Program Files\Java\jdk-17\bin\jimage.dll
0x00007ffd86500000 - 0x00007ffd86741000 	C:\WINDOWS\SYSTEM32\DBGHELP.DLL
0x00007ffd8bac0000 - 0x00007ffd8be42000 	C:\WINDOWS\System32\combase.dll
0x00007ffd8aa60000 - 0x00007ffd8ab36000 	C:\WINDOWS\System32\OLEAUT32.dll
0x00007ffd864c0000 - 0x00007ffd864f9000 	C:\WINDOWS\SYSTEM32\dbgcore.DLL
0x00007ffd892d0000 - 0x00007ffd89369000 	C:\WINDOWS\System32\bcryptPrimitives.dll
0x00007ffd5c380000 - 0x00007ffd5c3a5000 	C:\Program Files\Java\jdk-17\bin\java.dll
0x00007ffd3a680000 - 0x00007ffd3a757000 	C:\Program Files\Java\jdk-17\bin\jsvml.dll
0x00007ffd8a330000 - 0x00007ffd8aa59000 	C:\WINDOWS\System32\SHELL32.dll
0x00007ffd89160000 - 0x00007ffd892c8000 	C:\WINDOWS\System32\wintypes.dll
0x00007ffd86e10000 - 0x00007ffd87662000 	C:\WINDOWS\SYSTEM32\windows.storage.dll
0x00007ffd8be50000 - 0x00007ffd8bf3d000 	C:\WINDOWS\System32\SHCORE.dll
0x00007ffd8a040000 - 0x00007ffd8a0a4000 	C:\WINDOWS\System32\shlwapi.dll
0x00007ffd89070000 - 0x00007ffd8909f000 	C:\WINDOWS\SYSTEM32\profapi.dll
0x00007ffd5c360000 - 0x00007ffd5c379000 	C:\Program Files\Java\jdk-17\bin\net.dll
0x00007ffd80ef0000 - 0x00007ffd8100d000 	C:\WINDOWS\SYSTEM32\WINHTTP.dll
0x00007ffd885b0000 - 0x00007ffd8861a000 	C:\WINDOWS\system32\mswsock.dll
0x00007ffd51310000 - 0x00007ffd51326000 	C:\Program Files\Java\jdk-17\bin\nio.dll
0x00007ffd3a660000 - 0x00007ffd3a678000 	C:\Program Files\Java\jdk-17\bin\zip.dll
0x00007ffd3a620000 - 0x00007ffd3a62e000 	C:\Program Files\Java\jdk-17\bin\sunmscapi.dll
0x00007ffd89a20000 - 0x00007ffd89b97000 	C:\WINDOWS\System32\CRYPT32.dll
0x00007ffd88a50000 - 0x00007ffd88a80000 	C:\WINDOWS\SYSTEM32\ncrypt.dll
0x00007ffd88a00000 - 0x00007ffd88a3f000 	C:\WINDOWS\SYSTEM32\NTASN1.dll
0x00007ffd88850000 - 0x00007ffd8886c000 	C:\WINDOWS\SYSTEM32\CRYPTSP.dll
0x00007ffd87ff0000 - 0x00007ffd8802a000 	C:\WINDOWS\system32\rsaenh.dll
0x00007ffd88650000 - 0x00007ffd8867b000 	C:\WINDOWS\SYSTEM32\USERENV.dll
0x00007ffd89040000 - 0x00007ffd89066000 	C:\WINDOWS\SYSTEM32\bcrypt.dll
0x00007ffd88870000 - 0x00007ffd8887c000 	C:\WINDOWS\SYSTEM32\CRYPTBASE.dll
0x00007ffd879e0000 - 0x00007ffd87a13000 	C:\WINDOWS\SYSTEM32\IPHLPAPI.DLL
0x00007ffd8a240000 - 0x00007ffd8a24a000 	C:\WINDOWS\System32\NSI.dll
0x00007ffd811e0000 - 0x00007ffd811ff000 	C:\WINDOWS\SYSTEM32\dhcpcsvc6.DLL
0x00007ffd80e30000 - 0x00007ffd80e55000 	C:\WINDOWS\SYSTEM32\dhcpcsvc.DLL
0x00007ffd87ad0000 - 0x00007ffd87bf5000 	C:\WINDOWS\SYSTEM32\DNSAPI.dll
0x00007ffd51300000 - 0x00007ffd5130a000 	C:\Program Files\Java\jdk-17\bin\management.dll
0x00007ffd3a650000 - 0x00007ffd3a65b000 	C:\Program Files\Java\jdk-17\bin\management_ext.dll
0x00007ffd5c350000 - 0x00007ffd5c360000 	C:\Program Files\Java\jdk-17\bin\verify.dll
0x00007ffd83ed0000 - 0x00007ffd83ee9000 	C:\Users\idjjh\AppData\Local\Temp\gdal_native\zlib.dll
0x00007ffd4c670000 - 0x00007ffd4c722000 	C:\Users\idjjh\AppData\Local\Temp\gdal_native\zstd.dll
0x00007ffd4c570000 - 0x00007ffd4c66f000 	C:\Users\idjjh\AppData\Local\Temp\gdal_native\iconv-2.dll
0x00007ffd83ea0000 - 0x00007ffd83ecb000 	C:\Users\idjjh\AppData\Local\Temp\gdal_native\libexpat.dll
0x00007ffcfff20000 - 0x00007ffd00083000 	C:\Users\idjjh\AppData\Local\Temp\gdal_native\libxml2.dll
0x00007ffcf0260000 - 0x00007ffcf050c000 	C:\Users\idjjh\AppData\Local\Temp\gdal_native\xerces-c_3_2.dll
0x00007ffd70d60000 - 0x00007ffd70d80000 	C:\Users\idjjh\AppData\Local\Temp\gdal_native\pcre.dll
0x00007ffcdee10000 - 0x00007ffcdf2f4000 	C:\Users\idjjh\AppData\Local\Temp\gdal_native\libcrypto-3-x64.dll
0x00007ffd00bd0000 - 0x00007ffd00d0a000 	C:\Users\idjjh\AppData\Local\Temp\gdal_native\libssl-3-x64.dll
0x00007ffd1e650000 - 0x00007ffd1e6e4000 	C:\Users\idjjh\AppData\Local\Temp\gdal_native\libcurl.dll
0x00007ffd8af10000 - 0x00007ffd8af84000 	C:\WINDOWS\System32\WLDAP32.dll
0x00007ffce8110000 - 0x00007ffce83d0000 	C:\Users\idjjh\AppData\Local\Temp\gdal_native\sqlite3.dll
0x00007ffcdb800000 - 0x00007ffcdbea1000 	C:\Users\idjjh\AppData\Local\Temp\gdal_native\libmysql.dll
0x00007ffd85ca0000 - 0x00007ffd85cad000 	C:\WINDOWS\SYSTEM32\Secur32.dll
0x00007ffd88330000 - 0x00007ffd88378000 	C:\WINDOWS\SYSTEM32\SSPICLI.DLL
0x0000000180000000 - 0x000000018004e000 	C:\Users\idjjh\AppData\Local\Temp\gdal_native\libpq.dll
0x00007ffce4550000 - 0x00007ffce4728000 	C:\Users\idjjh\AppData\Local\Temp\gdal_native\geos.dll
0x00007ffd68680000 - 0x00007ffd686dc000 	C:\Users\idjjh\AppData\Local\Temp\gdal_native\geos_c.dll
0x00007ffcf0110000 - 0x00007ffcf025c000 	C:\Users\idjjh\AppData\Local\Temp\gdal_native\tiff.dll
0x00007ffce21a0000 - 0x00007ffce24e0000 	C:\Users\idjjh\AppData\Local\Temp\gdal_native\proj_9.dll
0x00007ffd8b440000 - 0x00007ffd8b5d6000 	C:\WINDOWS\System32\ole32.dll
0x00007ffd50e60000 - 0x00007ffd50eb1000 	C:\Users\idjjh\AppData\Local\Temp\gdal_native\openjp2.dll
0x00007ffd68750000 - 0x00007ffd68785000 	C:\Users\idjjh\AppData\Local\Temp\gdal_native\libpng16.dll
0x00007ffd70220000 - 0x00007ffd7024a000 	C:\Users\idjjh\AppData\Local\Temp\gdal_native\freexl.dll
0x00007ffd685f0000 - 0x00007ffd68613000 	C:\Users\idjjh\AppData\Local\Temp\gdal_native\ogdi.dll
0x00007ffcd6670000 - 0x00007ffcd7365000 	C:\Users\idjjh\AppData\Local\Temp\gdal_native\spatialite.dll
0x00007ffcbc160000 - 0x00007ffcbd5aa000 	C:\Users\idjjh\AppData\Local\Temp\gdal_native\gdal.dll
0x00007ffd7d170000 - 0x00007ffd7d234000 	C:\WINDOWS\SYSTEM32\ODBC32.dll
0x00007ffd88e50000 - 0x00007ffd88e5a000 	C:\WINDOWS\SYSTEM32\DPAPI.DLL
0x00007ffd15d70000 - 0x00007ffd15e18000 	C:\Users\idjjh\AppData\Local\Temp\gdal_native\gdalalljni.dll
0x00007ffd00320000 - 0x00007ffd003c8000 	C:\JANG\sia_task\sia-task-dev\task\src\main\resources\nativelib\window\gdalalljni.dll
0x00007ffd51660000 - 0x00007ffd51668000 	C:\WINDOWS\system32\wshunix.dll
0x00007ffd75d60000 - 0x00007ffd75d6b000 	C:\Windows\System32\rasadhlp.dll
0x00007ffd7e7e0000 - 0x00007ffd7e865000 	C:\WINDOWS\System32\fwpuclnt.dll

dbghelp: loaded successfully - version: 4.0.5 - missing functions: none
symbol engine: initialized successfully - sym options: 0x614 - pdb path: .;C:\Program Files\Java\jdk-17\bin;C:\WINDOWS\SYSTEM32;C:\WINDOWS\WinSxS\amd64_microsoft.windows.common-controls_6595b64144ccf1df_6.0.26100.3624_none_3e086962e3345f24;C:\Program Files\Java\jdk-17\bin\server;C:\Users\idjjh\AppData\Local\Temp\gdal_native;C:\JANG\sia_task\sia-task-dev\task\src\main\resources\nativelib\window

VM Arguments:
jvm_args: -Djava.library.path=C:\JANG\sia_task\sia-task-dev\task\src\main\resources\nativelib\window -XX:TieredStopAtLevel=1 -Dfile.encoding=x-windows-949 -Duser.country=KR -Duser.language=ko -Duser.variant 
java_command: com.sia.task.TaskApplication
java_class_path (initial): C:\JANG\sia_task\sia-task-dev\task\build\classes\java\main;C:\JANG\sia_task\sia-task-dev\task\build\resources\main;C:\Users\idjjh\.gradle\caches\modules-2\files-2.1\org.springframework.cloud\spring-cloud-starter-aws\2.2.6.RELEASE\9d7c330b3f4aa477df2db27dd875a0e63a49456\spring-cloud-starter-aws-2.2.6.RELEASE.jar;C:\Users\idjjh\.gradle\caches\modules-2\files-2.1\io.github.cdimascio\java-dotenv\5.2.2\f77d54ff193ed4b07415ab8d7b3d0550716aa8c\java-dotenv-5.2.2.jar;C:\Users\idjjh\.gradle\caches\modules-2\files-2.1\commons-fileupload\commons-fileupload\1.5\ad4ad2ab2961b4e1891472bd1a33fabefb0385f3\commons-fileupload-1.5.jar;C:\Users\idjjh\.gradle\caches\modules-2\files-2.1\org.apache.tika\tika-core\2.9.1\bfd572826e7023dd6ceeefe1b4d0f6d3d8eef507\tika-core-2.9.1.jar;C:\Users\idjjh\.gradle\caches\modules-2\files-2.1\commons-io\commons-io\2.14.0\a4c6e1f6c196339473cd2e1b037f0eb97c62755b\commons-io-2.14.0.jar;C:\Users\idjjh\.gradle\caches\modules-2\files-2.1\org.gdal\gdal\3.10.0\d229b54a2136a6a1e6e8321881789a4465e2ec50\gdal-3.10.0.jar;C:\Users\idjjh\.gradle\caches\modules-2\files-2.1\com.h2database\h2\2.3.232\4fcc05d966ccdb2812ae8b9a718f69226c0cf4e2\h2-2.3.232.jar;C:\Users\idjjh\.gradle\caches\modules-2\files-2.1\org.springframework\spring-webmvc\6.2.5\db8f1171041d7091f3de80cffdfb9d6c5fbf3015\spring-webmvc-6.2.5.jar;C:\Users\idjjh\.gradle\caches\modules-2\files-2.1\org.springframework\spring-web\6.2.5\b42d2c0acbe05bad4c849883aa8816c25b6c1d94\spring-web-6.2.5.jar;C:\Users\idjjh\.gradle\caches\modules-2\files-2.1\org.hibernate.orm\hibernate-core\6.6.11.Final\d5330ab0dd5f5cc810086b7fb66cec8b2d2f5213\hibernate-core-6.6.11.Final.jar;C:\Users\idjjh\.gradle\caches\modules-2\files-2.1\org.springframework.data\spring-data-jpa\3.4.4\50f826d0dd60af289321bde6f5eea8fc48131c75\spring-data-jpa-3.4.4.jar;C:\Users\idjjh\.gradle\caches\modules-2\files-2.1\org.springframework\spring-aspects\6.2.5\971b57bb59d4890a3db5f1e20f89effa7df8c149\spring-aspects-6.2.5.jar;C:\Users\
Launcher Type: SUN_STANDARD

[Global flags]
     intx CICompilerCount                          = 12                                        {product} {ergonomic}
     uint ConcGCThreads                            = 3                                         {product} {ergonomic}
     uint G1ConcRefinementThreads                  = 13                                        {product} {ergonomic}
   size_t G1HeapRegionSize                         = 2097152                                   {product} {ergonomic}
    uintx GCDrainStackTargetSize                   = 64                                        {product} {ergonomic}
   size_t InitialHeapSize                          = 260046848                                 {product} {ergonomic}
   size_t MarkStackSize                            = 4194304                                   {product} {ergonomic}
   size_t MaxHeapSize                              = 4139778048                                {product} {ergonomic}
   size_t MaxNewSize                               = 2483027968                                {product} {ergonomic}
   size_t MinHeapDeltaBytes                        = 2097152                                   {product} {ergonomic}
   size_t MinHeapSize                              = 8388608                                   {product} {ergonomic}
    uintx NonProfiledCodeHeapSize                  = 0                                      {pd product} {ergonomic}
     bool ProfileInterpreter                       = false                                  {pd product} {command line}
    uintx ProfiledCodeHeapSize                     = 0                                      {pd product} {ergonomic}
   size_t SoftMaxHeapSize                          = 4139778048                             {manageable} {ergonomic}
     intx TieredStopAtLevel                        = 1                                         {product} {command line}
     bool UseCompressedClassPointers               = true                           {product lp64_product} {ergonomic}
     bool UseCompressedOops                        = true                           {product lp64_product} {ergonomic}
     bool UseG1GC                                  = true                                      {product} {ergonomic}
     bool UseLargePagesIndividualAllocation        = false                                  {pd product} {ergonomic}

Logging:
Log output configuration:
 #0: stdout all=warning uptime,level,tags
 #1: stderr all=off uptime,level,tags

Environment Variables:
JAVA_HOME=C:\Program Files\Java\jdk-17
CLASSPATH=C:\JANG\sia_task\sia-task-dev\task\\gradle\wrapper\gradle-wrapper.jar
PATH=C:\Program Files\Java\jdk-17;C:\Python312\Scripts\;C:\Python312\;C:\oraclexe\app\oracle\product\11.2.0\server\bin;C:\Program Files\Common Files\Oracle\Java\javapath;C:\Windows\system32;C:\Windows;C:\Windows\System32\Wbem;C:\Windows\System32\WindowsPowerShell\v1.0\;C:\Windows\System32\OpenSSH\;C:\Program Files (x86)\NVIDIA Corporation\PhysX\Common;C:\WINDOWS\system32;C:\WINDOWS;C:\WINDOWS\System32\Wbem;C:\WINDOWS\System32\WindowsPowerShell\v1.0\;C:\WINDOWS\System32\OpenSSH\;C:\Program Files\Git\cmd;C:\ProgramData\chocolatey\bin;C:\nodejs;C:\Program Files\NVIDIA Corporation\NVIDIA app\NvDLISR;C:\Program Files\Docker\Docker\resources\bin;C:\Program Files\nodejs\;C:\Users\idjjh\AppData\Local\Programs\Python\Python313\Scripts\;C:\Users\idjjh\AppData\Local\Programs\Python\Python313\;C:\Users\idjjh\AppData\Local\Microsoft\WindowsApps;C:\apache-maven-3.9.9\bin;C:\Users\idjjh\AppData\Roaming\npm;C:\Program Files\Git\bin;C:\Python312\Scripts\;
USERNAME=junhee
LANG=en_US.UTF-8
OS=Windows_NT
PROCESSOR_IDENTIFIER=AMD64 Family 23 Model 96 Stepping 1, AuthenticAMD



---------------  S Y S T E M  ---------------

OS:
 Windows 11 , 64 bit Build 26100 (10.0.26100.3775)
OS uptime: 0 days 0:37 hours
Hyper-V role detected

CPU: total 16 (initial active 16) (16 cores per cpu, 2 threads per core) family 23 model 96 stepping 1 microcode 0x8600104, cx8, cmov, fxsr, ht, mmx, 3dnowpref, sse, sse2, sse3, ssse3, sse4a, sse4.1, sse4.2, popcnt, lzcnt, tsc, tscinvbit, avx, avx2, aes, clmul, bmi1, bmi2, adx, sha, fma, vzeroupper, clflush, clflushopt, hv

Memory: 4k page, system-wide physical 15789M (3108M free)
TotalPageFile size 22189M (AvailPageFile size 1834M)
current process WorkingSet (physical memory assigned to process): 263M, peak: 295M
current process commit charge ("private bytes"): 323M, peak: 386M

vm_info: Java HotSpot(TM) 64-Bit Server VM (17.0.10+11-LTS-240) for windows-amd64 JRE (17.0.10+11-LTS-240), built on Dec 19 2023 21:47:25 by "mach5one" with MS VC++ 17.1 (VS2022)

END.
