#
# A fatal error has been detected by the Java Runtime Environment:
#
#  EXCEPTION_ACCESS_VIOLATION (0xc0000005) at pc=0x00007ff9ab3832a8, pid=11568, tid=12256
#
# JRE version: Java(TM) SE Runtime Environment (17.0.10+11) (build 17.0.10+11-LTS-240)
# Java VM: Java HotSpot(TM) 64-Bit Server VM (17.0.10+11-LTS-240, mixed mode, emulated-client, sharing, tiered, compressed oops, compressed class ptrs, g1 gc, windows-amd64)
# Problematic frame:
# C  [msvcp140.dll+0x132a8]
#
# No core dump will be written. Minidumps are not enabled by default on client versions of Windows
#
# If you would like to submit a bug report, please visit:
#   https://bugreport.java.com/bugreport/crash.jsp
# The crash happened outside the Java Virtual Machine in native code.
# See problematic frame for where to report the bug.
#

---------------  S U M M A R Y ------------

Command Line: -XX:TieredStopAtLevel=1 -Dfile.encoding=x-windows-949 -Duser.country=KR -Duser.language=ko -Duser.variant com.sia.task.TaskApplication

Host: AMD Ryzen 9 4900HS with Radeon Graphics         , 16 cores, 15G,  Windows 11 , 64 bit Build 26100 (10.0.26100.3775)
Time: Sun Apr 27 17:59:50 2025  Windows 11 , 64 bit Build 26100 (10.0.26100.3775) elapsed time: 19.161004 seconds (0d 0h 0m 19s)

---------------  T H R E A D  ---------------

Current thread (0x000001eafece4070):  JavaThread "http-nio-8080-exec-3" daemon [_thread_in_native, id=12256, stack(0x000000e077a00000,0x000000e077b00000)]

Stack: [0x000000e077a00000,0x000000e077b00000],  sp=0x000000e077afc740,  free space=1009k
Native frames: (J=compiled Java code, j=interpreted, Vv=VM code, C=native code)
C  [msvcp140.dll+0x132a8]
C  [gdal.dll+0xc2757d]

Java frames: (J=compiled Java code, j=interpreted, Vv=VM code)
j  org.gdal.gdal.gdalJNI.Open__SWIG_1(Ljava/lang/String;)J+0
j  org.gdal.gdal.gdal.Open(Ljava/lang/String;)Lorg/gdal/gdal/Dataset;+1
j  com.sia.task.service.ConvertCOGService.fileConvertCOG(Ljava/util/List;)V+444
j  com.sia.task.service.FileProcessingService.fileProcessing(Ljava/util/List;)V+14
j  com.sia.task.controller.FileProcessingController.fileProcessing(Lcom/sia/task/fileDTO/FileDTO;)Lorg/springframework/http/ResponseEntity;+39
v  ~StubRoutines::call_stub
J 3813  jdk.internal.reflect.NativeMethodAccessorImpl.invoke0(Ljava/lang/reflect/Method;Ljava/lang/Object;[Ljava/lang/Object;)Ljava/lang/Object; java.base@17.0.10 (0 bytes) @ 0x000001eaa8203527 [0x000001eaa82034a0+0x0000000000000087]
J 3812 c1 jdk.internal.reflect.NativeMethodAccessorImpl.invoke(Ljava/lang/Object;[Ljava/lang/Object;)Ljava/lang/Object; java.base@17.0.10 (137 bytes) @ 0x000001eaa8203d4c [0x000001eaa8203a00+0x000000000000034c]
J 3801 c1 jdk.internal.reflect.DelegatingMethodAccessorImpl.invoke(Ljava/lang/Object;[Ljava/lang/Object;)Ljava/lang/Object; java.base@17.0.10 (10 bytes) @ 0x000001eaa8200be4 [0x000001eaa8200ba0+0x0000000000000044]
J 3803 c1 java.lang.reflect.Method.invoke(Ljava/lang/Object;[Ljava/lang/Object;)Ljava/lang/Object; java.base@17.0.10 (65 bytes) @ 0x000001eaa82013ec [0x000001eaa82012e0+0x000000000000010c]
j  org.springframework.web.method.support.InvocableHandlerMethod.doInvoke([Ljava/lang/Object;)Ljava/lang/Object;+55
j  org.springframework.web.method.support.InvocableHandlerMethod.invokeForRequest(Lorg/springframework/web/context/request/NativeWebRequest;Lorg/springframework/web/method/support/ModelAndViewContainer;[Ljava/lang/Object;)Ljava/lang/Object;+82
j  org.springframework.web.servlet.mvc.method.annotation.ServletInvocableHandlerMethod.invokeAndHandle(Lorg/springframework/web/context/request/ServletWebRequest;Lorg/springframework/web/method/support/ModelAndViewContainer;[Ljava/lang/Object;)V+4
j  org.springframework.web.servlet.mvc.method.annotation.RequestMappingHandlerAdapter.invokeHandlerMethod(Ljakarta/servlet/http/HttpServletRequest;Ljakarta/servlet/http/HttpServletResponse;Lorg/springframework/web/method/HandlerMethod;)Lorg/springframework/web/servlet/ModelAndView;+309
j  org.springframework.web.servlet.mvc.method.annotation.RequestMappingHandlerAdapter.handleInternal(Ljakarta/servlet/http/HttpServletRequest;Ljakarta/servlet/http/HttpServletResponse;Lorg/springframework/web/method/HandlerMethod;)Lorg/springframework/web/servlet/ModelAndView;+81
j  org.springframework.web.servlet.mvc.method.AbstractHandlerMethodAdapter.handle(Ljakarta/servlet/http/HttpServletRequest;Ljakarta/servlet/http/HttpServletResponse;Ljava/lang/Object;)Lorg/springframework/web/servlet/ModelAndView;+7
j  org.springframework.web.servlet.DispatcherServlet.doDispatch(Ljakarta/servlet/http/HttpServletRequest;Ljakarta/servlet/http/HttpServletResponse;)V+304
j  org.springframework.web.servlet.DispatcherServlet.doService(Ljakarta/servlet/http/HttpServletRequest;Ljakarta/servlet/http/HttpServletResponse;)V+242
j  org.springframework.web.servlet.FrameworkServlet.processRequest(Ljakarta/servlet/http/HttpServletRequest;Ljakarta/servlet/http/HttpServletResponse;)V+70
j  org.springframework.web.servlet.FrameworkServlet.doPost(Ljakarta/servlet/http/HttpServletRequest;Ljakarta/servlet/http/HttpServletResponse;)V+3
j  jakarta.servlet.http.HttpServlet.service(Ljakarta/servlet/http/HttpServletRequest;Ljakarta/servlet/http/HttpServletResponse;)V+150
j  org.springframework.web.servlet.FrameworkServlet.service(Ljakarta/servlet/http/HttpServletRequest;Ljakarta/servlet/http/HttpServletResponse;)V+20
j  jakarta.servlet.http.HttpServlet.service(Ljakarta/servlet/ServletRequest;Ljakarta/servlet/ServletResponse;)V+37
j  org.apache.catalina.core.ApplicationFilterChain.internalDoFilter(Ljakarta/servlet/ServletRequest;Ljakarta/servlet/ServletResponse;)V+300
j  org.apache.catalina.core.ApplicationFilterChain.doFilter(Ljakarta/servlet/ServletRequest;Ljakarta/servlet/ServletResponse;)V+99
j  org.apache.tomcat.websocket.server.WsFilter.doFilter(Ljakarta/servlet/ServletRequest;Ljakarta/servlet/ServletResponse;Ljakarta/servlet/FilterChain;)V+21
j  org.apache.catalina.core.ApplicationFilterChain.internalDoFilter(Ljakarta/servlet/ServletRequest;Ljakarta/servlet/ServletResponse;)V+130
j  org.apache.catalina.core.ApplicationFilterChain.doFilter(Ljakarta/servlet/ServletRequest;Ljakarta/servlet/ServletResponse;)V+99
j  org.springframework.web.filter.RequestContextFilter.doFilterInternal(Ljakarta/servlet/http/HttpServletRequest;Ljakarta/servlet/http/HttpServletResponse;Ljakarta/servlet/FilterChain;)V+21
j  org.springframework.web.filter.OncePerRequestFilter.doFilter(Ljakarta/servlet/ServletRequest;Ljakarta/servlet/ServletResponse;Ljakarta/servlet/FilterChain;)V+150
j  org.apache.catalina.core.ApplicationFilterChain.internalDoFilter(Ljakarta/servlet/ServletRequest;Ljakarta/servlet/ServletResponse;)V+130
j  org.apache.catalina.core.ApplicationFilterChain.doFilter(Ljakarta/servlet/ServletRequest;Ljakarta/servlet/ServletResponse;)V+99
j  org.springframework.web.filter.FormContentFilter.doFilterInternal(Ljakarta/servlet/http/HttpServletRequest;Ljakarta/servlet/http/HttpServletResponse;Ljakarta/servlet/FilterChain;)V+38
j  org.springframework.web.filter.OncePerRequestFilter.doFilter(Ljakarta/servlet/ServletRequest;Ljakarta/servlet/ServletResponse;Ljakarta/servlet/FilterChain;)V+150
j  org.apache.catalina.core.ApplicationFilterChain.internalDoFilter(Ljakarta/servlet/ServletRequest;Ljakarta/servlet/ServletResponse;)V+130
j  org.apache.catalina.core.ApplicationFilterChain.doFilter(Ljakarta/servlet/ServletRequest;Ljakarta/servlet/ServletResponse;)V+99
j  org.springframework.web.filter.CharacterEncodingFilter.doFilterInternal(Ljakarta/servlet/http/HttpServletRequest;Ljakarta/servlet/http/HttpServletResponse;Ljakarta/servlet/FilterChain;)V+53
j  org.springframework.web.filter.OncePerRequestFilter.doFilter(Ljakarta/servlet/ServletRequest;Ljakarta/servlet/ServletResponse;Ljakarta/servlet/FilterChain;)V+150
j  org.apache.catalina.core.ApplicationFilterChain.internalDoFilter(Ljakarta/servlet/ServletRequest;Ljakarta/servlet/ServletResponse;)V+130
j  org.apache.catalina.core.ApplicationFilterChain.doFilter(Ljakarta/servlet/ServletRequest;Ljakarta/servlet/ServletResponse;)V+99
j  org.apache.catalina.core.StandardWrapperValve.invoke(Lorg/apache/catalina/connector/Request;Lorg/apache/catalina/connector/Response;)V+514
j  org.apache.catalina.core.StandardContextValve.invoke(Lorg/apache/catalina/connector/Request;Lorg/apache/catalina/connector/Response;)V+169
j  org.apache.catalina.authenticator.AuthenticatorBase.invoke(Lorg/apache/catalina/connector/Request;Lorg/apache/catalina/connector/Response;)V+221
j  org.apache.catalina.core.StandardHostValve.invoke(Lorg/apache/catalina/connector/Request;Lorg/apache/catalina/connector/Response;)V+131
j  org.apache.catalina.valves.ErrorReportValve.invoke(Lorg/apache/catalina/connector/Request;Lorg/apache/catalina/connector/Response;)V+6
j  org.apache.catalina.core.StandardEngineValve.invoke(Lorg/apache/catalina/connector/Request;Lorg/apache/catalina/connector/Response;)V+59
j  org.apache.catalina.connector.CoyoteAdapter.service(Lorg/apache/coyote/Request;Lorg/apache/coyote/Response;)V+188
j  org.apache.coyote.http11.Http11Processor.service(Lorg/apache/tomcat/util/net/SocketWrapperBase;)Lorg/apache/tomcat/util/net/AbstractEndpoint$Handler$SocketState;+796
j  org.apache.coyote.AbstractProcessorLight.process(Lorg/apache/tomcat/util/net/SocketWrapperBase;Lorg/apache/tomcat/util/net/SocketEvent;)Lorg/apache/tomcat/util/net/AbstractEndpoint$Handler$SocketState;+155
j  org.apache.coyote.AbstractProtocol$ConnectionHandler.process(Lorg/apache/tomcat/util/net/SocketWrapperBase;Lorg/apache/tomcat/util/net/SocketEvent;)Lorg/apache/tomcat/util/net/AbstractEndpoint$Handler$SocketState;+482
j  org.apache.tomcat.util.net.NioEndpoint$SocketProcessor.doRun()V+249
j  org.apache.tomcat.util.net.SocketProcessorBase.run()V+32
j  org.apache.tomcat.util.threads.ThreadPoolExecutor.runWorker(Lorg/apache/tomcat/util/threads/ThreadPoolExecutor$Worker;)V+92
j  org.apache.tomcat.util.threads.ThreadPoolExecutor$Worker.run()V+5
j  org.apache.tomcat.util.threads.TaskThread$WrappingRunnable.run()V+4
j  java.lang.Thread.run()V+11 java.base@17.0.10
v  ~StubRoutines::call_stub

siginfo: EXCEPTION_ACCESS_VIOLATION (0xc0000005), reading address 0x0000000000000000


Registers:
RAX=0x0000000000000000, RBX=0x000001eaff057440, RCX=0x00007ff9161986f8, RDX=0x0000000000000000
RSP=0x000000e077afc740, RBP=0x000000e077afc900, RSI=0x00007ff9161986f0, RDI=0x0000000000004000
R8 =0x0000000000000009, R9 =0x0000000000000040, R10=0xfefefefefefefeff, R11=0x8080808080808080
R12=0x000000e077afca20, R13=0x0000000000000000, R14=0x0000000000000000, R15=0x00007ff916198738
RIP=0x00007ff9ab3832a8, EFLAGS=0x0000000000010282


Register to memory mapping:

RIP=0x00007ff9ab3832a8 msvcp140.dll
RAX=0x0 is NULL
RBX=0x000001eaff057440 points into unknown readable memory: 0x73726573555c3a43 | 43 3a 5c 55 73 65 72 73
RCX=0x00007ff9161986f8 gdal.dll
RDX=0x0 is NULL
RSP=0x000000e077afc740 is pointing into the stack for thread: 0x000001eafece4070
RBP=0x000000e077afc900 is pointing into the stack for thread: 0x000001eafece4070
RSI=0x00007ff9161986f0 gdal.dll
RDI=0x0000000000004000 is an unknown value
R8 =0x0000000000000009 is an unknown value
R9 =0x0000000000000040 is an unknown value
R10=0xfefefefefefefeff is an unknown value
R11=0x8080808080808080 is an unknown value
R12=0x000000e077afca20 is pointing into the stack for thread: 0x000001eafece4070
R13=0x0 is NULL
R14=0x0 is NULL
R15=0x00007ff916198738 gdal.dll


Top of Stack: (sp=0x000000e077afc740)
0x000000e077afc740:   0000000000000002 0000000000000000
0x000000e077afc750:   0000000000000000 0000000000000000
0x000000e077afc760:   0000000000000000 0000000000000000
0x000000e077afc770:   0000e93f7073f8cb 000001eaff057800
0x000000e077afc780:   0000000000000042 000001eaff057800
0x000000e077afc790:   0000000000004000 00007ff915a4757d
0x000000e077afc7a0:   000001ea9e430000 000000000000003e
0x000000e077afc7b0:   000001eaff057440 ffffffffffffffff
0x000000e077afc7c0:   00007ff9161986f0 00007ff914e3c93e
0x000000e077afc7d0:   000000000000003e 000001eafece4070
0x000000e077afc7e0:   000001eab8453e48 0000630be6c02b89
0x000000e077afc7f0:   0000000000000042 000001eaff057800
0x000000e077afc800:   0000000000000000 0000000000000000
0x000000e077afc810:   0000000000004000 ffffffffffffffff
0x000000e077afc820:   000000e077afc900 00007ff915a46d8d
0x000000e077afc830:   000000e077afc9e0 000000e077afccc0 

Instructions: (pc=0x00007ff9ab3832a8)
0x00007ff9ab3831a8:   48 89 01 48 83 c1 08 48 83 c4 28 48 ff 25 26 30
0x00007ff9ab3831b8:   04 00 48 8d 05 37 70 04 00 45 33 c0 48 89 01 ba
0x00007ff9ab3831c8:   a0 0f 00 00 48 83 c1 08 48 83 c4 28 48 ff 25 ed
0x00007ff9ab3831d8:   2f 04 00 cc cc cc cc cc 48 83 c1 08 48 ff 25 cd
0x00007ff9ab3831e8:   2f 04 00 cc cc cc cc cc 48 83 c1 08 48 ff 25 dd
0x00007ff9ab3831f8:   2f 04 00 cc cc cc cc cc 48 83 c1 08 48 ff 25 45
0x00007ff9ab383208:   2e 04 00 cc 48 89 5c 24 18 48 89 74 24 20 57 41
0x00007ff9ab383218:   56 41 57 48 83 ec 40 48 8b 05 0a 11 07 00 48 33
0x00007ff9ab383228:   c4 48 89 44 24 30 8b 01 4c 8b f2 0f ba f0 08 48
0x00007ff9ab383238:   8b f1 83 f8 01 75 4a ff 15 b3 2f 04 00 39 46 48
0x00007ff9ab383248:   74 19 48 8d 4e 08 48 8b 01 48 8b 00 ff 15 6e 34
0x00007ff9ab383258:   04 00 ff 15 98 2f 04 00 89 46 48 ff 46 4c 33 c0
0x00007ff9ab383268:   48 8b 4c 24 30 48 33 cc e8 cb fd 03 00 48 8b 5c
0x00007ff9ab383278:   24 70 48 8b 74 24 78 48 83 c4 40 41 5f 41 5e 5f
0x00007ff9ab383288:   c3 4d 85 f6 75 28 4c 8d 79 48 ff 15 60 2f 04 00
0x00007ff9ab383298:   41 39 07 0f 84 ad 00 00 00 48 8d 4e 08 48 8b 01
0x00007ff9ab3832a8:   48 8b 00 ff 15 17 34 04 00 e9 98 00 00 00 48 83
0x00007ff9ab3832b8:   3a 00 7c 6e 75 06 83 7a 08 00 7e 66 ba 01 00 00
0x00007ff9ab3832c8:   00 48 8d 4c 24 20 e8 2d 09 00 00 48 8b 44 24 20
0x00007ff9ab3832d8:   49 3b 06 7c 14 0f 85 b3 00 00 00 41 8b 46 08 39
0x00007ff9ab3832e8:   44 24 28 0f 8d a5 00 00 00 4c 8d 7e 48 ff 15 fd
0x00007ff9ab3832f8:   2e 04 00 41 39 07 74 4e 48 8b 46 08 48 8d 54 24
0x00007ff9ab383308:   20 49 8b ce 48 8b 58 10 e8 db 07 00 00 8b d0 48
0x00007ff9ab383318:   8d 4e 08 48 8b c3 ff 15 a4 33 04 00 84 c0 74 9c
0x00007ff9ab383328:   eb 24 4c 8d 79 48 ff 15 c4 2e 04 00 41 39 07 74
0x00007ff9ab383338:   15 48 8d 4e 08 48 8b 01 48 8b 40 08 ff 15 7e 33
0x00007ff9ab383348:   04 00 84 c0 74 48 8b 4e 4c 33 db bf 02 01 00 00
0x00007ff9ab383358:   8d 41 01 89 46 4c 83 f8 01 7e 0f f7 06 00 01 00
0x00007ff9ab383368:   00 75 10 89 4e 4c 8b df eb 09 ff 15 80 2e 04 00
0x00007ff9ab383378:   41 89 07 85 db 0f 84 e3 fe ff ff 3b df 74 0a b8
0x00007ff9ab383388:   04 00 00 00 e9 d7 fe ff ff 4d 85 f6 74 20 49 83
0x00007ff9ab383398:   3e 00 75 10 41 8b 46 08 f7 d8 1b c0 83 c0 03 e9 


Stack slot to memory mapping:
stack at sp + 0 slots: 0x0000000000000002 is an unknown value
stack at sp + 1 slots: 0x0 is NULL
stack at sp + 2 slots: 0x0 is NULL
stack at sp + 3 slots: 0x0 is NULL
stack at sp + 4 slots: 0x0 is NULL
stack at sp + 5 slots: 0x0 is NULL
stack at sp + 6 slots: 0x0000e93f7073f8cb is an unknown value
stack at sp + 7 slots: 0x000001eaff057800 points into unknown readable memory: 0x73726573555c3a43 | 43 3a 5c 55 73 65 72 73


Compiled method (n/a)   19229 3813     n 0       jdk.internal.reflect.NativeMethodAccessorImpl::invoke0 (native)
 total in heap  [0x000001eaa8203310,0x000001eaa82037b0] = 1184
 relocation     [0x000001eaa8203468,0x000001eaa82034a0] = 56
 main code      [0x000001eaa82034a0,0x000001eaa82037b0] = 784

[Constant Pool (empty)]

[MachCode]
[Entry Point]
  # {method} {0x000001eab81c4290} 'invoke0' '(Ljava/lang/reflect/Method;Ljava/lang/Object;[Ljava/lang/Object;)Ljava/lang/Object;' in 'jdk/internal/reflect/NativeMethodAccessorImpl'
  # parm0:    rdx:rdx   = 'java/lang/reflect/Method'
  # parm1:    r8:r8     = 'java/lang/Object'
  # parm2:    r9:r9     = '[Ljava/lang/Object;'
  #           [sp+0x80]  (sp of caller)
  0x000001eaa82034a0: 448b 5208 | 49bb 0000 | 00b8 ea01 | 0000 4d03 | d349 3bc2 | 0f84 0600 

  0x000001eaa82034b8: ;   {runtime_call ic_miss_stub}
  0x000001eaa82034b8: 0000 e9c1 | 9561 ff90 
[Verified Entry Point]
  0x000001eaa82034c0: 8984 2400 | 90ff ff55 | 488b ec48 | 83ec 704c | 894c 2438 | 4983 f900 | 488d 4424 | 3848 0f44 
  0x000001eaa82034e0: 4424 3848 | 8944 2420 | 4c89 4424 | 3049 83f8 | 004c 8d4c | 2430 4c0f | 444c 2430 | 4889 5424 
  0x000001eaa8203500: 2848 83fa | 004c 8d44 | 2428 4c0f | 4444 2428 

  0x000001eaa8203510: ;   {oop(a 'java/lang/Class'{0x000000070973fe48} = 'jdk/internal/reflect/NativeMethodAccessorImpl')}
  0x000001eaa8203510: 49be 48fe | 7309 0700 | 0000 4c89 | 7424 584c | 8d74 2458 | 498b d6c5 

  0x000001eaa8203528: ;   {internal_word}
  0x000001eaa8203528: f877 49ba | 2735 20a8 | ea01 0000 | 4d89 9798 | 0200 0049 | 89a7 9002 

  0x000001eaa8203540: ;   {external_word}
  0x000001eaa8203540: 0000 49ba | e380 7465 | f97f 0000 | 4180 3a00 | 0f84 5200 | 0000 5241 

  0x000001eaa8203558: ;   {metadata({method} {0x000001eab81c4290} 'invoke0' '(Ljava/lang/reflect/Method;Ljava/lang/Object;[Ljava/lang/Object;)Ljava/lang/Object;' in 'jdk/internal/reflect/NativeMethodAccessorImpl')}
  0x000001eaa8203558: 5041 5148 | ba88 421c | b8ea 0100 | 0049 8bcf | 4883 ec20 | f7c4 0f00 | 0000 0f84 | 1a00 0000 
  0x000001eaa8203578: 4883 ec08 

  0x000001eaa820357c: ;   {runtime_call}
  0x000001eaa820357c: 49ba 00d6 | 3165 f97f | 0000 41ff | d248 83c4 | 08e9 0d00 

  0x000001eaa8203590: ;   {runtime_call}
  0x000001eaa8203590: 0000 49ba | 00d6 3165 | f97f 0000 | 41ff d248 | 83c4 2041 | 5941 585a | 498d 8fb0 | 0200 0041 
  0x000001eaa82035b0: c787 4003 | 0000 0400 

  0x000001eaa82035b8: ;   {runtime_call}
  0x000001eaa82035b8: 0000 49ba | a43e 5fae | f97f 0000 | 41ff d2c5 | f877 41c7 | 8740 0300 | 0005 0000 | 00f0 8344 
  0x000001eaa82035d8: 24c0 0049 | 3baf 4803 | 0000 0f87 | 1100 0000 | 4181 bf30 | 0300 0000 | 0000 000f | 842c 0000 
  0x000001eaa82035f8: 00c5 f877 | 4889 45f8 | 498b cf4c | 8be4 4883 | ec20 4883 

  0x000001eaa820360c: ;   {runtime_call}
  0x000001eaa820360c: e4f0 49ba | 408d 3c65 | f97f 0000 | 41ff d249 | 8be4 4d33 | e448 8b45 | f841 c787 | 4003 0000 
  0x000001eaa820362c: 0800 0000 | 4181 bfb0 | 0300 0002 | 0000 000f | 843f 0100 

  0x000001eaa8203640: ;   {external_word}
  0x000001eaa8203640: 0049 bae3 | 8074 65f9 | 7f00 0041 | 803a 000f | 8450 0000 | 0048 8945 

  0x000001eaa8203658: ;   {metadata({method} {0x000001eab81c4290} 'invoke0' '(Ljava/lang/reflect/Method;Ljava/lang/Object;[Ljava/lang/Object;)Ljava/lang/Object;' in 'jdk/internal/reflect/NativeMethodAccessorImpl')}
  0x000001eaa8203658: f848 ba88 | 421c b8ea | 0100 0049 | 8bcf 4883 | ec20 f7c4 | 0f00 0000 | 0f84 1a00 | 0000 4883 
  0x000001eaa8203678: ;   {runtime_call}
  0x000001eaa8203678: ec08 49ba | 00d6 3165 | f97f 0000 | 41ff d248 | 83c4 08e9 | 0d00 0000 

  0x000001eaa8203690: ;   {runtime_call}
  0x000001eaa8203690: 49ba 00d6 | 3165 f97f | 0000 41ff | d248 83c4 | 2048 8b45 | f849 c787 | 9002 0000 | 0000 0000 
  0x000001eaa82036b0: 49c7 8798 | 0200 0000 | 0000 00c5 | f877 4885 | c00f 8493 | 0000 0048 | f7c0 0100 | 0000 0f84 
  0x000001eaa82036d0: 8300 0000 | 488b 40ff | 4180 7f38 | 000f 846f | 0000 0048 | 83f8 000f | 8465 0000 | 0049 8b4f 
  0x000001eaa82036f0: 2048 83f9 | 000f 8414 | 0000 0048 | 83e9 0849 | 894f 2049 | 034f 3048 | 8901 e943 | 0000 0050 
  0x000001eaa8203710: 498b d748 | 8bc8 4883 | ec20 f7c4 | 0f00 0000 | 0f84 1a00 | 0000 4883 

  0x000001eaa8203728: ;   {runtime_call}
  0x000001eaa8203728: ec08 49ba | 3009 f164 | f97f 0000 | 41ff d248 | 83c4 08e9 | 0d00 0000 

  0x000001eaa8203740: ;   {runtime_call}
  0x000001eaa8203740: 49ba 3009 | f164 f97f | 0000 41ff | d248 83c4 | 2058 e903 | 0000 0048 | 8b00 498b | 8fd8 0000 
  0x000001eaa8203760: 00c7 8100 | 0100 0000 | 0000 00c9 | 4981 7f08 | 0000 0000 | 0f85 0100 

  0x000001eaa8203778: ;   {runtime_call StubRoutines (1)}
  0x000001eaa8203778: 0000 c3e9 | 80d7 5cff | c5f8 7748 | 8945 f84c | 8be4 4883 | ec20 4883 

  0x000001eaa8203790: ;   {runtime_call}
  0x000001eaa8203790: e4f0 49ba | a006 3265 | f97f 0000 | 41ff d249 | 8be4 4d33 | e448 8b45 | f8e9 93fe | ffff f4f4 
[/MachCode]


Compiled method (c1)   19249 3812   !   1       jdk.internal.reflect.NativeMethodAccessorImpl::invoke (137 bytes)
 total in heap  [0x000001eaa8203810,0x000001eaa8204250] = 2624
 relocation     [0x000001eaa8203968,0x000001eaa82039f0] = 136
 main code      [0x000001eaa8203a00,0x000001eaa8203e60] = 1120
 stub code      [0x000001eaa8203e60,0x000001eaa8203ee8] = 136
 metadata       [0x000001eaa8203ee8,0x000001eaa8203f08] = 32
 scopes data    [0x000001eaa8203f08,0x000001eaa8203fc8] = 192
 scopes pcs     [0x000001eaa8203fc8,0x000001eaa82040e8] = 288
 dependencies   [0x000001eaa82040e8,0x000001eaa82040f0] = 8
 handler table  [0x000001eaa82040f0,0x000001eaa8204210] = 288
 nul chk table  [0x000001eaa8204210,0x000001eaa8204250] = 64

[Constant Pool (empty)]

[MachCode]
[Entry Point]
  # {method} {0x000001eab81c3d68} 'invoke' '(Ljava/lang/Object;[Ljava/lang/Object;)Ljava/lang/Object;' in 'jdk/internal/reflect/NativeMethodAccessorImpl'
  # this:     rdx:rdx   = 'jdk/internal/reflect/NativeMethodAccessorImpl'
  # parm0:    r8:r8     = 'java/lang/Object'
  # parm1:    r9:r9     = '[Ljava/lang/Object;'
  #           [sp+0xd0]  (sp of caller)
  0x000001eaa8203a00: 448b 5208 | 49bb 0000 | 00b8 ea01 | 0000 4d03 | d34c 3bd0 

  0x000001eaa8203a14: ;   {runtime_call ic_miss_stub}
  0x000001eaa8203a14: 0f85 6690 | 61ff 660f | 1f44 0000 
[Verified Entry Point]
  0x000001eaa8203a20: 8984 2400 | 90ff ff55 | 4881 ecc0 | 0000 0048 | 8954 2470 | 8b72 0cff | c689 720c 

  0x000001eaa8203a3c: ;   {oop(a 'java/lang/Class'{0x0000000709796c00} = 'jdk/internal/reflect/ReflectionFactory')}
  0x000001eaa8203a3c: 48bf 006c | 7909 0700 | 0000 8b7f | 783b f70f | 8f08 0000 | 0048 8bf2 | e9e2 0200 | 004c 898c 
  0x000001eaa8203a5c: 2480 0000 | 004c 8944 | 2478 8b72 | 1448 c1e6 | 038b 7624 | 48c1 e603 

  0x000001eaa8203a74: ; implicit exception: dispatches to 0x000001eaa8203d9a
  0x000001eaa8203a74: 483b 0648 | 8bd6 0f1f 

  0x000001eaa8203a7c: ;   {optimized virtual_call}
  0x000001eaa8203a7c: 4400 00e8 

  0x000001eaa8203a80: ; ImmutableOopMap {[112]=Oop [128]=Oop [120]=Oop }
                      ;*invokevirtual isHidden {reexecute=0 rethrow=0 return_oop=0}
                      ; - jdk.internal.reflect.NativeMethodAccessorImpl::invoke@24 (line 57)
  0x000001eaa8203a80: 3c49 9bff | 83f8 000f | 8417 0000 | 004c 8b8c | 2480 0000 | 004c 8b44 | 2478 488b | 7424 70e9 
  0x000001eaa8203aa0: 9702 0000 | 488b 5424 | 708b 4210 | 83f8 000f | 8415 0000 | 004c 8b8c | 2480 0000 | 004c 8b44 
  0x000001eaa8203ac0: 2478 488b | f2e9 7102 | 0000 488d | 7210 b800 | 0000 00bf | 0100 0000 | f00f b13e | be01 0000 
  0x000001eaa8203ae0: 000f 8405 | 0000 00be | 0000 0000 | 83fe 000f | 8515 0000 | 004c 8b8c | 2480 0000 | 004c 8b44 
  0x000001eaa8203b00: 2478 488b | f2e9 3102 | 0000 488b 

  0x000001eaa8203b0c: ;   {metadata('jdk/internal/reflect/MethodAccessorGenerator')}
  0x000001eaa8203b0c: da48 ba68 | 360f b9ea | 0100 0049 | 8b87 0801 | 0000 488d | b890 0000 | 0049 3bbf | 1801 0000 
  0x000001eaa8203b2c: 0f87 6d02 | 0000 4989 | bf08 0100 | 0048 c700 | 0100 0000 | 488b ca49 | ba00 0000 | b8ea 0100 
  0x000001eaa8203b4c: 0049 2bca | 8948 0848 | 33c9 8948 | 0c48 33c9 | 48bf 1000 | 0000 0000 | 0000 4889 | 4cf8 0848 
  0x000001eaa8203b6c: ffcf 75f6 | ba1e 0000 | 0066 8950 | 6aba 4900 | 0000 6689 | 506c 8b53 | 1448 c1e2 | 038b 7224 
  0x000001eaa8203b8c: 48c1 e603 | 8b7a 2848 | c1e7 038b | 5230 48c1 | e203 4889 | 8424 9800 | 0000 4889 | bc24 9000 
  0x000001eaa8203bac: 0000 4889 | b424 8800 | 0000 0f1f | 8000 0000 | 0048 b878 | 1c00 b8ea 

  0x000001eaa8203bc4: ;   {virtual_call}
  0x000001eaa8203bc4: 0100 00e8 

  0x000001eaa8203bc8: ; ImmutableOopMap {[128]=Oop [120]=Oop [152]=Oop [112]=Oop [144]=Oop [136]=Oop }
                      ;*invokevirtual clone {reexecute=0 rethrow=0 return_oop=0}
                      ; - java.lang.reflect.Method::getParameterTypes@4 (line 314)
                      ; - jdk.internal.reflect.NativeMethodAccessorImpl::invoke@77 (line 65)
  0x000001eaa8203bc8: 54c0 8aff | 4883 f800 | 0f84 2900 

  0x000001eaa8203bd4: ;   {metadata('java/lang/Class'[])}
  0x000001eaa8203bd4: 0000 48bb | 781c 00b8 | ea01 0000 | 8b78 0849 | ba00 0000 | b8ea 0100 | 0049 03fa | 483b 5f40 
  0x000001eaa8203bf4: 0f85 b701 | 0000 e900 | 0000 0048 | 8bf0 488b | 5424 708b | 7a14 48c1 | e703 8b5f | 2c48 c1e3 
  0x000001eaa8203c14: 038b 7f34 | 48c1 e703 | 488b d748 | 899c 24a8 | 0000 0048 | 89b4 24a0 | 0000 0066 | 0f1f 4400 
  0x000001eaa8203c34: 0048 b878 | 1c00 b8ea 

  0x000001eaa8203c3c: ;   {virtual_call}
  0x000001eaa8203c3c: 0100 00e8 

  0x000001eaa8203c40: ; ImmutableOopMap {[128]=Oop [120]=Oop [152]=Oop [144]=Oop [136]=Oop [112]=Oop [168]=Oop [160]=Oop }
                      ;*invokevirtual clone {reexecute=0 rethrow=0 return_oop=0}
                      ; - java.lang.reflect.Method::getExceptionTypes@4 (line 341)
                      ; - jdk.internal.reflect.NativeMethodAccessorImpl::invoke@91 (line 67)
  0x000001eaa8203c40: dcbf 8aff | 4883 f800 | 0f84 2a00 

  0x000001eaa8203c4c: ;   {metadata('java/lang/Class'[])}
  0x000001eaa8203c4c: 0000 48bf | 781c 00b8 | ea01 0000 | 448b 4808 | 49ba 0000 | 00b8 ea01 | 0000 4d03 | ca49 3b79 
  0x000001eaa8203c6c: 400f 854c | 0100 00e9 | 0000 0000 | 488b c848 | 8b54 2470 | 448b 4214 | 49c1 e003 

  0x000001eaa8203c88: ; implicit exception: dispatches to 0x000001eaa8203dc8
  0x000001eaa8203c88: 418b 5820 | 4c8b 8424 | 8800 0000 | 4c8b 8c24 | 9000 0000 | 488b bc24 | a000 0000 | 488b b424 
  0x000001eaa8203ca8: a800 0000 | 891c 2448 | 8b94 2498 

  0x000001eaa8203cb4: ;   {optimized virtual_call}
  0x000001eaa8203cb4: 0000 00e8 

  0x000001eaa8203cb8: ; ImmutableOopMap {[128]=Oop [120]=Oop [112]=Oop }
                      ;*invokevirtual generateMethod {reexecute=0 rethrow=0 return_oop=0}
                      ; - jdk.internal.reflect.NativeMethodAccessorImpl::invoke@101 (line 63)
  0x000001eaa8203cb8: d901 0000 | 4883 f800 | 0f84 2a00 

  0x000001eaa8203cc4: ;   {metadata('jdk/internal/reflect/MethodAccessorImpl')}
  0x000001eaa8203cc4: 0000 48be | d0ae 00b8 | ea01 0000 | 448b 4808 | 49ba 0000 | 00b8 ea01 | 0000 4d03 | ca49 3b71 
  0x000001eaa8203ce4: 400f 85e2 | 0000 00e9 | 0000 0000 | 488b d048 | 8b74 2470 | 448b 4618 | 49c1 e003 | 450f be4f 
  0x000001eaa8203d04: 3841 83f9 | 000f 85c7 | 0000 004c | 8bd2 49c1 | ea03 4589 | 500c 4d8b | c84c 33ca | 49c1 e915 
  0x000001eaa8203d24: 4983 f900 | 0f85 cd00 | 0000 4c8b | 8c24 8000 | 0000 4c8b | 4424 788b | 5614 48c1 | e203 0f1f 
  0x000001eaa8203d44: ;   {static_call}
  0x000001eaa8203d44: 4400 00e8 

  0x000001eaa8203d48: ; ImmutableOopMap {}
                      ;*invokestatic invoke0 {reexecute=0 rethrow=0 return_oop=0}
                      ; - jdk.internal.reflect.NativeMethodAccessorImpl::invoke@133 (line 77)
  0x000001eaa8203d48: 74f7 ffff | 4881 c4c0 | 0000 005d 

  0x000001eaa8203d54: ;   {poll_return}
  0x000001eaa8203d54: 493b a748 | 0300 000f | 87b2 0000 | 00c3 488b | 7424 7049 | 8b87 d803 | 0000 4d33 | d24d 8997 
  0x000001eaa8203d74: d803 0000 | 4d33 d24d | 8997 e003 | 0000 bf00 | 0000 0089 | 7e10 f083 | 4424 c000 | e9b8 0000 
  0x000001eaa8203d94: ;   {runtime_call throw_null_pointer_exception Runtime1 stub}
  0x000001eaa8203d94: 00e8 8619 

  0x000001eaa8203d98: ; ImmutableOopMap {rdx=Oop [112]=Oop [128]=Oop [120]=Oop }
                      ;*invokevirtual getDeclaringClass {reexecute=0 rethrow=0 return_oop=0}
                      ; - jdk.internal.reflect.NativeMethodAccessorImpl::invoke@21 (line 57)
                      ;   {runtime_call throw_null_pointer_exception Runtime1 stub}
  0x000001eaa8203d98: 6cff e881 

  0x000001eaa8203d9c: ; ImmutableOopMap {rdx=Oop [112]=Oop [128]=Oop [120]=Oop rsi=Oop }
                      ;*invokevirtual isHidden {reexecute=0 rethrow=0 return_oop=0}
                      ; - jdk.internal.reflect.NativeMethodAccessorImpl::invoke@24 (line 57)
  0x000001eaa8203d9c: 196c ff48 

  0x000001eaa8203da0: ;   {runtime_call fast_new_instance Runtime1 stub}
  0x000001eaa8203da0: 8bd2 e859 

  0x000001eaa8203da4: ; ImmutableOopMap {[128]=Oop [120]=Oop rbx=Oop [112]=Oop }
                      ;*new {reexecute=0 rethrow=0 return_oop=0}
                      ; - jdk.internal.reflect.NativeMethodAccessorImpl::invoke@52 (line 61)
  0x000001eaa8203da4: 226c ffe9 | c4fd ffff 

  0x000001eaa8203dac: ;   {runtime_call throw_null_pointer_exception Runtime1 stub}
  0x000001eaa8203dac: e86f 196c 

  0x000001eaa8203db0: ; ImmutableOopMap {[128]=Oop [120]=Oop rbx=Oop [112]=Oop rax=Oop rdx=Oop }
                      ;*invokevirtual getDeclaringClass {reexecute=0 rethrow=0 return_oop=0}
                      ; - jdk.internal.reflect.NativeMethodAccessorImpl::invoke@63 (line 63)
  0x000001eaa8203db0: ff48 8904 

  0x000001eaa8203db4: ;   {runtime_call throw_class_cast_exception Runtime1 stub}
  0x000001eaa8203db4: 24e8 663d 

  0x000001eaa8203db8: ; ImmutableOopMap {[128]=Oop [120]=Oop [152]=Oop [112]=Oop [144]=Oop [136]=Oop }
                      ;*checkcast {reexecute=0 rethrow=0 return_oop=0}
                      ; - java.lang.reflect.Method::getParameterTypes@7 (line 314)
                      ; - jdk.internal.reflect.NativeMethodAccessorImpl::invoke@77 (line 65)
                      ;   {runtime_call throw_null_pointer_exception Runtime1 stub}
  0x000001eaa8203db8: 6cff e861 

  0x000001eaa8203dbc: ; ImmutableOopMap {[128]=Oop [120]=Oop [152]=Oop [144]=Oop [136]=Oop rsi=Oop rdx=Oop [112]=Oop rdi=Oop }
                      ;*invokevirtual getReturnType {reexecute=0 rethrow=0 return_oop=0}
                      ; - jdk.internal.reflect.NativeMethodAccessorImpl::invoke@84 (line 66)
  0x000001eaa8203dbc: 196c ff48 

  0x000001eaa8203dc0: ;   {runtime_call throw_class_cast_exception Runtime1 stub}
  0x000001eaa8203dc0: 8904 24e8 

  0x000001eaa8203dc4: ; ImmutableOopMap {[128]=Oop [120]=Oop [152]=Oop [144]=Oop [136]=Oop [112]=Oop [168]=Oop [160]=Oop }
                      ;*checkcast {reexecute=0 rethrow=0 return_oop=0}
                      ; - java.lang.reflect.Method::getExceptionTypes@7 (line 341)
                      ; - jdk.internal.reflect.NativeMethodAccessorImpl::invoke@91 (line 67)
  0x000001eaa8203dc4: 583d 6cff 

  0x000001eaa8203dc8: ;   {runtime_call throw_null_pointer_exception Runtime1 stub}
  0x000001eaa8203dc8: e853 196c 

  0x000001eaa8203dcc: ; ImmutableOopMap {[128]=Oop [120]=Oop [152]=Oop [144]=Oop [136]=Oop [168]=Oop [160]=Oop rcx=Oop rdx=Oop [112]=Oop }
                      ;*invokevirtual getModifiers {reexecute=0 rethrow=0 return_oop=0}
                      ; - jdk.internal.reflect.NativeMethodAccessorImpl::invoke@98 (line 68)
  0x000001eaa8203dcc: ff48 8904 

  0x000001eaa8203dd0: ;   {runtime_call throw_class_cast_exception Runtime1 stub}
  0x000001eaa8203dd0: 24e8 4a3d 

  0x000001eaa8203dd4: ; ImmutableOopMap {[128]=Oop [120]=Oop [112]=Oop }
                      ;*checkcast {reexecute=0 rethrow=0 return_oop=0}
                      ; - jdk.internal.reflect.NativeMethodAccessorImpl::invoke@104 (line 63)
  0x000001eaa8203dd4: 6cff 458b | 480c 49c1 | e103 4983 | f900 0f84 | 27ff ffff | 4c89 0c24 

  0x000001eaa8203dec: ;   {runtime_call g1_pre_barrier_slow}
  0x000001eaa8203dec: e80f 706c | ffe9 19ff 

  0x000001eaa8203df4: ;   {runtime_call throw_null_pointer_exception Runtime1 stub}
  0x000001eaa8203df4: ffff e825 

  0x000001eaa8203df8: ; ImmutableOopMap {[128]=Oop [120]=Oop rdx=Oop rsi=Oop [112]=Oop r8=Oop }
                      ;*invokevirtual setDelegate {reexecute=0 rethrow=0 return_oop=0}
                      ; - jdk.internal.reflect.NativeMethodAccessorImpl::invoke@113 (line 69)
  0x000001eaa8203df8: 196c ff48 | 83fa 000f | 8429 ffff | ff4c 8904 

  0x000001eaa8203e08: ;   {runtime_call g1_post_barrier_slow}
  0x000001eaa8203e08: 24e8 f272 | 6cff e91b 

  0x000001eaa8203e10: ;   {internal_word}
  0x000001eaa8203e10: ffff ff49 | ba54 3d20 | a8ea 0100 | 004d 8997 | 6003 0000 

  0x000001eaa8203e24: ;   {runtime_call SafepointBlob}
  0x000001eaa8203e24: e9d7 f561 

  0x000001eaa8203e28: ;   {runtime_call throw_null_pointer_exception Runtime1 stub}
  0x000001eaa8203e28: ffe8 f218 

  0x000001eaa8203e2c: ; ImmutableOopMap {[128]=Oop [120]=Oop rdx=Oop rsi=Oop [112]=Oop r8=Oop }
                      ;*invokevirtual setDelegate {reexecute=0 rethrow=0 return_oop=0}
                      ; - jdk.internal.reflect.NativeMethodAccessorImpl::invoke@113 (line 69)
  0x000001eaa8203e2c: 6cff 9090 | 498b 87d8 | 0300 0049 | c787 d803 | 0000 0000 | 0000 49c7 | 87e0 0300 | 0000 0000 
  0x000001eaa8203e4c: 0048 81c4 | c000 0000 

  0x000001eaa8203e54: ;   {runtime_call unwind_exception Runtime1 stub}
  0x000001eaa8203e54: 5de9 a609 | 6cff f4f4 | f4f4 f4f4 
[Stub Code]
  0x000001eaa8203e60: ;   {no_reloc}
  0x000001eaa8203e60: 0f1f 4400 

  0x000001eaa8203e64: ;   {static_stub}
  0x000001eaa8203e64: 0048 bb00 | 0000 0000 

  0x000001eaa8203e6c: ;   {runtime_call}
  0x000001eaa8203e6c: 0000 00e9 | fbff ffff 

  0x000001eaa8203e74: ;   {static_stub}
  0x000001eaa8203e74: 9048 bb00 | 0000 0000 

  0x000001eaa8203e7c: ;   {runtime_call}
  0x000001eaa8203e7c: 0000 00e9 | fbff ffff 

  0x000001eaa8203e84: ;   {static_stub}
  0x000001eaa8203e84: 9048 bb00 | 0000 0000 

  0x000001eaa8203e8c: ;   {runtime_call}
  0x000001eaa8203e8c: 0000 00e9 | fbff ffff 

  0x000001eaa8203e94: ;   {static_stub}
  0x000001eaa8203e94: 9048 bb48 | 6623 f9ea 

  0x000001eaa8203e9c: ;   {runtime_call I2C/C2I adapters}
  0x000001eaa8203e9c: 0100 00e9 | 56ae 83ff 

  0x000001eaa8203ea4: ;   {static_stub}
  0x000001eaa8203ea4: 9048 bb00 | 0000 0000 

  0x000001eaa8203eac: ;   {runtime_call}
  0x000001eaa8203eac: 0000 00e9 | fbff ffff 
[Exception Handler]
  0x000001eaa8203eb4: ;   {runtime_call handle_exception_from_callee Runtime1 stub}
  0x000001eaa8203eb4: e847 366c 

  0x000001eaa8203eb8: ;   {external_word}
  0x000001eaa8203eb8: ff48 b9a0 | e050 65f9 | 7f00 0048 

  0x000001eaa8203ec4: ;   {runtime_call}
  0x000001eaa8203ec4: 83e4 f049 | bae0 da1e | 65f9 7f00 | 0041 ffd2 

  0x000001eaa8203ed4: ;   {section_word}
  0x000001eaa8203ed4: f449 bad5 | 3e20 a8ea | 0100 0041 

  0x000001eaa8203ee0: ;   {runtime_call DeoptimizationBlob}
  0x000001eaa8203ee0: 52e9 bae7 | 61ff f4f4 
[/MachCode]


Compiled method (c1)   19279 3801       1       jdk.internal.reflect.DelegatingMethodAccessorImpl::invoke (10 bytes)
 total in heap  [0x000001eaa8200a10,0x000001eaa8200cd8] = 712
 relocation     [0x000001eaa8200b68,0x000001eaa8200ba0] = 56
 main code      [0x000001eaa8200ba0,0x000001eaa8200c40] = 160
 stub code      [0x000001eaa8200c40,0x000001eaa8200c88] = 72
 metadata       [0x000001eaa8200c88,0x000001eaa8200c90] = 8
 scopes data    [0x000001eaa8200c90,0x000001eaa8200ca0] = 16
 scopes pcs     [0x000001eaa8200ca0,0x000001eaa8200cd0] = 48
 dependencies   [0x000001eaa8200cd0,0x000001eaa8200cd8] = 8

[Constant Pool (empty)]

[MachCode]
[Entry Point]
  # {method} {0x000001eab835fb00} 'invoke' '(Ljava/lang/Object;[Ljava/lang/Object;)Ljava/lang/Object;' in 'jdk/internal/reflect/DelegatingMethodAccessorImpl'
  # this:     rdx:rdx   = 'jdk/internal/reflect/DelegatingMethodAccessorImpl'
  # parm0:    r8:r8     = 'java/lang/Object'
  # parm1:    r9:r9     = '[Ljava/lang/Object;'
  #           [sp+0x40]  (sp of caller)
  0x000001eaa8200ba0: 448b 5208 | 49bb 0000 | 00b8 ea01 | 0000 4d03 | d34c 3bd0 

  0x000001eaa8200bb4: ;   {runtime_call ic_miss_stub}
  0x000001eaa8200bb4: 0f85 c6be | 61ff 660f | 1f44 0000 
[Verified Entry Point]
  0x000001eaa8200bc0: 8984 2400 | 90ff ff55 | 4883 ec30 | 8b52 0c48 | c1e2 0366 | 9048 b8ff | ffff ffff 

  0x000001eaa8200bdc: ;   {virtual_call}
  0x000001eaa8200bdc: ffff ffe8 

  0x000001eaa8200be0: ; ImmutableOopMap {}
                      ;*invokevirtual invoke {reexecute=0 rethrow=0 return_oop=0}
                      ; - jdk.internal.reflect.DelegatingMethodAccessorImpl::invoke@6 (line 43)
  0x000001eaa8200be0: 94b4 6cff | 4883 c430 

  0x000001eaa8200be8: ;   {poll_return}
  0x000001eaa8200be8: 5d49 3ba7 | 4803 0000 | 0f87 0100 

  0x000001eaa8200bf4: ;   {internal_word}
  0x000001eaa8200bf4: 0000 c349 | bae9 0b20 | a8ea 0100 | 004d 8997 | 6003 0000 

  0x000001eaa8200c08: ;   {runtime_call SafepointBlob}
  0x000001eaa8200c08: e9f3 2762 | ff90 9049 | 8b87 d803 | 0000 49c7 | 87d8 0300 | 0000 0000 | 0049 c787 | e003 0000 
  0x000001eaa8200c28: 0000 0000 | 4883 c430 

  0x000001eaa8200c30: ;   {runtime_call unwind_exception Runtime1 stub}
  0x000001eaa8200c30: 5de9 ca3b | 6cff f4f4 | f4f4 f4f4 | f4f4 f4f4 
[Stub Code]
  0x000001eaa8200c40: ;   {no_reloc}
  0x000001eaa8200c40: 0f1f 4400 

  0x000001eaa8200c44: ;   {static_stub}
  0x000001eaa8200c44: 0048 bb00 | 0000 0000 

  0x000001eaa8200c4c: ;   {runtime_call}
  0x000001eaa8200c4c: 0000 00e9 | fbff ffff 
[Exception Handler]
  0x000001eaa8200c54: ;   {runtime_call handle_exception_from_callee Runtime1 stub}
  0x000001eaa8200c54: e8a7 686c 

  0x000001eaa8200c58: ;   {external_word}
  0x000001eaa8200c58: ff48 b9a0 | e050 65f9 | 7f00 0048 

  0x000001eaa8200c64: ;   {runtime_call}
  0x000001eaa8200c64: 83e4 f049 | bae0 da1e | 65f9 7f00 | 0041 ffd2 

  0x000001eaa8200c74: ;   {section_word}
  0x000001eaa8200c74: f449 ba75 | 0c20 a8ea | 0100 0041 

  0x000001eaa8200c80: ;   {runtime_call DeoptimizationBlob}
  0x000001eaa8200c80: 52e9 1a1a | 62ff f4f4 
[/MachCode]


---------------  P R O C E S S  ---------------

Threads class SMR info:
_java_thread_list=0x000001eaff1826a0, length=30, elements={
0x000001eab6cc7050, 0x000001eab6cc7a10, 0x000001eab6ce8990, 0x000001eab6ce9350,
0x000001eab6ce9d10, 0x000001eab6cea6d0, 0x000001eab6ceb140, 0x000001eab6cebb40,
0x000001eab7aa61c0, 0x000001eab7ab22e0, 0x000001eafde462f0, 0x000001eafdf8a250,
0x000001eafe083a10, 0x000001eafe0ecdf0, 0x000001eafece4a90, 0x000001eafece7310,
0x000001eafece54b0, 0x000001eafece4070, 0x000001eafece68f0, 0x000001eafece59c0,
0x000001eafece7820, 0x000001eafece63e0, 0x000001eafece4580, 0x000001eafece4fa0,
0x000001eafd105ec0, 0x000001eafd106df0, 0x000001eafd104a80, 0x000001eafd104570,
0x000001eafd8e7bc0, 0x000001eafd4f9480
}

Java Threads: ( => current thread )
  0x000001eab6cc7050 JavaThread "Reference Handler" daemon [_thread_blocked, id=28284, stack(0x000000e075300000,0x000000e075400000)]
  0x000001eab6cc7a10 JavaThread "Finalizer" daemon [_thread_blocked, id=18580, stack(0x000000e075400000,0x000000e075500000)]
  0x000001eab6ce8990 JavaThread "Signal Dispatcher" daemon [_thread_blocked, id=13644, stack(0x000000e075500000,0x000000e075600000)]
  0x000001eab6ce9350 JavaThread "Attach Listener" daemon [_thread_blocked, id=30468, stack(0x000000e075600000,0x000000e075700000)]
  0x000001eab6ce9d10 JavaThread "Service Thread" daemon [_thread_blocked, id=14436, stack(0x000000e075700000,0x000000e075800000)]
  0x000001eab6cea6d0 JavaThread "Monitor Deflation Thread" daemon [_thread_blocked, id=17476, stack(0x000000e075800000,0x000000e075900000)]
  0x000001eab6ceb140 JavaThread "C1 CompilerThread0" daemon [_thread_blocked, id=27164, stack(0x000000e075900000,0x000000e075a00000)]
  0x000001eab6cebb40 JavaThread "Sweeper thread" daemon [_thread_blocked, id=34240, stack(0x000000e075a00000,0x000000e075b00000)]
  0x000001eab7aa61c0 JavaThread "Notification Thread" daemon [_thread_blocked, id=8816, stack(0x000000e075d00000,0x000000e075e00000)]
  0x000001eab7ab22e0 JavaThread "Common-Cleaner" daemon [_thread_blocked, id=12852, stack(0x000000e075f00000,0x000000e076000000)]
  0x000001eafde462f0 JavaThread "Catalina-utility-1" [_thread_blocked, id=36804, stack(0x000000e077200000,0x000000e077300000)]
  0x000001eafdf8a250 JavaThread "Catalina-utility-2" [_thread_blocked, id=14944, stack(0x000000e077300000,0x000000e077400000)]
  0x000001eafe083a10 JavaThread "container-0" [_thread_blocked, id=32272, stack(0x000000e077400000,0x000000e077500000)]
  0x000001eafe0ecdf0 JavaThread "HikariPool-1 housekeeper" daemon [_thread_blocked, id=21180, stack(0x000000e077500000,0x000000e077600000)]
  0x000001eafece4a90 JavaThread "java-sdk-http-connection-reaper" daemon [_thread_blocked, id=15032, stack(0x000000e077700000,0x000000e077800000)]
  0x000001eafece7310 JavaThread "http-nio-8080-exec-1" daemon [_thread_blocked, id=15396, stack(0x000000e077800000,0x000000e077900000)]
  0x000001eafece54b0 JavaThread "http-nio-8080-exec-2" daemon [_thread_blocked, id=20992, stack(0x000000e077900000,0x000000e077a00000)]
=>0x000001eafece4070 JavaThread "http-nio-8080-exec-3" daemon [_thread_in_native, id=12256, stack(0x000000e077a00000,0x000000e077b00000)]
  0x000001eafece68f0 JavaThread "http-nio-8080-exec-4" daemon [_thread_blocked, id=26412, stack(0x000000e077b00000,0x000000e077c00000)]
  0x000001eafece59c0 JavaThread "http-nio-8080-exec-5" daemon [_thread_blocked, id=7188, stack(0x000000e077c00000,0x000000e077d00000)]
  0x000001eafece7820 JavaThread "http-nio-8080-exec-6" daemon [_thread_blocked, id=22484, stack(0x000000e077d00000,0x000000e077e00000)]
  0x000001eafece63e0 JavaThread "http-nio-8080-exec-7" daemon [_thread_blocked, id=28576, stack(0x000000e077e00000,0x000000e077f00000)]
  0x000001eafece4580 JavaThread "http-nio-8080-exec-8" daemon [_thread_blocked, id=24284, stack(0x000000e077f00000,0x000000e078000000)]
  0x000001eafece4fa0 JavaThread "http-nio-8080-exec-9" daemon [_thread_blocked, id=12000, stack(0x000000e078000000,0x000000e078100000)]
  0x000001eafd105ec0 JavaThread "http-nio-8080-exec-10" daemon [_thread_blocked, id=5264, stack(0x000000e078100000,0x000000e078200000)]
  0x000001eafd106df0 JavaThread "http-nio-8080-Poller" daemon [_thread_in_native, id=25652, stack(0x000000e078200000,0x000000e078300000)]
  0x000001eafd104a80 JavaThread "http-nio-8080-Acceptor" daemon [_thread_in_native, id=31444, stack(0x000000e078300000,0x000000e078400000)]
  0x000001eafd104570 JavaThread "DestroyJavaVM" [_thread_blocked, id=3560, stack(0x000000e074c00000,0x000000e074d00000)]
  0x000001eafd8e7bc0 JavaThread "C1 CompilerThread1" daemon [_thread_blocked, id=2044, stack(0x000000e075b00000,0x000000e075c00000)]
  0x000001eafd4f9480 JavaThread "C1 CompilerThread2" daemon [_thread_blocked, id=18272, stack(0x000000e075c00000,0x000000e075d00000)]

Other Threads:
  0x000001eab6cc36b0 VMThread "VM Thread" [stack: 0x000000e075200000,0x000000e075300000] [id=18204]
  0x000001eab7aaa8c0 WatcherThread [stack: 0x000000e075e00000,0x000000e075f00000] [id=12468]
  0x000001ea9febc4c0 GCTaskThread "GC Thread#0" [stack: 0x000000e074d00000,0x000000e074e00000] [id=8520]
  0x000001eafd5652e0 GCTaskThread "GC Thread#1" [stack: 0x000000e076100000,0x000000e076200000] [id=32316]
  0x000001eafd5655a0 GCTaskThread "GC Thread#2" [stack: 0x000000e076200000,0x000000e076300000] [id=36780]
  0x000001eafd565e70 GCTaskThread "GC Thread#3" [stack: 0x000000e076300000,0x000000e076400000] [id=6456]
  0x000001eafd580040 GCTaskThread "GC Thread#4" [stack: 0x000000e076400000,0x000000e076500000] [id=36604]
  0x000001eafd73f520 GCTaskThread "GC Thread#5" [stack: 0x000000e076600000,0x000000e076700000] [id=8544]
  0x000001eafd73fbf0 GCTaskThread "GC Thread#6" [stack: 0x000000e076700000,0x000000e076800000] [id=16944]
  0x000001eafdc74e00 GCTaskThread "GC Thread#7" [stack: 0x000000e076500000,0x000000e076600000] [id=35760]
  0x000001eafdc750c0 GCTaskThread "GC Thread#8" [stack: 0x000000e076b00000,0x000000e076c00000] [id=16064]
  0x000001eafdc99ca0 GCTaskThread "GC Thread#9" [stack: 0x000000e076c00000,0x000000e076d00000] [id=24468]
  0x000001eafdc99f60 GCTaskThread "GC Thread#10" [stack: 0x000000e076d00000,0x000000e076e00000] [id=24832]
  0x000001eafdc9a630 GCTaskThread "GC Thread#11" [stack: 0x000000e076e00000,0x000000e076f00000] [id=25832]
  0x000001eafdc9a8f0 GCTaskThread "GC Thread#12" [stack: 0x000000e076f00000,0x000000e077000000] [id=30368]
  0x000001ea9fecdee0 ConcurrentGCThread "G1 Main Marker" [stack: 0x000000e074e00000,0x000000e074f00000] [id=20924]
  0x000001ea9fed24e0 ConcurrentGCThread "G1 Conc#0" [stack: 0x000000e074f00000,0x000000e075000000] [id=7236]
  0x000001eafdd41b10 ConcurrentGCThread "G1 Conc#1" [stack: 0x000000e077000000,0x000000e077100000] [id=32648]
  0x000001eafdd42b90 ConcurrentGCThread "G1 Conc#2" [stack: 0x000000e077100000,0x000000e077200000] [id=33104]
  0x000001ea9ff0e380 ConcurrentGCThread "G1 Refine#0" [stack: 0x000000e075000000,0x000000e075100000] [id=21648]
  0x000001ea9ff0eb50 ConcurrentGCThread "G1 Service" [stack: 0x000000e075100000,0x000000e075200000] [id=5656]

Threads with active compile tasks:

VM state: not at safepoint (normal execution)

VM Mutex/Monitor currently owned by a thread: None

Heap address: 0x0000000709400000, size: 3948 MB, Compressed Oops mode: Zero based, Oop shift amount: 3

CDS archive(s) mapped at: [0x000001eab8000000-0x000001eab8bd0000-0x000001eab8bd0000), size 12386304, SharedBaseAddress: 0x000001eab8000000, ArchiveRelocationMode: 1.
Compressed class space mapped at: 0x000001eab9000000-0x000001eaf9000000, reserved size: 1073741824
Narrow klass base: 0x000001eab8000000, Narrow klass shift: 0, Narrow klass range: 0x100000000

GC Precious Log:
 CPUs: 16 total, 16 available
 Memory: 15789M
 Large Page Support: Disabled
 NUMA Support: Disabled
 Compressed Oops: Enabled (Zero based)
 Heap Region Size: 2M
 Heap Min Capacity: 8M
 Heap Initial Capacity: 248M
 Heap Max Capacity: 3948M
 Pre-touch: Disabled
 Parallel Workers: 13
 Concurrent Workers: 3
 Concurrent Refinement Workers: 13
 Periodic GC: Disabled

Heap:
 garbage-first heap   total 116736K, used 46215K [0x0000000709400000, 0x0000000800000000)
  region size 2048K, 9 young (18432K), 1 survivors (2048K)
 Metaspace       used 65062K, committed 65600K, reserved 1114112K
  class space    used 8953K, committed 9216K, reserved 1048576K

Heap Regions: E=young(eden), S=young(survivor), O=old, HS=humongous(starts), HC=humongous(continues), CS=collection set, F=free, OA=open archive, CA=closed archive, TAMS=top-at-mark-start (previous, next)
|   0|0x0000000709400000, 0x0000000709600000, 0x0000000709600000|100%| O|  |TAMS 0x0000000709600000, 0x0000000709400000| Untracked 
|   1|0x0000000709600000, 0x0000000709800000, 0x0000000709800000|100%| O|  |TAMS 0x0000000709800000, 0x0000000709600000| Untracked 
|   2|0x0000000709800000, 0x0000000709a00000, 0x0000000709a00000|100%| O|  |TAMS 0x0000000709a00000, 0x0000000709800000| Untracked 
|   3|0x0000000709a00000, 0x0000000709c00000, 0x0000000709c00000|100%| O|  |TAMS 0x0000000709acb200, 0x0000000709a00000| Untracked 
|   4|0x0000000709c00000, 0x0000000709e00000, 0x0000000709e00000|100%| O|  |TAMS 0x0000000709e00000, 0x0000000709c00000| Untracked 
|   5|0x0000000709e00000, 0x000000070a000000, 0x000000070a000000|100%| O|  |TAMS 0x000000070a000000, 0x0000000709e00000| Untracked 
|   6|0x000000070a000000, 0x000000070a200000, 0x000000070a200000|100%| O|  |TAMS 0x000000070a200000, 0x000000070a000000| Untracked 
|   7|0x000000070a200000, 0x000000070a400000, 0x000000070a400000|100%| O|  |TAMS 0x000000070a400000, 0x000000070a200000| Untracked 
|   8|0x000000070a400000, 0x000000070a600000, 0x000000070a600000|100%| O|  |TAMS 0x000000070a600000, 0x000000070a400000| Untracked 
|   9|0x000000070a600000, 0x000000070a800000, 0x000000070a800000|100%| O|  |TAMS 0x000000070a600000, 0x000000070a600000| Untracked 
|  10|0x000000070a800000, 0x000000070aa00000, 0x000000070aa00000|100%| O|  |TAMS 0x000000070a800000, 0x000000070a800000| Untracked 
|  11|0x000000070aa00000, 0x000000070ac00000, 0x000000070ac00000|100%| O|  |TAMS 0x000000070aa00000, 0x000000070aa00000| Untracked 
|  12|0x000000070ac00000, 0x000000070ae00000, 0x000000070ae00000|100%| O|  |TAMS 0x000000070ae00000, 0x000000070ac00000| Untracked 
|  13|0x000000070ae00000, 0x000000070b000000, 0x000000070b000000|100%| O|  |TAMS 0x000000070ae00000, 0x000000070ae00000| Untracked 
|  14|0x000000070b000000, 0x000000070b180800, 0x000000070b200000| 75%| O|  |TAMS 0x000000070b000000, 0x000000070b000000| Untracked 
|  15|0x000000070b200000, 0x000000070b200000, 0x000000070b400000|  0%| F|  |TAMS 0x000000070b200000, 0x000000070b200000| Untracked 
|  16|0x000000070b400000, 0x000000070b400000, 0x000000070b600000|  0%| F|  |TAMS 0x000000070b400000, 0x000000070b400000| Untracked 
|  17|0x000000070b600000, 0x000000070b600000, 0x000000070b800000|  0%| F|  |TAMS 0x000000070b600000, 0x000000070b600000| Untracked 
|  18|0x000000070b800000, 0x000000070b800000, 0x000000070ba00000|  0%| F|  |TAMS 0x000000070b800000, 0x000000070b800000| Untracked 
|  19|0x000000070ba00000, 0x000000070ba00000, 0x000000070bc00000|  0%| F|  |TAMS 0x000000070ba00000, 0x000000070ba00000| Untracked 
|  20|0x000000070bc00000, 0x000000070bc00000, 0x000000070be00000|  0%| F|  |TAMS 0x000000070bc00000, 0x000000070bc00000| Untracked 
|  21|0x000000070be00000, 0x000000070be00000, 0x000000070c000000|  0%| F|  |TAMS 0x000000070be00000, 0x000000070be00000| Untracked 
|  22|0x000000070c000000, 0x000000070c000000, 0x000000070c200000|  0%| F|  |TAMS 0x000000070c000000, 0x000000070c000000| Untracked 
|  23|0x000000070c200000, 0x000000070c200000, 0x000000070c400000|  0%| F|  |TAMS 0x000000070c200000, 0x000000070c200000| Untracked 
|  24|0x000000070c400000, 0x000000070c400000, 0x000000070c600000|  0%| F|  |TAMS 0x000000070c400000, 0x000000070c400000| Untracked 
|  25|0x000000070c600000, 0x000000070c600000, 0x000000070c800000|  0%| F|  |TAMS 0x000000070c600000, 0x000000070c600000| Untracked 
|  26|0x000000070c800000, 0x000000070c800000, 0x000000070ca00000|  0%| F|  |TAMS 0x000000070c800000, 0x000000070c800000| Untracked 
|  27|0x000000070ca00000, 0x000000070ca00000, 0x000000070cc00000|  0%| F|  |TAMS 0x000000070ca00000, 0x000000070ca00000| Untracked 
|  28|0x000000070cc00000, 0x000000070cc00000, 0x000000070ce00000|  0%| F|  |TAMS 0x000000070cc00000, 0x000000070cc00000| Untracked 
|  29|0x000000070ce00000, 0x000000070ce00000, 0x000000070d000000|  0%| F|  |TAMS 0x000000070ce00000, 0x000000070ce00000| Untracked 
|  30|0x000000070d000000, 0x000000070d000000, 0x000000070d200000|  0%| F|  |TAMS 0x000000070d000000, 0x000000070d000000| Untracked 
|  31|0x000000070d200000, 0x000000070d200000, 0x000000070d400000|  0%| F|  |TAMS 0x000000070d200000, 0x000000070d200000| Untracked 
|  32|0x000000070d400000, 0x000000070d400000, 0x000000070d600000|  0%| F|  |TAMS 0x000000070d400000, 0x000000070d400000| Untracked 
|  33|0x000000070d600000, 0x000000070d600000, 0x000000070d800000|  0%| F|  |TAMS 0x000000070d600000, 0x000000070d600000| Untracked 
|  34|0x000000070d800000, 0x000000070d800000, 0x000000070da00000|  0%| F|  |TAMS 0x000000070d800000, 0x000000070d800000| Untracked 
|  35|0x000000070da00000, 0x000000070da00000, 0x000000070dc00000|  0%| F|  |TAMS 0x000000070da00000, 0x000000070da00000| Untracked 
|  36|0x000000070dc00000, 0x000000070dc00000, 0x000000070de00000|  0%| F|  |TAMS 0x000000070dc00000, 0x000000070dc00000| Untracked 
|  37|0x000000070de00000, 0x000000070de00000, 0x000000070e000000|  0%| F|  |TAMS 0x000000070de00000, 0x000000070de00000| Untracked 
|  38|0x000000070e000000, 0x000000070e000000, 0x000000070e200000|  0%| F|  |TAMS 0x000000070e000000, 0x000000070e000000| Untracked 
|  39|0x000000070e200000, 0x000000070e200000, 0x000000070e400000|  0%| F|  |TAMS 0x000000070e200000, 0x000000070e200000| Untracked 
|  40|0x000000070e400000, 0x000000070e400000, 0x000000070e600000|  0%| F|  |TAMS 0x000000070e400000, 0x000000070e400000| Untracked 
|  41|0x000000070e600000, 0x000000070e600000, 0x000000070e800000|  0%| F|  |TAMS 0x000000070e600000, 0x000000070e600000| Untracked 
|  42|0x000000070e800000, 0x000000070e800000, 0x000000070ea00000|  0%| F|  |TAMS 0x000000070e800000, 0x000000070e800000| Untracked 
|  43|0x000000070ea00000, 0x000000070ea00000, 0x000000070ec00000|  0%| F|  |TAMS 0x000000070ea00000, 0x000000070ea00000| Untracked 
|  44|0x000000070ec00000, 0x000000070ec00000, 0x000000070ee00000|  0%| F|  |TAMS 0x000000070ec00000, 0x000000070ec00000| Untracked 
|  45|0x000000070ee00000, 0x000000070ee00000, 0x000000070f000000|  0%| F|  |TAMS 0x000000070ee00000, 0x000000070ee00000| Untracked 
|  46|0x000000070f000000, 0x000000070f000000, 0x000000070f200000|  0%| F|  |TAMS 0x000000070f000000, 0x000000070f000000| Untracked 
|  47|0x000000070f200000, 0x000000070f200000, 0x000000070f400000|  0%| F|  |TAMS 0x000000070f200000, 0x000000070f200000| Untracked 
|  48|0x000000070f400000, 0x000000070f45a898, 0x000000070f600000| 17%| E|  |TAMS 0x000000070f400000, 0x000000070f400000| Complete 
|  49|0x000000070f600000, 0x000000070f800000, 0x000000070f800000|100%| E|CS|TAMS 0x000000070f600000, 0x000000070f600000| Complete 
|  50|0x000000070f800000, 0x000000070fa00000, 0x000000070fa00000|100%| E|CS|TAMS 0x000000070f800000, 0x000000070f800000| Complete 
|  51|0x000000070fa00000, 0x000000070fc00000, 0x000000070fc00000|100%| E|CS|TAMS 0x000000070fa00000, 0x000000070fa00000| Complete 
|  52|0x000000070fc00000, 0x000000070fe00000, 0x000000070fe00000|100%| E|CS|TAMS 0x000000070fc00000, 0x000000070fc00000| Complete 
|  53|0x000000070fe00000, 0x0000000710000000, 0x0000000710000000|100%| E|CS|TAMS 0x000000070fe00000, 0x000000070fe00000| Complete 
|  54|0x0000000710000000, 0x0000000710200000, 0x0000000710200000|100%| E|CS|TAMS 0x0000000710000000, 0x0000000710000000| Complete 
| 106|0x0000000716800000, 0x00000007169a1540, 0x0000000716a00000| 81%| S|CS|TAMS 0x0000000716800000, 0x0000000716800000| Complete 
| 123|0x0000000718a00000, 0x0000000718c00000, 0x0000000718c00000|100%| E|CS|TAMS 0x0000000718a00000, 0x0000000718a00000| Complete 

Card table byte_map: [0x000001eaabd70000,0x000001eaac530000] _byte_map_base: 0x000001eaa8526000

Marking Bits (Prev, Next): (CMBitMap*) 0x000001ea9febcb20, (CMBitMap*) 0x000001ea9febcae0
 Prev Bits: [0x000001eab0aa0000, 0x000001eab4850000)
 Next Bits: [0x000001eaaccf0000, 0x000001eab0aa0000)

Polling page: 0x000001ea9e5f0000

Metaspace:

Usage:
  Non-class:     54.79 MB used.
      Class:      8.74 MB used.
       Both:     63.54 MB used.

Virtual space:
  Non-class space:       64.00 MB reserved,      55.06 MB ( 86%) committed,  1 nodes.
      Class space:        1.00 GB reserved,       9.00 MB ( <1%) committed,  1 nodes.
             Both:        1.06 GB reserved,      64.06 MB (  6%) committed. 

Chunk freelists:
   Non-Class:  8.02 MB
       Class:  7.06 MB
        Both:  15.08 MB

MaxMetaspaceSize: unlimited
CompressedClassSpaceSize: 1.00 GB
Initial GC threshold: 21.00 MB
Current GC threshold: 98.06 MB
CDS: on
MetaspaceReclaimPolicy: balanced
 - commit_granule_bytes: 65536.
 - commit_granule_words: 8192.
 - virtual_space_node_default_size: 8388608.
 - enlarge_chunks_in_place: 1.
 - new_chunks_are_fully_committed: 0.
 - uncommit_free_chunks: 1.
 - use_allocation_guard: 0.
 - handle_deallocations: 1.


Internal statistics:

num_allocs_failed_limit: 9.
num_arena_births: 782.
num_arena_deaths: 0.
num_vsnodes_births: 2.
num_vsnodes_deaths: 0.
num_space_committed: 1025.
num_space_uncommitted: 0.
num_chunks_returned_to_freelist: 9.
num_chunks_taken_from_freelist: 3024.
num_chunk_merges: 9.
num_chunk_splits: 2210.
num_chunks_enlarged: 1733.
num_inconsistent_stats: 0.

CodeCache: size=49152Kb used=11144Kb max_used=12681Kb free=38008Kb
 bounds [0x000001eaa77d0000, 0x000001eaa8440000, 0x000001eaaa7d0000]
 total_blobs=6150 nmethods=5379 adapters=696
 compilation: enabled
              stopped_count=0, restarted_count=0
 full_count=0

Compilation events (20 events):
Event: 18.298 Thread 0x000001eafd4f9480 5370       1       sun.security.provider.MD5::II (31 bytes)
Event: 18.298 Thread 0x000001eafd4f9480 nmethod 5370 0x000001eaa7b14790 code [0x000001eaa7b14920, 0x000001eaa7b149f8]
Event: 18.298 Thread 0x000001eab6ceb140 nmethod 5368 0x000001eaa7b14190 code [0x000001eaa7b14320, 0x000001eaa7b143f8]
Event: 18.299 Thread 0x000001eafd8e7bc0 nmethod 5369 0x000001eaa7b14490 code [0x000001eaa7b14620, 0x000001eaa7b146f8]
Event: 18.299 Thread 0x000001eafd8e7bc0 5371       1       sun.security.provider.MD5::implCompress (13 bytes)
Event: 18.299 Thread 0x000001eab6ceb140 5373       1       sun.security.provider.MD5::implCompress0 (1407 bytes)
Event: 18.299 Thread 0x000001eafd4f9480 5372       1       sun.security.provider.MD5::implCompressCheck (27 bytes)
Event: 18.299 Thread 0x000001eafd8e7bc0 nmethod 5371 0x000001eaa7b13c10 code [0x000001eaa7b13dc0, 0x000001eaa7b14008]
Event: 18.299 Thread 0x000001eafd4f9480 nmethod 5372 0x000001eaa7b13710 code [0x000001eaa7b138c0, 0x000001eaa7b13ad8]
Event: 18.302 Thread 0x000001eab6ceb140 nmethod 5373 0x000001eaa7b11610 code [0x000001eaa7b118a0, 0x000001eaa7b12c18]
Event: 18.645 Thread 0x000001eab6ceb140 5374 %     1       com.sun.crypto.provider.CounterMode::implCrypt @ 3 (88 bytes)
Event: 18.645 Thread 0x000001eab6ceb140 nmethod 5374% 0x000001eaa7b10e10 code [0x000001eaa7b10fc0, 0x000001eaa7b11388]
Event: 18.645 Thread 0x000001eab6ceb140 5375       1       com.sun.crypto.provider.CounterMode::implCrypt (88 bytes)
Event: 18.645 Thread 0x000001eafd4f9480 5376       1       java.nio.Buffer::checkScope (16 bytes)
Event: 18.645 Thread 0x000001eafd4f9480 nmethod 5376 0x000001eaa7b10a90 code [0x000001eaa7b10c40, 0x000001eaa7b10d78]
Event: 18.645 Thread 0x000001eab6ceb140 nmethod 5375 0x000001eaa7b10410 code [0x000001eaa7b105c0, 0x000001eaa7b10888]
Event: 19.143 Thread 0x000001eafd4f9480 5377       1       java.util.ArrayList::forEach (74 bytes)
Event: 19.143 Thread 0x000001eafd4f9480 nmethod 5377 0x000001eaa7b0fd90 code [0x000001eaa7b0ff60, 0x000001eaa7b10228]
Event: 19.145 Thread 0x000001eafd4f9480 5378       1       jdk.internal.loader.NativeLibraries$NativeLibraryImpl::find (6 bytes)
Event: 19.145 Thread 0x000001eafd4f9480 nmethod 5378 0x000001eaa7b0f690 code [0x000001eaa7b0f820, 0x000001eaa7b0f908]

GC Heap History (20 events):
Event: 0.904 GC heap before
{Heap before GC invocations=1 (full 0):
 garbage-first heap   total 253952K, used 26286K [0x0000000709400000, 0x0000000800000000)
  region size 2048K, 12 young (24576K), 2 survivors (4096K)
 Metaspace       used 7792K, committed 8064K, reserved 1114112K
  class space    used 1109K, committed 1216K, reserved 1048576K
}
Event: 0.906 GC heap after
{Heap after GC invocations=2 (full 0):
 garbage-first heap   total 253952K, used 9569K [0x0000000709400000, 0x0000000800000000)
  region size 2048K, 1 young (2048K), 1 survivors (2048K)
 Metaspace       used 7792K, committed 8064K, reserved 1114112K
  class space    used 1109K, committed 1216K, reserved 1048576K
}
Event: 1.478 GC heap before
{Heap before GC invocations=2 (full 0):
 garbage-first heap   total 253952K, used 66913K [0x0000000709400000, 0x0000000800000000)
  region size 2048K, 29 young (59392K), 1 survivors (2048K)
 Metaspace       used 17566K, committed 17920K, reserved 1114112K
  class space    used 2360K, committed 2496K, reserved 1048576K
}
Event: 1.483 GC heap after
{Heap after GC invocations=3 (full 0):
 garbage-first heap   total 253952K, used 14278K [0x0000000709400000, 0x0000000800000000)
  region size 2048K, 4 young (8192K), 4 survivors (8192K)
 Metaspace       used 17566K, committed 17920K, reserved 1114112K
  class space    used 2360K, committed 2496K, reserved 1048576K
}
Event: 1.931 GC heap before
{Heap before GC invocations=3 (full 0):
 garbage-first heap   total 253952K, used 40902K [0x0000000709400000, 0x0000000800000000)
  region size 2048K, 18 young (36864K), 4 survivors (8192K)
 Metaspace       used 21151K, committed 21504K, reserved 1114112K
  class space    used 2863K, committed 3072K, reserved 1048576K
}
Event: 1.935 GC heap after
{Heap after GC invocations=4 (full 0):
 garbage-first heap   total 253952K, used 15753K [0x0000000709400000, 0x0000000800000000)
  region size 2048K, 4 young (8192K), 4 survivors (8192K)
 Metaspace       used 21151K, committed 21504K, reserved 1114112K
  class space    used 2863K, committed 3072K, reserved 1048576K
}
Event: 2.459 GC heap before
{Heap before GC invocations=5 (full 0):
 garbage-first heap   total 61440K, used 42377K [0x0000000709400000, 0x0000000800000000)
  region size 2048K, 18 young (36864K), 4 survivors (8192K)
 Metaspace       used 25623K, committed 26048K, reserved 1114112K
  class space    used 3504K, committed 3712K, reserved 1048576K
}
Event: 2.466 GC heap after
{Heap after GC invocations=6 (full 0):
 garbage-first heap   total 61440K, used 17989K [0x0000000709400000, 0x0000000800000000)
  region size 2048K, 3 young (6144K), 3 survivors (6144K)
 Metaspace       used 25623K, committed 26048K, reserved 1114112K
  class space    used 3504K, committed 3712K, reserved 1048576K
}
Event: 2.507 GC heap before
{Heap before GC invocations=6 (full 0):
 garbage-first heap   total 61440K, used 20037K [0x0000000709400000, 0x0000000800000000)
  region size 2048K, 4 young (8192K), 3 survivors (6144K)
 Metaspace       used 25805K, committed 26176K, reserved 1114112K
  class space    used 3521K, committed 3712K, reserved 1048576K
}
Event: 2.513 GC heap after
{Heap after GC invocations=7 (full 0):
 garbage-first heap   total 61440K, used 18588K [0x0000000709400000, 0x0000000800000000)
  region size 2048K, 1 young (2048K), 1 survivors (2048K)
 Metaspace       used 25805K, committed 26176K, reserved 1114112K
  class space    used 3521K, committed 3712K, reserved 1048576K
}
Event: 2.895 GC heap before
{Heap before GC invocations=7 (full 0):
 garbage-first heap   total 61440K, used 39068K [0x0000000709400000, 0x0000000800000000)
  region size 2048K, 12 young (24576K), 1 survivors (2048K)
 Metaspace       used 30381K, committed 30848K, reserved 1114112K
  class space    used 4082K, committed 4288K, reserved 1048576K
}
Event: 2.897 GC heap after
{Heap after GC invocations=8 (full 0):
 garbage-first heap   total 61440K, used 19415K [0x0000000709400000, 0x0000000800000000)
  region size 2048K, 1 young (2048K), 1 survivors (2048K)
 Metaspace       used 30381K, committed 30848K, reserved 1114112K
  class space    used 4082K, committed 4288K, reserved 1048576K
}
Event: 3.248 GC heap before
{Heap before GC invocations=8 (full 0):
 garbage-first heap   total 61440K, used 39895K [0x0000000709400000, 0x0000000800000000)
  region size 2048K, 12 young (24576K), 1 survivors (2048K)
 Metaspace       used 35494K, committed 35968K, reserved 1114112K
  class space    used 4798K, committed 5056K, reserved 1048576K
}
Event: 3.251 GC heap after
{Heap after GC invocations=9 (full 0):
 garbage-first heap   total 61440K, used 20186K [0x0000000709400000, 0x0000000800000000)
  region size 2048K, 2 young (4096K), 2 survivors (4096K)
 Metaspace       used 35494K, committed 35968K, reserved 1114112K
  class space    used 4798K, committed 5056K, reserved 1048576K
}
Event: 3.612 GC heap before
{Heap before GC invocations=10 (full 0):
 garbage-first heap   total 61440K, used 42714K [0x0000000709400000, 0x0000000800000000)
  region size 2048K, 13 young (26624K), 2 survivors (4096K)
 Metaspace       used 39720K, committed 40192K, reserved 1114112K
  class space    used 5527K, committed 5760K, reserved 1048576K
}
Event: 3.614 GC heap after
{Heap after GC invocations=11 (full 0):
 garbage-first heap   total 157696K, used 21160K [0x0000000709400000, 0x0000000800000000)
  region size 2048K, 1 young (2048K), 1 survivors (2048K)
 Metaspace       used 39720K, committed 40192K, reserved 1114112K
  class space    used 5527K, committed 5760K, reserved 1048576K
}
Event: 5.433 GC heap before
{Heap before GC invocations=11 (full 0):
 garbage-first heap   total 157696K, used 113320K [0x0000000709400000, 0x0000000800000000)
  region size 2048K, 46 young (94208K), 1 survivors (2048K)
 Metaspace       used 58002K, committed 58560K, reserved 1114112K
  class space    used 8044K, committed 8320K, reserved 1048576K
}
Event: 5.440 GC heap after
{Heap after GC invocations=12 (full 0):
 garbage-first heap   total 157696K, used 30323K [0x0000000709400000, 0x0000000800000000)
  region size 2048K, 6 young (12288K), 6 survivors (12288K)
 Metaspace       used 58002K, committed 58560K, reserved 1114112K
  class space    used 8044K, committed 8320K, reserved 1048576K
}
Event: 7.381 GC heap before
{Heap before GC invocations=12 (full 0):
 garbage-first heap   total 157696K, used 36467K [0x0000000709400000, 0x0000000800000000)
  region size 2048K, 10 young (20480K), 6 survivors (12288K)
 Metaspace       used 59653K, committed 60160K, reserved 1114112K
  class space    used 8216K, committed 8448K, reserved 1048576K
}
Event: 7.386 GC heap after
{Heap after GC invocations=13 (full 0):
 garbage-first heap   total 157696K, used 31879K [0x0000000709400000, 0x0000000800000000)
  region size 2048K, 1 young (2048K), 1 survivors (2048K)
 Metaspace       used 59653K, committed 60160K, reserved 1114112K
  class space    used 8216K, committed 8448K, reserved 1048576K
}

Deoptimization events (6 events):
Event: 2.628 Thread 0x000001ea9fe51c60 DEOPT PACKING pc=0x000001eaa7ef9309 sp=0x000000e074cfe950
Event: 2.628 Thread 0x000001ea9fe51c60 DEOPT UNPACKING pc=0x000001eaa7822b43 sp=0x000000e074cfdde0 mode 3
Event: 2.628 Thread 0x000001eafdf8a250 DEOPT PACKING pc=0x000001eaa7ef4b9f sp=0x000000e0773fed40
Event: 2.628 Thread 0x000001eafdf8a250 DEOPT UNPACKING pc=0x000001eaa7822b43 sp=0x000000e0773fe198 mode 3
Event: 4.356 Thread 0x000001ea9fe51c60 DEOPT PACKING pc=0x000001eaa7f4d4d2 sp=0x000000e074cfa780
Event: 4.356 Thread 0x000001ea9fe51c60 DEOPT UNPACKING pc=0x000001eaa7822b43 sp=0x000000e074cf9c88 mode 3

Classes unloaded (0 events):
No events

Classes redefined (0 events):
No events

Internal exceptions (20 events):
Event: 4.673 Thread 0x000001ea9fe51c60 Exception <a 'sun/nio/fs/WindowsException'{0x000000070fbb4150}> (0x000000070fbb4150) 
thrown [s\open\src\hotspot\share\prims\jni.cpp, line 516]
Event: 4.680 Thread 0x000001ea9fe51c60 Exception <a 'sun/nio/fs/WindowsException'{0x000000070fbba070}> (0x000000070fbba070) 
thrown [s\open\src\hotspot\share\prims\jni.cpp, line 516]
Event: 4.686 Thread 0x000001ea9fe51c60 Exception <a 'sun/nio/fs/WindowsException'{0x000000070fbbfe70}> (0x000000070fbbfe70) 
thrown [s\open\src\hotspot\share\prims\jni.cpp, line 516]
Event: 4.690 Thread 0x000001ea9fe51c60 Exception <a 'sun/nio/fs/WindowsException'{0x000000070fbc5c50}> (0x000000070fbc5c50) 
thrown [s\open\src\hotspot\share\prims\jni.cpp, line 516]
Event: 4.695 Thread 0x000001ea9fe51c60 Exception <a 'sun/nio/fs/WindowsException'{0x000000070fbcba60}> (0x000000070fbcba60) 
thrown [s\open\src\hotspot\share\prims\jni.cpp, line 516]
Event: 4.750 Thread 0x000001ea9fe51c60 Exception <a 'sun/nio/fs/WindowsException'{0x000000070fbd1848}> (0x000000070fbd1848) 
thrown [s\open\src\hotspot\share\prims\jni.cpp, line 516]
Event: 4.825 Thread 0x000001ea9fe51c60 Exception <a 'sun/nio/fs/WindowsException'{0x000000070fbd7658}> (0x000000070fbd7658) 
thrown [s\open\src\hotspot\share\prims\jni.cpp, line 516]
Event: 5.088 Thread 0x000001ea9fe51c60 Exception <a 'sun/nio/fs/WindowsException'{0x000000070eaa66e8}> (0x000000070eaa66e8) 
thrown [s\open\src\hotspot\share\prims\jni.cpp, line 516]
Event: 5.129 Thread 0x000001ea9fe51c60 Exception <a 'java/lang/IncompatibleClassChangeError'{0x000000070e975de0}: Found class java.lang.Object, but interface was expected> (0x000000070e975de0) 
thrown [s\open\src\hotspot\share\interpreter\linkResolver.cpp, line 826]
Event: 5.162 Thread 0x000001ea9fe51c60 Exception <a 'java/lang/NoSuchMethodError'{0x000000070e772520}: 'void java.lang.invoke.DirectMethodHandle$Holder.invokeVirtual(java.lang.Object, java.lang.Object, long)'> (0x000000070e772520) 
thrown [s\open\src\hotspot\share\interpreter\linkResolver.cpp, line 759]
Event: 5.232 Thread 0x000001ea9fe51c60 Exception <a 'java/lang/IncompatibleClassChangeError'{0x000000070e3c8478}: Found class java.lang.Object, but interface was expected> (0x000000070e3c8478) 
thrown [s\open\src\hotspot\share\interpreter\linkResolver.cpp, line 826]
Event: 5.284 Thread 0x000001ea9fe51c60 Exception <a 'java/lang/NoSuchMethodError'{0x000000070dc188d8}: 'java.lang.Object java.lang.invoke.DirectMethodHandle$Holder.invokeSpecial(java.lang.Object, java.lang.Object, java.lang.Object, java.lang.Object, java.lang.Object, java.lang.Object, java.lang.Object, java.lang.Object, java.lang.Object, java.lang.Object, java.lang.Object)'> (0x000000070dc188d8) 
thrown [s\open\src\hotspot\share\interpreter\linkResolver.cpp, line 759]
Event: 5.284 Thread 0x000001ea9fe51c60 Exception <a 'java/lang/NoSuchMethodError'{0x000000070dc1d0a8}: 'java.lang.Object java.lang.invoke.Invokers$Holder.invoke_MT(java.lang.Object, java.lang.Object, java.lang.Object, java.lang.Object, java.lang.Object, java.lang.Object, java.lang.Object, java.lang.Object, java.lang.Object, java.lang.Object, java.lang.Object)'> (0x000000070dc1d0a8) 
thrown [s\open\src\hotspot\share\interpreter\linkResolver.cpp, line 759]
Event: 5.326 Thread 0x000001ea9fe51c60 Exception <a 'java/lang/NoSuchMethodError'{0x000000070daba220}: 'java.lang.Object java.lang.invoke.DirectMethodHandle$Holder.newInvokeSpecial(java.lang.Object, java.lang.Object, int, java.lang.Object, java.lang.Object)'> (0x000000070daba220) 
thrown [s\open\src\hotspot\share\interpreter\linkResolver.cpp, line 759]
Event: 5.425 Thread 0x000001eafece7310 Exception <a 'java/lang/NoSuchMethodError'{0x000000070d5937b8}: 'java.lang.Object java.lang.invoke.DirectMethodHandle$Holder.invokeSpecial(java.lang.Object, java.lang.Object, java.lang.Object, java.lang.Object, java.lang.Object, long)'> (0x000000070d5937b8) 
thrown [s\open\src\hotspot\share\interpreter\linkResolver.cpp, line 759]
Event: 5.425 Thread 0x000001eafece7310 Exception <a 'java/lang/NoSuchMethodError'{0x000000070d5971f8}: 'java.lang.Object java.lang.invoke.Invokers$Holder.linkToTargetMethod(java.lang.Object, java.lang.Object, java.lang.Object, long, java.lang.Object)'> (0x000000070d5971f8) 
thrown [s\open\src\hotspot\share\interpreter\linkResolver.cpp, line 759]
Event: 5.551 Thread 0x000001eafece7310 Exception <a 'java/lang/NoSuchMethodError'{0x0000000716d6d410}: 'java.lang.Object java.lang.invoke.DirectMethodHandle$Holder.invokeStatic(java.lang.Object, int, int)'> (0x0000000716d6d410) 
thrown [s\open\src\hotspot\share\interpreter\linkResolver.cpp, line 759]
Event: 16.870 Thread 0x000001eafece4070 Exception <a 'sun/nio/fs/WindowsException'{0x000000070f78f800}> (0x000000070f78f800) 
thrown [s\open\src\hotspot\share\prims\jni.cpp, line 516]
Event: 19.144 Thread 0x000001eafece4070 Exception <a 'sun/nio/fs/WindowsException'{0x000000070f4404a8}> (0x000000070f4404a8) 
thrown [s\open\src\hotspot\share\prims\jni.cpp, line 516]
Event: 19.145 Thread 0x000001eafece4070 Exception <a 'sun/nio/fs/WindowsException'{0x000000070f4407a8}> (0x000000070f4407a8) 
thrown [s\open\src\hotspot\share\prims\jni.cpp, line 516]

VM Operations (20 events):
Event: 7.415 Executing VM operation: HandshakeAllThreads
Event: 7.415 Executing VM operation: HandshakeAllThreads done
Event: 7.452 Executing VM operation: HandshakeAllThreads
Event: 7.453 Executing VM operation: HandshakeAllThreads done
Event: 8.462 Executing VM operation: Cleanup
Event: 8.462 Executing VM operation: Cleanup done
Event: 9.123 Executing VM operation: HandshakeAllThreads
Event: 9.123 Executing VM operation: HandshakeAllThreads done
Event: 10.131 Executing VM operation: Cleanup
Event: 10.131 Executing VM operation: Cleanup done
Event: 12.144 Executing VM operation: Cleanup
Event: 12.144 Executing VM operation: Cleanup done
Event: 16.840 Executing VM operation: HandshakeAllThreads
Event: 16.840 Executing VM operation: HandshakeAllThreads done
Event: 16.840 Executing VM operation: Cleanup
Event: 16.840 Executing VM operation: Cleanup done
Event: 17.846 Executing VM operation: Cleanup
Event: 17.847 Executing VM operation: Cleanup done
Event: 18.853 Executing VM operation: Cleanup
Event: 18.853 Executing VM operation: Cleanup done

Events (20 events):
Event: 9.132 loading class java/util/OptionalDouble done
Event: 9.135 loading class java/util/AbstractMap$SimpleEntry
Event: 9.136 loading class java/util/AbstractMap$SimpleEntry done
Event: 9.148 loading class java/util/stream/LongStream
Event: 9.148 loading class java/util/stream/LongStream done
Event: 9.148 loading class java/util/stream/DoubleStream
Event: 9.148 loading class java/util/stream/DoubleStream done
Event: 14.176 Thread 0x000001eab7a1a700 Thread exited: 0x000001eab7a1a700
Event: 16.845 loading class java/util/BitSet$1BitSetSpliterator
Event: 16.845 loading class java/util/BitSet$1BitSetSpliterator done
Event: 16.846 loading class java/util/stream/IntPipeline$1
Event: 16.846 loading class java/util/stream/IntPipeline$1 done
Event: 16.846 loading class java/util/stream/IntPipeline$1$1
Event: 16.846 loading class java/util/stream/IntPipeline$1$1 done
Event: 16.870 loading class java/nio/file/FileAlreadyExistsException
Event: 16.870 loading class java/nio/file/FileAlreadyExistsException done
Event: 17.431 loading class sun/security/provider/MD5
Event: 17.432 loading class sun/security/provider/MD5 done
Event: 18.298 loading class sun/security/provider/ByteArrayAccess$LE
Event: 18.298 loading class sun/security/provider/ByteArrayAccess$LE done


Dynamic libraries:
0x00007ff76baa0000 - 0x00007ff76bab0000 	C:\Program Files\Java\jdk-17\bin\java.exe
0x00007ff9c0460000 - 0x00007ff9c06c0000 	C:\WINDOWS\SYSTEM32\ntdll.dll
0x00007ff9bea10000 - 0x00007ff9bead7000 	C:\WINDOWS\System32\KERNEL32.DLL
0x00007ff9bdab0000 - 0x00007ff9bde7a000 	C:\WINDOWS\System32\KERNELBASE.dll
0x00007ff9bd670000 - 0x00007ff9bd7bb000 	C:\WINDOWS\System32\ucrtbase.dll
0x00007ff9b65c0000 - 0x00007ff9b65db000 	C:\Program Files\Java\jdk-17\bin\VCRUNTIME140.dll
0x00007ff9b65e0000 - 0x00007ff9b65f9000 	C:\Program Files\Java\jdk-17\bin\jli.dll
0x00007ff9be3c0000 - 0x00007ff9be472000 	C:\WINDOWS\System32\ADVAPI32.dll
0x00007ff9be310000 - 0x00007ff9be3b9000 	C:\WINDOWS\System32\msvcrt.dll
0x00007ff9be260000 - 0x00007ff9be306000 	C:\WINDOWS\System32\sechost.dll
0x00007ff9bee30000 - 0x00007ff9bef46000 	C:\WINDOWS\System32\RPCRT4.dll
0x00007ff9be840000 - 0x00007ff9bea0c000 	C:\WINDOWS\System32\USER32.dll
0x00007ff9bd640000 - 0x00007ff9bd667000 	C:\WINDOWS\System32\win32u.dll
0x00007ff9ac050000 - 0x00007ff9ac2e7000 	C:\WINDOWS\WinSxS\amd64_microsoft.windows.common-controls_6595b64144ccf1df_6.0.26100.3624_none_3e086962e3345f24\COMCTL32.dll
0x00007ff9bed20000 - 0x00007ff9bed4a000 	C:\WINDOWS\System32\GDI32.dll
0x00007ff9be120000 - 0x00007ff9be251000 	C:\WINDOWS\System32\gdi32full.dll
0x00007ff9bd7c0000 - 0x00007ff9bd863000 	C:\WINDOWS\System32\msvcp_win.dll
0x00007ff9b4cc0000 - 0x00007ff9b4ccb000 	C:\WINDOWS\SYSTEM32\VERSION.dll
0x00007ff9bfbf0000 - 0x00007ff9bfc1f000 	C:\WINDOWS\System32\IMM32.DLL
0x00007ff9b6d10000 - 0x00007ff9b6d1c000 	C:\Program Files\Java\jdk-17\bin\vcruntime140_1.dll
0x00007ff9ab370000 - 0x00007ff9ab3fe000 	C:\Program Files\Java\jdk-17\bin\msvcp140.dll
0x00007ff964c40000 - 0x00007ff96581f000 	C:\Program Files\Java\jdk-17\bin\server\jvm.dll
0x00007ff9bed10000 - 0x00007ff9bed18000 	C:\WINDOWS\System32\PSAPI.DLL
0x00007ff9a6220000 - 0x00007ff9a622a000 	C:\WINDOWS\SYSTEM32\WSOCK32.dll
0x00007ff9bac30000 - 0x00007ff9bac66000 	C:\WINDOWS\SYSTEM32\WINMM.dll
0x00007ff9beae0000 - 0x00007ff9beb54000 	C:\WINDOWS\System32\WS2_32.dll
0x00007ff9bc570000 - 0x00007ff9bc58a000 	C:\WINDOWS\SYSTEM32\kernel.appcore.dll
0x00007ff9b6d00000 - 0x00007ff9b6d0a000 	C:\Program Files\Java\jdk-17\bin\jimage.dll
0x00007ff9ba9e0000 - 0x00007ff9bac21000 	C:\WINDOWS\SYSTEM32\DBGHELP.DLL
0x00007ff9be480000 - 0x00007ff9be802000 	C:\WINDOWS\System32\combase.dll
0x00007ff9bf1f0000 - 0x00007ff9bf2c6000 	C:\WINDOWS\System32\OLEAUT32.dll
0x00007ff9ba9a0000 - 0x00007ff9ba9d9000 	C:\WINDOWS\SYSTEM32\dbgcore.DLL
0x00007ff9bde80000 - 0x00007ff9bdf19000 	C:\WINDOWS\System32\bcryptPrimitives.dll
0x00007ff9ae5f0000 - 0x00007ff9ae615000 	C:\Program Files\Java\jdk-17\bin\java.dll
0x00007ff980950000 - 0x00007ff980a27000 	C:\Program Files\Java\jdk-17\bin\jsvml.dll
0x00007ff9bf440000 - 0x00007ff9bfb69000 	C:\WINDOWS\System32\SHELL32.dll
0x00007ff9bdf20000 - 0x00007ff9be088000 	C:\WINDOWS\System32\wintypes.dll
0x00007ff9bb2f0000 - 0x00007ff9bbb42000 	C:\WINDOWS\SYSTEM32\windows.storage.dll
0x00007ff9bec20000 - 0x00007ff9bed0d000 	C:\WINDOWS\System32\SHCORE.dll
0x00007ff9bf180000 - 0x00007ff9bf1e4000 	C:\WINDOWS\System32\shlwapi.dll
0x00007ff9bd550000 - 0x00007ff9bd57f000 	C:\WINDOWS\SYSTEM32\profapi.dll
0x00007ff9aecd0000 - 0x00007ff9aece9000 	C:\Program Files\Java\jdk-17\bin\net.dll
0x00007ff9b5d80000 - 0x00007ff9b5e9d000 	C:\WINDOWS\SYSTEM32\WINHTTP.dll
0x00007ff9bca90000 - 0x00007ff9bcafa000 	C:\WINDOWS\system32\mswsock.dll
0x00007ff9ae590000 - 0x00007ff9ae5a6000 	C:\Program Files\Java\jdk-17\bin\nio.dll
0x00007ff9ac660000 - 0x00007ff9ac678000 	C:\Program Files\Java\jdk-17\bin\zip.dll
0x00007ff9aa4c0000 - 0x00007ff9aa4ce000 	C:\Program Files\Java\jdk-17\bin\sunmscapi.dll
0x00007ff9bd930000 - 0x00007ff9bdaa7000 	C:\WINDOWS\System32\CRYPT32.dll
0x00007ff9bcf30000 - 0x00007ff9bcf60000 	C:\WINDOWS\SYSTEM32\ncrypt.dll
0x00007ff9bcee0000 - 0x00007ff9bcf1f000 	C:\WINDOWS\SYSTEM32\NTASN1.dll
0x00007ff9bcd30000 - 0x00007ff9bcd4c000 	C:\WINDOWS\SYSTEM32\CRYPTSP.dll
0x00007ff9bc4d0000 - 0x00007ff9bc50a000 	C:\WINDOWS\system32\rsaenh.dll
0x00007ff9bcb30000 - 0x00007ff9bcb5b000 	C:\WINDOWS\SYSTEM32\USERENV.dll
0x00007ff9bd520000 - 0x00007ff9bd546000 	C:\WINDOWS\SYSTEM32\bcrypt.dll
0x00007ff9bcd50000 - 0x00007ff9bcd5c000 	C:\WINDOWS\SYSTEM32\CRYPTBASE.dll
0x00007ff9bbec0000 - 0x00007ff9bbef3000 	C:\WINDOWS\SYSTEM32\IPHLPAPI.DLL
0x00007ff9bf430000 - 0x00007ff9bf43a000 	C:\WINDOWS\System32\NSI.dll
0x00007ff9b5d10000 - 0x00007ff9b5d2f000 	C:\WINDOWS\SYSTEM32\dhcpcsvc6.DLL
0x00007ff9b5c20000 - 0x00007ff9b5c45000 	C:\WINDOWS\SYSTEM32\dhcpcsvc.DLL
0x00007ff9bbfb0000 - 0x00007ff9bc0d5000 	C:\WINDOWS\SYSTEM32\DNSAPI.dll
0x00007ff9ab360000 - 0x00007ff9ab36a000 	C:\Program Files\Java\jdk-17\bin\management.dll
0x00007ff9aa4f0000 - 0x00007ff9aa4fb000 	C:\Program Files\Java\jdk-17\bin\management_ext.dll
0x00007ff9b65b0000 - 0x00007ff9b65c0000 	C:\Program Files\Java\jdk-17\bin\verify.dll
0x00007ff9ae630000 - 0x00007ff9ae649000 	C:\Users\idjjh\AppData\Local\Temp\gdal_native14798451234643442060\zlib.dll
0x00007ff970f20000 - 0x00007ff970fd2000 	C:\Users\idjjh\AppData\Local\Temp\gdal_native14798451234643442060\zstd.dll
0x00007ff958c80000 - 0x00007ff958d7f000 	C:\Users\idjjh\AppData\Local\Temp\gdal_native14798451234643442060\iconv-2.dll
0x00007ff99d8e0000 - 0x00007ff99d90b000 	C:\Users\idjjh\AppData\Local\Temp\gdal_native14798451234643442060\libexpat.dll
0x00007ff94d370000 - 0x00007ff94d4d3000 	C:\Users\idjjh\AppData\Local\Temp\gdal_native14798451234643442060\libxml2.dll
0x00007ff94d0c0000 - 0x00007ff94d36c000 	C:\Users\idjjh\AppData\Local\Temp\gdal_native14798451234643442060\xerces-c_3_2.dll
0x00007ff9acff0000 - 0x00007ff9ad010000 	C:\Users\idjjh\AppData\Local\Temp\gdal_native14798451234643442060\pcre.dll
0x00007ff922510000 - 0x00007ff9229f4000 	C:\Users\idjjh\AppData\Local\Temp\gdal_native14798451234643442060\libcrypto-3-x64.dll
0x00007ff953c30000 - 0x00007ff953d6a000 	C:\Users\idjjh\AppData\Local\Temp\gdal_native14798451234643442060\libssl-3-x64.dll
0x00007ff980850000 - 0x00007ff9808e4000 	C:\Users\idjjh\AppData\Local\Temp\gdal_native14798451234643442060\libcurl.dll
0x00007ff9bed50000 - 0x00007ff9bedc4000 	C:\WINDOWS\System32\WLDAP32.dll
0x00007ff922250000 - 0x00007ff922510000 	C:\Users\idjjh\AppData\Local\Temp\gdal_native14798451234643442060\sqlite3.dll
0x00007ff91c1f0000 - 0x00007ff91c891000 	C:\Users\idjjh\AppData\Local\Temp\gdal_native14798451234643442060\libmysql.dll
0x00007ff9ba180000 - 0x00007ff9ba18d000 	C:\WINDOWS\SYSTEM32\Secur32.dll
0x00007ff9bc810000 - 0x00007ff9bc858000 	C:\WINDOWS\SYSTEM32\SSPICLI.DLL
0x0000000180000000 - 0x000000018004e000 	C:\Users\idjjh\AppData\Local\Temp\gdal_native14798451234643442060\libpq.dll
0x00007ff922070000 - 0x00007ff922248000 	C:\Users\idjjh\AppData\Local\Temp\gdal_native14798451234643442060\geos.dll
0x00007ff970d70000 - 0x00007ff970dcc000 	C:\Users\idjjh\AppData\Local\Temp\gdal_native14798451234643442060\geos_c.dll
0x00007ff94cf70000 - 0x00007ff94d0bc000 	C:\Users\idjjh\AppData\Local\Temp\gdal_native14798451234643442060\tiff.dll
0x00007ff921d30000 - 0x00007ff922070000 	C:\Users\idjjh\AppData\Local\Temp\gdal_native14798451234643442060\proj_9.dll
0x00007ff9bef50000 - 0x00007ff9bf0e6000 	C:\WINDOWS\System32\ole32.dll
0x00007ff95dd10000 - 0x00007ff95dd61000 	C:\Users\idjjh\AppData\Local\Temp\gdal_native14798451234643442060\openjp2.dll
0x00007ff95dcd0000 - 0x00007ff95dd05000 	C:\Users\idjjh\AppData\Local\Temp\gdal_native14798451234643442060\libpng16.dll
0x00007ff992310000 - 0x00007ff99233a000 	C:\Users\idjjh\AppData\Local\Temp\gdal_native14798451234643442060\freexl.dll
0x00007ff965870000 - 0x00007ff965893000 	C:\Users\idjjh\AppData\Local\Temp\gdal_native14798451234643442060\ogdi.dll
0x00007ff916270000 - 0x00007ff916f65000 	C:\Users\idjjh\AppData\Local\Temp\gdal_native14798451234643442060\spatialite.dll
0x00007ff914e20000 - 0x00007ff91626a000 	C:\Users\idjjh\AppData\Local\Temp\gdal_native14798451234643442060\gdal.dll
0x00007ff9b1520000 - 0x00007ff9b15e4000 	C:\WINDOWS\SYSTEM32\ODBC32.dll
0x00007ff9bd330000 - 0x00007ff9bd33a000 	C:\WINDOWS\SYSTEM32\DPAPI.DLL
0x00007ff92cb40000 - 0x00007ff92cbe8000 	C:\Users\idjjh\AppData\Local\Temp\gdal_native14798451234643442060\gdalalljni.dll
0x00007ff997ec0000 - 0x00007ff997ec8000 	C:\WINDOWS\system32\wshunix.dll
0x00007ff9a9570000 - 0x00007ff9a957b000 	C:\Windows\System32\rasadhlp.dll
0x00007ff9b4e90000 - 0x00007ff9b4f15000 	C:\WINDOWS\System32\fwpuclnt.dll

dbghelp: loaded successfully - version: 4.0.5 - missing functions: none
symbol engine: initialized successfully - sym options: 0x614 - pdb path: .;C:\Program Files\Java\jdk-17\bin;C:\WINDOWS\SYSTEM32;C:\WINDOWS\WinSxS\amd64_microsoft.windows.common-controls_6595b64144ccf1df_6.0.26100.3624_none_3e086962e3345f24;C:\Program Files\Java\jdk-17\bin\server;C:\Users\idjjh\AppData\Local\Temp\gdal_native14798451234643442060

VM Arguments:
jvm_args: -XX:TieredStopAtLevel=1 -Dfile.encoding=x-windows-949 -Duser.country=KR -Duser.language=ko -Duser.variant 
java_command: com.sia.task.TaskApplication
java_class_path (initial): C:\JANG\sia_task\sia-task-dev\task\build\classes\java\main;C:\JANG\sia_task\sia-task-dev\task\build\resources\main;C:\Users\idjjh\.gradle\caches\modules-2\files-2.1\org.springframework.cloud\spring-cloud-starter-aws\2.2.6.RELEASE\9d7c330b3f4aa477df2db27dd875a0e63a49456\spring-cloud-starter-aws-2.2.6.RELEASE.jar;C:\Users\idjjh\.gradle\caches\modules-2\files-2.1\io.github.cdimascio\java-dotenv\5.2.2\f77d54ff193ed4b07415ab8d7b3d0550716aa8c\java-dotenv-5.2.2.jar;C:\Users\idjjh\.gradle\caches\modules-2\files-2.1\commons-fileupload\commons-fileupload\1.5\ad4ad2ab2961b4e1891472bd1a33fabefb0385f3\commons-fileupload-1.5.jar;C:\Users\idjjh\.gradle\caches\modules-2\files-2.1\org.apache.tika\tika-core\2.9.1\bfd572826e7023dd6ceeefe1b4d0f6d3d8eef507\tika-core-2.9.1.jar;C:\Users\idjjh\.gradle\caches\modules-2\files-2.1\commons-io\commons-io\2.14.0\a4c6e1f6c196339473cd2e1b037f0eb97c62755b\commons-io-2.14.0.jar;C:\Users\idjjh\.gradle\caches\modules-2\files-2.1\org.gdal\gdal\3.10.0\d229b54a2136a6a1e6e8321881789a4465e2ec50\gdal-3.10.0.jar;C:\Users\idjjh\.gradle\caches\modules-2\files-2.1\com.h2database\h2\2.3.232\4fcc05d966ccdb2812ae8b9a718f69226c0cf4e2\h2-2.3.232.jar;C:\Users\idjjh\.gradle\caches\modules-2\files-2.1\org.springframework\spring-webmvc\6.2.5\db8f1171041d7091f3de80cffdfb9d6c5fbf3015\spring-webmvc-6.2.5.jar;C:\Users\idjjh\.gradle\caches\modules-2\files-2.1\org.springframework\spring-web\6.2.5\b42d2c0acbe05bad4c849883aa8816c25b6c1d94\spring-web-6.2.5.jar;C:\Users\idjjh\.gradle\caches\modules-2\files-2.1\org.hibernate.orm\hibernate-core\6.6.11.Final\d5330ab0dd5f5cc810086b7fb66cec8b2d2f5213\hibernate-core-6.6.11.Final.jar;C:\Users\idjjh\.gradle\caches\modules-2\files-2.1\org.springframework.data\spring-data-jpa\3.4.4\50f826d0dd60af289321bde6f5eea8fc48131c75\spring-data-jpa-3.4.4.jar;C:\Users\idjjh\.gradle\caches\modules-2\files-2.1\org.springframework\spring-aspects\6.2.5\971b57bb59d4890a3db5f1e20f89effa7df8c149\spring-aspects-6.2.5.jar;C:\Users\
Launcher Type: SUN_STANDARD

[Global flags]
     intx CICompilerCount                          = 12                                        {product} {ergonomic}
     uint ConcGCThreads                            = 3                                         {product} {ergonomic}
     uint G1ConcRefinementThreads                  = 13                                        {product} {ergonomic}
   size_t G1HeapRegionSize                         = 2097152                                   {product} {ergonomic}
    uintx GCDrainStackTargetSize                   = 64                                        {product} {ergonomic}
   size_t InitialHeapSize                          = 260046848                                 {product} {ergonomic}
   size_t MarkStackSize                            = 4194304                                   {product} {ergonomic}
   size_t MaxHeapSize                              = 4139778048                                {product} {ergonomic}
   size_t MaxNewSize                               = 2483027968                                {product} {ergonomic}
   size_t MinHeapDeltaBytes                        = 2097152                                   {product} {ergonomic}
   size_t MinHeapSize                              = 8388608                                   {product} {ergonomic}
    uintx NonProfiledCodeHeapSize                  = 0                                      {pd product} {ergonomic}
     bool ProfileInterpreter                       = false                                  {pd product} {command line}
    uintx ProfiledCodeHeapSize                     = 0                                      {pd product} {ergonomic}
   size_t SoftMaxHeapSize                          = 4139778048                             {manageable} {ergonomic}
     intx TieredStopAtLevel                        = 1                                         {product} {command line}
     bool UseCompressedClassPointers               = true                           {product lp64_product} {ergonomic}
     bool UseCompressedOops                        = true                           {product lp64_product} {ergonomic}
     bool UseG1GC                                  = true                                      {product} {ergonomic}
     bool UseLargePagesIndividualAllocation        = false                                  {pd product} {ergonomic}

Logging:
Log output configuration:
 #0: stdout all=warning uptime,level,tags
 #1: stderr all=off uptime,level,tags

Environment Variables:
JAVA_HOME=C:\Program Files\Java\jdk-17
CLASSPATH=C:\JANG\sia_task\sia-task-dev\task\\gradle\wrapper\gradle-wrapper.jar
PATH=C:\Program Files\Java\jdk-17;C:\Python312\Scripts\;C:\Python312\;C:\oraclexe\app\oracle\product\11.2.0\server\bin;C:\Program Files\Common Files\Oracle\Java\javapath;C:\Windows\system32;C:\Windows;C:\Windows\System32\Wbem;C:\Windows\System32\WindowsPowerShell\v1.0\;C:\Windows\System32\OpenSSH\;C:\Program Files (x86)\NVIDIA Corporation\PhysX\Common;C:\WINDOWS\system32;C:\WINDOWS;C:\WINDOWS\System32\Wbem;C:\WINDOWS\System32\WindowsPowerShell\v1.0\;C:\WINDOWS\System32\OpenSSH\;C:\Program Files\Git\cmd;C:\ProgramData\chocolatey\bin;C:\nodejs;C:\Program Files\NVIDIA Corporation\NVIDIA app\NvDLISR;C:\Program Files\Docker\Docker\resources\bin;C:\Program Files\nodejs\;C:\Users\idjjh\AppData\Local\Programs\Python\Python313\Scripts\;C:\Users\idjjh\AppData\Local\Programs\Python\Python313\;C:\Users\idjjh\AppData\Local\Microsoft\WindowsApps;C:\apache-maven-3.9.9\bin;C:\Users\idjjh\AppData\Roaming\npm;C:\Program Files\Git\bin;C:\Python312\Scripts\;
USERNAME=junhee
LANG=en_US.UTF-8
OS=Windows_NT
PROCESSOR_IDENTIFIER=AMD64 Family 23 Model 96 Stepping 1, AuthenticAMD



---------------  S Y S T E M  ---------------

OS:
 Windows 11 , 64 bit Build 26100 (10.0.26100.3775)
OS uptime: 3 days 4:15 hours
Hyper-V role detected

CPU: total 16 (initial active 16) (16 cores per cpu, 2 threads per core) family 23 model 96 stepping 1 microcode 0x8600104, cx8, cmov, fxsr, ht, mmx, 3dnowpref, sse, sse2, sse3, ssse3, sse4a, sse4.1, sse4.2, popcnt, lzcnt, tsc, tscinvbit, avx, avx2, aes, clmul, bmi1, bmi2, adx, sha, fma, vzeroupper, clflush, clflushopt, hv

Memory: 4k page, system-wide physical 15789M (3705M free)
TotalPageFile size 22189M (AvailPageFile size 3165M)
current process WorkingSet (physical memory assigned to process): 262M, peak: 293M
current process commit charge ("private bytes"): 322M, peak: 386M

vm_info: Java HotSpot(TM) 64-Bit Server VM (17.0.10+11-LTS-240) for windows-amd64 JRE (17.0.10+11-LTS-240), built on Dec 19 2023 21:47:25 by "mach5one" with MS VC++ 17.1 (VS2022)

END.
