#
# A fatal error has been detected by the Java Runtime Environment:
#
#  EXCEPTION_ACCESS_VIOLATION (0xc0000005) at pc=0x00007ffd5c4532a8, pid=28736, tid=15528
#
# JRE version: Java(TM) SE Runtime Environment (17.0.10+11) (build 17.0.10+11-LTS-240)
# Java VM: Java HotSpot(TM) 64-Bit Server VM (17.0.10+11-LTS-240, mixed mode, emulated-client, sharing, tiered, compressed oops, compressed class ptrs, g1 gc, windows-amd64)
# Problematic frame:
# C  [msvcp140.dll+0x132a8]
#
# No core dump will be written. Minidumps are not enabled by default on client versions of Windows
#
# If you would like to submit a bug report, please visit:
#   https://bugreport.java.com/bugreport/crash.jsp
# The crash happened outside the Java Virtual Machine in native code.
# See problematic frame for where to report the bug.
#

---------------  S U M M A R Y ------------

Command Line: -Djava.library.path=C:\JANG\sia_task\sia-task-dev\task/src/main/resource/nativelib/window -XX:TieredStopAtLevel=1 -Dfile.encoding=x-windows-949 -Duser.country=KR -Duser.language=ko -Duser.variant com.sia.task.TaskApplication

Host: AMD Ryzen 9 4900HS with Radeon Graphics         , 16 cores, 15G,  Windows 11 , 64 bit Build 26100 (10.0.26100.3775)
Time: Mon Apr 28 00:28:00 2025  Windows 11 , 64 bit Build 26100 (10.0.26100.3775) elapsed time: 14.053620 seconds (0d 0h 0m 14s)

---------------  T H R E A D  ---------------

Current thread (0x0000018a1d88ddf0):  JavaThread "http-nio-8080-exec-7" daemon [_thread_in_native, id=15528, stack(0x00000013e7400000,0x00000013e7500000)]

Stack: [0x00000013e7400000,0x00000013e7500000],  sp=0x00000013e74fc6a0,  free space=1009k
Native frames: (J=compiled Java code, j=interpreted, Vv=VM code, C=native code)
C  [msvcp140.dll+0x132a8]
C  [gdal.dll+0xc2757d]

Java frames: (J=compiled Java code, j=interpreted, Vv=VM code)
j  org.gdal.gdal.gdalJNI.Open__SWIG_1(Ljava/lang/String;)J+0
j  org.gdal.gdal.gdal.Open(Ljava/lang/String;)Lorg/gdal/gdal/Dataset;+1
j  com.sia.task.service.ConvertCOGService.fileConvertCOG(Ljava/util/List;)V+457
j  com.sia.task.service.FileProcessingService.fileProcessing(Ljava/util/List;)V+14
j  com.sia.task.controller.FileProcessingController.fileProcessing(Lcom/sia/task/fileDTO/FileDTO;)Lorg/springframework/http/ResponseEntity;+39
v  ~StubRoutines::call_stub
J 3822  jdk.internal.reflect.NativeMethodAccessorImpl.invoke0(Ljava/lang/reflect/Method;Ljava/lang/Object;[Ljava/lang/Object;)Ljava/lang/Object; java.base@17.0.10 (0 bytes) @ 0x0000018a0e41fa27 [0x0000018a0e41f9a0+0x0000000000000087]
J 3821 c1 jdk.internal.reflect.NativeMethodAccessorImpl.invoke(Ljava/lang/Object;[Ljava/lang/Object;)Ljava/lang/Object; java.base@17.0.10 (137 bytes) @ 0x0000018a0e42024c [0x0000018a0e41ff00+0x000000000000034c]
J 3810 c1 jdk.internal.reflect.DelegatingMethodAccessorImpl.invoke(Ljava/lang/Object;[Ljava/lang/Object;)Ljava/lang/Object; java.base@17.0.10 (10 bytes) @ 0x0000018a0e41d0e4 [0x0000018a0e41d0a0+0x0000000000000044]
J 3812 c1 java.lang.reflect.Method.invoke(Ljava/lang/Object;[Ljava/lang/Object;)Ljava/lang/Object; java.base@17.0.10 (65 bytes) @ 0x0000018a0e41d8ec [0x0000018a0e41d7e0+0x000000000000010c]
j  org.springframework.web.method.support.InvocableHandlerMethod.doInvoke([Ljava/lang/Object;)Ljava/lang/Object;+55
j  org.springframework.web.method.support.InvocableHandlerMethod.invokeForRequest(Lorg/springframework/web/context/request/NativeWebRequest;Lorg/springframework/web/method/support/ModelAndViewContainer;[Ljava/lang/Object;)Ljava/lang/Object;+82
j  org.springframework.web.servlet.mvc.method.annotation.ServletInvocableHandlerMethod.invokeAndHandle(Lorg/springframework/web/context/request/ServletWebRequest;Lorg/springframework/web/method/support/ModelAndViewContainer;[Ljava/lang/Object;)V+4
j  org.springframework.web.servlet.mvc.method.annotation.RequestMappingHandlerAdapter.invokeHandlerMethod(Ljakarta/servlet/http/HttpServletRequest;Ljakarta/servlet/http/HttpServletResponse;Lorg/springframework/web/method/HandlerMethod;)Lorg/springframework/web/servlet/ModelAndView;+309
j  org.springframework.web.servlet.mvc.method.annotation.RequestMappingHandlerAdapter.handleInternal(Ljakarta/servlet/http/HttpServletRequest;Ljakarta/servlet/http/HttpServletResponse;Lorg/springframework/web/method/HandlerMethod;)Lorg/springframework/web/servlet/ModelAndView;+81
j  org.springframework.web.servlet.mvc.method.AbstractHandlerMethodAdapter.handle(Ljakarta/servlet/http/HttpServletRequest;Ljakarta/servlet/http/HttpServletResponse;Ljava/lang/Object;)Lorg/springframework/web/servlet/ModelAndView;+7
j  org.springframework.web.servlet.DispatcherServlet.doDispatch(Ljakarta/servlet/http/HttpServletRequest;Ljakarta/servlet/http/HttpServletResponse;)V+304
j  org.springframework.web.servlet.DispatcherServlet.doService(Ljakarta/servlet/http/HttpServletRequest;Ljakarta/servlet/http/HttpServletResponse;)V+242
j  org.springframework.web.servlet.FrameworkServlet.processRequest(Ljakarta/servlet/http/HttpServletRequest;Ljakarta/servlet/http/HttpServletResponse;)V+70
j  org.springframework.web.servlet.FrameworkServlet.doPost(Ljakarta/servlet/http/HttpServletRequest;Ljakarta/servlet/http/HttpServletResponse;)V+3
j  jakarta.servlet.http.HttpServlet.service(Ljakarta/servlet/http/HttpServletRequest;Ljakarta/servlet/http/HttpServletResponse;)V+150
j  org.springframework.web.servlet.FrameworkServlet.service(Ljakarta/servlet/http/HttpServletRequest;Ljakarta/servlet/http/HttpServletResponse;)V+20
j  jakarta.servlet.http.HttpServlet.service(Ljakarta/servlet/ServletRequest;Ljakarta/servlet/ServletResponse;)V+37
j  org.apache.catalina.core.ApplicationFilterChain.internalDoFilter(Ljakarta/servlet/ServletRequest;Ljakarta/servlet/ServletResponse;)V+300
j  org.apache.catalina.core.ApplicationFilterChain.doFilter(Ljakarta/servlet/ServletRequest;Ljakarta/servlet/ServletResponse;)V+99
j  org.apache.tomcat.websocket.server.WsFilter.doFilter(Ljakarta/servlet/ServletRequest;Ljakarta/servlet/ServletResponse;Ljakarta/servlet/FilterChain;)V+21
j  org.apache.catalina.core.ApplicationFilterChain.internalDoFilter(Ljakarta/servlet/ServletRequest;Ljakarta/servlet/ServletResponse;)V+130
j  org.apache.catalina.core.ApplicationFilterChain.doFilter(Ljakarta/servlet/ServletRequest;Ljakarta/servlet/ServletResponse;)V+99
j  org.springframework.web.filter.RequestContextFilter.doFilterInternal(Ljakarta/servlet/http/HttpServletRequest;Ljakarta/servlet/http/HttpServletResponse;Ljakarta/servlet/FilterChain;)V+21
j  org.springframework.web.filter.OncePerRequestFilter.doFilter(Ljakarta/servlet/ServletRequest;Ljakarta/servlet/ServletResponse;Ljakarta/servlet/FilterChain;)V+150
j  org.apache.catalina.core.ApplicationFilterChain.internalDoFilter(Ljakarta/servlet/ServletRequest;Ljakarta/servlet/ServletResponse;)V+130
j  org.apache.catalina.core.ApplicationFilterChain.doFilter(Ljakarta/servlet/ServletRequest;Ljakarta/servlet/ServletResponse;)V+99
j  org.springframework.web.filter.FormContentFilter.doFilterInternal(Ljakarta/servlet/http/HttpServletRequest;Ljakarta/servlet/http/HttpServletResponse;Ljakarta/servlet/FilterChain;)V+38
j  org.springframework.web.filter.OncePerRequestFilter.doFilter(Ljakarta/servlet/ServletRequest;Ljakarta/servlet/ServletResponse;Ljakarta/servlet/FilterChain;)V+150
j  org.apache.catalina.core.ApplicationFilterChain.internalDoFilter(Ljakarta/servlet/ServletRequest;Ljakarta/servlet/ServletResponse;)V+130
j  org.apache.catalina.core.ApplicationFilterChain.doFilter(Ljakarta/servlet/ServletRequest;Ljakarta/servlet/ServletResponse;)V+99
j  org.springframework.web.filter.CharacterEncodingFilter.doFilterInternal(Ljakarta/servlet/http/HttpServletRequest;Ljakarta/servlet/http/HttpServletResponse;Ljakarta/servlet/FilterChain;)V+53
j  org.springframework.web.filter.OncePerRequestFilter.doFilter(Ljakarta/servlet/ServletRequest;Ljakarta/servlet/ServletResponse;Ljakarta/servlet/FilterChain;)V+150
j  org.apache.catalina.core.ApplicationFilterChain.internalDoFilter(Ljakarta/servlet/ServletRequest;Ljakarta/servlet/ServletResponse;)V+130
j  org.apache.catalina.core.ApplicationFilterChain.doFilter(Ljakarta/servlet/ServletRequest;Ljakarta/servlet/ServletResponse;)V+99
j  org.apache.catalina.core.StandardWrapperValve.invoke(Lorg/apache/catalina/connector/Request;Lorg/apache/catalina/connector/Response;)V+511
j  org.apache.catalina.core.StandardContextValve.invoke(Lorg/apache/catalina/connector/Request;Lorg/apache/catalina/connector/Response;)V+169
j  org.apache.catalina.authenticator.AuthenticatorBase.invoke(Lorg/apache/catalina/connector/Request;Lorg/apache/catalina/connector/Response;)V+221
j  org.apache.catalina.core.StandardHostValve.invoke(Lorg/apache/catalina/connector/Request;Lorg/apache/catalina/connector/Response;)V+131
j  org.apache.catalina.valves.ErrorReportValve.invoke(Lorg/apache/catalina/connector/Request;Lorg/apache/catalina/connector/Response;)V+6
j  org.apache.catalina.core.StandardEngineValve.invoke(Lorg/apache/catalina/connector/Request;Lorg/apache/catalina/connector/Response;)V+59
j  org.apache.catalina.connector.CoyoteAdapter.service(Lorg/apache/coyote/Request;Lorg/apache/coyote/Response;)V+188
j  org.apache.coyote.http11.Http11Processor.service(Lorg/apache/tomcat/util/net/SocketWrapperBase;)Lorg/apache/tomcat/util/net/AbstractEndpoint$Handler$SocketState;+796
j  org.apache.coyote.AbstractProcessorLight.process(Lorg/apache/tomcat/util/net/SocketWrapperBase;Lorg/apache/tomcat/util/net/SocketEvent;)Lorg/apache/tomcat/util/net/AbstractEndpoint$Handler$SocketState;+155
j  org.apache.coyote.AbstractProtocol$ConnectionHandler.process(Lorg/apache/tomcat/util/net/SocketWrapperBase;Lorg/apache/tomcat/util/net/SocketEvent;)Lorg/apache/tomcat/util/net/AbstractEndpoint$Handler$SocketState;+477
j  org.apache.tomcat.util.net.NioEndpoint$SocketProcessor.doRun()V+222
j  org.apache.tomcat.util.net.SocketProcessorBase.run()V+32
j  org.apache.tomcat.util.threads.ThreadPoolExecutor.runWorker(Lorg/apache/tomcat/util/threads/ThreadPoolExecutor$Worker;)V+92
j  org.apache.tomcat.util.threads.ThreadPoolExecutor$Worker.run()V+5
j  org.apache.tomcat.util.threads.TaskThread$WrappingRunnable.run()V+4
j  java.lang.Thread.run()V+11 java.base@17.0.10
v  ~StubRoutines::call_stub

siginfo: EXCEPTION_ACCESS_VIOLATION (0xc0000005), reading address 0x0000000000000000


Registers:
RAX=0x0000000000000000, RBX=0x0000018a64bef6d0, RCX=0x00007ffcbb8f86f8, RDX=0x0000000000000000
RSP=0x00000013e74fc6a0, RBP=0x00000013e74fc900, RSI=0x00007ffcbb8f86f0, RDI=0x0000000000004000
R8 =0x0000000000000009, R9 =0x0000000000000040, R10=0xfefefefefefefeff, R11=0x8080808080808080
R12=0x00000013e74fc980, R13=0x0000000000000000, R14=0x0000000000000000, R15=0x00007ffcbb8f8738
RIP=0x00007ffd5c4532a8, EFLAGS=0x0000000000010282


Register to memory mapping:

RIP=0x00007ffd5c4532a8 msvcp140.dll
RAX=0x0 is NULL
RBX=0x0000018a64bef6d0 points into unknown readable memory: 0x73726573555c3a43 | 43 3a 5c 55 73 65 72 73
RCX=0x00007ffcbb8f86f8 gdal.dll
RDX=0x0 is NULL
RSP=0x00000013e74fc6a0 is pointing into the stack for thread: 0x0000018a1d88ddf0
RBP=0x00000013e74fc900 is pointing into the stack for thread: 0x0000018a1d88ddf0
RSI=0x00007ffcbb8f86f0 gdal.dll
RDI=0x0000000000004000 is an unknown value
R8 =0x0000000000000009 is an unknown value
R9 =0x0000000000000040 is an unknown value
R10=0xfefefefefefefeff is an unknown value
R11=0x8080808080808080 is an unknown value
R12=0x00000013e74fc980 is pointing into the stack for thread: 0x0000018a1d88ddf0
R13=0x0 is NULL
R14=0x0 is NULL
R15=0x00007ffcbb8f8738 gdal.dll


Top of Stack: (sp=0x00000013e74fc6a0)
0x00000013e74fc6a0:   0000000000000002 0000000000000000
0x00000013e74fc6b0:   0000000000000000 0000000000000000
0x00000013e74fc6c0:   0000000000000000 0000000000000000
0x00000013e74fc6d0:   00009aec42bbd271 0000018a64bef5e0
0x00000013e74fc6e0:   0000000000000042 0000018a64bef5e0
0x00000013e74fc6f0:   0000000000004000 00007ffcbb1a757d
0x00000013e74fc700:   0000018a03c70000 000000000000003a
0x00000013e74fc710:   0000018a64bef6d0 ffffffffffffffff
0x00000013e74fc720:   00007ffcbb8f86f0 00007ffcba59c93e
0x00000013e74fc730:   000000000000003a 0000018a1d88ddf0
0x00000013e74fc740:   0000018a1e453e48 0000bd7a44a82852
0x00000013e74fc750:   0000000000000042 0000018a64bef5e0
0x00000013e74fc760:   0000000000000000 0000000000000000
0x00000013e74fc770:   0000000000004000 ffffffffffffffff
0x00000013e74fc780:   00000013e74fc900 00007ffcbb1a6d8d
0x00000013e74fc790:   00000013e74fc940 00000013e74fcc20 

Instructions: (pc=0x00007ffd5c4532a8)
0x00007ffd5c4531a8:   48 89 01 48 83 c1 08 48 83 c4 28 48 ff 25 26 30
0x00007ffd5c4531b8:   04 00 48 8d 05 37 70 04 00 45 33 c0 48 89 01 ba
0x00007ffd5c4531c8:   a0 0f 00 00 48 83 c1 08 48 83 c4 28 48 ff 25 ed
0x00007ffd5c4531d8:   2f 04 00 cc cc cc cc cc 48 83 c1 08 48 ff 25 cd
0x00007ffd5c4531e8:   2f 04 00 cc cc cc cc cc 48 83 c1 08 48 ff 25 dd
0x00007ffd5c4531f8:   2f 04 00 cc cc cc cc cc 48 83 c1 08 48 ff 25 45
0x00007ffd5c453208:   2e 04 00 cc 48 89 5c 24 18 48 89 74 24 20 57 41
0x00007ffd5c453218:   56 41 57 48 83 ec 40 48 8b 05 0a 11 07 00 48 33
0x00007ffd5c453228:   c4 48 89 44 24 30 8b 01 4c 8b f2 0f ba f0 08 48
0x00007ffd5c453238:   8b f1 83 f8 01 75 4a ff 15 b3 2f 04 00 39 46 48
0x00007ffd5c453248:   74 19 48 8d 4e 08 48 8b 01 48 8b 00 ff 15 6e 34
0x00007ffd5c453258:   04 00 ff 15 98 2f 04 00 89 46 48 ff 46 4c 33 c0
0x00007ffd5c453268:   48 8b 4c 24 30 48 33 cc e8 cb fd 03 00 48 8b 5c
0x00007ffd5c453278:   24 70 48 8b 74 24 78 48 83 c4 40 41 5f 41 5e 5f
0x00007ffd5c453288:   c3 4d 85 f6 75 28 4c 8d 79 48 ff 15 60 2f 04 00
0x00007ffd5c453298:   41 39 07 0f 84 ad 00 00 00 48 8d 4e 08 48 8b 01
0x00007ffd5c4532a8:   48 8b 00 ff 15 17 34 04 00 e9 98 00 00 00 48 83
0x00007ffd5c4532b8:   3a 00 7c 6e 75 06 83 7a 08 00 7e 66 ba 01 00 00
0x00007ffd5c4532c8:   00 48 8d 4c 24 20 e8 2d 09 00 00 48 8b 44 24 20
0x00007ffd5c4532d8:   49 3b 06 7c 14 0f 85 b3 00 00 00 41 8b 46 08 39
0x00007ffd5c4532e8:   44 24 28 0f 8d a5 00 00 00 4c 8d 7e 48 ff 15 fd
0x00007ffd5c4532f8:   2e 04 00 41 39 07 74 4e 48 8b 46 08 48 8d 54 24
0x00007ffd5c453308:   20 49 8b ce 48 8b 58 10 e8 db 07 00 00 8b d0 48
0x00007ffd5c453318:   8d 4e 08 48 8b c3 ff 15 a4 33 04 00 84 c0 74 9c
0x00007ffd5c453328:   eb 24 4c 8d 79 48 ff 15 c4 2e 04 00 41 39 07 74
0x00007ffd5c453338:   15 48 8d 4e 08 48 8b 01 48 8b 40 08 ff 15 7e 33
0x00007ffd5c453348:   04 00 84 c0 74 48 8b 4e 4c 33 db bf 02 01 00 00
0x00007ffd5c453358:   8d 41 01 89 46 4c 83 f8 01 7e 0f f7 06 00 01 00
0x00007ffd5c453368:   00 75 10 89 4e 4c 8b df eb 09 ff 15 80 2e 04 00
0x00007ffd5c453378:   41 89 07 85 db 0f 84 e3 fe ff ff 3b df 74 0a b8
0x00007ffd5c453388:   04 00 00 00 e9 d7 fe ff ff 4d 85 f6 74 20 49 83
0x00007ffd5c453398:   3e 00 75 10 41 8b 46 08 f7 d8 1b c0 83 c0 03 e9 


Stack slot to memory mapping:
stack at sp + 0 slots: 0x0000000000000002 is an unknown value
stack at sp + 1 slots: 0x0 is NULL
stack at sp + 2 slots: 0x0 is NULL
stack at sp + 3 slots: 0x0 is NULL
stack at sp + 4 slots: 0x0 is NULL
stack at sp + 5 slots: 0x0 is NULL
stack at sp + 6 slots: 0x00009aec42bbd271 is an unknown value
stack at sp + 7 slots: 0x0000018a64bef5e0 points into unknown readable memory: 0x73726573555c3a43 | 43 3a 5c 55 73 65 72 73


Compiled method (n/a)   14115 3822     n 0       jdk.internal.reflect.NativeMethodAccessorImpl::invoke0 (native)
 total in heap  [0x0000018a0e41f810,0x0000018a0e41fcb0] = 1184
 relocation     [0x0000018a0e41f968,0x0000018a0e41f9a0] = 56
 main code      [0x0000018a0e41f9a0,0x0000018a0e41fcb0] = 784

[Constant Pool (empty)]

[MachCode]
[Entry Point]
  # {method} {0x0000018a1e1c4290} 'invoke0' '(Ljava/lang/reflect/Method;Ljava/lang/Object;[Ljava/lang/Object;)Ljava/lang/Object;' in 'jdk/internal/reflect/NativeMethodAccessorImpl'
  # parm0:    rdx:rdx   = 'java/lang/reflect/Method'
  # parm1:    r8:r8     = 'java/lang/Object'
  # parm2:    r9:r9     = '[Ljava/lang/Object;'
  #           [sp+0x80]  (sp of caller)
  0x0000018a0e41f9a0: 448b 5208 | 49bb 0000 | 001e 8a01 | 0000 4d03 | d349 3bc2 | 0f84 0600 

  0x0000018a0e41f9b8: ;   {runtime_call ic_miss_stub}
  0x0000018a0e41f9b8: 0000 e9c1 | d04f ff90 
[Verified Entry Point]
  0x0000018a0e41f9c0: 8984 2400 | 90ff ff55 | 488b ec48 | 83ec 704c | 894c 2438 | 4983 f900 | 488d 4424 | 3848 0f44 
  0x0000018a0e41f9e0: 4424 3848 | 8944 2420 | 4c89 4424 | 3049 83f8 | 004c 8d4c | 2430 4c0f | 444c 2430 | 4889 5424 
  0x0000018a0e41fa00: 2848 83fa | 004c 8d44 | 2428 4c0f | 4444 2428 

  0x0000018a0e41fa10: ;   {oop(a 'java/lang/Class'{0x000000070974f7c8} = 'jdk/internal/reflect/NativeMethodAccessorImpl')}
  0x0000018a0e41fa10: 49be c8f7 | 7409 0700 | 0000 4c89 | 7424 584c | 8d74 2458 | 498b d6c5 

  0x0000018a0e41fa28: ;   {internal_word}
  0x0000018a0e41fa28: f877 49ba | 27fa 410e | 8a01 0000 | 4d89 9798 | 0200 0049 | 89a7 9002 

  0x0000018a0e41fa40: ;   {external_word}
  0x0000018a0e41fa40: 0000 49ba | e380 a7d5 | fc7f 0000 | 4180 3a00 | 0f84 5200 | 0000 5241 

  0x0000018a0e41fa58: ;   {metadata({method} {0x0000018a1e1c4290} 'invoke0' '(Ljava/lang/reflect/Method;Ljava/lang/Object;[Ljava/lang/Object;)Ljava/lang/Object;' in 'jdk/internal/reflect/NativeMethodAccessorImpl')}
  0x0000018a0e41fa58: 5041 5148 | ba88 421c | 1e8a 0100 | 0049 8bcf | 4883 ec20 | f7c4 0f00 | 0000 0f84 | 1a00 0000 
  0x0000018a0e41fa78: 4883 ec08 

  0x0000018a0e41fa7c: ;   {runtime_call}
  0x0000018a0e41fa7c: 49ba 00d6 | 64d5 fc7f | 0000 41ff | d248 83c4 | 08e9 0d00 

  0x0000018a0e41fa90: ;   {runtime_call}
  0x0000018a0e41fa90: 0000 49ba | 00d6 64d5 | fc7f 0000 | 41ff d248 | 83c4 2041 | 5941 585a | 498d 8fb0 | 0200 0041 
  0x0000018a0e41fab0: c787 4003 | 0000 0400 

  0x0000018a0e41fab8: ;   {runtime_call}
  0x0000018a0e41fab8: 0000 49ba | a43e 385c | fd7f 0000 | 41ff d2c5 | f877 41c7 | 8740 0300 | 0005 0000 | 00f0 8344 
  0x0000018a0e41fad8: 24c0 0049 | 3baf 4803 | 0000 0f87 | 1100 0000 | 4181 bf30 | 0300 0000 | 0000 000f | 842c 0000 
  0x0000018a0e41faf8: 00c5 f877 | 4889 45f8 | 498b cf4c | 8be4 4883 | ec20 4883 

  0x0000018a0e41fb0c: ;   {runtime_call}
  0x0000018a0e41fb0c: e4f0 49ba | 408d 6fd5 | fc7f 0000 | 41ff d249 | 8be4 4d33 | e448 8b45 | f841 c787 | 4003 0000 
  0x0000018a0e41fb2c: 0800 0000 | 4181 bfb0 | 0300 0002 | 0000 000f | 843f 0100 

  0x0000018a0e41fb40: ;   {external_word}
  0x0000018a0e41fb40: 0049 bae3 | 80a7 d5fc | 7f00 0041 | 803a 000f | 8450 0000 | 0048 8945 

  0x0000018a0e41fb58: ;   {metadata({method} {0x0000018a1e1c4290} 'invoke0' '(Ljava/lang/reflect/Method;Ljava/lang/Object;[Ljava/lang/Object;)Ljava/lang/Object;' in 'jdk/internal/reflect/NativeMethodAccessorImpl')}
  0x0000018a0e41fb58: f848 ba88 | 421c 1e8a | 0100 0049 | 8bcf 4883 | ec20 f7c4 | 0f00 0000 | 0f84 1a00 | 0000 4883 
  0x0000018a0e41fb78: ;   {runtime_call}
  0x0000018a0e41fb78: ec08 49ba | 00d6 64d5 | fc7f 0000 | 41ff d248 | 83c4 08e9 | 0d00 0000 

  0x0000018a0e41fb90: ;   {runtime_call}
  0x0000018a0e41fb90: 49ba 00d6 | 64d5 fc7f | 0000 41ff | d248 83c4 | 2048 8b45 | f849 c787 | 9002 0000 | 0000 0000 
  0x0000018a0e41fbb0: 49c7 8798 | 0200 0000 | 0000 00c5 | f877 4885 | c00f 8493 | 0000 0048 | f7c0 0100 | 0000 0f84 
  0x0000018a0e41fbd0: 8300 0000 | 488b 40ff | 4180 7f38 | 000f 846f | 0000 0048 | 83f8 000f | 8465 0000 | 0049 8b4f 
  0x0000018a0e41fbf0: 2048 83f9 | 000f 8414 | 0000 0048 | 83e9 0849 | 894f 2049 | 034f 3048 | 8901 e943 | 0000 0050 
  0x0000018a0e41fc10: 498b d748 | 8bc8 4883 | ec20 f7c4 | 0f00 0000 | 0f84 1a00 | 0000 4883 

  0x0000018a0e41fc28: ;   {runtime_call}
  0x0000018a0e41fc28: ec08 49ba | 3009 24d5 | fc7f 0000 | 41ff d248 | 83c4 08e9 | 0d00 0000 

  0x0000018a0e41fc40: ;   {runtime_call}
  0x0000018a0e41fc40: 49ba 3009 | 24d5 fc7f | 0000 41ff | d248 83c4 | 2058 e903 | 0000 0048 | 8b00 498b | 8fd8 0000 
  0x0000018a0e41fc60: 00c7 8100 | 0100 0000 | 0000 00c9 | 4981 7f08 | 0000 0000 | 0f85 0100 

  0x0000018a0e41fc78: ;   {runtime_call StubRoutines (1)}
  0x0000018a0e41fc78: 0000 c3e9 | 8012 4bff | c5f8 7748 | 8945 f84c | 8be4 4883 | ec20 4883 

  0x0000018a0e41fc90: ;   {runtime_call}
  0x0000018a0e41fc90: e4f0 49ba | a006 65d5 | fc7f 0000 | 41ff d249 | 8be4 4d33 | e448 8b45 | f8e9 93fe | ffff f4f4 
[/MachCode]


Compiled method (c1)   14132 3821   !   1       jdk.internal.reflect.NativeMethodAccessorImpl::invoke (137 bytes)
 total in heap  [0x0000018a0e41fd10,0x0000018a0e420750] = 2624
 relocation     [0x0000018a0e41fe68,0x0000018a0e41fef0] = 136
 main code      [0x0000018a0e41ff00,0x0000018a0e420360] = 1120
 stub code      [0x0000018a0e420360,0x0000018a0e4203e8] = 136
 metadata       [0x0000018a0e4203e8,0x0000018a0e420408] = 32
 scopes data    [0x0000018a0e420408,0x0000018a0e4204c8] = 192
 scopes pcs     [0x0000018a0e4204c8,0x0000018a0e4205e8] = 288
 dependencies   [0x0000018a0e4205e8,0x0000018a0e4205f0] = 8
 handler table  [0x0000018a0e4205f0,0x0000018a0e420710] = 288
 nul chk table  [0x0000018a0e420710,0x0000018a0e420750] = 64

[Constant Pool (empty)]

[MachCode]
[Entry Point]
  # {method} {0x0000018a1e1c3d68} 'invoke' '(Ljava/lang/Object;[Ljava/lang/Object;)Ljava/lang/Object;' in 'jdk/internal/reflect/NativeMethodAccessorImpl'
  # this:     rdx:rdx   = 'jdk/internal/reflect/NativeMethodAccessorImpl'
  # parm0:    r8:r8     = 'java/lang/Object'
  # parm1:    r9:r9     = '[Ljava/lang/Object;'
  #           [sp+0xd0]  (sp of caller)
  0x0000018a0e41ff00: 448b 5208 | 49bb 0000 | 001e 8a01 | 0000 4d03 | d34c 3bd0 

  0x0000018a0e41ff14: ;   {runtime_call ic_miss_stub}
  0x0000018a0e41ff14: 0f85 66cb | 4fff 660f | 1f44 0000 
[Verified Entry Point]
  0x0000018a0e41ff20: 8984 2400 | 90ff ff55 | 4881 ecc0 | 0000 0048 | 8954 2470 | 8b72 0cff | c689 720c 

  0x0000018a0e41ff3c: ;   {oop(a 'java/lang/Class'{0x0000000709771510} = 'jdk/internal/reflect/ReflectionFactory')}
  0x0000018a0e41ff3c: 48bf 1015 | 7709 0700 | 0000 8b7f | 783b f70f | 8f08 0000 | 0048 8bf2 | e9e2 0200 | 004c 898c 
  0x0000018a0e41ff5c: 2480 0000 | 004c 8944 | 2478 8b72 | 1448 c1e6 | 038b 7624 | 48c1 e603 

  0x0000018a0e41ff74: ; implicit exception: dispatches to 0x0000018a0e42029a
  0x0000018a0e41ff74: 483b 0648 | 8bd6 0f1f 

  0x0000018a0e41ff7c: ;   {optimized virtual_call}
  0x0000018a0e41ff7c: 4400 00e8 

  0x0000018a0e41ff80: ; ImmutableOopMap {[112]=Oop [128]=Oop [120]=Oop }
                      ;*invokevirtual isHidden {reexecute=0 rethrow=0 return_oop=0}
                      ; - jdk.internal.reflect.NativeMethodAccessorImpl::invoke@24 (line 57)
  0x0000018a0e41ff80: bc86 89ff | 83f8 000f | 8417 0000 | 004c 8b8c | 2480 0000 | 004c 8b44 | 2478 488b | 7424 70e9 
  0x0000018a0e41ffa0: 9702 0000 | 488b 5424 | 708b 4210 | 83f8 000f | 8415 0000 | 004c 8b8c | 2480 0000 | 004c 8b44 
  0x0000018a0e41ffc0: 2478 488b | f2e9 7102 | 0000 488d | 7210 b800 | 0000 00bf | 0100 0000 | f00f b13e | be01 0000 
  0x0000018a0e41ffe0: 000f 8405 | 0000 00be | 0000 0000 | 83fe 000f | 8515 0000 | 004c 8b8c | 2480 0000 | 004c 8b44 
  0x0000018a0e420000: 2478 488b | f2e9 3102 | 0000 488b 

  0x0000018a0e42000c: ;   {metadata('jdk/internal/reflect/MethodAccessorGenerator')}
  0x0000018a0e42000c: da48 ba68 | 360f 1f8a | 0100 0049 | 8b87 0801 | 0000 488d | b890 0000 | 0049 3bbf | 1801 0000 
  0x0000018a0e42002c: 0f87 6d02 | 0000 4989 | bf08 0100 | 0048 c700 | 0100 0000 | 488b ca49 | ba00 0000 | 1e8a 0100 
  0x0000018a0e42004c: 0049 2bca | 8948 0848 | 33c9 8948 | 0c48 33c9 | 48bf 1000 | 0000 0000 | 0000 4889 | 4cf8 0848 
  0x0000018a0e42006c: ffcf 75f6 | ba1e 0000 | 0066 8950 | 6aba 4900 | 0000 6689 | 506c 8b53 | 1448 c1e2 | 038b 7224 
  0x0000018a0e42008c: 48c1 e603 | 8b7a 2848 | c1e7 038b | 5230 48c1 | e203 4889 | 8424 9800 | 0000 4889 | bc24 9000 
  0x0000018a0e4200ac: 0000 4889 | b424 8800 | 0000 0f1f | 8000 0000 | 0048 b878 | 1c00 1e8a 

  0x0000018a0e4200c4: ;   {virtual_call}
  0x0000018a0e4200c4: 0100 00e8 

  0x0000018a0e4200c8: ; ImmutableOopMap {[128]=Oop [120]=Oop [152]=Oop [112]=Oop [144]=Oop [136]=Oop }
                      ;*invokevirtual clone {reexecute=0 rethrow=0 return_oop=0}
                      ; - java.lang.reflect.Method::getParameterTypes@4 (line 314)
                      ; - jdk.internal.reflect.NativeMethodAccessorImpl::invoke@77 (line 65)
  0x0000018a0e4200c8: d42d 70ff | 4883 f800 | 0f84 2900 

  0x0000018a0e4200d4: ;   {metadata('java/lang/Class'[])}
  0x0000018a0e4200d4: 0000 48bb | 781c 001e | 8a01 0000 | 8b78 0849 | ba00 0000 | 1e8a 0100 | 0049 03fa | 483b 5f40 
  0x0000018a0e4200f4: 0f85 b701 | 0000 e900 | 0000 0048 | 8bf0 488b | 5424 708b | 7a14 48c1 | e703 8b5f | 2c48 c1e3 
  0x0000018a0e420114: 038b 7f34 | 48c1 e703 | 488b d748 | 899c 24a8 | 0000 0048 | 89b4 24a0 | 0000 0066 | 0f1f 4400 
  0x0000018a0e420134: 0048 b878 | 1c00 1e8a 

  0x0000018a0e42013c: ;   {virtual_call}
  0x0000018a0e42013c: 0100 00e8 

  0x0000018a0e420140: ; ImmutableOopMap {[128]=Oop [120]=Oop [152]=Oop [144]=Oop [136]=Oop [112]=Oop [168]=Oop [160]=Oop }
                      ;*invokevirtual clone {reexecute=0 rethrow=0 return_oop=0}
                      ; - java.lang.reflect.Method::getExceptionTypes@4 (line 341)
                      ; - jdk.internal.reflect.NativeMethodAccessorImpl::invoke@91 (line 67)
  0x0000018a0e420140: 5c2d 70ff | 4883 f800 | 0f84 2a00 

  0x0000018a0e42014c: ;   {metadata('java/lang/Class'[])}
  0x0000018a0e42014c: 0000 48bf | 781c 001e | 8a01 0000 | 448b 4808 | 49ba 0000 | 001e 8a01 | 0000 4d03 | ca49 3b79 
  0x0000018a0e42016c: 400f 854c | 0100 00e9 | 0000 0000 | 488b c848 | 8b54 2470 | 448b 4214 | 49c1 e003 

  0x0000018a0e420188: ; implicit exception: dispatches to 0x0000018a0e4202c8
  0x0000018a0e420188: 418b 5820 | 4c8b 8424 | 8800 0000 | 4c8b 8c24 | 9000 0000 | 488b bc24 | a000 0000 | 488b b424 
  0x0000018a0e4201a8: a800 0000 | 891c 2448 | 8b94 2498 

  0x0000018a0e4201b4: ;   {optimized virtual_call}
  0x0000018a0e4201b4: 0000 00e8 

  0x0000018a0e4201b8: ; ImmutableOopMap {[128]=Oop [120]=Oop [112]=Oop }
                      ;*invokevirtual generateMethod {reexecute=0 rethrow=0 return_oop=0}
                      ; - jdk.internal.reflect.NativeMethodAccessorImpl::invoke@101 (line 63)
  0x0000018a0e4201b8: d901 0000 | 4883 f800 | 0f84 2a00 

  0x0000018a0e4201c4: ;   {metadata('jdk/internal/reflect/MethodAccessorImpl')}
  0x0000018a0e4201c4: 0000 48be | d0ae 001e | 8a01 0000 | 448b 4808 | 49ba 0000 | 001e 8a01 | 0000 4d03 | ca49 3b71 
  0x0000018a0e4201e4: 400f 85e2 | 0000 00e9 | 0000 0000 | 488b d048 | 8b74 2470 | 448b 4618 | 49c1 e003 | 450f be4f 
  0x0000018a0e420204: 3841 83f9 | 000f 85c7 | 0000 004c | 8bd2 49c1 | ea03 4589 | 500c 4d8b | c84c 33ca | 49c1 e915 
  0x0000018a0e420224: 4983 f900 | 0f85 cd00 | 0000 4c8b | 8c24 8000 | 0000 4c8b | 4424 788b | 5614 48c1 | e203 0f1f 
  0x0000018a0e420244: ;   {static_call}
  0x0000018a0e420244: 4400 00e8 

  0x0000018a0e420248: ; ImmutableOopMap {}
                      ;*invokestatic invoke0 {reexecute=0 rethrow=0 return_oop=0}
                      ; - jdk.internal.reflect.NativeMethodAccessorImpl::invoke@133 (line 77)
  0x0000018a0e420248: 74f7 ffff | 4881 c4c0 | 0000 005d 

  0x0000018a0e420254: ;   {poll_return}
  0x0000018a0e420254: 493b a748 | 0300 000f | 87b2 0000 | 00c3 488b | 7424 7049 | 8b87 d803 | 0000 4d33 | d24d 8997 
  0x0000018a0e420274: d803 0000 | 4d33 d24d | 8997 e003 | 0000 bf00 | 0000 0089 | 7e10 f083 | 4424 c000 | e9b8 0000 
  0x0000018a0e420294: ;   {runtime_call throw_null_pointer_exception Runtime1 stub}
  0x0000018a0e420294: 00e8 8654 

  0x0000018a0e420298: ; ImmutableOopMap {rdx=Oop [112]=Oop [128]=Oop [120]=Oop }
                      ;*invokevirtual getDeclaringClass {reexecute=0 rethrow=0 return_oop=0}
                      ; - jdk.internal.reflect.NativeMethodAccessorImpl::invoke@21 (line 57)
                      ;   {runtime_call throw_null_pointer_exception Runtime1 stub}
  0x0000018a0e420298: 5aff e881 

  0x0000018a0e42029c: ; ImmutableOopMap {rdx=Oop [112]=Oop [128]=Oop [120]=Oop rsi=Oop }
                      ;*invokevirtual isHidden {reexecute=0 rethrow=0 return_oop=0}
                      ; - jdk.internal.reflect.NativeMethodAccessorImpl::invoke@24 (line 57)
  0x0000018a0e42029c: 545a ff48 

  0x0000018a0e4202a0: ;   {runtime_call fast_new_instance Runtime1 stub}
  0x0000018a0e4202a0: 8bd2 e859 

  0x0000018a0e4202a4: ; ImmutableOopMap {[128]=Oop [120]=Oop rbx=Oop [112]=Oop }
                      ;*new {reexecute=0 rethrow=0 return_oop=0}
                      ; - jdk.internal.reflect.NativeMethodAccessorImpl::invoke@52 (line 61)
  0x0000018a0e4202a4: 5d5a ffe9 | c4fd ffff 

  0x0000018a0e4202ac: ;   {runtime_call throw_null_pointer_exception Runtime1 stub}
  0x0000018a0e4202ac: e86f 545a 

  0x0000018a0e4202b0: ; ImmutableOopMap {[128]=Oop [120]=Oop rbx=Oop [112]=Oop rax=Oop rdx=Oop }
                      ;*invokevirtual getDeclaringClass {reexecute=0 rethrow=0 return_oop=0}
                      ; - jdk.internal.reflect.NativeMethodAccessorImpl::invoke@63 (line 63)
  0x0000018a0e4202b0: ff48 8904 

  0x0000018a0e4202b4: ;   {runtime_call throw_class_cast_exception Runtime1 stub}
  0x0000018a0e4202b4: 24e8 6678 

  0x0000018a0e4202b8: ; ImmutableOopMap {[128]=Oop [120]=Oop [152]=Oop [112]=Oop [144]=Oop [136]=Oop }
                      ;*checkcast {reexecute=0 rethrow=0 return_oop=0}
                      ; - java.lang.reflect.Method::getParameterTypes@7 (line 314)
                      ; - jdk.internal.reflect.NativeMethodAccessorImpl::invoke@77 (line 65)
                      ;   {runtime_call throw_null_pointer_exception Runtime1 stub}
  0x0000018a0e4202b8: 5aff e861 

  0x0000018a0e4202bc: ; ImmutableOopMap {[128]=Oop [120]=Oop [152]=Oop [144]=Oop [136]=Oop rsi=Oop rdx=Oop [112]=Oop rdi=Oop }
                      ;*invokevirtual getReturnType {reexecute=0 rethrow=0 return_oop=0}
                      ; - jdk.internal.reflect.NativeMethodAccessorImpl::invoke@84 (line 66)
  0x0000018a0e4202bc: 545a ff48 

  0x0000018a0e4202c0: ;   {runtime_call throw_class_cast_exception Runtime1 stub}
  0x0000018a0e4202c0: 8904 24e8 

  0x0000018a0e4202c4: ; ImmutableOopMap {[128]=Oop [120]=Oop [152]=Oop [144]=Oop [136]=Oop [112]=Oop [168]=Oop [160]=Oop }
                      ;*checkcast {reexecute=0 rethrow=0 return_oop=0}
                      ; - java.lang.reflect.Method::getExceptionTypes@7 (line 341)
                      ; - jdk.internal.reflect.NativeMethodAccessorImpl::invoke@91 (line 67)
  0x0000018a0e4202c4: 5878 5aff 

  0x0000018a0e4202c8: ;   {runtime_call throw_null_pointer_exception Runtime1 stub}
  0x0000018a0e4202c8: e853 545a 

  0x0000018a0e4202cc: ; ImmutableOopMap {[128]=Oop [120]=Oop [152]=Oop [144]=Oop [136]=Oop [168]=Oop [160]=Oop rcx=Oop rdx=Oop [112]=Oop }
                      ;*invokevirtual getModifiers {reexecute=0 rethrow=0 return_oop=0}
                      ; - jdk.internal.reflect.NativeMethodAccessorImpl::invoke@98 (line 68)
  0x0000018a0e4202cc: ff48 8904 

  0x0000018a0e4202d0: ;   {runtime_call throw_class_cast_exception Runtime1 stub}
  0x0000018a0e4202d0: 24e8 4a78 

  0x0000018a0e4202d4: ; ImmutableOopMap {[128]=Oop [120]=Oop [112]=Oop }
                      ;*checkcast {reexecute=0 rethrow=0 return_oop=0}
                      ; - jdk.internal.reflect.NativeMethodAccessorImpl::invoke@104 (line 63)
  0x0000018a0e4202d4: 5aff 458b | 480c 49c1 | e103 4983 | f900 0f84 | 27ff ffff | 4c89 0c24 

  0x0000018a0e4202ec: ;   {runtime_call g1_pre_barrier_slow}
  0x0000018a0e4202ec: e80f ab5a | ffe9 19ff 

  0x0000018a0e4202f4: ;   {runtime_call throw_null_pointer_exception Runtime1 stub}
  0x0000018a0e4202f4: ffff e825 

  0x0000018a0e4202f8: ; ImmutableOopMap {[128]=Oop [120]=Oop rdx=Oop rsi=Oop [112]=Oop r8=Oop }
                      ;*invokevirtual setDelegate {reexecute=0 rethrow=0 return_oop=0}
                      ; - jdk.internal.reflect.NativeMethodAccessorImpl::invoke@113 (line 69)
  0x0000018a0e4202f8: 545a ff48 | 83fa 000f | 8429 ffff | ff4c 8904 

  0x0000018a0e420308: ;   {runtime_call g1_post_barrier_slow}
  0x0000018a0e420308: 24e8 f2ad | 5aff e91b 

  0x0000018a0e420310: ;   {internal_word}
  0x0000018a0e420310: ffff ff49 | ba54 0242 | 0e8a 0100 | 004d 8997 | 6003 0000 

  0x0000018a0e420324: ;   {runtime_call SafepointBlob}
  0x0000018a0e420324: e9d7 3050 

  0x0000018a0e420328: ;   {runtime_call throw_null_pointer_exception Runtime1 stub}
  0x0000018a0e420328: ffe8 f253 

  0x0000018a0e42032c: ; ImmutableOopMap {[128]=Oop [120]=Oop rdx=Oop rsi=Oop [112]=Oop r8=Oop }
                      ;*invokevirtual setDelegate {reexecute=0 rethrow=0 return_oop=0}
                      ; - jdk.internal.reflect.NativeMethodAccessorImpl::invoke@113 (line 69)
  0x0000018a0e42032c: 5aff 9090 | 498b 87d8 | 0300 0049 | c787 d803 | 0000 0000 | 0000 49c7 | 87e0 0300 | 0000 0000 
  0x0000018a0e42034c: 0048 81c4 | c000 0000 

  0x0000018a0e420354: ;   {runtime_call unwind_exception Runtime1 stub}
  0x0000018a0e420354: 5de9 a644 | 5aff f4f4 | f4f4 f4f4 
[Stub Code]
  0x0000018a0e420360: ;   {no_reloc}
  0x0000018a0e420360: 0f1f 4400 

  0x0000018a0e420364: ;   {static_stub}
  0x0000018a0e420364: 0048 bb00 | 0000 0000 

  0x0000018a0e42036c: ;   {runtime_call}
  0x0000018a0e42036c: 0000 00e9 | fbff ffff 

  0x0000018a0e420374: ;   {static_stub}
  0x0000018a0e420374: 9048 bb00 | 0000 0000 

  0x0000018a0e42037c: ;   {runtime_call}
  0x0000018a0e42037c: 0000 00e9 | fbff ffff 

  0x0000018a0e420384: ;   {static_stub}
  0x0000018a0e420384: 9048 bb00 | 0000 0000 

  0x0000018a0e42038c: ;   {runtime_call}
  0x0000018a0e42038c: 0000 00e9 | fbff ffff 

  0x0000018a0e420394: ;   {static_stub}
  0x0000018a0e420394: 9048 bbf0 | 6623 5f8a 

  0x0000018a0e42039c: ;   {runtime_call I2C/C2I adapters}
  0x0000018a0e42039c: 0100 00e9 | 5617 69ff 

  0x0000018a0e4203a4: ;   {static_stub}
  0x0000018a0e4203a4: 9048 bb00 | 0000 0000 

  0x0000018a0e4203ac: ;   {runtime_call}
  0x0000018a0e4203ac: 0000 00e9 | fbff ffff 
[Exception Handler]
  0x0000018a0e4203b4: ;   {runtime_call handle_exception_from_callee Runtime1 stub}
  0x0000018a0e4203b4: e847 715a 

  0x0000018a0e4203b8: ;   {external_word}
  0x0000018a0e4203b8: ff48 b9a0 | e083 d5fc | 7f00 0048 

  0x0000018a0e4203c4: ;   {runtime_call}
  0x0000018a0e4203c4: 83e4 f049 | bae0 da51 | d5fc 7f00 | 0041 ffd2 

  0x0000018a0e4203d4: ;   {section_word}
  0x0000018a0e4203d4: f449 bad5 | 0342 0e8a | 0100 0041 

  0x0000018a0e4203e0: ;   {runtime_call DeoptimizationBlob}
  0x0000018a0e4203e0: 52e9 ba22 | 50ff f4f4 
[/MachCode]


Compiled method (c1)   14160 3810       1       jdk.internal.reflect.DelegatingMethodAccessorImpl::invoke (10 bytes)
 total in heap  [0x0000018a0e41cf10,0x0000018a0e41d1d8] = 712
 relocation     [0x0000018a0e41d068,0x0000018a0e41d0a0] = 56
 main code      [0x0000018a0e41d0a0,0x0000018a0e41d140] = 160
 stub code      [0x0000018a0e41d140,0x0000018a0e41d188] = 72
 metadata       [0x0000018a0e41d188,0x0000018a0e41d190] = 8
 scopes data    [0x0000018a0e41d190,0x0000018a0e41d1a0] = 16
 scopes pcs     [0x0000018a0e41d1a0,0x0000018a0e41d1d0] = 48
 dependencies   [0x0000018a0e41d1d0,0x0000018a0e41d1d8] = 8

[Constant Pool (empty)]

[MachCode]
[Entry Point]
  # {method} {0x0000018a1e35fb00} 'invoke' '(Ljava/lang/Object;[Ljava/lang/Object;)Ljava/lang/Object;' in 'jdk/internal/reflect/DelegatingMethodAccessorImpl'
  # this:     rdx:rdx   = 'jdk/internal/reflect/DelegatingMethodAccessorImpl'
  # parm0:    r8:r8     = 'java/lang/Object'
  # parm1:    r9:r9     = '[Ljava/lang/Object;'
  #           [sp+0x40]  (sp of caller)
  0x0000018a0e41d0a0: 448b 5208 | 49bb 0000 | 001e 8a01 | 0000 4d03 | d34c 3bd0 

  0x0000018a0e41d0b4: ;   {runtime_call ic_miss_stub}
  0x0000018a0e41d0b4: 0f85 c6f9 | 4fff 660f | 1f44 0000 
[Verified Entry Point]
  0x0000018a0e41d0c0: 8984 2400 | 90ff ff55 | 4883 ec30 | 8b52 0c48 | c1e2 0366 | 9048 b8ff | ffff ffff 

  0x0000018a0e41d0dc: ;   {virtual_call}
  0x0000018a0e41d0dc: ffff ffe8 

  0x0000018a0e41d0e0: ; ImmutableOopMap {}
                      ;*invokevirtual invoke {reexecute=0 rethrow=0 return_oop=0}
                      ; - jdk.internal.reflect.DelegatingMethodAccessorImpl::invoke@6 (line 43)
  0x0000018a0e41d0e0: 5cc0 63ff | 4883 c430 

  0x0000018a0e41d0e8: ;   {poll_return}
  0x0000018a0e41d0e8: 5d49 3ba7 | 4803 0000 | 0f87 0100 

  0x0000018a0e41d0f4: ;   {internal_word}
  0x0000018a0e41d0f4: 0000 c349 | bae9 d041 | 0e8a 0100 | 004d 8997 | 6003 0000 

  0x0000018a0e41d108: ;   {runtime_call SafepointBlob}
  0x0000018a0e41d108: e9f3 6250 | ff90 9049 | 8b87 d803 | 0000 49c7 | 87d8 0300 | 0000 0000 | 0049 c787 | e003 0000 
  0x0000018a0e41d128: 0000 0000 | 4883 c430 

  0x0000018a0e41d130: ;   {runtime_call unwind_exception Runtime1 stub}
  0x0000018a0e41d130: 5de9 ca76 | 5aff f4f4 | f4f4 f4f4 | f4f4 f4f4 
[Stub Code]
  0x0000018a0e41d140: ;   {no_reloc}
  0x0000018a0e41d140: 0f1f 4400 

  0x0000018a0e41d144: ;   {static_stub}
  0x0000018a0e41d144: 0048 bb00 | 0000 0000 

  0x0000018a0e41d14c: ;   {runtime_call}
  0x0000018a0e41d14c: 0000 00e9 | fbff ffff 
[Exception Handler]
  0x0000018a0e41d154: ;   {runtime_call handle_exception_from_callee Runtime1 stub}
  0x0000018a0e41d154: e8a7 a35a 

  0x0000018a0e41d158: ;   {external_word}
  0x0000018a0e41d158: ff48 b9a0 | e083 d5fc | 7f00 0048 

  0x0000018a0e41d164: ;   {runtime_call}
  0x0000018a0e41d164: 83e4 f049 | bae0 da51 | d5fc 7f00 | 0041 ffd2 

  0x0000018a0e41d174: ;   {section_word}
  0x0000018a0e41d174: f449 ba75 | d141 0e8a | 0100 0041 

  0x0000018a0e41d180: ;   {runtime_call DeoptimizationBlob}
  0x0000018a0e41d180: 52e9 1a55 | 50ff f4f4 
[/MachCode]


---------------  P R O C E S S  ---------------

Threads class SMR info:
_java_thread_list=0x0000018a64b9e2a0, length=30, elements={
0x0000018a1d268180, 0x0000018a1d26aa60, 0x0000018a1d2899f0, 0x0000018a1d28a2c0,
0x0000018a1d28ac80, 0x0000018a1d28bc50, 0x0000018a1d28d6d0, 0x0000018a1d28f4f0,
0x0000018a1d2e2450, 0x0000018a1d3e6470, 0x0000018a1d3f27e0, 0x0000018a63844e00,
0x0000018a638947e0, 0x0000018a63894cc0, 0x0000018a6399bdd0, 0x0000018a646a49c0,
0x0000018a646a3580, 0x0000018a646a44b0, 0x0000018a646a3fa0, 0x0000018a646a3070,
0x0000018a1d88b060, 0x0000018a1d88c4a0, 0x0000018a1d88ddf0, 0x0000018a1d88c9b0,
0x0000018a1d88cec0, 0x0000018a1d88e300, 0x0000018a1d88e810, 0x0000018a1d88ed20,
0x0000018a1d88d3d0, 0x0000018a64be1370
}

Java Threads: ( => current thread )
  0x0000018a1d268180 JavaThread "Reference Handler" daemon [_thread_blocked, id=9728, stack(0x00000013e4600000,0x00000013e4700000)]
  0x0000018a1d26aa60 JavaThread "Finalizer" daemon [_thread_blocked, id=29136, stack(0x00000013e4700000,0x00000013e4800000)]
  0x0000018a1d2899f0 JavaThread "Signal Dispatcher" daemon [_thread_blocked, id=31060, stack(0x00000013e4800000,0x00000013e4900000)]
  0x0000018a1d28a2c0 JavaThread "Attach Listener" daemon [_thread_blocked, id=12144, stack(0x00000013e4900000,0x00000013e4a00000)]
  0x0000018a1d28ac80 JavaThread "Service Thread" daemon [_thread_blocked, id=32060, stack(0x00000013e4a00000,0x00000013e4b00000)]
  0x0000018a1d28bc50 JavaThread "Monitor Deflation Thread" daemon [_thread_blocked, id=32588, stack(0x00000013e4b00000,0x00000013e4c00000)]
  0x0000018a1d28d6d0 JavaThread "C1 CompilerThread0" daemon [_thread_blocked, id=28040, stack(0x00000013e4c00000,0x00000013e4d00000)]
  0x0000018a1d28f4f0 JavaThread "Sweeper thread" daemon [_thread_blocked, id=2640, stack(0x00000013e4d00000,0x00000013e4e00000)]
  0x0000018a1d2e2450 JavaThread "C1 CompilerThread1" daemon [_thread_blocked, id=30792, stack(0x00000013e4e00000,0x00000013e4f00000)]
  0x0000018a1d3e6470 JavaThread "Notification Thread" daemon [_thread_blocked, id=18288, stack(0x00000013e4f00000,0x00000013e5000000)]
  0x0000018a1d3f27e0 JavaThread "Common-Cleaner" daemon [_thread_blocked, id=18908, stack(0x00000013e5100000,0x00000013e5200000)]
  0x0000018a63844e00 JavaThread "Catalina-utility-1" [_thread_blocked, id=29408, stack(0x00000013e6800000,0x00000013e6900000)]
  0x0000018a638947e0 JavaThread "Catalina-utility-2" [_thread_blocked, id=31000, stack(0x00000013e6900000,0x00000013e6a00000)]
  0x0000018a63894cc0 JavaThread "container-0" [_thread_blocked, id=11268, stack(0x00000013e6a00000,0x00000013e6b00000)]
  0x0000018a6399bdd0 JavaThread "HikariPool-1 housekeeper" daemon [_thread_blocked, id=29956, stack(0x00000013e6b00000,0x00000013e6c00000)]
  0x0000018a646a49c0 JavaThread "java-sdk-http-connection-reaper" daemon [_thread_blocked, id=3400, stack(0x00000013e6d00000,0x00000013e6e00000)]
  0x0000018a646a3580 JavaThread "http-nio-8080-exec-1" daemon [_thread_blocked, id=29128, stack(0x00000013e6e00000,0x00000013e6f00000)]
  0x0000018a646a44b0 JavaThread "http-nio-8080-exec-2" daemon [_thread_blocked, id=32640, stack(0x00000013e6f00000,0x00000013e7000000)]
  0x0000018a646a3fa0 JavaThread "http-nio-8080-exec-3" daemon [_thread_blocked, id=26776, stack(0x00000013e7000000,0x00000013e7100000)]
  0x0000018a646a3070 JavaThread "http-nio-8080-exec-4" daemon [_thread_blocked, id=9744, stack(0x00000013e7100000,0x00000013e7200000)]
  0x0000018a1d88b060 JavaThread "http-nio-8080-exec-5" daemon [_thread_blocked, id=30864, stack(0x00000013e7200000,0x00000013e7300000)]
  0x0000018a1d88c4a0 JavaThread "http-nio-8080-exec-6" daemon [_thread_blocked, id=29464, stack(0x00000013e7300000,0x00000013e7400000)]
=>0x0000018a1d88ddf0 JavaThread "http-nio-8080-exec-7" daemon [_thread_in_native, id=15528, stack(0x00000013e7400000,0x00000013e7500000)]
  0x0000018a1d88c9b0 JavaThread "http-nio-8080-exec-8" daemon [_thread_blocked, id=5976, stack(0x00000013e7500000,0x00000013e7600000)]
  0x0000018a1d88cec0 JavaThread "http-nio-8080-exec-9" daemon [_thread_blocked, id=20340, stack(0x00000013e7600000,0x00000013e7700000)]
  0x0000018a1d88e300 JavaThread "http-nio-8080-exec-10" daemon [_thread_blocked, id=29512, stack(0x00000013e7700000,0x00000013e7800000)]
  0x0000018a1d88e810 JavaThread "http-nio-8080-Poller" daemon [_thread_in_native, id=12320, stack(0x00000013e7800000,0x00000013e7900000)]
  0x0000018a1d88ed20 JavaThread "http-nio-8080-Acceptor" daemon [_thread_in_native, id=29112, stack(0x00000013e7900000,0x00000013e7a00000)]
  0x0000018a1d88d3d0 JavaThread "DestroyJavaVM" [_thread_blocked, id=32524, stack(0x00000013e3f00000,0x00000013e4000000)]
  0x0000018a64be1370 JavaThread "C1 CompilerThread2" daemon [_thread_blocked, id=2716, stack(0x00000013e5200000,0x00000013e5300000)]

Other Threads:
  0x0000018a1d25eb40 VMThread "VM Thread" [stack: 0x00000013e4500000,0x00000013e4600000] [id=9640]
  0x0000018a1d3ebb30 WatcherThread [stack: 0x00000013e5000000,0x00000013e5100000] [id=29472]
  0x0000018a0609fd40 GCTaskThread "GC Thread#0" [stack: 0x00000013e4000000,0x00000013e4100000] [id=29832]
  0x0000018a1dc33240 GCTaskThread "GC Thread#1" [stack: 0x00000013e5400000,0x00000013e5500000] [id=26768]
  0x0000018a1dc2fa50 GCTaskThread "GC Thread#2" [stack: 0x00000013e5500000,0x00000013e5600000] [id=26780]
  0x0000018a1dc2fd10 GCTaskThread "GC Thread#3" [stack: 0x00000013e5600000,0x00000013e5700000] [id=31932]
  0x0000018a1dc303e0 GCTaskThread "GC Thread#4" [stack: 0x00000013e5700000,0x00000013e5800000] [id=29316]
  0x0000018a1de3e450 GCTaskThread "GC Thread#5" [stack: 0x00000013e5900000,0x00000013e5a00000] [id=2284]
  0x0000018a1de32090 GCTaskThread "GC Thread#6" [stack: 0x00000013e5a00000,0x00000013e5b00000] [id=30464]
  0x0000018a63204830 GCTaskThread "GC Thread#7" [stack: 0x00000013e5800000,0x00000013e5900000] [id=28216]
  0x0000018a63204af0 GCTaskThread "GC Thread#8" [stack: 0x00000013e6000000,0x00000013e6100000] [id=24096]
  0x0000018a632051c0 GCTaskThread "GC Thread#9" [stack: 0x00000013e6100000,0x00000013e6200000] [id=18552]
  0x0000018a63205ea0 GCTaskThread "GC Thread#10" [stack: 0x00000013e6200000,0x00000013e6300000] [id=29984]
  0x0000018a63206d80 GCTaskThread "GC Thread#11" [stack: 0x00000013e6300000,0x00000013e6400000] [id=30256]
  0x0000018a63207850 GCTaskThread "GC Thread#12" [stack: 0x00000013e6400000,0x00000013e6500000] [id=31184]
  0x0000018a060b0250 ConcurrentGCThread "G1 Main Marker" [stack: 0x00000013e4100000,0x00000013e4200000] [id=31140]
  0x0000018a060b2840 ConcurrentGCThread "G1 Conc#0" [stack: 0x00000013e4200000,0x00000013e4300000] [id=32688]
  0x0000018a63650610 ConcurrentGCThread "G1 Conc#1" [stack: 0x00000013e6500000,0x00000013e6600000] [id=28600]
  0x0000018a63651950 ConcurrentGCThread "G1 Conc#2" [stack: 0x00000013e6600000,0x00000013e6700000] [id=29500]
  0x0000018a060ee9c0 ConcurrentGCThread "G1 Refine#0" [stack: 0x00000013e4300000,0x00000013e4400000] [id=30996]
  0x0000018a6380bb70 ConcurrentGCThread "G1 Refine#1" [stack: 0x00000013e6700000,0x00000013e6800000] [id=21788]
  0x0000018a1d119c80 ConcurrentGCThread "G1 Service" [stack: 0x00000013e4400000,0x00000013e4500000] [id=30528]

Threads with active compile tasks:

VM state: not at safepoint (normal execution)

VM Mutex/Monitor currently owned by a thread: None

Heap address: 0x0000000709400000, size: 3948 MB, Compressed Oops mode: Zero based, Oop shift amount: 3

CDS archive(s) mapped at: [0x0000018a1e000000-0x0000018a1ebd0000-0x0000018a1ebd0000), size 12386304, SharedBaseAddress: 0x0000018a1e000000, ArchiveRelocationMode: 1.
Compressed class space mapped at: 0x0000018a1f000000-0x0000018a5f000000, reserved size: 1073741824
Narrow klass base: 0x0000018a1e000000, Narrow klass shift: 0, Narrow klass range: 0x100000000

GC Precious Log:
 CPUs: 16 total, 16 available
 Memory: 15789M
 Large Page Support: Disabled
 NUMA Support: Disabled
 Compressed Oops: Enabled (Zero based)
 Heap Region Size: 2M
 Heap Min Capacity: 8M
 Heap Initial Capacity: 248M
 Heap Max Capacity: 3948M
 Pre-touch: Disabled
 Parallel Workers: 13
 Concurrent Workers: 3
 Concurrent Refinement Workers: 13
 Periodic GC: Disabled

Heap:
 garbage-first heap   total 122880K, used 46831K [0x0000000709400000, 0x0000000800000000)
  region size 2048K, 9 young (18432K), 1 survivors (2048K)
 Metaspace       used 65137K, committed 65664K, reserved 1114112K
  class space    used 8963K, committed 9216K, reserved 1048576K

Heap Regions: E=young(eden), S=young(survivor), O=old, HS=humongous(starts), HC=humongous(continues), CS=collection set, F=free, OA=open archive, CA=closed archive, TAMS=top-at-mark-start (previous, next)
|   0|0x0000000709400000, 0x0000000709600000, 0x0000000709600000|100%| O|  |TAMS 0x0000000709600000, 0x0000000709400000| Untracked 
|   1|0x0000000709600000, 0x0000000709800000, 0x0000000709800000|100%| O|  |TAMS 0x0000000709800000, 0x0000000709600000| Untracked 
|   2|0x0000000709800000, 0x0000000709a00000, 0x0000000709a00000|100%| O|  |TAMS 0x0000000709a00000, 0x0000000709800000| Untracked 
|   3|0x0000000709a00000, 0x0000000709c00000, 0x0000000709c00000|100%| O|  |TAMS 0x0000000709b65800, 0x0000000709a00000| Untracked 
|   4|0x0000000709c00000, 0x0000000709e00000, 0x0000000709e00000|100%| O|  |TAMS 0x0000000709e00000, 0x0000000709c00000| Untracked 
|   5|0x0000000709e00000, 0x000000070a000000, 0x000000070a000000|100%| O|  |TAMS 0x000000070a000000, 0x0000000709e00000| Untracked 
|   6|0x000000070a000000, 0x000000070a200000, 0x000000070a200000|100%| O|  |TAMS 0x000000070a200000, 0x000000070a000000| Untracked 
|   7|0x000000070a200000, 0x000000070a400000, 0x000000070a400000|100%| O|  |TAMS 0x000000070a400000, 0x000000070a200000| Untracked 
|   8|0x000000070a400000, 0x000000070a600000, 0x000000070a600000|100%| O|  |TAMS 0x000000070a600000, 0x000000070a400000| Untracked 
|   9|0x000000070a600000, 0x000000070a800000, 0x000000070a800000|100%| O|  |TAMS 0x000000070a600000, 0x000000070a600000| Untracked 
|  10|0x000000070a800000, 0x000000070aa00000, 0x000000070aa00000|100%| O|  |TAMS 0x000000070a800000, 0x000000070a800000| Untracked 
|  11|0x000000070aa00000, 0x000000070ac00000, 0x000000070ac00000|100%| O|  |TAMS 0x000000070aa00000, 0x000000070aa00000| Untracked 
|  12|0x000000070ac00000, 0x000000070ae00000, 0x000000070ae00000|100%| O|  |TAMS 0x000000070ae00000, 0x000000070ac00000| Untracked 
|  13|0x000000070ae00000, 0x000000070b000000, 0x000000070b000000|100%| O|  |TAMS 0x000000070ae00000, 0x000000070ae00000| Untracked 
|  14|0x000000070b000000, 0x000000070b200000, 0x000000070b200000|100%| O|  |TAMS 0x000000070b000000, 0x000000070b000000| Untracked 
|  15|0x000000070b200000, 0x000000070b21d600, 0x000000070b400000|  5%| O|  |TAMS 0x000000070b200000, 0x000000070b200000| Untracked 
|  16|0x000000070b400000, 0x000000070b400000, 0x000000070b600000|  0%| F|  |TAMS 0x000000070b400000, 0x000000070b400000| Untracked 
|  17|0x000000070b600000, 0x000000070b600000, 0x000000070b800000|  0%| F|  |TAMS 0x000000070b600000, 0x000000070b600000| Untracked 
|  18|0x000000070b800000, 0x000000070b800000, 0x000000070ba00000|  0%| F|  |TAMS 0x000000070b800000, 0x000000070b800000| Untracked 
|  19|0x000000070ba00000, 0x000000070ba00000, 0x000000070bc00000|  0%| F|  |TAMS 0x000000070ba00000, 0x000000070ba00000| Untracked 
|  20|0x000000070bc00000, 0x000000070bc00000, 0x000000070be00000|  0%| F|  |TAMS 0x000000070bc00000, 0x000000070bc00000| Untracked 
|  21|0x000000070be00000, 0x000000070be00000, 0x000000070c000000|  0%| F|  |TAMS 0x000000070be00000, 0x000000070be00000| Untracked 
|  22|0x000000070c000000, 0x000000070c000000, 0x000000070c200000|  0%| F|  |TAMS 0x000000070c000000, 0x000000070c000000| Untracked 
|  23|0x000000070c200000, 0x000000070c200000, 0x000000070c400000|  0%| F|  |TAMS 0x000000070c200000, 0x000000070c200000| Untracked 
|  24|0x000000070c400000, 0x000000070c400000, 0x000000070c600000|  0%| F|  |TAMS 0x000000070c400000, 0x000000070c400000| Untracked 
|  25|0x000000070c600000, 0x000000070c600000, 0x000000070c800000|  0%| F|  |TAMS 0x000000070c600000, 0x000000070c600000| Untracked 
|  26|0x000000070c800000, 0x000000070c800000, 0x000000070ca00000|  0%| F|  |TAMS 0x000000070c800000, 0x000000070c800000| Untracked 
|  27|0x000000070ca00000, 0x000000070ca00000, 0x000000070cc00000|  0%| F|  |TAMS 0x000000070ca00000, 0x000000070ca00000| Untracked 
|  28|0x000000070cc00000, 0x000000070cc00000, 0x000000070ce00000|  0%| F|  |TAMS 0x000000070cc00000, 0x000000070cc00000| Untracked 
|  29|0x000000070ce00000, 0x000000070ce00000, 0x000000070d000000|  0%| F|  |TAMS 0x000000070ce00000, 0x000000070ce00000| Untracked 
|  30|0x000000070d000000, 0x000000070d000000, 0x000000070d200000|  0%| F|  |TAMS 0x000000070d000000, 0x000000070d000000| Untracked 
|  31|0x000000070d200000, 0x000000070d200000, 0x000000070d400000|  0%| F|  |TAMS 0x000000070d200000, 0x000000070d200000| Untracked 
|  32|0x000000070d400000, 0x000000070d400000, 0x000000070d600000|  0%| F|  |TAMS 0x000000070d400000, 0x000000070d400000| Untracked 
|  33|0x000000070d600000, 0x000000070d600000, 0x000000070d800000|  0%| F|  |TAMS 0x000000070d600000, 0x000000070d600000| Untracked 
|  34|0x000000070d800000, 0x000000070d800000, 0x000000070da00000|  0%| F|  |TAMS 0x000000070d800000, 0x000000070d800000| Untracked 
|  35|0x000000070da00000, 0x000000070da00000, 0x000000070dc00000|  0%| F|  |TAMS 0x000000070da00000, 0x000000070da00000| Untracked 
|  36|0x000000070dc00000, 0x000000070dc00000, 0x000000070de00000|  0%| F|  |TAMS 0x000000070dc00000, 0x000000070dc00000| Untracked 
|  37|0x000000070de00000, 0x000000070de00000, 0x000000070e000000|  0%| F|  |TAMS 0x000000070de00000, 0x000000070de00000| Untracked 
|  38|0x000000070e000000, 0x000000070e000000, 0x000000070e200000|  0%| F|  |TAMS 0x000000070e000000, 0x000000070e000000| Untracked 
|  39|0x000000070e200000, 0x000000070e200000, 0x000000070e400000|  0%| F|  |TAMS 0x000000070e200000, 0x000000070e200000| Untracked 
|  40|0x000000070e400000, 0x000000070e400000, 0x000000070e600000|  0%| F|  |TAMS 0x000000070e400000, 0x000000070e400000| Untracked 
|  41|0x000000070e600000, 0x000000070e600000, 0x000000070e800000|  0%| F|  |TAMS 0x000000070e600000, 0x000000070e600000| Untracked 
|  42|0x000000070e800000, 0x000000070e800000, 0x000000070ea00000|  0%| F|  |TAMS 0x000000070e800000, 0x000000070e800000| Untracked 
|  43|0x000000070ea00000, 0x000000070ea00000, 0x000000070ec00000|  0%| F|  |TAMS 0x000000070ea00000, 0x000000070ea00000| Untracked 
|  44|0x000000070ec00000, 0x000000070ec00000, 0x000000070ee00000|  0%| F|  |TAMS 0x000000070ec00000, 0x000000070ec00000| Untracked 
|  45|0x000000070ee00000, 0x000000070ee00000, 0x000000070f000000|  0%| F|  |TAMS 0x000000070ee00000, 0x000000070ee00000| Untracked 
|  46|0x000000070f000000, 0x000000070f000000, 0x000000070f200000|  0%| F|  |TAMS 0x000000070f000000, 0x000000070f000000| Untracked 
|  47|0x000000070f200000, 0x000000070f200000, 0x000000070f400000|  0%| F|  |TAMS 0x000000070f200000, 0x000000070f200000| Untracked 
|  48|0x000000070f400000, 0x000000070f400000, 0x000000070f600000|  0%| F|  |TAMS 0x000000070f400000, 0x000000070f400000| Untracked 
|  49|0x000000070f600000, 0x000000070f600000, 0x000000070f800000|  0%| F|  |TAMS 0x000000070f600000, 0x000000070f600000| Untracked 
|  50|0x000000070f800000, 0x000000070f800000, 0x000000070fa00000|  0%| F|  |TAMS 0x000000070f800000, 0x000000070f800000| Untracked 
|  51|0x000000070fa00000, 0x000000070fb7c950, 0x000000070fc00000| 74%| E|  |TAMS 0x000000070fa00000, 0x000000070fa00000| Complete 
|  52|0x000000070fc00000, 0x000000070fe00000, 0x000000070fe00000|100%| E|CS|TAMS 0x000000070fc00000, 0x000000070fc00000| Complete 
|  53|0x000000070fe00000, 0x0000000710000000, 0x0000000710000000|100%| E|CS|TAMS 0x000000070fe00000, 0x000000070fe00000| Complete 
|  54|0x0000000710000000, 0x0000000710200000, 0x0000000710200000|100%| E|CS|TAMS 0x0000000710000000, 0x0000000710000000| Complete 
|  55|0x0000000710200000, 0x0000000710400000, 0x0000000710400000|100%| E|CS|TAMS 0x0000000710200000, 0x0000000710200000| Complete 
|  56|0x0000000710400000, 0x0000000710600000, 0x0000000710600000|100%| E|CS|TAMS 0x0000000710400000, 0x0000000710400000| Complete 
|  57|0x0000000710600000, 0x0000000710800000, 0x0000000710800000|100%| E|CS|TAMS 0x0000000710600000, 0x0000000710600000| Complete 
| 107|0x0000000716a00000, 0x0000000716b9e980, 0x0000000716c00000| 80%| S|CS|TAMS 0x0000000716a00000, 0x0000000716a00000| Complete 
| 123|0x0000000718a00000, 0x0000000718c00000, 0x0000000718c00000|100%| E|CS|TAMS 0x0000000718a00000, 0x0000000718a00000| Complete 

Card table byte_map: [0x0000018a116f0000,0x0000018a11eb0000] _byte_map_base: 0x0000018a0dea6000

Marking Bits (Prev, Next): (CMBitMap*) 0x0000018a060a02a0, (CMBitMap*) 0x0000018a060a0260
 Prev Bits: [0x0000018a16420000, 0x0000018a1a1d0000)
 Next Bits: [0x0000018a12670000, 0x0000018a16420000)

Polling page: 0x0000018a03fb0000

Metaspace:

Usage:
  Non-class:     54.86 MB used.
      Class:      8.75 MB used.
       Both:     63.61 MB used.

Virtual space:
  Non-class space:       64.00 MB reserved,      55.12 MB ( 86%) committed,  1 nodes.
      Class space:        1.00 GB reserved,       9.00 MB ( <1%) committed,  1 nodes.
             Both:        1.06 GB reserved,      64.12 MB (  6%) committed. 

Chunk freelists:
   Non-Class:  8.00 MB
       Class:  7.01 MB
        Both:  15.01 MB

MaxMetaspaceSize: unlimited
CompressedClassSpaceSize: 1.00 GB
Initial GC threshold: 21.00 MB
Current GC threshold: 98.06 MB
CDS: on
MetaspaceReclaimPolicy: balanced
 - commit_granule_bytes: 65536.
 - commit_granule_words: 8192.
 - virtual_space_node_default_size: 8388608.
 - enlarge_chunks_in_place: 1.
 - new_chunks_are_fully_committed: 0.
 - uncommit_free_chunks: 1.
 - use_allocation_guard: 0.
 - handle_deallocations: 1.


Internal statistics:

num_allocs_failed_limit: 9.
num_arena_births: 790.
num_arena_deaths: 0.
num_vsnodes_births: 2.
num_vsnodes_deaths: 0.
num_space_committed: 1026.
num_space_uncommitted: 0.
num_chunks_returned_to_freelist: 9.
num_chunks_taken_from_freelist: 3020.
num_chunk_merges: 9.
num_chunk_splits: 2207.
num_chunks_enlarged: 1737.
num_inconsistent_stats: 0.

CodeCache: size=49152Kb used=11211Kb max_used=13745Kb free=37940Kb
 bounds [0x0000018a0d8d0000, 0x0000018a0e640000, 0x0000018a108d0000]
 total_blobs=6199 nmethods=5429 adapters=695
 compilation: enabled
              stopped_count=0, restarted_count=0
 full_count=0

Compilation events (20 events):
Event: 14.031 Thread 0x0000018a1d28d6d0 nmethod 5418 0x0000018a0dbd7290 code [0x0000018a0dbd7420, 0x0000018a0dbd74f8]
Event: 14.031 Thread 0x0000018a64be1370 nmethod 5419 0x0000018a0dbd6f90 code [0x0000018a0dbd7120, 0x0000018a0dbd71f8]
Event: 14.031 Thread 0x0000018a1d2e2450 5420       1       sun.security.provider.MD5::II (31 bytes)
Event: 14.031 Thread 0x0000018a1d2e2450 nmethod 5420 0x0000018a0dbd6c90 code [0x0000018a0dbd6e20, 0x0000018a0dbd6ef8]
Event: 14.032 Thread 0x0000018a1d2e2450 5422       1       sun.security.provider.MD5::implCompressCheck (27 bytes)
Event: 14.032 Thread 0x0000018a64be1370 5421       1       sun.security.provider.MD5::implCompress (13 bytes)
Event: 14.032 Thread 0x0000018a1d28d6d0 5423       1       sun.security.provider.MD5::implCompress0 (1407 bytes)
Event: 14.032 Thread 0x0000018a1d2e2450 nmethod 5422 0x0000018a0dbd6790 code [0x0000018a0dbd6940, 0x0000018a0dbd6b58]
Event: 14.032 Thread 0x0000018a64be1370 nmethod 5421 0x0000018a0dbd6210 code [0x0000018a0dbd63c0, 0x0000018a0dbd6608]
Event: 14.035 Thread 0x0000018a1d28d6d0 nmethod 5423 0x0000018a0dbd4110 code [0x0000018a0dbd43a0, 0x0000018a0dbd5718]
Event: 14.041 Thread 0x0000018a1d28d6d0 5424 %     1       com.sun.crypto.provider.CounterMode::implCrypt @ 3 (88 bytes)
Event: 14.042 Thread 0x0000018a1d28d6d0 nmethod 5424% 0x0000018a0dbd3910 code [0x0000018a0dbd3ac0, 0x0000018a0dbd3e88]
Event: 14.042 Thread 0x0000018a1d28d6d0 5425       1       com.sun.crypto.provider.CounterMode::implCrypt (88 bytes)
Event: 14.042 Thread 0x0000018a1d28d6d0 nmethod 5425 0x0000018a0dbd3290 code [0x0000018a0dbd3440, 0x0000018a0dbd3708]
Event: 14.043 Thread 0x0000018a1d28d6d0 5426       1       sun.nio.cs.DoubleByte$Encoder::encodeChar (21 bytes)
Event: 14.043 Thread 0x0000018a1d28d6d0 nmethod 5426 0x0000018a0dbd2e90 code [0x0000018a0dbd3020, 0x0000018a0dbd3158]
Event: 14.043 Thread 0x0000018a1d2e2450 5427       1       java.util.ArrayList::forEach (74 bytes)
Event: 14.044 Thread 0x0000018a1d2e2450 nmethod 5427 0x0000018a0dbd2810 code [0x0000018a0dbd29e0, 0x0000018a0dbd2ca8]
Event: 14.047 Thread 0x0000018a1d2e2450 5428       1       jdk.internal.loader.NativeLibraries$NativeLibraryImpl::find (6 bytes)
Event: 14.047 Thread 0x0000018a1d2e2450 nmethod 5428 0x0000018a0dbd2110 code [0x0000018a0dbd22a0, 0x0000018a0dbd2388]

GC Heap History (20 events):
Event: 0.968 GC heap before
{Heap before GC invocations=1 (full 0):
 garbage-first heap   total 253952K, used 30350K [0x0000000709400000, 0x0000000800000000)
  region size 2048K, 13 young (26624K), 2 survivors (4096K)
 Metaspace       used 8350K, committed 8576K, reserved 1114112K
  class space    used 1176K, committed 1280K, reserved 1048576K
}
Event: 0.972 GC heap after
{Heap after GC invocations=2 (full 0):
 garbage-first heap   total 253952K, used 9600K [0x0000000709400000, 0x0000000800000000)
  region size 2048K, 1 young (2048K), 1 survivors (2048K)
 Metaspace       used 8350K, committed 8576K, reserved 1114112K
  class space    used 1176K, committed 1280K, reserved 1048576K
}
Event: 1.605 GC heap before
{Heap before GC invocations=2 (full 0):
 garbage-first heap   total 253952K, used 66944K [0x0000000709400000, 0x0000000800000000)
  region size 2048K, 29 young (59392K), 1 survivors (2048K)
 Metaspace       used 17599K, committed 17920K, reserved 1114112K
  class space    used 2366K, committed 2496K, reserved 1048576K
}
Event: 1.610 GC heap after
{Heap after GC invocations=3 (full 0):
 garbage-first heap   total 253952K, used 14301K [0x0000000709400000, 0x0000000800000000)
  region size 2048K, 4 young (8192K), 4 survivors (8192K)
 Metaspace       used 17599K, committed 17920K, reserved 1114112K
  class space    used 2366K, committed 2496K, reserved 1048576K
}
Event: 2.081 GC heap before
{Heap before GC invocations=3 (full 0):
 garbage-first heap   total 253952K, used 38877K [0x0000000709400000, 0x0000000800000000)
  region size 2048K, 17 young (34816K), 4 survivors (8192K)
 Metaspace       used 21141K, committed 21504K, reserved 1114112K
  class space    used 2859K, committed 3072K, reserved 1048576K
}
Event: 2.086 GC heap after
{Heap after GC invocations=4 (full 0):
 garbage-first heap   total 253952K, used 15738K [0x0000000709400000, 0x0000000800000000)
  region size 2048K, 4 young (8192K), 4 survivors (8192K)
 Metaspace       used 21141K, committed 21504K, reserved 1114112K
  class space    used 2859K, committed 3072K, reserved 1048576K
}
Event: 2.560 GC heap before
{Heap before GC invocations=5 (full 0):
 garbage-first heap   total 61440K, used 42362K [0x0000000709400000, 0x0000000800000000)
  region size 2048K, 18 young (36864K), 4 survivors (8192K)
 Metaspace       used 25381K, committed 25792K, reserved 1114112K
  class space    used 3469K, committed 3648K, reserved 1048576K
}
Event: 2.568 GC heap after
{Heap after GC invocations=6 (full 0):
 garbage-first heap   total 61440K, used 18062K [0x0000000709400000, 0x0000000800000000)
  region size 2048K, 3 young (6144K), 3 survivors (6144K)
 Metaspace       used 25381K, committed 25792K, reserved 1114112K
  class space    used 3469K, committed 3648K, reserved 1048576K
}
Event: 2.620 GC heap before
{Heap before GC invocations=6 (full 0):
 garbage-first heap   total 61440K, used 20110K [0x0000000709400000, 0x0000000800000000)
  region size 2048K, 4 young (8192K), 3 survivors (6144K)
 Metaspace       used 25705K, committed 26112K, reserved 1114112K
  class space    used 3511K, committed 3712K, reserved 1048576K
}
Event: 2.626 GC heap after
{Heap after GC invocations=7 (full 0):
 garbage-first heap   total 61440K, used 18942K [0x0000000709400000, 0x0000000800000000)
  region size 2048K, 1 young (2048K), 1 survivors (2048K)
 Metaspace       used 25705K, committed 26112K, reserved 1114112K
  class space    used 3511K, committed 3712K, reserved 1048576K
}
Event: 2.979 GC heap before
{Heap before GC invocations=7 (full 0):
 garbage-first heap   total 61440K, used 39422K [0x0000000709400000, 0x0000000800000000)
  region size 2048K, 12 young (24576K), 1 survivors (2048K)
 Metaspace       used 30229K, committed 30656K, reserved 1114112K
  class space    used 4055K, committed 4224K, reserved 1048576K
}
Event: 2.982 GC heap after
{Heap after GC invocations=8 (full 0):
 garbage-first heap   total 61440K, used 19784K [0x0000000709400000, 0x0000000800000000)
  region size 2048K, 1 young (2048K), 1 survivors (2048K)
 Metaspace       used 30229K, committed 30656K, reserved 1114112K
  class space    used 4055K, committed 4224K, reserved 1048576K
}
Event: 3.378 GC heap before
{Heap before GC invocations=8 (full 0):
 garbage-first heap   total 61440K, used 40264K [0x0000000709400000, 0x0000000800000000)
  region size 2048K, 12 young (24576K), 1 survivors (2048K)
 Metaspace       used 35498K, committed 35968K, reserved 1114112K
  class space    used 4794K, committed 5056K, reserved 1048576K
}
Event: 3.380 GC heap after
{Heap after GC invocations=9 (full 0):
 garbage-first heap   total 61440K, used 20624K [0x0000000709400000, 0x0000000800000000)
  region size 2048K, 2 young (4096K), 2 survivors (4096K)
 Metaspace       used 35498K, committed 35968K, reserved 1114112K
  class space    used 4794K, committed 5056K, reserved 1048576K
}
Event: 3.729 GC heap before
{Heap before GC invocations=10 (full 0):
 garbage-first heap   total 61440K, used 43152K [0x0000000709400000, 0x0000000800000000)
  region size 2048K, 13 young (26624K), 2 survivors (4096K)
 Metaspace       used 39747K, committed 40256K, reserved 1114112K
  class space    used 5528K, committed 5760K, reserved 1048576K
}
Event: 3.731 GC heap after
{Heap after GC invocations=11 (full 0):
 garbage-first heap   total 157696K, used 21771K [0x0000000709400000, 0x0000000800000000)
  region size 2048K, 1 young (2048K), 1 survivors (2048K)
 Metaspace       used 39747K, committed 40256K, reserved 1114112K
  class space    used 5528K, committed 5760K, reserved 1048576K
}
Event: 9.382 GC heap before
{Heap before GC invocations=11 (full 0):
 garbage-first heap   total 157696K, used 113931K [0x0000000709400000, 0x0000000800000000)
  region size 2048K, 46 young (94208K), 1 survivors (2048K)
 Metaspace       used 58042K, committed 58560K, reserved 1114112K
  class space    used 8045K, committed 8320K, reserved 1048576K
}
Event: 9.390 GC heap after
{Heap after GC invocations=12 (full 0):
 garbage-first heap   total 157696K, used 30898K [0x0000000709400000, 0x0000000800000000)
  region size 2048K, 6 young (12288K), 6 survivors (12288K)
 Metaspace       used 58042K, committed 58560K, reserved 1114112K
  class space    used 8045K, committed 8320K, reserved 1048576K
}
Event: 9.511 GC heap before
{Heap before GC invocations=12 (full 0):
 garbage-first heap   total 157696K, used 37042K [0x0000000709400000, 0x0000000800000000)
  region size 2048K, 10 young (20480K), 6 survivors (12288K)
 Metaspace       used 59675K, committed 60160K, reserved 1114112K
  class space    used 8218K, committed 8448K, reserved 1048576K
}
Event: 9.517 GC heap after
{Heap after GC invocations=13 (full 0):
 garbage-first heap   total 157696K, used 32495K [0x0000000709400000, 0x0000000800000000)
  region size 2048K, 1 young (2048K), 1 survivors (2048K)
 Metaspace       used 59675K, committed 60160K, reserved 1114112K
  class space    used 8218K, committed 8448K, reserved 1048576K
}

Deoptimization events (6 events):
Event: 2.722 Thread 0x0000018a06035d10 DEOPT PACKING pc=0x0000018a0e119f89 sp=0x00000013e3ffe860
Event: 2.722 Thread 0x0000018a06035d10 DEOPT UNPACKING pc=0x0000018a0d922b43 sp=0x00000013e3ffdcf0 mode 3
Event: 2.722 Thread 0x0000018a638947e0 DEOPT PACKING pc=0x0000018a0e11441f sp=0x00000013e69feeb0
Event: 2.722 Thread 0x0000018a638947e0 DEOPT UNPACKING pc=0x0000018a0d922b43 sp=0x00000013e69fe308 mode 3
Event: 4.485 Thread 0x0000018a06035d10 DEOPT PACKING pc=0x0000018a0e1580d2 sp=0x00000013e3ffa600
Event: 4.485 Thread 0x0000018a06035d10 DEOPT UNPACKING pc=0x0000018a0d922b43 sp=0x00000013e3ff9b08 mode 3

Classes unloaded (0 events):
No events

Classes redefined (0 events):
No events

Internal exceptions (20 events):
Event: 4.820 Thread 0x0000018a06035d10 Exception <a 'sun/nio/fs/WindowsException'{0x000000070f811360}> (0x000000070f811360) 
thrown [s\open\src\hotspot\share\prims\jni.cpp, line 516]
Event: 4.876 Thread 0x0000018a06035d10 Exception <a 'sun/nio/fs/WindowsException'{0x000000070f814198}> (0x000000070f814198) 
thrown [s\open\src\hotspot\share\prims\jni.cpp, line 516]
Event: 4.964 Thread 0x0000018a06035d10 Exception <a 'sun/nio/fs/WindowsException'{0x000000070f816fc8}> (0x000000070f816fc8) 
thrown [s\open\src\hotspot\share\prims\jni.cpp, line 516]
Event: 5.229 Thread 0x0000018a06035d10 Exception <a 'sun/nio/fs/WindowsException'{0x000000070eac5478}> (0x000000070eac5478) 
thrown [s\open\src\hotspot\share\prims\jni.cpp, line 516]
Event: 5.270 Thread 0x0000018a06035d10 Exception <a 'java/lang/IncompatibleClassChangeError'{0x000000070e996538}: Found class java.lang.Object, but interface was expected> (0x000000070e996538) 
thrown [s\open\src\hotspot\share\interpreter\linkResolver.cpp, line 826]
Event: 5.303 Thread 0x0000018a06035d10 Exception <a 'java/lang/NoSuchMethodError'{0x000000070e7964a0}: 'void java.lang.invoke.DirectMethodHandle$Holder.invokeVirtual(java.lang.Object, java.lang.Object, long)'> (0x000000070e7964a0) 
thrown [s\open\src\hotspot\share\interpreter\linkResolver.cpp, line 759]
Event: 5.376 Thread 0x0000018a06035d10 Exception <a 'java/lang/IncompatibleClassChangeError'{0x000000070e3f6c48}: Found class java.lang.Object, but interface was expected> (0x000000070e3f6c48) 
thrown [s\open\src\hotspot\share\interpreter\linkResolver.cpp, line 826]
Event: 5.427 Thread 0x0000018a06035d10 Exception <a 'java/lang/NoSuchMethodError'{0x000000070dc52c60}: 'java.lang.Object java.lang.invoke.DirectMethodHandle$Holder.invokeSpecial(java.lang.Object, java.lang.Object, java.lang.Object, java.lang.Object, java.lang.Object, java.lang.Object, java.lang.Object, java.lang.Object, java.lang.Object, java.lang.Object, java.lang.Object)'> (0x000000070dc52c60) 
thrown [s\open\src\hotspot\share\interpreter\linkResolver.cpp, line 759]
Event: 5.427 Thread 0x0000018a06035d10 Exception <a 'java/lang/NoSuchMethodError'{0x000000070dc57430}: 'java.lang.Object java.lang.invoke.Invokers$Holder.invoke_MT(java.lang.Object, java.lang.Object, java.lang.Object, java.lang.Object, java.lang.Object, java.lang.Object, java.lang.Object, java.lang.Object, java.lang.Object, java.lang.Object, java.lang.Object)'> (0x000000070dc57430) 
thrown [s\open\src\hotspot\share\interpreter\linkResolver.cpp, line 759]
Event: 5.466 Thread 0x0000018a06035d10 Exception <a 'java/lang/NoSuchMethodError'{0x000000070daf94f0}: 'java.lang.Object java.lang.invoke.DirectMethodHandle$Holder.newInvokeSpecial(java.lang.Object, java.lang.Object, int, java.lang.Object, java.lang.Object)'> (0x000000070daf94f0) 
thrown [s\open\src\hotspot\share\interpreter\linkResolver.cpp, line 759]
Event: 9.338 Thread 0x0000018a1d88ed20 Exception <a 'java/lang/NoSuchMethodError'{0x000000070d74ee58}: 'java.lang.Object java.lang.invoke.DirectMethodHandle$Holder.invokeStaticInit(java.lang.Object, java.lang.Object, java.lang.Object, int, int)'> (0x000000070d74ee58) 
thrown [s\open\src\hotspot\share\interpreter\linkResolver.cpp, line 759]
Event: 9.372 Thread 0x0000018a646a3580 Exception <a 'java/lang/NoSuchMethodError'{0x000000070d5908b0}: 'java.lang.Object java.lang.invoke.DirectMethodHandle$Holder.invokeSpecial(java.lang.Object, java.lang.Object, java.lang.Object, java.lang.Object, java.lang.Object, long)'> (0x000000070d5908b0) 
thrown [s\open\src\hotspot\share\interpreter\linkResolver.cpp, line 759]
Event: 9.372 Thread 0x0000018a646a3580 Exception <a 'java/lang/NoSuchMethodError'{0x000000070d5942f0}: 'java.lang.Object java.lang.invoke.Invokers$Holder.linkToTargetMethod(java.lang.Object, java.lang.Object, java.lang.Object, long, java.lang.Object)'> (0x000000070d5942f0) 
thrown [s\open\src\hotspot\share\interpreter\linkResolver.cpp, line 759]
Event: 9.500 Thread 0x0000018a646a44b0 Exception <a 'java/lang/NoSuchMethodError'{0x0000000716ffc348}: 'java.lang.Object java.lang.invoke.DirectMethodHandle$Holder.invokeStatic(java.lang.Object, int, int)'> (0x0000000716ffc348) 
thrown [s\open\src\hotspot\share\interpreter\linkResolver.cpp, line 759]
Event: 9.500 Thread 0x0000018a646a3580 Exception <a 'java/lang/NoSuchMethodError'{0x0000000716f5d920}: 'java.lang.Object java.lang.invoke.DirectMethodHandle$Holder.invokeStatic(java.lang.Object, int, int)'> (0x0000000716f5d920) 
thrown [s\open\src\hotspot\share\interpreter\linkResolver.cpp, line 759]
Event: 9.524 Thread 0x0000018a646a3580 Exception <a 'java/io/IOException'{0x0000000718a49c40}> (0x0000000718a49c40) 
thrown [s\open\src\hotspot\share\prims\jni.cpp, line 516]
Event: 13.952 Thread 0x0000018a1d88ddf0 Exception <a 'sun/nio/fs/WindowsException'{0x000000070fab23c0}> (0x000000070fab23c0) 
thrown [s\open\src\hotspot\share\prims\jni.cpp, line 516]
Event: 14.046 Thread 0x0000018a1d88ddf0 Exception <a 'sun/nio/fs/WindowsException'{0x000000070fb60d78}> (0x000000070fb60d78) 
thrown [s\open\src\hotspot\share\prims\jni.cpp, line 516]
Event: 14.046 Thread 0x0000018a1d88ddf0 Exception <a 'sun/nio/fs/WindowsException'{0x000000070fb62228}> (0x000000070fb62228) 
thrown [s\open\src\hotspot\share\prims\jni.cpp, line 516]
Event: 14.047 Thread 0x0000018a1d88ddf0 Exception <a 'sun/nio/fs/WindowsException'{0x000000070fb62528}> (0x000000070fb62528) 
thrown [s\open\src\hotspot\share\prims\jni.cpp, line 516]

VM Operations (20 events):
Event: 9.527 Executing VM operation: G1Concurrent
Event: 9.530 Executing VM operation: G1Concurrent done
Event: 9.536 Executing VM operation: G1Concurrent
Event: 9.536 Executing VM operation: G1Concurrent done
Event: 10.550 Executing VM operation: Cleanup
Event: 10.550 Executing VM operation: Cleanup done
Event: 10.686 Executing VM operation: HandshakeAllThreads
Event: 10.686 Executing VM operation: HandshakeAllThreads done
Event: 10.686 Executing VM operation: HandshakeAllThreads
Event: 10.686 Executing VM operation: HandshakeAllThreads done
Event: 10.720 Executing VM operation: HandshakeAllThreads
Event: 10.720 Executing VM operation: HandshakeAllThreads done
Event: 10.997 Executing VM operation: HandshakeAllThreads
Event: 10.997 Executing VM operation: HandshakeAllThreads done
Event: 12.007 Executing VM operation: Cleanup
Event: 12.007 Executing VM operation: Cleanup done
Event: 13.919 Executing VM operation: HandshakeAllThreads
Event: 13.919 Executing VM operation: HandshakeAllThreads done
Event: 13.919 Executing VM operation: Cleanup
Event: 13.919 Executing VM operation: Cleanup done

Events (20 events):
Event: 11.008 loading class java/util/AbstractMap$SimpleEntry done
Event: 11.017 loading class java/util/stream/LongStream
Event: 11.017 loading class java/util/stream/LongStream done
Event: 11.017 loading class java/util/stream/DoubleStream
Event: 11.017 loading class java/util/stream/DoubleStream done
Event: 13.909 Thread 0x0000018a1dbb0550 Thread exited: 0x0000018a1dbb0550
Event: 13.909 Thread 0x0000018a1dbb0030 Thread exited: 0x0000018a1dbb0030
Event: 13.924 loading class java/util/BitSet$1BitSetSpliterator
Event: 13.924 loading class java/util/BitSet$1BitSetSpliterator done
Event: 13.924 loading class java/util/stream/IntPipeline$1
Event: 13.925 loading class java/util/stream/IntPipeline$1 done
Event: 13.925 loading class java/util/stream/IntPipeline$1$1
Event: 13.925 loading class java/util/stream/IntPipeline$1$1 done
Event: 13.945 Thread 0x0000018a64be1370 Thread added: 0x0000018a64be1370
Event: 13.952 loading class java/nio/file/FileAlreadyExistsException
Event: 13.952 loading class java/nio/file/FileAlreadyExistsException done
Event: 14.028 loading class sun/security/provider/MD5
Event: 14.028 loading class sun/security/provider/MD5 done
Event: 14.030 loading class sun/security/provider/ByteArrayAccess$LE
Event: 14.030 loading class sun/security/provider/ByteArrayAccess$LE done


Dynamic libraries:
0x00007ff77a820000 - 0x00007ff77a830000 	C:\Program Files\Java\jdk-17\bin\java.exe
0x00007ffd8bf80000 - 0x00007ffd8c1e0000 	C:\WINDOWS\SYSTEM32\ntdll.dll
0x00007ffd8a260000 - 0x00007ffd8a327000 	C:\WINDOWS\System32\KERNEL32.DLL
0x00007ffd89650000 - 0x00007ffd89a1a000 	C:\WINDOWS\System32\KERNELBASE.dll
0x00007ffd89c30000 - 0x00007ffd89d7b000 	C:\WINDOWS\System32\ucrtbase.dll
0x00007ffd75df0000 - 0x00007ffd75e0b000 	C:\Program Files\Java\jdk-17\bin\VCRUNTIME140.dll
0x00007ffd5c4e0000 - 0x00007ffd5c4f9000 	C:\Program Files\Java\jdk-17\bin\jli.dll
0x00007ffd8ac50000 - 0x00007ffd8ad02000 	C:\WINDOWS\System32\ADVAPI32.dll
0x00007ffd8ba10000 - 0x00007ffd8bab9000 	C:\WINDOWS\System32\msvcrt.dll
0x00007ffd89f90000 - 0x00007ffd8a036000 	C:\WINDOWS\System32\sechost.dll
0x00007ffd8ad70000 - 0x00007ffd8ae86000 	C:\WINDOWS\System32\RPCRT4.dll
0x00007ffd89d90000 - 0x00007ffd89f5c000 	C:\WINDOWS\System32\USER32.dll
0x00007ffd89620000 - 0x00007ffd89647000 	C:\WINDOWS\System32\win32u.dll
0x00007ffd75880000 - 0x00007ffd75b17000 	C:\WINDOWS\WinSxS\amd64_microsoft.windows.common-controls_6595b64144ccf1df_6.0.26100.3624_none_3e086962e3345f24\COMCTL32.dll
0x00007ffd8b780000 - 0x00007ffd8b7aa000 	C:\WINDOWS\System32\GDI32.dll
0x00007ffd89370000 - 0x00007ffd894a1000 	C:\WINDOWS\System32\gdi32full.dll
0x00007ffd894b0000 - 0x00007ffd89553000 	C:\WINDOWS\System32\msvcp_win.dll
0x00007ffd81010000 - 0x00007ffd8101b000 	C:\WINDOWS\SYSTEM32\VERSION.dll
0x00007ffd8b5e0000 - 0x00007ffd8b60f000 	C:\WINDOWS\System32\IMM32.DLL
0x00007ffd5c4d0000 - 0x00007ffd5c4dc000 	C:\Program Files\Java\jdk-17\bin\vcruntime140_1.dll
0x00007ffd5c440000 - 0x00007ffd5c4ce000 	C:\Program Files\Java\jdk-17\bin\msvcp140.dll
0x00007ffcd4f70000 - 0x00007ffcd5b4f000 	C:\Program Files\Java\jdk-17\bin\server\jvm.dll
0x00007ffd8a250000 - 0x00007ffd8a258000 	C:\WINDOWS\System32\PSAPI.DLL
0x00007ffd86750000 - 0x00007ffd86786000 	C:\WINDOWS\SYSTEM32\WINMM.dll
0x00007ffd6f9b0000 - 0x00007ffd6f9ba000 	C:\WINDOWS\SYSTEM32\WSOCK32.dll
0x00007ffd8b7b0000 - 0x00007ffd8b824000 	C:\WINDOWS\System32\WS2_32.dll
0x00007ffd88090000 - 0x00007ffd880aa000 	C:\WINDOWS\SYSTEM32\kernel.appcore.dll
0x00007ffd5c430000 - 0x00007ffd5c43a000 	C:\Program Files\Java\jdk-17\bin\jimage.dll
0x00007ffd86500000 - 0x00007ffd86741000 	C:\WINDOWS\SYSTEM32\DBGHELP.DLL
0x00007ffd8bac0000 - 0x00007ffd8be42000 	C:\WINDOWS\System32\combase.dll
0x00007ffd8aa60000 - 0x00007ffd8ab36000 	C:\WINDOWS\System32\OLEAUT32.dll
0x00007ffd864c0000 - 0x00007ffd864f9000 	C:\WINDOWS\SYSTEM32\dbgcore.DLL
0x00007ffd892d0000 - 0x00007ffd89369000 	C:\WINDOWS\System32\bcryptPrimitives.dll
0x00007ffd5c380000 - 0x00007ffd5c3a5000 	C:\Program Files\Java\jdk-17\bin\java.dll
0x00007ffd3a680000 - 0x00007ffd3a757000 	C:\Program Files\Java\jdk-17\bin\jsvml.dll
0x00007ffd8a330000 - 0x00007ffd8aa59000 	C:\WINDOWS\System32\SHELL32.dll
0x00007ffd89160000 - 0x00007ffd892c8000 	C:\WINDOWS\System32\wintypes.dll
0x00007ffd86e10000 - 0x00007ffd87662000 	C:\WINDOWS\SYSTEM32\windows.storage.dll
0x00007ffd8be50000 - 0x00007ffd8bf3d000 	C:\WINDOWS\System32\SHCORE.dll
0x00007ffd8a040000 - 0x00007ffd8a0a4000 	C:\WINDOWS\System32\shlwapi.dll
0x00007ffd89070000 - 0x00007ffd8909f000 	C:\WINDOWS\SYSTEM32\profapi.dll
0x00007ffd5c360000 - 0x00007ffd5c379000 	C:\Program Files\Java\jdk-17\bin\net.dll
0x00007ffd80ef0000 - 0x00007ffd8100d000 	C:\WINDOWS\SYSTEM32\WINHTTP.dll
0x00007ffd885b0000 - 0x00007ffd8861a000 	C:\WINDOWS\system32\mswsock.dll
0x00007ffd51310000 - 0x00007ffd51326000 	C:\Program Files\Java\jdk-17\bin\nio.dll
0x00007ffd3a660000 - 0x00007ffd3a678000 	C:\Program Files\Java\jdk-17\bin\zip.dll
0x00007ffd3a620000 - 0x00007ffd3a62e000 	C:\Program Files\Java\jdk-17\bin\sunmscapi.dll
0x00007ffd89a20000 - 0x00007ffd89b97000 	C:\WINDOWS\System32\CRYPT32.dll
0x00007ffd88a50000 - 0x00007ffd88a80000 	C:\WINDOWS\SYSTEM32\ncrypt.dll
0x00007ffd88a00000 - 0x00007ffd88a3f000 	C:\WINDOWS\SYSTEM32\NTASN1.dll
0x00007ffd88850000 - 0x00007ffd8886c000 	C:\WINDOWS\SYSTEM32\CRYPTSP.dll
0x00007ffd87ff0000 - 0x00007ffd8802a000 	C:\WINDOWS\system32\rsaenh.dll
0x00007ffd88650000 - 0x00007ffd8867b000 	C:\WINDOWS\SYSTEM32\USERENV.dll
0x00007ffd89040000 - 0x00007ffd89066000 	C:\WINDOWS\SYSTEM32\bcrypt.dll
0x00007ffd88870000 - 0x00007ffd8887c000 	C:\WINDOWS\SYSTEM32\CRYPTBASE.dll
0x00007ffd879e0000 - 0x00007ffd87a13000 	C:\WINDOWS\SYSTEM32\IPHLPAPI.DLL
0x00007ffd8a240000 - 0x00007ffd8a24a000 	C:\WINDOWS\System32\NSI.dll
0x00007ffd811e0000 - 0x00007ffd811ff000 	C:\WINDOWS\SYSTEM32\dhcpcsvc6.DLL
0x00007ffd80e30000 - 0x00007ffd80e55000 	C:\WINDOWS\SYSTEM32\dhcpcsvc.DLL
0x00007ffd87ad0000 - 0x00007ffd87bf5000 	C:\WINDOWS\SYSTEM32\DNSAPI.dll
0x00007ffd51300000 - 0x00007ffd5130a000 	C:\Program Files\Java\jdk-17\bin\management.dll
0x00007ffd3a650000 - 0x00007ffd3a65b000 	C:\Program Files\Java\jdk-17\bin\management_ext.dll
0x00007ffd5c350000 - 0x00007ffd5c360000 	C:\Program Files\Java\jdk-17\bin\verify.dll
0x00007ffd710b0000 - 0x00007ffd710c9000 	C:\Users\idjjh\AppData\Local\Temp\gdal_native\zlib.dll
0x00007ffd52be0000 - 0x00007ffd52c92000 	C:\Users\idjjh\AppData\Local\Temp\gdal_native\zstd.dll
0x00007ffcec8a0000 - 0x00007ffcec99f000 	C:\Users\idjjh\AppData\Local\Temp\gdal_native\iconv-2.dll
0x00007ffd70db0000 - 0x00007ffd70ddb000 	C:\Users\idjjh\AppData\Local\Temp\gdal_native\libexpat.dll
0x00007ffce90b0000 - 0x00007ffce9213000 	C:\Users\idjjh\AppData\Local\Temp\gdal_native\libxml2.dll
0x00007ffcdb6b0000 - 0x00007ffcdb95c000 	C:\Users\idjjh\AppData\Local\Temp\gdal_native\xerces-c_3_2.dll
0x00007ffd71090000 - 0x00007ffd710b0000 	C:\Users\idjjh\AppData\Local\Temp\gdal_native\pcre.dll
0x00007ffcbd0c0000 - 0x00007ffcbd5a4000 	C:\Users\idjjh\AppData\Local\Temp\gdal_native\libcrypto-3-x64.dll
0x00007ffce8bc0000 - 0x00007ffce8cfa000 	C:\Users\idjjh\AppData\Local\Temp\gdal_native\libssl-3-x64.dll
0x00007ffd1e650000 - 0x00007ffd1e6e4000 	C:\Users\idjjh\AppData\Local\Temp\gdal_native\libcurl.dll
0x00007ffd8af10000 - 0x00007ffd8af84000 	C:\WINDOWS\System32\WLDAP32.dll
0x00007ffcd5ce0000 - 0x00007ffcd5fa0000 	C:\Users\idjjh\AppData\Local\Temp\gdal_native\sqlite3.dll
0x00007ffcbca10000 - 0x00007ffcbd0b1000 	C:\Users\idjjh\AppData\Local\Temp\gdal_native\libmysql.dll
0x00007ffd85ca0000 - 0x00007ffd85cad000 	C:\WINDOWS\SYSTEM32\Secur32.dll
0x00007ffd88330000 - 0x00007ffd88378000 	C:\WINDOWS\SYSTEM32\SSPICLI.DLL
0x0000000180000000 - 0x000000018004e000 	C:\Users\idjjh\AppData\Local\Temp\gdal_native\libpq.dll
0x00007ffcd62b0000 - 0x00007ffcd6488000 	C:\Users\idjjh\AppData\Local\Temp\gdal_native\geos.dll
0x00007ffd68680000 - 0x00007ffd686dc000 	C:\Users\idjjh\AppData\Local\Temp\gdal_native\geos_c.dll
0x00007ffce80a0000 - 0x00007ffce81ec000 	C:\Users\idjjh\AppData\Local\Temp\gdal_native\tiff.dll
0x00007ffcbc6d0000 - 0x00007ffcbca10000 	C:\Users\idjjh\AppData\Local\Temp\gdal_native\proj_9.dll
0x00007ffd8b440000 - 0x00007ffd8b5d6000 	C:\WINDOWS\System32\ole32.dll
0x00007ffd54d70000 - 0x00007ffd54dc1000 	C:\Users\idjjh\AppData\Local\Temp\gdal_native\openjp2.dll
0x00007ffd6bc10000 - 0x00007ffd6bc45000 	C:\Users\idjjh\AppData\Local\Temp\gdal_native\libpng16.dll
0x00007ffd70220000 - 0x00007ffd7024a000 	C:\Users\idjjh\AppData\Local\Temp\gdal_native\freexl.dll
0x00007ffd5d350000 - 0x00007ffd5d373000 	C:\Users\idjjh\AppData\Local\Temp\gdal_native\ogdi.dll
0x00007ffcbb9d0000 - 0x00007ffcbc6c5000 	C:\Users\idjjh\AppData\Local\Temp\gdal_native\spatialite.dll
0x00007ffcba580000 - 0x00007ffcbb9ca000 	C:\Users\idjjh\AppData\Local\Temp\gdal_native\gdal.dll
0x00007ffd7d170000 - 0x00007ffd7d234000 	C:\WINDOWS\SYSTEM32\ODBC32.dll
0x00007ffd88e50000 - 0x00007ffd88e5a000 	C:\WINDOWS\SYSTEM32\DPAPI.DLL
0x00007ffce74e0000 - 0x00007ffce7588000 	C:\Users\idjjh\AppData\Local\Temp\gdal_native\gdalalljni.dll
0x00007ffd51660000 - 0x00007ffd51668000 	C:\WINDOWS\system32\wshunix.dll
0x00007ffd75d60000 - 0x00007ffd75d6b000 	C:\Windows\System32\rasadhlp.dll
0x00007ffd7e7e0000 - 0x00007ffd7e865000 	C:\WINDOWS\System32\fwpuclnt.dll

dbghelp: loaded successfully - version: 4.0.5 - missing functions: none
symbol engine: initialized successfully - sym options: 0x614 - pdb path: .;C:\Program Files\Java\jdk-17\bin;C:\WINDOWS\SYSTEM32;C:\WINDOWS\WinSxS\amd64_microsoft.windows.common-controls_6595b64144ccf1df_6.0.26100.3624_none_3e086962e3345f24;C:\Program Files\Java\jdk-17\bin\server;C:\Users\idjjh\AppData\Local\Temp\gdal_native

VM Arguments:
jvm_args: -Djava.library.path=C:\JANG\sia_task\sia-task-dev\task/src/main/resource/nativelib/window -XX:TieredStopAtLevel=1 -Dfile.encoding=x-windows-949 -Duser.country=KR -Duser.language=ko -Duser.variant 
java_command: com.sia.task.TaskApplication
java_class_path (initial): C:\JANG\sia_task\sia-task-dev\task\build\classes\java\main;C:\JANG\sia_task\sia-task-dev\task\build\resources\main;C:\Users\idjjh\.gradle\caches\modules-2\files-2.1\org.springframework.cloud\spring-cloud-starter-aws\2.2.6.RELEASE\9d7c330b3f4aa477df2db27dd875a0e63a49456\spring-cloud-starter-aws-2.2.6.RELEASE.jar;C:\Users\idjjh\.gradle\caches\modules-2\files-2.1\io.github.cdimascio\java-dotenv\5.2.2\f77d54ff193ed4b07415ab8d7b3d0550716aa8c\java-dotenv-5.2.2.jar;C:\Users\idjjh\.gradle\caches\modules-2\files-2.1\commons-fileupload\commons-fileupload\1.5\ad4ad2ab2961b4e1891472bd1a33fabefb0385f3\commons-fileupload-1.5.jar;C:\Users\idjjh\.gradle\caches\modules-2\files-2.1\org.apache.tika\tika-core\2.9.1\bfd572826e7023dd6ceeefe1b4d0f6d3d8eef507\tika-core-2.9.1.jar;C:\Users\idjjh\.gradle\caches\modules-2\files-2.1\commons-io\commons-io\2.14.0\a4c6e1f6c196339473cd2e1b037f0eb97c62755b\commons-io-2.14.0.jar;C:\Users\idjjh\.gradle\caches\modules-2\files-2.1\org.gdal\gdal\3.10.0\d229b54a2136a6a1e6e8321881789a4465e2ec50\gdal-3.10.0.jar;C:\Users\idjjh\.gradle\caches\modules-2\files-2.1\com.h2database\h2\2.3.232\4fcc05d966ccdb2812ae8b9a718f69226c0cf4e2\h2-2.3.232.jar;C:\Users\idjjh\.gradle\caches\modules-2\files-2.1\org.springframework\spring-webmvc\6.2.6\48c37c417d00b9dc12e344892b206bbbf67f0945\spring-webmvc-6.2.6.jar;C:\Users\idjjh\.gradle\caches\modules-2\files-2.1\org.springframework\spring-web\6.2.6\17a4f806e877a1064a2442fe7545b0036fb9550f\spring-web-6.2.6.jar;C:\Users\idjjh\.gradle\caches\modules-2\files-2.1\org.hibernate.orm\hibernate-core\6.6.13.Final\e7f1b2d53e89b9863dca12cd5f1b261ba413415b\hibernate-core-6.6.13.Final.jar;C:\Users\idjjh\.gradle\caches\modules-2\files-2.1\org.springframework.data\spring-data-jpa\3.4.5\40000309bebdc0e4e284211701f039eb5b1fb1a6\spring-data-jpa-3.4.5.jar;C:\Users\idjjh\.gradle\caches\modules-2\files-2.1\org.springframework\spring-aspects\6.2.6\2bb7fe48b4fef28af71be32815200c19ac95f783\spring-aspects-6.2.6.jar;C:\Users\
Launcher Type: SUN_STANDARD

[Global flags]
     intx CICompilerCount                          = 12                                        {product} {ergonomic}
     uint ConcGCThreads                            = 3                                         {product} {ergonomic}
     uint G1ConcRefinementThreads                  = 13                                        {product} {ergonomic}
   size_t G1HeapRegionSize                         = 2097152                                   {product} {ergonomic}
    uintx GCDrainStackTargetSize                   = 64                                        {product} {ergonomic}
   size_t InitialHeapSize                          = 260046848                                 {product} {ergonomic}
   size_t MarkStackSize                            = 4194304                                   {product} {ergonomic}
   size_t MaxHeapSize                              = 4139778048                                {product} {ergonomic}
   size_t MaxNewSize                               = 2483027968                                {product} {ergonomic}
   size_t MinHeapDeltaBytes                        = 2097152                                   {product} {ergonomic}
   size_t MinHeapSize                              = 8388608                                   {product} {ergonomic}
    uintx NonProfiledCodeHeapSize                  = 0                                      {pd product} {ergonomic}
     bool ProfileInterpreter                       = false                                  {pd product} {command line}
    uintx ProfiledCodeHeapSize                     = 0                                      {pd product} {ergonomic}
   size_t SoftMaxHeapSize                          = 4139778048                             {manageable} {ergonomic}
     intx TieredStopAtLevel                        = 1                                         {product} {command line}
     bool UseCompressedClassPointers               = true                           {product lp64_product} {ergonomic}
     bool UseCompressedOops                        = true                           {product lp64_product} {ergonomic}
     bool UseG1GC                                  = true                                      {product} {ergonomic}
     bool UseLargePagesIndividualAllocation        = false                                  {pd product} {ergonomic}

Logging:
Log output configuration:
 #0: stdout all=warning uptime,level,tags
 #1: stderr all=off uptime,level,tags

Environment Variables:
JAVA_HOME=C:\Program Files\Java\jdk-17
CLASSPATH=C:\JANG\sia_task\sia-task-dev\task\\gradle\wrapper\gradle-wrapper.jar
PATH=C:\Program Files\Java\jdk-17;C:\Python312\Scripts\;C:\Python312\;C:\oraclexe\app\oracle\product\11.2.0\server\bin;C:\Program Files\Common Files\Oracle\Java\javapath;C:\Windows\system32;C:\Windows;C:\Windows\System32\Wbem;C:\Windows\System32\WindowsPowerShell\v1.0\;C:\Windows\System32\OpenSSH\;C:\Program Files (x86)\NVIDIA Corporation\PhysX\Common;C:\WINDOWS\system32;C:\WINDOWS;C:\WINDOWS\System32\Wbem;C:\WINDOWS\System32\WindowsPowerShell\v1.0\;C:\WINDOWS\System32\OpenSSH\;C:\Program Files\Git\cmd;C:\ProgramData\chocolatey\bin;C:\nodejs;C:\Program Files\NVIDIA Corporation\NVIDIA app\NvDLISR;C:\Program Files\Docker\Docker\resources\bin;C:\Program Files\nodejs\;C:\Users\idjjh\AppData\Local\Programs\Python\Python313\Scripts\;C:\Users\idjjh\AppData\Local\Programs\Python\Python313\;C:\Users\idjjh\AppData\Local\Microsoft\WindowsApps;C:\apache-maven-3.9.9\bin;C:\Users\idjjh\AppData\Roaming\npm;C:\Program Files\Git\bin;C:\Python312\Scripts\;
USERNAME=junhee
LANG=en_US.UTF-8
OS=Windows_NT
PROCESSOR_IDENTIFIER=AMD64 Family 23 Model 96 Stepping 1, AuthenticAMD



---------------  S Y S T E M  ---------------

OS:
 Windows 11 , 64 bit Build 26100 (10.0.26100.3775)
OS uptime: 0 days 1:47 hours
Hyper-V role detected

CPU: total 16 (initial active 16) (16 cores per cpu, 2 threads per core) family 23 model 96 stepping 1 microcode 0x8600104, cx8, cmov, fxsr, ht, mmx, 3dnowpref, sse, sse2, sse3, ssse3, sse4a, sse4.1, sse4.2, popcnt, lzcnt, tsc, tscinvbit, avx, avx2, aes, clmul, bmi1, bmi2, adx, sha, fma, vzeroupper, clflush, clflushopt, hv

Memory: 4k page, system-wide physical 15789M (3495M free)
TotalPageFile size 22189M (AvailPageFile size 1911M)
current process WorkingSet (physical memory assigned to process): 268M, peak: 292M
current process commit charge ("private bytes"): 330M, peak: 387M

vm_info: Java HotSpot(TM) 64-Bit Server VM (17.0.10+11-LTS-240) for windows-amd64 JRE (17.0.10+11-LTS-240), built on Dec 19 2023 21:47:25 by "mach5one" with MS VC++ 17.1 (VS2022)

END.
