#
# A fatal error has been detected by the Java Runtime Environment:
#
#  EXCEPTION_ACCESS_VIOLATION (0xc0000005) at pc=0x00007ff946b632a8, pid=21376, tid=20644
#
# JRE version: Java(TM) SE Runtime Environment (17.0.10+11) (build 17.0.10+11-LTS-240)
# Java VM: Java HotSpot(TM) 64-Bit Server VM (17.0.10+11-LTS-240, mixed mode, emulated-client, sharing, tiered, compressed oops, compressed class ptrs, g1 gc, windows-amd64)
# Problematic frame:
# C  [msvcp140.dll+0x132a8]
#
# No core dump will be written. Minidumps are not enabled by default on client versions of Windows
#
# If you would like to submit a bug report, please visit:
#   https://bugreport.java.com/bugreport/crash.jsp
# The crash happened outside the Java Virtual Machine in native code.
# See problematic frame for where to report the bug.
#

---------------  S U M M A R Y ------------

Command Line: -Djava.library.path=C:\JANG\sia_task\sia-task-dev\task/src/main/resource/nativelib/window -XX:TieredStopAtLevel=1 -Dfile.encoding=x-windows-949 -Duser.country=KR -Duser.language=ko -Duser.variant com.sia.task.TaskApplication

Host: AMD Ryzen 9 4900HS with Radeon Graphics         , 16 cores, 15G,  Windows 11 , 64 bit Build 26100 (10.0.26100.3775)
Time: Sun Apr 27 22:33:52 2025  Windows 11 , 64 bit Build 26100 (10.0.26100.3775) elapsed time: 15.178192 seconds (0d 0h 0m 15s)

---------------  T H R E A D  ---------------

Current thread (0x000001b0c15b1a90):  JavaThread "http-nio-8080-exec-2" daemon [_thread_in_native, id=20644, stack(0x00000028ea000000,0x00000028ea100000)]

Stack: [0x00000028ea000000,0x00000028ea100000],  sp=0x00000028ea0fc800,  free space=1010k
Native frames: (J=compiled Java code, j=interpreted, Vv=VM code, C=native code)
C  [msvcp140.dll+0x132a8]
C  [gdal.dll+0xc2757d]

Java frames: (J=compiled Java code, j=interpreted, Vv=VM code)
j  org.gdal.gdal.gdalJNI.Open__SWIG_1(Ljava/lang/String;)J+0
j  org.gdal.gdal.gdal.Open(Ljava/lang/String;)Lorg/gdal/gdal/Dataset;+1
j  com.sia.task.service.ConvertCOGService.fileConvertCOG(Ljava/util/List;)V+457
j  com.sia.task.service.FileProcessingService.fileProcessing(Ljava/util/List;)V+14
j  com.sia.task.controller.FileProcessingController.fileProcessing(Lcom/sia/task/fileDTO/FileDTO;)Lorg/springframework/http/ResponseEntity;+39
v  ~StubRoutines::call_stub
J 3824  jdk.internal.reflect.NativeMethodAccessorImpl.invoke0(Ljava/lang/reflect/Method;Ljava/lang/Object;[Ljava/lang/Object;)Ljava/lang/Object; java.base@17.0.10 (0 bytes) @ 0x000001b0eb0a2827 [0x000001b0eb0a27a0+0x0000000000000087]
J 3823 c1 jdk.internal.reflect.NativeMethodAccessorImpl.invoke(Ljava/lang/Object;[Ljava/lang/Object;)Ljava/lang/Object; java.base@17.0.10 (137 bytes) @ 0x000001b0eb0a304c [0x000001b0eb0a2d00+0x000000000000034c]
J 3812 c1 jdk.internal.reflect.DelegatingMethodAccessorImpl.invoke(Ljava/lang/Object;[Ljava/lang/Object;)Ljava/lang/Object; java.base@17.0.10 (10 bytes) @ 0x000001b0eb09fee4 [0x000001b0eb09fea0+0x0000000000000044]
J 3814 c1 java.lang.reflect.Method.invoke(Ljava/lang/Object;[Ljava/lang/Object;)Ljava/lang/Object; java.base@17.0.10 (65 bytes) @ 0x000001b0eb0a06ec [0x000001b0eb0a05e0+0x000000000000010c]
j  org.springframework.web.method.support.InvocableHandlerMethod.doInvoke([Ljava/lang/Object;)Ljava/lang/Object;+55
j  org.springframework.web.method.support.InvocableHandlerMethod.invokeForRequest(Lorg/springframework/web/context/request/NativeWebRequest;Lorg/springframework/web/method/support/ModelAndViewContainer;[Ljava/lang/Object;)Ljava/lang/Object;+82
j  org.springframework.web.servlet.mvc.method.annotation.ServletInvocableHandlerMethod.invokeAndHandle(Lorg/springframework/web/context/request/ServletWebRequest;Lorg/springframework/web/method/support/ModelAndViewContainer;[Ljava/lang/Object;)V+4
j  org.springframework.web.servlet.mvc.method.annotation.RequestMappingHandlerAdapter.invokeHandlerMethod(Ljakarta/servlet/http/HttpServletRequest;Ljakarta/servlet/http/HttpServletResponse;Lorg/springframework/web/method/HandlerMethod;)Lorg/springframework/web/servlet/ModelAndView;+309
j  org.springframework.web.servlet.mvc.method.annotation.RequestMappingHandlerAdapter.handleInternal(Ljakarta/servlet/http/HttpServletRequest;Ljakarta/servlet/http/HttpServletResponse;Lorg/springframework/web/method/HandlerMethod;)Lorg/springframework/web/servlet/ModelAndView;+81
j  org.springframework.web.servlet.mvc.method.AbstractHandlerMethodAdapter.handle(Ljakarta/servlet/http/HttpServletRequest;Ljakarta/servlet/http/HttpServletResponse;Ljava/lang/Object;)Lorg/springframework/web/servlet/ModelAndView;+7
j  org.springframework.web.servlet.DispatcherServlet.doDispatch(Ljakarta/servlet/http/HttpServletRequest;Ljakarta/servlet/http/HttpServletResponse;)V+304
j  org.springframework.web.servlet.DispatcherServlet.doService(Ljakarta/servlet/http/HttpServletRequest;Ljakarta/servlet/http/HttpServletResponse;)V+242
j  org.springframework.web.servlet.FrameworkServlet.processRequest(Ljakarta/servlet/http/HttpServletRequest;Ljakarta/servlet/http/HttpServletResponse;)V+70
j  org.springframework.web.servlet.FrameworkServlet.doPost(Ljakarta/servlet/http/HttpServletRequest;Ljakarta/servlet/http/HttpServletResponse;)V+3
j  jakarta.servlet.http.HttpServlet.service(Ljakarta/servlet/http/HttpServletRequest;Ljakarta/servlet/http/HttpServletResponse;)V+150
j  org.springframework.web.servlet.FrameworkServlet.service(Ljakarta/servlet/http/HttpServletRequest;Ljakarta/servlet/http/HttpServletResponse;)V+20
j  jakarta.servlet.http.HttpServlet.service(Ljakarta/servlet/ServletRequest;Ljakarta/servlet/ServletResponse;)V+37
j  org.apache.catalina.core.ApplicationFilterChain.internalDoFilter(Ljakarta/servlet/ServletRequest;Ljakarta/servlet/ServletResponse;)V+300
j  org.apache.catalina.core.ApplicationFilterChain.doFilter(Ljakarta/servlet/ServletRequest;Ljakarta/servlet/ServletResponse;)V+99
j  org.apache.tomcat.websocket.server.WsFilter.doFilter(Ljakarta/servlet/ServletRequest;Ljakarta/servlet/ServletResponse;Ljakarta/servlet/FilterChain;)V+21
j  org.apache.catalina.core.ApplicationFilterChain.internalDoFilter(Ljakarta/servlet/ServletRequest;Ljakarta/servlet/ServletResponse;)V+130
j  org.apache.catalina.core.ApplicationFilterChain.doFilter(Ljakarta/servlet/ServletRequest;Ljakarta/servlet/ServletResponse;)V+99
j  org.springframework.web.filter.RequestContextFilter.doFilterInternal(Ljakarta/servlet/http/HttpServletRequest;Ljakarta/servlet/http/HttpServletResponse;Ljakarta/servlet/FilterChain;)V+21
j  org.springframework.web.filter.OncePerRequestFilter.doFilter(Ljakarta/servlet/ServletRequest;Ljakarta/servlet/ServletResponse;Ljakarta/servlet/FilterChain;)V+150
j  org.apache.catalina.core.ApplicationFilterChain.internalDoFilter(Ljakarta/servlet/ServletRequest;Ljakarta/servlet/ServletResponse;)V+130
j  org.apache.catalina.core.ApplicationFilterChain.doFilter(Ljakarta/servlet/ServletRequest;Ljakarta/servlet/ServletResponse;)V+99
j  org.springframework.web.filter.FormContentFilter.doFilterInternal(Ljakarta/servlet/http/HttpServletRequest;Ljakarta/servlet/http/HttpServletResponse;Ljakarta/servlet/FilterChain;)V+38
j  org.springframework.web.filter.OncePerRequestFilter.doFilter(Ljakarta/servlet/ServletRequest;Ljakarta/servlet/ServletResponse;Ljakarta/servlet/FilterChain;)V+150
j  org.apache.catalina.core.ApplicationFilterChain.internalDoFilter(Ljakarta/servlet/ServletRequest;Ljakarta/servlet/ServletResponse;)V+130
j  org.apache.catalina.core.ApplicationFilterChain.doFilter(Ljakarta/servlet/ServletRequest;Ljakarta/servlet/ServletResponse;)V+99
j  org.springframework.web.filter.CharacterEncodingFilter.doFilterInternal(Ljakarta/servlet/http/HttpServletRequest;Ljakarta/servlet/http/HttpServletResponse;Ljakarta/servlet/FilterChain;)V+53
j  org.springframework.web.filter.OncePerRequestFilter.doFilter(Ljakarta/servlet/ServletRequest;Ljakarta/servlet/ServletResponse;Ljakarta/servlet/FilterChain;)V+150
j  org.apache.catalina.core.ApplicationFilterChain.internalDoFilter(Ljakarta/servlet/ServletRequest;Ljakarta/servlet/ServletResponse;)V+130
j  org.apache.catalina.core.ApplicationFilterChain.doFilter(Ljakarta/servlet/ServletRequest;Ljakarta/servlet/ServletResponse;)V+99
j  org.apache.catalina.core.StandardWrapperValve.invoke(Lorg/apache/catalina/connector/Request;Lorg/apache/catalina/connector/Response;)V+514
j  org.apache.catalina.core.StandardContextValve.invoke(Lorg/apache/catalina/connector/Request;Lorg/apache/catalina/connector/Response;)V+169
j  org.apache.catalina.authenticator.AuthenticatorBase.invoke(Lorg/apache/catalina/connector/Request;Lorg/apache/catalina/connector/Response;)V+221
j  org.apache.catalina.core.StandardHostValve.invoke(Lorg/apache/catalina/connector/Request;Lorg/apache/catalina/connector/Response;)V+131
j  org.apache.catalina.valves.ErrorReportValve.invoke(Lorg/apache/catalina/connector/Request;Lorg/apache/catalina/connector/Response;)V+6
j  org.apache.catalina.core.StandardEngineValve.invoke(Lorg/apache/catalina/connector/Request;Lorg/apache/catalina/connector/Response;)V+59
j  org.apache.catalina.connector.CoyoteAdapter.service(Lorg/apache/coyote/Request;Lorg/apache/coyote/Response;)V+188
j  org.apache.coyote.http11.Http11Processor.service(Lorg/apache/tomcat/util/net/SocketWrapperBase;)Lorg/apache/tomcat/util/net/AbstractEndpoint$Handler$SocketState;+796
j  org.apache.coyote.AbstractProcessorLight.process(Lorg/apache/tomcat/util/net/SocketWrapperBase;Lorg/apache/tomcat/util/net/SocketEvent;)Lorg/apache/tomcat/util/net/AbstractEndpoint$Handler$SocketState;+155
j  org.apache.coyote.AbstractProtocol$ConnectionHandler.process(Lorg/apache/tomcat/util/net/SocketWrapperBase;Lorg/apache/tomcat/util/net/SocketEvent;)Lorg/apache/tomcat/util/net/AbstractEndpoint$Handler$SocketState;+482
j  org.apache.tomcat.util.net.NioEndpoint$SocketProcessor.doRun()V+249
j  org.apache.tomcat.util.net.SocketProcessorBase.run()V+32
j  org.apache.tomcat.util.threads.ThreadPoolExecutor.runWorker(Lorg/apache/tomcat/util/threads/ThreadPoolExecutor$Worker;)V+92
j  org.apache.tomcat.util.threads.ThreadPoolExecutor$Worker.run()V+5
j  org.apache.tomcat.util.threads.TaskThread$WrappingRunnable.run()V+4
j  java.lang.Thread.run()V+11 java.base@17.0.10
v  ~StubRoutines::call_stub

siginfo: EXCEPTION_ACCESS_VIOLATION (0xc0000005), reading address 0x0000000000000000


Registers:
RAX=0x0000000000000000, RBX=0x000001b0c1ac4970, RCX=0x00007ff916e986f8, RDX=0x0000000000000000
RSP=0x00000028ea0fc800, RBP=0x00000028ea0fca00, RSI=0x00007ff916e986f0, RDI=0x0000000000004000
R8 =0x0000000000000009, R9 =0x0000000000000040, R10=0xfefefefefefefeff, R11=0x8080808080808080
R12=0x00000028ea0fcae0, R13=0x0000000000000000, R14=0x0000000000000000, R15=0x00007ff916e98738
RIP=0x00007ff946b632a8, EFLAGS=0x0000000000010282


Register to memory mapping:

RIP=0x00007ff946b632a8 msvcp140.dll
RAX=0x0 is NULL
RBX=0x000001b0c1ac4970 points into unknown readable memory: 0x73726573555c3a43 | 43 3a 5c 55 73 65 72 73
RCX=0x00007ff916e986f8 gdal.dll
RDX=0x0 is NULL
RSP=0x00000028ea0fc800 is pointing into the stack for thread: 0x000001b0c15b1a90
RBP=0x00000028ea0fca00 is pointing into the stack for thread: 0x000001b0c15b1a90
RSI=0x00007ff916e986f0 gdal.dll
RDI=0x0000000000004000 is an unknown value
R8 =0x0000000000000009 is an unknown value
R9 =0x0000000000000040 is an unknown value
R10=0xfefefefefefefeff is an unknown value
R11=0x8080808080808080 is an unknown value
R12=0x00000028ea0fcae0 is pointing into the stack for thread: 0x000001b0c15b1a90
R13=0x0 is NULL
R14=0x0 is NULL
R15=0x00007ff916e98738 gdal.dll


Top of Stack: (sp=0x00000028ea0fc800)
0x00000028ea0fc800:   0000000000000002 0000000000000000
0x00000028ea0fc810:   0000000000000000 0000000000000000
0x00000028ea0fc820:   0000000000000000 0000000000000000
0x00000028ea0fc830:   0000114393070fcd 000001b0c1ac4740
0x00000028ea0fc840:   0000000000000042 000001b0c1ac4740
0x00000028ea0fc850:   0000000000004000 00007ff91674757d
0x00000028ea0fc860:   000001b0e0a80000 000000000000003a
0x00000028ea0fc870:   000001b0c1ac4970 ffffffffffffffff
0x00000028ea0fc880:   00007ff916e986f0 00007ff915b3c93e
0x00000028ea0fc890:   000000000000003a 000001b0c15b1a90
0x00000028ea0fc8a0:   000001b080453e48 0000b7212ee36c2c
0x00000028ea0fc8b0:   0000000000000042 000001b0c1ac4740
0x00000028ea0fc8c0:   0000000000000000 0000000000000000
0x00000028ea0fc8d0:   0000000000004000 ffffffffffffffff
0x00000028ea0fc8e0:   00000028ea0fca00 00007ff916746d8d
0x00000028ea0fc8f0:   00000028ea0fcaa0 00000028ea0fcd80 

Instructions: (pc=0x00007ff946b632a8)
0x00007ff946b631a8:   48 89 01 48 83 c1 08 48 83 c4 28 48 ff 25 26 30
0x00007ff946b631b8:   04 00 48 8d 05 37 70 04 00 45 33 c0 48 89 01 ba
0x00007ff946b631c8:   a0 0f 00 00 48 83 c1 08 48 83 c4 28 48 ff 25 ed
0x00007ff946b631d8:   2f 04 00 cc cc cc cc cc 48 83 c1 08 48 ff 25 cd
0x00007ff946b631e8:   2f 04 00 cc cc cc cc cc 48 83 c1 08 48 ff 25 dd
0x00007ff946b631f8:   2f 04 00 cc cc cc cc cc 48 83 c1 08 48 ff 25 45
0x00007ff946b63208:   2e 04 00 cc 48 89 5c 24 18 48 89 74 24 20 57 41
0x00007ff946b63218:   56 41 57 48 83 ec 40 48 8b 05 0a 11 07 00 48 33
0x00007ff946b63228:   c4 48 89 44 24 30 8b 01 4c 8b f2 0f ba f0 08 48
0x00007ff946b63238:   8b f1 83 f8 01 75 4a ff 15 b3 2f 04 00 39 46 48
0x00007ff946b63248:   74 19 48 8d 4e 08 48 8b 01 48 8b 00 ff 15 6e 34
0x00007ff946b63258:   04 00 ff 15 98 2f 04 00 89 46 48 ff 46 4c 33 c0
0x00007ff946b63268:   48 8b 4c 24 30 48 33 cc e8 cb fd 03 00 48 8b 5c
0x00007ff946b63278:   24 70 48 8b 74 24 78 48 83 c4 40 41 5f 41 5e 5f
0x00007ff946b63288:   c3 4d 85 f6 75 28 4c 8d 79 48 ff 15 60 2f 04 00
0x00007ff946b63298:   41 39 07 0f 84 ad 00 00 00 48 8d 4e 08 48 8b 01
0x00007ff946b632a8:   48 8b 00 ff 15 17 34 04 00 e9 98 00 00 00 48 83
0x00007ff946b632b8:   3a 00 7c 6e 75 06 83 7a 08 00 7e 66 ba 01 00 00
0x00007ff946b632c8:   00 48 8d 4c 24 20 e8 2d 09 00 00 48 8b 44 24 20
0x00007ff946b632d8:   49 3b 06 7c 14 0f 85 b3 00 00 00 41 8b 46 08 39
0x00007ff946b632e8:   44 24 28 0f 8d a5 00 00 00 4c 8d 7e 48 ff 15 fd
0x00007ff946b632f8:   2e 04 00 41 39 07 74 4e 48 8b 46 08 48 8d 54 24
0x00007ff946b63308:   20 49 8b ce 48 8b 58 10 e8 db 07 00 00 8b d0 48
0x00007ff946b63318:   8d 4e 08 48 8b c3 ff 15 a4 33 04 00 84 c0 74 9c
0x00007ff946b63328:   eb 24 4c 8d 79 48 ff 15 c4 2e 04 00 41 39 07 74
0x00007ff946b63338:   15 48 8d 4e 08 48 8b 01 48 8b 40 08 ff 15 7e 33
0x00007ff946b63348:   04 00 84 c0 74 48 8b 4e 4c 33 db bf 02 01 00 00
0x00007ff946b63358:   8d 41 01 89 46 4c 83 f8 01 7e 0f f7 06 00 01 00
0x00007ff946b63368:   00 75 10 89 4e 4c 8b df eb 09 ff 15 80 2e 04 00
0x00007ff946b63378:   41 89 07 85 db 0f 84 e3 fe ff ff 3b df 74 0a b8
0x00007ff946b63388:   04 00 00 00 e9 d7 fe ff ff 4d 85 f6 74 20 49 83
0x00007ff946b63398:   3e 00 75 10 41 8b 46 08 f7 d8 1b c0 83 c0 03 e9 


Stack slot to memory mapping:
stack at sp + 0 slots: 0x0000000000000002 is an unknown value
stack at sp + 1 slots: 0x0 is NULL
stack at sp + 2 slots: 0x0 is NULL
stack at sp + 3 slots: 0x0 is NULL
stack at sp + 4 slots: 0x0 is NULL
stack at sp + 5 slots: 0x0 is NULL
stack at sp + 6 slots: 0x0000114393070fcd is an unknown value
stack at sp + 7 slots: 0x000001b0c1ac4740 points into unknown readable memory: 0x73726573555c3a43 | 43 3a 5c 55 73 65 72 73


Compiled method (n/a)   15242 3824     n 0       jdk.internal.reflect.NativeMethodAccessorImpl::invoke0 (native)
 total in heap  [0x000001b0eb0a2610,0x000001b0eb0a2ab0] = 1184
 relocation     [0x000001b0eb0a2768,0x000001b0eb0a27a0] = 56
 main code      [0x000001b0eb0a27a0,0x000001b0eb0a2ab0] = 784

[Constant Pool (empty)]

[MachCode]
[Entry Point]
  # {method} {0x000001b0801c4290} 'invoke0' '(Ljava/lang/reflect/Method;Ljava/lang/Object;[Ljava/lang/Object;)Ljava/lang/Object;' in 'jdk/internal/reflect/NativeMethodAccessorImpl'
  # parm0:    rdx:rdx   = 'java/lang/reflect/Method'
  # parm1:    r8:r8     = 'java/lang/Object'
  # parm2:    r9:r9     = '[Ljava/lang/Object;'
  #           [sp+0x80]  (sp of caller)
  0x000001b0eb0a27a0: 448b 5208 | 49bb 0000 | 0080 b001 | 0000 4d03 | d349 3bc2 | 0f84 0600 

  0x000001b0eb0a27b8: ;   {runtime_call ic_miss_stub}
  0x000001b0eb0a27b8: 0000 e9c1 | a258 ff90 
[Verified Entry Point]
  0x000001b0eb0a27c0: 8984 2400 | 90ff ff55 | 488b ec48 | 83ec 704c | 894c 2438 | 4983 f900 | 488d 4424 | 3848 0f44 
  0x000001b0eb0a27e0: 4424 3848 | 8944 2420 | 4c89 4424 | 3049 83f8 | 004c 8d4c | 2430 4c0f | 444c 2430 | 4889 5424 
  0x000001b0eb0a2800: 2848 83fa | 004c 8d44 | 2428 4c0f | 4444 2428 

  0x000001b0eb0a2810: ;   {oop(a 'java/lang/Class'{0x00000007097c0960} = 'jdk/internal/reflect/NativeMethodAccessorImpl')}
  0x000001b0eb0a2810: 49be 6009 | 7c09 0700 | 0000 4c89 | 7424 584c | 8d74 2458 | 498b d6c5 

  0x000001b0eb0a2828: ;   {internal_word}
  0x000001b0eb0a2828: f877 49ba | 2728 0aeb | b001 0000 | 4d89 9798 | 0200 0049 | 89a7 9002 

  0x000001b0eb0a2840: ;   {external_word}
  0x000001b0eb0a2840: 0000 49ba | e380 8811 | f97f 0000 | 4180 3a00 | 0f84 5200 | 0000 5241 

  0x000001b0eb0a2858: ;   {metadata({method} {0x000001b0801c4290} 'invoke0' '(Ljava/lang/reflect/Method;Ljava/lang/Object;[Ljava/lang/Object;)Ljava/lang/Object;' in 'jdk/internal/reflect/NativeMethodAccessorImpl')}
  0x000001b0eb0a2858: 5041 5148 | ba88 421c | 80b0 0100 | 0049 8bcf | 4883 ec20 | f7c4 0f00 | 0000 0f84 | 1a00 0000 
  0x000001b0eb0a2878: 4883 ec08 

  0x000001b0eb0a287c: ;   {runtime_call}
  0x000001b0eb0a287c: 49ba 00d6 | 4511 f97f | 0000 41ff | d248 83c4 | 08e9 0d00 

  0x000001b0eb0a2890: ;   {runtime_call}
  0x000001b0eb0a2890: 0000 49ba | 00d6 4511 | f97f 0000 | 41ff d248 | 83c4 2041 | 5941 585a | 498d 8fb0 | 0200 0041 
  0x000001b0eb0a28b0: c787 4003 | 0000 0400 

  0x000001b0eb0a28b8: ;   {runtime_call}
  0x000001b0eb0a28b8: 0000 49ba | a43e 1773 | f97f 0000 | 41ff d2c5 | f877 41c7 | 8740 0300 | 0005 0000 | 00f0 8344 
  0x000001b0eb0a28d8: 24c0 0049 | 3baf 4803 | 0000 0f87 | 1100 0000 | 4181 bf30 | 0300 0000 | 0000 000f | 842c 0000 
  0x000001b0eb0a28f8: 00c5 f877 | 4889 45f8 | 498b cf4c | 8be4 4883 | ec20 4883 

  0x000001b0eb0a290c: ;   {runtime_call}
  0x000001b0eb0a290c: e4f0 49ba | 408d 5011 | f97f 0000 | 41ff d249 | 8be4 4d33 | e448 8b45 | f841 c787 | 4003 0000 
  0x000001b0eb0a292c: 0800 0000 | 4181 bfb0 | 0300 0002 | 0000 000f | 843f 0100 

  0x000001b0eb0a2940: ;   {external_word}
  0x000001b0eb0a2940: 0049 bae3 | 8088 11f9 | 7f00 0041 | 803a 000f | 8450 0000 | 0048 8945 

  0x000001b0eb0a2958: ;   {metadata({method} {0x000001b0801c4290} 'invoke0' '(Ljava/lang/reflect/Method;Ljava/lang/Object;[Ljava/lang/Object;)Ljava/lang/Object;' in 'jdk/internal/reflect/NativeMethodAccessorImpl')}
  0x000001b0eb0a2958: f848 ba88 | 421c 80b0 | 0100 0049 | 8bcf 4883 | ec20 f7c4 | 0f00 0000 | 0f84 1a00 | 0000 4883 
  0x000001b0eb0a2978: ;   {runtime_call}
  0x000001b0eb0a2978: ec08 49ba | 00d6 4511 | f97f 0000 | 41ff d248 | 83c4 08e9 | 0d00 0000 

  0x000001b0eb0a2990: ;   {runtime_call}
  0x000001b0eb0a2990: 49ba 00d6 | 4511 f97f | 0000 41ff | d248 83c4 | 2048 8b45 | f849 c787 | 9002 0000 | 0000 0000 
  0x000001b0eb0a29b0: 49c7 8798 | 0200 0000 | 0000 00c5 | f877 4885 | c00f 8493 | 0000 0048 | f7c0 0100 | 0000 0f84 
  0x000001b0eb0a29d0: 8300 0000 | 488b 40ff | 4180 7f38 | 000f 846f | 0000 0048 | 83f8 000f | 8465 0000 | 0049 8b4f 
  0x000001b0eb0a29f0: 2048 83f9 | 000f 8414 | 0000 0048 | 83e9 0849 | 894f 2049 | 034f 3048 | 8901 e943 | 0000 0050 
  0x000001b0eb0a2a10: 498b d748 | 8bc8 4883 | ec20 f7c4 | 0f00 0000 | 0f84 1a00 | 0000 4883 

  0x000001b0eb0a2a28: ;   {runtime_call}
  0x000001b0eb0a2a28: ec08 49ba | 3009 0511 | f97f 0000 | 41ff d248 | 83c4 08e9 | 0d00 0000 

  0x000001b0eb0a2a40: ;   {runtime_call}
  0x000001b0eb0a2a40: 49ba 3009 | 0511 f97f | 0000 41ff | d248 83c4 | 2058 e903 | 0000 0048 | 8b00 498b | 8fd8 0000 
  0x000001b0eb0a2a60: 00c7 8100 | 0100 0000 | 0000 00c9 | 4981 7f08 | 0000 0000 | 0f85 0100 

  0x000001b0eb0a2a78: ;   {runtime_call StubRoutines (1)}
  0x000001b0eb0a2a78: 0000 c3e9 | 80e4 53ff | c5f8 7748 | 8945 f84c | 8be4 4883 | ec20 4883 

  0x000001b0eb0a2a90: ;   {runtime_call}
  0x000001b0eb0a2a90: e4f0 49ba | a006 4611 | f97f 0000 | 41ff d249 | 8be4 4d33 | e448 8b45 | f8e9 93fe | ffff f4f4 
[/MachCode]


Compiled method (c1)   15261 3823   !   1       jdk.internal.reflect.NativeMethodAccessorImpl::invoke (137 bytes)
 total in heap  [0x000001b0eb0a2b10,0x000001b0eb0a3550] = 2624
 relocation     [0x000001b0eb0a2c68,0x000001b0eb0a2cf0] = 136
 main code      [0x000001b0eb0a2d00,0x000001b0eb0a3160] = 1120
 stub code      [0x000001b0eb0a3160,0x000001b0eb0a31e8] = 136
 metadata       [0x000001b0eb0a31e8,0x000001b0eb0a3208] = 32
 scopes data    [0x000001b0eb0a3208,0x000001b0eb0a32c8] = 192
 scopes pcs     [0x000001b0eb0a32c8,0x000001b0eb0a33e8] = 288
 dependencies   [0x000001b0eb0a33e8,0x000001b0eb0a33f0] = 8
 handler table  [0x000001b0eb0a33f0,0x000001b0eb0a3510] = 288
 nul chk table  [0x000001b0eb0a3510,0x000001b0eb0a3550] = 64

[Constant Pool (empty)]

[MachCode]
[Entry Point]
  # {method} {0x000001b0801c3d68} 'invoke' '(Ljava/lang/Object;[Ljava/lang/Object;)Ljava/lang/Object;' in 'jdk/internal/reflect/NativeMethodAccessorImpl'
  # this:     rdx:rdx   = 'jdk/internal/reflect/NativeMethodAccessorImpl'
  # parm0:    r8:r8     = 'java/lang/Object'
  # parm1:    r9:r9     = '[Ljava/lang/Object;'
  #           [sp+0xd0]  (sp of caller)
  0x000001b0eb0a2d00: 448b 5208 | 49bb 0000 | 0080 b001 | 0000 4d03 | d34c 3bd0 

  0x000001b0eb0a2d14: ;   {runtime_call ic_miss_stub}
  0x000001b0eb0a2d14: 0f85 669d | 58ff 660f | 1f44 0000 
[Verified Entry Point]
  0x000001b0eb0a2d20: 8984 2400 | 90ff ff55 | 4881 ecc0 | 0000 0048 | 8954 2470 | 8b72 0cff | c689 720c 

  0x000001b0eb0a2d3c: ;   {oop(a 'java/lang/Class'{0x00000007097f4a98} = 'jdk/internal/reflect/ReflectionFactory')}
  0x000001b0eb0a2d3c: 48bf 984a | 7f09 0700 | 0000 8b7f | 783b f70f | 8f08 0000 | 0048 8bf2 | e9e2 0200 | 004c 898c 
  0x000001b0eb0a2d5c: 2480 0000 | 004c 8944 | 2478 8b72 | 1448 c1e6 | 038b 7624 | 48c1 e603 

  0x000001b0eb0a2d74: ; implicit exception: dispatches to 0x000001b0eb0a309a
  0x000001b0eb0a2d74: 483b 0648 | 8bd6 0f1f 

  0x000001b0eb0a2d7c: ;   {optimized virtual_call}
  0x000001b0eb0a2d7c: 4400 00e8 

  0x000001b0eb0a2d80: ; ImmutableOopMap {[112]=Oop [128]=Oop [120]=Oop }
                      ;*invokevirtual isHidden {reexecute=0 rethrow=0 return_oop=0}
                      ; - jdk.internal.reflect.NativeMethodAccessorImpl::invoke@24 (line 57)
  0x000001b0eb0a2d80: 3c9a 92ff | 83f8 000f | 8417 0000 | 004c 8b8c | 2480 0000 | 004c 8b44 | 2478 488b | 7424 70e9 
  0x000001b0eb0a2da0: 9702 0000 | 488b 5424 | 708b 4210 | 83f8 000f | 8415 0000 | 004c 8b8c | 2480 0000 | 004c 8b44 
  0x000001b0eb0a2dc0: 2478 488b | f2e9 7102 | 0000 488d | 7210 b800 | 0000 00bf | 0100 0000 | f00f b13e | be01 0000 
  0x000001b0eb0a2de0: 000f 8405 | 0000 00be | 0000 0000 | 83fe 000f | 8515 0000 | 004c 8b8c | 2480 0000 | 004c 8b44 
  0x000001b0eb0a2e00: 2478 488b | f2e9 3102 | 0000 488b 

  0x000001b0eb0a2e0c: ;   {metadata('jdk/internal/reflect/MethodAccessorGenerator')}
  0x000001b0eb0a2e0c: da48 ba68 | 360f 81b0 | 0100 0049 | 8b87 0801 | 0000 488d | b890 0000 | 0049 3bbf | 1801 0000 
  0x000001b0eb0a2e2c: 0f87 6d02 | 0000 4989 | bf08 0100 | 0048 c700 | 0100 0000 | 488b ca49 | ba00 0000 | 80b0 0100 
  0x000001b0eb0a2e4c: 0049 2bca | 8948 0848 | 33c9 8948 | 0c48 33c9 | 48bf 1000 | 0000 0000 | 0000 4889 | 4cf8 0848 
  0x000001b0eb0a2e6c: ffcf 75f6 | ba1e 0000 | 0066 8950 | 6aba 4900 | 0000 6689 | 506c 8b53 | 1448 c1e2 | 038b 7224 
  0x000001b0eb0a2e8c: 48c1 e603 | 8b7a 2848 | c1e7 038b | 5230 48c1 | e203 4889 | 8424 9800 | 0000 4889 | bc24 9000 
  0x000001b0eb0a2eac: 0000 4889 | b424 8800 | 0000 0f1f | 8000 0000 | 0048 b878 | 1c00 80b0 

  0x000001b0eb0a2ec4: ;   {virtual_call}
  0x000001b0eb0a2ec4: 0100 00e8 

  0x000001b0eb0a2ec8: ; ImmutableOopMap {[128]=Oop [120]=Oop [152]=Oop [112]=Oop [144]=Oop [136]=Oop }
                      ;*invokevirtual clone {reexecute=0 rethrow=0 return_oop=0}
                      ; - java.lang.reflect.Method::getParameterTypes@4 (line 314)
                      ; - jdk.internal.reflect.NativeMethodAccessorImpl::invoke@77 (line 65)
  0x000001b0eb0a2ec8: 54cd 81ff | 4883 f800 | 0f84 2900 

  0x000001b0eb0a2ed4: ;   {metadata('java/lang/Class'[])}
  0x000001b0eb0a2ed4: 0000 48bb | 781c 0080 | b001 0000 | 8b78 0849 | ba00 0000 | 80b0 0100 | 0049 03fa | 483b 5f40 
  0x000001b0eb0a2ef4: 0f85 b701 | 0000 e900 | 0000 0048 | 8bf0 488b | 5424 708b | 7a14 48c1 | e703 8b5f | 2c48 c1e3 
  0x000001b0eb0a2f14: 038b 7f34 | 48c1 e703 | 488b d748 | 899c 24a8 | 0000 0048 | 89b4 24a0 | 0000 0066 | 0f1f 4400 
  0x000001b0eb0a2f34: 0048 b878 | 1c00 80b0 

  0x000001b0eb0a2f3c: ;   {virtual_call}
  0x000001b0eb0a2f3c: 0100 00e8 

  0x000001b0eb0a2f40: ; ImmutableOopMap {[128]=Oop [120]=Oop [152]=Oop [144]=Oop [136]=Oop [112]=Oop [168]=Oop [160]=Oop }
                      ;*invokevirtual clone {reexecute=0 rethrow=0 return_oop=0}
                      ; - java.lang.reflect.Method::getExceptionTypes@4 (line 341)
                      ; - jdk.internal.reflect.NativeMethodAccessorImpl::invoke@91 (line 67)
  0x000001b0eb0a2f40: dccc 81ff | 4883 f800 | 0f84 2a00 

  0x000001b0eb0a2f4c: ;   {metadata('java/lang/Class'[])}
  0x000001b0eb0a2f4c: 0000 48bf | 781c 0080 | b001 0000 | 448b 4808 | 49ba 0000 | 0080 b001 | 0000 4d03 | ca49 3b79 
  0x000001b0eb0a2f6c: 400f 854c | 0100 00e9 | 0000 0000 | 488b c848 | 8b54 2470 | 448b 4214 | 49c1 e003 

  0x000001b0eb0a2f88: ; implicit exception: dispatches to 0x000001b0eb0a30c8
  0x000001b0eb0a2f88: 418b 5820 | 4c8b 8424 | 8800 0000 | 4c8b 8c24 | 9000 0000 | 488b bc24 | a000 0000 | 488b b424 
  0x000001b0eb0a2fa8: a800 0000 | 891c 2448 | 8b94 2498 

  0x000001b0eb0a2fb4: ;   {optimized virtual_call}
  0x000001b0eb0a2fb4: 0000 00e8 

  0x000001b0eb0a2fb8: ; ImmutableOopMap {[128]=Oop [120]=Oop [112]=Oop }
                      ;*invokevirtual generateMethod {reexecute=0 rethrow=0 return_oop=0}
                      ; - jdk.internal.reflect.NativeMethodAccessorImpl::invoke@101 (line 63)
  0x000001b0eb0a2fb8: d901 0000 | 4883 f800 | 0f84 2a00 

  0x000001b0eb0a2fc4: ;   {metadata('jdk/internal/reflect/MethodAccessorImpl')}
  0x000001b0eb0a2fc4: 0000 48be | d0ae 0080 | b001 0000 | 448b 4808 | 49ba 0000 | 0080 b001 | 0000 4d03 | ca49 3b71 
  0x000001b0eb0a2fe4: 400f 85e2 | 0000 00e9 | 0000 0000 | 488b d048 | 8b74 2470 | 448b 4618 | 49c1 e003 | 450f be4f 
  0x000001b0eb0a3004: 3841 83f9 | 000f 85c7 | 0000 004c | 8bd2 49c1 | ea03 4589 | 500c 4d8b | c84c 33ca | 49c1 e915 
  0x000001b0eb0a3024: 4983 f900 | 0f85 cd00 | 0000 4c8b | 8c24 8000 | 0000 4c8b | 4424 788b | 5614 48c1 | e203 0f1f 
  0x000001b0eb0a3044: ;   {static_call}
  0x000001b0eb0a3044: 4400 00e8 

  0x000001b0eb0a3048: ; ImmutableOopMap {}
                      ;*invokestatic invoke0 {reexecute=0 rethrow=0 return_oop=0}
                      ; - jdk.internal.reflect.NativeMethodAccessorImpl::invoke@133 (line 77)
  0x000001b0eb0a3048: 74f7 ffff | 4881 c4c0 | 0000 005d 

  0x000001b0eb0a3054: ;   {poll_return}
  0x000001b0eb0a3054: 493b a748 | 0300 000f | 87b2 0000 | 00c3 488b | 7424 7049 | 8b87 d803 | 0000 4d33 | d24d 8997 
  0x000001b0eb0a3074: d803 0000 | 4d33 d24d | 8997 e003 | 0000 bf00 | 0000 0089 | 7e10 f083 | 4424 c000 | e9b8 0000 
  0x000001b0eb0a3094: ;   {runtime_call throw_null_pointer_exception Runtime1 stub}
  0x000001b0eb0a3094: 00e8 8626 

  0x000001b0eb0a3098: ; ImmutableOopMap {rdx=Oop [112]=Oop [128]=Oop [120]=Oop }
                      ;*invokevirtual getDeclaringClass {reexecute=0 rethrow=0 return_oop=0}
                      ; - jdk.internal.reflect.NativeMethodAccessorImpl::invoke@21 (line 57)
                      ;   {runtime_call throw_null_pointer_exception Runtime1 stub}
  0x000001b0eb0a3098: 63ff e881 

  0x000001b0eb0a309c: ; ImmutableOopMap {rdx=Oop [112]=Oop [128]=Oop [120]=Oop rsi=Oop }
                      ;*invokevirtual isHidden {reexecute=0 rethrow=0 return_oop=0}
                      ; - jdk.internal.reflect.NativeMethodAccessorImpl::invoke@24 (line 57)
  0x000001b0eb0a309c: 2663 ff48 

  0x000001b0eb0a30a0: ;   {runtime_call fast_new_instance Runtime1 stub}
  0x000001b0eb0a30a0: 8bd2 e859 

  0x000001b0eb0a30a4: ; ImmutableOopMap {[128]=Oop [120]=Oop rbx=Oop [112]=Oop }
                      ;*new {reexecute=0 rethrow=0 return_oop=0}
                      ; - jdk.internal.reflect.NativeMethodAccessorImpl::invoke@52 (line 61)
  0x000001b0eb0a30a4: 2f63 ffe9 | c4fd ffff 

  0x000001b0eb0a30ac: ;   {runtime_call throw_null_pointer_exception Runtime1 stub}
  0x000001b0eb0a30ac: e86f 2663 

  0x000001b0eb0a30b0: ; ImmutableOopMap {[128]=Oop [120]=Oop rbx=Oop [112]=Oop rax=Oop rdx=Oop }
                      ;*invokevirtual getDeclaringClass {reexecute=0 rethrow=0 return_oop=0}
                      ; - jdk.internal.reflect.NativeMethodAccessorImpl::invoke@63 (line 63)
  0x000001b0eb0a30b0: ff48 8904 

  0x000001b0eb0a30b4: ;   {runtime_call throw_class_cast_exception Runtime1 stub}
  0x000001b0eb0a30b4: 24e8 664a 

  0x000001b0eb0a30b8: ; ImmutableOopMap {[128]=Oop [120]=Oop [152]=Oop [112]=Oop [144]=Oop [136]=Oop }
                      ;*checkcast {reexecute=0 rethrow=0 return_oop=0}
                      ; - java.lang.reflect.Method::getParameterTypes@7 (line 314)
                      ; - jdk.internal.reflect.NativeMethodAccessorImpl::invoke@77 (line 65)
                      ;   {runtime_call throw_null_pointer_exception Runtime1 stub}
  0x000001b0eb0a30b8: 63ff e861 

  0x000001b0eb0a30bc: ; ImmutableOopMap {[128]=Oop [120]=Oop [152]=Oop [144]=Oop [136]=Oop rsi=Oop rdx=Oop [112]=Oop rdi=Oop }
                      ;*invokevirtual getReturnType {reexecute=0 rethrow=0 return_oop=0}
                      ; - jdk.internal.reflect.NativeMethodAccessorImpl::invoke@84 (line 66)
  0x000001b0eb0a30bc: 2663 ff48 

  0x000001b0eb0a30c0: ;   {runtime_call throw_class_cast_exception Runtime1 stub}
  0x000001b0eb0a30c0: 8904 24e8 

  0x000001b0eb0a30c4: ; ImmutableOopMap {[128]=Oop [120]=Oop [152]=Oop [144]=Oop [136]=Oop [112]=Oop [168]=Oop [160]=Oop }
                      ;*checkcast {reexecute=0 rethrow=0 return_oop=0}
                      ; - java.lang.reflect.Method::getExceptionTypes@7 (line 341)
                      ; - jdk.internal.reflect.NativeMethodAccessorImpl::invoke@91 (line 67)
  0x000001b0eb0a30c4: 584a 63ff 

  0x000001b0eb0a30c8: ;   {runtime_call throw_null_pointer_exception Runtime1 stub}
  0x000001b0eb0a30c8: e853 2663 

  0x000001b0eb0a30cc: ; ImmutableOopMap {[128]=Oop [120]=Oop [152]=Oop [144]=Oop [136]=Oop [168]=Oop [160]=Oop rcx=Oop rdx=Oop [112]=Oop }
                      ;*invokevirtual getModifiers {reexecute=0 rethrow=0 return_oop=0}
                      ; - jdk.internal.reflect.NativeMethodAccessorImpl::invoke@98 (line 68)
  0x000001b0eb0a30cc: ff48 8904 

  0x000001b0eb0a30d0: ;   {runtime_call throw_class_cast_exception Runtime1 stub}
  0x000001b0eb0a30d0: 24e8 4a4a 

  0x000001b0eb0a30d4: ; ImmutableOopMap {[128]=Oop [120]=Oop [112]=Oop }
                      ;*checkcast {reexecute=0 rethrow=0 return_oop=0}
                      ; - jdk.internal.reflect.NativeMethodAccessorImpl::invoke@104 (line 63)
  0x000001b0eb0a30d4: 63ff 458b | 480c 49c1 | e103 4983 | f900 0f84 | 27ff ffff | 4c89 0c24 

  0x000001b0eb0a30ec: ;   {runtime_call g1_pre_barrier_slow}
  0x000001b0eb0a30ec: e80f 7d63 | ffe9 19ff 

  0x000001b0eb0a30f4: ;   {runtime_call throw_null_pointer_exception Runtime1 stub}
  0x000001b0eb0a30f4: ffff e825 

  0x000001b0eb0a30f8: ; ImmutableOopMap {[128]=Oop [120]=Oop rdx=Oop rsi=Oop [112]=Oop r8=Oop }
                      ;*invokevirtual setDelegate {reexecute=0 rethrow=0 return_oop=0}
                      ; - jdk.internal.reflect.NativeMethodAccessorImpl::invoke@113 (line 69)
  0x000001b0eb0a30f8: 2663 ff48 | 83fa 000f | 8429 ffff | ff4c 8904 

  0x000001b0eb0a3108: ;   {runtime_call g1_post_barrier_slow}
  0x000001b0eb0a3108: 24e8 f27f | 63ff e91b 

  0x000001b0eb0a3110: ;   {internal_word}
  0x000001b0eb0a3110: ffff ff49 | ba54 300a | ebb0 0100 | 004d 8997 | 6003 0000 

  0x000001b0eb0a3124: ;   {runtime_call SafepointBlob}
  0x000001b0eb0a3124: e9d7 0259 

  0x000001b0eb0a3128: ;   {runtime_call throw_null_pointer_exception Runtime1 stub}
  0x000001b0eb0a3128: ffe8 f225 

  0x000001b0eb0a312c: ; ImmutableOopMap {[128]=Oop [120]=Oop rdx=Oop rsi=Oop [112]=Oop r8=Oop }
                      ;*invokevirtual setDelegate {reexecute=0 rethrow=0 return_oop=0}
                      ; - jdk.internal.reflect.NativeMethodAccessorImpl::invoke@113 (line 69)
  0x000001b0eb0a312c: 63ff 9090 | 498b 87d8 | 0300 0049 | c787 d803 | 0000 0000 | 0000 49c7 | 87e0 0300 | 0000 0000 
  0x000001b0eb0a314c: 0048 81c4 | c000 0000 

  0x000001b0eb0a3154: ;   {runtime_call unwind_exception Runtime1 stub}
  0x000001b0eb0a3154: 5de9 a616 | 63ff f4f4 | f4f4 f4f4 
[Stub Code]
  0x000001b0eb0a3160: ;   {no_reloc}
  0x000001b0eb0a3160: 0f1f 4400 

  0x000001b0eb0a3164: ;   {static_stub}
  0x000001b0eb0a3164: 0048 bb00 | 0000 0000 

  0x000001b0eb0a316c: ;   {runtime_call}
  0x000001b0eb0a316c: 0000 00e9 | fbff ffff 

  0x000001b0eb0a3174: ;   {static_stub}
  0x000001b0eb0a3174: 9048 bb00 | 0000 0000 

  0x000001b0eb0a317c: ;   {runtime_call}
  0x000001b0eb0a317c: 0000 00e9 | fbff ffff 

  0x000001b0eb0a3184: ;   {static_stub}
  0x000001b0eb0a3184: 9048 bb00 | 0000 0000 

  0x000001b0eb0a318c: ;   {runtime_call}
  0x000001b0eb0a318c: 0000 00e9 | fbff ffff 

  0x000001b0eb0a3194: ;   {static_stub}
  0x000001b0eb0a3194: 9048 bbd8 | 6523 fbb0 

  0x000001b0eb0a319c: ;   {runtime_call I2C/C2I adapters}
  0x000001b0eb0a319c: 0100 00e9 | d6b6 7aff 

  0x000001b0eb0a31a4: ;   {static_stub}
  0x000001b0eb0a31a4: 9048 bb00 | 0000 0000 

  0x000001b0eb0a31ac: ;   {runtime_call}
  0x000001b0eb0a31ac: 0000 00e9 | fbff ffff 
[Exception Handler]
  0x000001b0eb0a31b4: ;   {runtime_call handle_exception_from_callee Runtime1 stub}
  0x000001b0eb0a31b4: e847 4363 

  0x000001b0eb0a31b8: ;   {external_word}
  0x000001b0eb0a31b8: ff48 b9a0 | e064 11f9 | 7f00 0048 

  0x000001b0eb0a31c4: ;   {runtime_call}
  0x000001b0eb0a31c4: 83e4 f049 | bae0 da32 | 11f9 7f00 | 0041 ffd2 

  0x000001b0eb0a31d4: ;   {section_word}
  0x000001b0eb0a31d4: f449 bad5 | 310a ebb0 | 0100 0041 

  0x000001b0eb0a31e0: ;   {runtime_call DeoptimizationBlob}
  0x000001b0eb0a31e0: 52e9 baf4 | 58ff f4f4 
[/MachCode]


Compiled method (c1)   15289 3812       1       jdk.internal.reflect.DelegatingMethodAccessorImpl::invoke (10 bytes)
 total in heap  [0x000001b0eb09fd10,0x000001b0eb09ffd8] = 712
 relocation     [0x000001b0eb09fe68,0x000001b0eb09fea0] = 56
 main code      [0x000001b0eb09fea0,0x000001b0eb09ff40] = 160
 stub code      [0x000001b0eb09ff40,0x000001b0eb09ff88] = 72
 metadata       [0x000001b0eb09ff88,0x000001b0eb09ff90] = 8
 scopes data    [0x000001b0eb09ff90,0x000001b0eb09ffa0] = 16
 scopes pcs     [0x000001b0eb09ffa0,0x000001b0eb09ffd0] = 48
 dependencies   [0x000001b0eb09ffd0,0x000001b0eb09ffd8] = 8

[Constant Pool (empty)]

[MachCode]
[Entry Point]
  # {method} {0x000001b08035fb00} 'invoke' '(Ljava/lang/Object;[Ljava/lang/Object;)Ljava/lang/Object;' in 'jdk/internal/reflect/DelegatingMethodAccessorImpl'
  # this:     rdx:rdx   = 'jdk/internal/reflect/DelegatingMethodAccessorImpl'
  # parm0:    r8:r8     = 'java/lang/Object'
  # parm1:    r9:r9     = '[Ljava/lang/Object;'
  #           [sp+0x40]  (sp of caller)
  0x000001b0eb09fea0: 448b 5208 | 49bb 0000 | 0080 b001 | 0000 4d03 | d34c 3bd0 

  0x000001b0eb09feb4: ;   {runtime_call ic_miss_stub}
  0x000001b0eb09feb4: 0f85 c6cb | 58ff 660f | 1f44 0000 
[Verified Entry Point]
  0x000001b0eb09fec0: 8984 2400 | 90ff ff55 | 4883 ec30 | 8b52 0c48 | c1e2 0366 | 9048 b8ff | ffff ffff 

  0x000001b0eb09fedc: ;   {virtual_call}
  0x000001b0eb09fedc: ffff ffe8 

  0x000001b0eb09fee0: ; ImmutableOopMap {}
                      ;*invokevirtual invoke {reexecute=0 rethrow=0 return_oop=0}
                      ; - jdk.internal.reflect.DelegatingMethodAccessorImpl::invoke@6 (line 43)
  0x000001b0eb09fee0: 94c1 63ff | 4883 c430 

  0x000001b0eb09fee8: ;   {poll_return}
  0x000001b0eb09fee8: 5d49 3ba7 | 4803 0000 | 0f87 0100 

  0x000001b0eb09fef4: ;   {internal_word}
  0x000001b0eb09fef4: 0000 c349 | bae9 fe09 | ebb0 0100 | 004d 8997 | 6003 0000 

  0x000001b0eb09ff08: ;   {runtime_call SafepointBlob}
  0x000001b0eb09ff08: e9f3 3459 | ff90 9049 | 8b87 d803 | 0000 49c7 | 87d8 0300 | 0000 0000 | 0049 c787 | e003 0000 
  0x000001b0eb09ff28: 0000 0000 | 4883 c430 

  0x000001b0eb09ff30: ;   {runtime_call unwind_exception Runtime1 stub}
  0x000001b0eb09ff30: 5de9 ca48 | 63ff f4f4 | f4f4 f4f4 | f4f4 f4f4 
[Stub Code]
  0x000001b0eb09ff40: ;   {no_reloc}
  0x000001b0eb09ff40: 0f1f 4400 

  0x000001b0eb09ff44: ;   {static_stub}
  0x000001b0eb09ff44: 0048 bb00 | 0000 0000 

  0x000001b0eb09ff4c: ;   {runtime_call}
  0x000001b0eb09ff4c: 0000 00e9 | fbff ffff 
[Exception Handler]
  0x000001b0eb09ff54: ;   {runtime_call handle_exception_from_callee Runtime1 stub}
  0x000001b0eb09ff54: e8a7 7563 

  0x000001b0eb09ff58: ;   {external_word}
  0x000001b0eb09ff58: ff48 b9a0 | e064 11f9 | 7f00 0048 

  0x000001b0eb09ff64: ;   {runtime_call}
  0x000001b0eb09ff64: 83e4 f049 | bae0 da32 | 11f9 7f00 | 0041 ffd2 

  0x000001b0eb09ff74: ;   {section_word}
  0x000001b0eb09ff74: f449 ba75 | ff09 ebb0 | 0100 0041 

  0x000001b0eb09ff80: ;   {runtime_call DeoptimizationBlob}
  0x000001b0eb09ff80: 52e9 1a27 | 59ff f4f4 
[/MachCode]


---------------  P R O C E S S  ---------------

Threads class SMR info:
_java_thread_list=0x000001b0c1738b70, length=30, elements={
0x000001b0f9fa8e60, 0x000001b0f9fab830, 0x000001b0f9fc2820, 0x000001b0f9fc31e0,
0x000001b0f9fc3ba0, 0x000001b0f9fc4560, 0x000001b0f9fc5f30, 0x000001b0f9fc7d40,
0x000001b0fa11e100, 0x000001b0fa125a60, 0x000001b0ff8284d0, 0x000001b0ff839460,
0x000001b0ff839940, 0x000001b0ff985020, 0x000001b0c15b1fa0, 0x000001b0c15b38f0,
0x000001b0c15b1a90, 0x000001b0c15b1580, 0x000001b0c15b29c0, 0x000001b0c15b33e0,
0x000001b0c15b3e00, 0x000001b0c15b4310, 0x000001b0c15b1070, 0x000001b0c15b4820,
0x000001b0c199b730, 0x000001b0c19993c0, 0x000001b0c1999de0, 0x000001b0c199a800,
0x000001b0fa09a440, 0x000001b0fab02a80
}

Java Threads: ( => current thread )
  0x000001b0f9fa8e60 JavaThread "Reference Handler" daemon [_thread_blocked, id=21248, stack(0x00000028e7900000,0x00000028e7a00000)]
  0x000001b0f9fab830 JavaThread "Finalizer" daemon [_thread_blocked, id=6876, stack(0x00000028e7a00000,0x00000028e7b00000)]
  0x000001b0f9fc2820 JavaThread "Signal Dispatcher" daemon [_thread_blocked, id=9900, stack(0x00000028e7b00000,0x00000028e7c00000)]
  0x000001b0f9fc31e0 JavaThread "Attach Listener" daemon [_thread_blocked, id=7340, stack(0x00000028e7c00000,0x00000028e7d00000)]
  0x000001b0f9fc3ba0 JavaThread "Service Thread" daemon [_thread_blocked, id=16240, stack(0x00000028e7d00000,0x00000028e7e00000)]
  0x000001b0f9fc4560 JavaThread "Monitor Deflation Thread" daemon [_thread_blocked, id=29084, stack(0x00000028e7e00000,0x00000028e7f00000)]
  0x000001b0f9fc5f30 JavaThread "C1 CompilerThread0" daemon [_thread_blocked, id=21536, stack(0x00000028e7f00000,0x00000028e8000000)]
  0x000001b0f9fc7d40 JavaThread "Sweeper thread" daemon [_thread_blocked, id=27788, stack(0x00000028e8000000,0x00000028e8100000)]
  0x000001b0fa11e100 JavaThread "Notification Thread" daemon [_thread_blocked, id=19076, stack(0x00000028e8300000,0x00000028e8400000)]
  0x000001b0fa125a60 JavaThread "Common-Cleaner" daemon [_thread_blocked, id=11008, stack(0x00000028e8500000,0x00000028e8600000)]
  0x000001b0ff8284d0 JavaThread "Catalina-utility-1" [_thread_blocked, id=29968, stack(0x00000028e9900000,0x00000028e9a00000)]
  0x000001b0ff839460 JavaThread "Catalina-utility-2" [_thread_blocked, id=18960, stack(0x00000028e9a00000,0x00000028e9b00000)]
  0x000001b0ff839940 JavaThread "container-0" [_thread_blocked, id=26104, stack(0x00000028e9b00000,0x00000028e9c00000)]
  0x000001b0ff985020 JavaThread "HikariPool-1 housekeeper" daemon [_thread_blocked, id=15652, stack(0x00000028e9c00000,0x00000028e9d00000)]
  0x000001b0c15b1fa0 JavaThread "java-sdk-http-connection-reaper" daemon [_thread_blocked, id=17384, stack(0x00000028e9e00000,0x00000028e9f00000)]
  0x000001b0c15b38f0 JavaThread "http-nio-8080-exec-1" daemon [_thread_blocked, id=19920, stack(0x00000028e9f00000,0x00000028ea000000)]
=>0x000001b0c15b1a90 JavaThread "http-nio-8080-exec-2" daemon [_thread_in_native, id=20644, stack(0x00000028ea000000,0x00000028ea100000)]
  0x000001b0c15b1580 JavaThread "http-nio-8080-exec-3" daemon [_thread_blocked, id=3060, stack(0x00000028ea100000,0x00000028ea200000)]
  0x000001b0c15b29c0 JavaThread "http-nio-8080-exec-4" daemon [_thread_blocked, id=31468, stack(0x00000028ea200000,0x00000028ea300000)]
  0x000001b0c15b33e0 JavaThread "http-nio-8080-exec-5" daemon [_thread_blocked, id=36620, stack(0x00000028ea300000,0x00000028ea400000)]
  0x000001b0c15b3e00 JavaThread "http-nio-8080-exec-6" daemon [_thread_blocked, id=4948, stack(0x00000028ea400000,0x00000028ea500000)]
  0x000001b0c15b4310 JavaThread "http-nio-8080-exec-7" daemon [_thread_blocked, id=35644, stack(0x00000028ea500000,0x00000028ea600000)]
  0x000001b0c15b1070 JavaThread "http-nio-8080-exec-8" daemon [_thread_blocked, id=14780, stack(0x00000028ea600000,0x00000028ea700000)]
  0x000001b0c15b4820 JavaThread "http-nio-8080-exec-9" daemon [_thread_blocked, id=25584, stack(0x00000028ea700000,0x00000028ea800000)]
  0x000001b0c199b730 JavaThread "http-nio-8080-exec-10" daemon [_thread_blocked, id=33980, stack(0x00000028ea800000,0x00000028ea900000)]
  0x000001b0c19993c0 JavaThread "http-nio-8080-Poller" daemon [_thread_in_native, id=36296, stack(0x00000028ea900000,0x00000028eaa00000)]
  0x000001b0c1999de0 JavaThread "http-nio-8080-Acceptor" daemon [_thread_in_native, id=16828, stack(0x00000028eaa00000,0x00000028eab00000)]
  0x000001b0c199a800 JavaThread "DestroyJavaVM" [_thread_blocked, id=3552, stack(0x00000028e7200000,0x00000028e7300000)]
  0x000001b0fa09a440 JavaThread "C1 CompilerThread1" daemon [_thread_blocked, id=25472, stack(0x00000028e8200000,0x00000028e8300000)]
  0x000001b0fab02a80 JavaThread "C1 CompilerThread2" daemon [_thread_blocked, id=7372, stack(0x00000028e8600000,0x00000028e8700000)]

Other Threads:
  0x000001b0f9fa54c0 VMThread "VM Thread" [stack: 0x00000028e7800000,0x00000028e7900000] [id=16884]
  0x000001b0fa121600 WatcherThread [stack: 0x00000028e8400000,0x00000028e8500000] [id=20008]
  0x000001b0e2dace80 GCTaskThread "GC Thread#0" [stack: 0x00000028e7300000,0x00000028e7400000] [id=10716]
  0x000001b0fa97ca80 GCTaskThread "GC Thread#1" [stack: 0x00000028e8700000,0x00000028e8800000] [id=32644]
  0x000001b0fa9b3590 GCTaskThread "GC Thread#2" [stack: 0x00000028e8800000,0x00000028e8900000] [id=15492]
  0x000001b0fa9b3850 GCTaskThread "GC Thread#3" [stack: 0x00000028e8900000,0x00000028e8a00000] [id=26888]
  0x000001b0fa9b3b10 GCTaskThread "GC Thread#4" [stack: 0x00000028e8a00000,0x00000028e8b00000] [id=12840]
  0x000001b0fab55900 GCTaskThread "GC Thread#5" [stack: 0x00000028e8c00000,0x00000028e8d00000] [id=31944]
  0x000001b0fab55fd0 GCTaskThread "GC Thread#6" [stack: 0x00000028e8d00000,0x00000028e8e00000] [id=22068]
  0x000001b0ff466b00 GCTaskThread "GC Thread#7" [stack: 0x00000028e8b00000,0x00000028e8c00000] [id=35820]
  0x000001b0ff466dc0 GCTaskThread "GC Thread#8" [stack: 0x00000028e9200000,0x00000028e9300000] [id=1328]
  0x000001b0ff467ca0 GCTaskThread "GC Thread#9" [stack: 0x00000028e9300000,0x00000028e9400000] [id=28352]
  0x000001b0ff467f60 GCTaskThread "GC Thread#10" [stack: 0x00000028e9400000,0x00000028e9500000] [id=23444]
  0x000001b0ff469460 GCTaskThread "GC Thread#11" [stack: 0x00000028e9500000,0x00000028e9600000] [id=30476]
  0x000001b0ff469f30 GCTaskThread "GC Thread#12" [stack: 0x00000028e9600000,0x00000028e9700000] [id=19516]
  0x000001b0e2dbe600 ConcurrentGCThread "G1 Main Marker" [stack: 0x00000028e7400000,0x00000028e7500000] [id=25676]
  0x000001b0e2dc3950 ConcurrentGCThread "G1 Conc#0" [stack: 0x00000028e7500000,0x00000028e7600000] [id=30404]
  0x000001b0ff16d050 ConcurrentGCThread "G1 Conc#1" [stack: 0x00000028e9700000,0x00000028e9800000] [id=28232]
  0x000001b0ff16eb60 ConcurrentGCThread "G1 Conc#2" [stack: 0x00000028e9800000,0x00000028e9900000] [id=20488]
  0x000001b0f9e57750 ConcurrentGCThread "G1 Refine#0" [stack: 0x00000028e7600000,0x00000028e7700000] [id=14860]
  0x000001b0f9e57f20 ConcurrentGCThread "G1 Service" [stack: 0x00000028e7700000,0x00000028e7800000] [id=6708]

Threads with active compile tasks:

VM state: not at safepoint (normal execution)

VM Mutex/Monitor currently owned by a thread: None

Heap address: 0x0000000709400000, size: 3948 MB, Compressed Oops mode: Zero based, Oop shift amount: 3

CDS archive(s) mapped at: [0x000001b080000000-0x000001b080bd0000-0x000001b080bd0000), size 12386304, SharedBaseAddress: 0x000001b080000000, ArchiveRelocationMode: 1.
Compressed class space mapped at: 0x000001b081000000-0x000001b0c1000000, reserved size: 1073741824
Narrow klass base: 0x000001b080000000, Narrow klass shift: 0, Narrow klass range: 0x100000000

GC Precious Log:
 CPUs: 16 total, 16 available
 Memory: 15789M
 Large Page Support: Disabled
 NUMA Support: Disabled
 Compressed Oops: Enabled (Zero based)
 Heap Region Size: 2M
 Heap Min Capacity: 8M
 Heap Initial Capacity: 248M
 Heap Max Capacity: 3948M
 Pre-touch: Disabled
 Parallel Workers: 13
 Concurrent Workers: 3
 Concurrent Refinement Workers: 13
 Periodic GC: Disabled

Heap:
 garbage-first heap   total 116736K, used 44425K [0x0000000709400000, 0x0000000800000000)
  region size 2048K, 8 young (16384K), 1 survivors (2048K)
 Metaspace       used 64898K, committed 65472K, reserved 1114112K
  class space    used 8926K, committed 9216K, reserved 1048576K

Heap Regions: E=young(eden), S=young(survivor), O=old, HS=humongous(starts), HC=humongous(continues), CS=collection set, F=free, OA=open archive, CA=closed archive, TAMS=top-at-mark-start (previous, next)
|   0|0x0000000709400000, 0x0000000709600000, 0x0000000709600000|100%| O|  |TAMS 0x0000000709600000, 0x0000000709400000| Untracked 
|   1|0x0000000709600000, 0x0000000709800000, 0x0000000709800000|100%| O|  |TAMS 0x0000000709800000, 0x0000000709600000| Untracked 
|   2|0x0000000709800000, 0x0000000709a00000, 0x0000000709a00000|100%| O|  |TAMS 0x0000000709a00000, 0x0000000709800000| Untracked 
|   3|0x0000000709a00000, 0x0000000709c00000, 0x0000000709c00000|100%| O|  |TAMS 0x0000000709b1f800, 0x0000000709a00000| Untracked 
|   4|0x0000000709c00000, 0x0000000709e00000, 0x0000000709e00000|100%| O|  |TAMS 0x0000000709e00000, 0x0000000709c00000| Untracked 
|   5|0x0000000709e00000, 0x000000070a000000, 0x000000070a000000|100%| O|  |TAMS 0x000000070a000000, 0x0000000709e00000| Untracked 
|   6|0x000000070a000000, 0x000000070a200000, 0x000000070a200000|100%| O|  |TAMS 0x000000070a200000, 0x000000070a000000| Untracked 
|   7|0x000000070a200000, 0x000000070a400000, 0x000000070a400000|100%| O|  |TAMS 0x000000070a400000, 0x000000070a200000| Untracked 
|   8|0x000000070a400000, 0x000000070a600000, 0x000000070a600000|100%| O|  |TAMS 0x000000070a600000, 0x000000070a400000| Untracked 
|   9|0x000000070a600000, 0x000000070a800000, 0x000000070a800000|100%| O|  |TAMS 0x000000070a600000, 0x000000070a600000| Untracked 
|  10|0x000000070a800000, 0x000000070aa00000, 0x000000070aa00000|100%| O|  |TAMS 0x000000070a800000, 0x000000070a800000| Untracked 
|  11|0x000000070aa00000, 0x000000070ac00000, 0x000000070ac00000|100%| O|  |TAMS 0x000000070aa00000, 0x000000070aa00000| Untracked 
|  12|0x000000070ac00000, 0x000000070ae00000, 0x000000070ae00000|100%| O|  |TAMS 0x000000070ae00000, 0x000000070ac00000| Complete 
|  13|0x000000070ae00000, 0x000000070b000000, 0x000000070b000000|100%| O|  |TAMS 0x000000070ae00000, 0x000000070ae00000| Untracked 
|  14|0x000000070b000000, 0x000000070b1c5a00, 0x000000070b200000| 88%| O|  |TAMS 0x000000070b000000, 0x000000070b000000| Untracked 
|  15|0x000000070b200000, 0x000000070b200000, 0x000000070b400000|  0%| F|  |TAMS 0x000000070b200000, 0x000000070b200000| Untracked 
|  16|0x000000070b400000, 0x000000070b400000, 0x000000070b600000|  0%| F|  |TAMS 0x000000070b400000, 0x000000070b400000| Untracked 
|  17|0x000000070b600000, 0x000000070b600000, 0x000000070b800000|  0%| F|  |TAMS 0x000000070b600000, 0x000000070b600000| Untracked 
|  18|0x000000070b800000, 0x000000070b800000, 0x000000070ba00000|  0%| F|  |TAMS 0x000000070b800000, 0x000000070b800000| Untracked 
|  19|0x000000070ba00000, 0x000000070ba00000, 0x000000070bc00000|  0%| F|  |TAMS 0x000000070ba00000, 0x000000070ba00000| Untracked 
|  20|0x000000070bc00000, 0x000000070bc00000, 0x000000070be00000|  0%| F|  |TAMS 0x000000070bc00000, 0x000000070bc00000| Untracked 
|  21|0x000000070be00000, 0x000000070be00000, 0x000000070c000000|  0%| F|  |TAMS 0x000000070be00000, 0x000000070be00000| Untracked 
|  22|0x000000070c000000, 0x000000070c000000, 0x000000070c200000|  0%| F|  |TAMS 0x000000070c000000, 0x000000070c000000| Untracked 
|  23|0x000000070c200000, 0x000000070c200000, 0x000000070c400000|  0%| F|  |TAMS 0x000000070c200000, 0x000000070c200000| Untracked 
|  24|0x000000070c400000, 0x000000070c400000, 0x000000070c600000|  0%| F|  |TAMS 0x000000070c400000, 0x000000070c400000| Untracked 
|  25|0x000000070c600000, 0x000000070c600000, 0x000000070c800000|  0%| F|  |TAMS 0x000000070c600000, 0x000000070c600000| Untracked 
|  26|0x000000070c800000, 0x000000070c800000, 0x000000070ca00000|  0%| F|  |TAMS 0x000000070c800000, 0x000000070c800000| Untracked 
|  27|0x000000070ca00000, 0x000000070ca00000, 0x000000070cc00000|  0%| F|  |TAMS 0x000000070ca00000, 0x000000070ca00000| Untracked 
|  28|0x000000070cc00000, 0x000000070cc00000, 0x000000070ce00000|  0%| F|  |TAMS 0x000000070cc00000, 0x000000070cc00000| Untracked 
|  29|0x000000070ce00000, 0x000000070ce00000, 0x000000070d000000|  0%| F|  |TAMS 0x000000070ce00000, 0x000000070ce00000| Untracked 
|  30|0x000000070d000000, 0x000000070d000000, 0x000000070d200000|  0%| F|  |TAMS 0x000000070d000000, 0x000000070d000000| Untracked 
|  31|0x000000070d200000, 0x000000070d200000, 0x000000070d400000|  0%| F|  |TAMS 0x000000070d200000, 0x000000070d200000| Untracked 
|  32|0x000000070d400000, 0x000000070d400000, 0x000000070d600000|  0%| F|  |TAMS 0x000000070d400000, 0x000000070d400000| Untracked 
|  33|0x000000070d600000, 0x000000070d600000, 0x000000070d800000|  0%| F|  |TAMS 0x000000070d600000, 0x000000070d600000| Untracked 
|  34|0x000000070d800000, 0x000000070d800000, 0x000000070da00000|  0%| F|  |TAMS 0x000000070d800000, 0x000000070d800000| Untracked 
|  35|0x000000070da00000, 0x000000070da00000, 0x000000070dc00000|  0%| F|  |TAMS 0x000000070da00000, 0x000000070da00000| Untracked 
|  36|0x000000070dc00000, 0x000000070dc00000, 0x000000070de00000|  0%| F|  |TAMS 0x000000070dc00000, 0x000000070dc00000| Untracked 
|  37|0x000000070de00000, 0x000000070de00000, 0x000000070e000000|  0%| F|  |TAMS 0x000000070de00000, 0x000000070de00000| Untracked 
|  38|0x000000070e000000, 0x000000070e000000, 0x000000070e200000|  0%| F|  |TAMS 0x000000070e000000, 0x000000070e000000| Untracked 
|  39|0x000000070e200000, 0x000000070e200000, 0x000000070e400000|  0%| F|  |TAMS 0x000000070e200000, 0x000000070e200000| Untracked 
|  40|0x000000070e400000, 0x000000070e400000, 0x000000070e600000|  0%| F|  |TAMS 0x000000070e400000, 0x000000070e400000| Untracked 
|  41|0x000000070e600000, 0x000000070e600000, 0x000000070e800000|  0%| F|  |TAMS 0x000000070e600000, 0x000000070e600000| Untracked 
|  42|0x000000070e800000, 0x000000070e800000, 0x000000070ea00000|  0%| F|  |TAMS 0x000000070e800000, 0x000000070e800000| Untracked 
|  43|0x000000070ea00000, 0x000000070ea00000, 0x000000070ec00000|  0%| F|  |TAMS 0x000000070ea00000, 0x000000070ea00000| Untracked 
|  44|0x000000070ec00000, 0x000000070ec00000, 0x000000070ee00000|  0%| F|  |TAMS 0x000000070ec00000, 0x000000070ec00000| Untracked 
|  45|0x000000070ee00000, 0x000000070ee00000, 0x000000070f000000|  0%| F|  |TAMS 0x000000070ee00000, 0x000000070ee00000| Untracked 
|  46|0x000000070f000000, 0x000000070f000000, 0x000000070f200000|  0%| F|  |TAMS 0x000000070f000000, 0x000000070f000000| Untracked 
|  47|0x000000070f200000, 0x000000070f200000, 0x000000070f400000|  0%| F|  |TAMS 0x000000070f200000, 0x000000070f200000| Untracked 
|  48|0x000000070f400000, 0x000000070f400000, 0x000000070f600000|  0%| F|  |TAMS 0x000000070f400000, 0x000000070f400000| Untracked 
|  49|0x000000070f600000, 0x000000070f7ba9a0, 0x000000070f800000| 86%| E|  |TAMS 0x000000070f600000, 0x000000070f600000| Complete 
|  50|0x000000070f800000, 0x000000070fa00000, 0x000000070fa00000|100%| E|CS|TAMS 0x000000070f800000, 0x000000070f800000| Complete 
|  51|0x000000070fa00000, 0x000000070fc00000, 0x000000070fc00000|100%| E|CS|TAMS 0x000000070fa00000, 0x000000070fa00000| Complete 
|  52|0x000000070fc00000, 0x000000070fe00000, 0x000000070fe00000|100%| E|CS|TAMS 0x000000070fc00000, 0x000000070fc00000| Complete 
|  53|0x000000070fe00000, 0x0000000710000000, 0x0000000710000000|100%| E|CS|TAMS 0x000000070fe00000, 0x000000070fe00000| Complete 
|  54|0x0000000710000000, 0x0000000710200000, 0x0000000710200000|100%| E|CS|TAMS 0x0000000710000000, 0x0000000710000000| Complete 
| 105|0x0000000716600000, 0x000000071679cb80, 0x0000000716800000| 80%| S|CS|TAMS 0x0000000716600000, 0x0000000716600000| Complete 
| 123|0x0000000718a00000, 0x0000000718c00000, 0x0000000718c00000|100%| E|CS|TAMS 0x0000000718a00000, 0x0000000718a00000| Complete 

Card table byte_map: [0x000001b0ee410000,0x000001b0eebd0000] _byte_map_base: 0x000001b0eabc6000

Marking Bits (Prev, Next): (CMBitMap*) 0x000001b0e2dad4e0, (CMBitMap*) 0x000001b0e2dad4a0
 Prev Bits: [0x000001b0f3140000, 0x000001b0f6ef0000)
 Next Bits: [0x000001b0ef390000, 0x000001b0f3140000)

Polling page: 0x000001b0e0c50000

Metaspace:

Usage:
  Non-class:     54.66 MB used.
      Class:      8.72 MB used.
       Both:     63.38 MB used.

Virtual space:
  Non-class space:       64.00 MB reserved,      54.94 MB ( 86%) committed,  1 nodes.
      Class space:        1.00 GB reserved,       9.00 MB ( <1%) committed,  1 nodes.
             Both:        1.06 GB reserved,      63.94 MB (  6%) committed. 

Chunk freelists:
   Non-Class:  9.08 MB
       Class:  7.05 MB
        Both:  16.12 MB

MaxMetaspaceSize: unlimited
CompressedClassSpaceSize: 1.00 GB
Initial GC threshold: 21.00 MB
Current GC threshold: 98.25 MB
CDS: on
MetaspaceReclaimPolicy: balanced
 - commit_granule_bytes: 65536.
 - commit_granule_words: 8192.
 - virtual_space_node_default_size: 8388608.
 - enlarge_chunks_in_place: 1.
 - new_chunks_are_fully_committed: 0.
 - uncommit_free_chunks: 1.
 - use_allocation_guard: 0.
 - handle_deallocations: 1.


Internal statistics:

num_allocs_failed_limit: 9.
num_arena_births: 780.
num_arena_deaths: 0.
num_vsnodes_births: 2.
num_vsnodes_deaths: 0.
num_space_committed: 1023.
num_space_uncommitted: 0.
num_chunks_returned_to_freelist: 9.
num_chunks_taken_from_freelist: 3004.
num_chunk_merges: 9.
num_chunk_splits: 2196.
num_chunks_enlarged: 1722.
num_inconsistent_stats: 0.

CodeCache: size=49152Kb used=11144Kb max_used=13175Kb free=38007Kb
 bounds [0x000001b0ea5e0000, 0x000001b0eb2c0000, 0x000001b0ed5e0000]
 total_blobs=6147 nmethods=5376 adapters=696
 compilation: enabled
              stopped_count=0, restarted_count=0
 full_count=0

Compilation events (20 events):
Event: 15.151 Thread 0x000001b0fab02a80 nmethod 5366 0x000001b0ead3ec10 code [0x000001b0ead3eda0, 0x000001b0ead3ee78]
Event: 15.152 Thread 0x000001b0f9fc5f30 nmethod 5365 0x000001b0ead3ef10 code [0x000001b0ead3f0a0, 0x000001b0ead3f178]
Event: 15.152 Thread 0x000001b0fa09a440 5367       1       sun.security.provider.MD5::implCompress (13 bytes)
Event: 15.152 Thread 0x000001b0f9fc5f30 5368       1       sun.security.provider.MD5::implCompressCheck (27 bytes)
Event: 15.152 Thread 0x000001b0fab02a80 5369       1       sun.security.provider.MD5::implCompress0 (1407 bytes)
Event: 15.152 Thread 0x000001b0f9fc5f30 nmethod 5368 0x000001b0ead3e710 code [0x000001b0ead3e8c0, 0x000001b0ead3ead8]
Event: 15.152 Thread 0x000001b0fa09a440 nmethod 5367 0x000001b0ead3e190 code [0x000001b0ead3e340, 0x000001b0ead3e588]
Event: 15.152 Thread 0x000001b0f9fc5f30 5370       1       java.nio.ByteBuffer::clear (7 bytes)
Event: 15.152 Thread 0x000001b0fa09a440 5371       1       java.nio.Buffer::clear (20 bytes)
Event: 15.152 Thread 0x000001b0fa09a440 nmethod 5371 0x000001b0ead3de90 code [0x000001b0ead3e020, 0x000001b0ead3e0f8]
Event: 15.153 Thread 0x000001b0f9fc5f30 nmethod 5370 0x000001b0ead3db90 code [0x000001b0ead3dd20, 0x000001b0ead3ddf8]
Event: 15.156 Thread 0x000001b0fab02a80 nmethod 5369 0x000001b0ead3ba90 code [0x000001b0ead3bd20, 0x000001b0ead3d098]
Event: 15.162 Thread 0x000001b0f9fc5f30 5372 %     1       com.sun.crypto.provider.CounterMode::implCrypt @ 3 (88 bytes)
Event: 15.162 Thread 0x000001b0f9fc5f30 nmethod 5372% 0x000001b0ead3b290 code [0x000001b0ead3b440, 0x000001b0ead3b808]
Event: 15.163 Thread 0x000001b0fa09a440 5373       1       com.sun.crypto.provider.CounterMode::implCrypt (88 bytes)
Event: 15.163 Thread 0x000001b0fa09a440 nmethod 5373 0x000001b0ead3ac10 code [0x000001b0ead3adc0, 0x000001b0ead3b088]
Event: 15.164 Thread 0x000001b0f9fc5f30 5374       1       sun.nio.cs.DoubleByte$Encoder::encodeChar (21 bytes)
Event: 15.164 Thread 0x000001b0f9fc5f30 nmethod 5374 0x000001b0ead3a810 code [0x000001b0ead3a9a0, 0x000001b0ead3aad8]
Event: 15.168 Thread 0x000001b0f9fc5f30 5375       1       jdk.internal.loader.NativeLibraries$NativeLibraryImpl::find (6 bytes)
Event: 15.168 Thread 0x000001b0f9fc5f30 nmethod 5375 0x000001b0ead3a110 code [0x000001b0ead3a2a0, 0x000001b0ead3a388]

GC Heap History (20 events):
Event: 1.053 GC heap before
{Heap before GC invocations=1 (full 0):
 garbage-first heap   total 253952K, used 28776K [0x0000000709400000, 0x0000000800000000)
  region size 2048K, 12 young (24576K), 2 survivors (4096K)
 Metaspace       used 7790K, committed 8064K, reserved 1114112K
  class space    used 1108K, committed 1216K, reserved 1048576K
}
Event: 1.057 GC heap after
{Heap after GC invocations=2 (full 0):
 garbage-first heap   total 253952K, used 9646K [0x0000000709400000, 0x0000000800000000)
  region size 2048K, 1 young (2048K), 1 survivors (2048K)
 Metaspace       used 7790K, committed 8064K, reserved 1114112K
  class space    used 1108K, committed 1216K, reserved 1048576K
}
Event: 1.694 GC heap before
{Heap before GC invocations=2 (full 0):
 garbage-first heap   total 253952K, used 66990K [0x0000000709400000, 0x0000000800000000)
  region size 2048K, 29 young (59392K), 1 survivors (2048K)
 Metaspace       used 17577K, committed 17920K, reserved 1114112K
  class space    used 2362K, committed 2496K, reserved 1048576K
}
Event: 1.700 GC heap after
{Heap after GC invocations=3 (full 0):
 garbage-first heap   total 253952K, used 14294K [0x0000000709400000, 0x0000000800000000)
  region size 2048K, 4 young (8192K), 4 survivors (8192K)
 Metaspace       used 17577K, committed 17920K, reserved 1114112K
  class space    used 2362K, committed 2496K, reserved 1048576K
}
Event: 2.209 GC heap before
{Heap before GC invocations=3 (full 0):
 garbage-first heap   total 253952K, used 42966K [0x0000000709400000, 0x0000000800000000)
  region size 2048K, 19 young (38912K), 4 survivors (8192K)
 Metaspace       used 21150K, committed 21504K, reserved 1114112K
  class space    used 2862K, committed 3072K, reserved 1048576K
}
Event: 2.213 GC heap after
{Heap after GC invocations=4 (full 0):
 garbage-first heap   total 253952K, used 15824K [0x0000000709400000, 0x0000000800000000)
  region size 2048K, 4 young (8192K), 4 survivors (8192K)
 Metaspace       used 21150K, committed 21504K, reserved 1114112K
  class space    used 2862K, committed 3072K, reserved 1048576K
}
Event: 2.741 GC heap before
{Heap before GC invocations=5 (full 0):
 garbage-first heap   total 61440K, used 42448K [0x0000000709400000, 0x0000000800000000)
  region size 2048K, 18 young (36864K), 4 survivors (8192K)
 Metaspace       used 25621K, committed 26048K, reserved 1114112K
  class space    used 3500K, committed 3712K, reserved 1048576K
}
Event: 2.749 GC heap after
{Heap after GC invocations=6 (full 0):
 garbage-first heap   total 61440K, used 18067K [0x0000000709400000, 0x0000000800000000)
  region size 2048K, 3 young (6144K), 3 survivors (6144K)
 Metaspace       used 25621K, committed 26048K, reserved 1114112K
  class space    used 3500K, committed 3712K, reserved 1048576K
}
Event: 2.793 GC heap before
{Heap before GC invocations=6 (full 0):
 garbage-first heap   total 61440K, used 20115K [0x0000000709400000, 0x0000000800000000)
  region size 2048K, 4 young (8192K), 3 survivors (6144K)
 Metaspace       used 25994K, committed 26432K, reserved 1114112K
  class space    used 3541K, committed 3776K, reserved 1048576K
}
Event: 2.799 GC heap after
{Heap after GC invocations=7 (full 0):
 garbage-first heap   total 61440K, used 18916K [0x0000000709400000, 0x0000000800000000)
  region size 2048K, 1 young (2048K), 1 survivors (2048K)
 Metaspace       used 25994K, committed 26432K, reserved 1114112K
  class space    used 3541K, committed 3776K, reserved 1048576K
}
Event: 3.150 GC heap before
{Heap before GC invocations=7 (full 0):
 garbage-first heap   total 61440K, used 41444K [0x0000000709400000, 0x0000000800000000)
  region size 2048K, 12 young (24576K), 1 survivors (2048K)
 Metaspace       used 30579K, committed 30976K, reserved 1114112K
  class space    used 4112K, committed 4288K, reserved 1048576K
}
Event: 3.153 GC heap after
{Heap after GC invocations=8 (full 0):
 garbage-first heap   total 61440K, used 19682K [0x0000000709400000, 0x0000000800000000)
  region size 2048K, 1 young (2048K), 1 survivors (2048K)
 Metaspace       used 30579K, committed 30976K, reserved 1114112K
  class space    used 4112K, committed 4288K, reserved 1048576K
}
Event: 3.579 GC heap before
{Heap before GC invocations=8 (full 0):
 garbage-first heap   total 61440K, used 40162K [0x0000000709400000, 0x0000000800000000)
  region size 2048K, 12 young (24576K), 1 survivors (2048K)
 Metaspace       used 35492K, committed 35968K, reserved 1114112K
  class space    used 4794K, committed 5056K, reserved 1048576K
}
Event: 3.582 GC heap after
{Heap after GC invocations=9 (full 0):
 garbage-first heap   total 61440K, used 20488K [0x0000000709400000, 0x0000000800000000)
  region size 2048K, 2 young (4096K), 2 survivors (4096K)
 Metaspace       used 35492K, committed 35968K, reserved 1114112K
  class space    used 4794K, committed 5056K, reserved 1048576K
}
Event: 3.969 GC heap before
{Heap before GC invocations=10 (full 0):
 garbage-first heap   total 61440K, used 43016K [0x0000000709400000, 0x0000000800000000)
  region size 2048K, 13 young (26624K), 2 survivors (4096K)
 Metaspace       used 39717K, committed 40192K, reserved 1114112K
  class space    used 5524K, committed 5760K, reserved 1048576K
}
Event: 3.972 GC heap after
{Heap after GC invocations=11 (full 0):
 garbage-first heap   total 157696K, used 21572K [0x0000000709400000, 0x0000000800000000)
  region size 2048K, 1 young (2048K), 1 survivors (2048K)
 Metaspace       used 39717K, committed 40192K, reserved 1114112K
  class space    used 5524K, committed 5760K, reserved 1048576K
}
Event: 11.229 GC heap before
{Heap before GC invocations=11 (full 0):
 garbage-first heap   total 157696K, used 113732K [0x0000000709400000, 0x0000000800000000)
  region size 2048K, 46 young (94208K), 1 survivors (2048K)
 Metaspace       used 58008K, committed 58560K, reserved 1114112K
  class space    used 8040K, committed 8320K, reserved 1048576K
}
Event: 11.236 GC heap after
{Heap after GC invocations=12 (full 0):
 garbage-first heap   total 157696K, used 30666K [0x0000000709400000, 0x0000000800000000)
  region size 2048K, 6 young (12288K), 6 survivors (12288K)
 Metaspace       used 58008K, committed 58560K, reserved 1114112K
  class space    used 8040K, committed 8320K, reserved 1048576K
}
Event: 11.373 GC heap before
{Heap before GC invocations=12 (full 0):
 garbage-first heap   total 157696K, used 36810K [0x0000000709400000, 0x0000000800000000)
  region size 2048K, 10 young (20480K), 6 survivors (12288K)
 Metaspace       used 59702K, committed 60160K, reserved 1114112K
  class space    used 8223K, committed 8448K, reserved 1048576K
}
Event: 11.378 GC heap after
{Heap after GC invocations=13 (full 0):
 garbage-first heap   total 157696K, used 32137K [0x0000000709400000, 0x0000000800000000)
  region size 2048K, 1 young (2048K), 1 survivors (2048K)
 Metaspace       used 59702K, committed 60160K, reserved 1114112K
  class space    used 8223K, committed 8448K, reserved 1048576K
}

Deoptimization events (6 events):
Event: 3.194 Thread 0x000001b0e2d451b0 DEOPT PACKING pc=0x000001b0ead99789 sp=0x00000028e72fd3d0
Event: 3.194 Thread 0x000001b0e2d451b0 DEOPT UNPACKING pc=0x000001b0ea632b43 sp=0x00000028e72fc860 mode 3
Event: 3.194 Thread 0x000001b0ff985020 DEOPT PACKING pc=0x000001b0ead93c1f sp=0x00000028e9cff240
Event: 3.194 Thread 0x000001b0ff985020 DEOPT UNPACKING pc=0x000001b0ea632b43 sp=0x00000028e9cfe698 mode 3
Event: 4.840 Thread 0x000001b0e2d451b0 DEOPT PACKING pc=0x000001b0eade08d2 sp=0x00000028e72faae0
Event: 4.840 Thread 0x000001b0e2d451b0 DEOPT UNPACKING pc=0x000001b0ea632b43 sp=0x00000028e72f9fe8 mode 3

Classes unloaded (0 events):
No events

Classes redefined (0 events):
No events

Internal exceptions (20 events):
Event: 5.237 Thread 0x000001b0e2d451b0 Exception <a 'sun/nio/fs/WindowsException'{0x000000070fbf9e48}> (0x000000070fbf9e48) 
thrown [s\open\src\hotspot\share\prims\jni.cpp, line 516]
Event: 5.245 Thread 0x000001b0e2d451b0 Exception <a 'sun/nio/fs/WindowsException'{0x000000070fbfcdb0}> (0x000000070fbfcdb0) 
thrown [s\open\src\hotspot\share\prims\jni.cpp, line 516]
Event: 5.252 Thread 0x000001b0e2d451b0 Exception <a 'sun/nio/fs/WindowsException'{0x000000070fbffbf0}> (0x000000070fbffbf0) 
thrown [s\open\src\hotspot\share\prims\jni.cpp, line 516]
Event: 5.256 Thread 0x000001b0e2d451b0 Exception <a 'sun/nio/fs/WindowsException'{0x000000070f802b30}> (0x000000070f802b30) 
thrown [s\open\src\hotspot\share\prims\jni.cpp, line 516]
Event: 5.261 Thread 0x000001b0e2d451b0 Exception <a 'sun/nio/fs/WindowsException'{0x000000070f805960}> (0x000000070f805960) 
thrown [s\open\src\hotspot\share\prims\jni.cpp, line 516]
Event: 5.307 Thread 0x000001b0e2d451b0 Exception <a 'sun/nio/fs/WindowsException'{0x000000070f808798}> (0x000000070f808798) 
thrown [s\open\src\hotspot\share\prims\jni.cpp, line 516]
Event: 5.386 Thread 0x000001b0e2d451b0 Exception <a 'sun/nio/fs/WindowsException'{0x000000070f80b5c8}> (0x000000070f80b5c8) 
thrown [s\open\src\hotspot\share\prims\jni.cpp, line 516]
Event: 5.742 Thread 0x000001b0e2d451b0 Exception <a 'sun/nio/fs/WindowsException'{0x000000070eab9f30}> (0x000000070eab9f30) 
thrown [s\open\src\hotspot\share\prims\jni.cpp, line 516]
Event: 5.802 Thread 0x000001b0e2d451b0 Exception <a 'java/lang/IncompatibleClassChangeError'{0x000000070e98af60}: Found class java.lang.Object, but interface was expected> (0x000000070e98af60) 
thrown [s\open\src\hotspot\share\interpreter\linkResolver.cpp, line 826]
Event: 5.849 Thread 0x000001b0e2d451b0 Exception <a 'java/lang/NoSuchMethodError'{0x000000070e789ea8}: 'void java.lang.invoke.DirectMethodHandle$Holder.invokeVirtual(java.lang.Object, java.lang.Object, long)'> (0x000000070e789ea8) 
thrown [s\open\src\hotspot\share\interpreter\linkResolver.cpp, line 759]
Event: 5.928 Thread 0x000001b0e2d451b0 Exception <a 'java/lang/IncompatibleClassChangeError'{0x000000070e3e6bc0}: Found class java.lang.Object, but interface was expected> (0x000000070e3e6bc0) 
thrown [s\open\src\hotspot\share\interpreter\linkResolver.cpp, line 826]
Event: 5.982 Thread 0x000001b0e2d451b0 Exception <a 'java/lang/NoSuchMethodError'{0x000000070dc3d348}: 'java.lang.Object java.lang.invoke.DirectMethodHandle$Holder.invokeSpecial(java.lang.Object, java.lang.Object, java.lang.Object, java.lang.Object, java.lang.Object, java.lang.Object, java.lang.Object, java.lang.Object, java.lang.Object, java.lang.Object, java.lang.Object)'> (0x000000070dc3d348) 
thrown [s\open\src\hotspot\share\interpreter\linkResolver.cpp, line 759]
Event: 5.982 Thread 0x000001b0e2d451b0 Exception <a 'java/lang/NoSuchMethodError'{0x000000070dc41b18}: 'java.lang.Object java.lang.invoke.Invokers$Holder.invoke_MT(java.lang.Object, java.lang.Object, java.lang.Object, java.lang.Object, java.lang.Object, java.lang.Object, java.lang.Object, java.lang.Object, java.lang.Object, java.lang.Object, java.lang.Object)'> (0x000000070dc41b18) 
thrown [s\open\src\hotspot\share\interpreter\linkResolver.cpp, line 759]
Event: 6.028 Thread 0x000001b0e2d451b0 Exception <a 'java/lang/NoSuchMethodError'{0x000000070dae3088}: 'java.lang.Object java.lang.invoke.DirectMethodHandle$Holder.newInvokeSpecial(java.lang.Object, java.lang.Object, int, java.lang.Object, java.lang.Object)'> (0x000000070dae3088) 
thrown [s\open\src\hotspot\share\interpreter\linkResolver.cpp, line 759]
Event: 11.221 Thread 0x000001b0c15b38f0 Exception <a 'java/lang/NoSuchMethodError'{0x000000070d5937b8}: 'java.lang.Object java.lang.invoke.DirectMethodHandle$Holder.invokeSpecial(java.lang.Object, java.lang.Object, java.lang.Object, java.lang.Object, java.lang.Object, long)'> (0x000000070d5937b8) 
thrown [s\open\src\hotspot\share\interpreter\linkResolver.cpp, line 759]
Event: 11.221 Thread 0x000001b0c15b38f0 Exception <a 'java/lang/NoSuchMethodError'{0x000000070d5971f8}: 'java.lang.Object java.lang.invoke.Invokers$Holder.linkToTargetMethod(java.lang.Object, java.lang.Object, java.lang.Object, long, java.lang.Object)'> (0x000000070d5971f8) 
thrown [s\open\src\hotspot\share\interpreter\linkResolver.cpp, line 759]
Event: 15.080 Thread 0x000001b0c15b1a90 Exception <a 'sun/nio/fs/WindowsException'{0x000000070f6ee550}> (0x000000070f6ee550) 
thrown [s\open\src\hotspot\share\prims\jni.cpp, line 516]
Event: 15.167 Thread 0x000001b0c15b1a90 Exception <a 'sun/nio/fs/WindowsException'{0x000000070f7a6268}> (0x000000070f7a6268) 
thrown [s\open\src\hotspot\share\prims\jni.cpp, line 516]
Event: 15.168 Thread 0x000001b0c15b1a90 Exception <a 'sun/nio/fs/WindowsException'{0x000000070f7a7718}> (0x000000070f7a7718) 
thrown [s\open\src\hotspot\share\prims\jni.cpp, line 516]
Event: 15.168 Thread 0x000001b0c15b1a90 Exception <a 'sun/nio/fs/WindowsException'{0x000000070f7a7a18}> (0x000000070f7a7a18) 
thrown [s\open\src\hotspot\share\prims\jni.cpp, line 516]

VM Operations (20 events):
Event: 11.363 Executing VM operation: HandshakeAllThreads
Event: 11.363 Executing VM operation: HandshakeAllThreads done
Event: 11.373 Executing VM operation: CollectForMetadataAllocation
Event: 11.378 Executing VM operation: CollectForMetadataAllocation done
Event: 11.388 Executing VM operation: G1Concurrent
Event: 11.390 Executing VM operation: G1Concurrent done
Event: 11.395 Executing VM operation: G1Concurrent
Event: 11.395 Executing VM operation: G1Concurrent done
Event: 11.426 Executing VM operation: HandshakeAllThreads
Event: 11.426 Executing VM operation: HandshakeAllThreads done
Event: 11.426 Executing VM operation: HandshakeAllThreads
Event: 11.426 Executing VM operation: HandshakeAllThreads done
Event: 11.723 Executing VM operation: HandshakeAllThreads
Event: 11.723 Executing VM operation: HandshakeAllThreads done
Event: 12.725 Executing VM operation: Cleanup
Event: 12.725 Executing VM operation: Cleanup done
Event: 15.045 Executing VM operation: HandshakeAllThreads
Event: 15.045 Executing VM operation: HandshakeAllThreads done
Event: 15.045 Executing VM operation: Cleanup
Event: 15.045 Executing VM operation: Cleanup done

Events (20 events):
Event: 11.733 loading class java/util/OptionalDouble done
Event: 11.738 loading class java/util/AbstractMap$SimpleEntry
Event: 11.738 loading class java/util/AbstractMap$SimpleEntry done
Event: 11.751 loading class java/util/stream/LongStream
Event: 11.751 loading class java/util/stream/LongStream done
Event: 11.751 loading class java/util/stream/DoubleStream
Event: 11.752 loading class java/util/stream/DoubleStream done
Event: 15.034 Thread 0x000001b0c1723aa0 Thread exited: 0x000001b0c1723aa0
Event: 15.050 loading class java/util/BitSet$1BitSetSpliterator
Event: 15.050 loading class java/util/BitSet$1BitSetSpliterator done
Event: 15.050 loading class java/util/stream/IntPipeline$1
Event: 15.050 loading class java/util/stream/IntPipeline$1 done
Event: 15.051 loading class java/util/stream/IntPipeline$1$1
Event: 15.051 loading class java/util/stream/IntPipeline$1$1 done
Event: 15.080 loading class java/nio/file/FileAlreadyExistsException
Event: 15.080 loading class java/nio/file/FileAlreadyExistsException done
Event: 15.148 loading class sun/security/provider/MD5
Event: 15.148 loading class sun/security/provider/MD5 done
Event: 15.151 loading class sun/security/provider/ByteArrayAccess$LE
Event: 15.151 loading class sun/security/provider/ByteArrayAccess$LE done


Dynamic libraries:
0x00007ff7223f0000 - 0x00007ff722400000 	C:\Program Files\Java\jdk-17\bin\java.exe
0x00007ff9c0460000 - 0x00007ff9c06c0000 	C:\WINDOWS\SYSTEM32\ntdll.dll
0x00007ff9bea10000 - 0x00007ff9bead7000 	C:\WINDOWS\System32\KERNEL32.DLL
0x00007ff9bdab0000 - 0x00007ff9bde7a000 	C:\WINDOWS\System32\KERNELBASE.dll
0x00007ff9bd670000 - 0x00007ff9bd7bb000 	C:\WINDOWS\System32\ucrtbase.dll
0x00007ff97e820000 - 0x00007ff97e839000 	C:\Program Files\Java\jdk-17\bin\jli.dll
0x00007ff97e800000 - 0x00007ff97e81b000 	C:\Program Files\Java\jdk-17\bin\VCRUNTIME140.dll
0x00007ff9be3c0000 - 0x00007ff9be472000 	C:\WINDOWS\System32\ADVAPI32.dll
0x00007ff9be310000 - 0x00007ff9be3b9000 	C:\WINDOWS\System32\msvcrt.dll
0x00007ff9be260000 - 0x00007ff9be306000 	C:\WINDOWS\System32\sechost.dll
0x00007ff9bee30000 - 0x00007ff9bef46000 	C:\WINDOWS\System32\RPCRT4.dll
0x00007ff9be840000 - 0x00007ff9bea0c000 	C:\WINDOWS\System32\USER32.dll
0x00007ff9bd640000 - 0x00007ff9bd667000 	C:\WINDOWS\System32\win32u.dll
0x00007ff9bed20000 - 0x00007ff9bed4a000 	C:\WINDOWS\System32\GDI32.dll
0x00007ff9ac050000 - 0x00007ff9ac2e7000 	C:\WINDOWS\WinSxS\amd64_microsoft.windows.common-controls_6595b64144ccf1df_6.0.26100.3624_none_3e086962e3345f24\COMCTL32.dll
0x00007ff9be120000 - 0x00007ff9be251000 	C:\WINDOWS\System32\gdi32full.dll
0x00007ff9bd7c0000 - 0x00007ff9bd863000 	C:\WINDOWS\System32\msvcp_win.dll
0x00007ff9b4cc0000 - 0x00007ff9b4ccb000 	C:\WINDOWS\SYSTEM32\VERSION.dll
0x00007ff9bfbf0000 - 0x00007ff9bfc1f000 	C:\WINDOWS\System32\IMM32.DLL
0x00007ff99a5b0000 - 0x00007ff99a5bc000 	C:\Program Files\Java\jdk-17\bin\vcruntime140_1.dll
0x00007ff946b50000 - 0x00007ff946bde000 	C:\Program Files\Java\jdk-17\bin\msvcp140.dll
0x00007ff910d80000 - 0x00007ff91195f000 	C:\Program Files\Java\jdk-17\bin\server\jvm.dll
0x00007ff9bed10000 - 0x00007ff9bed18000 	C:\WINDOWS\System32\PSAPI.DLL
0x00007ff9a6220000 - 0x00007ff9a622a000 	C:\WINDOWS\SYSTEM32\WSOCK32.dll
0x00007ff9beae0000 - 0x00007ff9beb54000 	C:\WINDOWS\System32\WS2_32.dll
0x00007ff9bac30000 - 0x00007ff9bac66000 	C:\WINDOWS\SYSTEM32\WINMM.dll
0x00007ff9bc570000 - 0x00007ff9bc58a000 	C:\WINDOWS\SYSTEM32\kernel.appcore.dll
0x00007ff97e7f0000 - 0x00007ff97e7fa000 	C:\Program Files\Java\jdk-17\bin\jimage.dll
0x00007ff9ba9e0000 - 0x00007ff9bac21000 	C:\WINDOWS\SYSTEM32\DBGHELP.DLL
0x00007ff9be480000 - 0x00007ff9be802000 	C:\WINDOWS\System32\combase.dll
0x00007ff9bf1f0000 - 0x00007ff9bf2c6000 	C:\WINDOWS\System32\OLEAUT32.dll
0x00007ff9ba9a0000 - 0x00007ff9ba9d9000 	C:\WINDOWS\SYSTEM32\dbgcore.DLL
0x00007ff9bde80000 - 0x00007ff9bdf19000 	C:\WINDOWS\System32\bcryptPrimitives.dll
0x00007ff973170000 - 0x00007ff973195000 	C:\Program Files\Java\jdk-17\bin\java.dll
0x00007ff92b6c0000 - 0x00007ff92b797000 	C:\Program Files\Java\jdk-17\bin\jsvml.dll
0x00007ff9bf440000 - 0x00007ff9bfb69000 	C:\WINDOWS\System32\SHELL32.dll
0x00007ff9bdf20000 - 0x00007ff9be088000 	C:\WINDOWS\System32\wintypes.dll
0x00007ff9bb2f0000 - 0x00007ff9bbb42000 	C:\WINDOWS\SYSTEM32\windows.storage.dll
0x00007ff9bec20000 - 0x00007ff9bed0d000 	C:\WINDOWS\System32\SHCORE.dll
0x00007ff9bf180000 - 0x00007ff9bf1e4000 	C:\WINDOWS\System32\shlwapi.dll
0x00007ff9bd550000 - 0x00007ff9bd57f000 	C:\WINDOWS\SYSTEM32\profapi.dll
0x00007ff973150000 - 0x00007ff973169000 	C:\Program Files\Java\jdk-17\bin\net.dll
0x00007ff9b5d80000 - 0x00007ff9b5e9d000 	C:\WINDOWS\SYSTEM32\WINHTTP.dll
0x00007ff9bca90000 - 0x00007ff9bcafa000 	C:\WINDOWS\system32\mswsock.dll
0x00007ff970440000 - 0x00007ff970456000 	C:\Program Files\Java\jdk-17\bin\nio.dll
0x00007ff950070000 - 0x00007ff950088000 	C:\Program Files\Java\jdk-17\bin\zip.dll
0x00007ff970af0000 - 0x00007ff970afe000 	C:\Program Files\Java\jdk-17\bin\sunmscapi.dll
0x00007ff9bd930000 - 0x00007ff9bdaa7000 	C:\WINDOWS\System32\CRYPT32.dll
0x00007ff9bcf30000 - 0x00007ff9bcf60000 	C:\WINDOWS\SYSTEM32\ncrypt.dll
0x00007ff9bcee0000 - 0x00007ff9bcf1f000 	C:\WINDOWS\SYSTEM32\NTASN1.dll
0x00007ff9bcd30000 - 0x00007ff9bcd4c000 	C:\WINDOWS\SYSTEM32\CRYPTSP.dll
0x00007ff9bc4d0000 - 0x00007ff9bc50a000 	C:\WINDOWS\system32\rsaenh.dll
0x00007ff9bcb30000 - 0x00007ff9bcb5b000 	C:\WINDOWS\SYSTEM32\USERENV.dll
0x00007ff9bd520000 - 0x00007ff9bd546000 	C:\WINDOWS\SYSTEM32\bcrypt.dll
0x00007ff9bcd50000 - 0x00007ff9bcd5c000 	C:\WINDOWS\SYSTEM32\CRYPTBASE.dll
0x00007ff9bbec0000 - 0x00007ff9bbef3000 	C:\WINDOWS\SYSTEM32\IPHLPAPI.DLL
0x00007ff9bf430000 - 0x00007ff9bf43a000 	C:\WINDOWS\System32\NSI.dll
0x00007ff9b5d10000 - 0x00007ff9b5d2f000 	C:\WINDOWS\SYSTEM32\dhcpcsvc6.DLL
0x00007ff9b5c20000 - 0x00007ff9b5c45000 	C:\WINDOWS\SYSTEM32\dhcpcsvc.DLL
0x00007ff9bbfb0000 - 0x00007ff9bc0d5000 	C:\WINDOWS\SYSTEM32\DNSAPI.dll
0x00007ff974720000 - 0x00007ff97472a000 	C:\Program Files\Java\jdk-17\bin\management.dll
0x00007ff974590000 - 0x00007ff97459b000 	C:\Program Files\Java\jdk-17\bin\management_ext.dll
0x00007ff974d90000 - 0x00007ff974da0000 	C:\Program Files\Java\jdk-17\bin\verify.dll
0x00007ff9ae4f0000 - 0x00007ff9ae509000 	C:\Users\idjjh\AppData\Local\Temp\gdal_native\zlib.dll
0x00007ff9ab9a0000 - 0x00007ff9aba52000 	C:\Users\idjjh\AppData\Local\Temp\gdal_native\zstd.dll
0x00007ff950350000 - 0x00007ff95044f000 	C:\Users\idjjh\AppData\Local\Temp\gdal_native\iconv-2.dll
0x00007ff9ab970000 - 0x00007ff9ab99b000 	C:\Users\idjjh\AppData\Local\Temp\gdal_native\libexpat.dll
0x00007ff946420000 - 0x00007ff946583000 	C:\Users\idjjh\AppData\Local\Temp\gdal_native\libxml2.dll
0x00007ff946170000 - 0x00007ff94641c000 	C:\Users\idjjh\AppData\Local\Temp\gdal_native\xerces-c_3_2.dll
0x00007ff9a3700000 - 0x00007ff9a3720000 	C:\Users\idjjh\AppData\Local\Temp\gdal_native\pcre.dll
0x00007ff931c80000 - 0x00007ff932164000 	C:\Users\idjjh\AppData\Local\Temp\gdal_native\libcrypto-3-x64.dll
0x00007ff946030000 - 0x00007ff94616a000 	C:\Users\idjjh\AppData\Local\Temp\gdal_native\libssl-3-x64.dll
0x00007ff94aa90000 - 0x00007ff94ab24000 	C:\Users\idjjh\AppData\Local\Temp\gdal_native\libcurl.dll
0x00007ff9bed50000 - 0x00007ff9bedc4000 	C:\WINDOWS\System32\WLDAP32.dll
0x00007ff930e70000 - 0x00007ff931130000 	C:\Users\idjjh\AppData\Local\Temp\gdal_native\sqlite3.dll
0x00007ff92be30000 - 0x00007ff92c4d1000 	C:\Users\idjjh\AppData\Local\Temp\gdal_native\libmysql.dll
0x00007ff9ba180000 - 0x00007ff9ba18d000 	C:\WINDOWS\SYSTEM32\Secur32.dll
0x00007ff9bc810000 - 0x00007ff9bc858000 	C:\WINDOWS\SYSTEM32\SSPICLI.DLL
0x0000000180000000 - 0x000000018004e000 	C:\Users\idjjh\AppData\Local\Temp\gdal_native\libpq.dll
0x00007ff945710000 - 0x00007ff9458e8000 	C:\Users\idjjh\AppData\Local\Temp\gdal_native\geos.dll
0x00007ff977ab0000 - 0x00007ff977b0c000 	C:\Users\idjjh\AppData\Local\Temp\gdal_native\geos_c.dll
0x00007ff945ee0000 - 0x00007ff94602c000 	C:\Users\idjjh\AppData\Local\Temp\gdal_native\tiff.dll
0x00007ff92baf0000 - 0x00007ff92be30000 	C:\Users\idjjh\AppData\Local\Temp\gdal_native\proj_9.dll
0x00007ff9bef50000 - 0x00007ff9bf0e6000 	C:\WINDOWS\System32\ole32.dll
0x00007ff9502f0000 - 0x00007ff950341000 	C:\Users\idjjh\AppData\Local\Temp\gdal_native\openjp2.dll
0x00007ff94c670000 - 0x00007ff94c6a5000 	C:\Users\idjjh\AppData\Local\Temp\gdal_native\libpng16.dll
0x00007ff9a36d0000 - 0x00007ff9a36fa000 	C:\Users\idjjh\AppData\Local\Temp\gdal_native\freexl.dll
0x00007ff99c3a0000 - 0x00007ff99c3c3000 	C:\Users\idjjh\AppData\Local\Temp\gdal_native\ogdi.dll
0x00007ff923fc0000 - 0x00007ff924cb5000 	C:\Users\idjjh\AppData\Local\Temp\gdal_native\spatialite.dll
0x00007ff915b20000 - 0x00007ff916f6a000 	C:\Users\idjjh\AppData\Local\Temp\gdal_native\gdal.dll
0x00007ff9b1520000 - 0x00007ff9b15e4000 	C:\WINDOWS\SYSTEM32\ODBC32.dll
0x00007ff9bd330000 - 0x00007ff9bd33a000 	C:\WINDOWS\SYSTEM32\DPAPI.DLL
0x00007ff946770000 - 0x00007ff946818000 	C:\Users\idjjh\AppData\Local\Temp\gdal_native\gdalalljni.dll
0x00007ff994aa0000 - 0x00007ff994aa8000 	C:\WINDOWS\system32\wshunix.dll
0x00007ff9a9570000 - 0x00007ff9a957b000 	C:\Windows\System32\rasadhlp.dll
0x00007ff9b4e90000 - 0x00007ff9b4f15000 	C:\WINDOWS\System32\fwpuclnt.dll

dbghelp: loaded successfully - version: 4.0.5 - missing functions: none
symbol engine: initialized successfully - sym options: 0x614 - pdb path: .;C:\Program Files\Java\jdk-17\bin;C:\WINDOWS\SYSTEM32;C:\WINDOWS\WinSxS\amd64_microsoft.windows.common-controls_6595b64144ccf1df_6.0.26100.3624_none_3e086962e3345f24;C:\Program Files\Java\jdk-17\bin\server;C:\Users\idjjh\AppData\Local\Temp\gdal_native

VM Arguments:
jvm_args: -Djava.library.path=C:\JANG\sia_task\sia-task-dev\task/src/main/resource/nativelib/window -XX:TieredStopAtLevel=1 -Dfile.encoding=x-windows-949 -Duser.country=KR -Duser.language=ko -Duser.variant 
java_command: com.sia.task.TaskApplication
java_class_path (initial): C:\JANG\sia_task\sia-task-dev\task\build\classes\java\main;C:\JANG\sia_task\sia-task-dev\task\build\resources\main;C:\Users\idjjh\.gradle\caches\modules-2\files-2.1\org.springframework.cloud\spring-cloud-starter-aws\2.2.6.RELEASE\9d7c330b3f4aa477df2db27dd875a0e63a49456\spring-cloud-starter-aws-2.2.6.RELEASE.jar;C:\Users\idjjh\.gradle\caches\modules-2\files-2.1\io.github.cdimascio\java-dotenv\5.2.2\f77d54ff193ed4b07415ab8d7b3d0550716aa8c\java-dotenv-5.2.2.jar;C:\Users\idjjh\.gradle\caches\modules-2\files-2.1\commons-fileupload\commons-fileupload\1.5\ad4ad2ab2961b4e1891472bd1a33fabefb0385f3\commons-fileupload-1.5.jar;C:\Users\idjjh\.gradle\caches\modules-2\files-2.1\org.apache.tika\tika-core\2.9.1\bfd572826e7023dd6ceeefe1b4d0f6d3d8eef507\tika-core-2.9.1.jar;C:\Users\idjjh\.gradle\caches\modules-2\files-2.1\commons-io\commons-io\2.14.0\a4c6e1f6c196339473cd2e1b037f0eb97c62755b\commons-io-2.14.0.jar;C:\Users\idjjh\.gradle\caches\modules-2\files-2.1\org.gdal\gdal\3.10.0\d229b54a2136a6a1e6e8321881789a4465e2ec50\gdal-3.10.0.jar;C:\Users\idjjh\.gradle\caches\modules-2\files-2.1\com.h2database\h2\2.3.232\4fcc05d966ccdb2812ae8b9a718f69226c0cf4e2\h2-2.3.232.jar;C:\Users\idjjh\.gradle\caches\modules-2\files-2.1\org.springframework\spring-webmvc\6.2.5\db8f1171041d7091f3de80cffdfb9d6c5fbf3015\spring-webmvc-6.2.5.jar;C:\Users\idjjh\.gradle\caches\modules-2\files-2.1\org.springframework\spring-web\6.2.5\b42d2c0acbe05bad4c849883aa8816c25b6c1d94\spring-web-6.2.5.jar;C:\Users\idjjh\.gradle\caches\modules-2\files-2.1\org.hibernate.orm\hibernate-core\6.6.11.Final\d5330ab0dd5f5cc810086b7fb66cec8b2d2f5213\hibernate-core-6.6.11.Final.jar;C:\Users\idjjh\.gradle\caches\modules-2\files-2.1\org.springframework.data\spring-data-jpa\3.4.4\50f826d0dd60af289321bde6f5eea8fc48131c75\spring-data-jpa-3.4.4.jar;C:\Users\idjjh\.gradle\caches\modules-2\files-2.1\org.springframework\spring-aspects\6.2.5\971b57bb59d4890a3db5f1e20f89effa7df8c149\spring-aspects-6.2.5.jar;C:\Users\
Launcher Type: SUN_STANDARD

[Global flags]
     intx CICompilerCount                          = 12                                        {product} {ergonomic}
     uint ConcGCThreads                            = 3                                         {product} {ergonomic}
     uint G1ConcRefinementThreads                  = 13                                        {product} {ergonomic}
   size_t G1HeapRegionSize                         = 2097152                                   {product} {ergonomic}
    uintx GCDrainStackTargetSize                   = 64                                        {product} {ergonomic}
   size_t InitialHeapSize                          = 260046848                                 {product} {ergonomic}
   size_t MarkStackSize                            = 4194304                                   {product} {ergonomic}
   size_t MaxHeapSize                              = 4139778048                                {product} {ergonomic}
   size_t MaxNewSize                               = 2483027968                                {product} {ergonomic}
   size_t MinHeapDeltaBytes                        = 2097152                                   {product} {ergonomic}
   size_t MinHeapSize                              = 8388608                                   {product} {ergonomic}
    uintx NonProfiledCodeHeapSize                  = 0                                      {pd product} {ergonomic}
     bool ProfileInterpreter                       = false                                  {pd product} {command line}
    uintx ProfiledCodeHeapSize                     = 0                                      {pd product} {ergonomic}
   size_t SoftMaxHeapSize                          = 4139778048                             {manageable} {ergonomic}
     intx TieredStopAtLevel                        = 1                                         {product} {command line}
     bool UseCompressedClassPointers               = true                           {product lp64_product} {ergonomic}
     bool UseCompressedOops                        = true                           {product lp64_product} {ergonomic}
     bool UseG1GC                                  = true                                      {product} {ergonomic}
     bool UseLargePagesIndividualAllocation        = false                                  {pd product} {ergonomic}

Logging:
Log output configuration:
 #0: stdout all=warning uptime,level,tags
 #1: stderr all=off uptime,level,tags

Environment Variables:
JAVA_HOME=C:\Program Files\Java\jdk-17
CLASSPATH=C:\JANG\sia_task\sia-task-dev\task\\gradle\wrapper\gradle-wrapper.jar
PATH=C:\Program Files\Java\jdk-17;C:\Python312\Scripts\;C:\Python312\;C:\oraclexe\app\oracle\product\11.2.0\server\bin;C:\Program Files\Common Files\Oracle\Java\javapath;C:\Windows\system32;C:\Windows;C:\Windows\System32\Wbem;C:\Windows\System32\WindowsPowerShell\v1.0\;C:\Windows\System32\OpenSSH\;C:\Program Files (x86)\NVIDIA Corporation\PhysX\Common;C:\WINDOWS\system32;C:\WINDOWS;C:\WINDOWS\System32\Wbem;C:\WINDOWS\System32\WindowsPowerShell\v1.0\;C:\WINDOWS\System32\OpenSSH\;C:\Program Files\Git\cmd;C:\ProgramData\chocolatey\bin;C:\nodejs;C:\Program Files\NVIDIA Corporation\NVIDIA app\NvDLISR;C:\Program Files\Docker\Docker\resources\bin;C:\Program Files\nodejs\;C:\Users\idjjh\AppData\Local\Programs\Python\Python313\Scripts\;C:\Users\idjjh\AppData\Local\Programs\Python\Python313\;C:\Users\idjjh\AppData\Local\Microsoft\WindowsApps;C:\apache-maven-3.9.9\bin;C:\Users\idjjh\AppData\Roaming\npm;C:\Program Files\Git\bin;C:\Python312\Scripts\;
USERNAME=junhee
LANG=en_US.UTF-8
OS=Windows_NT
PROCESSOR_IDENTIFIER=AMD64 Family 23 Model 96 Stepping 1, AuthenticAMD



---------------  S Y S T E M  ---------------

OS:
 Windows 11 , 64 bit Build 26100 (10.0.26100.3775)
OS uptime: 3 days 8:49 hours
Hyper-V role detected

CPU: total 16 (initial active 16) (16 cores per cpu, 2 threads per core) family 23 model 96 stepping 1 microcode 0x8600104, cx8, cmov, fxsr, ht, mmx, 3dnowpref, sse, sse2, sse3, ssse3, sse4a, sse4.1, sse4.2, popcnt, lzcnt, tsc, tscinvbit, avx, avx2, aes, clmul, bmi1, bmi2, adx, sha, fma, vzeroupper, clflush, clflushopt, hv

Memory: 4k page, system-wide physical 15789M (3840M free)
TotalPageFile size 22189M (AvailPageFile size 4691M)
current process WorkingSet (physical memory assigned to process): 261M, peak: 293M
current process commit charge ("private bytes"): 323M, peak: 386M

vm_info: Java HotSpot(TM) 64-Bit Server VM (17.0.10+11-LTS-240) for windows-amd64 JRE (17.0.10+11-LTS-240), built on Dec 19 2023 21:47:25 by "mach5one" with MS VC++ 17.1 (VS2022)

END.
