#
# A fatal error has been detected by the Java Runtime Environment:
#
#  EXCEPTION_ACCESS_VIOLATION (0xc0000005) at pc=0x00007ffd5c4532a8, pid=35388, tid=2280
#
# JRE version: Java(TM) SE Runtime Environment (17.0.10+11) (build 17.0.10+11-LTS-240)
# Java VM: Java HotSpot(TM) 64-Bit Server VM (17.0.10+11-LTS-240, mixed mode, emulated-client, sharing, tiered, compressed oops, compressed class ptrs, g1 gc, windows-amd64)
# Problematic frame:
# C  [msvcp140.dll+0x132a8]
#
# No core dump will be written. Minidumps are not enabled by default on client versions of Windows
#
# If you would like to submit a bug report, please visit:
#   https://bugreport.java.com/bugreport/crash.jsp
# The crash happened outside the Java Virtual Machine in native code.
# See problematic frame for where to report the bug.
#

---------------  S U M M A R Y ------------

Command Line: -Djava.library.path=C:\JANG\sia_task\sia-task-dev\task/src/main/resource/nativelib/window -XX:TieredStopAtLevel=1 -Dfile.encoding=x-windows-949 -Duser.country=KR -Duser.language=ko -Duser.variant com.sia.task.TaskApplication

Host: AMD Ryzen 9 4900HS with Radeon Graphics         , 16 cores, 15G,  Windows 11 , 64 bit Build 26100 (10.0.26100.3775)
Time: Mon Apr 28 01:30:49 2025  Windows 11 , 64 bit Build 26100 (10.0.26100.3775) elapsed time: 14.672415 seconds (0d 0h 0m 14s)

---------------  T H R E A D  ---------------

Current thread (0x000001b120a91e30):  JavaThread "http-nio-8080-exec-6" daemon [_thread_in_native, id=2280, stack(0x0000000e2f000000,0x0000000e2f100000)]

Stack: [0x0000000e2f000000,0x0000000e2f100000],  sp=0x0000000e2f0fcad0,  free space=1010k
Native frames: (J=compiled Java code, j=interpreted, Vv=VM code, C=native code)
C  [msvcp140.dll+0x132a8]
C  [gdal.dll+0xc2757d]

Java frames: (J=compiled Java code, j=interpreted, Vv=VM code)
j  org.gdal.gdal.gdalJNI.Open__SWIG_1(Ljava/lang/String;)J+0
j  org.gdal.gdal.gdal.Open(Ljava/lang/String;)Lorg/gdal/gdal/Dataset;+1
j  com.sia.task.service.ConvertCOGService.fileConvertCOG(Ljava/util/List;)V+457
j  com.sia.task.service.FileProcessingService.fileProcessing(Ljava/util/List;)V+14
j  com.sia.task.controller.FileProcessingController.fileProcessing(Lcom/sia/task/fileDTO/FileDTO;)Lorg/springframework/http/ResponseEntity;+39
v  ~StubRoutines::call_stub
J 3824  jdk.internal.reflect.NativeMethodAccessorImpl.invoke0(Ljava/lang/reflect/Method;Ljava/lang/Object;[Ljava/lang/Object;)Ljava/lang/Object; java.base@17.0.10 (0 bytes) @ 0x000001b0c9f450a7 [0x000001b0c9f45020+0x0000000000000087]
J 3823 c1 jdk.internal.reflect.NativeMethodAccessorImpl.invoke(Ljava/lang/Object;[Ljava/lang/Object;)Ljava/lang/Object; java.base@17.0.10 (137 bytes) @ 0x000001b0c9f458cc [0x000001b0c9f45580+0x000000000000034c]
J 3812 c1 jdk.internal.reflect.DelegatingMethodAccessorImpl.invoke(Ljava/lang/Object;[Ljava/lang/Object;)Ljava/lang/Object; java.base@17.0.10 (10 bytes) @ 0x000001b0c9f42764 [0x000001b0c9f42720+0x0000000000000044]
J 3814 c1 java.lang.reflect.Method.invoke(Ljava/lang/Object;[Ljava/lang/Object;)Ljava/lang/Object; java.base@17.0.10 (65 bytes) @ 0x000001b0c9f42f6c [0x000001b0c9f42e60+0x000000000000010c]
j  org.springframework.web.method.support.InvocableHandlerMethod.doInvoke([Ljava/lang/Object;)Ljava/lang/Object;+55
j  org.springframework.web.method.support.InvocableHandlerMethod.invokeForRequest(Lorg/springframework/web/context/request/NativeWebRequest;Lorg/springframework/web/method/support/ModelAndViewContainer;[Ljava/lang/Object;)Ljava/lang/Object;+82
j  org.springframework.web.servlet.mvc.method.annotation.ServletInvocableHandlerMethod.invokeAndHandle(Lorg/springframework/web/context/request/ServletWebRequest;Lorg/springframework/web/method/support/ModelAndViewContainer;[Ljava/lang/Object;)V+4
j  org.springframework.web.servlet.mvc.method.annotation.RequestMappingHandlerAdapter.invokeHandlerMethod(Ljakarta/servlet/http/HttpServletRequest;Ljakarta/servlet/http/HttpServletResponse;Lorg/springframework/web/method/HandlerMethod;)Lorg/springframework/web/servlet/ModelAndView;+309
j  org.springframework.web.servlet.mvc.method.annotation.RequestMappingHandlerAdapter.handleInternal(Ljakarta/servlet/http/HttpServletRequest;Ljakarta/servlet/http/HttpServletResponse;Lorg/springframework/web/method/HandlerMethod;)Lorg/springframework/web/servlet/ModelAndView;+81
j  org.springframework.web.servlet.mvc.method.AbstractHandlerMethodAdapter.handle(Ljakarta/servlet/http/HttpServletRequest;Ljakarta/servlet/http/HttpServletResponse;Ljava/lang/Object;)Lorg/springframework/web/servlet/ModelAndView;+7
j  org.springframework.web.servlet.DispatcherServlet.doDispatch(Ljakarta/servlet/http/HttpServletRequest;Ljakarta/servlet/http/HttpServletResponse;)V+304
j  org.springframework.web.servlet.DispatcherServlet.doService(Ljakarta/servlet/http/HttpServletRequest;Ljakarta/servlet/http/HttpServletResponse;)V+242
j  org.springframework.web.servlet.FrameworkServlet.processRequest(Ljakarta/servlet/http/HttpServletRequest;Ljakarta/servlet/http/HttpServletResponse;)V+70
j  org.springframework.web.servlet.FrameworkServlet.doPost(Ljakarta/servlet/http/HttpServletRequest;Ljakarta/servlet/http/HttpServletResponse;)V+3
j  jakarta.servlet.http.HttpServlet.service(Ljakarta/servlet/http/HttpServletRequest;Ljakarta/servlet/http/HttpServletResponse;)V+150
j  org.springframework.web.servlet.FrameworkServlet.service(Ljakarta/servlet/http/HttpServletRequest;Ljakarta/servlet/http/HttpServletResponse;)V+20
j  jakarta.servlet.http.HttpServlet.service(Ljakarta/servlet/ServletRequest;Ljakarta/servlet/ServletResponse;)V+37
j  org.apache.catalina.core.ApplicationFilterChain.internalDoFilter(Ljakarta/servlet/ServletRequest;Ljakarta/servlet/ServletResponse;)V+300
j  org.apache.catalina.core.ApplicationFilterChain.doFilter(Ljakarta/servlet/ServletRequest;Ljakarta/servlet/ServletResponse;)V+99
j  org.apache.tomcat.websocket.server.WsFilter.doFilter(Ljakarta/servlet/ServletRequest;Ljakarta/servlet/ServletResponse;Ljakarta/servlet/FilterChain;)V+21
j  org.apache.catalina.core.ApplicationFilterChain.internalDoFilter(Ljakarta/servlet/ServletRequest;Ljakarta/servlet/ServletResponse;)V+130
j  org.apache.catalina.core.ApplicationFilterChain.doFilter(Ljakarta/servlet/ServletRequest;Ljakarta/servlet/ServletResponse;)V+99
j  org.springframework.web.filter.RequestContextFilter.doFilterInternal(Ljakarta/servlet/http/HttpServletRequest;Ljakarta/servlet/http/HttpServletResponse;Ljakarta/servlet/FilterChain;)V+21
j  org.springframework.web.filter.OncePerRequestFilter.doFilter(Ljakarta/servlet/ServletRequest;Ljakarta/servlet/ServletResponse;Ljakarta/servlet/FilterChain;)V+150
j  org.apache.catalina.core.ApplicationFilterChain.internalDoFilter(Ljakarta/servlet/ServletRequest;Ljakarta/servlet/ServletResponse;)V+130
j  org.apache.catalina.core.ApplicationFilterChain.doFilter(Ljakarta/servlet/ServletRequest;Ljakarta/servlet/ServletResponse;)V+99
j  org.springframework.web.filter.FormContentFilter.doFilterInternal(Ljakarta/servlet/http/HttpServletRequest;Ljakarta/servlet/http/HttpServletResponse;Ljakarta/servlet/FilterChain;)V+38
j  org.springframework.web.filter.OncePerRequestFilter.doFilter(Ljakarta/servlet/ServletRequest;Ljakarta/servlet/ServletResponse;Ljakarta/servlet/FilterChain;)V+150
j  org.apache.catalina.core.ApplicationFilterChain.internalDoFilter(Ljakarta/servlet/ServletRequest;Ljakarta/servlet/ServletResponse;)V+130
j  org.apache.catalina.core.ApplicationFilterChain.doFilter(Ljakarta/servlet/ServletRequest;Ljakarta/servlet/ServletResponse;)V+99
j  org.springframework.web.filter.CharacterEncodingFilter.doFilterInternal(Ljakarta/servlet/http/HttpServletRequest;Ljakarta/servlet/http/HttpServletResponse;Ljakarta/servlet/FilterChain;)V+53
j  org.springframework.web.filter.OncePerRequestFilter.doFilter(Ljakarta/servlet/ServletRequest;Ljakarta/servlet/ServletResponse;Ljakarta/servlet/FilterChain;)V+150
j  org.apache.catalina.core.ApplicationFilterChain.internalDoFilter(Ljakarta/servlet/ServletRequest;Ljakarta/servlet/ServletResponse;)V+130
j  org.apache.catalina.core.ApplicationFilterChain.doFilter(Ljakarta/servlet/ServletRequest;Ljakarta/servlet/ServletResponse;)V+99
j  org.apache.catalina.core.StandardWrapperValve.invoke(Lorg/apache/catalina/connector/Request;Lorg/apache/catalina/connector/Response;)V+511
j  org.apache.catalina.core.StandardContextValve.invoke(Lorg/apache/catalina/connector/Request;Lorg/apache/catalina/connector/Response;)V+169
j  org.apache.catalina.authenticator.AuthenticatorBase.invoke(Lorg/apache/catalina/connector/Request;Lorg/apache/catalina/connector/Response;)V+221
j  org.apache.catalina.core.StandardHostValve.invoke(Lorg/apache/catalina/connector/Request;Lorg/apache/catalina/connector/Response;)V+131
j  org.apache.catalina.valves.ErrorReportValve.invoke(Lorg/apache/catalina/connector/Request;Lorg/apache/catalina/connector/Response;)V+6
j  org.apache.catalina.core.StandardEngineValve.invoke(Lorg/apache/catalina/connector/Request;Lorg/apache/catalina/connector/Response;)V+59
j  org.apache.catalina.connector.CoyoteAdapter.service(Lorg/apache/coyote/Request;Lorg/apache/coyote/Response;)V+188
j  org.apache.coyote.http11.Http11Processor.service(Lorg/apache/tomcat/util/net/SocketWrapperBase;)Lorg/apache/tomcat/util/net/AbstractEndpoint$Handler$SocketState;+796
j  org.apache.coyote.AbstractProcessorLight.process(Lorg/apache/tomcat/util/net/SocketWrapperBase;Lorg/apache/tomcat/util/net/SocketEvent;)Lorg/apache/tomcat/util/net/AbstractEndpoint$Handler$SocketState;+155
j  org.apache.coyote.AbstractProtocol$ConnectionHandler.process(Lorg/apache/tomcat/util/net/SocketWrapperBase;Lorg/apache/tomcat/util/net/SocketEvent;)Lorg/apache/tomcat/util/net/AbstractEndpoint$Handler$SocketState;+477
j  org.apache.tomcat.util.net.NioEndpoint$SocketProcessor.doRun()V+222
j  org.apache.tomcat.util.net.SocketProcessorBase.run()V+32
j  org.apache.tomcat.util.threads.ThreadPoolExecutor.runWorker(Lorg/apache/tomcat/util/threads/ThreadPoolExecutor$Worker;)V+92
j  org.apache.tomcat.util.threads.ThreadPoolExecutor$Worker.run()V+5
j  org.apache.tomcat.util.threads.TaskThread$WrappingRunnable.run()V+4
j  java.lang.Thread.run()V+11 java.base@17.0.10
v  ~StubRoutines::call_stub

siginfo: EXCEPTION_ACCESS_VIOLATION (0xc0000005), reading address 0x0000000000000000


Registers:
RAX=0x0000000000000000, RBX=0x000001b11fc72000, RCX=0x00007ffcb70f86f8, RDX=0x0000000000000000
RSP=0x0000000e2f0fcad0, RBP=0x0000000e2f0fcd00, RSI=0x00007ffcb70f86f0, RDI=0x0000000000004000
R8 =0x0000000000000009, R9 =0x0000000000000040, R10=0xfefefefefefefeff, R11=0x8080808080808080
R12=0x0000000e2f0fcdb0, R13=0x0000000000000000, R14=0x0000000000000000, R15=0x00007ffcb70f8738
RIP=0x00007ffd5c4532a8, EFLAGS=0x0000000000010286


Register to memory mapping:

RIP=0x00007ffd5c4532a8 msvcp140.dll
RAX=0x0 is NULL
RBX=0x000001b11fc72000 points into unknown readable memory: 0x73726573555c3a43 | 43 3a 5c 55 73 65 72 73
RCX=0x00007ffcb70f86f8 gdal.dll
RDX=0x0 is NULL
RSP=0x0000000e2f0fcad0 is pointing into the stack for thread: 0x000001b120a91e30
RBP=0x0000000e2f0fcd00 is pointing into the stack for thread: 0x000001b120a91e30
RSI=0x00007ffcb70f86f0 gdal.dll
RDI=0x0000000000004000 is an unknown value
R8 =0x0000000000000009 is an unknown value
R9 =0x0000000000000040 is an unknown value
R10=0xfefefefefefefeff is an unknown value
R11=0x8080808080808080 is an unknown value
R12=0x0000000e2f0fcdb0 is pointing into the stack for thread: 0x000001b120a91e30
R13=0x0 is NULL
R14=0x0 is NULL
R15=0x00007ffcb70f8738 gdal.dll


Top of Stack: (sp=0x0000000e2f0fcad0)
0x0000000e2f0fcad0:   0000000000000002 0000000000000000
0x0000000e2f0fcae0:   0000000000000000 0000000000000000
0x0000000e2f0fcaf0:   0000000000000000 0000000000000000
0x0000000e2f0fcb00:   00008c14b1409508 000001b11fc71ba0
0x0000000e2f0fcb10:   0000000000000042 000001b11fc71ba0
0x0000000e2f0fcb20:   0000000000004000 00007ffcb69a757d
0x0000000e2f0fcb30:   000001b0c0110000 000000000000003a
0x0000000e2f0fcb40:   000001b11fc72000 ffffffffffffffff
0x0000000e2f0fcb50:   00007ffcb70f86f0 00007ffcb5d9c93e
0x0000000e2f0fcb60:   000000000000003a 000001b120a91e30
0x0000000e2f0fcb70:   000001b0da453e48 0000f9ef9da660a4
0x0000000e2f0fcb80:   0000000000000042 000001b11fc71ba0
0x0000000e2f0fcb90:   0000000000000000 0000000000000000
0x0000000e2f0fcba0:   0000000000004000 ffffffffffffffff
0x0000000e2f0fcbb0:   0000000e2f0fcd00 00007ffcb69a6d8d
0x0000000e2f0fcbc0:   0000000e2f0fcd70 0000000e2f0fd050 

Instructions: (pc=0x00007ffd5c4532a8)
0x00007ffd5c4531a8:   48 89 01 48 83 c1 08 48 83 c4 28 48 ff 25 26 30
0x00007ffd5c4531b8:   04 00 48 8d 05 37 70 04 00 45 33 c0 48 89 01 ba
0x00007ffd5c4531c8:   a0 0f 00 00 48 83 c1 08 48 83 c4 28 48 ff 25 ed
0x00007ffd5c4531d8:   2f 04 00 cc cc cc cc cc 48 83 c1 08 48 ff 25 cd
0x00007ffd5c4531e8:   2f 04 00 cc cc cc cc cc 48 83 c1 08 48 ff 25 dd
0x00007ffd5c4531f8:   2f 04 00 cc cc cc cc cc 48 83 c1 08 48 ff 25 45
0x00007ffd5c453208:   2e 04 00 cc 48 89 5c 24 18 48 89 74 24 20 57 41
0x00007ffd5c453218:   56 41 57 48 83 ec 40 48 8b 05 0a 11 07 00 48 33
0x00007ffd5c453228:   c4 48 89 44 24 30 8b 01 4c 8b f2 0f ba f0 08 48
0x00007ffd5c453238:   8b f1 83 f8 01 75 4a ff 15 b3 2f 04 00 39 46 48
0x00007ffd5c453248:   74 19 48 8d 4e 08 48 8b 01 48 8b 00 ff 15 6e 34
0x00007ffd5c453258:   04 00 ff 15 98 2f 04 00 89 46 48 ff 46 4c 33 c0
0x00007ffd5c453268:   48 8b 4c 24 30 48 33 cc e8 cb fd 03 00 48 8b 5c
0x00007ffd5c453278:   24 70 48 8b 74 24 78 48 83 c4 40 41 5f 41 5e 5f
0x00007ffd5c453288:   c3 4d 85 f6 75 28 4c 8d 79 48 ff 15 60 2f 04 00
0x00007ffd5c453298:   41 39 07 0f 84 ad 00 00 00 48 8d 4e 08 48 8b 01
0x00007ffd5c4532a8:   48 8b 00 ff 15 17 34 04 00 e9 98 00 00 00 48 83
0x00007ffd5c4532b8:   3a 00 7c 6e 75 06 83 7a 08 00 7e 66 ba 01 00 00
0x00007ffd5c4532c8:   00 48 8d 4c 24 20 e8 2d 09 00 00 48 8b 44 24 20
0x00007ffd5c4532d8:   49 3b 06 7c 14 0f 85 b3 00 00 00 41 8b 46 08 39
0x00007ffd5c4532e8:   44 24 28 0f 8d a5 00 00 00 4c 8d 7e 48 ff 15 fd
0x00007ffd5c4532f8:   2e 04 00 41 39 07 74 4e 48 8b 46 08 48 8d 54 24
0x00007ffd5c453308:   20 49 8b ce 48 8b 58 10 e8 db 07 00 00 8b d0 48
0x00007ffd5c453318:   8d 4e 08 48 8b c3 ff 15 a4 33 04 00 84 c0 74 9c
0x00007ffd5c453328:   eb 24 4c 8d 79 48 ff 15 c4 2e 04 00 41 39 07 74
0x00007ffd5c453338:   15 48 8d 4e 08 48 8b 01 48 8b 40 08 ff 15 7e 33
0x00007ffd5c453348:   04 00 84 c0 74 48 8b 4e 4c 33 db bf 02 01 00 00
0x00007ffd5c453358:   8d 41 01 89 46 4c 83 f8 01 7e 0f f7 06 00 01 00
0x00007ffd5c453368:   00 75 10 89 4e 4c 8b df eb 09 ff 15 80 2e 04 00
0x00007ffd5c453378:   41 89 07 85 db 0f 84 e3 fe ff ff 3b df 74 0a b8
0x00007ffd5c453388:   04 00 00 00 e9 d7 fe ff ff 4d 85 f6 74 20 49 83
0x00007ffd5c453398:   3e 00 75 10 41 8b 46 08 f7 d8 1b c0 83 c0 03 e9 


Stack slot to memory mapping:
stack at sp + 0 slots: 0x0000000000000002 is an unknown value
stack at sp + 1 slots: 0x0 is NULL
stack at sp + 2 slots: 0x0 is NULL
stack at sp + 3 slots: 0x0 is NULL
stack at sp + 4 slots: 0x0 is NULL
stack at sp + 5 slots: 0x0 is NULL
stack at sp + 6 slots: 0x00008c14b1409508 is an unknown value
stack at sp + 7 slots: 0x000001b11fc71ba0 points into unknown readable memory: 0x73726573555c3a43 | 43 3a 5c 55 73 65 72 73


Compiled method (n/a)   14740 3824     n 0       jdk.internal.reflect.NativeMethodAccessorImpl::invoke0 (native)
 total in heap  [0x000001b0c9f44e90,0x000001b0c9f45330] = 1184
 relocation     [0x000001b0c9f44fe8,0x000001b0c9f45020] = 56
 main code      [0x000001b0c9f45020,0x000001b0c9f45330] = 784

[Constant Pool (empty)]

[MachCode]
[Entry Point]
  # {method} {0x000001b0da1c4290} 'invoke0' '(Ljava/lang/reflect/Method;Ljava/lang/Object;[Ljava/lang/Object;)Ljava/lang/Object;' in 'jdk/internal/reflect/NativeMethodAccessorImpl'
  # parm0:    rdx:rdx   = 'java/lang/reflect/Method'
  # parm1:    r8:r8     = 'java/lang/Object'
  # parm2:    r9:r9     = '[Ljava/lang/Object;'
  #           [sp+0x80]  (sp of caller)
  0x000001b0c9f45020: 448b 5208 | 49bb 0000 | 00da b001 | 0000 4d03 | d349 3bc2 | 0f84 0600 

  0x000001b0c9f45038: ;   {runtime_call ic_miss_stub}
  0x000001b0c9f45038: 0000 e941 | 7a61 ff90 
[Verified Entry Point]
  0x000001b0c9f45040: 8984 2400 | 90ff ff55 | 488b ec48 | 83ec 704c | 894c 2438 | 4983 f900 | 488d 4424 | 3848 0f44 
  0x000001b0c9f45060: 4424 3848 | 8944 2420 | 4c89 4424 | 3049 83f8 | 004c 8d4c | 2430 4c0f | 444c 2430 | 4889 5424 
  0x000001b0c9f45080: 2848 83fa | 004c 8d44 | 2428 4c0f | 4444 2428 

  0x000001b0c9f45090: ;   {oop(a 'java/lang/Class'{0x0000000709750a90} = 'jdk/internal/reflect/NativeMethodAccessorImpl')}
  0x000001b0c9f45090: 49be 900a | 7509 0700 | 0000 4c89 | 7424 584c | 8d74 2458 | 498b d6c5 

  0x000001b0c9f450a8: ;   {internal_word}
  0x000001b0c9f450a8: f877 49ba | a750 f4c9 | b001 0000 | 4d89 9798 | 0200 0049 | 89a7 9002 

  0x000001b0c9f450c0: ;   {external_word}
  0x000001b0c9f450c0: 0000 49ba | e380 a7d5 | fc7f 0000 | 4180 3a00 | 0f84 5200 | 0000 5241 

  0x000001b0c9f450d8: ;   {metadata({method} {0x000001b0da1c4290} 'invoke0' '(Ljava/lang/reflect/Method;Ljava/lang/Object;[Ljava/lang/Object;)Ljava/lang/Object;' in 'jdk/internal/reflect/NativeMethodAccessorImpl')}
  0x000001b0c9f450d8: 5041 5148 | ba88 421c | dab0 0100 | 0049 8bcf | 4883 ec20 | f7c4 0f00 | 0000 0f84 | 1a00 0000 
  0x000001b0c9f450f8: 4883 ec08 

  0x000001b0c9f450fc: ;   {runtime_call}
  0x000001b0c9f450fc: 49ba 00d6 | 64d5 fc7f | 0000 41ff | d248 83c4 | 08e9 0d00 

  0x000001b0c9f45110: ;   {runtime_call}
  0x000001b0c9f45110: 0000 49ba | 00d6 64d5 | fc7f 0000 | 41ff d248 | 83c4 2041 | 5941 585a | 498d 8fb0 | 0200 0041 
  0x000001b0c9f45130: c787 4003 | 0000 0400 

  0x000001b0c9f45138: ;   {runtime_call}
  0x000001b0c9f45138: 0000 49ba | a43e 385c | fd7f 0000 | 41ff d2c5 | f877 41c7 | 8740 0300 | 0005 0000 | 00f0 8344 
  0x000001b0c9f45158: 24c0 0049 | 3baf 4803 | 0000 0f87 | 1100 0000 | 4181 bf30 | 0300 0000 | 0000 000f | 842c 0000 
  0x000001b0c9f45178: 00c5 f877 | 4889 45f8 | 498b cf4c | 8be4 4883 | ec20 4883 

  0x000001b0c9f4518c: ;   {runtime_call}
  0x000001b0c9f4518c: e4f0 49ba | 408d 6fd5 | fc7f 0000 | 41ff d249 | 8be4 4d33 | e448 8b45 | f841 c787 | 4003 0000 
  0x000001b0c9f451ac: 0800 0000 | 4181 bfb0 | 0300 0002 | 0000 000f | 843f 0100 

  0x000001b0c9f451c0: ;   {external_word}
  0x000001b0c9f451c0: 0049 bae3 | 80a7 d5fc | 7f00 0041 | 803a 000f | 8450 0000 | 0048 8945 

  0x000001b0c9f451d8: ;   {metadata({method} {0x000001b0da1c4290} 'invoke0' '(Ljava/lang/reflect/Method;Ljava/lang/Object;[Ljava/lang/Object;)Ljava/lang/Object;' in 'jdk/internal/reflect/NativeMethodAccessorImpl')}
  0x000001b0c9f451d8: f848 ba88 | 421c dab0 | 0100 0049 | 8bcf 4883 | ec20 f7c4 | 0f00 0000 | 0f84 1a00 | 0000 4883 
  0x000001b0c9f451f8: ;   {runtime_call}
  0x000001b0c9f451f8: ec08 49ba | 00d6 64d5 | fc7f 0000 | 41ff d248 | 83c4 08e9 | 0d00 0000 

  0x000001b0c9f45210: ;   {runtime_call}
  0x000001b0c9f45210: 49ba 00d6 | 64d5 fc7f | 0000 41ff | d248 83c4 | 2048 8b45 | f849 c787 | 9002 0000 | 0000 0000 
  0x000001b0c9f45230: 49c7 8798 | 0200 0000 | 0000 00c5 | f877 4885 | c00f 8493 | 0000 0048 | f7c0 0100 | 0000 0f84 
  0x000001b0c9f45250: 8300 0000 | 488b 40ff | 4180 7f38 | 000f 846f | 0000 0048 | 83f8 000f | 8465 0000 | 0049 8b4f 
  0x000001b0c9f45270: 2048 83f9 | 000f 8414 | 0000 0048 | 83e9 0849 | 894f 2049 | 034f 3048 | 8901 e943 | 0000 0050 
  0x000001b0c9f45290: 498b d748 | 8bc8 4883 | ec20 f7c4 | 0f00 0000 | 0f84 1a00 | 0000 4883 

  0x000001b0c9f452a8: ;   {runtime_call}
  0x000001b0c9f452a8: ec08 49ba | 3009 24d5 | fc7f 0000 | 41ff d248 | 83c4 08e9 | 0d00 0000 

  0x000001b0c9f452c0: ;   {runtime_call}
  0x000001b0c9f452c0: 49ba 3009 | 24d5 fc7f | 0000 41ff | d248 83c4 | 2058 e903 | 0000 0048 | 8b00 498b | 8fd8 0000 
  0x000001b0c9f452e0: 00c7 8100 | 0100 0000 | 0000 00c9 | 4981 7f08 | 0000 0000 | 0f85 0100 

  0x000001b0c9f452f8: ;   {runtime_call StubRoutines (1)}
  0x000001b0c9f452f8: 0000 c3e9 | 00bc 5cff | c5f8 7748 | 8945 f84c | 8be4 4883 | ec20 4883 

  0x000001b0c9f45310: ;   {runtime_call}
  0x000001b0c9f45310: e4f0 49ba | a006 65d5 | fc7f 0000 | 41ff d249 | 8be4 4d33 | e448 8b45 | f8e9 93fe | ffff f4f4 
[/MachCode]


Compiled method (c1)   14759 3823   !   1       jdk.internal.reflect.NativeMethodAccessorImpl::invoke (137 bytes)
 total in heap  [0x000001b0c9f45390,0x000001b0c9f45dd0] = 2624
 relocation     [0x000001b0c9f454e8,0x000001b0c9f45570] = 136
 main code      [0x000001b0c9f45580,0x000001b0c9f459e0] = 1120
 stub code      [0x000001b0c9f459e0,0x000001b0c9f45a68] = 136
 metadata       [0x000001b0c9f45a68,0x000001b0c9f45a88] = 32
 scopes data    [0x000001b0c9f45a88,0x000001b0c9f45b48] = 192
 scopes pcs     [0x000001b0c9f45b48,0x000001b0c9f45c68] = 288
 dependencies   [0x000001b0c9f45c68,0x000001b0c9f45c70] = 8
 handler table  [0x000001b0c9f45c70,0x000001b0c9f45d90] = 288
 nul chk table  [0x000001b0c9f45d90,0x000001b0c9f45dd0] = 64

[Constant Pool (empty)]

[MachCode]
[Entry Point]
  # {method} {0x000001b0da1c3d68} 'invoke' '(Ljava/lang/Object;[Ljava/lang/Object;)Ljava/lang/Object;' in 'jdk/internal/reflect/NativeMethodAccessorImpl'
  # this:     rdx:rdx   = 'jdk/internal/reflect/NativeMethodAccessorImpl'
  # parm0:    r8:r8     = 'java/lang/Object'
  # parm1:    r9:r9     = '[Ljava/lang/Object;'
  #           [sp+0xd0]  (sp of caller)
  0x000001b0c9f45580: 448b 5208 | 49bb 0000 | 00da b001 | 0000 4d03 | d34c 3bd0 

  0x000001b0c9f45594: ;   {runtime_call ic_miss_stub}
  0x000001b0c9f45594: 0f85 e674 | 61ff 660f | 1f44 0000 
[Verified Entry Point]
  0x000001b0c9f455a0: 8984 2400 | 90ff ff55 | 4881 ecc0 | 0000 0048 | 8954 2470 | 8b72 0cff | c689 720c 

  0x000001b0c9f455bc: ;   {oop(a 'java/lang/Class'{0x00000007097e0f60} = 'jdk/internal/reflect/ReflectionFactory')}
  0x000001b0c9f455bc: 48bf 600f | 7e09 0700 | 0000 8b7f | 783b f70f | 8f08 0000 | 0048 8bf2 | e9e2 0200 | 004c 898c 
  0x000001b0c9f455dc: 2480 0000 | 004c 8944 | 2478 8b72 | 1448 c1e6 | 038b 7624 | 48c1 e603 

  0x000001b0c9f455f4: ; implicit exception: dispatches to 0x000001b0c9f4591a
  0x000001b0c9f455f4: 483b 0648 | 8bd6 0f1f 

  0x000001b0c9f455fc: ;   {optimized virtual_call}
  0x000001b0c9f455fc: 4400 00e8 

  0x000001b0c9f45600: ; ImmutableOopMap {[112]=Oop [128]=Oop [120]=Oop }
                      ;*invokevirtual isHidden {reexecute=0 rethrow=0 return_oop=0}
                      ; - jdk.internal.reflect.NativeMethodAccessorImpl::invoke@24 (line 57)
  0x000001b0c9f45600: 3c3d 9bff | 83f8 000f | 8417 0000 | 004c 8b8c | 2480 0000 | 004c 8b44 | 2478 488b | 7424 70e9 
  0x000001b0c9f45620: 9702 0000 | 488b 5424 | 708b 4210 | 83f8 000f | 8415 0000 | 004c 8b8c | 2480 0000 | 004c 8b44 
  0x000001b0c9f45640: 2478 488b | f2e9 7102 | 0000 488d | 7210 b800 | 0000 00bf | 0100 0000 | f00f b13e | be01 0000 
  0x000001b0c9f45660: 000f 8405 | 0000 00be | 0000 0000 | 83fe 000f | 8515 0000 | 004c 8b8c | 2480 0000 | 004c 8b44 
  0x000001b0c9f45680: 2478 488b | f2e9 3102 | 0000 488b 

  0x000001b0c9f4568c: ;   {metadata('jdk/internal/reflect/MethodAccessorGenerator')}
  0x000001b0c9f4568c: da48 ba68 | 360f dbb0 | 0100 0049 | 8b87 0801 | 0000 488d | b890 0000 | 0049 3bbf | 1801 0000 
  0x000001b0c9f456ac: 0f87 6d02 | 0000 4989 | bf08 0100 | 0048 c700 | 0100 0000 | 488b ca49 | ba00 0000 | dab0 0100 
  0x000001b0c9f456cc: 0049 2bca | 8948 0848 | 33c9 8948 | 0c48 33c9 | 48bf 1000 | 0000 0000 | 0000 4889 | 4cf8 0848 
  0x000001b0c9f456ec: ffcf 75f6 | ba1e 0000 | 0066 8950 | 6aba 4900 | 0000 6689 | 506c 8b53 | 1448 c1e2 | 038b 7224 
  0x000001b0c9f4570c: 48c1 e603 | 8b7a 2848 | c1e7 038b | 5230 48c1 | e203 4889 | 8424 9800 | 0000 4889 | bc24 9000 
  0x000001b0c9f4572c: 0000 4889 | b424 8800 | 0000 0f1f | 8000 0000 | 0048 b878 | 1c00 dab0 

  0x000001b0c9f45744: ;   {virtual_call}
  0x000001b0c9f45744: 0100 00e8 

  0x000001b0c9f45748: ; ImmutableOopMap {[128]=Oop [120]=Oop [152]=Oop [112]=Oop [144]=Oop [136]=Oop }
                      ;*invokevirtual clone {reexecute=0 rethrow=0 return_oop=0}
                      ; - java.lang.reflect.Method::getParameterTypes@4 (line 314)
                      ; - jdk.internal.reflect.NativeMethodAccessorImpl::invoke@77 (line 65)
  0x000001b0c9f45748: d4a1 8aff | 4883 f800 | 0f84 2900 

  0x000001b0c9f45754: ;   {metadata('java/lang/Class'[])}
  0x000001b0c9f45754: 0000 48bb | 781c 00da | b001 0000 | 8b78 0849 | ba00 0000 | dab0 0100 | 0049 03fa | 483b 5f40 
  0x000001b0c9f45774: 0f85 b701 | 0000 e900 | 0000 0048 | 8bf0 488b | 5424 708b | 7a14 48c1 | e703 8b5f | 2c48 c1e3 
  0x000001b0c9f45794: 038b 7f34 | 48c1 e703 | 488b d748 | 899c 24a8 | 0000 0048 | 89b4 24a0 | 0000 0066 | 0f1f 4400 
  0x000001b0c9f457b4: 0048 b878 | 1c00 dab0 

  0x000001b0c9f457bc: ;   {virtual_call}
  0x000001b0c9f457bc: 0100 00e8 

  0x000001b0c9f457c0: ; ImmutableOopMap {[128]=Oop [120]=Oop [152]=Oop [144]=Oop [136]=Oop [112]=Oop [168]=Oop [160]=Oop }
                      ;*invokevirtual clone {reexecute=0 rethrow=0 return_oop=0}
                      ; - java.lang.reflect.Method::getExceptionTypes@4 (line 341)
                      ; - jdk.internal.reflect.NativeMethodAccessorImpl::invoke@91 (line 67)
  0x000001b0c9f457c0: 5ca1 8aff | 4883 f800 | 0f84 2a00 

  0x000001b0c9f457cc: ;   {metadata('java/lang/Class'[])}
  0x000001b0c9f457cc: 0000 48bf | 781c 00da | b001 0000 | 448b 4808 | 49ba 0000 | 00da b001 | 0000 4d03 | ca49 3b79 
  0x000001b0c9f457ec: 400f 854c | 0100 00e9 | 0000 0000 | 488b c848 | 8b54 2470 | 448b 4214 | 49c1 e003 

  0x000001b0c9f45808: ; implicit exception: dispatches to 0x000001b0c9f45948
  0x000001b0c9f45808: 418b 5820 | 4c8b 8424 | 8800 0000 | 4c8b 8c24 | 9000 0000 | 488b bc24 | a000 0000 | 488b b424 
  0x000001b0c9f45828: a800 0000 | 891c 2448 | 8b94 2498 

  0x000001b0c9f45834: ;   {optimized virtual_call}
  0x000001b0c9f45834: 0000 00e8 

  0x000001b0c9f45838: ; ImmutableOopMap {[128]=Oop [120]=Oop [112]=Oop }
                      ;*invokevirtual generateMethod {reexecute=0 rethrow=0 return_oop=0}
                      ; - jdk.internal.reflect.NativeMethodAccessorImpl::invoke@101 (line 63)
  0x000001b0c9f45838: d901 0000 | 4883 f800 | 0f84 2a00 

  0x000001b0c9f45844: ;   {metadata('jdk/internal/reflect/MethodAccessorImpl')}
  0x000001b0c9f45844: 0000 48be | d0ae 00da | b001 0000 | 448b 4808 | 49ba 0000 | 00da b001 | 0000 4d03 | ca49 3b71 
  0x000001b0c9f45864: 400f 85e2 | 0000 00e9 | 0000 0000 | 488b d048 | 8b74 2470 | 448b 4618 | 49c1 e003 | 450f be4f 
  0x000001b0c9f45884: 3841 83f9 | 000f 85c7 | 0000 004c | 8bd2 49c1 | ea03 4589 | 500c 4d8b | c84c 33ca | 49c1 e915 
  0x000001b0c9f458a4: 4983 f900 | 0f85 cd00 | 0000 4c8b | 8c24 8000 | 0000 4c8b | 4424 788b | 5614 48c1 | e203 0f1f 
  0x000001b0c9f458c4: ;   {static_call}
  0x000001b0c9f458c4: 4400 00e8 

  0x000001b0c9f458c8: ; ImmutableOopMap {}
                      ;*invokestatic invoke0 {reexecute=0 rethrow=0 return_oop=0}
                      ; - jdk.internal.reflect.NativeMethodAccessorImpl::invoke@133 (line 77)
  0x000001b0c9f458c8: 74f7 ffff | 4881 c4c0 | 0000 005d 

  0x000001b0c9f458d4: ;   {poll_return}
  0x000001b0c9f458d4: 493b a748 | 0300 000f | 87b2 0000 | 00c3 488b | 7424 7049 | 8b87 d803 | 0000 4d33 | d24d 8997 
  0x000001b0c9f458f4: d803 0000 | 4d33 d24d | 8997 e003 | 0000 bf00 | 0000 0089 | 7e10 f083 | 4424 c000 | e9b8 0000 
  0x000001b0c9f45914: ;   {runtime_call throw_null_pointer_exception Runtime1 stub}
  0x000001b0c9f45914: 00e8 06ef 

  0x000001b0c9f45918: ; ImmutableOopMap {rdx=Oop [112]=Oop [128]=Oop [120]=Oop }
                      ;*invokevirtual getDeclaringClass {reexecute=0 rethrow=0 return_oop=0}
                      ; - jdk.internal.reflect.NativeMethodAccessorImpl::invoke@21 (line 57)
                      ;   {runtime_call throw_null_pointer_exception Runtime1 stub}
  0x000001b0c9f45918: 6bff e801 

  0x000001b0c9f4591c: ; ImmutableOopMap {rdx=Oop [112]=Oop [128]=Oop [120]=Oop rsi=Oop }
                      ;*invokevirtual isHidden {reexecute=0 rethrow=0 return_oop=0}
                      ; - jdk.internal.reflect.NativeMethodAccessorImpl::invoke@24 (line 57)
  0x000001b0c9f4591c: ef6b ff48 

  0x000001b0c9f45920: ;   {runtime_call fast_new_instance Runtime1 stub}
  0x000001b0c9f45920: 8bd2 e8d9 

  0x000001b0c9f45924: ; ImmutableOopMap {[128]=Oop [120]=Oop rbx=Oop [112]=Oop }
                      ;*new {reexecute=0 rethrow=0 return_oop=0}
                      ; - jdk.internal.reflect.NativeMethodAccessorImpl::invoke@52 (line 61)
  0x000001b0c9f45924: f76b ffe9 | c4fd ffff 

  0x000001b0c9f4592c: ;   {runtime_call throw_null_pointer_exception Runtime1 stub}
  0x000001b0c9f4592c: e8ef ee6b 

  0x000001b0c9f45930: ; ImmutableOopMap {[128]=Oop [120]=Oop rbx=Oop [112]=Oop rax=Oop rdx=Oop }
                      ;*invokevirtual getDeclaringClass {reexecute=0 rethrow=0 return_oop=0}
                      ; - jdk.internal.reflect.NativeMethodAccessorImpl::invoke@63 (line 63)
  0x000001b0c9f45930: ff48 8904 

  0x000001b0c9f45934: ;   {runtime_call throw_class_cast_exception Runtime1 stub}
  0x000001b0c9f45934: 24e8 e612 

  0x000001b0c9f45938: ; ImmutableOopMap {[128]=Oop [120]=Oop [152]=Oop [112]=Oop [144]=Oop [136]=Oop }
                      ;*checkcast {reexecute=0 rethrow=0 return_oop=0}
                      ; - java.lang.reflect.Method::getParameterTypes@7 (line 314)
                      ; - jdk.internal.reflect.NativeMethodAccessorImpl::invoke@77 (line 65)
                      ;   {runtime_call throw_null_pointer_exception Runtime1 stub}
  0x000001b0c9f45938: 6cff e8e1 

  0x000001b0c9f4593c: ; ImmutableOopMap {[128]=Oop [120]=Oop [152]=Oop [144]=Oop [136]=Oop rsi=Oop rdx=Oop [112]=Oop rdi=Oop }
                      ;*invokevirtual getReturnType {reexecute=0 rethrow=0 return_oop=0}
                      ; - jdk.internal.reflect.NativeMethodAccessorImpl::invoke@84 (line 66)
  0x000001b0c9f4593c: ee6b ff48 

  0x000001b0c9f45940: ;   {runtime_call throw_class_cast_exception Runtime1 stub}
  0x000001b0c9f45940: 8904 24e8 

  0x000001b0c9f45944: ; ImmutableOopMap {[128]=Oop [120]=Oop [152]=Oop [144]=Oop [136]=Oop [112]=Oop [168]=Oop [160]=Oop }
                      ;*checkcast {reexecute=0 rethrow=0 return_oop=0}
                      ; - java.lang.reflect.Method::getExceptionTypes@7 (line 341)
                      ; - jdk.internal.reflect.NativeMethodAccessorImpl::invoke@91 (line 67)
  0x000001b0c9f45944: d812 6cff 

  0x000001b0c9f45948: ;   {runtime_call throw_null_pointer_exception Runtime1 stub}
  0x000001b0c9f45948: e8d3 ee6b 

  0x000001b0c9f4594c: ; ImmutableOopMap {[128]=Oop [120]=Oop [152]=Oop [144]=Oop [136]=Oop [168]=Oop [160]=Oop rcx=Oop rdx=Oop [112]=Oop }
                      ;*invokevirtual getModifiers {reexecute=0 rethrow=0 return_oop=0}
                      ; - jdk.internal.reflect.NativeMethodAccessorImpl::invoke@98 (line 68)
  0x000001b0c9f4594c: ff48 8904 

  0x000001b0c9f45950: ;   {runtime_call throw_class_cast_exception Runtime1 stub}
  0x000001b0c9f45950: 24e8 ca12 

  0x000001b0c9f45954: ; ImmutableOopMap {[128]=Oop [120]=Oop [112]=Oop }
                      ;*checkcast {reexecute=0 rethrow=0 return_oop=0}
                      ; - jdk.internal.reflect.NativeMethodAccessorImpl::invoke@104 (line 63)
  0x000001b0c9f45954: 6cff 458b | 480c 49c1 | e103 4983 | f900 0f84 | 27ff ffff | 4c89 0c24 

  0x000001b0c9f4596c: ;   {runtime_call g1_pre_barrier_slow}
  0x000001b0c9f4596c: e88f 486c | ffe9 19ff 

  0x000001b0c9f45974: ;   {runtime_call throw_null_pointer_exception Runtime1 stub}
  0x000001b0c9f45974: ffff e8a5 

  0x000001b0c9f45978: ; ImmutableOopMap {[128]=Oop [120]=Oop rdx=Oop rsi=Oop [112]=Oop r8=Oop }
                      ;*invokevirtual setDelegate {reexecute=0 rethrow=0 return_oop=0}
                      ; - jdk.internal.reflect.NativeMethodAccessorImpl::invoke@113 (line 69)
  0x000001b0c9f45978: ee6b ff48 | 83fa 000f | 8429 ffff | ff4c 8904 

  0x000001b0c9f45988: ;   {runtime_call g1_post_barrier_slow}
  0x000001b0c9f45988: 24e8 724b | 6cff e91b 

  0x000001b0c9f45990: ;   {internal_word}
  0x000001b0c9f45990: ffff ff49 | bad4 58f4 | c9b0 0100 | 004d 8997 | 6003 0000 

  0x000001b0c9f459a4: ;   {runtime_call SafepointBlob}
  0x000001b0c9f459a4: e957 da61 

  0x000001b0c9f459a8: ;   {runtime_call throw_null_pointer_exception Runtime1 stub}
  0x000001b0c9f459a8: ffe8 72ee 

  0x000001b0c9f459ac: ; ImmutableOopMap {[128]=Oop [120]=Oop rdx=Oop rsi=Oop [112]=Oop r8=Oop }
                      ;*invokevirtual setDelegate {reexecute=0 rethrow=0 return_oop=0}
                      ; - jdk.internal.reflect.NativeMethodAccessorImpl::invoke@113 (line 69)
  0x000001b0c9f459ac: 6bff 9090 | 498b 87d8 | 0300 0049 | c787 d803 | 0000 0000 | 0000 49c7 | 87e0 0300 | 0000 0000 
  0x000001b0c9f459cc: 0048 81c4 | c000 0000 

  0x000001b0c9f459d4: ;   {runtime_call unwind_exception Runtime1 stub}
  0x000001b0c9f459d4: 5de9 26d9 | 6bff f4f4 | f4f4 f4f4 
[Stub Code]
  0x000001b0c9f459e0: ;   {no_reloc}
  0x000001b0c9f459e0: 0f1f 4400 

  0x000001b0c9f459e4: ;   {static_stub}
  0x000001b0c9f459e4: 0048 bb00 | 0000 0000 

  0x000001b0c9f459ec: ;   {runtime_call}
  0x000001b0c9f459ec: 0000 00e9 | fbff ffff 

  0x000001b0c9f459f4: ;   {static_stub}
  0x000001b0c9f459f4: 9048 bb00 | 0000 0000 

  0x000001b0c9f459fc: ;   {runtime_call}
  0x000001b0c9f459fc: 0000 00e9 | fbff ffff 

  0x000001b0c9f45a04: ;   {static_stub}
  0x000001b0c9f45a04: 9048 bb00 | 0000 0000 

  0x000001b0c9f45a0c: ;   {runtime_call}
  0x000001b0c9f45a0c: 0000 00e9 | fbff ffff 

  0x000001b0c9f45a14: ;   {static_stub}
  0x000001b0c9f45a14: 9048 bbf0 | 6623 1bb1 

  0x000001b0c9f45a1c: ;   {runtime_call I2C/C2I adapters}
  0x000001b0c9f45a1c: 0100 00e9 | d692 83ff 

  0x000001b0c9f45a24: ;   {static_stub}
  0x000001b0c9f45a24: 9048 bb00 | 0000 0000 

  0x000001b0c9f45a2c: ;   {runtime_call}
  0x000001b0c9f45a2c: 0000 00e9 | fbff ffff 
[Exception Handler]
  0x000001b0c9f45a34: ;   {runtime_call handle_exception_from_callee Runtime1 stub}
  0x000001b0c9f45a34: e8c7 0b6c 

  0x000001b0c9f45a38: ;   {external_word}
  0x000001b0c9f45a38: ff48 b9a0 | e083 d5fc | 7f00 0048 

  0x000001b0c9f45a44: ;   {runtime_call}
  0x000001b0c9f45a44: 83e4 f049 | bae0 da51 | d5fc 7f00 | 0041 ffd2 

  0x000001b0c9f45a54: ;   {section_word}
  0x000001b0c9f45a54: f449 ba55 | 5af4 c9b0 | 0100 0041 

  0x000001b0c9f45a60: ;   {runtime_call DeoptimizationBlob}
  0x000001b0c9f45a60: 52e9 3acc | 61ff f4f4 
[/MachCode]


Compiled method (c1)   14790 3812       1       jdk.internal.reflect.DelegatingMethodAccessorImpl::invoke (10 bytes)
 total in heap  [0x000001b0c9f42590,0x000001b0c9f42858] = 712
 relocation     [0x000001b0c9f426e8,0x000001b0c9f42720] = 56
 main code      [0x000001b0c9f42720,0x000001b0c9f427c0] = 160
 stub code      [0x000001b0c9f427c0,0x000001b0c9f42808] = 72
 metadata       [0x000001b0c9f42808,0x000001b0c9f42810] = 8
 scopes data    [0x000001b0c9f42810,0x000001b0c9f42820] = 16
 scopes pcs     [0x000001b0c9f42820,0x000001b0c9f42850] = 48
 dependencies   [0x000001b0c9f42850,0x000001b0c9f42858] = 8

[Constant Pool (empty)]

[MachCode]
[Entry Point]
  # {method} {0x000001b0da35fb00} 'invoke' '(Ljava/lang/Object;[Ljava/lang/Object;)Ljava/lang/Object;' in 'jdk/internal/reflect/DelegatingMethodAccessorImpl'
  # this:     rdx:rdx   = 'jdk/internal/reflect/DelegatingMethodAccessorImpl'
  # parm0:    r8:r8     = 'java/lang/Object'
  # parm1:    r9:r9     = '[Ljava/lang/Object;'
  #           [sp+0x40]  (sp of caller)
  0x000001b0c9f42720: 448b 5208 | 49bb 0000 | 00da b001 | 0000 4d03 | d34c 3bd0 

  0x000001b0c9f42734: ;   {runtime_call ic_miss_stub}
  0x000001b0c9f42734: 0f85 46a3 | 61ff 660f | 1f44 0000 
[Verified Entry Point]
  0x000001b0c9f42740: 8984 2400 | 90ff ff55 | 4883 ec30 | 8b52 0c48 | c1e2 0366 | 9048 b8ff | ffff ffff 

  0x000001b0c9f4275c: ;   {virtual_call}
  0x000001b0c9f4275c: ffff ffe8 

  0x000001b0c9f42760: ; ImmutableOopMap {}
                      ;*invokevirtual invoke {reexecute=0 rethrow=0 return_oop=0}
                      ; - jdk.internal.reflect.DelegatingMethodAccessorImpl::invoke@6 (line 43)
  0x000001b0c9f42760: 94ab 6cff | 4883 c430 

  0x000001b0c9f42768: ;   {poll_return}
  0x000001b0c9f42768: 5d49 3ba7 | 4803 0000 | 0f87 0100 

  0x000001b0c9f42774: ;   {internal_word}
  0x000001b0c9f42774: 0000 c349 | ba69 27f4 | c9b0 0100 | 004d 8997 | 6003 0000 

  0x000001b0c9f42788: ;   {runtime_call SafepointBlob}
  0x000001b0c9f42788: e973 0c62 | ff90 9049 | 8b87 d803 | 0000 49c7 | 87d8 0300 | 0000 0000 | 0049 c787 | e003 0000 
  0x000001b0c9f427a8: 0000 0000 | 4883 c430 

  0x000001b0c9f427b0: ;   {runtime_call unwind_exception Runtime1 stub}
  0x000001b0c9f427b0: 5de9 4a0b | 6cff f4f4 | f4f4 f4f4 | f4f4 f4f4 
[Stub Code]
  0x000001b0c9f427c0: ;   {no_reloc}
  0x000001b0c9f427c0: 0f1f 4400 

  0x000001b0c9f427c4: ;   {static_stub}
  0x000001b0c9f427c4: 0048 bb00 | 0000 0000 

  0x000001b0c9f427cc: ;   {runtime_call}
  0x000001b0c9f427cc: 0000 00e9 | fbff ffff 
[Exception Handler]
  0x000001b0c9f427d4: ;   {runtime_call handle_exception_from_callee Runtime1 stub}
  0x000001b0c9f427d4: e827 3e6c 

  0x000001b0c9f427d8: ;   {external_word}
  0x000001b0c9f427d8: ff48 b9a0 | e083 d5fc | 7f00 0048 

  0x000001b0c9f427e4: ;   {runtime_call}
  0x000001b0c9f427e4: 83e4 f049 | bae0 da51 | d5fc 7f00 | 0041 ffd2 

  0x000001b0c9f427f4: ;   {section_word}
  0x000001b0c9f427f4: f449 baf5 | 27f4 c9b0 | 0100 0041 

  0x000001b0c9f42800: ;   {runtime_call DeoptimizationBlob}
  0x000001b0c9f42800: 52e9 9afe | 61ff f4f4 
[/MachCode]


---------------  P R O C E S S  ---------------

Threads class SMR info:
_java_thread_list=0x000001b120e01ae0, length=30, elements={
0x000001b0d9629160, 0x000001b0d962a130, 0x000001b0d9647ae0, 0x000001b0d96484a0,
0x000001b0d9648e60, 0x000001b0d964a830, 0x000001b0d964b1f0, 0x000001b0d9665fc0,
0x000001b0d96c9f70, 0x000001b0d93f4cf0, 0x000001b0d97a7590, 0x000001b0d97b2fd0,
0x000001b12000c030, 0x000001b12000c510, 0x000001b1200c4c40, 0x000001b1201893f0,
0x000001b120a90f00, 0x000001b120a904e0, 0x000001b120a909f0, 0x000001b120a91410,
0x000001b120a91920, 0x000001b120a93780, 0x000001b120a91e30, 0x000001b120a92850,
0x000001b120a92340, 0x000001b120a92d60, 0x000001b120a93c90, 0x000001b120af0980,
0x000001b120aeeb20, 0x000001b120aef030
}

Java Threads: ( => current thread )
  0x000001b0d9629160 JavaThread "Reference Handler" daemon [_thread_blocked, id=35480, stack(0x0000000e2c600000,0x0000000e2c700000)]
  0x000001b0d962a130 JavaThread "Finalizer" daemon [_thread_blocked, id=35484, stack(0x0000000e2c700000,0x0000000e2c800000)]
  0x000001b0d9647ae0 JavaThread "Signal Dispatcher" daemon [_thread_blocked, id=35488, stack(0x0000000e2c800000,0x0000000e2c900000)]
  0x000001b0d96484a0 JavaThread "Attach Listener" daemon [_thread_blocked, id=35492, stack(0x0000000e2c900000,0x0000000e2ca00000)]
  0x000001b0d9648e60 JavaThread "Service Thread" daemon [_thread_blocked, id=35496, stack(0x0000000e2ca00000,0x0000000e2cb00000)]
  0x000001b0d964a830 JavaThread "Monitor Deflation Thread" daemon [_thread_blocked, id=35500, stack(0x0000000e2cb00000,0x0000000e2cc00000)]
  0x000001b0d964b1f0 JavaThread "C1 CompilerThread0" daemon [_thread_blocked, id=35504, stack(0x0000000e2cc00000,0x0000000e2cd00000)]
  0x000001b0d9665fc0 JavaThread "Sweeper thread" daemon [_thread_blocked, id=35508, stack(0x0000000e2cd00000,0x0000000e2ce00000)]
  0x000001b0d96c9f70 JavaThread "C1 CompilerThread1" daemon [_thread_blocked, id=35512, stack(0x0000000e2ce00000,0x0000000e2cf00000)]
  0x000001b0d93f4cf0 JavaThread "C1 CompilerThread2" daemon [_thread_blocked, id=35516, stack(0x0000000e2cf00000,0x0000000e2d000000)]
  0x000001b0d97a7590 JavaThread "Notification Thread" daemon [_thread_blocked, id=35520, stack(0x0000000e2d000000,0x0000000e2d100000)]
  0x000001b0d97b2fd0 JavaThread "Common-Cleaner" daemon [_thread_blocked, id=35528, stack(0x0000000e2d200000,0x0000000e2d300000)]
  0x000001b12000c030 JavaThread "Catalina-utility-1" [_thread_blocked, id=35752, stack(0x0000000e2e500000,0x0000000e2e600000)]
  0x000001b12000c510 JavaThread "Catalina-utility-2" [_thread_blocked, id=35756, stack(0x0000000e2e600000,0x0000000e2e700000)]
  0x000001b1200c4c40 JavaThread "container-0" [_thread_blocked, id=35760, stack(0x0000000e2e700000,0x0000000e2e800000)]
  0x000001b1201893f0 JavaThread "HikariPool-1 housekeeper" daemon [_thread_blocked, id=35776, stack(0x0000000e2e800000,0x0000000e2e900000)]
  0x000001b120a90f00 JavaThread "java-sdk-http-connection-reaper" daemon [_thread_blocked, id=35152, stack(0x0000000e2ea00000,0x0000000e2eb00000)]
  0x000001b120a904e0 JavaThread "http-nio-8080-exec-1" daemon [_thread_blocked, id=35176, stack(0x0000000e2eb00000,0x0000000e2ec00000)]
  0x000001b120a909f0 JavaThread "http-nio-8080-exec-2" daemon [_thread_blocked, id=35080, stack(0x0000000e2ec00000,0x0000000e2ed00000)]
  0x000001b120a91410 JavaThread "http-nio-8080-exec-3" daemon [_thread_blocked, id=20348, stack(0x0000000e2ed00000,0x0000000e2ee00000)]
  0x000001b120a91920 JavaThread "http-nio-8080-exec-4" daemon [_thread_blocked, id=27944, stack(0x0000000e2ee00000,0x0000000e2ef00000)]
  0x000001b120a93780 JavaThread "http-nio-8080-exec-5" daemon [_thread_blocked, id=35140, stack(0x0000000e2ef00000,0x0000000e2f000000)]
=>0x000001b120a91e30 JavaThread "http-nio-8080-exec-6" daemon [_thread_in_native, id=2280, stack(0x0000000e2f000000,0x0000000e2f100000)]
  0x000001b120a92850 JavaThread "http-nio-8080-exec-7" daemon [_thread_blocked, id=35368, stack(0x0000000e2f100000,0x0000000e2f200000)]
  0x000001b120a92340 JavaThread "http-nio-8080-exec-8" daemon [_thread_blocked, id=22592, stack(0x0000000e2f200000,0x0000000e2f300000)]
  0x000001b120a92d60 JavaThread "http-nio-8080-exec-9" daemon [_thread_blocked, id=35396, stack(0x0000000e2f300000,0x0000000e2f400000)]
  0x000001b120a93c90 JavaThread "http-nio-8080-exec-10" daemon [_thread_blocked, id=35424, stack(0x0000000e2f400000,0x0000000e2f500000)]
  0x000001b120af0980 JavaThread "http-nio-8080-Poller" daemon [_thread_in_native, id=35420, stack(0x0000000e2f500000,0x0000000e2f600000)]
  0x000001b120aeeb20 JavaThread "http-nio-8080-Acceptor" daemon [_thread_in_native, id=35416, stack(0x0000000e2f600000,0x0000000e2f700000)]
  0x000001b120aef030 JavaThread "DestroyJavaVM" [_thread_blocked, id=35452, stack(0x0000000e2bf00000,0x0000000e2c000000)]

Other Threads:
  0x000001b0d96257c0 VMThread "VM Thread" [stack: 0x0000000e2c500000,0x0000000e2c600000] [id=35476]
  0x000001b0d97ad4e0 WatcherThread [stack: 0x0000000e2d100000,0x0000000e2d200000] [id=35524]
  0x000001b0c1c8f4b0 GCTaskThread "GC Thread#0" [stack: 0x0000000e2c000000,0x0000000e2c100000] [id=35456]
  0x000001b11f4a5ca0 GCTaskThread "GC Thread#1" [stack: 0x0000000e2d400000,0x0000000e2d500000] [id=35580]
  0x000001b11f53c050 GCTaskThread "GC Thread#2" [stack: 0x0000000e2d500000,0x0000000e2d600000] [id=35584]
  0x000001b11f53c310 GCTaskThread "GC Thread#3" [stack: 0x0000000e2d600000,0x0000000e2d700000] [id=35588]
  0x000001b11f53c9e0 GCTaskThread "GC Thread#4" [stack: 0x0000000e2d700000,0x0000000e2d800000] [id=35592]
  0x000001b11f718000 GCTaskThread "GC Thread#5" [stack: 0x0000000e2d900000,0x0000000e2da00000] [id=35612]
  0x000001b11f7182c0 GCTaskThread "GC Thread#6" [stack: 0x0000000e2da00000,0x0000000e2db00000] [id=35616]
  0x000001b11fbadb60 GCTaskThread "GC Thread#7" [stack: 0x0000000e2d800000,0x0000000e2d900000] [id=35636]
  0x000001b11fbd1c60 GCTaskThread "GC Thread#8" [stack: 0x0000000e2de00000,0x0000000e2df00000] [id=35640]
  0x000001b11fbb5500 GCTaskThread "GC Thread#9" [stack: 0x0000000e2df00000,0x0000000e2e000000] [id=35644]
  0x000001b11fbbd570 GCTaskThread "GC Thread#10" [stack: 0x0000000e2e000000,0x0000000e2e100000] [id=35648]
  0x000001b11fbbe050 GCTaskThread "GC Thread#11" [stack: 0x0000000e2e100000,0x0000000e2e200000] [id=35652]
  0x000001b11fbbe310 GCTaskThread "GC Thread#12" [stack: 0x0000000e2e200000,0x0000000e2e300000] [id=35656]
  0x000001b0c1ca29e0 ConcurrentGCThread "G1 Main Marker" [stack: 0x0000000e2c100000,0x0000000e2c200000] [id=35460]
  0x000001b0c1ca4fd0 ConcurrentGCThread "G1 Conc#0" [stack: 0x0000000e2c200000,0x0000000e2c300000] [id=35464]
  0x000001b11fed4bb0 ConcurrentGCThread "G1 Conc#1" [stack: 0x0000000e2e300000,0x0000000e2e400000] [id=35736]
  0x000001b11fed4e70 ConcurrentGCThread "G1 Conc#2" [stack: 0x0000000e2e400000,0x0000000e2e500000] [id=35740]
  0x000001b0d92c22a0 ConcurrentGCThread "G1 Refine#0" [stack: 0x0000000e2c300000,0x0000000e2c400000] [id=35468]
  0x000001b0d92c2a70 ConcurrentGCThread "G1 Service" [stack: 0x0000000e2c400000,0x0000000e2c500000] [id=35472]

Threads with active compile tasks:

VM state: not at safepoint (normal execution)

VM Mutex/Monitor currently owned by a thread: None

Heap address: 0x0000000709400000, size: 3948 MB, Compressed Oops mode: Zero based, Oop shift amount: 3

CDS archive(s) mapped at: [0x000001b0da000000-0x000001b0dabd0000-0x000001b0dabd0000), size 12386304, SharedBaseAddress: 0x000001b0da000000, ArchiveRelocationMode: 1.
Compressed class space mapped at: 0x000001b0db000000-0x000001b11b000000, reserved size: 1073741824
Narrow klass base: 0x000001b0da000000, Narrow klass shift: 0, Narrow klass range: 0x100000000

GC Precious Log:
 CPUs: 16 total, 16 available
 Memory: 15789M
 Large Page Support: Disabled
 NUMA Support: Disabled
 Compressed Oops: Enabled (Zero based)
 Heap Region Size: 2M
 Heap Min Capacity: 8M
 Heap Initial Capacity: 248M
 Heap Max Capacity: 3948M
 Pre-touch: Disabled
 Parallel Workers: 13
 Concurrent Workers: 3
 Concurrent Refinement Workers: 13
 Periodic GC: Disabled

Heap:
 garbage-first heap   total 116736K, used 48507K [0x0000000709400000, 0x0000000800000000)
  region size 2048K, 10 young (20480K), 1 survivors (2048K)
 Metaspace       used 65119K, committed 65664K, reserved 1114112K
  class space    used 8957K, committed 9216K, reserved 1048576K

Heap Regions: E=young(eden), S=young(survivor), O=old, HS=humongous(starts), HC=humongous(continues), CS=collection set, F=free, OA=open archive, CA=closed archive, TAMS=top-at-mark-start (previous, next)
|   0|0x0000000709400000, 0x0000000709600000, 0x0000000709600000|100%| O|  |TAMS 0x0000000709600000, 0x0000000709400000| Untracked 
|   1|0x0000000709600000, 0x0000000709800000, 0x0000000709800000|100%| O|  |TAMS 0x0000000709800000, 0x0000000709600000| Untracked 
|   2|0x0000000709800000, 0x0000000709a00000, 0x0000000709a00000|100%| O|  |TAMS 0x0000000709a00000, 0x0000000709800000| Untracked 
|   3|0x0000000709a00000, 0x0000000709c00000, 0x0000000709c00000|100%| O|  |TAMS 0x0000000709b34c00, 0x0000000709a00000| Untracked 
|   4|0x0000000709c00000, 0x0000000709e00000, 0x0000000709e00000|100%| O|  |TAMS 0x0000000709e00000, 0x0000000709c00000| Untracked 
|   5|0x0000000709e00000, 0x000000070a000000, 0x000000070a000000|100%| O|  |TAMS 0x000000070a000000, 0x0000000709e00000| Untracked 
|   6|0x000000070a000000, 0x000000070a200000, 0x000000070a200000|100%| O|  |TAMS 0x000000070a200000, 0x000000070a000000| Untracked 
|   7|0x000000070a200000, 0x000000070a400000, 0x000000070a400000|100%| O|  |TAMS 0x000000070a400000, 0x000000070a200000| Untracked 
|   8|0x000000070a400000, 0x000000070a600000, 0x000000070a600000|100%| O|  |TAMS 0x000000070a600000, 0x000000070a400000| Untracked 
|   9|0x000000070a600000, 0x000000070a800000, 0x000000070a800000|100%| O|  |TAMS 0x000000070a600000, 0x000000070a600000| Untracked 
|  10|0x000000070a800000, 0x000000070aa00000, 0x000000070aa00000|100%| O|  |TAMS 0x000000070a800000, 0x000000070a800000| Untracked 
|  11|0x000000070aa00000, 0x000000070ac00000, 0x000000070ac00000|100%| O|  |TAMS 0x000000070aa00000, 0x000000070aa00000| Untracked 
|  12|0x000000070ac00000, 0x000000070ae00000, 0x000000070ae00000|100%| O|  |TAMS 0x000000070ae00000, 0x000000070ac00000| Untracked 
|  13|0x000000070ae00000, 0x000000070b000000, 0x000000070b000000|100%| O|  |TAMS 0x000000070ae00000, 0x000000070ae00000| Untracked 
|  14|0x000000070b000000, 0x000000070b1c2a00, 0x000000070b200000| 88%| O|  |TAMS 0x000000070b000000, 0x000000070b000000| Untracked 
|  15|0x000000070b200000, 0x000000070b200000, 0x000000070b400000|  0%| F|  |TAMS 0x000000070b200000, 0x000000070b200000| Untracked 
|  16|0x000000070b400000, 0x000000070b400000, 0x000000070b600000|  0%| F|  |TAMS 0x000000070b400000, 0x000000070b400000| Untracked 
|  17|0x000000070b600000, 0x000000070b600000, 0x000000070b800000|  0%| F|  |TAMS 0x000000070b600000, 0x000000070b600000| Untracked 
|  18|0x000000070b800000, 0x000000070b800000, 0x000000070ba00000|  0%| F|  |TAMS 0x000000070b800000, 0x000000070b800000| Untracked 
|  19|0x000000070ba00000, 0x000000070ba00000, 0x000000070bc00000|  0%| F|  |TAMS 0x000000070ba00000, 0x000000070ba00000| Untracked 
|  20|0x000000070bc00000, 0x000000070bc00000, 0x000000070be00000|  0%| F|  |TAMS 0x000000070bc00000, 0x000000070bc00000| Untracked 
|  21|0x000000070be00000, 0x000000070be00000, 0x000000070c000000|  0%| F|  |TAMS 0x000000070be00000, 0x000000070be00000| Untracked 
|  22|0x000000070c000000, 0x000000070c000000, 0x000000070c200000|  0%| F|  |TAMS 0x000000070c000000, 0x000000070c000000| Untracked 
|  23|0x000000070c200000, 0x000000070c200000, 0x000000070c400000|  0%| F|  |TAMS 0x000000070c200000, 0x000000070c200000| Untracked 
|  24|0x000000070c400000, 0x000000070c400000, 0x000000070c600000|  0%| F|  |TAMS 0x000000070c400000, 0x000000070c400000| Untracked 
|  25|0x000000070c600000, 0x000000070c600000, 0x000000070c800000|  0%| F|  |TAMS 0x000000070c600000, 0x000000070c600000| Untracked 
|  26|0x000000070c800000, 0x000000070c800000, 0x000000070ca00000|  0%| F|  |TAMS 0x000000070c800000, 0x000000070c800000| Untracked 
|  27|0x000000070ca00000, 0x000000070ca00000, 0x000000070cc00000|  0%| F|  |TAMS 0x000000070ca00000, 0x000000070ca00000| Untracked 
|  28|0x000000070cc00000, 0x000000070cc00000, 0x000000070ce00000|  0%| F|  |TAMS 0x000000070cc00000, 0x000000070cc00000| Untracked 
|  29|0x000000070ce00000, 0x000000070ce00000, 0x000000070d000000|  0%| F|  |TAMS 0x000000070ce00000, 0x000000070ce00000| Untracked 
|  30|0x000000070d000000, 0x000000070d000000, 0x000000070d200000|  0%| F|  |TAMS 0x000000070d000000, 0x000000070d000000| Untracked 
|  31|0x000000070d200000, 0x000000070d200000, 0x000000070d400000|  0%| F|  |TAMS 0x000000070d200000, 0x000000070d200000| Untracked 
|  32|0x000000070d400000, 0x000000070d400000, 0x000000070d600000|  0%| F|  |TAMS 0x000000070d400000, 0x000000070d400000| Untracked 
|  33|0x000000070d600000, 0x000000070d600000, 0x000000070d800000|  0%| F|  |TAMS 0x000000070d600000, 0x000000070d600000| Untracked 
|  34|0x000000070d800000, 0x000000070d800000, 0x000000070da00000|  0%| F|  |TAMS 0x000000070d800000, 0x000000070d800000| Untracked 
|  35|0x000000070da00000, 0x000000070da00000, 0x000000070dc00000|  0%| F|  |TAMS 0x000000070da00000, 0x000000070da00000| Untracked 
|  36|0x000000070dc00000, 0x000000070dc00000, 0x000000070de00000|  0%| F|  |TAMS 0x000000070dc00000, 0x000000070dc00000| Untracked 
|  37|0x000000070de00000, 0x000000070de00000, 0x000000070e000000|  0%| F|  |TAMS 0x000000070de00000, 0x000000070de00000| Untracked 
|  38|0x000000070e000000, 0x000000070e000000, 0x000000070e200000|  0%| F|  |TAMS 0x000000070e000000, 0x000000070e000000| Untracked 
|  39|0x000000070e200000, 0x000000070e200000, 0x000000070e400000|  0%| F|  |TAMS 0x000000070e200000, 0x000000070e200000| Untracked 
|  40|0x000000070e400000, 0x000000070e400000, 0x000000070e600000|  0%| F|  |TAMS 0x000000070e400000, 0x000000070e400000| Untracked 
|  41|0x000000070e600000, 0x000000070e600000, 0x000000070e800000|  0%| F|  |TAMS 0x000000070e600000, 0x000000070e600000| Untracked 
|  42|0x000000070e800000, 0x000000070e800000, 0x000000070ea00000|  0%| F|  |TAMS 0x000000070e800000, 0x000000070e800000| Untracked 
|  43|0x000000070ea00000, 0x000000070ea00000, 0x000000070ec00000|  0%| F|  |TAMS 0x000000070ea00000, 0x000000070ea00000| Untracked 
|  44|0x000000070ec00000, 0x000000070ec00000, 0x000000070ee00000|  0%| F|  |TAMS 0x000000070ec00000, 0x000000070ec00000| Untracked 
|  45|0x000000070ee00000, 0x000000070ee00000, 0x000000070f000000|  0%| F|  |TAMS 0x000000070ee00000, 0x000000070ee00000| Untracked 
|  46|0x000000070f000000, 0x000000070f000000, 0x000000070f200000|  0%| F|  |TAMS 0x000000070f000000, 0x000000070f000000| Untracked 
|  47|0x000000070f200000, 0x000000070f2700a0, 0x000000070f400000| 21%| E|  |TAMS 0x000000070f200000, 0x000000070f200000| Complete 
|  48|0x000000070f400000, 0x000000070f600000, 0x000000070f600000|100%| E|CS|TAMS 0x000000070f400000, 0x000000070f400000| Complete 
|  49|0x000000070f600000, 0x000000070f800000, 0x000000070f800000|100%| E|CS|TAMS 0x000000070f600000, 0x000000070f600000| Complete 
|  50|0x000000070f800000, 0x000000070fa00000, 0x000000070fa00000|100%| E|CS|TAMS 0x000000070f800000, 0x000000070f800000| Complete 
|  51|0x000000070fa00000, 0x000000070fc00000, 0x000000070fc00000|100%| E|CS|TAMS 0x000000070fa00000, 0x000000070fa00000| Complete 
|  52|0x000000070fc00000, 0x000000070fe00000, 0x000000070fe00000|100%| E|CS|TAMS 0x000000070fc00000, 0x000000070fc00000| Complete 
|  53|0x000000070fe00000, 0x0000000710000000, 0x0000000710000000|100%| E|CS|TAMS 0x000000070fe00000, 0x000000070fe00000| Complete 
|  54|0x0000000710000000, 0x0000000710200000, 0x0000000710200000|100%| E|CS|TAMS 0x0000000710000000, 0x0000000710000000| Complete 
| 103|0x0000000716200000, 0x000000071639c300, 0x0000000716400000| 80%| S|CS|TAMS 0x0000000716200000, 0x0000000716200000| Complete 
| 123|0x0000000718a00000, 0x0000000718c00000, 0x0000000718c00000|100%| E|CS|TAMS 0x0000000718a00000, 0x0000000718a00000| Complete 

Card table byte_map: [0x000001b0cdaa0000,0x000001b0ce260000] _byte_map_base: 0x000001b0ca256000

Marking Bits (Prev, Next): (CMBitMap*) 0x000001b0c1c91a20, (CMBitMap*) 0x000001b0c1c919e0
 Prev Bits: [0x000001b0d27d0000, 0x000001b0d6580000)
 Next Bits: [0x000001b0cea20000, 0x000001b0d27d0000)

Polling page: 0x000001b0c00f0000

Metaspace:

Usage:
  Non-class:     54.85 MB used.
      Class:      8.75 MB used.
       Both:     63.59 MB used.

Virtual space:
  Non-class space:       64.00 MB reserved,      55.12 MB ( 86%) committed,  1 nodes.
      Class space:        1.00 GB reserved,       9.00 MB ( <1%) committed,  1 nodes.
             Both:        1.06 GB reserved,      64.12 MB (  6%) committed. 

Chunk freelists:
   Non-Class:  8.00 MB
       Class:  7.01 MB
        Both:  15.02 MB

MaxMetaspaceSize: unlimited
CompressedClassSpaceSize: 1.00 GB
Initial GC threshold: 21.00 MB
Current GC threshold: 98.06 MB
CDS: on
MetaspaceReclaimPolicy: balanced
 - commit_granule_bytes: 65536.
 - commit_granule_words: 8192.
 - virtual_space_node_default_size: 8388608.
 - enlarge_chunks_in_place: 1.
 - new_chunks_are_fully_committed: 0.
 - uncommit_free_chunks: 1.
 - use_allocation_guard: 0.
 - handle_deallocations: 1.


Internal statistics:

num_allocs_failed_limit: 9.
num_arena_births: 788.
num_arena_deaths: 0.
num_vsnodes_births: 2.
num_vsnodes_deaths: 0.
num_space_committed: 1026.
num_space_uncommitted: 0.
num_chunks_returned_to_freelist: 9.
num_chunks_taken_from_freelist: 3029.
num_chunk_merges: 9.
num_chunk_splits: 2204.
num_chunks_enlarged: 1727.
num_inconsistent_stats: 0.

CodeCache: size=49152Kb used=11220Kb max_used=12617Kb free=37932Kb
 bounds [0x000001b0c9510000, 0x000001b0ca170000, 0x000001b0cc510000]
 total_blobs=6216 nmethods=5446 adapters=695
 compilation: enabled
              stopped_count=0, restarted_count=0
 full_count=0

Compilation events (20 events):
Event: 14.652 Thread 0x000001b0d93f4cf0 5436       1       sun.security.provider.MD5::GG (33 bytes)
Event: 14.652 Thread 0x000001b0d96c9f70 nmethod 5437 0x000001b0c9bc7310 code [0x000001b0c9bc74a0, 0x000001b0c9bc7578]
Event: 14.652 Thread 0x000001b0d96c9f70 5438       1       sun.security.provider.MD5::II (31 bytes)
Event: 14.653 Thread 0x000001b0d93f4cf0 nmethod 5436 0x000001b0c9bc7010 code [0x000001b0c9bc71a0, 0x000001b0c9bc7278]
Event: 14.653 Thread 0x000001b0d964b1f0 nmethod 5435 0x000001b0c9bc7610 code [0x000001b0c9bc77a0, 0x000001b0c9bc7878]
Event: 14.653 Thread 0x000001b0d96c9f70 nmethod 5438 0x000001b0c9bc6d10 code [0x000001b0c9bc6ea0, 0x000001b0c9bc6f78]
Event: 14.653 Thread 0x000001b0d96c9f70 5439       1       sun.security.provider.MD5::implCompress (13 bytes)
Event: 14.653 Thread 0x000001b0d93f4cf0 5440       1       sun.security.provider.MD5::implCompressCheck (27 bytes)
Event: 14.653 Thread 0x000001b0d964b1f0 5441       1       sun.security.provider.MD5::implCompress0 (1407 bytes)
Event: 14.653 Thread 0x000001b0d93f4cf0 nmethod 5440 0x000001b0c9bc6810 code [0x000001b0c9bc69c0, 0x000001b0c9bc6bd8]
Event: 14.654 Thread 0x000001b0d96c9f70 nmethod 5439 0x000001b0c9bc6290 code [0x000001b0c9bc6440, 0x000001b0c9bc6688]
Event: 14.657 Thread 0x000001b0d964b1f0 nmethod 5441 0x000001b0c9bc4190 code [0x000001b0c9bc4420, 0x000001b0c9bc5798]
Event: 14.659 Thread 0x000001b0d96c9f70 5442 %     1       com.sun.crypto.provider.CounterMode::implCrypt @ 3 (88 bytes)
Event: 14.659 Thread 0x000001b0d96c9f70 nmethod 5442% 0x000001b0c9bc3990 code [0x000001b0c9bc3b40, 0x000001b0c9bc3f08]
Event: 14.659 Thread 0x000001b0d96c9f70 5443       1       com.sun.crypto.provider.CounterMode::implCrypt (88 bytes)
Event: 14.660 Thread 0x000001b0d96c9f70 nmethod 5443 0x000001b0c9bc3310 code [0x000001b0c9bc34c0, 0x000001b0c9bc3788]
Event: 14.661 Thread 0x000001b0d96c9f70 5444       1       sun.nio.cs.DoubleByte$Encoder::encodeChar (21 bytes)
Event: 14.661 Thread 0x000001b0d96c9f70 nmethod 5444 0x000001b0c9bc2f10 code [0x000001b0c9bc30a0, 0x000001b0c9bc31d8]
Event: 14.664 Thread 0x000001b0d96c9f70 5445       1       jdk.internal.loader.NativeLibraries$NativeLibraryImpl::find (6 bytes)
Event: 14.665 Thread 0x000001b0d96c9f70 nmethod 5445 0x000001b0c9bc2810 code [0x000001b0c9bc29a0, 0x000001b0c9bc2a88]

GC Heap History (20 events):
Event: 0.910 GC heap before
{Heap before GC invocations=1 (full 0):
 garbage-first heap   total 253952K, used 28755K [0x0000000709400000, 0x0000000800000000)
  region size 2048K, 12 young (24576K), 2 survivors (4096K)
 Metaspace       used 7785K, committed 8064K, reserved 1114112K
  class space    used 1108K, committed 1216K, reserved 1048576K
}
Event: 0.913 GC heap after
{Heap after GC invocations=2 (full 0):
 garbage-first heap   total 253952K, used 9541K [0x0000000709400000, 0x0000000800000000)
  region size 2048K, 1 young (2048K), 1 survivors (2048K)
 Metaspace       used 7785K, committed 8064K, reserved 1114112K
  class space    used 1108K, committed 1216K, reserved 1048576K
}
Event: 1.410 GC heap before
{Heap before GC invocations=2 (full 0):
 garbage-first heap   total 253952K, used 58693K [0x0000000709400000, 0x0000000800000000)
  region size 2048K, 26 young (53248K), 1 survivors (2048K)
 Metaspace       used 17255K, committed 17600K, reserved 1114112K
  class space    used 2303K, committed 2432K, reserved 1048576K
}
Event: 1.414 GC heap after
{Heap after GC invocations=3 (full 0):
 garbage-first heap   total 253952K, used 13866K [0x0000000709400000, 0x0000000800000000)
  region size 2048K, 3 young (6144K), 3 survivors (6144K)
 Metaspace       used 17255K, committed 17600K, reserved 1114112K
  class space    used 2303K, committed 2432K, reserved 1048576K
}
Event: 1.978 GC heap before
{Heap before GC invocations=3 (full 0):
 garbage-first heap   total 253952K, used 46634K [0x0000000709400000, 0x0000000800000000)
  region size 2048K, 20 young (40960K), 3 survivors (6144K)
 Metaspace       used 21141K, committed 21504K, reserved 1114112K
  class space    used 2860K, committed 3072K, reserved 1048576K
}
Event: 1.982 GC heap after
{Heap after GC invocations=4 (full 0):
 garbage-first heap   total 253952K, used 15644K [0x0000000709400000, 0x0000000800000000)
  region size 2048K, 4 young (8192K), 4 survivors (8192K)
 Metaspace       used 21141K, committed 21504K, reserved 1114112K
  class space    used 2860K, committed 3072K, reserved 1048576K
}
Event: 2.477 GC heap before
{Heap before GC invocations=5 (full 0):
 garbage-first heap   total 61440K, used 44316K [0x0000000709400000, 0x0000000800000000)
  region size 2048K, 18 young (36864K), 4 survivors (8192K)
 Metaspace       used 25649K, committed 26048K, reserved 1114112K
  class space    used 3507K, committed 3712K, reserved 1048576K
}
Event: 2.485 GC heap after
{Heap after GC invocations=6 (full 0):
 garbage-first heap   total 61440K, used 18058K [0x0000000709400000, 0x0000000800000000)
  region size 2048K, 3 young (6144K), 3 survivors (6144K)
 Metaspace       used 25649K, committed 26048K, reserved 1114112K
  class space    used 3507K, committed 3712K, reserved 1048576K
}
Event: 2.525 GC heap before
{Heap before GC invocations=6 (full 0):
 garbage-first heap   total 61440K, used 20106K [0x0000000709400000, 0x0000000800000000)
  region size 2048K, 4 young (8192K), 3 survivors (6144K)
 Metaspace       used 25987K, committed 26368K, reserved 1114112K
  class space    used 3545K, committed 3712K, reserved 1048576K
}
Event: 2.532 GC heap after
{Heap after GC invocations=7 (full 0):
 garbage-first heap   total 61440K, used 18861K [0x0000000709400000, 0x0000000800000000)
  region size 2048K, 1 young (2048K), 1 survivors (2048K)
 Metaspace       used 25987K, committed 26368K, reserved 1114112K
  class space    used 3545K, committed 3712K, reserved 1048576K
}
Event: 2.842 GC heap before
{Heap before GC invocations=7 (full 0):
 garbage-first heap   total 61440K, used 41389K [0x0000000709400000, 0x0000000800000000)
  region size 2048K, 12 young (24576K), 1 survivors (2048K)
 Metaspace       used 30589K, committed 30976K, reserved 1114112K
  class space    used 4118K, committed 4288K, reserved 1048576K
}
Event: 2.844 GC heap after
{Heap after GC invocations=8 (full 0):
 garbage-first heap   total 61440K, used 19608K [0x0000000709400000, 0x0000000800000000)
  region size 2048K, 1 young (2048K), 1 survivors (2048K)
 Metaspace       used 30589K, committed 30976K, reserved 1114112K
  class space    used 4118K, committed 4288K, reserved 1048576K
}
Event: 3.172 GC heap before
{Heap before GC invocations=8 (full 0):
 garbage-first heap   total 61440K, used 40088K [0x0000000709400000, 0x0000000800000000)
  region size 2048K, 12 young (24576K), 1 survivors (2048K)
 Metaspace       used 35496K, committed 35968K, reserved 1114112K
  class space    used 4793K, committed 5056K, reserved 1048576K
}
Event: 3.174 GC heap after
{Heap after GC invocations=9 (full 0):
 garbage-first heap   total 61440K, used 20387K [0x0000000709400000, 0x0000000800000000)
  region size 2048K, 2 young (4096K), 2 survivors (4096K)
 Metaspace       used 35496K, committed 35968K, reserved 1114112K
  class space    used 4793K, committed 5056K, reserved 1048576K
}
Event: 3.550 GC heap before
{Heap before GC invocations=10 (full 0):
 garbage-first heap   total 61440K, used 42915K [0x0000000709400000, 0x0000000800000000)
  region size 2048K, 13 young (26624K), 2 survivors (4096K)
 Metaspace       used 39741K, committed 40192K, reserved 1114112K
  class space    used 5527K, committed 5760K, reserved 1048576K
}
Event: 3.553 GC heap after
{Heap after GC invocations=11 (full 0):
 garbage-first heap   total 157696K, used 21630K [0x0000000709400000, 0x0000000800000000)
  region size 2048K, 1 young (2048K), 1 survivors (2048K)
 Metaspace       used 39741K, committed 40192K, reserved 1114112K
  class space    used 5527K, committed 5760K, reserved 1048576K
}
Event: 9.496 GC heap before
{Heap before GC invocations=11 (full 0):
 garbage-first heap   total 157696K, used 113790K [0x0000000709400000, 0x0000000800000000)
  region size 2048K, 46 young (94208K), 1 survivors (2048K)
 Metaspace       used 57548K, committed 58112K, reserved 1114112K
  class space    used 7989K, committed 8256K, reserved 1048576K
}
Event: 9.503 GC heap after
{Heap after GC invocations=12 (full 0):
 garbage-first heap   total 157696K, used 30612K [0x0000000709400000, 0x0000000800000000)
  region size 2048K, 6 young (12288K), 6 survivors (12288K)
 Metaspace       used 57548K, committed 58112K, reserved 1114112K
  class space    used 7989K, committed 8256K, reserved 1048576K
}
Event: 9.654 GC heap before
{Heap before GC invocations=12 (full 0):
 garbage-first heap   total 157696K, used 36756K [0x0000000709400000, 0x0000000800000000)
  region size 2048K, 10 young (20480K), 6 survivors (12288K)
 Metaspace       used 59670K, committed 60160K, reserved 1114112K
  class space    used 8213K, committed 8448K, reserved 1048576K
}
Event: 9.659 GC heap after
{Heap after GC invocations=13 (full 0):
 garbage-first heap   total 157696K, used 32123K [0x0000000709400000, 0x0000000800000000)
  region size 2048K, 1 young (2048K), 1 survivors (2048K)
 Metaspace       used 59670K, committed 60160K, reserved 1114112K
  class space    used 8213K, committed 8448K, reserved 1048576K
}

Deoptimization events (6 events):
Event: 2.875 Thread 0x000001b0c1c27330 DEOPT PACKING pc=0x000001b0c9c3ef09 sp=0x0000000e2bffcfb0
Event: 2.875 Thread 0x000001b0c1c27330 DEOPT UNPACKING pc=0x000001b0c9562b43 sp=0x0000000e2bffc440 mode 3
Event: 2.875 Thread 0x000001b1201893f0 DEOPT PACKING pc=0x000001b0c9c3a19f sp=0x0000000e2e8ff1f0
Event: 2.875 Thread 0x000001b1201893f0 DEOPT UNPACKING pc=0x000001b0c9562b43 sp=0x0000000e2e8fe648 mode 3
Event: 4.341 Thread 0x000001b0c1c27330 DEOPT PACKING pc=0x000001b0c9c85fd2 sp=0x0000000e2bffa650
Event: 4.341 Thread 0x000001b0c1c27330 DEOPT UNPACKING pc=0x000001b0c9562b43 sp=0x0000000e2bff9b58 mode 3

Classes unloaded (0 events):
No events

Classes redefined (0 events):
No events

Internal exceptions (20 events):
Event: 4.696 Thread 0x000001b0c1c27330 Exception <a 'sun/nio/fs/WindowsException'{0x000000070f831a48}> (0x000000070f831a48) 
thrown [s\open\src\hotspot\share\prims\jni.cpp, line 516]
Event: 4.700 Thread 0x000001b0c1c27330 Exception <a 'sun/nio/fs/WindowsException'{0x000000070f834868}> (0x000000070f834868) 
thrown [s\open\src\hotspot\share\prims\jni.cpp, line 516]
Event: 4.704 Thread 0x000001b0c1c27330 Exception <a 'sun/nio/fs/WindowsException'{0x000000070f837698}> (0x000000070f837698) 
thrown [s\open\src\hotspot\share\prims\jni.cpp, line 516]
Event: 4.758 Thread 0x000001b0c1c27330 Exception <a 'sun/nio/fs/WindowsException'{0x000000070f83a4d0}> (0x000000070f83a4d0) 
thrown [s\open\src\hotspot\share\prims\jni.cpp, line 516]
Event: 4.861 Thread 0x000001b0c1c27330 Exception <a 'sun/nio/fs/WindowsException'{0x000000070f83d300}> (0x000000070f83d300) 
thrown [s\open\src\hotspot\share\prims\jni.cpp, line 516]
Event: 5.128 Thread 0x000001b0c1c27330 Exception <a 'sun/nio/fs/WindowsException'{0x000000070eaed198}> (0x000000070eaed198) 
thrown [s\open\src\hotspot\share\prims\jni.cpp, line 516]
Event: 5.170 Thread 0x000001b0c1c27330 Exception <a 'java/lang/IncompatibleClassChangeError'{0x000000070e9bc168}: Found class java.lang.Object, but interface was expected> (0x000000070e9bc168) 
thrown [s\open\src\hotspot\share\interpreter\linkResolver.cpp, line 826]
Event: 5.206 Thread 0x000001b0c1c27330 Exception <a 'java/lang/NoSuchMethodError'{0x000000070e7b92b0}: 'void java.lang.invoke.DirectMethodHandle$Holder.invokeVirtual(java.lang.Object, java.lang.Object, long)'> (0x000000070e7b92b0) 
thrown [s\open\src\hotspot\share\interpreter\linkResolver.cpp, line 759]
Event: 5.276 Thread 0x000001b0c1c27330 Exception <a 'java/lang/IncompatibleClassChangeError'{0x000000070e013710}: Found class java.lang.Object, but interface was expected> (0x000000070e013710) 
thrown [s\open\src\hotspot\share\interpreter\linkResolver.cpp, line 826]
Event: 5.326 Thread 0x000001b0c1c27330 Exception <a 'java/lang/NoSuchMethodError'{0x000000070dc6ecb0}: 'java.lang.Object java.lang.invoke.DirectMethodHandle$Holder.invokeSpecial(java.lang.Object, java.lang.Object, java.lang.Object, java.lang.Object, java.lang.Object, java.lang.Object, java.lang.Object, java.lang.Object, java.lang.Object, java.lang.Object, java.lang.Object)'> (0x000000070dc6ecb0) 
thrown [s\open\src\hotspot\share\interpreter\linkResolver.cpp, line 759]
Event: 5.326 Thread 0x000001b0c1c27330 Exception <a 'java/lang/NoSuchMethodError'{0x000000070dc73480}: 'java.lang.Object java.lang.invoke.Invokers$Holder.invoke_MT(java.lang.Object, java.lang.Object, java.lang.Object, java.lang.Object, java.lang.Object, java.lang.Object, java.lang.Object, java.lang.Object, java.lang.Object, java.lang.Object, java.lang.Object)'> (0x000000070dc73480) 
thrown [s\open\src\hotspot\share\interpreter\linkResolver.cpp, line 759]
Event: 5.368 Thread 0x000001b0c1c27330 Exception <a 'java/lang/NoSuchMethodError'{0x000000070db19a70}: 'java.lang.Object java.lang.invoke.DirectMethodHandle$Holder.newInvokeSpecial(java.lang.Object, java.lang.Object, int, java.lang.Object, java.lang.Object)'> (0x000000070db19a70) 
thrown [s\open\src\hotspot\share\interpreter\linkResolver.cpp, line 759]
Event: 9.491 Thread 0x000001b120aeeb20 Exception <a 'java/lang/NoSuchMethodError'{0x000000070d5d7770}: 'java.lang.Object java.lang.invoke.DirectMethodHandle$Holder.invokeStaticInit(java.lang.Object, java.lang.Object, java.lang.Object, int, int)'> (0x000000070d5d7770) 
thrown [s\open\src\hotspot\share\interpreter\linkResolver.cpp, line 759]
Event: 9.534 Thread 0x000001b120a904e0 Exception <a 'java/lang/NoSuchMethodError'{0x0000000718b8f728}: 'java.lang.Object java.lang.invoke.DirectMethodHandle$Holder.invokeSpecial(java.lang.Object, java.lang.Object, java.lang.Object, java.lang.Object, java.lang.Object, long)'> (0x0000000718b8f728) 
thrown [s\open\src\hotspot\share\interpreter\linkResolver.cpp, line 759]
Event: 9.534 Thread 0x000001b120a904e0 Exception <a 'java/lang/NoSuchMethodError'{0x0000000718b93168}: 'java.lang.Object java.lang.invoke.Invokers$Holder.linkToTargetMethod(java.lang.Object, java.lang.Object, java.lang.Object, long, java.lang.Object)'> (0x0000000718b93168) 
thrown [s\open\src\hotspot\share\interpreter\linkResolver.cpp, line 759]
Event: 9.644 Thread 0x000001b120a904e0 Exception <a 'java/lang/NoSuchMethodError'{0x000000071656fb30}: 'java.lang.Object java.lang.invoke.DirectMethodHandle$Holder.invokeStatic(java.lang.Object, int, int)'> (0x000000071656fb30) 
thrown [s\open\src\hotspot\share\interpreter\linkResolver.cpp, line 759]
Event: 14.557 Thread 0x000001b120a91e30 Exception <a 'sun/nio/fs/WindowsException'{0x000000070f5a2f80}> (0x000000070f5a2f80) 
thrown [s\open\src\hotspot\share\prims\jni.cpp, line 516]
Event: 14.664 Thread 0x000001b120a91e30 Exception <a 'sun/nio/fs/WindowsException'{0x000000070f24b620}> (0x000000070f24b620) 
thrown [s\open\src\hotspot\share\prims\jni.cpp, line 516]
Event: 14.664 Thread 0x000001b120a91e30 Exception <a 'sun/nio/fs/WindowsException'{0x000000070f24cad0}> (0x000000070f24cad0) 
thrown [s\open\src\hotspot\share\prims\jni.cpp, line 516]
Event: 14.664 Thread 0x000001b120a91e30 Exception <a 'sun/nio/fs/WindowsException'{0x000000070f24cdd0}> (0x000000070f24cdd0) 
thrown [s\open\src\hotspot\share\prims\jni.cpp, line 516]

VM Operations (20 events):
Event: 9.678 Executing VM operation: G1Concurrent
Event: 9.678 Executing VM operation: G1Concurrent done
Event: 10.684 Executing VM operation: Cleanup
Event: 10.685 Executing VM operation: Cleanup done
Event: 11.496 Executing VM operation: HandshakeAllThreads
Event: 11.496 Executing VM operation: HandshakeAllThreads done
Event: 11.497 Executing VM operation: HandshakeAllThreads
Event: 11.497 Executing VM operation: HandshakeAllThreads done
Event: 11.532 Executing VM operation: HandshakeAllThreads
Event: 11.532 Executing VM operation: HandshakeAllThreads done
Event: 11.817 Executing VM operation: HandshakeAllThreads
Event: 11.817 Executing VM operation: HandshakeAllThreads done
Event: 11.817 Executing VM operation: Cleanup
Event: 11.818 Executing VM operation: Cleanup done
Event: 12.827 Executing VM operation: Cleanup
Event: 12.828 Executing VM operation: Cleanup done
Event: 14.522 Executing VM operation: HandshakeAllThreads
Event: 14.522 Executing VM operation: HandshakeAllThreads done
Event: 14.522 Executing VM operation: Cleanup
Event: 14.522 Executing VM operation: Cleanup done

Events (20 events):
Event: 11.827 loading class java/util/OptionalDouble done
Event: 11.830 loading class java/util/AbstractMap$SimpleEntry
Event: 11.830 loading class java/util/AbstractMap$SimpleEntry done
Event: 11.839 loading class java/util/stream/LongStream
Event: 11.840 loading class java/util/stream/LongStream done
Event: 11.840 loading class java/util/stream/DoubleStream
Event: 11.840 loading class java/util/stream/DoubleStream done
Event: 14.514 Thread 0x000001b11f47db30 Thread exited: 0x000001b11f47db30
Event: 14.528 loading class java/util/BitSet$1BitSetSpliterator
Event: 14.528 loading class java/util/BitSet$1BitSetSpliterator done
Event: 14.528 loading class java/util/stream/IntPipeline$1
Event: 14.528 loading class java/util/stream/IntPipeline$1 done
Event: 14.529 loading class java/util/stream/IntPipeline$1$1
Event: 14.529 loading class java/util/stream/IntPipeline$1$1 done
Event: 14.557 loading class java/nio/file/FileAlreadyExistsException
Event: 14.557 loading class java/nio/file/FileAlreadyExistsException done
Event: 14.649 loading class sun/security/provider/MD5
Event: 14.649 loading class sun/security/provider/MD5 done
Event: 14.652 loading class sun/security/provider/ByteArrayAccess$LE
Event: 14.652 loading class sun/security/provider/ByteArrayAccess$LE done


Dynamic libraries:
0x00007ff77a820000 - 0x00007ff77a830000 	C:\Program Files\Java\jdk-17\bin\java.exe
0x00007ffd8bf80000 - 0x00007ffd8c1e0000 	C:\WINDOWS\SYSTEM32\ntdll.dll
0x00007ffd8a260000 - 0x00007ffd8a327000 	C:\WINDOWS\System32\KERNEL32.DLL
0x00007ffd89650000 - 0x00007ffd89a1a000 	C:\WINDOWS\System32\KERNELBASE.dll
0x00007ffd89c30000 - 0x00007ffd89d7b000 	C:\WINDOWS\System32\ucrtbase.dll
0x00007ffd5c4e0000 - 0x00007ffd5c4f9000 	C:\Program Files\Java\jdk-17\bin\jli.dll
0x00007ffd75df0000 - 0x00007ffd75e0b000 	C:\Program Files\Java\jdk-17\bin\VCRUNTIME140.dll
0x00007ffd8ac50000 - 0x00007ffd8ad02000 	C:\WINDOWS\System32\ADVAPI32.dll
0x00007ffd8ba10000 - 0x00007ffd8bab9000 	C:\WINDOWS\System32\msvcrt.dll
0x00007ffd89f90000 - 0x00007ffd8a036000 	C:\WINDOWS\System32\sechost.dll
0x00007ffd8ad70000 - 0x00007ffd8ae86000 	C:\WINDOWS\System32\RPCRT4.dll
0x00007ffd89d90000 - 0x00007ffd89f5c000 	C:\WINDOWS\System32\USER32.dll
0x00007ffd89620000 - 0x00007ffd89647000 	C:\WINDOWS\System32\win32u.dll
0x00007ffd8b780000 - 0x00007ffd8b7aa000 	C:\WINDOWS\System32\GDI32.dll
0x00007ffd75880000 - 0x00007ffd75b17000 	C:\WINDOWS\WinSxS\amd64_microsoft.windows.common-controls_6595b64144ccf1df_6.0.26100.3624_none_3e086962e3345f24\COMCTL32.dll
0x00007ffd89370000 - 0x00007ffd894a1000 	C:\WINDOWS\System32\gdi32full.dll
0x00007ffd894b0000 - 0x00007ffd89553000 	C:\WINDOWS\System32\msvcp_win.dll
0x00007ffd81010000 - 0x00007ffd8101b000 	C:\WINDOWS\SYSTEM32\VERSION.dll
0x00007ffd8b5e0000 - 0x00007ffd8b60f000 	C:\WINDOWS\System32\IMM32.DLL
0x00007ffd5c4d0000 - 0x00007ffd5c4dc000 	C:\Program Files\Java\jdk-17\bin\vcruntime140_1.dll
0x00007ffd5c440000 - 0x00007ffd5c4ce000 	C:\Program Files\Java\jdk-17\bin\msvcp140.dll
0x00007ffcd4f70000 - 0x00007ffcd5b4f000 	C:\Program Files\Java\jdk-17\bin\server\jvm.dll
0x00007ffd8a250000 - 0x00007ffd8a258000 	C:\WINDOWS\System32\PSAPI.DLL
0x00007ffd6f9b0000 - 0x00007ffd6f9ba000 	C:\WINDOWS\SYSTEM32\WSOCK32.dll
0x00007ffd86750000 - 0x00007ffd86786000 	C:\WINDOWS\SYSTEM32\WINMM.dll
0x00007ffd8b7b0000 - 0x00007ffd8b824000 	C:\WINDOWS\System32\WS2_32.dll
0x00007ffd88090000 - 0x00007ffd880aa000 	C:\WINDOWS\SYSTEM32\kernel.appcore.dll
0x00007ffd5c430000 - 0x00007ffd5c43a000 	C:\Program Files\Java\jdk-17\bin\jimage.dll
0x00007ffd86500000 - 0x00007ffd86741000 	C:\WINDOWS\SYSTEM32\DBGHELP.DLL
0x00007ffd8bac0000 - 0x00007ffd8be42000 	C:\WINDOWS\System32\combase.dll
0x00007ffd8aa60000 - 0x00007ffd8ab36000 	C:\WINDOWS\System32\OLEAUT32.dll
0x00007ffd864c0000 - 0x00007ffd864f9000 	C:\WINDOWS\SYSTEM32\dbgcore.DLL
0x00007ffd892d0000 - 0x00007ffd89369000 	C:\WINDOWS\System32\bcryptPrimitives.dll
0x00007ffd5c380000 - 0x00007ffd5c3a5000 	C:\Program Files\Java\jdk-17\bin\java.dll
0x00007ffd3a680000 - 0x00007ffd3a757000 	C:\Program Files\Java\jdk-17\bin\jsvml.dll
0x00007ffd8a330000 - 0x00007ffd8aa59000 	C:\WINDOWS\System32\SHELL32.dll
0x00007ffd89160000 - 0x00007ffd892c8000 	C:\WINDOWS\System32\wintypes.dll
0x00007ffd86e10000 - 0x00007ffd87662000 	C:\WINDOWS\SYSTEM32\windows.storage.dll
0x00007ffd8be50000 - 0x00007ffd8bf3d000 	C:\WINDOWS\System32\SHCORE.dll
0x00007ffd8a040000 - 0x00007ffd8a0a4000 	C:\WINDOWS\System32\shlwapi.dll
0x00007ffd89070000 - 0x00007ffd8909f000 	C:\WINDOWS\SYSTEM32\profapi.dll
0x00007ffd5c360000 - 0x00007ffd5c379000 	C:\Program Files\Java\jdk-17\bin\net.dll
0x00007ffd80ef0000 - 0x00007ffd8100d000 	C:\WINDOWS\SYSTEM32\WINHTTP.dll
0x00007ffd885b0000 - 0x00007ffd8861a000 	C:\WINDOWS\system32\mswsock.dll
0x00007ffd51310000 - 0x00007ffd51326000 	C:\Program Files\Java\jdk-17\bin\nio.dll
0x00007ffd3a660000 - 0x00007ffd3a678000 	C:\Program Files\Java\jdk-17\bin\zip.dll
0x00007ffd3a620000 - 0x00007ffd3a62e000 	C:\Program Files\Java\jdk-17\bin\sunmscapi.dll
0x00007ffd89a20000 - 0x00007ffd89b97000 	C:\WINDOWS\System32\CRYPT32.dll
0x00007ffd88a50000 - 0x00007ffd88a80000 	C:\WINDOWS\SYSTEM32\ncrypt.dll
0x00007ffd88a00000 - 0x00007ffd88a3f000 	C:\WINDOWS\SYSTEM32\NTASN1.dll
0x00007ffd88850000 - 0x00007ffd8886c000 	C:\WINDOWS\SYSTEM32\CRYPTSP.dll
0x00007ffd87ff0000 - 0x00007ffd8802a000 	C:\WINDOWS\system32\rsaenh.dll
0x00007ffd88650000 - 0x00007ffd8867b000 	C:\WINDOWS\SYSTEM32\USERENV.dll
0x00007ffd89040000 - 0x00007ffd89066000 	C:\WINDOWS\SYSTEM32\bcrypt.dll
0x00007ffd88870000 - 0x00007ffd8887c000 	C:\WINDOWS\SYSTEM32\CRYPTBASE.dll
0x00007ffd879e0000 - 0x00007ffd87a13000 	C:\WINDOWS\SYSTEM32\IPHLPAPI.DLL
0x00007ffd8a240000 - 0x00007ffd8a24a000 	C:\WINDOWS\System32\NSI.dll
0x00007ffd811e0000 - 0x00007ffd811ff000 	C:\WINDOWS\SYSTEM32\dhcpcsvc6.DLL
0x00007ffd80e30000 - 0x00007ffd80e55000 	C:\WINDOWS\SYSTEM32\dhcpcsvc.DLL
0x00007ffd87ad0000 - 0x00007ffd87bf5000 	C:\WINDOWS\SYSTEM32\DNSAPI.dll
0x00007ffd51300000 - 0x00007ffd5130a000 	C:\Program Files\Java\jdk-17\bin\management.dll
0x00007ffd3a650000 - 0x00007ffd3a65b000 	C:\Program Files\Java\jdk-17\bin\management_ext.dll
0x00007ffd5c350000 - 0x00007ffd5c360000 	C:\Program Files\Java\jdk-17\bin\verify.dll
0x00007ffd70e80000 - 0x00007ffd70e99000 	C:\Users\idjjh\AppData\Local\Temp\gdal_native\zlib.dll
0x00007ffd52be0000 - 0x00007ffd52c92000 	C:\Users\idjjh\AppData\Local\Temp\gdal_native\zstd.dll
0x00007ffcec8a0000 - 0x00007ffcec99f000 	C:\Users\idjjh\AppData\Local\Temp\gdal_native\iconv-2.dll
0x00007ffd54da0000 - 0x00007ffd54dcb000 	C:\Users\idjjh\AppData\Local\Temp\gdal_native\libexpat.dll
0x00007ffcdb7f0000 - 0x00007ffcdb953000 	C:\Users\idjjh\AppData\Local\Temp\gdal_native\libxml2.dll
0x00007ffcd5cf0000 - 0x00007ffcd5f9c000 	C:\Users\idjjh\AppData\Local\Temp\gdal_native\xerces-c_3_2.dll
0x00007ffd68670000 - 0x00007ffd68690000 	C:\Users\idjjh\AppData\Local\Temp\gdal_native\pcre.dll
0x00007ffcb8b80000 - 0x00007ffcb9064000 	C:\Users\idjjh\AppData\Local\Temp\gdal_native\libcrypto-3-x64.dll
0x00007ffce29c0000 - 0x00007ffce2afa000 	C:\Users\idjjh\AppData\Local\Temp\gdal_native\libssl-3-x64.dll
0x00007ffce90c0000 - 0x00007ffce9154000 	C:\Users\idjjh\AppData\Local\Temp\gdal_native\libcurl.dll
0x00007ffd8af10000 - 0x00007ffd8af84000 	C:\WINDOWS\System32\WLDAP32.dll
0x00007ffcb88c0000 - 0x00007ffcb8b80000 	C:\Users\idjjh\AppData\Local\Temp\gdal_native\sqlite3.dll
0x00007ffcb8210000 - 0x00007ffcb88b1000 	C:\Users\idjjh\AppData\Local\Temp\gdal_native\libmysql.dll
0x00007ffd85ca0000 - 0x00007ffd85cad000 	C:\WINDOWS\SYSTEM32\Secur32.dll
0x00007ffd88330000 - 0x00007ffd88378000 	C:\WINDOWS\SYSTEM32\SSPICLI.DLL
0x0000000180000000 - 0x000000018004e000 	C:\Users\idjjh\AppData\Local\Temp\gdal_native\libpq.dll
0x00007ffcd62b0000 - 0x00007ffcd6488000 	C:\Users\idjjh\AppData\Local\Temp\gdal_native\geos.dll
0x00007ffd54d40000 - 0x00007ffd54d9c000 	C:\Users\idjjh\AppData\Local\Temp\gdal_native\geos_c.dll
0x00007ffcd5ba0000 - 0x00007ffcd5cec000 	C:\Users\idjjh\AppData\Local\Temp\gdal_native\tiff.dll
0x00007ffcb7ed0000 - 0x00007ffcb8210000 	C:\Users\idjjh\AppData\Local\Temp\gdal_native\proj_9.dll
0x00007ffd8b440000 - 0x00007ffd8b5d6000 	C:\WINDOWS\System32\ole32.dll
0x00007ffd50e80000 - 0x00007ffd50ed1000 	C:\Users\idjjh\AppData\Local\Temp\gdal_native\openjp2.dll
0x00007ffd52ba0000 - 0x00007ffd52bd5000 	C:\Users\idjjh\AppData\Local\Temp\gdal_native\libpng16.dll
0x00007ffd50e50000 - 0x00007ffd50e7a000 	C:\Users\idjjh\AppData\Local\Temp\gdal_native\freexl.dll
0x00007ffd4c5f0000 - 0x00007ffd4c613000 	C:\Users\idjjh\AppData\Local\Temp\gdal_native\ogdi.dll
0x00007ffcb71d0000 - 0x00007ffcb7ec5000 	C:\Users\idjjh\AppData\Local\Temp\gdal_native\spatialite.dll
0x00007ffcb5d80000 - 0x00007ffcb71ca000 	C:\Users\idjjh\AppData\Local\Temp\gdal_native\gdal.dll
0x00007ffd7d170000 - 0x00007ffd7d234000 	C:\WINDOWS\SYSTEM32\ODBC32.dll
0x00007ffd88e50000 - 0x00007ffd88e5a000 	C:\WINDOWS\SYSTEM32\DPAPI.DLL
0x00007ffce8bd0000 - 0x00007ffce8c78000 	C:\Users\idjjh\AppData\Local\Temp\gdal_native\gdalalljni.dll
0x00007ffd51660000 - 0x00007ffd51668000 	C:\WINDOWS\system32\wshunix.dll
0x00007ffd75d60000 - 0x00007ffd75d6b000 	C:\Windows\System32\rasadhlp.dll
0x00007ffd7e7e0000 - 0x00007ffd7e865000 	C:\WINDOWS\System32\fwpuclnt.dll

dbghelp: loaded successfully - version: 4.0.5 - missing functions: none
symbol engine: initialized successfully - sym options: 0x614 - pdb path: .;C:\Program Files\Java\jdk-17\bin;C:\WINDOWS\SYSTEM32;C:\WINDOWS\WinSxS\amd64_microsoft.windows.common-controls_6595b64144ccf1df_6.0.26100.3624_none_3e086962e3345f24;C:\Program Files\Java\jdk-17\bin\server;C:\Users\idjjh\AppData\Local\Temp\gdal_native

VM Arguments:
jvm_args: -Djava.library.path=C:\JANG\sia_task\sia-task-dev\task/src/main/resource/nativelib/window -XX:TieredStopAtLevel=1 -Dfile.encoding=x-windows-949 -Duser.country=KR -Duser.language=ko -Duser.variant 
java_command: com.sia.task.TaskApplication
java_class_path (initial): C:\JANG\sia_task\sia-task-dev\task\build\classes\java\main;C:\JANG\sia_task\sia-task-dev\task\build\resources\main;C:\Users\idjjh\.gradle\caches\modules-2\files-2.1\org.springframework.cloud\spring-cloud-starter-aws\2.2.6.RELEASE\9d7c330b3f4aa477df2db27dd875a0e63a49456\spring-cloud-starter-aws-2.2.6.RELEASE.jar;C:\Users\idjjh\.gradle\caches\modules-2\files-2.1\io.github.cdimascio\java-dotenv\5.2.2\f77d54ff193ed4b07415ab8d7b3d0550716aa8c\java-dotenv-5.2.2.jar;C:\Users\idjjh\.gradle\caches\modules-2\files-2.1\commons-fileupload\commons-fileupload\1.5\ad4ad2ab2961b4e1891472bd1a33fabefb0385f3\commons-fileupload-1.5.jar;C:\Users\idjjh\.gradle\caches\modules-2\files-2.1\org.apache.tika\tika-core\2.9.1\bfd572826e7023dd6ceeefe1b4d0f6d3d8eef507\tika-core-2.9.1.jar;C:\Users\idjjh\.gradle\caches\modules-2\files-2.1\commons-io\commons-io\2.14.0\a4c6e1f6c196339473cd2e1b037f0eb97c62755b\commons-io-2.14.0.jar;C:\Users\idjjh\.gradle\caches\modules-2\files-2.1\org.gdal\gdal\3.10.0\d229b54a2136a6a1e6e8321881789a4465e2ec50\gdal-3.10.0.jar;C:\Users\idjjh\.gradle\caches\modules-2\files-2.1\com.h2database\h2\2.3.232\4fcc05d966ccdb2812ae8b9a718f69226c0cf4e2\h2-2.3.232.jar;C:\Users\idjjh\.gradle\caches\modules-2\files-2.1\org.springframework\spring-webmvc\6.2.6\48c37c417d00b9dc12e344892b206bbbf67f0945\spring-webmvc-6.2.6.jar;C:\Users\idjjh\.gradle\caches\modules-2\files-2.1\org.springframework\spring-web\6.2.6\17a4f806e877a1064a2442fe7545b0036fb9550f\spring-web-6.2.6.jar;C:\Users\idjjh\.gradle\caches\modules-2\files-2.1\org.hibernate.orm\hibernate-core\6.6.13.Final\e7f1b2d53e89b9863dca12cd5f1b261ba413415b\hibernate-core-6.6.13.Final.jar;C:\Users\idjjh\.gradle\caches\modules-2\files-2.1\org.springframework.data\spring-data-jpa\3.4.5\40000309bebdc0e4e284211701f039eb5b1fb1a6\spring-data-jpa-3.4.5.jar;C:\Users\idjjh\.gradle\caches\modules-2\files-2.1\org.springframework\spring-aspects\6.2.6\2bb7fe48b4fef28af71be32815200c19ac95f783\spring-aspects-6.2.6.jar;C:\Users\
Launcher Type: SUN_STANDARD

[Global flags]
     intx CICompilerCount                          = 12                                        {product} {ergonomic}
     uint ConcGCThreads                            = 3                                         {product} {ergonomic}
     uint G1ConcRefinementThreads                  = 13                                        {product} {ergonomic}
   size_t G1HeapRegionSize                         = 2097152                                   {product} {ergonomic}
    uintx GCDrainStackTargetSize                   = 64                                        {product} {ergonomic}
   size_t InitialHeapSize                          = 260046848                                 {product} {ergonomic}
   size_t MarkStackSize                            = 4194304                                   {product} {ergonomic}
   size_t MaxHeapSize                              = 4139778048                                {product} {ergonomic}
   size_t MaxNewSize                               = 2483027968                                {product} {ergonomic}
   size_t MinHeapDeltaBytes                        = 2097152                                   {product} {ergonomic}
   size_t MinHeapSize                              = 8388608                                   {product} {ergonomic}
    uintx NonProfiledCodeHeapSize                  = 0                                      {pd product} {ergonomic}
     bool ProfileInterpreter                       = false                                  {pd product} {command line}
    uintx ProfiledCodeHeapSize                     = 0                                      {pd product} {ergonomic}
   size_t SoftMaxHeapSize                          = 4139778048                             {manageable} {ergonomic}
     intx TieredStopAtLevel                        = 1                                         {product} {command line}
     bool UseCompressedClassPointers               = true                           {product lp64_product} {ergonomic}
     bool UseCompressedOops                        = true                           {product lp64_product} {ergonomic}
     bool UseG1GC                                  = true                                      {product} {ergonomic}
     bool UseLargePagesIndividualAllocation        = false                                  {pd product} {ergonomic}

Logging:
Log output configuration:
 #0: stdout all=warning uptime,level,tags
 #1: stderr all=off uptime,level,tags

Environment Variables:
JAVA_HOME=C:\Program Files\Java\jdk-17
CLASSPATH=C:\JANG\sia_task\sia-task-dev\task\\gradle\wrapper\gradle-wrapper.jar
PATH=C:\Program Files\Java\jdk-17;C:\Python312\Scripts\;C:\Python312\;C:\oraclexe\app\oracle\product\11.2.0\server\bin;C:\Program Files\Common Files\Oracle\Java\javapath;C:\Windows\system32;C:\Windows;C:\Windows\System32\Wbem;C:\Windows\System32\WindowsPowerShell\v1.0\;C:\Windows\System32\OpenSSH\;C:\Program Files (x86)\NVIDIA Corporation\PhysX\Common;C:\WINDOWS\system32;C:\WINDOWS;C:\WINDOWS\System32\Wbem;C:\WINDOWS\System32\WindowsPowerShell\v1.0\;C:\WINDOWS\System32\OpenSSH\;C:\Program Files\Git\cmd;C:\ProgramData\chocolatey\bin;C:\nodejs;C:\Program Files\NVIDIA Corporation\NVIDIA app\NvDLISR;C:\Program Files\Docker\Docker\resources\bin;C:\Program Files\nodejs\;C:\Users\idjjh\AppData\Local\Programs\Python\Python313\Scripts\;C:\Users\idjjh\AppData\Local\Programs\Python\Python313\;C:\Users\idjjh\AppData\Local\Microsoft\WindowsApps;C:\apache-maven-3.9.9\bin;C:\Users\idjjh\AppData\Roaming\npm;C:\Program Files\Git\bin;C:\Python312\Scripts\;;C:\JANG\sia_task\sia-task-dev\task/src/main/resources/nativelib/window
USERNAME=junhee
LANG=en_US.UTF-8
OS=Windows_NT
PROCESSOR_IDENTIFIER=AMD64 Family 23 Model 96 Stepping 1, AuthenticAMD



---------------  S Y S T E M  ---------------

OS:
 Windows 11 , 64 bit Build 26100 (10.0.26100.3775)
OS uptime: 0 days 2:50 hours
Hyper-V role detected

CPU: total 16 (initial active 16) (16 cores per cpu, 2 threads per core) family 23 model 96 stepping 1 microcode 0x8600104, cx8, cmov, fxsr, ht, mmx, 3dnowpref, sse, sse2, sse3, ssse3, sse4a, sse4.1, sse4.2, popcnt, lzcnt, tsc, tscinvbit, avx, avx2, aes, clmul, bmi1, bmi2, adx, sha, fma, vzeroupper, clflush, clflushopt, hv

Memory: 4k page, system-wide physical 15789M (3293M free)
TotalPageFile size 22189M (AvailPageFile size 1285M)
current process WorkingSet (physical memory assigned to process): 261M, peak: 290M
current process commit charge ("private bytes"): 323M, peak: 386M

vm_info: Java HotSpot(TM) 64-Bit Server VM (17.0.10+11-LTS-240) for windows-amd64 JRE (17.0.10+11-LTS-240), built on Dec 19 2023 21:47:25 by "mach5one" with MS VC++ 17.1 (VS2022)

END.
