#
# A fatal error has been detected by the Java Runtime Environment:
#
#  EXCEPTION_ACCESS_VIOLATION (0xc0000005) at pc=0x00007ffd5c4532a8, pid=29480, tid=8332
#
# JRE version: Java(TM) SE Runtime Environment (17.0.10+11) (build 17.0.10+11-LTS-240)
# Java VM: Java HotSpot(TM) 64-Bit Server VM (17.0.10+11-LTS-240, mixed mode, emulated-client, sharing, tiered, compressed oops, compressed class ptrs, g1 gc, windows-amd64)
# Problematic frame:
# C  [msvcp140.dll+0x132a8]
#
# No core dump will be written. Minidumps are not enabled by default on client versions of Windows
#
# If you would like to submit a bug report, please visit:
#   https://bugreport.java.com/bugreport/crash.jsp
# The crash happened outside the Java Virtual Machine in native code.
# See problematic frame for where to report the bug.
#

---------------  S U M M A R Y ------------

Command Line: -Djava.library.path=C:\JANG\sia_task\sia-task-dev\task\src\main\resources\nativelib\window -XX:TieredStopAtLevel=1 -Dfile.encoding=x-windows-949 -Duser.country=KR -Duser.language=ko -Duser.variant com.sia.task.TaskApplication

Host: AMD Ryzen 9 4900HS with Radeon Graphics         , 16 cores, 15G,  Windows 11 , 64 bit Build 26100 (10.0.26100.3775)
Time: Sun Apr 27 23:31:45 2025  Windows 11 , 64 bit Build 26100 (10.0.26100.3775) elapsed time: 17.384644 seconds (0d 0h 0m 17s)

---------------  T H R E A D  ---------------

Current thread (0x00000188e0dc8f00):  JavaThread "http-nio-8080-exec-6" daemon [_thread_in_native, id=8332, stack(0x0000006e06800000,0x0000006e06900000)]

Stack: [0x0000006e06800000,0x0000006e06900000],  sp=0x0000006e068fcb70,  free space=1010k
Native frames: (J=compiled Java code, j=interpreted, Vv=VM code, C=native code)
C  [msvcp140.dll+0x132a8]
C  [gdal.dll+0xc2757d]

Java frames: (J=compiled Java code, j=interpreted, Vv=VM code)
j  org.gdal.gdal.gdalJNI.Open__SWIG_1(Ljava/lang/String;)J+0
j  org.gdal.gdal.gdal.Open(Ljava/lang/String;)Lorg/gdal/gdal/Dataset;+1
j  com.sia.task.service.ConvertCOGService.fileConvertCOG(Ljava/util/List;)V+457
j  com.sia.task.service.FileProcessingService.fileProcessing(Ljava/util/List;)V+14
j  com.sia.task.controller.FileProcessingController.fileProcessing(Lcom/sia/task/fileDTO/FileDTO;)Lorg/springframework/http/ResponseEntity;+39
v  ~StubRoutines::call_stub
J 3828  jdk.internal.reflect.NativeMethodAccessorImpl.invoke0(Ljava/lang/reflect/Method;Ljava/lang/Object;[Ljava/lang/Object;)Ljava/lang/Object; java.base@17.0.10 (0 bytes) @ 0x000001888a986aa7 [0x000001888a986a20+0x0000000000000087]
J 3827 c1 jdk.internal.reflect.NativeMethodAccessorImpl.invoke(Ljava/lang/Object;[Ljava/lang/Object;)Ljava/lang/Object; java.base@17.0.10 (137 bytes) @ 0x000001888a9872cc [0x000001888a986f80+0x000000000000034c]
J 3816 c1 jdk.internal.reflect.DelegatingMethodAccessorImpl.invoke(Ljava/lang/Object;[Ljava/lang/Object;)Ljava/lang/Object; java.base@17.0.10 (10 bytes) @ 0x000001888a984164 [0x000001888a984120+0x0000000000000044]
J 3818 c1 java.lang.reflect.Method.invoke(Ljava/lang/Object;[Ljava/lang/Object;)Ljava/lang/Object; java.base@17.0.10 (65 bytes) @ 0x000001888a98496c [0x000001888a984860+0x000000000000010c]
j  org.springframework.web.method.support.InvocableHandlerMethod.doInvoke([Ljava/lang/Object;)Ljava/lang/Object;+55
j  org.springframework.web.method.support.InvocableHandlerMethod.invokeForRequest(Lorg/springframework/web/context/request/NativeWebRequest;Lorg/springframework/web/method/support/ModelAndViewContainer;[Ljava/lang/Object;)Ljava/lang/Object;+82
j  org.springframework.web.servlet.mvc.method.annotation.ServletInvocableHandlerMethod.invokeAndHandle(Lorg/springframework/web/context/request/ServletWebRequest;Lorg/springframework/web/method/support/ModelAndViewContainer;[Ljava/lang/Object;)V+4
j  org.springframework.web.servlet.mvc.method.annotation.RequestMappingHandlerAdapter.invokeHandlerMethod(Ljakarta/servlet/http/HttpServletRequest;Ljakarta/servlet/http/HttpServletResponse;Lorg/springframework/web/method/HandlerMethod;)Lorg/springframework/web/servlet/ModelAndView;+309
j  org.springframework.web.servlet.mvc.method.annotation.RequestMappingHandlerAdapter.handleInternal(Ljakarta/servlet/http/HttpServletRequest;Ljakarta/servlet/http/HttpServletResponse;Lorg/springframework/web/method/HandlerMethod;)Lorg/springframework/web/servlet/ModelAndView;+81
j  org.springframework.web.servlet.mvc.method.AbstractHandlerMethodAdapter.handle(Ljakarta/servlet/http/HttpServletRequest;Ljakarta/servlet/http/HttpServletResponse;Ljava/lang/Object;)Lorg/springframework/web/servlet/ModelAndView;+7
j  org.springframework.web.servlet.DispatcherServlet.doDispatch(Ljakarta/servlet/http/HttpServletRequest;Ljakarta/servlet/http/HttpServletResponse;)V+304
j  org.springframework.web.servlet.DispatcherServlet.doService(Ljakarta/servlet/http/HttpServletRequest;Ljakarta/servlet/http/HttpServletResponse;)V+242
j  org.springframework.web.servlet.FrameworkServlet.processRequest(Ljakarta/servlet/http/HttpServletRequest;Ljakarta/servlet/http/HttpServletResponse;)V+70
j  org.springframework.web.servlet.FrameworkServlet.doPost(Ljakarta/servlet/http/HttpServletRequest;Ljakarta/servlet/http/HttpServletResponse;)V+3
j  jakarta.servlet.http.HttpServlet.service(Ljakarta/servlet/http/HttpServletRequest;Ljakarta/servlet/http/HttpServletResponse;)V+150
j  org.springframework.web.servlet.FrameworkServlet.service(Ljakarta/servlet/http/HttpServletRequest;Ljakarta/servlet/http/HttpServletResponse;)V+20
j  jakarta.servlet.http.HttpServlet.service(Ljakarta/servlet/ServletRequest;Ljakarta/servlet/ServletResponse;)V+37
j  org.apache.catalina.core.ApplicationFilterChain.internalDoFilter(Ljakarta/servlet/ServletRequest;Ljakarta/servlet/ServletResponse;)V+300
j  org.apache.catalina.core.ApplicationFilterChain.doFilter(Ljakarta/servlet/ServletRequest;Ljakarta/servlet/ServletResponse;)V+99
j  org.apache.tomcat.websocket.server.WsFilter.doFilter(Ljakarta/servlet/ServletRequest;Ljakarta/servlet/ServletResponse;Ljakarta/servlet/FilterChain;)V+21
j  org.apache.catalina.core.ApplicationFilterChain.internalDoFilter(Ljakarta/servlet/ServletRequest;Ljakarta/servlet/ServletResponse;)V+130
j  org.apache.catalina.core.ApplicationFilterChain.doFilter(Ljakarta/servlet/ServletRequest;Ljakarta/servlet/ServletResponse;)V+99
j  org.springframework.web.filter.RequestContextFilter.doFilterInternal(Ljakarta/servlet/http/HttpServletRequest;Ljakarta/servlet/http/HttpServletResponse;Ljakarta/servlet/FilterChain;)V+21
j  org.springframework.web.filter.OncePerRequestFilter.doFilter(Ljakarta/servlet/ServletRequest;Ljakarta/servlet/ServletResponse;Ljakarta/servlet/FilterChain;)V+150
j  org.apache.catalina.core.ApplicationFilterChain.internalDoFilter(Ljakarta/servlet/ServletRequest;Ljakarta/servlet/ServletResponse;)V+130
j  org.apache.catalina.core.ApplicationFilterChain.doFilter(Ljakarta/servlet/ServletRequest;Ljakarta/servlet/ServletResponse;)V+99
j  org.springframework.web.filter.FormContentFilter.doFilterInternal(Ljakarta/servlet/http/HttpServletRequest;Ljakarta/servlet/http/HttpServletResponse;Ljakarta/servlet/FilterChain;)V+38
j  org.springframework.web.filter.OncePerRequestFilter.doFilter(Ljakarta/servlet/ServletRequest;Ljakarta/servlet/ServletResponse;Ljakarta/servlet/FilterChain;)V+150
j  org.apache.catalina.core.ApplicationFilterChain.internalDoFilter(Ljakarta/servlet/ServletRequest;Ljakarta/servlet/ServletResponse;)V+130
j  org.apache.catalina.core.ApplicationFilterChain.doFilter(Ljakarta/servlet/ServletRequest;Ljakarta/servlet/ServletResponse;)V+99
j  org.springframework.web.filter.CharacterEncodingFilter.doFilterInternal(Ljakarta/servlet/http/HttpServletRequest;Ljakarta/servlet/http/HttpServletResponse;Ljakarta/servlet/FilterChain;)V+53
j  org.springframework.web.filter.OncePerRequestFilter.doFilter(Ljakarta/servlet/ServletRequest;Ljakarta/servlet/ServletResponse;Ljakarta/servlet/FilterChain;)V+150
j  org.apache.catalina.core.ApplicationFilterChain.internalDoFilter(Ljakarta/servlet/ServletRequest;Ljakarta/servlet/ServletResponse;)V+130
j  org.apache.catalina.core.ApplicationFilterChain.doFilter(Ljakarta/servlet/ServletRequest;Ljakarta/servlet/ServletResponse;)V+99
j  org.apache.catalina.core.StandardWrapperValve.invoke(Lorg/apache/catalina/connector/Request;Lorg/apache/catalina/connector/Response;)V+514
j  org.apache.catalina.core.StandardContextValve.invoke(Lorg/apache/catalina/connector/Request;Lorg/apache/catalina/connector/Response;)V+169
j  org.apache.catalina.authenticator.AuthenticatorBase.invoke(Lorg/apache/catalina/connector/Request;Lorg/apache/catalina/connector/Response;)V+221
j  org.apache.catalina.core.StandardHostValve.invoke(Lorg/apache/catalina/connector/Request;Lorg/apache/catalina/connector/Response;)V+131
j  org.apache.catalina.valves.ErrorReportValve.invoke(Lorg/apache/catalina/connector/Request;Lorg/apache/catalina/connector/Response;)V+6
j  org.apache.catalina.core.StandardEngineValve.invoke(Lorg/apache/catalina/connector/Request;Lorg/apache/catalina/connector/Response;)V+59
j  org.apache.catalina.connector.CoyoteAdapter.service(Lorg/apache/coyote/Request;Lorg/apache/coyote/Response;)V+188
j  org.apache.coyote.http11.Http11Processor.service(Lorg/apache/tomcat/util/net/SocketWrapperBase;)Lorg/apache/tomcat/util/net/AbstractEndpoint$Handler$SocketState;+796
j  org.apache.coyote.AbstractProcessorLight.process(Lorg/apache/tomcat/util/net/SocketWrapperBase;Lorg/apache/tomcat/util/net/SocketEvent;)Lorg/apache/tomcat/util/net/AbstractEndpoint$Handler$SocketState;+155
j  org.apache.coyote.AbstractProtocol$ConnectionHandler.process(Lorg/apache/tomcat/util/net/SocketWrapperBase;Lorg/apache/tomcat/util/net/SocketEvent;)Lorg/apache/tomcat/util/net/AbstractEndpoint$Handler$SocketState;+482
j  org.apache.tomcat.util.net.NioEndpoint$SocketProcessor.doRun()V+249
j  org.apache.tomcat.util.net.SocketProcessorBase.run()V+32
j  org.apache.tomcat.util.threads.ThreadPoolExecutor.runWorker(Lorg/apache/tomcat/util/threads/ThreadPoolExecutor$Worker;)V+92
j  org.apache.tomcat.util.threads.ThreadPoolExecutor$Worker.run()V+5
j  org.apache.tomcat.util.threads.TaskThread$WrappingRunnable.run()V+4
j  java.lang.Thread.run()V+11 java.base@17.0.10
v  ~StubRoutines::call_stub

siginfo: EXCEPTION_ACCESS_VIOLATION (0xc0000005), reading address 0x0000000000000000


Registers:
RAX=0x0000000000000000, RBX=0x00000188e1249500, RCX=0x00007ffcbd4d86f8, RDX=0x0000000000000000
RSP=0x0000006e068fcb70, RBP=0x0000006e068fce00, RSI=0x00007ffcbd4d86f0, RDI=0x0000000000004000
R8 =0x0000000000000009, R9 =0x0000000000000040, R10=0xfefefefefefefeff, R11=0x8080808080808080
R12=0x0000006e068fce50, R13=0x0000000000000000, R14=0x0000000000000000, R15=0x00007ffcbd4d8738
RIP=0x00007ffd5c4532a8, EFLAGS=0x0000000000010282


Register to memory mapping:

RIP=0x00007ffd5c4532a8 msvcp140.dll
RAX=0x0 is NULL
RBX=0x00000188e1249500 points into unknown readable memory: 0x73726573555c3a43 | 43 3a 5c 55 73 65 72 73
RCX=0x00007ffcbd4d86f8 gdal.dll
RDX=0x0 is NULL
RSP=0x0000006e068fcb70 is pointing into the stack for thread: 0x00000188e0dc8f00
RBP=0x0000006e068fce00 is pointing into the stack for thread: 0x00000188e0dc8f00
RSI=0x00007ffcbd4d86f0 gdal.dll
RDI=0x0000000000004000 is an unknown value
R8 =0x0000000000000009 is an unknown value
R9 =0x0000000000000040 is an unknown value
R10=0xfefefefefefefeff is an unknown value
R11=0x8080808080808080 is an unknown value
R12=0x0000006e068fce50 is pointing into the stack for thread: 0x00000188e0dc8f00
R13=0x0 is NULL
R14=0x0 is NULL
R15=0x00007ffcbd4d8738 gdal.dll


Top of Stack: (sp=0x0000006e068fcb70)
0x0000006e068fcb70:   0000000000000002 0000000000000000
0x0000006e068fcb80:   0000000000000000 0000000000000000
0x0000006e068fcb90:   0000000000000000 0000000000000000
0x0000006e068fcba0:   000028944ba4a0a4 00000188e1249550
0x0000006e068fcbb0:   0000000000000042 00000188e1249550
0x0000006e068fcbc0:   0000000000004000 00007ffcbcd8757d
0x0000006e068fcbd0:   00000188803d0000 000000000000003a
0x0000006e068fcbe0:   00000188e1249500 ffffffffffffffff
0x0000006e068fcbf0:   00007ffcbd4d86f0 00007ffcbc17c93e
0x0000006e068fcc00:   000000000000003a 00000188e0dc8f00
0x0000006e068fcc10:   000001889a453e48 0000ccb580484c1e
0x0000006e068fcc20:   0000000000000042 00000188e1249550
0x0000006e068fcc30:   0000000000000000 0000000000000000
0x0000006e068fcc40:   0000000000004000 ffffffffffffffff
0x0000006e068fcc50:   0000006e068fce00 00007ffcbcd86d8d
0x0000006e068fcc60:   0000006e068fce10 0000006e068fd0f0 

Instructions: (pc=0x00007ffd5c4532a8)
0x00007ffd5c4531a8:   48 89 01 48 83 c1 08 48 83 c4 28 48 ff 25 26 30
0x00007ffd5c4531b8:   04 00 48 8d 05 37 70 04 00 45 33 c0 48 89 01 ba
0x00007ffd5c4531c8:   a0 0f 00 00 48 83 c1 08 48 83 c4 28 48 ff 25 ed
0x00007ffd5c4531d8:   2f 04 00 cc cc cc cc cc 48 83 c1 08 48 ff 25 cd
0x00007ffd5c4531e8:   2f 04 00 cc cc cc cc cc 48 83 c1 08 48 ff 25 dd
0x00007ffd5c4531f8:   2f 04 00 cc cc cc cc cc 48 83 c1 08 48 ff 25 45
0x00007ffd5c453208:   2e 04 00 cc 48 89 5c 24 18 48 89 74 24 20 57 41
0x00007ffd5c453218:   56 41 57 48 83 ec 40 48 8b 05 0a 11 07 00 48 33
0x00007ffd5c453228:   c4 48 89 44 24 30 8b 01 4c 8b f2 0f ba f0 08 48
0x00007ffd5c453238:   8b f1 83 f8 01 75 4a ff 15 b3 2f 04 00 39 46 48
0x00007ffd5c453248:   74 19 48 8d 4e 08 48 8b 01 48 8b 00 ff 15 6e 34
0x00007ffd5c453258:   04 00 ff 15 98 2f 04 00 89 46 48 ff 46 4c 33 c0
0x00007ffd5c453268:   48 8b 4c 24 30 48 33 cc e8 cb fd 03 00 48 8b 5c
0x00007ffd5c453278:   24 70 48 8b 74 24 78 48 83 c4 40 41 5f 41 5e 5f
0x00007ffd5c453288:   c3 4d 85 f6 75 28 4c 8d 79 48 ff 15 60 2f 04 00
0x00007ffd5c453298:   41 39 07 0f 84 ad 00 00 00 48 8d 4e 08 48 8b 01
0x00007ffd5c4532a8:   48 8b 00 ff 15 17 34 04 00 e9 98 00 00 00 48 83
0x00007ffd5c4532b8:   3a 00 7c 6e 75 06 83 7a 08 00 7e 66 ba 01 00 00
0x00007ffd5c4532c8:   00 48 8d 4c 24 20 e8 2d 09 00 00 48 8b 44 24 20
0x00007ffd5c4532d8:   49 3b 06 7c 14 0f 85 b3 00 00 00 41 8b 46 08 39
0x00007ffd5c4532e8:   44 24 28 0f 8d a5 00 00 00 4c 8d 7e 48 ff 15 fd
0x00007ffd5c4532f8:   2e 04 00 41 39 07 74 4e 48 8b 46 08 48 8d 54 24
0x00007ffd5c453308:   20 49 8b ce 48 8b 58 10 e8 db 07 00 00 8b d0 48
0x00007ffd5c453318:   8d 4e 08 48 8b c3 ff 15 a4 33 04 00 84 c0 74 9c
0x00007ffd5c453328:   eb 24 4c 8d 79 48 ff 15 c4 2e 04 00 41 39 07 74
0x00007ffd5c453338:   15 48 8d 4e 08 48 8b 01 48 8b 40 08 ff 15 7e 33
0x00007ffd5c453348:   04 00 84 c0 74 48 8b 4e 4c 33 db bf 02 01 00 00
0x00007ffd5c453358:   8d 41 01 89 46 4c 83 f8 01 7e 0f f7 06 00 01 00
0x00007ffd5c453368:   00 75 10 89 4e 4c 8b df eb 09 ff 15 80 2e 04 00
0x00007ffd5c453378:   41 89 07 85 db 0f 84 e3 fe ff ff 3b df 74 0a b8
0x00007ffd5c453388:   04 00 00 00 e9 d7 fe ff ff 4d 85 f6 74 20 49 83
0x00007ffd5c453398:   3e 00 75 10 41 8b 46 08 f7 d8 1b c0 83 c0 03 e9 


Stack slot to memory mapping:
stack at sp + 0 slots: 0x0000000000000002 is an unknown value
stack at sp + 1 slots: 0x0 is NULL
stack at sp + 2 slots: 0x0 is NULL
stack at sp + 3 slots: 0x0 is NULL
stack at sp + 4 slots: 0x0 is NULL
stack at sp + 5 slots: 0x0 is NULL
stack at sp + 6 slots: 0x000028944ba4a0a4 is an unknown value
stack at sp + 7 slots: 0x00000188e1249550 points into unknown readable memory: 0x73726573555c3a43 | 43 3a 5c 55 73 65 72 73


Compiled method (n/a)   17449 3828     n 0       jdk.internal.reflect.NativeMethodAccessorImpl::invoke0 (native)
 total in heap  [0x000001888a986890,0x000001888a986d30] = 1184
 relocation     [0x000001888a9869e8,0x000001888a986a20] = 56
 main code      [0x000001888a986a20,0x000001888a986d30] = 784

[Constant Pool (empty)]

[MachCode]
[Entry Point]
  # {method} {0x000001889a1c4290} 'invoke0' '(Ljava/lang/reflect/Method;Ljava/lang/Object;[Ljava/lang/Object;)Ljava/lang/Object;' in 'jdk/internal/reflect/NativeMethodAccessorImpl'
  # parm0:    rdx:rdx   = 'java/lang/reflect/Method'
  # parm1:    r8:r8     = 'java/lang/Object'
  # parm2:    r9:r9     = '[Ljava/lang/Object;'
  #           [sp+0x80]  (sp of caller)
  0x000001888a986a20: 448b 5208 | 49bb 0000 | 009a 8801 | 0000 4d03 | d349 3bc2 | 0f84 0600 

  0x000001888a986a38: ;   {runtime_call ic_miss_stub}
  0x000001888a986a38: 0000 e941 | 6061 ff90 
[Verified Entry Point]
  0x000001888a986a40: 8984 2400 | 90ff ff55 | 488b ec48 | 83ec 704c | 894c 2438 | 4983 f900 | 488d 4424 | 3848 0f44 
  0x000001888a986a60: 4424 3848 | 8944 2420 | 4c89 4424 | 3049 83f8 | 004c 8d4c | 2430 4c0f | 444c 2430 | 4889 5424 
  0x000001888a986a80: 2848 83fa | 004c 8d44 | 2428 4c0f | 4444 2428 

  0x000001888a986a90: ;   {oop(a 'java/lang/Class'{0x0000000709792460} = 'jdk/internal/reflect/NativeMethodAccessorImpl')}
  0x000001888a986a90: 49be 6024 | 7909 0700 | 0000 4c89 | 7424 584c | 8d74 2458 | 498b d6c5 

  0x000001888a986aa8: ;   {internal_word}
  0x000001888a986aa8: f877 49ba | a76a 988a | 8801 0000 | 4d89 9798 | 0200 0049 | 89a7 9002 

  0x000001888a986ac0: ;   {external_word}
  0x000001888a986ac0: 0000 49ba | e380 a7d5 | fc7f 0000 | 4180 3a00 | 0f84 5200 | 0000 5241 

  0x000001888a986ad8: ;   {metadata({method} {0x000001889a1c4290} 'invoke0' '(Ljava/lang/reflect/Method;Ljava/lang/Object;[Ljava/lang/Object;)Ljava/lang/Object;' in 'jdk/internal/reflect/NativeMethodAccessorImpl')}
  0x000001888a986ad8: 5041 5148 | ba88 421c | 9a88 0100 | 0049 8bcf | 4883 ec20 | f7c4 0f00 | 0000 0f84 | 1a00 0000 
  0x000001888a986af8: 4883 ec08 

  0x000001888a986afc: ;   {runtime_call}
  0x000001888a986afc: 49ba 00d6 | 64d5 fc7f | 0000 41ff | d248 83c4 | 08e9 0d00 

  0x000001888a986b10: ;   {runtime_call}
  0x000001888a986b10: 0000 49ba | 00d6 64d5 | fc7f 0000 | 41ff d248 | 83c4 2041 | 5941 585a | 498d 8fb0 | 0200 0041 
  0x000001888a986b30: c787 4003 | 0000 0400 

  0x000001888a986b38: ;   {runtime_call}
  0x000001888a986b38: 0000 49ba | a43e 385c | fd7f 0000 | 41ff d2c5 | f877 41c7 | 8740 0300 | 0005 0000 | 00f0 8344 
  0x000001888a986b58: 24c0 0049 | 3baf 4803 | 0000 0f87 | 1100 0000 | 4181 bf30 | 0300 0000 | 0000 000f | 842c 0000 
  0x000001888a986b78: 00c5 f877 | 4889 45f8 | 498b cf4c | 8be4 4883 | ec20 4883 

  0x000001888a986b8c: ;   {runtime_call}
  0x000001888a986b8c: e4f0 49ba | 408d 6fd5 | fc7f 0000 | 41ff d249 | 8be4 4d33 | e448 8b45 | f841 c787 | 4003 0000 
  0x000001888a986bac: 0800 0000 | 4181 bfb0 | 0300 0002 | 0000 000f | 843f 0100 

  0x000001888a986bc0: ;   {external_word}
  0x000001888a986bc0: 0049 bae3 | 80a7 d5fc | 7f00 0041 | 803a 000f | 8450 0000 | 0048 8945 

  0x000001888a986bd8: ;   {metadata({method} {0x000001889a1c4290} 'invoke0' '(Ljava/lang/reflect/Method;Ljava/lang/Object;[Ljava/lang/Object;)Ljava/lang/Object;' in 'jdk/internal/reflect/NativeMethodAccessorImpl')}
  0x000001888a986bd8: f848 ba88 | 421c 9a88 | 0100 0049 | 8bcf 4883 | ec20 f7c4 | 0f00 0000 | 0f84 1a00 | 0000 4883 
  0x000001888a986bf8: ;   {runtime_call}
  0x000001888a986bf8: ec08 49ba | 00d6 64d5 | fc7f 0000 | 41ff d248 | 83c4 08e9 | 0d00 0000 

  0x000001888a986c10: ;   {runtime_call}
  0x000001888a986c10: 49ba 00d6 | 64d5 fc7f | 0000 41ff | d248 83c4 | 2048 8b45 | f849 c787 | 9002 0000 | 0000 0000 
  0x000001888a986c30: 49c7 8798 | 0200 0000 | 0000 00c5 | f877 4885 | c00f 8493 | 0000 0048 | f7c0 0100 | 0000 0f84 
  0x000001888a986c50: 8300 0000 | 488b 40ff | 4180 7f38 | 000f 846f | 0000 0048 | 83f8 000f | 8465 0000 | 0049 8b4f 
  0x000001888a986c70: 2048 83f9 | 000f 8414 | 0000 0048 | 83e9 0849 | 894f 2049 | 034f 3048 | 8901 e943 | 0000 0050 
  0x000001888a986c90: 498b d748 | 8bc8 4883 | ec20 f7c4 | 0f00 0000 | 0f84 1a00 | 0000 4883 

  0x000001888a986ca8: ;   {runtime_call}
  0x000001888a986ca8: ec08 49ba | 3009 24d5 | fc7f 0000 | 41ff d248 | 83c4 08e9 | 0d00 0000 

  0x000001888a986cc0: ;   {runtime_call}
  0x000001888a986cc0: 49ba 3009 | 24d5 fc7f | 0000 41ff | d248 83c4 | 2058 e903 | 0000 0048 | 8b00 498b | 8fd8 0000 
  0x000001888a986ce0: 00c7 8100 | 0100 0000 | 0000 00c9 | 4981 7f08 | 0000 0000 | 0f85 0100 

  0x000001888a986cf8: ;   {runtime_call StubRoutines (1)}
  0x000001888a986cf8: 0000 c3e9 | 00a2 5cff | c5f8 7748 | 8945 f84c | 8be4 4883 | ec20 4883 

  0x000001888a986d10: ;   {runtime_call}
  0x000001888a986d10: e4f0 49ba | a006 65d5 | fc7f 0000 | 41ff d249 | 8be4 4d33 | e448 8b45 | f8e9 93fe | ffff f4f4 
[/MachCode]


Compiled method (c1)   17468 3827   !   1       jdk.internal.reflect.NativeMethodAccessorImpl::invoke (137 bytes)
 total in heap  [0x000001888a986d90,0x000001888a9877d0] = 2624
 relocation     [0x000001888a986ee8,0x000001888a986f70] = 136
 main code      [0x000001888a986f80,0x000001888a9873e0] = 1120
 stub code      [0x000001888a9873e0,0x000001888a987468] = 136
 metadata       [0x000001888a987468,0x000001888a987488] = 32
 scopes data    [0x000001888a987488,0x000001888a987548] = 192
 scopes pcs     [0x000001888a987548,0x000001888a987668] = 288
 dependencies   [0x000001888a987668,0x000001888a987670] = 8
 handler table  [0x000001888a987670,0x000001888a987790] = 288
 nul chk table  [0x000001888a987790,0x000001888a9877d0] = 64

[Constant Pool (empty)]

[MachCode]
[Entry Point]
  # {method} {0x000001889a1c3d68} 'invoke' '(Ljava/lang/Object;[Ljava/lang/Object;)Ljava/lang/Object;' in 'jdk/internal/reflect/NativeMethodAccessorImpl'
  # this:     rdx:rdx   = 'jdk/internal/reflect/NativeMethodAccessorImpl'
  # parm0:    r8:r8     = 'java/lang/Object'
  # parm1:    r9:r9     = '[Ljava/lang/Object;'
  #           [sp+0xd0]  (sp of caller)
  0x000001888a986f80: 448b 5208 | 49bb 0000 | 009a 8801 | 0000 4d03 | d34c 3bd0 

  0x000001888a986f94: ;   {runtime_call ic_miss_stub}
  0x000001888a986f94: 0f85 e65a | 61ff 660f | 1f44 0000 
[Verified Entry Point]
  0x000001888a986fa0: 8984 2400 | 90ff ff55 | 4881 ecc0 | 0000 0048 | 8954 2470 | 8b72 0cff | c689 720c 

  0x000001888a986fbc: ;   {oop(a 'java/lang/Class'{0x00000007097f48f8} = 'jdk/internal/reflect/ReflectionFactory')}
  0x000001888a986fbc: 48bf f848 | 7f09 0700 | 0000 8b7f | 783b f70f | 8f08 0000 | 0048 8bf2 | e9e2 0200 | 004c 898c 
  0x000001888a986fdc: 2480 0000 | 004c 8944 | 2478 8b72 | 1448 c1e6 | 038b 7624 | 48c1 e603 

  0x000001888a986ff4: ; implicit exception: dispatches to 0x000001888a98731a
  0x000001888a986ff4: 483b 0648 | 8bd6 0f1f 

  0x000001888a986ffc: ;   {optimized virtual_call}
  0x000001888a986ffc: 4400 00e8 

  0x000001888a987000: ; ImmutableOopMap {[112]=Oop [128]=Oop [120]=Oop }
                      ;*invokevirtual isHidden {reexecute=0 rethrow=0 return_oop=0}
                      ; - jdk.internal.reflect.NativeMethodAccessorImpl::invoke@24 (line 57)
  0x000001888a987000: bc21 9bff | 83f8 000f | 8417 0000 | 004c 8b8c | 2480 0000 | 004c 8b44 | 2478 488b | 7424 70e9 
  0x000001888a987020: 9702 0000 | 488b 5424 | 708b 4210 | 83f8 000f | 8415 0000 | 004c 8b8c | 2480 0000 | 004c 8b44 
  0x000001888a987040: 2478 488b | f2e9 7102 | 0000 488d | 7210 b800 | 0000 00bf | 0100 0000 | f00f b13e | be01 0000 
  0x000001888a987060: 000f 8405 | 0000 00be | 0000 0000 | 83fe 000f | 8515 0000 | 004c 8b8c | 2480 0000 | 004c 8b44 
  0x000001888a987080: 2478 488b | f2e9 3102 | 0000 488b 

  0x000001888a98708c: ;   {metadata('jdk/internal/reflect/MethodAccessorGenerator')}
  0x000001888a98708c: da48 ba68 | 360f 9b88 | 0100 0049 | 8b87 0801 | 0000 488d | b890 0000 | 0049 3bbf | 1801 0000 
  0x000001888a9870ac: 0f87 6d02 | 0000 4989 | bf08 0100 | 0048 c700 | 0100 0000 | 488b ca49 | ba00 0000 | 9a88 0100 
  0x000001888a9870cc: 0049 2bca | 8948 0848 | 33c9 8948 | 0c48 33c9 | 48bf 1000 | 0000 0000 | 0000 4889 | 4cf8 0848 
  0x000001888a9870ec: ffcf 75f6 | ba1e 0000 | 0066 8950 | 6aba 4900 | 0000 6689 | 506c 8b53 | 1448 c1e2 | 038b 7224 
  0x000001888a98710c: 48c1 e603 | 8b7a 2848 | c1e7 038b | 5230 48c1 | e203 4889 | 8424 9800 | 0000 4889 | bc24 9000 
  0x000001888a98712c: 0000 4889 | b424 8800 | 0000 0f1f | 8000 0000 | 0048 b878 | 1c00 9a88 

  0x000001888a987144: ;   {virtual_call}
  0x000001888a987144: 0100 00e8 

  0x000001888a987148: ; ImmutableOopMap {[128]=Oop [120]=Oop [152]=Oop [112]=Oop [144]=Oop [136]=Oop }
                      ;*invokevirtual clone {reexecute=0 rethrow=0 return_oop=0}
                      ; - java.lang.reflect.Method::getParameterTypes@4 (line 314)
                      ; - jdk.internal.reflect.NativeMethodAccessorImpl::invoke@77 (line 65)
  0x000001888a987148: d454 93ff | 4883 f800 | 0f84 2900 

  0x000001888a987154: ;   {metadata('java/lang/Class'[])}
  0x000001888a987154: 0000 48bb | 781c 009a | 8801 0000 | 8b78 0849 | ba00 0000 | 9a88 0100 | 0049 03fa | 483b 5f40 
  0x000001888a987174: 0f85 b701 | 0000 e900 | 0000 0048 | 8bf0 488b | 5424 708b | 7a14 48c1 | e703 8b5f | 2c48 c1e3 
  0x000001888a987194: 038b 7f34 | 48c1 e703 | 488b d748 | 899c 24a8 | 0000 0048 | 89b4 24a0 | 0000 0066 | 0f1f 4400 
  0x000001888a9871b4: 0048 b878 | 1c00 9a88 

  0x000001888a9871bc: ;   {virtual_call}
  0x000001888a9871bc: 0100 00e8 

  0x000001888a9871c0: ; ImmutableOopMap {[128]=Oop [120]=Oop [152]=Oop [144]=Oop [136]=Oop [112]=Oop [168]=Oop [160]=Oop }
                      ;*invokevirtual clone {reexecute=0 rethrow=0 return_oop=0}
                      ; - java.lang.reflect.Method::getExceptionTypes@4 (line 341)
                      ; - jdk.internal.reflect.NativeMethodAccessorImpl::invoke@91 (line 67)
  0x000001888a9871c0: 5c54 93ff | 4883 f800 | 0f84 2a00 

  0x000001888a9871cc: ;   {metadata('java/lang/Class'[])}
  0x000001888a9871cc: 0000 48bf | 781c 009a | 8801 0000 | 448b 4808 | 49ba 0000 | 009a 8801 | 0000 4d03 | ca49 3b79 
  0x000001888a9871ec: 400f 854c | 0100 00e9 | 0000 0000 | 488b c848 | 8b54 2470 | 448b 4214 | 49c1 e003 

  0x000001888a987208: ; implicit exception: dispatches to 0x000001888a987348
  0x000001888a987208: 418b 5820 | 4c8b 8424 | 8800 0000 | 4c8b 8c24 | 9000 0000 | 488b bc24 | a000 0000 | 488b b424 
  0x000001888a987228: a800 0000 | 891c 2448 | 8b94 2498 

  0x000001888a987234: ;   {optimized virtual_call}
  0x000001888a987234: 0000 00e8 

  0x000001888a987238: ; ImmutableOopMap {[128]=Oop [120]=Oop [112]=Oop }
                      ;*invokevirtual generateMethod {reexecute=0 rethrow=0 return_oop=0}
                      ; - jdk.internal.reflect.NativeMethodAccessorImpl::invoke@101 (line 63)
  0x000001888a987238: d901 0000 | 4883 f800 | 0f84 2a00 

  0x000001888a987244: ;   {metadata('jdk/internal/reflect/MethodAccessorImpl')}
  0x000001888a987244: 0000 48be | d0ae 009a | 8801 0000 | 448b 4808 | 49ba 0000 | 009a 8801 | 0000 4d03 | ca49 3b71 
  0x000001888a987264: 400f 85e2 | 0000 00e9 | 0000 0000 | 488b d048 | 8b74 2470 | 448b 4618 | 49c1 e003 | 450f be4f 
  0x000001888a987284: 3841 83f9 | 000f 85c7 | 0000 004c | 8bd2 49c1 | ea03 4589 | 500c 4d8b | c84c 33ca | 49c1 e915 
  0x000001888a9872a4: 4983 f900 | 0f85 cd00 | 0000 4c8b | 8c24 8000 | 0000 4c8b | 4424 788b | 5614 48c1 | e203 0f1f 
  0x000001888a9872c4: ;   {static_call}
  0x000001888a9872c4: 4400 00e8 

  0x000001888a9872c8: ; ImmutableOopMap {}
                      ;*invokestatic invoke0 {reexecute=0 rethrow=0 return_oop=0}
                      ; - jdk.internal.reflect.NativeMethodAccessorImpl::invoke@133 (line 77)
  0x000001888a9872c8: 74f7 ffff | 4881 c4c0 | 0000 005d 

  0x000001888a9872d4: ;   {poll_return}
  0x000001888a9872d4: 493b a748 | 0300 000f | 87b2 0000 | 00c3 488b | 7424 7049 | 8b87 d803 | 0000 4d33 | d24d 8997 
  0x000001888a9872f4: d803 0000 | 4d33 d24d | 8997 e003 | 0000 bf00 | 0000 0089 | 7e10 f083 | 4424 c000 | e9b8 0000 
  0x000001888a987314: ;   {runtime_call throw_null_pointer_exception Runtime1 stub}
  0x000001888a987314: 00e8 06d8 

  0x000001888a987318: ; ImmutableOopMap {rdx=Oop [112]=Oop [128]=Oop [120]=Oop }
                      ;*invokevirtual getDeclaringClass {reexecute=0 rethrow=0 return_oop=0}
                      ; - jdk.internal.reflect.NativeMethodAccessorImpl::invoke@21 (line 57)
                      ;   {runtime_call throw_null_pointer_exception Runtime1 stub}
  0x000001888a987318: 6bff e801 

  0x000001888a98731c: ; ImmutableOopMap {rdx=Oop [112]=Oop [128]=Oop [120]=Oop rsi=Oop }
                      ;*invokevirtual isHidden {reexecute=0 rethrow=0 return_oop=0}
                      ; - jdk.internal.reflect.NativeMethodAccessorImpl::invoke@24 (line 57)
  0x000001888a98731c: d86b ff48 

  0x000001888a987320: ;   {runtime_call fast_new_instance Runtime1 stub}
  0x000001888a987320: 8bd2 e8d9 

  0x000001888a987324: ; ImmutableOopMap {[128]=Oop [120]=Oop rbx=Oop [112]=Oop }
                      ;*new {reexecute=0 rethrow=0 return_oop=0}
                      ; - jdk.internal.reflect.NativeMethodAccessorImpl::invoke@52 (line 61)
  0x000001888a987324: e06b ffe9 | c4fd ffff 

  0x000001888a98732c: ;   {runtime_call throw_null_pointer_exception Runtime1 stub}
  0x000001888a98732c: e8ef d76b 

  0x000001888a987330: ; ImmutableOopMap {[128]=Oop [120]=Oop rbx=Oop [112]=Oop rax=Oop rdx=Oop }
                      ;*invokevirtual getDeclaringClass {reexecute=0 rethrow=0 return_oop=0}
                      ; - jdk.internal.reflect.NativeMethodAccessorImpl::invoke@63 (line 63)
  0x000001888a987330: ff48 8904 

  0x000001888a987334: ;   {runtime_call throw_class_cast_exception Runtime1 stub}
  0x000001888a987334: 24e8 e607 

  0x000001888a987338: ; ImmutableOopMap {[128]=Oop [120]=Oop [152]=Oop [112]=Oop [144]=Oop [136]=Oop }
                      ;*checkcast {reexecute=0 rethrow=0 return_oop=0}
                      ; - java.lang.reflect.Method::getParameterTypes@7 (line 314)
                      ; - jdk.internal.reflect.NativeMethodAccessorImpl::invoke@77 (line 65)
                      ;   {runtime_call throw_null_pointer_exception Runtime1 stub}
  0x000001888a987338: 6cff e8e1 

  0x000001888a98733c: ; ImmutableOopMap {[128]=Oop [120]=Oop [152]=Oop [144]=Oop [136]=Oop rsi=Oop rdx=Oop [112]=Oop rdi=Oop }
                      ;*invokevirtual getReturnType {reexecute=0 rethrow=0 return_oop=0}
                      ; - jdk.internal.reflect.NativeMethodAccessorImpl::invoke@84 (line 66)
  0x000001888a98733c: d76b ff48 

  0x000001888a987340: ;   {runtime_call throw_class_cast_exception Runtime1 stub}
  0x000001888a987340: 8904 24e8 

  0x000001888a987344: ; ImmutableOopMap {[128]=Oop [120]=Oop [152]=Oop [144]=Oop [136]=Oop [112]=Oop [168]=Oop [160]=Oop }
                      ;*checkcast {reexecute=0 rethrow=0 return_oop=0}
                      ; - java.lang.reflect.Method::getExceptionTypes@7 (line 341)
                      ; - jdk.internal.reflect.NativeMethodAccessorImpl::invoke@91 (line 67)
  0x000001888a987344: d807 6cff 

  0x000001888a987348: ;   {runtime_call throw_null_pointer_exception Runtime1 stub}
  0x000001888a987348: e8d3 d76b 

  0x000001888a98734c: ; ImmutableOopMap {[128]=Oop [120]=Oop [152]=Oop [144]=Oop [136]=Oop [168]=Oop [160]=Oop rcx=Oop rdx=Oop [112]=Oop }
                      ;*invokevirtual getModifiers {reexecute=0 rethrow=0 return_oop=0}
                      ; - jdk.internal.reflect.NativeMethodAccessorImpl::invoke@98 (line 68)
  0x000001888a98734c: ff48 8904 

  0x000001888a987350: ;   {runtime_call throw_class_cast_exception Runtime1 stub}
  0x000001888a987350: 24e8 ca07 

  0x000001888a987354: ; ImmutableOopMap {[128]=Oop [120]=Oop [112]=Oop }
                      ;*checkcast {reexecute=0 rethrow=0 return_oop=0}
                      ; - jdk.internal.reflect.NativeMethodAccessorImpl::invoke@104 (line 63)
  0x000001888a987354: 6cff 458b | 480c 49c1 | e103 4983 | f900 0f84 | 27ff ffff | 4c89 0c24 

  0x000001888a98736c: ;   {runtime_call g1_pre_barrier_slow}
  0x000001888a98736c: e88f 3a6c | ffe9 19ff 

  0x000001888a987374: ;   {runtime_call throw_null_pointer_exception Runtime1 stub}
  0x000001888a987374: ffff e8a5 

  0x000001888a987378: ; ImmutableOopMap {[128]=Oop [120]=Oop rdx=Oop rsi=Oop [112]=Oop r8=Oop }
                      ;*invokevirtual setDelegate {reexecute=0 rethrow=0 return_oop=0}
                      ; - jdk.internal.reflect.NativeMethodAccessorImpl::invoke@113 (line 69)
  0x000001888a987378: d76b ff48 | 83fa 000f | 8429 ffff | ff4c 8904 

  0x000001888a987388: ;   {runtime_call g1_post_barrier_slow}
  0x000001888a987388: 24e8 723d | 6cff e91b 

  0x000001888a987390: ;   {internal_word}
  0x000001888a987390: ffff ff49 | bad4 7298 | 8a88 0100 | 004d 8997 | 6003 0000 

  0x000001888a9873a4: ;   {runtime_call SafepointBlob}
  0x000001888a9873a4: e957 c061 

  0x000001888a9873a8: ;   {runtime_call throw_null_pointer_exception Runtime1 stub}
  0x000001888a9873a8: ffe8 72d7 

  0x000001888a9873ac: ; ImmutableOopMap {[128]=Oop [120]=Oop rdx=Oop rsi=Oop [112]=Oop r8=Oop }
                      ;*invokevirtual setDelegate {reexecute=0 rethrow=0 return_oop=0}
                      ; - jdk.internal.reflect.NativeMethodAccessorImpl::invoke@113 (line 69)
  0x000001888a9873ac: 6bff 9090 | 498b 87d8 | 0300 0049 | c787 d803 | 0000 0000 | 0000 49c7 | 87e0 0300 | 0000 0000 
  0x000001888a9873cc: 0048 81c4 | c000 0000 

  0x000001888a9873d4: ;   {runtime_call unwind_exception Runtime1 stub}
  0x000001888a9873d4: 5de9 26c8 | 6bff f4f4 | f4f4 f4f4 
[Stub Code]
  0x000001888a9873e0: ;   {no_reloc}
  0x000001888a9873e0: 0f1f 4400 

  0x000001888a9873e4: ;   {static_stub}
  0x000001888a9873e4: 0048 bb00 | 0000 0000 

  0x000001888a9873ec: ;   {runtime_call}
  0x000001888a9873ec: 0000 00e9 | fbff ffff 

  0x000001888a9873f4: ;   {static_stub}
  0x000001888a9873f4: 9048 bb00 | 0000 0000 

  0x000001888a9873fc: ;   {runtime_call}
  0x000001888a9873fc: 0000 00e9 | fbff ffff 

  0x000001888a987404: ;   {static_stub}
  0x000001888a987404: 9048 bb00 | 0000 0000 

  0x000001888a98740c: ;   {runtime_call}
  0x000001888a98740c: 0000 00e9 | fbff ffff 

  0x000001888a987414: ;   {static_stub}
  0x000001888a987414: 9048 bb10 | 6623 db88 

  0x000001888a98741c: ;   {runtime_call I2C/C2I adapters}
  0x000001888a98741c: 0100 00e9 | d645 8cff 

  0x000001888a987424: ;   {static_stub}
  0x000001888a987424: 9048 bb00 | 0000 0000 

  0x000001888a98742c: ;   {runtime_call}
  0x000001888a98742c: 0000 00e9 | fbff ffff 
[Exception Handler]
  0x000001888a987434: ;   {runtime_call handle_exception_from_callee Runtime1 stub}
  0x000001888a987434: e8c7 006c 

  0x000001888a987438: ;   {external_word}
  0x000001888a987438: ff48 b9a0 | e083 d5fc | 7f00 0048 

  0x000001888a987444: ;   {runtime_call}
  0x000001888a987444: 83e4 f049 | bae0 da51 | d5fc 7f00 | 0041 ffd2 

  0x000001888a987454: ;   {section_word}
  0x000001888a987454: f449 ba55 | 7498 8a88 | 0100 0041 

  0x000001888a987460: ;   {runtime_call DeoptimizationBlob}
  0x000001888a987460: 52e9 3ab2 | 61ff f4f4 
[/MachCode]


Compiled method (c1)   17498 3816       1       jdk.internal.reflect.DelegatingMethodAccessorImpl::invoke (10 bytes)
 total in heap  [0x000001888a983f90,0x000001888a984258] = 712
 relocation     [0x000001888a9840e8,0x000001888a984120] = 56
 main code      [0x000001888a984120,0x000001888a9841c0] = 160
 stub code      [0x000001888a9841c0,0x000001888a984208] = 72
 metadata       [0x000001888a984208,0x000001888a984210] = 8
 scopes data    [0x000001888a984210,0x000001888a984220] = 16
 scopes pcs     [0x000001888a984220,0x000001888a984250] = 48
 dependencies   [0x000001888a984250,0x000001888a984258] = 8

[Constant Pool (empty)]

[MachCode]
[Entry Point]
  # {method} {0x000001889a35fb00} 'invoke' '(Ljava/lang/Object;[Ljava/lang/Object;)Ljava/lang/Object;' in 'jdk/internal/reflect/DelegatingMethodAccessorImpl'
  # this:     rdx:rdx   = 'jdk/internal/reflect/DelegatingMethodAccessorImpl'
  # parm0:    r8:r8     = 'java/lang/Object'
  # parm1:    r9:r9     = '[Ljava/lang/Object;'
  #           [sp+0x40]  (sp of caller)
  0x000001888a984120: 448b 5208 | 49bb 0000 | 009a 8801 | 0000 4d03 | d34c 3bd0 

  0x000001888a984134: ;   {runtime_call ic_miss_stub}
  0x000001888a984134: 0f85 4689 | 61ff 660f | 1f44 0000 
[Verified Entry Point]
  0x000001888a984140: 8984 2400 | 90ff ff55 | 4883 ec30 | 8b52 0c48 | c1e2 0366 | 9048 b8ff | ffff ffff 

  0x000001888a98415c: ;   {virtual_call}
  0x000001888a98415c: ffff ffe8 

  0x000001888a984160: ; ImmutableOopMap {}
                      ;*invokevirtual invoke {reexecute=0 rethrow=0 return_oop=0}
                      ; - jdk.internal.reflect.DelegatingMethodAccessorImpl::invoke@6 (line 43)
  0x000001888a984160: dc87 6cff | 4883 c430 

  0x000001888a984168: ;   {poll_return}
  0x000001888a984168: 5d49 3ba7 | 4803 0000 | 0f87 0100 

  0x000001888a984174: ;   {internal_word}
  0x000001888a984174: 0000 c349 | ba69 4198 | 8a88 0100 | 004d 8997 | 6003 0000 

  0x000001888a984188: ;   {runtime_call SafepointBlob}
  0x000001888a984188: e973 f261 | ff90 9049 | 8b87 d803 | 0000 49c7 | 87d8 0300 | 0000 0000 | 0049 c787 | e003 0000 
  0x000001888a9841a8: 0000 0000 | 4883 c430 

  0x000001888a9841b0: ;   {runtime_call unwind_exception Runtime1 stub}
  0x000001888a9841b0: 5de9 4afa | 6bff f4f4 | f4f4 f4f4 | f4f4 f4f4 
[Stub Code]
  0x000001888a9841c0: ;   {no_reloc}
  0x000001888a9841c0: 0f1f 4400 

  0x000001888a9841c4: ;   {static_stub}
  0x000001888a9841c4: 0048 bb00 | 0000 0000 

  0x000001888a9841cc: ;   {runtime_call}
  0x000001888a9841cc: 0000 00e9 | fbff ffff 
[Exception Handler]
  0x000001888a9841d4: ;   {runtime_call handle_exception_from_callee Runtime1 stub}
  0x000001888a9841d4: e827 336c 

  0x000001888a9841d8: ;   {external_word}
  0x000001888a9841d8: ff48 b9a0 | e083 d5fc | 7f00 0048 

  0x000001888a9841e4: ;   {runtime_call}
  0x000001888a9841e4: 83e4 f049 | bae0 da51 | d5fc 7f00 | 0041 ffd2 

  0x000001888a9841f4: ;   {section_word}
  0x000001888a9841f4: f449 baf5 | 4198 8a88 | 0100 0041 

  0x000001888a984200: ;   {runtime_call DeoptimizationBlob}
  0x000001888a984200: 52e9 9ae4 | 61ff f4f4 
[/MachCode]


---------------  P R O C E S S  ---------------

Threads class SMR info:
_java_thread_list=0x00000188df053df0, length=30, elements={
0x0000018898ddc700, 0x0000018898ddcfd0, 0x0000018898dfac30, 0x0000018898dfb500,
0x0000018898dfbdd0, 0x0000018898dfc6a0, 0x0000018898dfcf70, 0x0000018898dff8a0,
0x0000018899970810, 0x0000018899a86b40, 0x0000018899a94880, 0x00000188e0057cf0,
0x00000188e00e7440, 0x00000188e01583a0, 0x00000188e02b2650, 0x00000188e07a39a0,
0x00000188e0dc89f0, 0x00000188e0dca340, 0x00000188e0dca850, 0x00000188e0dc7ac0,
0x00000188e0dc70a0, 0x00000188e0dc8f00, 0x00000188e0dc9410, 0x00000188e0dc7fd0,
0x00000188e0dc9e30, 0x00000188e0dc84e0, 0x00000188e0dc9920, 0x00000188e11a48b0,
0x00000188e11a3e90, 0x00000188e0f8b110
}

Java Threads: ( => current thread )
  0x0000018898ddc700 JavaThread "Reference Handler" daemon [_thread_blocked, id=12572, stack(0x0000006e03a00000,0x0000006e03b00000)]
  0x0000018898ddcfd0 JavaThread "Finalizer" daemon [_thread_blocked, id=28712, stack(0x0000006e03b00000,0x0000006e03c00000)]
  0x0000018898dfac30 JavaThread "Signal Dispatcher" daemon [_thread_blocked, id=8076, stack(0x0000006e03c00000,0x0000006e03d00000)]
  0x0000018898dfb500 JavaThread "Attach Listener" daemon [_thread_blocked, id=15528, stack(0x0000006e03d00000,0x0000006e03e00000)]
  0x0000018898dfbdd0 JavaThread "Service Thread" daemon [_thread_blocked, id=29080, stack(0x0000006e03e00000,0x0000006e03f00000)]
  0x0000018898dfc6a0 JavaThread "Monitor Deflation Thread" daemon [_thread_blocked, id=6316, stack(0x0000006e03f00000,0x0000006e04000000)]
  0x0000018898dfcf70 JavaThread "C1 CompilerThread0" daemon [_thread_blocked, id=27308, stack(0x0000006e04000000,0x0000006e04100000)]
  0x0000018898dff8a0 JavaThread "Sweeper thread" daemon [_thread_blocked, id=26592, stack(0x0000006e04100000,0x0000006e04200000)]
  0x0000018899970810 JavaThread "C1 CompilerThread1" daemon [_thread_blocked, id=29172, stack(0x0000006e04200000,0x0000006e04300000)]
  0x0000018899a86b40 JavaThread "Notification Thread" daemon [_thread_blocked, id=23252, stack(0x0000006e04500000,0x0000006e04600000)]
  0x0000018899a94880 JavaThread "Common-Cleaner" daemon [_thread_blocked, id=29508, stack(0x0000006e04700000,0x0000006e04800000)]
  0x00000188e0057cf0 JavaThread "Catalina-utility-1" [_thread_blocked, id=28992, stack(0x0000006e05d00000,0x0000006e05e00000)]
  0x00000188e00e7440 JavaThread "Catalina-utility-2" [_thread_blocked, id=19268, stack(0x0000006e05e00000,0x0000006e05f00000)]
  0x00000188e01583a0 JavaThread "container-0" [_thread_blocked, id=5544, stack(0x0000006e05f00000,0x0000006e06000000)]
  0x00000188e02b2650 JavaThread "HikariPool-1 housekeeper" daemon [_thread_blocked, id=25348, stack(0x0000006e06000000,0x0000006e06100000)]
  0x00000188e07a39a0 JavaThread "java-sdk-http-connection-reaper" daemon [_thread_blocked, id=27696, stack(0x0000006e06200000,0x0000006e06300000)]
  0x00000188e0dc89f0 JavaThread "http-nio-8080-exec-1" daemon [_thread_blocked, id=11692, stack(0x0000006e06300000,0x0000006e06400000)]
  0x00000188e0dca340 JavaThread "http-nio-8080-exec-2" daemon [_thread_blocked, id=28932, stack(0x0000006e06400000,0x0000006e06500000)]
  0x00000188e0dca850 JavaThread "http-nio-8080-exec-3" daemon [_thread_blocked, id=23076, stack(0x0000006e06500000,0x0000006e06600000)]
  0x00000188e0dc7ac0 JavaThread "http-nio-8080-exec-4" daemon [_thread_blocked, id=25892, stack(0x0000006e06600000,0x0000006e06700000)]
  0x00000188e0dc70a0 JavaThread "http-nio-8080-exec-5" daemon [_thread_blocked, id=16592, stack(0x0000006e06700000,0x0000006e06800000)]
=>0x00000188e0dc8f00 JavaThread "http-nio-8080-exec-6" daemon [_thread_in_native, id=8332, stack(0x0000006e06800000,0x0000006e06900000)]
  0x00000188e0dc9410 JavaThread "http-nio-8080-exec-7" daemon [_thread_blocked, id=29684, stack(0x0000006e06900000,0x0000006e06a00000)]
  0x00000188e0dc7fd0 JavaThread "http-nio-8080-exec-8" daemon [_thread_blocked, id=3140, stack(0x0000006e06a00000,0x0000006e06b00000)]
  0x00000188e0dc9e30 JavaThread "http-nio-8080-exec-9" daemon [_thread_blocked, id=6076, stack(0x0000006e06b00000,0x0000006e06c00000)]
  0x00000188e0dc84e0 JavaThread "http-nio-8080-exec-10" daemon [_thread_blocked, id=29136, stack(0x0000006e06c00000,0x0000006e06d00000)]
  0x00000188e0dc9920 JavaThread "http-nio-8080-Poller" daemon [_thread_in_native, id=20816, stack(0x0000006e06d00000,0x0000006e06e00000)]
  0x00000188e11a48b0 JavaThread "http-nio-8080-Acceptor" daemon [_thread_in_native, id=16008, stack(0x0000006e06e00000,0x0000006e06f00000)]
  0x00000188e11a3e90 JavaThread "DestroyJavaVM" [_thread_blocked, id=16636, stack(0x0000006e03300000,0x0000006e03400000)]
  0x00000188e0f8b110 JavaThread "C1 CompilerThread2" daemon [_thread_blocked, id=480, stack(0x0000006e04400000,0x0000006e04500000)]

Other Threads:
  0x0000018898dd9a20 VMThread "VM Thread" [stack: 0x0000006e03900000,0x0000006e03a00000] [id=4944]
  0x0000018899a215c0 WatcherThread [stack: 0x0000006e04600000,0x0000006e04700000] [id=9608]
  0x000001888271fa10 GCTaskThread "GC Thread#0" [stack: 0x0000006e03400000,0x0000006e03500000] [id=28872]
  0x00000188df54ddb0 GCTaskThread "GC Thread#1" [stack: 0x0000006e04800000,0x0000006e04900000] [id=7116]
  0x00000188df54e070 GCTaskThread "GC Thread#2" [stack: 0x0000006e04900000,0x0000006e04a00000] [id=15264]
  0x00000188df53e030 GCTaskThread "GC Thread#3" [stack: 0x0000006e04a00000,0x0000006e04b00000] [id=25516]
  0x00000188df577c20 GCTaskThread "GC Thread#4" [stack: 0x0000006e04b00000,0x0000006e04c00000] [id=20152]
  0x00000188df577960 GCTaskThread "GC Thread#5" [stack: 0x0000006e04d00000,0x0000006e04e00000] [id=8148]
  0x00000188df5789e0 GCTaskThread "GC Thread#6" [stack: 0x0000006e04e00000,0x0000006e04f00000] [id=3496]
  0x00000188df579220 GCTaskThread "GC Thread#7" [stack: 0x0000006e04c00000,0x0000006e04d00000] [id=5476]
  0x00000188df5776a0 GCTaskThread "GC Thread#8" [stack: 0x0000006e05200000,0x0000006e05300000] [id=20224]
  0x00000188df578f60 GCTaskThread "GC Thread#9" [stack: 0x0000006e05300000,0x0000006e05400000] [id=23492]
  0x00000188df577ee0 GCTaskThread "GC Thread#10" [stack: 0x0000006e05400000,0x0000006e05500000] [id=21752]
  0x00000188df5781a0 GCTaskThread "GC Thread#11" [stack: 0x0000006e05500000,0x0000006e05600000] [id=9568]
  0x00000188df578ca0 GCTaskThread "GC Thread#12" [stack: 0x0000006e05600000,0x0000006e05700000] [id=4368]
  0x0000018882730e40 ConcurrentGCThread "G1 Main Marker" [stack: 0x0000006e03500000,0x0000006e03600000] [id=1180]
  0x0000018882733340 ConcurrentGCThread "G1 Conc#0" [stack: 0x0000006e03600000,0x0000006e03700000] [id=14192]
  0x00000188dfc507b0 ConcurrentGCThread "G1 Conc#1" [stack: 0x0000006e05700000,0x0000006e05800000] [id=29168]
  0x00000188dfc51db0 ConcurrentGCThread "G1 Conc#2" [stack: 0x0000006e05800000,0x0000006e05900000] [id=29404]
  0x000001888276e950 ConcurrentGCThread "G1 Refine#0" [stack: 0x0000006e03700000,0x0000006e03800000] [id=25140]
  0x00000188e001a780 ConcurrentGCThread "G1 Refine#1" [stack: 0x0000006e05900000,0x0000006e05a00000] [id=28064]
  0x00000188e00491f0 ConcurrentGCThread "G1 Refine#2" [stack: 0x0000006e05a00000,0x0000006e05b00000] [id=7608]
  0x00000188dff0c7b0 ConcurrentGCThread "G1 Refine#3" [stack: 0x0000006e05b00000,0x0000006e05c00000] [id=11312]
  0x00000188e0058500 ConcurrentGCThread "G1 Refine#4" [stack: 0x0000006e05c00000,0x0000006e05d00000] [id=29448]
  0x000001888276ec40 ConcurrentGCThread "G1 Service" [stack: 0x0000006e03800000,0x0000006e03900000] [id=7644]

Threads with active compile tasks:

VM state: not at safepoint (normal execution)

VM Mutex/Monitor currently owned by a thread: None

Heap address: 0x0000000709400000, size: 3948 MB, Compressed Oops mode: Zero based, Oop shift amount: 3

CDS archive(s) mapped at: [0x000001889a000000-0x000001889abd0000-0x000001889abd0000), size 12386304, SharedBaseAddress: 0x000001889a000000, ArchiveRelocationMode: 1.
Compressed class space mapped at: 0x000001889b000000-0x00000188db000000, reserved size: 1073741824
Narrow klass base: 0x000001889a000000, Narrow klass shift: 0, Narrow klass range: 0x100000000

GC Precious Log:
 CPUs: 16 total, 16 available
 Memory: 15789M
 Large Page Support: Disabled
 NUMA Support: Disabled
 Compressed Oops: Enabled (Zero based)
 Heap Region Size: 2M
 Heap Min Capacity: 8M
 Heap Initial Capacity: 248M
 Heap Max Capacity: 3948M
 Pre-touch: Disabled
 Parallel Workers: 13
 Concurrent Workers: 3
 Concurrent Refinement Workers: 13
 Periodic GC: Disabled

Heap:
 garbage-first heap   total 116736K, used 46662K [0x0000000709400000, 0x0000000800000000)
  region size 2048K, 9 young (18432K), 1 survivors (2048K)
 Metaspace       used 65069K, committed 65664K, reserved 1114112K
  class space    used 8949K, committed 9216K, reserved 1048576K

Heap Regions: E=young(eden), S=young(survivor), O=old, HS=humongous(starts), HC=humongous(continues), CS=collection set, F=free, OA=open archive, CA=closed archive, TAMS=top-at-mark-start (previous, next)
|   0|0x0000000709400000, 0x0000000709600000, 0x0000000709600000|100%| O|  |TAMS 0x0000000709600000, 0x0000000709400000| Untracked 
|   1|0x0000000709600000, 0x0000000709800000, 0x0000000709800000|100%| O|  |TAMS 0x0000000709800000, 0x0000000709600000| Untracked 
|   2|0x0000000709800000, 0x0000000709a00000, 0x0000000709a00000|100%| O|  |TAMS 0x00000007098ff400, 0x0000000709800000| Untracked 
|   3|0x0000000709a00000, 0x0000000709c00000, 0x0000000709c00000|100%| O|  |TAMS 0x0000000709c00000, 0x0000000709a00000| Untracked 
|   4|0x0000000709c00000, 0x0000000709e00000, 0x0000000709e00000|100%| O|  |TAMS 0x0000000709e00000, 0x0000000709c00000| Untracked 
|   5|0x0000000709e00000, 0x000000070a000000, 0x000000070a000000|100%| O|  |TAMS 0x000000070a000000, 0x0000000709e00000| Untracked 
|   6|0x000000070a000000, 0x000000070a200000, 0x000000070a200000|100%| O|  |TAMS 0x000000070a200000, 0x000000070a000000| Untracked 
|   7|0x000000070a200000, 0x000000070a400000, 0x000000070a400000|100%| O|  |TAMS 0x000000070a400000, 0x000000070a200000| Untracked 
|   8|0x000000070a400000, 0x000000070a600000, 0x000000070a600000|100%| O|  |TAMS 0x000000070a600000, 0x000000070a400000| Untracked 
|   9|0x000000070a600000, 0x000000070a800000, 0x000000070a800000|100%| O|  |TAMS 0x000000070a600000, 0x000000070a600000| Untracked 
|  10|0x000000070a800000, 0x000000070aa00000, 0x000000070aa00000|100%| O|  |TAMS 0x000000070a800000, 0x000000070a800000| Untracked 
|  11|0x000000070aa00000, 0x000000070ac00000, 0x000000070ac00000|100%| O|  |TAMS 0x000000070aa00000, 0x000000070aa00000| Untracked 
|  12|0x000000070ac00000, 0x000000070ae00000, 0x000000070ae00000|100%| O|  |TAMS 0x000000070ae00000, 0x000000070ac00000| Untracked 
|  13|0x000000070ae00000, 0x000000070b000000, 0x000000070b000000|100%| O|  |TAMS 0x000000070ae00000, 0x000000070ae00000| Untracked 
|  14|0x000000070b000000, 0x000000070b1bd000, 0x000000070b200000| 86%| O|  |TAMS 0x000000070b000000, 0x000000070b000000| Untracked 
|  15|0x000000070b200000, 0x000000070b200000, 0x000000070b400000|  0%| F|  |TAMS 0x000000070b200000, 0x000000070b200000| Untracked 
|  16|0x000000070b400000, 0x000000070b400000, 0x000000070b600000|  0%| F|  |TAMS 0x000000070b400000, 0x000000070b400000| Untracked 
|  17|0x000000070b600000, 0x000000070b600000, 0x000000070b800000|  0%| F|  |TAMS 0x000000070b600000, 0x000000070b600000| Untracked 
|  18|0x000000070b800000, 0x000000070b800000, 0x000000070ba00000|  0%| F|  |TAMS 0x000000070b800000, 0x000000070b800000| Untracked 
|  19|0x000000070ba00000, 0x000000070ba00000, 0x000000070bc00000|  0%| F|  |TAMS 0x000000070ba00000, 0x000000070ba00000| Untracked 
|  20|0x000000070bc00000, 0x000000070bc00000, 0x000000070be00000|  0%| F|  |TAMS 0x000000070bc00000, 0x000000070bc00000| Untracked 
|  21|0x000000070be00000, 0x000000070be00000, 0x000000070c000000|  0%| F|  |TAMS 0x000000070be00000, 0x000000070be00000| Untracked 
|  22|0x000000070c000000, 0x000000070c000000, 0x000000070c200000|  0%| F|  |TAMS 0x000000070c000000, 0x000000070c000000| Untracked 
|  23|0x000000070c200000, 0x000000070c200000, 0x000000070c400000|  0%| F|  |TAMS 0x000000070c200000, 0x000000070c200000| Untracked 
|  24|0x000000070c400000, 0x000000070c400000, 0x000000070c600000|  0%| F|  |TAMS 0x000000070c400000, 0x000000070c400000| Untracked 
|  25|0x000000070c600000, 0x000000070c600000, 0x000000070c800000|  0%| F|  |TAMS 0x000000070c600000, 0x000000070c600000| Untracked 
|  26|0x000000070c800000, 0x000000070c800000, 0x000000070ca00000|  0%| F|  |TAMS 0x000000070c800000, 0x000000070c800000| Untracked 
|  27|0x000000070ca00000, 0x000000070ca00000, 0x000000070cc00000|  0%| F|  |TAMS 0x000000070ca00000, 0x000000070ca00000| Untracked 
|  28|0x000000070cc00000, 0x000000070cc00000, 0x000000070ce00000|  0%| F|  |TAMS 0x000000070cc00000, 0x000000070cc00000| Untracked 
|  29|0x000000070ce00000, 0x000000070ce00000, 0x000000070d000000|  0%| F|  |TAMS 0x000000070ce00000, 0x000000070ce00000| Untracked 
|  30|0x000000070d000000, 0x000000070d000000, 0x000000070d200000|  0%| F|  |TAMS 0x000000070d000000, 0x000000070d000000| Untracked 
|  31|0x000000070d200000, 0x000000070d200000, 0x000000070d400000|  0%| F|  |TAMS 0x000000070d200000, 0x000000070d200000| Untracked 
|  32|0x000000070d400000, 0x000000070d400000, 0x000000070d600000|  0%| F|  |TAMS 0x000000070d400000, 0x000000070d400000| Untracked 
|  33|0x000000070d600000, 0x000000070d600000, 0x000000070d800000|  0%| F|  |TAMS 0x000000070d600000, 0x000000070d600000| Untracked 
|  34|0x000000070d800000, 0x000000070d800000, 0x000000070da00000|  0%| F|  |TAMS 0x000000070d800000, 0x000000070d800000| Untracked 
|  35|0x000000070da00000, 0x000000070da00000, 0x000000070dc00000|  0%| F|  |TAMS 0x000000070da00000, 0x000000070da00000| Untracked 
|  36|0x000000070dc00000, 0x000000070dc00000, 0x000000070de00000|  0%| F|  |TAMS 0x000000070dc00000, 0x000000070dc00000| Untracked 
|  37|0x000000070de00000, 0x000000070de00000, 0x000000070e000000|  0%| F|  |TAMS 0x000000070de00000, 0x000000070de00000| Untracked 
|  38|0x000000070e000000, 0x000000070e000000, 0x000000070e200000|  0%| F|  |TAMS 0x000000070e000000, 0x000000070e000000| Untracked 
|  39|0x000000070e200000, 0x000000070e200000, 0x000000070e400000|  0%| F|  |TAMS 0x000000070e200000, 0x000000070e200000| Untracked 
|  40|0x000000070e400000, 0x000000070e400000, 0x000000070e600000|  0%| F|  |TAMS 0x000000070e400000, 0x000000070e400000| Untracked 
|  41|0x000000070e600000, 0x000000070e600000, 0x000000070e800000|  0%| F|  |TAMS 0x000000070e600000, 0x000000070e600000| Untracked 
|  42|0x000000070e800000, 0x000000070e800000, 0x000000070ea00000|  0%| F|  |TAMS 0x000000070e800000, 0x000000070e800000| Untracked 
|  43|0x000000070ea00000, 0x000000070ea00000, 0x000000070ec00000|  0%| F|  |TAMS 0x000000070ea00000, 0x000000070ea00000| Untracked 
|  44|0x000000070ec00000, 0x000000070ec00000, 0x000000070ee00000|  0%| F|  |TAMS 0x000000070ec00000, 0x000000070ec00000| Untracked 
|  45|0x000000070ee00000, 0x000000070ee00000, 0x000000070f000000|  0%| F|  |TAMS 0x000000070ee00000, 0x000000070ee00000| Untracked 
|  46|0x000000070f000000, 0x000000070f000000, 0x000000070f200000|  0%| F|  |TAMS 0x000000070f000000, 0x000000070f000000| Untracked 
|  47|0x000000070f200000, 0x000000070f200000, 0x000000070f400000|  0%| F|  |TAMS 0x000000070f200000, 0x000000070f200000| Untracked 
|  48|0x000000070f400000, 0x000000070f469798, 0x000000070f600000| 20%| E|  |TAMS 0x000000070f400000, 0x000000070f400000| Complete 
|  49|0x000000070f600000, 0x000000070f800000, 0x000000070f800000|100%| E|CS|TAMS 0x000000070f600000, 0x000000070f600000| Complete 
|  50|0x000000070f800000, 0x000000070fa00000, 0x000000070fa00000|100%| E|CS|TAMS 0x000000070f800000, 0x000000070f800000| Complete 
|  51|0x000000070fa00000, 0x000000070fc00000, 0x000000070fc00000|100%| E|CS|TAMS 0x000000070fa00000, 0x000000070fa00000| Complete 
|  52|0x000000070fc00000, 0x000000070fe00000, 0x000000070fe00000|100%| E|CS|TAMS 0x000000070fc00000, 0x000000070fc00000| Complete 
|  53|0x000000070fe00000, 0x0000000710000000, 0x0000000710000000|100%| E|CS|TAMS 0x000000070fe00000, 0x000000070fe00000| Complete 
|  54|0x0000000710000000, 0x0000000710200000, 0x0000000710200000|100%| E|CS|TAMS 0x0000000710000000, 0x0000000710000000| Complete 
| 103|0x0000000716200000, 0x00000007163d4af8, 0x0000000716400000| 91%| S|CS|TAMS 0x0000000716200000, 0x0000000716200000| Complete 
| 123|0x0000000718a00000, 0x0000000718c00000, 0x0000000718c00000|100%| E|CS|TAMS 0x0000000718a00000, 0x0000000718a00000| Complete 

Card table byte_map: [0x000001888dd70000,0x000001888e530000] _byte_map_base: 0x000001888a526000

Marking Bits (Prev, Next): (CMBitMap*) 0x000001888271fe80, (CMBitMap*) 0x000001888271fe40
 Prev Bits: [0x0000018892aa0000, 0x0000018896850000)
 Next Bits: [0x000001888ecf0000, 0x0000018892aa0000)

Polling page: 0x0000018880600000

Metaspace:

Usage:
  Non-class:     54.80 MB used.
      Class:      8.74 MB used.
       Both:     63.54 MB used.

Virtual space:
  Non-class space:       64.00 MB reserved,      55.12 MB ( 86%) committed,  1 nodes.
      Class space:        1.00 GB reserved,       9.00 MB ( <1%) committed,  1 nodes.
             Both:        1.06 GB reserved,      64.12 MB (  6%) committed. 

Chunk freelists:
   Non-Class:  8.03 MB
       Class:  7.06 MB
        Both:  15.09 MB

MaxMetaspaceSize: unlimited
CompressedClassSpaceSize: 1.00 GB
Initial GC threshold: 21.00 MB
Current GC threshold: 98.12 MB
CDS: on
MetaspaceReclaimPolicy: balanced
 - commit_granule_bytes: 65536.
 - commit_granule_words: 8192.
 - virtual_space_node_default_size: 8388608.
 - enlarge_chunks_in_place: 1.
 - new_chunks_are_fully_committed: 0.
 - uncommit_free_chunks: 1.
 - use_allocation_guard: 0.
 - handle_deallocations: 1.


Internal statistics:

num_allocs_failed_limit: 9.
num_arena_births: 782.
num_arena_deaths: 0.
num_vsnodes_births: 2.
num_vsnodes_deaths: 0.
num_space_committed: 1026.
num_space_uncommitted: 0.
num_chunks_returned_to_freelist: 9.
num_chunks_taken_from_freelist: 3016.
num_chunk_merges: 9.
num_chunk_splits: 2207.
num_chunks_enlarged: 1727.
num_inconsistent_stats: 0.

CodeCache: size=49152Kb used=11189Kb max_used=12610Kb free=37962Kb
 bounds [0x0000018889f50000, 0x000001888abb0000, 0x000001888cf50000]
 total_blobs=6190 nmethods=5419 adapters=696
 compilation: enabled
              stopped_count=0, restarted_count=0
 full_count=0

Compilation events (20 events):
Event: 17.368 Thread 0x0000018898dfcf70 5411       1       sun.security.provider.MD5::GG (33 bytes)
Event: 17.368 Thread 0x00000188e0f8b110 5410       1       sun.security.provider.MD5::FF (33 bytes)
Event: 17.368 Thread 0x0000018899970810 5412       1       sun.security.provider.MD5::HH (29 bytes)
Event: 17.368 Thread 0x0000018898dfcf70 nmethod 5411 0x000001888a148290 code [0x000001888a148420, 0x000001888a1484f8]
Event: 17.368 Thread 0x0000018899970810 nmethod 5412 0x000001888a147f90 code [0x000001888a148120, 0x000001888a1481f8]
Event: 17.368 Thread 0x0000018898dfcf70 5413       1       sun.security.provider.MD5::II (31 bytes)
Event: 17.368 Thread 0x00000188e0f8b110 nmethod 5410 0x000001888a147c90 code [0x000001888a147e20, 0x000001888a147ef8]
Event: 17.368 Thread 0x0000018898dfcf70 nmethod 5413 0x000001888a147990 code [0x000001888a147b20, 0x000001888a147bf8]
Event: 17.369 Thread 0x0000018899970810 5414       1       sun.security.provider.MD5::implCompress (13 bytes)
Event: 17.369 Thread 0x0000018898dfcf70 5415       1       sun.security.provider.MD5::implCompressCheck (27 bytes)
Event: 17.369 Thread 0x00000188e0f8b110 5416       1       sun.security.provider.MD5::implCompress0 (1407 bytes)
Event: 17.369 Thread 0x0000018898dfcf70 nmethod 5415 0x000001888a147490 code [0x000001888a147640, 0x000001888a147858]
Event: 17.369 Thread 0x0000018899970810 nmethod 5414 0x000001888a146f10 code [0x000001888a1470c0, 0x000001888a147308]
Event: 17.370 Thread 0x0000018899970810 5417 %     1       com.sun.crypto.provider.CounterMode::implCrypt @ 3 (88 bytes)
Event: 17.370 Thread 0x0000018899970810 nmethod 5417% 0x000001888a146710 code [0x000001888a1468c0, 0x000001888a146c88]
Event: 17.371 Thread 0x0000018898dfcf70 5418       1       com.sun.crypto.provider.CounterMode::implCrypt (88 bytes)
Event: 17.372 Thread 0x0000018898dfcf70 nmethod 5418 0x000001888a146090 code [0x000001888a146240, 0x000001888a146508]
Event: 17.373 Thread 0x00000188e0f8b110 nmethod 5416 0x000001888a143f90 code [0x000001888a144220, 0x000001888a145598]
Event: 17.373 Thread 0x0000018899970810 5419       1       sun.nio.cs.DoubleByte$Encoder::encodeChar (21 bytes)
Event: 17.373 Thread 0x0000018899970810 nmethod 5419 0x000001888a143b90 code [0x000001888a143d20, 0x000001888a143e58]

GC Heap History (20 events):
Event: 1.061 GC heap before
{Heap before GC invocations=1 (full 0):
 garbage-first heap   total 253952K, used 26790K [0x0000000709400000, 0x0000000800000000)
  region size 2048K, 12 young (24576K), 2 survivors (4096K)
 Metaspace       used 7790K, committed 8064K, reserved 1114112K
  class space    used 1108K, committed 1216K, reserved 1048576K
}
Event: 1.064 GC heap after
{Heap after GC invocations=2 (full 0):
 garbage-first heap   total 253952K, used 9910K [0x0000000709400000, 0x0000000800000000)
  region size 2048K, 1 young (2048K), 1 survivors (2048K)
 Metaspace       used 7790K, committed 8064K, reserved 1114112K
  class space    used 1108K, committed 1216K, reserved 1048576K
}
Event: 1.698 GC heap before
{Heap before GC invocations=2 (full 0):
 garbage-first heap   total 253952K, used 59062K [0x0000000709400000, 0x0000000800000000)
  region size 2048K, 26 young (53248K), 1 survivors (2048K)
 Metaspace       used 17190K, committed 17472K, reserved 1114112K
  class space    used 2301K, committed 2432K, reserved 1048576K
}
Event: 1.703 GC heap after
{Heap after GC invocations=3 (full 0):
 garbage-first heap   total 253952K, used 14153K [0x0000000709400000, 0x0000000800000000)
  region size 2048K, 3 young (6144K), 3 survivors (6144K)
 Metaspace       used 17190K, committed 17472K, reserved 1114112K
  class space    used 2301K, committed 2432K, reserved 1048576K
}
Event: 2.391 GC heap before
{Heap before GC invocations=3 (full 0):
 garbage-first heap   total 253952K, used 46921K [0x0000000709400000, 0x0000000800000000)
  region size 2048K, 20 young (40960K), 3 survivors (6144K)
 Metaspace       used 21128K, committed 21504K, reserved 1114112K
  class space    used 2859K, committed 3072K, reserved 1048576K
}
Event: 2.395 GC heap after
{Heap after GC invocations=4 (full 0):
 garbage-first heap   total 253952K, used 16170K [0x0000000709400000, 0x0000000800000000)
  region size 2048K, 4 young (8192K), 4 survivors (8192K)
 Metaspace       used 21128K, committed 21504K, reserved 1114112K
  class space    used 2859K, committed 3072K, reserved 1048576K
}
Event: 2.914 GC heap before
{Heap before GC invocations=5 (full 0):
 garbage-first heap   total 61440K, used 44842K [0x0000000709400000, 0x0000000800000000)
  region size 2048K, 18 young (36864K), 4 survivors (8192K)
 Metaspace       used 25624K, committed 26048K, reserved 1114112K
  class space    used 3500K, committed 3712K, reserved 1048576K
}
Event: 2.921 GC heap after
{Heap after GC invocations=6 (full 0):
 garbage-first heap   total 61440K, used 18359K [0x0000000709400000, 0x0000000800000000)
  region size 2048K, 3 young (6144K), 3 survivors (6144K)
 Metaspace       used 25624K, committed 26048K, reserved 1114112K
  class space    used 3500K, committed 3712K, reserved 1048576K
}
Event: 2.960 GC heap before
{Heap before GC invocations=6 (full 0):
 garbage-first heap   total 61440K, used 20407K [0x0000000709400000, 0x0000000800000000)
  region size 2048K, 4 young (8192K), 3 survivors (6144K)
 Metaspace       used 26034K, committed 26432K, reserved 1114112K
  class space    used 3553K, committed 3776K, reserved 1048576K
}
Event: 2.969 GC heap after
{Heap after GC invocations=7 (full 0):
 garbage-first heap   total 61440K, used 18839K [0x0000000709400000, 0x0000000800000000)
  region size 2048K, 1 young (2048K), 1 survivors (2048K)
 Metaspace       used 26034K, committed 26432K, reserved 1114112K
  class space    used 3553K, committed 3776K, reserved 1048576K
}
Event: 3.286 GC heap before
{Heap before GC invocations=7 (full 0):
 garbage-first heap   total 61440K, used 41367K [0x0000000709400000, 0x0000000800000000)
  region size 2048K, 12 young (24576K), 1 survivors (2048K)
 Metaspace       used 30681K, committed 31040K, reserved 1114112K
  class space    used 4130K, committed 4288K, reserved 1048576K
}
Event: 3.288 GC heap after
{Heap after GC invocations=8 (full 0):
 garbage-first heap   total 61440K, used 19623K [0x0000000709400000, 0x0000000800000000)
  region size 2048K, 1 young (2048K), 1 survivors (2048K)
 Metaspace       used 30681K, committed 31040K, reserved 1114112K
  class space    used 4130K, committed 4288K, reserved 1048576K
}
Event: 3.626 GC heap before
{Heap before GC invocations=8 (full 0):
 garbage-first heap   total 61440K, used 36007K [0x0000000709400000, 0x0000000800000000)
  region size 2048K, 11 young (22528K), 1 survivors (2048K)
 Metaspace       used 35492K, committed 35968K, reserved 1114112K
  class space    used 4794K, committed 5056K, reserved 1048576K
}
Event: 3.629 GC heap after
{Heap after GC invocations=9 (full 0):
 garbage-first heap   total 61440K, used 20401K [0x0000000709400000, 0x0000000800000000)
  region size 2048K, 2 young (4096K), 2 survivors (4096K)
 Metaspace       used 35492K, committed 35968K, reserved 1114112K
  class space    used 4794K, committed 5056K, reserved 1048576K
}
Event: 4.011 GC heap before
{Heap before GC invocations=10 (full 0):
 garbage-first heap   total 61440K, used 42929K [0x0000000709400000, 0x0000000800000000)
  region size 2048K, 13 young (26624K), 2 survivors (4096K)
 Metaspace       used 39757K, committed 40256K, reserved 1114112K
  class space    used 5525K, committed 5760K, reserved 1048576K
}
Event: 4.014 GC heap after
{Heap after GC invocations=11 (full 0):
 garbage-first heap   total 157696K, used 21370K [0x0000000709400000, 0x0000000800000000)
  region size 2048K, 1 young (2048K), 1 survivors (2048K)
 Metaspace       used 39757K, committed 40256K, reserved 1114112K
  class space    used 5525K, committed 5760K, reserved 1048576K
}
Event: 13.059 GC heap before
{Heap before GC invocations=11 (full 0):
 garbage-first heap   total 157696K, used 113530K [0x0000000709400000, 0x0000000800000000)
  region size 2048K, 46 young (94208K), 1 survivors (2048K)
 Metaspace       used 58097K, committed 58624K, reserved 1114112K
  class space    used 8054K, committed 8320K, reserved 1048576K
}
Event: 13.067 GC heap after
{Heap after GC invocations=12 (full 0):
 garbage-first heap   total 157696K, used 30562K [0x0000000709400000, 0x0000000800000000)
  region size 2048K, 6 young (12288K), 6 survivors (12288K)
 Metaspace       used 58097K, committed 58624K, reserved 1114112K
  class space    used 8054K, committed 8320K, reserved 1048576K
}
Event: 14.136 GC heap before
{Heap before GC invocations=12 (full 0):
 garbage-first heap   total 157696K, used 34658K [0x0000000709400000, 0x0000000800000000)
  region size 2048K, 10 young (20480K), 6 survivors (12288K)
 Metaspace       used 59671K, committed 60160K, reserved 1114112K
  class space    used 8212K, committed 8448K, reserved 1048576K
}
Event: 14.141 GC heap after
{Heap after GC invocations=13 (full 0):
 garbage-first heap   total 157696K, used 32326K [0x0000000709400000, 0x0000000800000000)
  region size 2048K, 1 young (2048K), 1 survivors (2048K)
 Metaspace       used 59671K, committed 60160K, reserved 1114112K
  class space    used 8212K, committed 8448K, reserved 1048576K
}

Deoptimization events (6 events):
Event: 3.024 Thread 0x00000188826b8a20 DEOPT PACKING pc=0x000001888a681089 sp=0x0000006e033fecd0
Event: 3.024 Thread 0x00000188826b8a20 DEOPT UNPACKING pc=0x0000018889fa2b43 sp=0x0000006e033fe160 mode 3
Event: 3.025 Thread 0x00000188e0057cf0 DEOPT PACKING pc=0x000001888a67ae9f sp=0x0000006e05dff180
Event: 3.025 Thread 0x00000188e0057cf0 DEOPT UNPACKING pc=0x0000018889fa2b43 sp=0x0000006e05dfe5d8 mode 3
Event: 4.796 Thread 0x00000188826b8a20 DEOPT PACKING pc=0x000001888a6c5a52 sp=0x0000006e033fab00
Event: 4.796 Thread 0x00000188826b8a20 DEOPT UNPACKING pc=0x0000018889fa2b43 sp=0x0000006e033fa008 mode 3

Classes unloaded (0 events):
No events

Classes redefined (0 events):
No events

Internal exceptions (20 events):
Event: 5.144 Thread 0x00000188826b8a20 Exception <a 'sun/nio/fs/WindowsException'{0x000000070fb9c808}> (0x000000070fb9c808) 
thrown [s\open\src\hotspot\share\prims\jni.cpp, line 516]
Event: 5.148 Thread 0x00000188826b8a20 Exception <a 'sun/nio/fs/WindowsException'{0x000000070fb9f628}> (0x000000070fb9f628) 
thrown [s\open\src\hotspot\share\prims\jni.cpp, line 516]
Event: 5.153 Thread 0x00000188826b8a20 Exception <a 'sun/nio/fs/WindowsException'{0x000000070fba2458}> (0x000000070fba2458) 
thrown [s\open\src\hotspot\share\prims\jni.cpp, line 516]
Event: 5.199 Thread 0x00000188826b8a20 Exception <a 'sun/nio/fs/WindowsException'{0x000000070fba52b8}> (0x000000070fba52b8) 
thrown [s\open\src\hotspot\share\prims\jni.cpp, line 516]
Event: 5.206 Thread 0x00000188826b8a20 Exception <a 'sun/nio/fs/WindowsException'{0x000000070fba80e8}> (0x000000070fba80e8) 
thrown [s\open\src\hotspot\share\prims\jni.cpp, line 516]
Event: 5.288 Thread 0x00000188826b8a20 Exception <a 'sun/nio/fs/WindowsException'{0x000000070fbab0e8}> (0x000000070fbab0e8) 
thrown [s\open\src\hotspot\share\prims\jni.cpp, line 516]
Event: 5.576 Thread 0x00000188826b8a20 Exception <a 'sun/nio/fs/WindowsException'{0x000000070ea5c640}> (0x000000070ea5c640) 
thrown [s\open\src\hotspot\share\prims\jni.cpp, line 516]
Event: 5.631 Thread 0x00000188826b8a20 Exception <a 'java/lang/IncompatibleClassChangeError'{0x000000070e92b388}: Found class java.lang.Object, but interface was expected> (0x000000070e92b388) 
thrown [s\open\src\hotspot\share\interpreter\linkResolver.cpp, line 826]
Event: 5.670 Thread 0x00000188826b8a20 Exception <a 'java/lang/NoSuchMethodError'{0x000000070e729ad8}: 'void java.lang.invoke.DirectMethodHandle$Holder.invokeVirtual(java.lang.Object, java.lang.Object, long)'> (0x000000070e729ad8) 
thrown [s\open\src\hotspot\share\interpreter\linkResolver.cpp, line 759]
Event: 5.747 Thread 0x00000188826b8a20 Exception <a 'java/lang/IncompatibleClassChangeError'{0x000000070e37dcd8}: Found class java.lang.Object, but interface was expected> (0x000000070e37dcd8) 
thrown [s\open\src\hotspot\share\interpreter\linkResolver.cpp, line 826]
Event: 5.800 Thread 0x00000188826b8a20 Exception <a 'java/lang/NoSuchMethodError'{0x000000070dfd0850}: 'java.lang.Object java.lang.invoke.DirectMethodHandle$Holder.invokeSpecial(java.lang.Object, java.lang.Object, java.lang.Object, java.lang.Object, java.lang.Object, java.lang.Object, java.lang.Object, java.lang.Object, java.lang.Object, java.lang.Object, java.lang.Object)'> (0x000000070dfd0850) 
thrown [s\open\src\hotspot\share\interpreter\linkResolver.cpp, line 759]
Event: 5.800 Thread 0x00000188826b8a20 Exception <a 'java/lang/NoSuchMethodError'{0x000000070dfd5020}: 'java.lang.Object java.lang.invoke.Invokers$Holder.invoke_MT(java.lang.Object, java.lang.Object, java.lang.Object, java.lang.Object, java.lang.Object, java.lang.Object, java.lang.Object, java.lang.Object, java.lang.Object, java.lang.Object, java.lang.Object)'> (0x000000070dfd5020) 
thrown [s\open\src\hotspot\share\interpreter\linkResolver.cpp, line 759]
Event: 5.846 Thread 0x00000188826b8a20 Exception <a 'java/lang/NoSuchMethodError'{0x000000070da766c0}: 'java.lang.Object java.lang.invoke.DirectMethodHandle$Holder.newInvokeSpecial(java.lang.Object, java.lang.Object, int, java.lang.Object, java.lang.Object)'> (0x000000070da766c0) 
thrown [s\open\src\hotspot\share\interpreter\linkResolver.cpp, line 759]
Event: 13.039 Thread 0x00000188e0dc89f0 Exception <a 'java/lang/NoSuchMethodError'{0x000000070d5221f0}: 'java.lang.Object java.lang.invoke.DirectMethodHandle$Holder.invokeSpecial(java.lang.Object, java.lang.Object, java.lang.Object, java.lang.Object, java.lang.Object, long)'> (0x000000070d5221f0) 
thrown [s\open\src\hotspot\share\interpreter\linkResolver.cpp, line 759]
Event: 13.039 Thread 0x00000188e0dc89f0 Exception <a 'java/lang/NoSuchMethodError'{0x000000070d525c30}: 'java.lang.Object java.lang.invoke.Invokers$Holder.linkToTargetMethod(java.lang.Object, java.lang.Object, java.lang.Object, long, java.lang.Object)'> (0x000000070d525c30) 
thrown [s\open\src\hotspot\share\interpreter\linkResolver.cpp, line 759]
Event: 13.167 Thread 0x00000188e0dc89f0 Exception <a 'java/lang/NoSuchMethodError'{0x0000000716701ad8}: 'java.lang.Object java.lang.invoke.DirectMethodHandle$Holder.invokeStatic(java.lang.Object, int, int)'> (0x0000000716701ad8) 
thrown [s\open\src\hotspot\share\interpreter\linkResolver.cpp, line 759]
Event: 17.304 Thread 0x00000188e0dc8f00 Exception <a 'sun/nio/fs/WindowsException'{0x000000070f784468}> (0x000000070f784468) 
thrown [s\open\src\hotspot\share\prims\jni.cpp, line 516]
Event: 17.375 Thread 0x00000188e0dc8f00 Exception <a 'sun/nio/fs/WindowsException'{0x000000070f4399f8}> (0x000000070f4399f8) 
thrown [s\open\src\hotspot\share\prims\jni.cpp, line 516]
Event: 17.376 Thread 0x00000188e0dc8f00 Exception <a 'sun/nio/fs/WindowsException'{0x000000070f43aea8}> (0x000000070f43aea8) 
thrown [s\open\src\hotspot\share\prims\jni.cpp, line 516]
Event: 17.376 Thread 0x00000188e0dc8f00 Exception <a 'sun/nio/fs/WindowsException'{0x000000070f43b1a8}> (0x000000070f43b1a8) 
thrown [s\open\src\hotspot\share\prims\jni.cpp, line 516]

VM Operations (20 events):
Event: 14.136 Executing VM operation: CollectForMetadataAllocation
Event: 14.141 Executing VM operation: CollectForMetadataAllocation done
Event: 14.150 Executing VM operation: G1Concurrent
Event: 14.153 Executing VM operation: G1Concurrent done
Event: 14.158 Executing VM operation: G1Concurrent
Event: 14.158 Executing VM operation: G1Concurrent done
Event: 14.169 Executing VM operation: HandshakeAllThreads
Event: 14.169 Executing VM operation: HandshakeAllThreads done
Event: 14.169 Executing VM operation: HandshakeAllThreads
Event: 14.169 Executing VM operation: HandshakeAllThreads done
Event: 14.208 Executing VM operation: HandshakeAllThreads
Event: 14.208 Executing VM operation: HandshakeAllThreads done
Event: 14.478 Executing VM operation: HandshakeAllThreads
Event: 14.478 Executing VM operation: HandshakeAllThreads done
Event: 15.478 Executing VM operation: Cleanup
Event: 15.479 Executing VM operation: Cleanup done
Event: 17.273 Executing VM operation: HandshakeAllThreads
Event: 17.273 Executing VM operation: HandshakeAllThreads done
Event: 17.273 Executing VM operation: Cleanup
Event: 17.273 Executing VM operation: Cleanup done

Events (20 events):
Event: 14.492 loading class java/util/AbstractMap$SimpleEntry done
Event: 14.501 loading class java/util/stream/LongStream
Event: 14.501 loading class java/util/stream/LongStream done
Event: 14.501 loading class java/util/stream/DoubleStream
Event: 14.501 loading class java/util/stream/DoubleStream done
Event: 16.881 Thread 0x00000188e101ead0 Thread exited: 0x00000188e101ead0
Event: 16.881 Thread 0x00000188df82c250 Thread exited: 0x00000188df82c250
Event: 17.278 loading class java/util/BitSet$1BitSetSpliterator
Event: 17.278 loading class java/util/BitSet$1BitSetSpliterator done
Event: 17.279 loading class java/util/stream/IntPipeline$1
Event: 17.279 loading class java/util/stream/IntPipeline$1 done
Event: 17.279 loading class java/util/stream/IntPipeline$1$1
Event: 17.279 loading class java/util/stream/IntPipeline$1$1 done
Event: 17.298 Thread 0x00000188e0f8b110 Thread added: 0x00000188e0f8b110
Event: 17.304 loading class java/nio/file/FileAlreadyExistsException
Event: 17.304 loading class java/nio/file/FileAlreadyExistsException done
Event: 17.365 loading class sun/security/provider/MD5
Event: 17.365 loading class sun/security/provider/MD5 done
Event: 17.368 loading class sun/security/provider/ByteArrayAccess$LE
Event: 17.368 loading class sun/security/provider/ByteArrayAccess$LE done


Dynamic libraries:
0x00007ff77a820000 - 0x00007ff77a830000 	C:\Program Files\Java\jdk-17\bin\java.exe
0x00007ffd8bf80000 - 0x00007ffd8c1e0000 	C:\WINDOWS\SYSTEM32\ntdll.dll
0x00007ffd8a260000 - 0x00007ffd8a327000 	C:\WINDOWS\System32\KERNEL32.DLL
0x00007ffd89650000 - 0x00007ffd89a1a000 	C:\WINDOWS\System32\KERNELBASE.dll
0x00007ffd89c30000 - 0x00007ffd89d7b000 	C:\WINDOWS\System32\ucrtbase.dll
0x00007ffd75df0000 - 0x00007ffd75e0b000 	C:\Program Files\Java\jdk-17\bin\VCRUNTIME140.dll
0x00007ffd5c4e0000 - 0x00007ffd5c4f9000 	C:\Program Files\Java\jdk-17\bin\jli.dll
0x00007ffd8ac50000 - 0x00007ffd8ad02000 	C:\WINDOWS\System32\ADVAPI32.dll
0x00007ffd8ba10000 - 0x00007ffd8bab9000 	C:\WINDOWS\System32\msvcrt.dll
0x00007ffd89f90000 - 0x00007ffd8a036000 	C:\WINDOWS\System32\sechost.dll
0x00007ffd8ad70000 - 0x00007ffd8ae86000 	C:\WINDOWS\System32\RPCRT4.dll
0x00007ffd89d90000 - 0x00007ffd89f5c000 	C:\WINDOWS\System32\USER32.dll
0x00007ffd89620000 - 0x00007ffd89647000 	C:\WINDOWS\System32\win32u.dll
0x00007ffd8b780000 - 0x00007ffd8b7aa000 	C:\WINDOWS\System32\GDI32.dll
0x00007ffd75880000 - 0x00007ffd75b17000 	C:\WINDOWS\WinSxS\amd64_microsoft.windows.common-controls_6595b64144ccf1df_6.0.26100.3624_none_3e086962e3345f24\COMCTL32.dll
0x00007ffd89370000 - 0x00007ffd894a1000 	C:\WINDOWS\System32\gdi32full.dll
0x00007ffd894b0000 - 0x00007ffd89553000 	C:\WINDOWS\System32\msvcp_win.dll
0x00007ffd81010000 - 0x00007ffd8101b000 	C:\WINDOWS\SYSTEM32\VERSION.dll
0x00007ffd8b5e0000 - 0x00007ffd8b60f000 	C:\WINDOWS\System32\IMM32.DLL
0x00007ffd5c4d0000 - 0x00007ffd5c4dc000 	C:\Program Files\Java\jdk-17\bin\vcruntime140_1.dll
0x00007ffd5c440000 - 0x00007ffd5c4ce000 	C:\Program Files\Java\jdk-17\bin\msvcp140.dll
0x00007ffcd4f70000 - 0x00007ffcd5b4f000 	C:\Program Files\Java\jdk-17\bin\server\jvm.dll
0x00007ffd8a250000 - 0x00007ffd8a258000 	C:\WINDOWS\System32\PSAPI.DLL
0x00007ffd6f9b0000 - 0x00007ffd6f9ba000 	C:\WINDOWS\SYSTEM32\WSOCK32.dll
0x00007ffd86750000 - 0x00007ffd86786000 	C:\WINDOWS\SYSTEM32\WINMM.dll
0x00007ffd8b7b0000 - 0x00007ffd8b824000 	C:\WINDOWS\System32\WS2_32.dll
0x00007ffd88090000 - 0x00007ffd880aa000 	C:\WINDOWS\SYSTEM32\kernel.appcore.dll
0x00007ffd5c430000 - 0x00007ffd5c43a000 	C:\Program Files\Java\jdk-17\bin\jimage.dll
0x00007ffd86500000 - 0x00007ffd86741000 	C:\WINDOWS\SYSTEM32\DBGHELP.DLL
0x00007ffd8bac0000 - 0x00007ffd8be42000 	C:\WINDOWS\System32\combase.dll
0x00007ffd8aa60000 - 0x00007ffd8ab36000 	C:\WINDOWS\System32\OLEAUT32.dll
0x00007ffd864c0000 - 0x00007ffd864f9000 	C:\WINDOWS\SYSTEM32\dbgcore.DLL
0x00007ffd892d0000 - 0x00007ffd89369000 	C:\WINDOWS\System32\bcryptPrimitives.dll
0x00007ffd5c380000 - 0x00007ffd5c3a5000 	C:\Program Files\Java\jdk-17\bin\java.dll
0x00007ffd3a680000 - 0x00007ffd3a757000 	C:\Program Files\Java\jdk-17\bin\jsvml.dll
0x00007ffd8a330000 - 0x00007ffd8aa59000 	C:\WINDOWS\System32\SHELL32.dll
0x00007ffd89160000 - 0x00007ffd892c8000 	C:\WINDOWS\System32\wintypes.dll
0x00007ffd86e10000 - 0x00007ffd87662000 	C:\WINDOWS\SYSTEM32\windows.storage.dll
0x00007ffd8be50000 - 0x00007ffd8bf3d000 	C:\WINDOWS\System32\SHCORE.dll
0x00007ffd8a040000 - 0x00007ffd8a0a4000 	C:\WINDOWS\System32\shlwapi.dll
0x00007ffd89070000 - 0x00007ffd8909f000 	C:\WINDOWS\SYSTEM32\profapi.dll
0x00007ffd5c360000 - 0x00007ffd5c379000 	C:\Program Files\Java\jdk-17\bin\net.dll
0x00007ffd80ef0000 - 0x00007ffd8100d000 	C:\WINDOWS\SYSTEM32\WINHTTP.dll
0x00007ffd885b0000 - 0x00007ffd8861a000 	C:\WINDOWS\system32\mswsock.dll
0x00007ffd51310000 - 0x00007ffd51326000 	C:\Program Files\Java\jdk-17\bin\nio.dll
0x00007ffd3a660000 - 0x00007ffd3a678000 	C:\Program Files\Java\jdk-17\bin\zip.dll
0x00007ffd3a620000 - 0x00007ffd3a62e000 	C:\Program Files\Java\jdk-17\bin\sunmscapi.dll
0x00007ffd89a20000 - 0x00007ffd89b97000 	C:\WINDOWS\System32\CRYPT32.dll
0x00007ffd88a50000 - 0x00007ffd88a80000 	C:\WINDOWS\SYSTEM32\ncrypt.dll
0x00007ffd88a00000 - 0x00007ffd88a3f000 	C:\WINDOWS\SYSTEM32\NTASN1.dll
0x00007ffd88850000 - 0x00007ffd8886c000 	C:\WINDOWS\SYSTEM32\CRYPTSP.dll
0x00007ffd87ff0000 - 0x00007ffd8802a000 	C:\WINDOWS\system32\rsaenh.dll
0x00007ffd88650000 - 0x00007ffd8867b000 	C:\WINDOWS\SYSTEM32\USERENV.dll
0x00007ffd89040000 - 0x00007ffd89066000 	C:\WINDOWS\SYSTEM32\bcrypt.dll
0x00007ffd88870000 - 0x00007ffd8887c000 	C:\WINDOWS\SYSTEM32\CRYPTBASE.dll
0x00007ffd879e0000 - 0x00007ffd87a13000 	C:\WINDOWS\SYSTEM32\IPHLPAPI.DLL
0x00007ffd8a240000 - 0x00007ffd8a24a000 	C:\WINDOWS\System32\NSI.dll
0x00007ffd811e0000 - 0x00007ffd811ff000 	C:\WINDOWS\SYSTEM32\dhcpcsvc6.DLL
0x00007ffd80e30000 - 0x00007ffd80e55000 	C:\WINDOWS\SYSTEM32\dhcpcsvc.DLL
0x00007ffd87ad0000 - 0x00007ffd87bf5000 	C:\WINDOWS\SYSTEM32\DNSAPI.dll
0x00007ffd51300000 - 0x00007ffd5130a000 	C:\Program Files\Java\jdk-17\bin\management.dll
0x00007ffd3a650000 - 0x00007ffd3a65b000 	C:\Program Files\Java\jdk-17\bin\management_ext.dll
0x00007ffd5c350000 - 0x00007ffd5c360000 	C:\Program Files\Java\jdk-17\bin\verify.dll
0x00007ffd65590000 - 0x00007ffd655a9000 	C:\Users\idjjh\AppData\Local\Temp\gdal_native\zlib.dll
0x00007ffd00c50000 - 0x00007ffd00d02000 	C:\Users\idjjh\AppData\Local\Temp\gdal_native\zstd.dll
0x00007ffd00640000 - 0x00007ffd0073f000 	C:\Users\idjjh\AppData\Local\Temp\gdal_native\iconv-2.dll
0x00007ffd4fbe0000 - 0x00007ffd4fc0b000 	C:\Users\idjjh\AppData\Local\Temp\gdal_native\libexpat.dll
0x00007ffcfff20000 - 0x00007ffd00083000 	C:\Users\idjjh\AppData\Local\Temp\gdal_native\libxml2.dll
0x00007ffce2230000 - 0x00007ffce24dc000 	C:\Users\idjjh\AppData\Local\Temp\gdal_native\xerces-c_3_2.dll
0x00007ffd55cc0000 - 0x00007ffd55ce0000 	C:\Users\idjjh\AppData\Local\Temp\gdal_native\pcre.dll
0x00007ffcdb9c0000 - 0x00007ffcdbea4000 	C:\Users\idjjh\AppData\Local\Temp\gdal_native\libcrypto-3-x64.dll
0x00007ffcf0150000 - 0x00007ffcf028a000 	C:\Users\idjjh\AppData\Local\Temp\gdal_native\libssl-3-x64.dll
0x00007ffd00330000 - 0x00007ffd003c4000 	C:\Users\idjjh\AppData\Local\Temp\gdal_native\libcurl.dll
0x00007ffd8af10000 - 0x00007ffd8af84000 	C:\WINDOWS\System32\WLDAP32.dll
0x00007ffcdb700000 - 0x00007ffcdb9c0000 	C:\Users\idjjh\AppData\Local\Temp\gdal_native\sqlite3.dll
0x00007ffcd6cc0000 - 0x00007ffcd7361000 	C:\Users\idjjh\AppData\Local\Temp\gdal_native\libmysql.dll
0x00007ffd85ca0000 - 0x00007ffd85cad000 	C:\WINDOWS\SYSTEM32\Secur32.dll
0x00007ffd88330000 - 0x00007ffd88378000 	C:\WINDOWS\SYSTEM32\SSPICLI.DLL
0x0000000180000000 - 0x000000018004e000 	C:\Users\idjjh\AppData\Local\Temp\gdal_native\libpq.dll
0x00007ffce25b0000 - 0x00007ffce2788000 	C:\Users\idjjh\AppData\Local\Temp\gdal_native\geos.dll
0x00007ffd00bf0000 - 0x00007ffd00c4c000 	C:\Users\idjjh\AppData\Local\Temp\gdal_native\geos_c.dll
0x00007ffce80a0000 - 0x00007ffce81ec000 	C:\Users\idjjh\AppData\Local\Temp\gdal_native\tiff.dll
0x00007ffcd6980000 - 0x00007ffcd6cc0000 	C:\Users\idjjh\AppData\Local\Temp\gdal_native\proj_9.dll
0x00007ffd8b440000 - 0x00007ffd8b5d6000 	C:\WINDOWS\System32\ole32.dll
0x00007ffd005e0000 - 0x00007ffd00631000 	C:\Users\idjjh\AppData\Local\Temp\gdal_native\openjp2.dll
0x00007ffd14e10000 - 0x00007ffd14e45000 	C:\Users\idjjh\AppData\Local\Temp\gdal_native\libpng16.dll
0x00007ffd1c790000 - 0x00007ffd1c7ba000 	C:\Users\idjjh\AppData\Local\Temp\gdal_native\freexl.dll
0x00007ffd15d40000 - 0x00007ffd15d63000 	C:\Users\idjjh\AppData\Local\Temp\gdal_native\ogdi.dll
0x00007ffcd5c80000 - 0x00007ffcd6975000 	C:\Users\idjjh\AppData\Local\Temp\gdal_native\spatialite.dll
0x00007ffcfa380000 - 0x00007ffcfa40d000 	C:\Users\idjjh\AppData\Local\Temp\gdal_native\msvcp140.dll
0x00007ffcbc160000 - 0x00007ffcbd5aa000 	C:\Users\idjjh\AppData\Local\Temp\gdal_native\gdal.dll
0x00007ffd7d170000 - 0x00007ffd7d234000 	C:\WINDOWS\SYSTEM32\ODBC32.dll
0x00007ffd88e50000 - 0x00007ffd88e5a000 	C:\WINDOWS\SYSTEM32\DPAPI.DLL
0x00007ffce74e0000 - 0x00007ffce7588000 	C:\Users\idjjh\AppData\Local\Temp\gdal_native\gdalalljni.dll
0x00007ffce6b60000 - 0x00007ffce6c08000 	C:\JANG\sia_task\sia-task-dev\task\src\main\resources\nativelib\window\gdalalljni.dll
0x00007ffd51660000 - 0x00007ffd51668000 	C:\WINDOWS\system32\wshunix.dll
0x00007ffd75d60000 - 0x00007ffd75d6b000 	C:\Windows\System32\rasadhlp.dll
0x00007ffd7e7e0000 - 0x00007ffd7e865000 	C:\WINDOWS\System32\fwpuclnt.dll

dbghelp: loaded successfully - version: 4.0.5 - missing functions: none
symbol engine: initialized successfully - sym options: 0x614 - pdb path: .;C:\Program Files\Java\jdk-17\bin;C:\WINDOWS\SYSTEM32;C:\WINDOWS\WinSxS\amd64_microsoft.windows.common-controls_6595b64144ccf1df_6.0.26100.3624_none_3e086962e3345f24;C:\Program Files\Java\jdk-17\bin\server;C:\Users\idjjh\AppData\Local\Temp\gdal_native;C:\JANG\sia_task\sia-task-dev\task\src\main\resources\nativelib\window

VM Arguments:
jvm_args: -Djava.library.path=C:\JANG\sia_task\sia-task-dev\task\src\main\resources\nativelib\window -XX:TieredStopAtLevel=1 -Dfile.encoding=x-windows-949 -Duser.country=KR -Duser.language=ko -Duser.variant 
java_command: com.sia.task.TaskApplication
java_class_path (initial): C:\JANG\sia_task\sia-task-dev\task\build\classes\java\main;C:\JANG\sia_task\sia-task-dev\task\build\resources\main;C:\Users\idjjh\.gradle\caches\modules-2\files-2.1\org.springframework.cloud\spring-cloud-starter-aws\2.2.6.RELEASE\9d7c330b3f4aa477df2db27dd875a0e63a49456\spring-cloud-starter-aws-2.2.6.RELEASE.jar;C:\Users\idjjh\.gradle\caches\modules-2\files-2.1\io.github.cdimascio\java-dotenv\5.2.2\f77d54ff193ed4b07415ab8d7b3d0550716aa8c\java-dotenv-5.2.2.jar;C:\Users\idjjh\.gradle\caches\modules-2\files-2.1\commons-fileupload\commons-fileupload\1.5\ad4ad2ab2961b4e1891472bd1a33fabefb0385f3\commons-fileupload-1.5.jar;C:\Users\idjjh\.gradle\caches\modules-2\files-2.1\org.apache.tika\tika-core\2.9.1\bfd572826e7023dd6ceeefe1b4d0f6d3d8eef507\tika-core-2.9.1.jar;C:\Users\idjjh\.gradle\caches\modules-2\files-2.1\commons-io\commons-io\2.14.0\a4c6e1f6c196339473cd2e1b037f0eb97c62755b\commons-io-2.14.0.jar;C:\Users\idjjh\.gradle\caches\modules-2\files-2.1\org.gdal\gdal\3.10.0\d229b54a2136a6a1e6e8321881789a4465e2ec50\gdal-3.10.0.jar;C:\Users\idjjh\.gradle\caches\modules-2\files-2.1\com.h2database\h2\2.3.232\4fcc05d966ccdb2812ae8b9a718f69226c0cf4e2\h2-2.3.232.jar;C:\Users\idjjh\.gradle\caches\modules-2\files-2.1\org.springframework\spring-webmvc\6.2.5\db8f1171041d7091f3de80cffdfb9d6c5fbf3015\spring-webmvc-6.2.5.jar;C:\Users\idjjh\.gradle\caches\modules-2\files-2.1\org.springframework\spring-web\6.2.5\b42d2c0acbe05bad4c849883aa8816c25b6c1d94\spring-web-6.2.5.jar;C:\Users\idjjh\.gradle\caches\modules-2\files-2.1\org.hibernate.orm\hibernate-core\6.6.11.Final\d5330ab0dd5f5cc810086b7fb66cec8b2d2f5213\hibernate-core-6.6.11.Final.jar;C:\Users\idjjh\.gradle\caches\modules-2\files-2.1\org.springframework.data\spring-data-jpa\3.4.4\50f826d0dd60af289321bde6f5eea8fc48131c75\spring-data-jpa-3.4.4.jar;C:\Users\idjjh\.gradle\caches\modules-2\files-2.1\org.springframework\spring-aspects\6.2.5\971b57bb59d4890a3db5f1e20f89effa7df8c149\spring-aspects-6.2.5.jar;C:\Users\
Launcher Type: SUN_STANDARD

[Global flags]
     intx CICompilerCount                          = 12                                        {product} {ergonomic}
     uint ConcGCThreads                            = 3                                         {product} {ergonomic}
     uint G1ConcRefinementThreads                  = 13                                        {product} {ergonomic}
   size_t G1HeapRegionSize                         = 2097152                                   {product} {ergonomic}
    uintx GCDrainStackTargetSize                   = 64                                        {product} {ergonomic}
   size_t InitialHeapSize                          = 260046848                                 {product} {ergonomic}
   size_t MarkStackSize                            = 4194304                                   {product} {ergonomic}
   size_t MaxHeapSize                              = 4139778048                                {product} {ergonomic}
   size_t MaxNewSize                               = 2483027968                                {product} {ergonomic}
   size_t MinHeapDeltaBytes                        = 2097152                                   {product} {ergonomic}
   size_t MinHeapSize                              = 8388608                                   {product} {ergonomic}
    uintx NonProfiledCodeHeapSize                  = 0                                      {pd product} {ergonomic}
     bool ProfileInterpreter                       = false                                  {pd product} {command line}
    uintx ProfiledCodeHeapSize                     = 0                                      {pd product} {ergonomic}
   size_t SoftMaxHeapSize                          = 4139778048                             {manageable} {ergonomic}
     intx TieredStopAtLevel                        = 1                                         {product} {command line}
     bool UseCompressedClassPointers               = true                           {product lp64_product} {ergonomic}
     bool UseCompressedOops                        = true                           {product lp64_product} {ergonomic}
     bool UseG1GC                                  = true                                      {product} {ergonomic}
     bool UseLargePagesIndividualAllocation        = false                                  {pd product} {ergonomic}

Logging:
Log output configuration:
 #0: stdout all=warning uptime,level,tags
 #1: stderr all=off uptime,level,tags

Environment Variables:
JAVA_HOME=C:\Program Files\Java\jdk-17
CLASSPATH=C:\JANG\sia_task\sia-task-dev\task\\gradle\wrapper\gradle-wrapper.jar
PATH=C:\Program Files\Java\jdk-17;C:\Python312\Scripts\;C:\Python312\;C:\oraclexe\app\oracle\product\11.2.0\server\bin;C:\Program Files\Common Files\Oracle\Java\javapath;C:\Windows\system32;C:\Windows;C:\Windows\System32\Wbem;C:\Windows\System32\WindowsPowerShell\v1.0\;C:\Windows\System32\OpenSSH\;C:\Program Files (x86)\NVIDIA Corporation\PhysX\Common;C:\WINDOWS\system32;C:\WINDOWS;C:\WINDOWS\System32\Wbem;C:\WINDOWS\System32\WindowsPowerShell\v1.0\;C:\WINDOWS\System32\OpenSSH\;C:\Program Files\Git\cmd;C:\ProgramData\chocolatey\bin;C:\nodejs;C:\Program Files\NVIDIA Corporation\NVIDIA app\NvDLISR;C:\Program Files\Docker\Docker\resources\bin;C:\Program Files\nodejs\;C:\Users\idjjh\AppData\Local\Programs\Python\Python313\Scripts\;C:\Users\idjjh\AppData\Local\Programs\Python\Python313\;C:\Users\idjjh\AppData\Local\Microsoft\WindowsApps;C:\apache-maven-3.9.9\bin;C:\Users\idjjh\AppData\Roaming\npm;C:\Program Files\Git\bin;C:\Python312\Scripts\;
USERNAME=junhee
LANG=en_US.UTF-8
OS=Windows_NT
PROCESSOR_IDENTIFIER=AMD64 Family 23 Model 96 Stepping 1, AuthenticAMD



---------------  S Y S T E M  ---------------

OS:
 Windows 11 , 64 bit Build 26100 (10.0.26100.3775)
OS uptime: 0 days 0:51 hours
Hyper-V role detected

CPU: total 16 (initial active 16) (16 cores per cpu, 2 threads per core) family 23 model 96 stepping 1 microcode 0x8600104, cx8, cmov, fxsr, ht, mmx, 3dnowpref, sse, sse2, sse3, ssse3, sse4a, sse4.1, sse4.2, popcnt, lzcnt, tsc, tscinvbit, avx, avx2, aes, clmul, bmi1, bmi2, adx, sha, fma, vzeroupper, clflush, clflushopt, hv

Memory: 4k page, system-wide physical 15789M (1978M free)
TotalPageFile size 22189M (AvailPageFile size 799M)
current process WorkingSet (physical memory assigned to process): 263M, peak: 295M
current process commit charge ("private bytes"): 323M, peak: 386M

vm_info: Java HotSpot(TM) 64-Bit Server VM (17.0.10+11-LTS-240) for windows-amd64 JRE (17.0.10+11-LTS-240), built on Dec 19 2023 21:47:25 by "mach5one" with MS VC++ 17.1 (VS2022)

END.
