#
# A fatal error has been detected by the Java Runtime Environment:
#
#  EXCEPTION_ACCESS_VIOLATION (0xc0000005) at pc=0x00007ffd5c4532a8, pid=29128, tid=30688
#
# JRE version: Java(TM) SE Runtime Environment (17.0.10+11) (build 17.0.10+11-LTS-240)
# Java VM: Java HotSpot(TM) 64-Bit Server VM (17.0.10+11-LTS-240, mixed mode, emulated-client, sharing, tiered, compressed oops, compressed class ptrs, g1 gc, windows-amd64)
# Problematic frame:
# C  [msvcp140.dll+0x132a8]
#
# No core dump will be written. Minidumps are not enabled by default on client versions of Windows
#
# If you would like to submit a bug report, please visit:
#   https://bugreport.java.com/bugreport/crash.jsp
# The crash happened outside the Java Virtual Machine in native code.
# See problematic frame for where to report the bug.
#

---------------  S U M M A R Y ------------

Command Line: -Djava.library.path=C:\JANG\sia_task\sia-task-dev\task/src/main/resource/nativelib/window -XX:TieredStopAtLevel=1 -Dfile.encoding=x-windows-949 -Duser.country=KR -Duser.language=ko -Duser.variant com.sia.task.TaskApplication

Host: AMD Ryzen 9 4900HS with Radeon Graphics         , 16 cores, 15G,  Windows 11 , 64 bit Build 26100 (10.0.26100.3775)
Time: Mon Apr 28 00:22:27 2025  Windows 11 , 64 bit Build 26100 (10.0.26100.3775) elapsed time: 28.216403 seconds (0d 0h 0m 28s)

---------------  T H R E A D  ---------------

Current thread (0x000001a67f990130):  JavaThread "http-nio-8080-exec-7" daemon [_thread_in_native, id=30688, stack(0x0000009271e00000,0x0000009271f00000)]

Stack: [0x0000009271e00000,0x0000009271f00000],  sp=0x0000009271efcca0,  free space=1011k
Native frames: (J=compiled Java code, j=interpreted, Vv=VM code, C=native code)
C  [msvcp140.dll+0x132a8]
C  [gdal.dll+0xc2757d]

Java frames: (J=compiled Java code, j=interpreted, Vv=VM code)
j  org.gdal.gdal.gdalJNI.Open__SWIG_1(Ljava/lang/String;)J+0
j  org.gdal.gdal.gdal.Open(Ljava/lang/String;)Lorg/gdal/gdal/Dataset;+1
j  com.sia.task.service.ConvertCOGService.fileConvertCOG(Ljava/util/List;)V+457
j  com.sia.task.service.FileProcessingService.fileProcessing(Ljava/util/List;)V+14
j  com.sia.task.controller.FileProcessingController.fileProcessing(Lcom/sia/task/fileDTO/FileDTO;)Lorg/springframework/http/ResponseEntity;+39
v  ~StubRoutines::call_stub
J 3828  jdk.internal.reflect.NativeMethodAccessorImpl.invoke0(Ljava/lang/reflect/Method;Ljava/lang/Object;[Ljava/lang/Object;)Ljava/lang/Object; java.base@17.0.10 (0 bytes) @ 0x000001a66ff75fa7 [0x000001a66ff75f20+0x0000000000000087]
J 3827 c1 jdk.internal.reflect.NativeMethodAccessorImpl.invoke(Ljava/lang/Object;[Ljava/lang/Object;)Ljava/lang/Object; java.base@17.0.10 (137 bytes) @ 0x000001a66ff767cc [0x000001a66ff76480+0x000000000000034c]
J 3816 c1 jdk.internal.reflect.DelegatingMethodAccessorImpl.invoke(Ljava/lang/Object;[Ljava/lang/Object;)Ljava/lang/Object; java.base@17.0.10 (10 bytes) @ 0x000001a66ff73664 [0x000001a66ff73620+0x0000000000000044]
J 3818 c1 java.lang.reflect.Method.invoke(Ljava/lang/Object;[Ljava/lang/Object;)Ljava/lang/Object; java.base@17.0.10 (65 bytes) @ 0x000001a66ff73e6c [0x000001a66ff73d60+0x000000000000010c]
j  org.springframework.web.method.support.InvocableHandlerMethod.doInvoke([Ljava/lang/Object;)Ljava/lang/Object;+55
j  org.springframework.web.method.support.InvocableHandlerMethod.invokeForRequest(Lorg/springframework/web/context/request/NativeWebRequest;Lorg/springframework/web/method/support/ModelAndViewContainer;[Ljava/lang/Object;)Ljava/lang/Object;+82
j  org.springframework.web.servlet.mvc.method.annotation.ServletInvocableHandlerMethod.invokeAndHandle(Lorg/springframework/web/context/request/ServletWebRequest;Lorg/springframework/web/method/support/ModelAndViewContainer;[Ljava/lang/Object;)V+4
j  org.springframework.web.servlet.mvc.method.annotation.RequestMappingHandlerAdapter.invokeHandlerMethod(Ljakarta/servlet/http/HttpServletRequest;Ljakarta/servlet/http/HttpServletResponse;Lorg/springframework/web/method/HandlerMethod;)Lorg/springframework/web/servlet/ModelAndView;+309
j  org.springframework.web.servlet.mvc.method.annotation.RequestMappingHandlerAdapter.handleInternal(Ljakarta/servlet/http/HttpServletRequest;Ljakarta/servlet/http/HttpServletResponse;Lorg/springframework/web/method/HandlerMethod;)Lorg/springframework/web/servlet/ModelAndView;+81
j  org.springframework.web.servlet.mvc.method.AbstractHandlerMethodAdapter.handle(Ljakarta/servlet/http/HttpServletRequest;Ljakarta/servlet/http/HttpServletResponse;Ljava/lang/Object;)Lorg/springframework/web/servlet/ModelAndView;+7
j  org.springframework.web.servlet.DispatcherServlet.doDispatch(Ljakarta/servlet/http/HttpServletRequest;Ljakarta/servlet/http/HttpServletResponse;)V+304
j  org.springframework.web.servlet.DispatcherServlet.doService(Ljakarta/servlet/http/HttpServletRequest;Ljakarta/servlet/http/HttpServletResponse;)V+242
j  org.springframework.web.servlet.FrameworkServlet.processRequest(Ljakarta/servlet/http/HttpServletRequest;Ljakarta/servlet/http/HttpServletResponse;)V+70
j  org.springframework.web.servlet.FrameworkServlet.doPost(Ljakarta/servlet/http/HttpServletRequest;Ljakarta/servlet/http/HttpServletResponse;)V+3
j  jakarta.servlet.http.HttpServlet.service(Ljakarta/servlet/http/HttpServletRequest;Ljakarta/servlet/http/HttpServletResponse;)V+150
j  org.springframework.web.servlet.FrameworkServlet.service(Ljakarta/servlet/http/HttpServletRequest;Ljakarta/servlet/http/HttpServletResponse;)V+20
j  jakarta.servlet.http.HttpServlet.service(Ljakarta/servlet/ServletRequest;Ljakarta/servlet/ServletResponse;)V+37
j  org.apache.catalina.core.ApplicationFilterChain.internalDoFilter(Ljakarta/servlet/ServletRequest;Ljakarta/servlet/ServletResponse;)V+300
j  org.apache.catalina.core.ApplicationFilterChain.doFilter(Ljakarta/servlet/ServletRequest;Ljakarta/servlet/ServletResponse;)V+99
j  org.apache.tomcat.websocket.server.WsFilter.doFilter(Ljakarta/servlet/ServletRequest;Ljakarta/servlet/ServletResponse;Ljakarta/servlet/FilterChain;)V+21
j  org.apache.catalina.core.ApplicationFilterChain.internalDoFilter(Ljakarta/servlet/ServletRequest;Ljakarta/servlet/ServletResponse;)V+130
j  org.apache.catalina.core.ApplicationFilterChain.doFilter(Ljakarta/servlet/ServletRequest;Ljakarta/servlet/ServletResponse;)V+99
j  org.springframework.web.filter.RequestContextFilter.doFilterInternal(Ljakarta/servlet/http/HttpServletRequest;Ljakarta/servlet/http/HttpServletResponse;Ljakarta/servlet/FilterChain;)V+21
j  org.springframework.web.filter.OncePerRequestFilter.doFilter(Ljakarta/servlet/ServletRequest;Ljakarta/servlet/ServletResponse;Ljakarta/servlet/FilterChain;)V+150
j  org.apache.catalina.core.ApplicationFilterChain.internalDoFilter(Ljakarta/servlet/ServletRequest;Ljakarta/servlet/ServletResponse;)V+130
j  org.apache.catalina.core.ApplicationFilterChain.doFilter(Ljakarta/servlet/ServletRequest;Ljakarta/servlet/ServletResponse;)V+99
j  org.springframework.web.filter.FormContentFilter.doFilterInternal(Ljakarta/servlet/http/HttpServletRequest;Ljakarta/servlet/http/HttpServletResponse;Ljakarta/servlet/FilterChain;)V+38
j  org.springframework.web.filter.OncePerRequestFilter.doFilter(Ljakarta/servlet/ServletRequest;Ljakarta/servlet/ServletResponse;Ljakarta/servlet/FilterChain;)V+150
j  org.apache.catalina.core.ApplicationFilterChain.internalDoFilter(Ljakarta/servlet/ServletRequest;Ljakarta/servlet/ServletResponse;)V+130
j  org.apache.catalina.core.ApplicationFilterChain.doFilter(Ljakarta/servlet/ServletRequest;Ljakarta/servlet/ServletResponse;)V+99
j  org.springframework.web.filter.CharacterEncodingFilter.doFilterInternal(Ljakarta/servlet/http/HttpServletRequest;Ljakarta/servlet/http/HttpServletResponse;Ljakarta/servlet/FilterChain;)V+53
j  org.springframework.web.filter.OncePerRequestFilter.doFilter(Ljakarta/servlet/ServletRequest;Ljakarta/servlet/ServletResponse;Ljakarta/servlet/FilterChain;)V+150
j  org.apache.catalina.core.ApplicationFilterChain.internalDoFilter(Ljakarta/servlet/ServletRequest;Ljakarta/servlet/ServletResponse;)V+130
j  org.apache.catalina.core.ApplicationFilterChain.doFilter(Ljakarta/servlet/ServletRequest;Ljakarta/servlet/ServletResponse;)V+99
j  org.apache.catalina.core.StandardWrapperValve.invoke(Lorg/apache/catalina/connector/Request;Lorg/apache/catalina/connector/Response;)V+511
j  org.apache.catalina.core.StandardContextValve.invoke(Lorg/apache/catalina/connector/Request;Lorg/apache/catalina/connector/Response;)V+169
j  org.apache.catalina.authenticator.AuthenticatorBase.invoke(Lorg/apache/catalina/connector/Request;Lorg/apache/catalina/connector/Response;)V+221
j  org.apache.catalina.core.StandardHostValve.invoke(Lorg/apache/catalina/connector/Request;Lorg/apache/catalina/connector/Response;)V+131
j  org.apache.catalina.valves.ErrorReportValve.invoke(Lorg/apache/catalina/connector/Request;Lorg/apache/catalina/connector/Response;)V+6
j  org.apache.catalina.core.StandardEngineValve.invoke(Lorg/apache/catalina/connector/Request;Lorg/apache/catalina/connector/Response;)V+59
j  org.apache.catalina.connector.CoyoteAdapter.service(Lorg/apache/coyote/Request;Lorg/apache/coyote/Response;)V+188
j  org.apache.coyote.http11.Http11Processor.service(Lorg/apache/tomcat/util/net/SocketWrapperBase;)Lorg/apache/tomcat/util/net/AbstractEndpoint$Handler$SocketState;+796
j  org.apache.coyote.AbstractProcessorLight.process(Lorg/apache/tomcat/util/net/SocketWrapperBase;Lorg/apache/tomcat/util/net/SocketEvent;)Lorg/apache/tomcat/util/net/AbstractEndpoint$Handler$SocketState;+155
j  org.apache.coyote.AbstractProtocol$ConnectionHandler.process(Lorg/apache/tomcat/util/net/SocketWrapperBase;Lorg/apache/tomcat/util/net/SocketEvent;)Lorg/apache/tomcat/util/net/AbstractEndpoint$Handler$SocketState;+477
j  org.apache.tomcat.util.net.NioEndpoint$SocketProcessor.doRun()V+222
j  org.apache.tomcat.util.net.SocketProcessorBase.run()V+32
j  org.apache.tomcat.util.threads.ThreadPoolExecutor.runWorker(Lorg/apache/tomcat/util/threads/ThreadPoolExecutor$Worker;)V+92
j  org.apache.tomcat.util.threads.ThreadPoolExecutor$Worker.run()V+5
j  org.apache.tomcat.util.threads.TaskThread$WrappingRunnable.run()V+4
j  java.lang.Thread.run()V+11 java.base@17.0.10
v  ~StubRoutines::call_stub

siginfo: EXCEPTION_ACCESS_VIOLATION (0xc0000005), reading address 0x0000000000000000


Registers:
RAX=0x0000000000000000, RBX=0x000001a646dcac10, RCX=0x00007ffcbb4586f8, RDX=0x0000000000000000
RSP=0x0000009271efcca0, RBP=0x0000009271efcf00, RSI=0x00007ffcbb4586f0, RDI=0x0000000000004000
R8 =0x0000000000000009, R9 =0x0000000000000040, R10=0xfefefefefefefeff, R11=0x8080808080808080
R12=0x0000009271efcf80, R13=0x0000000000000000, R14=0x0000000000000000, R15=0x00007ffcbb458738
RIP=0x00007ffd5c4532a8, EFLAGS=0x0000000000010282


Register to memory mapping:

RIP=0x00007ffd5c4532a8 msvcp140.dll
RAX=0x0 is NULL
RBX=0x000001a646dcac10 points into unknown readable memory: 0x73726573555c3a43 | 43 3a 5c 55 73 65 72 73
RCX=0x00007ffcbb4586f8 gdal.dll
RDX=0x0 is NULL
RSP=0x0000009271efcca0 is pointing into the stack for thread: 0x000001a67f990130
RBP=0x0000009271efcf00 is pointing into the stack for thread: 0x000001a67f990130
RSI=0x00007ffcbb4586f0 gdal.dll
RDI=0x0000000000004000 is an unknown value
R8 =0x0000000000000009 is an unknown value
R9 =0x0000000000000040 is an unknown value
R10=0xfefefefefefefeff is an unknown value
R11=0x8080808080808080 is an unknown value
R12=0x0000009271efcf80 is pointing into the stack for thread: 0x000001a67f990130
R13=0x0 is NULL
R14=0x0 is NULL
R15=0x00007ffcbb458738 gdal.dll


Top of Stack: (sp=0x0000009271efcca0)
0x0000009271efcca0:   0000000000000002 0000000000000000
0x0000009271efccb0:   0000000000000000 0000000000000000
0x0000009271efccc0:   0000000000000000 0000000000000000
0x0000009271efccd0:   0000d7a138457c60 000001a646dcadf0
0x0000009271efcce0:   0000000000000042 000001a646dcadf0
0x0000009271efccf0:   0000000000004000 00007ffcbad0757d
0x0000009271efcd00:   000001a6661c0000 000000000000003a
0x0000009271efcd10:   000001a646dcac10 ffffffffffffffff
0x0000009271efcd20:   00007ffcbb4586f0 00007ffcba0fc93e
0x0000009271efcd30:   000000000000003a 000001a67f990130
0x0000009271efcd40:   000001a600453e48 0000d73aee615961
0x0000009271efcd50:   0000000000000042 000001a646dcadf0
0x0000009271efcd60:   0000000000000000 0000000000000000
0x0000009271efcd70:   0000000000004000 ffffffffffffffff
0x0000009271efcd80:   0000009271efcf00 00007ffcbad06d8d
0x0000009271efcd90:   0000009271efcf40 0000009271efd220 

Instructions: (pc=0x00007ffd5c4532a8)
0x00007ffd5c4531a8:   48 89 01 48 83 c1 08 48 83 c4 28 48 ff 25 26 30
0x00007ffd5c4531b8:   04 00 48 8d 05 37 70 04 00 45 33 c0 48 89 01 ba
0x00007ffd5c4531c8:   a0 0f 00 00 48 83 c1 08 48 83 c4 28 48 ff 25 ed
0x00007ffd5c4531d8:   2f 04 00 cc cc cc cc cc 48 83 c1 08 48 ff 25 cd
0x00007ffd5c4531e8:   2f 04 00 cc cc cc cc cc 48 83 c1 08 48 ff 25 dd
0x00007ffd5c4531f8:   2f 04 00 cc cc cc cc cc 48 83 c1 08 48 ff 25 45
0x00007ffd5c453208:   2e 04 00 cc 48 89 5c 24 18 48 89 74 24 20 57 41
0x00007ffd5c453218:   56 41 57 48 83 ec 40 48 8b 05 0a 11 07 00 48 33
0x00007ffd5c453228:   c4 48 89 44 24 30 8b 01 4c 8b f2 0f ba f0 08 48
0x00007ffd5c453238:   8b f1 83 f8 01 75 4a ff 15 b3 2f 04 00 39 46 48
0x00007ffd5c453248:   74 19 48 8d 4e 08 48 8b 01 48 8b 00 ff 15 6e 34
0x00007ffd5c453258:   04 00 ff 15 98 2f 04 00 89 46 48 ff 46 4c 33 c0
0x00007ffd5c453268:   48 8b 4c 24 30 48 33 cc e8 cb fd 03 00 48 8b 5c
0x00007ffd5c453278:   24 70 48 8b 74 24 78 48 83 c4 40 41 5f 41 5e 5f
0x00007ffd5c453288:   c3 4d 85 f6 75 28 4c 8d 79 48 ff 15 60 2f 04 00
0x00007ffd5c453298:   41 39 07 0f 84 ad 00 00 00 48 8d 4e 08 48 8b 01
0x00007ffd5c4532a8:   48 8b 00 ff 15 17 34 04 00 e9 98 00 00 00 48 83
0x00007ffd5c4532b8:   3a 00 7c 6e 75 06 83 7a 08 00 7e 66 ba 01 00 00
0x00007ffd5c4532c8:   00 48 8d 4c 24 20 e8 2d 09 00 00 48 8b 44 24 20
0x00007ffd5c4532d8:   49 3b 06 7c 14 0f 85 b3 00 00 00 41 8b 46 08 39
0x00007ffd5c4532e8:   44 24 28 0f 8d a5 00 00 00 4c 8d 7e 48 ff 15 fd
0x00007ffd5c4532f8:   2e 04 00 41 39 07 74 4e 48 8b 46 08 48 8d 54 24
0x00007ffd5c453308:   20 49 8b ce 48 8b 58 10 e8 db 07 00 00 8b d0 48
0x00007ffd5c453318:   8d 4e 08 48 8b c3 ff 15 a4 33 04 00 84 c0 74 9c
0x00007ffd5c453328:   eb 24 4c 8d 79 48 ff 15 c4 2e 04 00 41 39 07 74
0x00007ffd5c453338:   15 48 8d 4e 08 48 8b 01 48 8b 40 08 ff 15 7e 33
0x00007ffd5c453348:   04 00 84 c0 74 48 8b 4e 4c 33 db bf 02 01 00 00
0x00007ffd5c453358:   8d 41 01 89 46 4c 83 f8 01 7e 0f f7 06 00 01 00
0x00007ffd5c453368:   00 75 10 89 4e 4c 8b df eb 09 ff 15 80 2e 04 00
0x00007ffd5c453378:   41 89 07 85 db 0f 84 e3 fe ff ff 3b df 74 0a b8
0x00007ffd5c453388:   04 00 00 00 e9 d7 fe ff ff 4d 85 f6 74 20 49 83
0x00007ffd5c453398:   3e 00 75 10 41 8b 46 08 f7 d8 1b c0 83 c0 03 e9 


Stack slot to memory mapping:
stack at sp + 0 slots: 0x0000000000000002 is an unknown value
stack at sp + 1 slots: 0x0 is NULL
stack at sp + 2 slots: 0x0 is NULL
stack at sp + 3 slots: 0x0 is NULL
stack at sp + 4 slots: 0x0 is NULL
stack at sp + 5 slots: 0x0 is NULL
stack at sp + 6 slots: 0x0000d7a138457c60 is an unknown value
stack at sp + 7 slots: 0x000001a646dcadf0 points into unknown readable memory: 0x73726573555c3a43 | 43 3a 5c 55 73 65 72 73


Compiled method (n/a)   28280 3828     n 0       jdk.internal.reflect.NativeMethodAccessorImpl::invoke0 (native)
 total in heap  [0x000001a66ff75d90,0x000001a66ff76230] = 1184
 relocation     [0x000001a66ff75ee8,0x000001a66ff75f20] = 56
 main code      [0x000001a66ff75f20,0x000001a66ff76230] = 784

[Constant Pool (empty)]

[MachCode]
[Entry Point]
  # {method} {0x000001a6001c4290} 'invoke0' '(Ljava/lang/reflect/Method;Ljava/lang/Object;[Ljava/lang/Object;)Ljava/lang/Object;' in 'jdk/internal/reflect/NativeMethodAccessorImpl'
  # parm0:    rdx:rdx   = 'java/lang/reflect/Method'
  # parm1:    r8:r8     = 'java/lang/Object'
  # parm2:    r9:r9     = '[Ljava/lang/Object;'
  #           [sp+0x80]  (sp of caller)
  0x000001a66ff75f20: 448b 5208 | 49bb 0000 | 0000 a601 | 0000 4d03 | d349 3bc2 | 0f84 0600 

  0x000001a66ff75f38: ;   {runtime_call ic_miss_stub}
  0x000001a66ff75f38: 0000 e941 | 6b61 ff90 
[Verified Entry Point]
  0x000001a66ff75f40: 8984 2400 | 90ff ff55 | 488b ec48 | 83ec 704c | 894c 2438 | 4983 f900 | 488d 4424 | 3848 0f44 
  0x000001a66ff75f60: 4424 3848 | 8944 2420 | 4c89 4424 | 3049 83f8 | 004c 8d4c | 2430 4c0f | 444c 2430 | 4889 5424 
  0x000001a66ff75f80: 2848 83fa | 004c 8d44 | 2428 4c0f | 4444 2428 

  0x000001a66ff75f90: ;   {oop(a 'java/lang/Class'{0x00000007097bee60} = 'jdk/internal/reflect/NativeMethodAccessorImpl')}
  0x000001a66ff75f90: 49be 60ee | 7b09 0700 | 0000 4c89 | 7424 584c | 8d74 2458 | 498b d6c5 

  0x000001a66ff75fa8: ;   {internal_word}
  0x000001a66ff75fa8: f877 49ba | a75f f76f | a601 0000 | 4d89 9798 | 0200 0049 | 89a7 9002 

  0x000001a66ff75fc0: ;   {external_word}
  0x000001a66ff75fc0: 0000 49ba | e380 a7d5 | fc7f 0000 | 4180 3a00 | 0f84 5200 | 0000 5241 

  0x000001a66ff75fd8: ;   {metadata({method} {0x000001a6001c4290} 'invoke0' '(Ljava/lang/reflect/Method;Ljava/lang/Object;[Ljava/lang/Object;)Ljava/lang/Object;' in 'jdk/internal/reflect/NativeMethodAccessorImpl')}
  0x000001a66ff75fd8: 5041 5148 | ba88 421c | 00a6 0100 | 0049 8bcf | 4883 ec20 | f7c4 0f00 | 0000 0f84 | 1a00 0000 
  0x000001a66ff75ff8: 4883 ec08 

  0x000001a66ff75ffc: ;   {runtime_call}
  0x000001a66ff75ffc: 49ba 00d6 | 64d5 fc7f | 0000 41ff | d248 83c4 | 08e9 0d00 

  0x000001a66ff76010: ;   {runtime_call}
  0x000001a66ff76010: 0000 49ba | 00d6 64d5 | fc7f 0000 | 41ff d248 | 83c4 2041 | 5941 585a | 498d 8fb0 | 0200 0041 
  0x000001a66ff76030: c787 4003 | 0000 0400 

  0x000001a66ff76038: ;   {runtime_call}
  0x000001a66ff76038: 0000 49ba | a43e 385c | fd7f 0000 | 41ff d2c5 | f877 41c7 | 8740 0300 | 0005 0000 | 00f0 8344 
  0x000001a66ff76058: 24c0 0049 | 3baf 4803 | 0000 0f87 | 1100 0000 | 4181 bf30 | 0300 0000 | 0000 000f | 842c 0000 
  0x000001a66ff76078: 00c5 f877 | 4889 45f8 | 498b cf4c | 8be4 4883 | ec20 4883 

  0x000001a66ff7608c: ;   {runtime_call}
  0x000001a66ff7608c: e4f0 49ba | 408d 6fd5 | fc7f 0000 | 41ff d249 | 8be4 4d33 | e448 8b45 | f841 c787 | 4003 0000 
  0x000001a66ff760ac: 0800 0000 | 4181 bfb0 | 0300 0002 | 0000 000f | 843f 0100 

  0x000001a66ff760c0: ;   {external_word}
  0x000001a66ff760c0: 0049 bae3 | 80a7 d5fc | 7f00 0041 | 803a 000f | 8450 0000 | 0048 8945 

  0x000001a66ff760d8: ;   {metadata({method} {0x000001a6001c4290} 'invoke0' '(Ljava/lang/reflect/Method;Ljava/lang/Object;[Ljava/lang/Object;)Ljava/lang/Object;' in 'jdk/internal/reflect/NativeMethodAccessorImpl')}
  0x000001a66ff760d8: f848 ba88 | 421c 00a6 | 0100 0049 | 8bcf 4883 | ec20 f7c4 | 0f00 0000 | 0f84 1a00 | 0000 4883 
  0x000001a66ff760f8: ;   {runtime_call}
  0x000001a66ff760f8: ec08 49ba | 00d6 64d5 | fc7f 0000 | 41ff d248 | 83c4 08e9 | 0d00 0000 

  0x000001a66ff76110: ;   {runtime_call}
  0x000001a66ff76110: 49ba 00d6 | 64d5 fc7f | 0000 41ff | d248 83c4 | 2048 8b45 | f849 c787 | 9002 0000 | 0000 0000 
  0x000001a66ff76130: 49c7 8798 | 0200 0000 | 0000 00c5 | f877 4885 | c00f 8493 | 0000 0048 | f7c0 0100 | 0000 0f84 
  0x000001a66ff76150: 8300 0000 | 488b 40ff | 4180 7f38 | 000f 846f | 0000 0048 | 83f8 000f | 8465 0000 | 0049 8b4f 
  0x000001a66ff76170: 2048 83f9 | 000f 8414 | 0000 0048 | 83e9 0849 | 894f 2049 | 034f 3048 | 8901 e943 | 0000 0050 
  0x000001a66ff76190: 498b d748 | 8bc8 4883 | ec20 f7c4 | 0f00 0000 | 0f84 1a00 | 0000 4883 

  0x000001a66ff761a8: ;   {runtime_call}
  0x000001a66ff761a8: ec08 49ba | 3009 24d5 | fc7f 0000 | 41ff d248 | 83c4 08e9 | 0d00 0000 

  0x000001a66ff761c0: ;   {runtime_call}
  0x000001a66ff761c0: 49ba 3009 | 24d5 fc7f | 0000 41ff | d248 83c4 | 2058 e903 | 0000 0048 | 8b00 498b | 8fd8 0000 
  0x000001a66ff761e0: 00c7 8100 | 0100 0000 | 0000 00c9 | 4981 7f08 | 0000 0000 | 0f85 0100 

  0x000001a66ff761f8: ;   {runtime_call StubRoutines (1)}
  0x000001a66ff761f8: 0000 c3e9 | 00ad 5cff | c5f8 7748 | 8945 f84c | 8be4 4883 | ec20 4883 

  0x000001a66ff76210: ;   {runtime_call}
  0x000001a66ff76210: e4f0 49ba | a006 65d5 | fc7f 0000 | 41ff d249 | 8be4 4d33 | e448 8b45 | f8e9 93fe | ffff f4f4 
[/MachCode]


Compiled method (c1)   28299 3827   !   1       jdk.internal.reflect.NativeMethodAccessorImpl::invoke (137 bytes)
 total in heap  [0x000001a66ff76290,0x000001a66ff76cd0] = 2624
 relocation     [0x000001a66ff763e8,0x000001a66ff76470] = 136
 main code      [0x000001a66ff76480,0x000001a66ff768e0] = 1120
 stub code      [0x000001a66ff768e0,0x000001a66ff76968] = 136
 metadata       [0x000001a66ff76968,0x000001a66ff76988] = 32
 scopes data    [0x000001a66ff76988,0x000001a66ff76a48] = 192
 scopes pcs     [0x000001a66ff76a48,0x000001a66ff76b68] = 288
 dependencies   [0x000001a66ff76b68,0x000001a66ff76b70] = 8
 handler table  [0x000001a66ff76b70,0x000001a66ff76c90] = 288
 nul chk table  [0x000001a66ff76c90,0x000001a66ff76cd0] = 64

[Constant Pool (empty)]

[MachCode]
[Entry Point]
  # {method} {0x000001a6001c3d68} 'invoke' '(Ljava/lang/Object;[Ljava/lang/Object;)Ljava/lang/Object;' in 'jdk/internal/reflect/NativeMethodAccessorImpl'
  # this:     rdx:rdx   = 'jdk/internal/reflect/NativeMethodAccessorImpl'
  # parm0:    r8:r8     = 'java/lang/Object'
  # parm1:    r9:r9     = '[Ljava/lang/Object;'
  #           [sp+0xd0]  (sp of caller)
  0x000001a66ff76480: 448b 5208 | 49bb 0000 | 0000 a601 | 0000 4d03 | d34c 3bd0 

  0x000001a66ff76494: ;   {runtime_call ic_miss_stub}
  0x000001a66ff76494: 0f85 e665 | 61ff 660f | 1f44 0000 
[Verified Entry Point]
  0x000001a66ff764a0: 8984 2400 | 90ff ff55 | 4881 ecc0 | 0000 0048 | 8954 2470 | 8b72 0cff | c689 720c 

  0x000001a66ff764bc: ;   {oop(a 'java/lang/Class'{0x00000007097e5048} = 'jdk/internal/reflect/ReflectionFactory')}
  0x000001a66ff764bc: 48bf 4850 | 7e09 0700 | 0000 8b7f | 783b f70f | 8f08 0000 | 0048 8bf2 | e9e2 0200 | 004c 898c 
  0x000001a66ff764dc: 2480 0000 | 004c 8944 | 2478 8b72 | 1448 c1e6 | 038b 7624 | 48c1 e603 

  0x000001a66ff764f4: ; implicit exception: dispatches to 0x000001a66ff7681a
  0x000001a66ff764f4: 483b 0648 | 8bd6 0f1f 

  0x000001a66ff764fc: ;   {optimized virtual_call}
  0x000001a66ff764fc: 4400 00e8 

  0x000001a66ff76500: ; ImmutableOopMap {[112]=Oop [128]=Oop [120]=Oop }
                      ;*invokevirtual isHidden {reexecute=0 rethrow=0 return_oop=0}
                      ; - jdk.internal.reflect.NativeMethodAccessorImpl::invoke@24 (line 57)
  0x000001a66ff76500: 3c2e 9bff | 83f8 000f | 8417 0000 | 004c 8b8c | 2480 0000 | 004c 8b44 | 2478 488b | 7424 70e9 
  0x000001a66ff76520: 9702 0000 | 488b 5424 | 708b 4210 | 83f8 000f | 8415 0000 | 004c 8b8c | 2480 0000 | 004c 8b44 
  0x000001a66ff76540: 2478 488b | f2e9 7102 | 0000 488d | 7210 b800 | 0000 00bf | 0100 0000 | f00f b13e | be01 0000 
  0x000001a66ff76560: 000f 8405 | 0000 00be | 0000 0000 | 83fe 000f | 8515 0000 | 004c 8b8c | 2480 0000 | 004c 8b44 
  0x000001a66ff76580: 2478 488b | f2e9 3102 | 0000 488b 

  0x000001a66ff7658c: ;   {metadata('jdk/internal/reflect/MethodAccessorGenerator')}
  0x000001a66ff7658c: da48 ba68 | 360f 01a6 | 0100 0049 | 8b87 0801 | 0000 488d | b890 0000 | 0049 3bbf | 1801 0000 
  0x000001a66ff765ac: 0f87 6d02 | 0000 4989 | bf08 0100 | 0048 c700 | 0100 0000 | 488b ca49 | ba00 0000 | 00a6 0100 
  0x000001a66ff765cc: 0049 2bca | 8948 0848 | 33c9 8948 | 0c48 33c9 | 48bf 1000 | 0000 0000 | 0000 4889 | 4cf8 0848 
  0x000001a66ff765ec: ffcf 75f6 | ba1e 0000 | 0066 8950 | 6aba 4900 | 0000 6689 | 506c 8b53 | 1448 c1e2 | 038b 7224 
  0x000001a66ff7660c: 48c1 e603 | 8b7a 2848 | c1e7 038b | 5230 48c1 | e203 4889 | 8424 9800 | 0000 4889 | bc24 9000 
  0x000001a66ff7662c: 0000 4889 | b424 8800 | 0000 0f1f | 8000 0000 | 0048 b878 | 1c00 00a6 

  0x000001a66ff76644: ;   {virtual_call}
  0x000001a66ff76644: 0100 00e8 

  0x000001a66ff76648: ; ImmutableOopMap {[128]=Oop [120]=Oop [152]=Oop [112]=Oop [144]=Oop [136]=Oop }
                      ;*invokevirtual clone {reexecute=0 rethrow=0 return_oop=0}
                      ; - java.lang.reflect.Method::getParameterTypes@4 (line 314)
                      ; - jdk.internal.reflect.NativeMethodAccessorImpl::invoke@77 (line 65)
  0x000001a66ff76648: 5492 8aff | 4883 f800 | 0f84 2900 

  0x000001a66ff76654: ;   {metadata('java/lang/Class'[])}
  0x000001a66ff76654: 0000 48bb | 781c 0000 | a601 0000 | 8b78 0849 | ba00 0000 | 00a6 0100 | 0049 03fa | 483b 5f40 
  0x000001a66ff76674: 0f85 b701 | 0000 e900 | 0000 0048 | 8bf0 488b | 5424 708b | 7a14 48c1 | e703 8b5f | 2c48 c1e3 
  0x000001a66ff76694: 038b 7f34 | 48c1 e703 | 488b d748 | 899c 24a8 | 0000 0048 | 89b4 24a0 | 0000 0066 | 0f1f 4400 
  0x000001a66ff766b4: 0048 b878 | 1c00 00a6 

  0x000001a66ff766bc: ;   {virtual_call}
  0x000001a66ff766bc: 0100 00e8 

  0x000001a66ff766c0: ; ImmutableOopMap {[128]=Oop [120]=Oop [152]=Oop [144]=Oop [136]=Oop [112]=Oop [168]=Oop [160]=Oop }
                      ;*invokevirtual clone {reexecute=0 rethrow=0 return_oop=0}
                      ; - java.lang.reflect.Method::getExceptionTypes@4 (line 341)
                      ; - jdk.internal.reflect.NativeMethodAccessorImpl::invoke@91 (line 67)
  0x000001a66ff766c0: dc91 8aff | 4883 f800 | 0f84 2a00 

  0x000001a66ff766cc: ;   {metadata('java/lang/Class'[])}
  0x000001a66ff766cc: 0000 48bf | 781c 0000 | a601 0000 | 448b 4808 | 49ba 0000 | 0000 a601 | 0000 4d03 | ca49 3b79 
  0x000001a66ff766ec: 400f 854c | 0100 00e9 | 0000 0000 | 488b c848 | 8b54 2470 | 448b 4214 | 49c1 e003 

  0x000001a66ff76708: ; implicit exception: dispatches to 0x000001a66ff76848
  0x000001a66ff76708: 418b 5820 | 4c8b 8424 | 8800 0000 | 4c8b 8c24 | 9000 0000 | 488b bc24 | a000 0000 | 488b b424 
  0x000001a66ff76728: a800 0000 | 891c 2448 | 8b94 2498 

  0x000001a66ff76734: ;   {optimized virtual_call}
  0x000001a66ff76734: 0000 00e8 

  0x000001a66ff76738: ; ImmutableOopMap {[128]=Oop [120]=Oop [112]=Oop }
                      ;*invokevirtual generateMethod {reexecute=0 rethrow=0 return_oop=0}
                      ; - jdk.internal.reflect.NativeMethodAccessorImpl::invoke@101 (line 63)
  0x000001a66ff76738: d901 0000 | 4883 f800 | 0f84 2a00 

  0x000001a66ff76744: ;   {metadata('jdk/internal/reflect/MethodAccessorImpl')}
  0x000001a66ff76744: 0000 48be | d0ae 0000 | a601 0000 | 448b 4808 | 49ba 0000 | 0000 a601 | 0000 4d03 | ca49 3b71 
  0x000001a66ff76764: 400f 85e2 | 0000 00e9 | 0000 0000 | 488b d048 | 8b74 2470 | 448b 4618 | 49c1 e003 | 450f be4f 
  0x000001a66ff76784: 3841 83f9 | 000f 85c7 | 0000 004c | 8bd2 49c1 | ea03 4589 | 500c 4d8b | c84c 33ca | 49c1 e915 
  0x000001a66ff767a4: 4983 f900 | 0f85 cd00 | 0000 4c8b | 8c24 8000 | 0000 4c8b | 4424 788b | 5614 48c1 | e203 0f1f 
  0x000001a66ff767c4: ;   {static_call}
  0x000001a66ff767c4: 4400 00e8 

  0x000001a66ff767c8: ; ImmutableOopMap {}
                      ;*invokestatic invoke0 {reexecute=0 rethrow=0 return_oop=0}
                      ; - jdk.internal.reflect.NativeMethodAccessorImpl::invoke@133 (line 77)
  0x000001a66ff767c8: 74f7 ffff | 4881 c4c0 | 0000 005d 

  0x000001a66ff767d4: ;   {poll_return}
  0x000001a66ff767d4: 493b a748 | 0300 000f | 87b2 0000 | 00c3 488b | 7424 7049 | 8b87 d803 | 0000 4d33 | d24d 8997 
  0x000001a66ff767f4: d803 0000 | 4d33 d24d | 8997 e003 | 0000 bf00 | 0000 0089 | 7e10 f083 | 4424 c000 | e9b8 0000 
  0x000001a66ff76814: ;   {runtime_call throw_null_pointer_exception Runtime1 stub}
  0x000001a66ff76814: 00e8 06ef 

  0x000001a66ff76818: ; ImmutableOopMap {rdx=Oop [112]=Oop [128]=Oop [120]=Oop }
                      ;*invokevirtual getDeclaringClass {reexecute=0 rethrow=0 return_oop=0}
                      ; - jdk.internal.reflect.NativeMethodAccessorImpl::invoke@21 (line 57)
                      ;   {runtime_call throw_null_pointer_exception Runtime1 stub}
  0x000001a66ff76818: 6bff e801 

  0x000001a66ff7681c: ; ImmutableOopMap {rdx=Oop [112]=Oop [128]=Oop [120]=Oop rsi=Oop }
                      ;*invokevirtual isHidden {reexecute=0 rethrow=0 return_oop=0}
                      ; - jdk.internal.reflect.NativeMethodAccessorImpl::invoke@24 (line 57)
  0x000001a66ff7681c: ef6b ff48 

  0x000001a66ff76820: ;   {runtime_call fast_new_instance Runtime1 stub}
  0x000001a66ff76820: 8bd2 e8d9 

  0x000001a66ff76824: ; ImmutableOopMap {[128]=Oop [120]=Oop rbx=Oop [112]=Oop }
                      ;*new {reexecute=0 rethrow=0 return_oop=0}
                      ; - jdk.internal.reflect.NativeMethodAccessorImpl::invoke@52 (line 61)
  0x000001a66ff76824: f76b ffe9 | c4fd ffff 

  0x000001a66ff7682c: ;   {runtime_call throw_null_pointer_exception Runtime1 stub}
  0x000001a66ff7682c: e8ef ee6b 

  0x000001a66ff76830: ; ImmutableOopMap {[128]=Oop [120]=Oop rbx=Oop [112]=Oop rax=Oop rdx=Oop }
                      ;*invokevirtual getDeclaringClass {reexecute=0 rethrow=0 return_oop=0}
                      ; - jdk.internal.reflect.NativeMethodAccessorImpl::invoke@63 (line 63)
  0x000001a66ff76830: ff48 8904 

  0x000001a66ff76834: ;   {runtime_call throw_class_cast_exception Runtime1 stub}
  0x000001a66ff76834: 24e8 e612 

  0x000001a66ff76838: ; ImmutableOopMap {[128]=Oop [120]=Oop [152]=Oop [112]=Oop [144]=Oop [136]=Oop }
                      ;*checkcast {reexecute=0 rethrow=0 return_oop=0}
                      ; - java.lang.reflect.Method::getParameterTypes@7 (line 314)
                      ; - jdk.internal.reflect.NativeMethodAccessorImpl::invoke@77 (line 65)
                      ;   {runtime_call throw_null_pointer_exception Runtime1 stub}
  0x000001a66ff76838: 6cff e8e1 

  0x000001a66ff7683c: ; ImmutableOopMap {[128]=Oop [120]=Oop [152]=Oop [144]=Oop [136]=Oop rsi=Oop rdx=Oop [112]=Oop rdi=Oop }
                      ;*invokevirtual getReturnType {reexecute=0 rethrow=0 return_oop=0}
                      ; - jdk.internal.reflect.NativeMethodAccessorImpl::invoke@84 (line 66)
  0x000001a66ff7683c: ee6b ff48 

  0x000001a66ff76840: ;   {runtime_call throw_class_cast_exception Runtime1 stub}
  0x000001a66ff76840: 8904 24e8 

  0x000001a66ff76844: ; ImmutableOopMap {[128]=Oop [120]=Oop [152]=Oop [144]=Oop [136]=Oop [112]=Oop [168]=Oop [160]=Oop }
                      ;*checkcast {reexecute=0 rethrow=0 return_oop=0}
                      ; - java.lang.reflect.Method::getExceptionTypes@7 (line 341)
                      ; - jdk.internal.reflect.NativeMethodAccessorImpl::invoke@91 (line 67)
  0x000001a66ff76844: d812 6cff 

  0x000001a66ff76848: ;   {runtime_call throw_null_pointer_exception Runtime1 stub}
  0x000001a66ff76848: e8d3 ee6b 

  0x000001a66ff7684c: ; ImmutableOopMap {[128]=Oop [120]=Oop [152]=Oop [144]=Oop [136]=Oop [168]=Oop [160]=Oop rcx=Oop rdx=Oop [112]=Oop }
                      ;*invokevirtual getModifiers {reexecute=0 rethrow=0 return_oop=0}
                      ; - jdk.internal.reflect.NativeMethodAccessorImpl::invoke@98 (line 68)
  0x000001a66ff7684c: ff48 8904 

  0x000001a66ff76850: ;   {runtime_call throw_class_cast_exception Runtime1 stub}
  0x000001a66ff76850: 24e8 ca12 

  0x000001a66ff76854: ; ImmutableOopMap {[128]=Oop [120]=Oop [112]=Oop }
                      ;*checkcast {reexecute=0 rethrow=0 return_oop=0}
                      ; - jdk.internal.reflect.NativeMethodAccessorImpl::invoke@104 (line 63)
  0x000001a66ff76854: 6cff 458b | 480c 49c1 | e103 4983 | f900 0f84 | 27ff ffff | 4c89 0c24 

  0x000001a66ff7686c: ;   {runtime_call g1_pre_barrier_slow}
  0x000001a66ff7686c: e88f 456c | ffe9 19ff 

  0x000001a66ff76874: ;   {runtime_call throw_null_pointer_exception Runtime1 stub}
  0x000001a66ff76874: ffff e8a5 

  0x000001a66ff76878: ; ImmutableOopMap {[128]=Oop [120]=Oop rdx=Oop rsi=Oop [112]=Oop r8=Oop }
                      ;*invokevirtual setDelegate {reexecute=0 rethrow=0 return_oop=0}
                      ; - jdk.internal.reflect.NativeMethodAccessorImpl::invoke@113 (line 69)
  0x000001a66ff76878: ee6b ff48 | 83fa 000f | 8429 ffff | ff4c 8904 

  0x000001a66ff76888: ;   {runtime_call g1_post_barrier_slow}
  0x000001a66ff76888: 24e8 7248 | 6cff e91b 

  0x000001a66ff76890: ;   {internal_word}
  0x000001a66ff76890: ffff ff49 | bad4 67f7 | 6fa6 0100 | 004d 8997 | 6003 0000 

  0x000001a66ff768a4: ;   {runtime_call SafepointBlob}
  0x000001a66ff768a4: e957 cb61 

  0x000001a66ff768a8: ;   {runtime_call throw_null_pointer_exception Runtime1 stub}
  0x000001a66ff768a8: ffe8 72ee 

  0x000001a66ff768ac: ; ImmutableOopMap {[128]=Oop [120]=Oop rdx=Oop rsi=Oop [112]=Oop r8=Oop }
                      ;*invokevirtual setDelegate {reexecute=0 rethrow=0 return_oop=0}
                      ; - jdk.internal.reflect.NativeMethodAccessorImpl::invoke@113 (line 69)
  0x000001a66ff768ac: 6bff 9090 | 498b 87d8 | 0300 0049 | c787 d803 | 0000 0000 | 0000 49c7 | 87e0 0300 | 0000 0000 
  0x000001a66ff768cc: 0048 81c4 | c000 0000 

  0x000001a66ff768d4: ;   {runtime_call unwind_exception Runtime1 stub}
  0x000001a66ff768d4: 5de9 26df | 6bff f4f4 | f4f4 f4f4 
[Stub Code]
  0x000001a66ff768e0: ;   {no_reloc}
  0x000001a66ff768e0: 0f1f 4400 

  0x000001a66ff768e4: ;   {static_stub}
  0x000001a66ff768e4: 0048 bb00 | 0000 0000 

  0x000001a66ff768ec: ;   {runtime_call}
  0x000001a66ff768ec: 0000 00e9 | fbff ffff 

  0x000001a66ff768f4: ;   {static_stub}
  0x000001a66ff768f4: 9048 bb00 | 0000 0000 

  0x000001a66ff768fc: ;   {runtime_call}
  0x000001a66ff768fc: 0000 00e9 | fbff ffff 

  0x000001a66ff76904: ;   {static_stub}
  0x000001a66ff76904: 9048 bb00 | 0000 0000 

  0x000001a66ff7690c: ;   {runtime_call}
  0x000001a66ff7690c: 0000 00e9 | fbff ffff 

  0x000001a66ff76914: ;   {static_stub}
  0x000001a66ff76914: 9048 bb10 | 6623 41a6 

  0x000001a66ff7691c: ;   {runtime_call I2C/C2I adapters}
  0x000001a66ff7691c: 0100 00e9 | 5683 83ff 

  0x000001a66ff76924: ;   {static_stub}
  0x000001a66ff76924: 9048 bb00 | 0000 0000 

  0x000001a66ff7692c: ;   {runtime_call}
  0x000001a66ff7692c: 0000 00e9 | fbff ffff 
[Exception Handler]
  0x000001a66ff76934: ;   {runtime_call handle_exception_from_callee Runtime1 stub}
  0x000001a66ff76934: e8c7 0b6c 

  0x000001a66ff76938: ;   {external_word}
  0x000001a66ff76938: ff48 b9a0 | e083 d5fc | 7f00 0048 

  0x000001a66ff76944: ;   {runtime_call}
  0x000001a66ff76944: 83e4 f049 | bae0 da51 | d5fc 7f00 | 0041 ffd2 

  0x000001a66ff76954: ;   {section_word}
  0x000001a66ff76954: f449 ba55 | 69f7 6fa6 | 0100 0041 

  0x000001a66ff76960: ;   {runtime_call DeoptimizationBlob}
  0x000001a66ff76960: 52e9 3abd | 61ff f4f4 
[/MachCode]


Compiled method (c1)   28333 3816       1       jdk.internal.reflect.DelegatingMethodAccessorImpl::invoke (10 bytes)
 total in heap  [0x000001a66ff73490,0x000001a66ff73758] = 712
 relocation     [0x000001a66ff735e8,0x000001a66ff73620] = 56
 main code      [0x000001a66ff73620,0x000001a66ff736c0] = 160
 stub code      [0x000001a66ff736c0,0x000001a66ff73708] = 72
 metadata       [0x000001a66ff73708,0x000001a66ff73710] = 8
 scopes data    [0x000001a66ff73710,0x000001a66ff73720] = 16
 scopes pcs     [0x000001a66ff73720,0x000001a66ff73750] = 48
 dependencies   [0x000001a66ff73750,0x000001a66ff73758] = 8

[Constant Pool (empty)]

[MachCode]
[Entry Point]
  # {method} {0x000001a60035fb00} 'invoke' '(Ljava/lang/Object;[Ljava/lang/Object;)Ljava/lang/Object;' in 'jdk/internal/reflect/DelegatingMethodAccessorImpl'
  # this:     rdx:rdx   = 'jdk/internal/reflect/DelegatingMethodAccessorImpl'
  # parm0:    r8:r8     = 'java/lang/Object'
  # parm1:    r9:r9     = '[Ljava/lang/Object;'
  #           [sp+0x40]  (sp of caller)
  0x000001a66ff73620: 448b 5208 | 49bb 0000 | 0000 a601 | 0000 4d03 | d34c 3bd0 

  0x000001a66ff73634: ;   {runtime_call ic_miss_stub}
  0x000001a66ff73634: 0f85 4694 | 61ff 660f | 1f44 0000 
[Verified Entry Point]
  0x000001a66ff73640: 8984 2400 | 90ff ff55 | 4883 ec30 | 8b52 0c48 | c1e2 0366 | 9048 b8ff | ffff ffff 

  0x000001a66ff7365c: ;   {virtual_call}
  0x000001a66ff7365c: ffff ffe8 

  0x000001a66ff73660: ; ImmutableOopMap {}
                      ;*invokevirtual invoke {reexecute=0 rethrow=0 return_oop=0}
                      ; - jdk.internal.reflect.DelegatingMethodAccessorImpl::invoke@6 (line 43)
  0x000001a66ff73660: dc56 75ff | 4883 c430 

  0x000001a66ff73668: ;   {poll_return}
  0x000001a66ff73668: 5d49 3ba7 | 4803 0000 | 0f87 0100 

  0x000001a66ff73674: ;   {internal_word}
  0x000001a66ff73674: 0000 c349 | ba69 36f7 | 6fa6 0100 | 004d 8997 | 6003 0000 

  0x000001a66ff73688: ;   {runtime_call SafepointBlob}
  0x000001a66ff73688: e973 fd61 | ff90 9049 | 8b87 d803 | 0000 49c7 | 87d8 0300 | 0000 0000 | 0049 c787 | e003 0000 
  0x000001a66ff736a8: 0000 0000 | 4883 c430 

  0x000001a66ff736b0: ;   {runtime_call unwind_exception Runtime1 stub}
  0x000001a66ff736b0: 5de9 4a11 | 6cff f4f4 | f4f4 f4f4 | f4f4 f4f4 
[Stub Code]
  0x000001a66ff736c0: ;   {no_reloc}
  0x000001a66ff736c0: 0f1f 4400 

  0x000001a66ff736c4: ;   {static_stub}
  0x000001a66ff736c4: 0048 bb00 | 0000 0000 

  0x000001a66ff736cc: ;   {runtime_call}
  0x000001a66ff736cc: 0000 00e9 | fbff ffff 
[Exception Handler]
  0x000001a66ff736d4: ;   {runtime_call handle_exception_from_callee Runtime1 stub}
  0x000001a66ff736d4: e827 3e6c 

  0x000001a66ff736d8: ;   {external_word}
  0x000001a66ff736d8: ff48 b9a0 | e083 d5fc | 7f00 0048 

  0x000001a66ff736e4: ;   {runtime_call}
  0x000001a66ff736e4: 83e4 f049 | bae0 da51 | d5fc 7f00 | 0041 ffd2 

  0x000001a66ff736f4: ;   {section_word}
  0x000001a66ff736f4: f449 baf5 | 36f7 6fa6 | 0100 0041 

  0x000001a66ff73700: ;   {runtime_call DeoptimizationBlob}
  0x000001a66ff73700: 52e9 9aef | 61ff f4f4 
[/MachCode]


---------------  P R O C E S S  ---------------

Threads class SMR info:
_java_thread_list=0x000001a64562a870, length=31, elements={
0x000001a67ede0040, 0x000001a67ede1570, 0x000001a67ee00fd0, 0x000001a67ee01990,
0x000001a67ee02ec0, 0x000001a67ee043f0, 0x000001a67ee059d0, 0x000001a67ee07f50,
0x000001a67f879ad0, 0x000001a67f885b60, 0x000001a6460b6030, 0x000001a6460b6d20,
0x000001a64609ba80, 0x000001a646179440, 0x000001a6460c46b0, 0x000001a67f991f90,
0x000001a67f991060, 0x000001a67f9924a0, 0x000001a67f9929b0, 0x000001a67f992ec0,
0x000001a67f991570, 0x000001a67f990130, 0x000001a67f991a80, 0x000001a67f9933d0,
0x000001a67f990b50, 0x000001a67f9938e0, 0x000001a67f990640, 0x000001a6470524d0,
0x000001a6450178d0, 0x000001a646ea1190, 0x000001a646cd07a0
}

Java Threads: ( => current thread )
  0x000001a67ede0040 JavaThread "Reference Handler" daemon [_thread_blocked, id=29364, stack(0x000000926ee00000,0x000000926ef00000)]
  0x000001a67ede1570 JavaThread "Finalizer" daemon [_thread_blocked, id=31248, stack(0x000000926ef00000,0x000000926f000000)]
  0x000001a67ee00fd0 JavaThread "Signal Dispatcher" daemon [_thread_blocked, id=31796, stack(0x000000926f000000,0x000000926f100000)]
  0x000001a67ee01990 JavaThread "Attach Listener" daemon [_thread_blocked, id=31800, stack(0x000000926f100000,0x000000926f200000)]
  0x000001a67ee02ec0 JavaThread "Service Thread" daemon [_thread_blocked, id=24084, stack(0x000000926f200000,0x000000926f300000)]
  0x000001a67ee043f0 JavaThread "Monitor Deflation Thread" daemon [_thread_blocked, id=31460, stack(0x000000926f300000,0x000000926f400000)]
  0x000001a67ee059d0 JavaThread "C1 CompilerThread0" daemon [_thread_blocked, id=2704, stack(0x000000926f400000,0x000000926f500000)]
  0x000001a67ee07f50 JavaThread "Sweeper thread" daemon [_thread_blocked, id=30940, stack(0x000000926f500000,0x000000926f600000)]
  0x000001a67f879ad0 JavaThread "Notification Thread" daemon [_thread_blocked, id=5468, stack(0x000000926f800000,0x000000926f900000)]
  0x000001a67f885b60 JavaThread "Common-Cleaner" daemon [_thread_blocked, id=8424, stack(0x000000926fa00000,0x000000926fb00000)]
  0x000001a6460b6030 JavaThread "Catalina-utility-1" [_thread_blocked, id=29728, stack(0x0000009271200000,0x0000009271300000)]
  0x000001a6460b6d20 JavaThread "Catalina-utility-2" [_thread_blocked, id=14780, stack(0x0000009271300000,0x0000009271400000)]
  0x000001a64609ba80 JavaThread "container-0" [_thread_blocked, id=31992, stack(0x0000009271400000,0x0000009271500000)]
  0x000001a646179440 JavaThread "HikariPool-1 housekeeper" daemon [_thread_blocked, id=31100, stack(0x0000009271500000,0x0000009271600000)]
  0x000001a6460c46b0 JavaThread "java-sdk-http-connection-reaper" daemon [_thread_blocked, id=31940, stack(0x0000009271700000,0x0000009271800000)]
  0x000001a67f991f90 JavaThread "http-nio-8080-exec-1" daemon [_thread_blocked, id=12352, stack(0x0000009271800000,0x0000009271900000)]
  0x000001a67f991060 JavaThread "http-nio-8080-exec-2" daemon [_thread_blocked, id=32744, stack(0x0000009271900000,0x0000009271a00000)]
  0x000001a67f9924a0 JavaThread "http-nio-8080-exec-3" daemon [_thread_blocked, id=15736, stack(0x0000009271a00000,0x0000009271b00000)]
  0x000001a67f9929b0 JavaThread "http-nio-8080-exec-4" daemon [_thread_blocked, id=29224, stack(0x0000009271b00000,0x0000009271c00000)]
  0x000001a67f992ec0 JavaThread "http-nio-8080-exec-5" daemon [_thread_blocked, id=31860, stack(0x0000009271c00000,0x0000009271d00000)]
  0x000001a67f991570 JavaThread "http-nio-8080-exec-6" daemon [_thread_blocked, id=29604, stack(0x0000009271d00000,0x0000009271e00000)]
=>0x000001a67f990130 JavaThread "http-nio-8080-exec-7" daemon [_thread_in_native, id=30688, stack(0x0000009271e00000,0x0000009271f00000)]
  0x000001a67f991a80 JavaThread "http-nio-8080-exec-8" daemon [_thread_blocked, id=30156, stack(0x0000009271f00000,0x0000009272000000)]
  0x000001a67f9933d0 JavaThread "http-nio-8080-exec-9" daemon [_thread_blocked, id=30492, stack(0x0000009272000000,0x0000009272100000)]
  0x000001a67f990b50 JavaThread "http-nio-8080-exec-10" daemon [_thread_blocked, id=5992, stack(0x0000009272100000,0x0000009272200000)]
  0x000001a67f9938e0 JavaThread "http-nio-8080-Poller" daemon [_thread_in_native, id=29812, stack(0x0000009272200000,0x0000009272300000)]
  0x000001a67f990640 JavaThread "http-nio-8080-Acceptor" daemon [_thread_in_native, id=9072, stack(0x0000009272300000,0x0000009272400000)]
  0x000001a6470524d0 JavaThread "DestroyJavaVM" [_thread_blocked, id=1900, stack(0x000000926e700000,0x000000926e800000)]
  0x000001a6450178d0 JavaThread "C1 CompilerThread1" daemon [_thread_blocked, id=30172, stack(0x000000926f700000,0x000000926f800000)]
  0x000001a646ea1190 JavaThread "C1 CompilerThread2" daemon [_thread_blocked, id=26688, stack(0x000000926fb00000,0x000000926fc00000)]
  0x000001a646cd07a0 JavaThread "C1 CompilerThread3" daemon [_thread_blocked, id=19804, stack(0x0000009270300000,0x0000009270400000)]

Other Threads:
  0x000001a67eddbb30 VMThread "VM Thread" [stack: 0x000000926ed00000,0x000000926ee00000] [id=18244]
  0x000001a666573a80 WatcherThread [stack: 0x000000926f900000,0x000000926fa00000] [id=19612]
  0x000001a666550b80 GCTaskThread "GC Thread#0" [stack: 0x000000926e800000,0x000000926e900000] [id=5200]
  0x000001a645543f60 GCTaskThread "GC Thread#1" [stack: 0x000000926fc00000,0x000000926fd00000] [id=29052]
  0x000001a6455759c0 GCTaskThread "GC Thread#2" [stack: 0x000000926fd00000,0x000000926fe00000] [id=17016]
  0x000001a645575c80 GCTaskThread "GC Thread#3" [stack: 0x000000926fe00000,0x000000926ff00000] [id=31848]
  0x000001a645576350 GCTaskThread "GC Thread#4" [stack: 0x000000926ff00000,0x0000009270000000] [id=10460]
  0x000001a6457130b0 GCTaskThread "GC Thread#5" [stack: 0x0000009270100000,0x0000009270200000] [id=18664]
  0x000001a645713370 GCTaskThread "GC Thread#6" [stack: 0x0000009270200000,0x0000009270300000] [id=16660]
  0x000001a645bb7780 GCTaskThread "GC Thread#7" [stack: 0x0000009270000000,0x0000009270100000] [id=29716]
  0x000001a645bb69c0 GCTaskThread "GC Thread#8" [stack: 0x0000009270400000,0x0000009270500000] [id=31548]
  0x000001a645bb74c0 GCTaskThread "GC Thread#9" [stack: 0x0000009270500000,0x0000009270600000] [id=31580]
  0x000001a645bb7200 GCTaskThread "GC Thread#10" [stack: 0x0000009270600000,0x0000009270700000] [id=32244]
  0x000001a645bb6440 GCTaskThread "GC Thread#11" [stack: 0x0000009270700000,0x0000009270800000] [id=31792]
  0x000001a645bb7a40 GCTaskThread "GC Thread#12" [stack: 0x0000009270800000,0x0000009270900000] [id=23176]
  0x000001a666561090 ConcurrentGCThread "G1 Main Marker" [stack: 0x000000926e900000,0x000000926ea00000] [id=31160]
  0x000001a666562b10 ConcurrentGCThread "G1 Conc#0" [stack: 0x000000926ea00000,0x000000926eb00000] [id=31136]
  0x000001a645bb6700 ConcurrentGCThread "G1 Conc#1" [stack: 0x0000009270900000,0x0000009270a00000] [id=28804]
  0x000001a645bb6f40 ConcurrentGCThread "G1 Conc#2" [stack: 0x0000009270a00000,0x0000009270b00000] [id=12604]
  0x000001a67ed16830 ConcurrentGCThread "G1 Refine#0" [stack: 0x000000926eb00000,0x000000926ec00000] [id=4304]
  0x000001a646036020 ConcurrentGCThread "G1 Refine#1" [stack: 0x0000009270d00000,0x0000009270e00000] [id=25968]
  0x000001a646036f30 ConcurrentGCThread "G1 Refine#2" [stack: 0x0000009270e00000,0x0000009270f00000] [id=12872]
  0x000001a645fdd030 ConcurrentGCThread "G1 Refine#3" [stack: 0x0000009270f00000,0x0000009271000000] [id=5636]
  0x000001a645fddb30 ConcurrentGCThread "G1 Refine#4" [stack: 0x0000009271000000,0x0000009271100000] [id=30464]
  0x000001a645fdea40 ConcurrentGCThread "G1 Refine#5" [stack: 0x0000009271100000,0x0000009271200000] [id=30668]
  0x000001a67ed18010 ConcurrentGCThread "G1 Service" [stack: 0x000000926ec00000,0x000000926ed00000] [id=24864]

Threads with active compile tasks:

VM state: not at safepoint (normal execution)

VM Mutex/Monitor currently owned by a thread: None

Heap address: 0x0000000709400000, size: 3948 MB, Compressed Oops mode: Zero based, Oop shift amount: 3

CDS archive(s) mapped at: [0x000001a600000000-0x000001a600bd0000-0x000001a600bd0000), size 12386304, SharedBaseAddress: 0x000001a600000000, ArchiveRelocationMode: 1.
Compressed class space mapped at: 0x000001a601000000-0x000001a641000000, reserved size: 1073741824
Narrow klass base: 0x000001a600000000, Narrow klass shift: 0, Narrow klass range: 0x100000000

GC Precious Log:
 CPUs: 16 total, 16 available
 Memory: 15789M
 Large Page Support: Disabled
 NUMA Support: Disabled
 Compressed Oops: Enabled (Zero based)
 Heap Region Size: 2M
 Heap Min Capacity: 8M
 Heap Initial Capacity: 248M
 Heap Max Capacity: 3948M
 Pre-touch: Disabled
 Parallel Workers: 13
 Concurrent Workers: 3
 Concurrent Refinement Workers: 13
 Periodic GC: Disabled

Heap:
 garbage-first heap   total 116736K, used 46334K [0x0000000709400000, 0x0000000800000000)
  region size 2048K, 9 young (18432K), 1 survivors (2048K)
 Metaspace       used 65155K, committed 65728K, reserved 1114112K
  class space    used 8973K, committed 9280K, reserved 1048576K

Heap Regions: E=young(eden), S=young(survivor), O=old, HS=humongous(starts), HC=humongous(continues), CS=collection set, F=free, OA=open archive, CA=closed archive, TAMS=top-at-mark-start (previous, next)
|   0|0x0000000709400000, 0x0000000709600000, 0x0000000709600000|100%| O|  |TAMS 0x0000000709600000, 0x0000000709400000| Untracked 
|   1|0x0000000709600000, 0x0000000709800000, 0x0000000709800000|100%| O|  |TAMS 0x0000000709800000, 0x0000000709600000| Untracked 
|   2|0x0000000709800000, 0x0000000709a00000, 0x0000000709a00000|100%| O|  |TAMS 0x0000000709931200, 0x0000000709800000| Untracked 
|   3|0x0000000709a00000, 0x0000000709beb200, 0x0000000709c00000| 95%| O|  |TAMS 0x0000000709beb200, 0x0000000709a00000| Untracked 
|   4|0x0000000709c00000, 0x0000000709e00000, 0x0000000709e00000|100%| O|  |TAMS 0x0000000709e00000, 0x0000000709c00000| Untracked 
|   5|0x0000000709e00000, 0x000000070a000000, 0x000000070a000000|100%| O|  |TAMS 0x000000070a000000, 0x0000000709e00000| Untracked 
|   6|0x000000070a000000, 0x000000070a200000, 0x000000070a200000|100%| O|  |TAMS 0x000000070a200000, 0x000000070a000000| Untracked 
|   7|0x000000070a200000, 0x000000070a400000, 0x000000070a400000|100%| O|  |TAMS 0x000000070a400000, 0x000000070a200000| Untracked 
|   8|0x000000070a400000, 0x000000070a600000, 0x000000070a600000|100%| O|  |TAMS 0x000000070a600000, 0x000000070a400000| Untracked 
|   9|0x000000070a600000, 0x000000070a800000, 0x000000070a800000|100%| O|  |TAMS 0x000000070a600000, 0x000000070a600000| Untracked 
|  10|0x000000070a800000, 0x000000070aa00000, 0x000000070aa00000|100%| O|  |TAMS 0x000000070a800000, 0x000000070a800000| Untracked 
|  11|0x000000070aa00000, 0x000000070ac00000, 0x000000070ac00000|100%| O|  |TAMS 0x000000070aa00000, 0x000000070aa00000| Untracked 
|  12|0x000000070ac00000, 0x000000070ae00000, 0x000000070ae00000|100%| O|  |TAMS 0x000000070ae00000, 0x000000070ac00000| Untracked 
|  13|0x000000070ae00000, 0x000000070b000000, 0x000000070b000000|100%| O|  |TAMS 0x000000070ae00000, 0x000000070ae00000| Untracked 
|  14|0x000000070b000000, 0x000000070b1ba000, 0x000000070b200000| 86%| O|  |TAMS 0x000000070b000000, 0x000000070b000000| Untracked 
|  15|0x000000070b200000, 0x000000070b200000, 0x000000070b400000|  0%| F|  |TAMS 0x000000070b200000, 0x000000070b200000| Untracked 
|  16|0x000000070b400000, 0x000000070b400000, 0x000000070b600000|  0%| F|  |TAMS 0x000000070b400000, 0x000000070b400000| Untracked 
|  17|0x000000070b600000, 0x000000070b600000, 0x000000070b800000|  0%| F|  |TAMS 0x000000070b600000, 0x000000070b600000| Untracked 
|  18|0x000000070b800000, 0x000000070b800000, 0x000000070ba00000|  0%| F|  |TAMS 0x000000070b800000, 0x000000070b800000| Untracked 
|  19|0x000000070ba00000, 0x000000070ba00000, 0x000000070bc00000|  0%| F|  |TAMS 0x000000070ba00000, 0x000000070ba00000| Untracked 
|  20|0x000000070bc00000, 0x000000070bc00000, 0x000000070be00000|  0%| F|  |TAMS 0x000000070bc00000, 0x000000070bc00000| Untracked 
|  21|0x000000070be00000, 0x000000070be00000, 0x000000070c000000|  0%| F|  |TAMS 0x000000070be00000, 0x000000070be00000| Untracked 
|  22|0x000000070c000000, 0x000000070c000000, 0x000000070c200000|  0%| F|  |TAMS 0x000000070c000000, 0x000000070c000000| Untracked 
|  23|0x000000070c200000, 0x000000070c200000, 0x000000070c400000|  0%| F|  |TAMS 0x000000070c200000, 0x000000070c200000| Untracked 
|  24|0x000000070c400000, 0x000000070c400000, 0x000000070c600000|  0%| F|  |TAMS 0x000000070c400000, 0x000000070c400000| Untracked 
|  25|0x000000070c600000, 0x000000070c600000, 0x000000070c800000|  0%| F|  |TAMS 0x000000070c600000, 0x000000070c600000| Untracked 
|  26|0x000000070c800000, 0x000000070c800000, 0x000000070ca00000|  0%| F|  |TAMS 0x000000070c800000, 0x000000070c800000| Untracked 
|  27|0x000000070ca00000, 0x000000070ca00000, 0x000000070cc00000|  0%| F|  |TAMS 0x000000070ca00000, 0x000000070ca00000| Untracked 
|  28|0x000000070cc00000, 0x000000070cc00000, 0x000000070ce00000|  0%| F|  |TAMS 0x000000070cc00000, 0x000000070cc00000| Untracked 
|  29|0x000000070ce00000, 0x000000070ce00000, 0x000000070d000000|  0%| F|  |TAMS 0x000000070ce00000, 0x000000070ce00000| Untracked 
|  30|0x000000070d000000, 0x000000070d000000, 0x000000070d200000|  0%| F|  |TAMS 0x000000070d000000, 0x000000070d000000| Untracked 
|  31|0x000000070d200000, 0x000000070d200000, 0x000000070d400000|  0%| F|  |TAMS 0x000000070d200000, 0x000000070d200000| Untracked 
|  32|0x000000070d400000, 0x000000070d400000, 0x000000070d600000|  0%| F|  |TAMS 0x000000070d400000, 0x000000070d400000| Untracked 
|  33|0x000000070d600000, 0x000000070d600000, 0x000000070d800000|  0%| F|  |TAMS 0x000000070d600000, 0x000000070d600000| Untracked 
|  34|0x000000070d800000, 0x000000070d800000, 0x000000070da00000|  0%| F|  |TAMS 0x000000070d800000, 0x000000070d800000| Untracked 
|  35|0x000000070da00000, 0x000000070da00000, 0x000000070dc00000|  0%| F|  |TAMS 0x000000070da00000, 0x000000070da00000| Untracked 
|  36|0x000000070dc00000, 0x000000070dc00000, 0x000000070de00000|  0%| F|  |TAMS 0x000000070dc00000, 0x000000070dc00000| Untracked 
|  37|0x000000070de00000, 0x000000070de00000, 0x000000070e000000|  0%| F|  |TAMS 0x000000070de00000, 0x000000070de00000| Untracked 
|  38|0x000000070e000000, 0x000000070e000000, 0x000000070e200000|  0%| F|  |TAMS 0x000000070e000000, 0x000000070e000000| Untracked 
|  39|0x000000070e200000, 0x000000070e200000, 0x000000070e400000|  0%| F|  |TAMS 0x000000070e200000, 0x000000070e200000| Untracked 
|  40|0x000000070e400000, 0x000000070e400000, 0x000000070e600000|  0%| F|  |TAMS 0x000000070e400000, 0x000000070e400000| Untracked 
|  41|0x000000070e600000, 0x000000070e600000, 0x000000070e800000|  0%| F|  |TAMS 0x000000070e600000, 0x000000070e600000| Untracked 
|  42|0x000000070e800000, 0x000000070e800000, 0x000000070ea00000|  0%| F|  |TAMS 0x000000070e800000, 0x000000070e800000| Untracked 
|  43|0x000000070ea00000, 0x000000070ea00000, 0x000000070ec00000|  0%| F|  |TAMS 0x000000070ea00000, 0x000000070ea00000| Untracked 
|  44|0x000000070ec00000, 0x000000070ec00000, 0x000000070ee00000|  0%| F|  |TAMS 0x000000070ec00000, 0x000000070ec00000| Untracked 
|  45|0x000000070ee00000, 0x000000070ee00000, 0x000000070f000000|  0%| F|  |TAMS 0x000000070ee00000, 0x000000070ee00000| Untracked 
|  46|0x000000070f000000, 0x000000070f000000, 0x000000070f200000|  0%| F|  |TAMS 0x000000070f000000, 0x000000070f000000| Untracked 
|  47|0x000000070f200000, 0x000000070f200000, 0x000000070f400000|  0%| F|  |TAMS 0x000000070f200000, 0x000000070f200000| Untracked 
|  48|0x000000070f400000, 0x000000070f5f01e0, 0x000000070f600000| 96%| E|  |TAMS 0x000000070f400000, 0x000000070f400000| Complete 
|  49|0x000000070f600000, 0x000000070f800000, 0x000000070f800000|100%| E|CS|TAMS 0x000000070f600000, 0x000000070f600000| Complete 
|  50|0x000000070f800000, 0x000000070fa00000, 0x000000070fa00000|100%| E|CS|TAMS 0x000000070f800000, 0x000000070f800000| Complete 
|  51|0x000000070fa00000, 0x000000070fc00000, 0x000000070fc00000|100%| E|CS|TAMS 0x000000070fa00000, 0x000000070fa00000| Complete 
|  52|0x000000070fc00000, 0x000000070fe00000, 0x000000070fe00000|100%| E|CS|TAMS 0x000000070fc00000, 0x000000070fc00000| Complete 
|  53|0x000000070fe00000, 0x0000000710000000, 0x0000000710000000|100%| E|CS|TAMS 0x000000070fe00000, 0x000000070fe00000| Complete 
|  54|0x0000000710000000, 0x0000000710200000, 0x0000000710200000|100%| E|CS|TAMS 0x0000000710000000, 0x0000000710000000| Complete 
| 106|0x0000000716800000, 0x000000071699a6c0, 0x0000000716a00000| 80%| S|CS|TAMS 0x0000000716800000, 0x0000000716800000| Complete 
| 123|0x0000000718a00000, 0x0000000718c00000, 0x0000000718c00000|100%| E|CS|TAMS 0x0000000718a00000, 0x0000000718a00000| Complete 

Card table byte_map: [0x000001a673b40000,0x000001a674300000] _byte_map_base: 0x000001a6702f6000

Marking Bits (Prev, Next): (CMBitMap*) 0x000001a6665510e0, (CMBitMap*) 0x000001a6665510a0
 Prev Bits: [0x000001a678870000, 0x000001a67c620000)
 Next Bits: [0x000001a674ac0000, 0x000001a678870000)

Polling page: 0x000001a666480000

Metaspace:

Usage:
  Non-class:     54.86 MB used.
      Class:      8.76 MB used.
       Both:     63.63 MB used.

Virtual space:
  Non-class space:       64.00 MB reserved,      55.12 MB ( 86%) committed,  1 nodes.
      Class space:        1.00 GB reserved,       9.06 MB ( <1%) committed,  1 nodes.
             Both:        1.06 GB reserved,      64.19 MB (  6%) committed. 

Chunk freelists:
   Non-Class:  8.02 MB
       Class:  6.92 MB
        Both:  14.94 MB

MaxMetaspaceSize: unlimited
CompressedClassSpaceSize: 1.00 GB
Initial GC threshold: 21.00 MB
Current GC threshold: 98.06 MB
CDS: on
MetaspaceReclaimPolicy: balanced
 - commit_granule_bytes: 65536.
 - commit_granule_words: 8192.
 - virtual_space_node_default_size: 8388608.
 - enlarge_chunks_in_place: 1.
 - new_chunks_are_fully_committed: 0.
 - uncommit_free_chunks: 1.
 - use_allocation_guard: 0.
 - handle_deallocations: 1.


Internal statistics:

num_allocs_failed_limit: 9.
num_arena_births: 790.
num_arena_deaths: 0.
num_vsnodes_births: 2.
num_vsnodes_deaths: 0.
num_space_committed: 1027.
num_space_uncommitted: 0.
num_chunks_returned_to_freelist: 9.
num_chunks_taken_from_freelist: 3044.
num_chunk_merges: 9.
num_chunk_splits: 2218.
num_chunks_enlarged: 1734.
num_inconsistent_stats: 0.

CodeCache: size=49152Kb used=11776Kb max_used=12618Kb free=37375Kb
 bounds [0x000001a66f540000, 0x000001a6701a0000, 0x000001a672540000]
 total_blobs=6210 nmethods=5439 adapters=695
 compilation: enabled
              stopped_count=0, restarted_count=0
 full_count=0

Compilation events (20 events):
Event: 28.196 Thread 0x000001a67ee059d0 nmethod 5428 0x000001a66fe23d90 code [0x000001a66fe23f20, 0x000001a66fe23ff8]
Event: 28.196 Thread 0x000001a646cd07a0 nmethod 5429 0x000001a66fe23a90 code [0x000001a66fe23c20, 0x000001a66fe23cf8]
Event: 28.196 Thread 0x000001a646ea1190 nmethod 5427 0x000001a66fe23790 code [0x000001a66fe23920, 0x000001a66fe239f8]
Event: 28.196 Thread 0x000001a6450178d0 nmethod 5430 0x000001a66fe23490 code [0x000001a66fe23620, 0x000001a66fe236f8]
Event: 28.197 Thread 0x000001a6450178d0 5431       1       sun.security.provider.MD5::implCompress (13 bytes)
Event: 28.197 Thread 0x000001a646ea1190 5433       1       sun.security.provider.MD5::implCompress0 (1407 bytes)
Event: 28.197 Thread 0x000001a646cd07a0 5432       1       sun.security.provider.MD5::implCompressCheck (27 bytes)
Event: 28.197 Thread 0x000001a646cd07a0 nmethod 5432 0x000001a66fe22f90 code [0x000001a66fe23140, 0x000001a66fe23358]
Event: 28.197 Thread 0x000001a6450178d0 nmethod 5431 0x000001a66fe22a10 code [0x000001a66fe22bc0, 0x000001a66fe22e08]
Event: 28.200 Thread 0x000001a646ea1190 nmethod 5433 0x000001a66fe20910 code [0x000001a66fe20ba0, 0x000001a66fe21f18]
Event: 28.204 Thread 0x000001a6450178d0 5434 %     1       com.sun.crypto.provider.CounterMode::implCrypt @ 3 (88 bytes)
Event: 28.204 Thread 0x000001a6450178d0 nmethod 5434% 0x000001a66fe20110 code [0x000001a66fe202c0, 0x000001a66fe20688]
Event: 28.204 Thread 0x000001a6450178d0 5435       1       com.sun.crypto.provider.CounterMode::implCrypt (88 bytes)
Event: 28.204 Thread 0x000001a6450178d0 nmethod 5435 0x000001a66fe1fa90 code [0x000001a66fe1fc40, 0x000001a66fe1ff08]
Event: 28.209 Thread 0x000001a6450178d0 5436       1       java.io.PrintStream::ensureOpen (18 bytes)
Event: 28.209 Thread 0x000001a67ee059d0 5437  s    1       java.io.BufferedOutputStream::flush (12 bytes)
Event: 28.210 Thread 0x000001a6450178d0 nmethod 5436 0x000001a66fe1f710 code [0x000001a66fe1f8a0, 0x000001a66fe1fa08]
Event: 28.210 Thread 0x000001a67ee059d0 nmethod 5437 0x000001a66fe1f290 code [0x000001a66fe1f440, 0x000001a66fe1f638]
Event: 28.210 Thread 0x000001a6450178d0 5438       1       jdk.internal.loader.NativeLibraries$NativeLibraryImpl::find (6 bytes)
Event: 28.210 Thread 0x000001a6450178d0 nmethod 5438 0x000001a66fe1eb90 code [0x000001a66fe1ed20, 0x000001a66fe1ee08]

GC Heap History (20 events):
Event: 0.971 GC heap before
{Heap before GC invocations=1 (full 0):
 garbage-first heap   total 253952K, used 28755K [0x0000000709400000, 0x0000000800000000)
  region size 2048K, 12 young (24576K), 2 survivors (4096K)
 Metaspace       used 7779K, committed 8064K, reserved 1114112K
  class space    used 1106K, committed 1216K, reserved 1048576K
}
Event: 0.974 GC heap after
{Heap after GC invocations=2 (full 0):
 garbage-first heap   total 253952K, used 9832K [0x0000000709400000, 0x0000000800000000)
  region size 2048K, 1 young (2048K), 1 survivors (2048K)
 Metaspace       used 7779K, committed 8064K, reserved 1114112K
  class space    used 1106K, committed 1216K, reserved 1048576K
}
Event: 1.564 GC heap before
{Heap before GC invocations=2 (full 0):
 garbage-first heap   total 253952K, used 67176K [0x0000000709400000, 0x0000000800000000)
  region size 2048K, 29 young (59392K), 1 survivors (2048K)
 Metaspace       used 17586K, committed 17920K, reserved 1114112K
  class space    used 2363K, committed 2496K, reserved 1048576K
}
Event: 1.569 GC heap after
{Heap after GC invocations=3 (full 0):
 garbage-first heap   total 253952K, used 14543K [0x0000000709400000, 0x0000000800000000)
  region size 2048K, 4 young (8192K), 4 survivors (8192K)
 Metaspace       used 17586K, committed 17920K, reserved 1114112K
  class space    used 2363K, committed 2496K, reserved 1048576K
}
Event: 2.058 GC heap before
{Heap before GC invocations=3 (full 0):
 garbage-first heap   total 253952K, used 41167K [0x0000000709400000, 0x0000000800000000)
  region size 2048K, 18 young (36864K), 4 survivors (8192K)
 Metaspace       used 21141K, committed 21504K, reserved 1114112K
  class space    used 2859K, committed 3072K, reserved 1048576K
}
Event: 2.063 GC heap after
{Heap after GC invocations=4 (full 0):
 garbage-first heap   total 253952K, used 16028K [0x0000000709400000, 0x0000000800000000)
  region size 2048K, 4 young (8192K), 4 survivors (8192K)
 Metaspace       used 21141K, committed 21504K, reserved 1114112K
  class space    used 2859K, committed 3072K, reserved 1048576K
}
Event: 2.608 GC heap before
{Heap before GC invocations=5 (full 0):
 garbage-first heap   total 61440K, used 42652K [0x0000000709400000, 0x0000000800000000)
  region size 2048K, 18 young (36864K), 4 survivors (8192K)
 Metaspace       used 25690K, committed 26112K, reserved 1114112K
  class space    used 3509K, committed 3712K, reserved 1048576K
}
Event: 2.617 GC heap after
{Heap after GC invocations=6 (full 0):
 garbage-first heap   total 61440K, used 18771K [0x0000000709400000, 0x0000000800000000)
  region size 2048K, 3 young (6144K), 3 survivors (6144K)
 Metaspace       used 25690K, committed 26112K, reserved 1114112K
  class space    used 3509K, committed 3712K, reserved 1048576K
}
Event: 2.658 GC heap before
{Heap before GC invocations=6 (full 0):
 garbage-first heap   total 61440K, used 18771K [0x0000000709400000, 0x0000000800000000)
  region size 2048K, 4 young (8192K), 3 survivors (6144K)
 Metaspace       used 26076K, committed 26496K, reserved 1114112K
  class space    used 3563K, committed 3776K, reserved 1048576K
}
Event: 2.668 GC heap after
{Heap after GC invocations=7 (full 0):
 garbage-first heap   total 61440K, used 18871K [0x0000000709400000, 0x0000000800000000)
  region size 2048K, 1 young (2048K), 1 survivors (2048K)
 Metaspace       used 26076K, committed 26496K, reserved 1114112K
  class space    used 3563K, committed 3776K, reserved 1048576K
}
Event: 3.051 GC heap before
{Heap before GC invocations=7 (full 0):
 garbage-first heap   total 61440K, used 39351K [0x0000000709400000, 0x0000000800000000)
  region size 2048K, 12 young (24576K), 1 survivors (2048K)
 Metaspace       used 30736K, committed 31168K, reserved 1114112K
  class space    used 4140K, committed 4352K, reserved 1048576K
}
Event: 3.053 GC heap after
{Heap after GC invocations=8 (full 0):
 garbage-first heap   total 61440K, used 19704K [0x0000000709400000, 0x0000000800000000)
  region size 2048K, 1 young (2048K), 1 survivors (2048K)
 Metaspace       used 30736K, committed 31168K, reserved 1114112K
  class space    used 4140K, committed 4352K, reserved 1048576K
}
Event: 3.456 GC heap before
{Heap before GC invocations=8 (full 0):
 garbage-first heap   total 61440K, used 38136K [0x0000000709400000, 0x0000000800000000)
  region size 2048K, 11 young (22528K), 1 survivors (2048K)
 Metaspace       used 35490K, committed 35968K, reserved 1114112K
  class space    used 4793K, committed 5056K, reserved 1048576K
}
Event: 3.458 GC heap after
{Heap after GC invocations=9 (full 0):
 garbage-first heap   total 61440K, used 20484K [0x0000000709400000, 0x0000000800000000)
  region size 2048K, 2 young (4096K), 2 survivors (4096K)
 Metaspace       used 35490K, committed 35968K, reserved 1114112K
  class space    used 4793K, committed 5056K, reserved 1048576K
}
Event: 3.864 GC heap before
{Heap before GC invocations=10 (full 0):
 garbage-first heap   total 61440K, used 43012K [0x0000000709400000, 0x0000000800000000)
  region size 2048K, 13 young (26624K), 2 survivors (4096K)
 Metaspace       used 39736K, committed 40192K, reserved 1114112K
  class space    used 5526K, committed 5760K, reserved 1048576K
}
Event: 3.867 GC heap after
{Heap after GC invocations=11 (full 0):
 garbage-first heap   total 157696K, used 21537K [0x0000000709400000, 0x0000000800000000)
  region size 2048K, 1 young (2048K), 1 survivors (2048K)
 Metaspace       used 39736K, committed 40192K, reserved 1114112K
  class space    used 5526K, committed 5760K, reserved 1048576K
}
Event: 21.503 GC heap before
{Heap before GC invocations=11 (full 0):
 garbage-first heap   total 157696K, used 113697K [0x0000000709400000, 0x0000000800000000)
  region size 2048K, 46 young (94208K), 1 survivors (2048K)
 Metaspace       used 57766K, committed 58304K, reserved 1114112K
  class space    used 8014K, committed 8256K, reserved 1048576K
}
Event: 21.512 GC heap after
{Heap after GC invocations=12 (full 0):
 garbage-first heap   total 157696K, used 30458K [0x0000000709400000, 0x0000000800000000)
  region size 2048K, 6 young (12288K), 6 survivors (12288K)
 Metaspace       used 57766K, committed 58304K, reserved 1114112K
  class space    used 8014K, committed 8256K, reserved 1048576K
}
Event: 21.662 GC heap before
{Heap before GC invocations=12 (full 0):
 garbage-first heap   total 157696K, used 34554K [0x0000000709400000, 0x0000000800000000)
  region size 2048K, 10 young (20480K), 6 survivors (12288K)
 Metaspace       used 59657K, committed 60160K, reserved 1114112K
  class space    used 8224K, committed 8448K, reserved 1048576K
}
Event: 21.667 GC heap after
{Heap after GC invocations=13 (full 0):
 garbage-first heap   total 157696K, used 31998K [0x0000000709400000, 0x0000000800000000)
  region size 2048K, 1 young (2048K), 1 survivors (2048K)
 Metaspace       used 59657K, committed 60160K, reserved 1114112K
  class space    used 8224K, committed 8448K, reserved 1048576K
}

Deoptimization events (6 events):
Event: 2.745 Thread 0x000001a6664e8a20 DEOPT PACKING pc=0x000001a66fb53b89 sp=0x000000926e7fea90
Event: 2.745 Thread 0x000001a6664e8a20 DEOPT UNPACKING pc=0x000001a66f592b43 sp=0x000000926e7fdf20 mode 3
Event: 2.745 Thread 0x000001a6460b6d20 DEOPT PACKING pc=0x000001a66fb5081f sp=0x00000092713ff030
Event: 2.745 Thread 0x000001a6460b6d20 DEOPT UNPACKING pc=0x000001a66f592b43 sp=0x00000092713fe488 mode 3
Event: 4.685 Thread 0x000001a6664e8a20 DEOPT PACKING pc=0x000001a66fb9c7d2 sp=0x000000926e7fa830
Event: 4.685 Thread 0x000001a6664e8a20 DEOPT UNPACKING pc=0x000001a66f592b43 sp=0x000000926e7f9d38 mode 3

Classes unloaded (0 events):
No events

Classes redefined (0 events):
No events

Internal exceptions (20 events):
Event: 5.117 Thread 0x000001a6664e8a20 Exception <a 'sun/nio/fs/WindowsException'{0x000000070f8087a0}> (0x000000070f8087a0) 
thrown [s\open\src\hotspot\share\prims\jni.cpp, line 516]
Event: 5.182 Thread 0x000001a6664e8a20 Exception <a 'sun/nio/fs/WindowsException'{0x000000070f80b788}> (0x000000070f80b788) 
thrown [s\open\src\hotspot\share\prims\jni.cpp, line 516]
Event: 5.273 Thread 0x000001a6664e8a20 Exception <a 'sun/nio/fs/WindowsException'{0x000000070f80e5b8}> (0x000000070f80e5b8) 
thrown [s\open\src\hotspot\share\prims\jni.cpp, line 516]
Event: 5.556 Thread 0x000001a6664e8a20 Exception <a 'sun/nio/fs/WindowsException'{0x000000070eac0890}> (0x000000070eac0890) 
thrown [s\open\src\hotspot\share\prims\jni.cpp, line 516]
Event: 5.600 Thread 0x000001a6664e8a20 Exception <a 'java/lang/IncompatibleClassChangeError'{0x000000070e98d1a0}: Found class java.lang.Object, but interface was expected> (0x000000070e98d1a0) 
thrown [s\open\src\hotspot\share\interpreter\linkResolver.cpp, line 826]
Event: 5.637 Thread 0x000001a6664e8a20 Exception <a 'java/lang/NoSuchMethodError'{0x000000070e78ca70}: 'void java.lang.invoke.DirectMethodHandle$Holder.invokeVirtual(java.lang.Object, java.lang.Object, long)'> (0x000000070e78ca70) 
thrown [s\open\src\hotspot\share\interpreter\linkResolver.cpp, line 759]
Event: 5.711 Thread 0x000001a6664e8a20 Exception <a 'java/lang/IncompatibleClassChangeError'{0x000000070e3e9e68}: Found class java.lang.Object, but interface was expected> (0x000000070e3e9e68) 
thrown [s\open\src\hotspot\share\interpreter\linkResolver.cpp, line 826]
Event: 5.761 Thread 0x000001a6664e8a20 Exception <a 'java/lang/NoSuchMethodError'{0x000000070dc443d0}: 'java.lang.Object java.lang.invoke.DirectMethodHandle$Holder.invokeSpecial(java.lang.Object, java.lang.Object, java.lang.Object, java.lang.Object, java.lang.Object, java.lang.Object, java.lang.Object, java.lang.Object, java.lang.Object, java.lang.Object, java.lang.Object)'> (0x000000070dc443d0) 
thrown [s\open\src\hotspot\share\interpreter\linkResolver.cpp, line 759]
Event: 5.761 Thread 0x000001a6664e8a20 Exception <a 'java/lang/NoSuchMethodError'{0x000000070dc48ba0}: 'java.lang.Object java.lang.invoke.Invokers$Holder.invoke_MT(java.lang.Object, java.lang.Object, java.lang.Object, java.lang.Object, java.lang.Object, java.lang.Object, java.lang.Object, java.lang.Object, java.lang.Object, java.lang.Object, java.lang.Object)'> (0x000000070dc48ba0) 
thrown [s\open\src\hotspot\share\interpreter\linkResolver.cpp, line 759]
Event: 5.805 Thread 0x000001a6664e8a20 Exception <a 'java/lang/NoSuchMethodError'{0x000000070daee448}: 'java.lang.Object java.lang.invoke.DirectMethodHandle$Holder.newInvokeSpecial(java.lang.Object, java.lang.Object, int, java.lang.Object, java.lang.Object)'> (0x000000070daee448) 
thrown [s\open\src\hotspot\share\interpreter\linkResolver.cpp, line 759]
Event: 21.482 Thread 0x000001a67f990640 Exception <a 'java/lang/NoSuchMethodError'{0x000000070d4d7720}: 'java.lang.Object java.lang.invoke.DirectMethodHandle$Holder.invokeStaticInit(java.lang.Object, java.lang.Object, java.lang.Object, int, int)'> (0x000000070d4d7720) 
thrown [s\open\src\hotspot\share\interpreter\linkResolver.cpp, line 759]
Event: 21.528 Thread 0x000001a67f991f90 Exception <a 'java/lang/NoSuchMethodError'{0x0000000718ad3cc8}: 'java.lang.Object java.lang.invoke.DirectMethodHandle$Holder.invokeSpecial(java.lang.Object, java.lang.Object, java.lang.Object, java.lang.Object, java.lang.Object, long)'> (0x0000000718ad3cc8) 
thrown [s\open\src\hotspot\share\interpreter\linkResolver.cpp, line 759]
Event: 21.528 Thread 0x000001a67f991f90 Exception <a 'java/lang/NoSuchMethodError'{0x0000000718ad7838}: 'java.lang.Object java.lang.invoke.Invokers$Holder.linkToTargetMethod(java.lang.Object, java.lang.Object, java.lang.Object, long, java.lang.Object)'> (0x0000000718ad7838) 
thrown [s\open\src\hotspot\share\interpreter\linkResolver.cpp, line 759]
Event: 21.654 Thread 0x000001a67f991f90 Exception <a 'java/lang/NoSuchMethodError'{0x0000000716bb6058}: 'java.lang.Object java.lang.invoke.DirectMethodHandle$Holder.invokeStatic(java.lang.Object, int, int)'> (0x0000000716bb6058) 
thrown [s\open\src\hotspot\share\interpreter\linkResolver.cpp, line 759]
Event: 21.654 Thread 0x000001a67f991060 Exception <a 'java/lang/NoSuchMethodError'{0x0000000716b2e7f8}: 'java.lang.Object java.lang.invoke.DirectMethodHandle$Holder.invokeStatic(java.lang.Object, int, int)'> (0x0000000716b2e7f8) 
thrown [s\open\src\hotspot\share\interpreter\linkResolver.cpp, line 759]
Event: 21.681 Thread 0x000001a67f991f90 Exception <a 'java/io/IOException'{0x0000000718a1fea8}> (0x0000000718a1fea8) 
thrown [s\open\src\hotspot\share\prims\jni.cpp, line 516]
Event: 28.124 Thread 0x000001a67f990130 Exception <a 'sun/nio/fs/WindowsException'{0x000000070f52d798}> (0x000000070f52d798) 
thrown [s\open\src\hotspot\share\prims\jni.cpp, line 516]
Event: 28.209 Thread 0x000001a67f990130 Exception <a 'sun/nio/fs/WindowsException'{0x000000070f5db420}> (0x000000070f5db420) 
thrown [s\open\src\hotspot\share\prims\jni.cpp, line 516]
Event: 28.210 Thread 0x000001a67f990130 Exception <a 'sun/nio/fs/WindowsException'{0x000000070f5dc8d0}> (0x000000070f5dc8d0) 
thrown [s\open\src\hotspot\share\prims\jni.cpp, line 516]
Event: 28.210 Thread 0x000001a67f990130 Exception <a 'sun/nio/fs/WindowsException'{0x000000070f5dcbd0}> (0x000000070f5dcbd0) 
thrown [s\open\src\hotspot\share\prims\jni.cpp, line 516]

VM Operations (20 events):
Event: 21.685 Executing VM operation: G1Concurrent
Event: 21.685 Executing VM operation: G1Concurrent done
Event: 22.689 Executing VM operation: Cleanup
Event: 22.689 Executing VM operation: Cleanup done
Event: 23.731 Executing VM operation: HandshakeAllThreads
Event: 23.731 Executing VM operation: HandshakeAllThreads done
Event: 23.731 Executing VM operation: Cleanup
Event: 23.731 Executing VM operation: Cleanup done
Event: 23.731 Executing VM operation: HandshakeAllThreads
Event: 23.731 Executing VM operation: HandshakeAllThreads done
Event: 23.766 Executing VM operation: HandshakeAllThreads
Event: 23.767 Executing VM operation: HandshakeAllThreads done
Event: 24.086 Executing VM operation: HandshakeAllThreads
Event: 24.086 Executing VM operation: HandshakeAllThreads done
Event: 25.086 Executing VM operation: Cleanup
Event: 25.086 Executing VM operation: Cleanup done
Event: 28.094 Executing VM operation: HandshakeAllThreads
Event: 28.094 Executing VM operation: HandshakeAllThreads done
Event: 28.094 Executing VM operation: Cleanup
Event: 28.094 Executing VM operation: Cleanup done

Events (20 events):
Event: 24.095 loading class java/util/OptionalDouble
Event: 24.095 loading class java/util/OptionalDouble done
Event: 24.100 loading class java/util/AbstractMap$SimpleEntry
Event: 24.100 loading class java/util/AbstractMap$SimpleEntry done
Event: 24.109 loading class java/util/stream/LongStream
Event: 24.109 loading class java/util/stream/LongStream done
Event: 24.109 loading class java/util/stream/DoubleStream
Event: 24.109 loading class java/util/stream/DoubleStream done
Event: 28.099 loading class java/util/BitSet$1BitSetSpliterator
Event: 28.099 loading class java/util/BitSet$1BitSetSpliterator done
Event: 28.099 loading class java/util/stream/IntPipeline$1
Event: 28.099 loading class java/util/stream/IntPipeline$1 done
Event: 28.099 loading class java/util/stream/IntPipeline$1$1
Event: 28.099 loading class java/util/stream/IntPipeline$1$1 done
Event: 28.124 loading class java/nio/file/FileAlreadyExistsException
Event: 28.124 loading class java/nio/file/FileAlreadyExistsException done
Event: 28.193 loading class sun/security/provider/MD5
Event: 28.193 loading class sun/security/provider/MD5 done
Event: 28.196 loading class sun/security/provider/ByteArrayAccess$LE
Event: 28.196 loading class sun/security/provider/ByteArrayAccess$LE done


Dynamic libraries:
0x00007ff77a820000 - 0x00007ff77a830000 	C:\Program Files\Java\jdk-17\bin\java.exe
0x00007ffd8bf80000 - 0x00007ffd8c1e0000 	C:\WINDOWS\SYSTEM32\ntdll.dll
0x00007ffd8a260000 - 0x00007ffd8a327000 	C:\WINDOWS\System32\KERNEL32.DLL
0x00007ffd89650000 - 0x00007ffd89a1a000 	C:\WINDOWS\System32\KERNELBASE.dll
0x00007ffd89c30000 - 0x00007ffd89d7b000 	C:\WINDOWS\System32\ucrtbase.dll
0x00007ffd5c4e0000 - 0x00007ffd5c4f9000 	C:\Program Files\Java\jdk-17\bin\jli.dll
0x00007ffd8ac50000 - 0x00007ffd8ad02000 	C:\WINDOWS\System32\ADVAPI32.dll
0x00007ffd75df0000 - 0x00007ffd75e0b000 	C:\Program Files\Java\jdk-17\bin\VCRUNTIME140.dll
0x00007ffd8ba10000 - 0x00007ffd8bab9000 	C:\WINDOWS\System32\msvcrt.dll
0x00007ffd89f90000 - 0x00007ffd8a036000 	C:\WINDOWS\System32\sechost.dll
0x00007ffd8ad70000 - 0x00007ffd8ae86000 	C:\WINDOWS\System32\RPCRT4.dll
0x00007ffd89d90000 - 0x00007ffd89f5c000 	C:\WINDOWS\System32\USER32.dll
0x00007ffd75880000 - 0x00007ffd75b17000 	C:\WINDOWS\WinSxS\amd64_microsoft.windows.common-controls_6595b64144ccf1df_6.0.26100.3624_none_3e086962e3345f24\COMCTL32.dll
0x00007ffd89620000 - 0x00007ffd89647000 	C:\WINDOWS\System32\win32u.dll
0x00007ffd8b780000 - 0x00007ffd8b7aa000 	C:\WINDOWS\System32\GDI32.dll
0x00007ffd89370000 - 0x00007ffd894a1000 	C:\WINDOWS\System32\gdi32full.dll
0x00007ffd894b0000 - 0x00007ffd89553000 	C:\WINDOWS\System32\msvcp_win.dll
0x00007ffd81010000 - 0x00007ffd8101b000 	C:\WINDOWS\SYSTEM32\VERSION.dll
0x00007ffd8b5e0000 - 0x00007ffd8b60f000 	C:\WINDOWS\System32\IMM32.DLL
0x00007ffd5c4d0000 - 0x00007ffd5c4dc000 	C:\Program Files\Java\jdk-17\bin\vcruntime140_1.dll
0x00007ffd5c440000 - 0x00007ffd5c4ce000 	C:\Program Files\Java\jdk-17\bin\msvcp140.dll
0x00007ffcd4f70000 - 0x00007ffcd5b4f000 	C:\Program Files\Java\jdk-17\bin\server\jvm.dll
0x00007ffd8a250000 - 0x00007ffd8a258000 	C:\WINDOWS\System32\PSAPI.DLL
0x00007ffd86750000 - 0x00007ffd86786000 	C:\WINDOWS\SYSTEM32\WINMM.dll
0x00007ffd6f9b0000 - 0x00007ffd6f9ba000 	C:\WINDOWS\SYSTEM32\WSOCK32.dll
0x00007ffd8b7b0000 - 0x00007ffd8b824000 	C:\WINDOWS\System32\WS2_32.dll
0x00007ffd88090000 - 0x00007ffd880aa000 	C:\WINDOWS\SYSTEM32\kernel.appcore.dll
0x00007ffd5c430000 - 0x00007ffd5c43a000 	C:\Program Files\Java\jdk-17\bin\jimage.dll
0x00007ffd86500000 - 0x00007ffd86741000 	C:\WINDOWS\SYSTEM32\DBGHELP.DLL
0x00007ffd8bac0000 - 0x00007ffd8be42000 	C:\WINDOWS\System32\combase.dll
0x00007ffd8aa60000 - 0x00007ffd8ab36000 	C:\WINDOWS\System32\OLEAUT32.dll
0x00007ffd864c0000 - 0x00007ffd864f9000 	C:\WINDOWS\SYSTEM32\dbgcore.DLL
0x00007ffd892d0000 - 0x00007ffd89369000 	C:\WINDOWS\System32\bcryptPrimitives.dll
0x00007ffd5c380000 - 0x00007ffd5c3a5000 	C:\Program Files\Java\jdk-17\bin\java.dll
0x00007ffd3a680000 - 0x00007ffd3a757000 	C:\Program Files\Java\jdk-17\bin\jsvml.dll
0x00007ffd8a330000 - 0x00007ffd8aa59000 	C:\WINDOWS\System32\SHELL32.dll
0x00007ffd89160000 - 0x00007ffd892c8000 	C:\WINDOWS\System32\wintypes.dll
0x00007ffd86e10000 - 0x00007ffd87662000 	C:\WINDOWS\SYSTEM32\windows.storage.dll
0x00007ffd8be50000 - 0x00007ffd8bf3d000 	C:\WINDOWS\System32\SHCORE.dll
0x00007ffd8a040000 - 0x00007ffd8a0a4000 	C:\WINDOWS\System32\shlwapi.dll
0x00007ffd89070000 - 0x00007ffd8909f000 	C:\WINDOWS\SYSTEM32\profapi.dll
0x00007ffd5c360000 - 0x00007ffd5c379000 	C:\Program Files\Java\jdk-17\bin\net.dll
0x00007ffd80ef0000 - 0x00007ffd8100d000 	C:\WINDOWS\SYSTEM32\WINHTTP.dll
0x00007ffd885b0000 - 0x00007ffd8861a000 	C:\WINDOWS\system32\mswsock.dll
0x00007ffd51310000 - 0x00007ffd51326000 	C:\Program Files\Java\jdk-17\bin\nio.dll
0x00007ffd3a660000 - 0x00007ffd3a678000 	C:\Program Files\Java\jdk-17\bin\zip.dll
0x00007ffd3a620000 - 0x00007ffd3a62e000 	C:\Program Files\Java\jdk-17\bin\sunmscapi.dll
0x00007ffd89a20000 - 0x00007ffd89b97000 	C:\WINDOWS\System32\CRYPT32.dll
0x00007ffd88a50000 - 0x00007ffd88a80000 	C:\WINDOWS\SYSTEM32\ncrypt.dll
0x00007ffd88a00000 - 0x00007ffd88a3f000 	C:\WINDOWS\SYSTEM32\NTASN1.dll
0x00007ffd88850000 - 0x00007ffd8886c000 	C:\WINDOWS\SYSTEM32\CRYPTSP.dll
0x00007ffd87ff0000 - 0x00007ffd8802a000 	C:\WINDOWS\system32\rsaenh.dll
0x00007ffd88650000 - 0x00007ffd8867b000 	C:\WINDOWS\SYSTEM32\USERENV.dll
0x00007ffd89040000 - 0x00007ffd89066000 	C:\WINDOWS\SYSTEM32\bcrypt.dll
0x00007ffd88870000 - 0x00007ffd8887c000 	C:\WINDOWS\SYSTEM32\CRYPTBASE.dll
0x00007ffd879e0000 - 0x00007ffd87a13000 	C:\WINDOWS\SYSTEM32\IPHLPAPI.DLL
0x00007ffd8a240000 - 0x00007ffd8a24a000 	C:\WINDOWS\System32\NSI.dll
0x00007ffd811e0000 - 0x00007ffd811ff000 	C:\WINDOWS\SYSTEM32\dhcpcsvc6.DLL
0x00007ffd80e30000 - 0x00007ffd80e55000 	C:\WINDOWS\SYSTEM32\dhcpcsvc.DLL
0x00007ffd87ad0000 - 0x00007ffd87bf5000 	C:\WINDOWS\SYSTEM32\DNSAPI.dll
0x00007ffd51300000 - 0x00007ffd5130a000 	C:\Program Files\Java\jdk-17\bin\management.dll
0x00007ffd3a650000 - 0x00007ffd3a65b000 	C:\Program Files\Java\jdk-17\bin\management_ext.dll
0x00007ffd5c350000 - 0x00007ffd5c360000 	C:\Program Files\Java\jdk-17\bin\verify.dll
0x00007ffd50e50000 - 0x00007ffd50edd000 	C:\Users\idjjh\AppData\Local\Temp\gdal_native\msvcp140.dll
0x00007ffd6bbd0000 - 0x00007ffd6bbee000 	C:\Users\idjjh\AppData\Local\Temp\gdal_native\vcruntime140.dll
0x00007ffd5d360000 - 0x00007ffd5d379000 	C:\Users\idjjh\AppData\Local\Temp\gdal_native\zlib.dll
0x00007ffd4c670000 - 0x00007ffd4c722000 	C:\Users\idjjh\AppData\Local\Temp\gdal_native\zstd.dll
0x00007ffd15d70000 - 0x00007ffd15e6f000 	C:\Users\idjjh\AppData\Local\Temp\gdal_native\iconv-2.dll
0x00007ffd52b90000 - 0x00007ffd52bbb000 	C:\Users\idjjh\AppData\Local\Temp\gdal_native\libexpat.dll
0x00007ffcd6320000 - 0x00007ffcd6483000 	C:\Users\idjjh\AppData\Local\Temp\gdal_native\libxml2.dll
0x00007ffcd5cf0000 - 0x00007ffcd5f9c000 	C:\Users\idjjh\AppData\Local\Temp\gdal_native\xerces-c_3_2.dll
0x00007ffd55cc0000 - 0x00007ffd55ce0000 	C:\Users\idjjh\AppData\Local\Temp\gdal_native\pcre.dll
0x00007ffcbd0c0000 - 0x00007ffcbd5a4000 	C:\Users\idjjh\AppData\Local\Temp\gdal_native\libcrypto-3-x64.dll
0x00007ffcec860000 - 0x00007ffcec99a000 	C:\Users\idjjh\AppData\Local\Temp\gdal_native\libssl-3-x64.dll
0x00007ffd4c5d0000 - 0x00007ffd4c664000 	C:\Users\idjjh\AppData\Local\Temp\gdal_native\libcurl.dll
0x00007ffd8af10000 - 0x00007ffd8af84000 	C:\WINDOWS\System32\WLDAP32.dll
0x00007ffcbce00000 - 0x00007ffcbd0c0000 	C:\Users\idjjh\AppData\Local\Temp\gdal_native\sqlite3.dll
0x00007ffcbc750000 - 0x00007ffcbcdf1000 	C:\Users\idjjh\AppData\Local\Temp\gdal_native\libmysql.dll
0x00007ffd85ca0000 - 0x00007ffd85cad000 	C:\WINDOWS\SYSTEM32\Secur32.dll
0x00007ffd88330000 - 0x00007ffd88378000 	C:\WINDOWS\SYSTEM32\SSPICLI.DLL
0x0000000180000000 - 0x000000018004e000 	C:\Users\idjjh\AppData\Local\Temp\gdal_native\libpq.dll
0x00007ffcbc570000 - 0x00007ffcbc748000 	C:\Users\idjjh\AppData\Local\Temp\gdal_native\geos.dll
0x00007ffd1d6c0000 - 0x00007ffd1d71c000 	C:\Users\idjjh\AppData\Local\Temp\gdal_native\geos_c.dll
0x00007ffce29b0000 - 0x00007ffce2afc000 	C:\Users\idjjh\AppData\Local\Temp\gdal_native\tiff.dll
0x00007ffcbc230000 - 0x00007ffcbc570000 	C:\Users\idjjh\AppData\Local\Temp\gdal_native\proj_9.dll
0x00007ffd8b440000 - 0x00007ffd8b5d6000 	C:\WINDOWS\System32\ole32.dll
0x00007ffcf0140000 - 0x00007ffcf0191000 	C:\Users\idjjh\AppData\Local\Temp\gdal_native\openjp2.dll
0x00007ffd4c590000 - 0x00007ffd4c5c5000 	C:\Users\idjjh\AppData\Local\Temp\gdal_native\libpng16.dll
0x00007ffd37990000 - 0x00007ffd379ba000 	C:\Users\idjjh\AppData\Local\Temp\gdal_native\freexl.dll
0x00007ffd22960000 - 0x00007ffd22983000 	C:\Users\idjjh\AppData\Local\Temp\gdal_native\ogdi.dll
0x00007ffcbb530000 - 0x00007ffcbc225000 	C:\Users\idjjh\AppData\Local\Temp\gdal_native\spatialite.dll
0x00007ffcba0e0000 - 0x00007ffcbb52a000 	C:\Users\idjjh\AppData\Local\Temp\gdal_native\gdal.dll
0x00007ffd7d170000 - 0x00007ffd7d234000 	C:\WINDOWS\SYSTEM32\ODBC32.dll
0x00007ffd88e50000 - 0x00007ffd88e5a000 	C:\WINDOWS\SYSTEM32\DPAPI.DLL
0x00007ffce80a0000 - 0x00007ffce8148000 	C:\Users\idjjh\AppData\Local\Temp\gdal_native\gdalalljni.dll
0x00007ffd51660000 - 0x00007ffd51668000 	C:\WINDOWS\system32\wshunix.dll
0x00007ffd75d60000 - 0x00007ffd75d6b000 	C:\Windows\System32\rasadhlp.dll
0x00007ffd7e7e0000 - 0x00007ffd7e865000 	C:\WINDOWS\System32\fwpuclnt.dll

dbghelp: loaded successfully - version: 4.0.5 - missing functions: none
symbol engine: initialized successfully - sym options: 0x614 - pdb path: .;C:\Program Files\Java\jdk-17\bin;C:\WINDOWS\SYSTEM32;C:\WINDOWS\WinSxS\amd64_microsoft.windows.common-controls_6595b64144ccf1df_6.0.26100.3624_none_3e086962e3345f24;C:\Program Files\Java\jdk-17\bin\server;C:\Users\idjjh\AppData\Local\Temp\gdal_native

VM Arguments:
jvm_args: -Djava.library.path=C:\JANG\sia_task\sia-task-dev\task/src/main/resource/nativelib/window -XX:TieredStopAtLevel=1 -Dfile.encoding=x-windows-949 -Duser.country=KR -Duser.language=ko -Duser.variant 
java_command: com.sia.task.TaskApplication
java_class_path (initial): C:\JANG\sia_task\sia-task-dev\task\build\classes\java\main;C:\JANG\sia_task\sia-task-dev\task\build\resources\main;C:\Users\idjjh\.gradle\caches\modules-2\files-2.1\org.springframework.cloud\spring-cloud-starter-aws\2.2.6.RELEASE\9d7c330b3f4aa477df2db27dd875a0e63a49456\spring-cloud-starter-aws-2.2.6.RELEASE.jar;C:\Users\idjjh\.gradle\caches\modules-2\files-2.1\io.github.cdimascio\java-dotenv\5.2.2\f77d54ff193ed4b07415ab8d7b3d0550716aa8c\java-dotenv-5.2.2.jar;C:\Users\idjjh\.gradle\caches\modules-2\files-2.1\commons-fileupload\commons-fileupload\1.5\ad4ad2ab2961b4e1891472bd1a33fabefb0385f3\commons-fileupload-1.5.jar;C:\Users\idjjh\.gradle\caches\modules-2\files-2.1\org.apache.tika\tika-core\2.9.1\bfd572826e7023dd6ceeefe1b4d0f6d3d8eef507\tika-core-2.9.1.jar;C:\Users\idjjh\.gradle\caches\modules-2\files-2.1\commons-io\commons-io\2.14.0\a4c6e1f6c196339473cd2e1b037f0eb97c62755b\commons-io-2.14.0.jar;C:\Users\idjjh\.gradle\caches\modules-2\files-2.1\org.gdal\gdal\3.10.0\d229b54a2136a6a1e6e8321881789a4465e2ec50\gdal-3.10.0.jar;C:\Users\idjjh\.gradle\caches\modules-2\files-2.1\com.h2database\h2\2.3.232\4fcc05d966ccdb2812ae8b9a718f69226c0cf4e2\h2-2.3.232.jar;C:\Users\idjjh\.gradle\caches\modules-2\files-2.1\org.springframework\spring-webmvc\6.2.6\48c37c417d00b9dc12e344892b206bbbf67f0945\spring-webmvc-6.2.6.jar;C:\Users\idjjh\.gradle\caches\modules-2\files-2.1\org.springframework\spring-web\6.2.6\17a4f806e877a1064a2442fe7545b0036fb9550f\spring-web-6.2.6.jar;C:\Users\idjjh\.gradle\caches\modules-2\files-2.1\org.hibernate.orm\hibernate-core\6.6.13.Final\e7f1b2d53e89b9863dca12cd5f1b261ba413415b\hibernate-core-6.6.13.Final.jar;C:\Users\idjjh\.gradle\caches\modules-2\files-2.1\org.springframework.data\spring-data-jpa\3.4.5\40000309bebdc0e4e284211701f039eb5b1fb1a6\spring-data-jpa-3.4.5.jar;C:\Users\idjjh\.gradle\caches\modules-2\files-2.1\org.springframework\spring-aspects\6.2.6\2bb7fe48b4fef28af71be32815200c19ac95f783\spring-aspects-6.2.6.jar;C:\Users\
Launcher Type: SUN_STANDARD

[Global flags]
     intx CICompilerCount                          = 12                                        {product} {ergonomic}
     uint ConcGCThreads                            = 3                                         {product} {ergonomic}
     uint G1ConcRefinementThreads                  = 13                                        {product} {ergonomic}
   size_t G1HeapRegionSize                         = 2097152                                   {product} {ergonomic}
    uintx GCDrainStackTargetSize                   = 64                                        {product} {ergonomic}
   size_t InitialHeapSize                          = 260046848                                 {product} {ergonomic}
   size_t MarkStackSize                            = 4194304                                   {product} {ergonomic}
   size_t MaxHeapSize                              = 4139778048                                {product} {ergonomic}
   size_t MaxNewSize                               = 2483027968                                {product} {ergonomic}
   size_t MinHeapDeltaBytes                        = 2097152                                   {product} {ergonomic}
   size_t MinHeapSize                              = 8388608                                   {product} {ergonomic}
    uintx NonProfiledCodeHeapSize                  = 0                                      {pd product} {ergonomic}
     bool ProfileInterpreter                       = false                                  {pd product} {command line}
    uintx ProfiledCodeHeapSize                     = 0                                      {pd product} {ergonomic}
   size_t SoftMaxHeapSize                          = 4139778048                             {manageable} {ergonomic}
     intx TieredStopAtLevel                        = 1                                         {product} {command line}
     bool UseCompressedClassPointers               = true                           {product lp64_product} {ergonomic}
     bool UseCompressedOops                        = true                           {product lp64_product} {ergonomic}
     bool UseG1GC                                  = true                                      {product} {ergonomic}
     bool UseLargePagesIndividualAllocation        = false                                  {pd product} {ergonomic}

Logging:
Log output configuration:
 #0: stdout all=warning uptime,level,tags
 #1: stderr all=off uptime,level,tags

Environment Variables:
JAVA_HOME=C:\Program Files\Java\jdk-17
CLASSPATH=C:\JANG\sia_task\sia-task-dev\task\\gradle\wrapper\gradle-wrapper.jar
PATH=C:\Program Files\Java\jdk-17;C:\Python312\Scripts\;C:\Python312\;C:\oraclexe\app\oracle\product\11.2.0\server\bin;C:\Program Files\Common Files\Oracle\Java\javapath;C:\Windows\system32;C:\Windows;C:\Windows\System32\Wbem;C:\Windows\System32\WindowsPowerShell\v1.0\;C:\Windows\System32\OpenSSH\;C:\Program Files (x86)\NVIDIA Corporation\PhysX\Common;C:\WINDOWS\system32;C:\WINDOWS;C:\WINDOWS\System32\Wbem;C:\WINDOWS\System32\WindowsPowerShell\v1.0\;C:\WINDOWS\System32\OpenSSH\;C:\Program Files\Git\cmd;C:\ProgramData\chocolatey\bin;C:\nodejs;C:\Program Files\NVIDIA Corporation\NVIDIA app\NvDLISR;C:\Program Files\Docker\Docker\resources\bin;C:\Program Files\nodejs\;C:\Users\idjjh\AppData\Local\Programs\Python\Python313\Scripts\;C:\Users\idjjh\AppData\Local\Programs\Python\Python313\;C:\Users\idjjh\AppData\Local\Microsoft\WindowsApps;C:\apache-maven-3.9.9\bin;C:\Users\idjjh\AppData\Roaming\npm;C:\Program Files\Git\bin;C:\Python312\Scripts\;
USERNAME=junhee
LANG=en_US.UTF-8
OS=Windows_NT
PROCESSOR_IDENTIFIER=AMD64 Family 23 Model 96 Stepping 1, AuthenticAMD



---------------  S Y S T E M  ---------------

OS:
 Windows 11 , 64 bit Build 26100 (10.0.26100.3775)
OS uptime: 0 days 1:42 hours
Hyper-V role detected

CPU: total 16 (initial active 16) (16 cores per cpu, 2 threads per core) family 23 model 96 stepping 1 microcode 0x8600104, cx8, cmov, fxsr, ht, mmx, 3dnowpref, sse, sse2, sse3, ssse3, sse4a, sse4.1, sse4.2, popcnt, lzcnt, tsc, tscinvbit, avx, avx2, aes, clmul, bmi1, bmi2, adx, sha, fma, vzeroupper, clflush, clflushopt, hv

Memory: 4k page, system-wide physical 15789M (3090M free)
TotalPageFile size 22189M (AvailPageFile size 2104M)
current process WorkingSet (physical memory assigned to process): 262M, peak: 291M
current process commit charge ("private bytes"): 323M, peak: 385M

vm_info: Java HotSpot(TM) 64-Bit Server VM (17.0.10+11-LTS-240) for windows-amd64 JRE (17.0.10+11-LTS-240), built on Dec 19 2023 21:47:25 by "mach5one" with MS VC++ 17.1 (VS2022)

END.
