#
# A fatal error has been detected by the Java Runtime Environment:
#
#  EXCEPTION_ACCESS_VIOLATION (0xc0000005) at pc=0x00007ff946b632a8, pid=1876, tid=26556
#
# JRE version: Java(TM) SE Runtime Environment (17.0.10+11) (build 17.0.10+11-LTS-240)
# Java VM: Java HotSpot(TM) 64-Bit Server VM (17.0.10+11-LTS-240, mixed mode, emulated-client, sharing, tiered, compressed oops, compressed class ptrs, g1 gc, windows-amd64)
# Problematic frame:
# C  [msvcp140.dll+0x132a8]
#
# No core dump will be written. Minidumps are not enabled by default on client versions of Windows
#
# If you would like to submit a bug report, please visit:
#   https://bugreport.java.com/bugreport/crash.jsp
# The crash happened outside the Java Virtual Machine in native code.
# See problematic frame for where to report the bug.
#

---------------  S U M M A R Y ------------

Command Line: -Djava.library.path=C:\JANG\sia_task\sia-task-dev\task/src/main/resource/nativelib/window -XX:TieredStopAtLevel=1 -Dfile.encoding=x-windows-949 -Duser.country=KR -Duser.language=ko -Duser.variant com.sia.task.TaskApplication

Host: AMD Ryzen 9 4900HS with Radeon Graphics         , 16 cores, 15G,  Windows 11 , 64 bit Build 26100 (10.0.26100.3775)
Time: Sun Apr 27 22:26:50 2025  Windows 11 , 64 bit Build 26100 (10.0.26100.3775) elapsed time: 22.318977 seconds (0d 0h 0m 22s)

---------------  T H R E A D  ---------------

Current thread (0x0000027609fac320):  JavaThread "http-nio-8080-exec-7" daemon [_thread_in_native, id=26556, stack(0x000000cd1a000000,0x000000cd1a100000)]

Stack: [0x000000cd1a000000,0x000000cd1a100000],  sp=0x000000cd1a0fc990,  free space=1010k
Native frames: (J=compiled Java code, j=interpreted, Vv=VM code, C=native code)
C  [msvcp140.dll+0x132a8]
C  [gdal.dll+0xc2757d]

Java frames: (J=compiled Java code, j=interpreted, Vv=VM code)
j  org.gdal.gdal.gdalJNI.Open__SWIG_1(Ljava/lang/String;)J+0
j  org.gdal.gdal.gdal.Open(Ljava/lang/String;)Lorg/gdal/gdal/Dataset;+1
j  com.sia.task.service.ConvertCOGService.fileConvertCOG(Ljava/util/List;)V+433
j  com.sia.task.service.FileProcessingService.fileProcessing(Ljava/util/List;)V+14
j  com.sia.task.controller.FileProcessingController.fileProcessing(Lcom/sia/task/fileDTO/FileDTO;)Lorg/springframework/http/ResponseEntity;+39
v  ~StubRoutines::call_stub
J 3812  jdk.internal.reflect.NativeMethodAccessorImpl.invoke0(Ljava/lang/reflect/Method;Ljava/lang/Object;[Ljava/lang/Object;)Ljava/lang/Object; java.base@17.0.10 (0 bytes) @ 0x00000275b2fa4127 [0x00000275b2fa40a0+0x0000000000000087]
J 3811 c1 jdk.internal.reflect.NativeMethodAccessorImpl.invoke(Ljava/lang/Object;[Ljava/lang/Object;)Ljava/lang/Object; java.base@17.0.10 (137 bytes) @ 0x00000275b2fa494c [0x00000275b2fa4600+0x000000000000034c]
J 3800 c1 jdk.internal.reflect.DelegatingMethodAccessorImpl.invoke(Ljava/lang/Object;[Ljava/lang/Object;)Ljava/lang/Object; java.base@17.0.10 (10 bytes) @ 0x00000275b2fa17e4 [0x00000275b2fa17a0+0x0000000000000044]
J 3802 c1 java.lang.reflect.Method.invoke(Ljava/lang/Object;[Ljava/lang/Object;)Ljava/lang/Object; java.base@17.0.10 (65 bytes) @ 0x00000275b2fa1fec [0x00000275b2fa1ee0+0x000000000000010c]
j  org.springframework.web.method.support.InvocableHandlerMethod.doInvoke([Ljava/lang/Object;)Ljava/lang/Object;+55
j  org.springframework.web.method.support.InvocableHandlerMethod.invokeForRequest(Lorg/springframework/web/context/request/NativeWebRequest;Lorg/springframework/web/method/support/ModelAndViewContainer;[Ljava/lang/Object;)Ljava/lang/Object;+82
j  org.springframework.web.servlet.mvc.method.annotation.ServletInvocableHandlerMethod.invokeAndHandle(Lorg/springframework/web/context/request/ServletWebRequest;Lorg/springframework/web/method/support/ModelAndViewContainer;[Ljava/lang/Object;)V+4
j  org.springframework.web.servlet.mvc.method.annotation.RequestMappingHandlerAdapter.invokeHandlerMethod(Ljakarta/servlet/http/HttpServletRequest;Ljakarta/servlet/http/HttpServletResponse;Lorg/springframework/web/method/HandlerMethod;)Lorg/springframework/web/servlet/ModelAndView;+309
j  org.springframework.web.servlet.mvc.method.annotation.RequestMappingHandlerAdapter.handleInternal(Ljakarta/servlet/http/HttpServletRequest;Ljakarta/servlet/http/HttpServletResponse;Lorg/springframework/web/method/HandlerMethod;)Lorg/springframework/web/servlet/ModelAndView;+81
j  org.springframework.web.servlet.mvc.method.AbstractHandlerMethodAdapter.handle(Ljakarta/servlet/http/HttpServletRequest;Ljakarta/servlet/http/HttpServletResponse;Ljava/lang/Object;)Lorg/springframework/web/servlet/ModelAndView;+7
j  org.springframework.web.servlet.DispatcherServlet.doDispatch(Ljakarta/servlet/http/HttpServletRequest;Ljakarta/servlet/http/HttpServletResponse;)V+304
j  org.springframework.web.servlet.DispatcherServlet.doService(Ljakarta/servlet/http/HttpServletRequest;Ljakarta/servlet/http/HttpServletResponse;)V+242
j  org.springframework.web.servlet.FrameworkServlet.processRequest(Ljakarta/servlet/http/HttpServletRequest;Ljakarta/servlet/http/HttpServletResponse;)V+70
j  org.springframework.web.servlet.FrameworkServlet.doPost(Ljakarta/servlet/http/HttpServletRequest;Ljakarta/servlet/http/HttpServletResponse;)V+3
j  jakarta.servlet.http.HttpServlet.service(Ljakarta/servlet/http/HttpServletRequest;Ljakarta/servlet/http/HttpServletResponse;)V+150
j  org.springframework.web.servlet.FrameworkServlet.service(Ljakarta/servlet/http/HttpServletRequest;Ljakarta/servlet/http/HttpServletResponse;)V+20
j  jakarta.servlet.http.HttpServlet.service(Ljakarta/servlet/ServletRequest;Ljakarta/servlet/ServletResponse;)V+37
j  org.apache.catalina.core.ApplicationFilterChain.internalDoFilter(Ljakarta/servlet/ServletRequest;Ljakarta/servlet/ServletResponse;)V+300
j  org.apache.catalina.core.ApplicationFilterChain.doFilter(Ljakarta/servlet/ServletRequest;Ljakarta/servlet/ServletResponse;)V+99
j  org.apache.tomcat.websocket.server.WsFilter.doFilter(Ljakarta/servlet/ServletRequest;Ljakarta/servlet/ServletResponse;Ljakarta/servlet/FilterChain;)V+21
j  org.apache.catalina.core.ApplicationFilterChain.internalDoFilter(Ljakarta/servlet/ServletRequest;Ljakarta/servlet/ServletResponse;)V+130
j  org.apache.catalina.core.ApplicationFilterChain.doFilter(Ljakarta/servlet/ServletRequest;Ljakarta/servlet/ServletResponse;)V+99
j  org.springframework.web.filter.RequestContextFilter.doFilterInternal(Ljakarta/servlet/http/HttpServletRequest;Ljakarta/servlet/http/HttpServletResponse;Ljakarta/servlet/FilterChain;)V+21
j  org.springframework.web.filter.OncePerRequestFilter.doFilter(Ljakarta/servlet/ServletRequest;Ljakarta/servlet/ServletResponse;Ljakarta/servlet/FilterChain;)V+150
j  org.apache.catalina.core.ApplicationFilterChain.internalDoFilter(Ljakarta/servlet/ServletRequest;Ljakarta/servlet/ServletResponse;)V+130
j  org.apache.catalina.core.ApplicationFilterChain.doFilter(Ljakarta/servlet/ServletRequest;Ljakarta/servlet/ServletResponse;)V+99
j  org.springframework.web.filter.FormContentFilter.doFilterInternal(Ljakarta/servlet/http/HttpServletRequest;Ljakarta/servlet/http/HttpServletResponse;Ljakarta/servlet/FilterChain;)V+38
j  org.springframework.web.filter.OncePerRequestFilter.doFilter(Ljakarta/servlet/ServletRequest;Ljakarta/servlet/ServletResponse;Ljakarta/servlet/FilterChain;)V+150
j  org.apache.catalina.core.ApplicationFilterChain.internalDoFilter(Ljakarta/servlet/ServletRequest;Ljakarta/servlet/ServletResponse;)V+130
j  org.apache.catalina.core.ApplicationFilterChain.doFilter(Ljakarta/servlet/ServletRequest;Ljakarta/servlet/ServletResponse;)V+99
j  org.springframework.web.filter.CharacterEncodingFilter.doFilterInternal(Ljakarta/servlet/http/HttpServletRequest;Ljakarta/servlet/http/HttpServletResponse;Ljakarta/servlet/FilterChain;)V+53
j  org.springframework.web.filter.OncePerRequestFilter.doFilter(Ljakarta/servlet/ServletRequest;Ljakarta/servlet/ServletResponse;Ljakarta/servlet/FilterChain;)V+150
j  org.apache.catalina.core.ApplicationFilterChain.internalDoFilter(Ljakarta/servlet/ServletRequest;Ljakarta/servlet/ServletResponse;)V+130
j  org.apache.catalina.core.ApplicationFilterChain.doFilter(Ljakarta/servlet/ServletRequest;Ljakarta/servlet/ServletResponse;)V+99
j  org.apache.catalina.core.StandardWrapperValve.invoke(Lorg/apache/catalina/connector/Request;Lorg/apache/catalina/connector/Response;)V+514
j  org.apache.catalina.core.StandardContextValve.invoke(Lorg/apache/catalina/connector/Request;Lorg/apache/catalina/connector/Response;)V+169
j  org.apache.catalina.authenticator.AuthenticatorBase.invoke(Lorg/apache/catalina/connector/Request;Lorg/apache/catalina/connector/Response;)V+221
j  org.apache.catalina.core.StandardHostValve.invoke(Lorg/apache/catalina/connector/Request;Lorg/apache/catalina/connector/Response;)V+131
j  org.apache.catalina.valves.ErrorReportValve.invoke(Lorg/apache/catalina/connector/Request;Lorg/apache/catalina/connector/Response;)V+6
j  org.apache.catalina.core.StandardEngineValve.invoke(Lorg/apache/catalina/connector/Request;Lorg/apache/catalina/connector/Response;)V+59
j  org.apache.catalina.connector.CoyoteAdapter.service(Lorg/apache/coyote/Request;Lorg/apache/coyote/Response;)V+188
j  org.apache.coyote.http11.Http11Processor.service(Lorg/apache/tomcat/util/net/SocketWrapperBase;)Lorg/apache/tomcat/util/net/AbstractEndpoint$Handler$SocketState;+796
j  org.apache.coyote.AbstractProcessorLight.process(Lorg/apache/tomcat/util/net/SocketWrapperBase;Lorg/apache/tomcat/util/net/SocketEvent;)Lorg/apache/tomcat/util/net/AbstractEndpoint$Handler$SocketState;+155
j  org.apache.coyote.AbstractProtocol$ConnectionHandler.process(Lorg/apache/tomcat/util/net/SocketWrapperBase;Lorg/apache/tomcat/util/net/SocketEvent;)Lorg/apache/tomcat/util/net/AbstractEndpoint$Handler$SocketState;+482
j  org.apache.tomcat.util.net.NioEndpoint$SocketProcessor.doRun()V+249
j  org.apache.tomcat.util.net.SocketProcessorBase.run()V+32
j  org.apache.tomcat.util.threads.ThreadPoolExecutor.runWorker(Lorg/apache/tomcat/util/threads/ThreadPoolExecutor$Worker;)V+92
j  org.apache.tomcat.util.threads.ThreadPoolExecutor$Worker.run()V+5
j  org.apache.tomcat.util.threads.TaskThread$WrappingRunnable.run()V+4
j  java.lang.Thread.run()V+11 java.base@17.0.10
v  ~StubRoutines::call_stub

siginfo: EXCEPTION_ACCESS_VIOLATION (0xc0000005), reading address 0x0000000000000000


Registers:
RAX=0x0000000000000000, RBX=0x0000027608b202a0, RCX=0x00007ff90e9a86f8, RDX=0x0000000000000000
RSP=0x000000cd1a0fc990, RBP=0x000000cd1a0fcc00, RSI=0x00007ff90e9a86f0, RDI=0x0000000000004000
R8 =0x0000000000000009, R9 =0x0000000000000040, R10=0xfefefefefefefeff, R11=0x8080808080808080
R12=0x000000cd1a0fcc70, R13=0x0000000000000000, R14=0x0000000000000000, R15=0x00007ff90e9a8738
RIP=0x00007ff946b632a8, EFLAGS=0x0000000000010282


Register to memory mapping:

RIP=0x00007ff946b632a8 msvcp140.dll
RAX=0x0 is NULL
RBX=0x0000027608b202a0 points into unknown readable memory: 0x73726573555c3a43 | 43 3a 5c 55 73 65 72 73
RCX=0x00007ff90e9a86f8 gdal.dll
RDX=0x0 is NULL
RSP=0x000000cd1a0fc990 is pointing into the stack for thread: 0x0000027609fac320
RBP=0x000000cd1a0fcc00 is pointing into the stack for thread: 0x0000027609fac320
RSI=0x00007ff90e9a86f0 gdal.dll
RDI=0x0000000000004000 is an unknown value
R8 =0x0000000000000009 is an unknown value
R9 =0x0000000000000040 is an unknown value
R10=0xfefefefefefefeff is an unknown value
R11=0x8080808080808080 is an unknown value
R12=0x000000cd1a0fcc70 is pointing into the stack for thread: 0x0000027609fac320
R13=0x0 is NULL
R14=0x0 is NULL
R15=0x00007ff90e9a8738 gdal.dll


Top of Stack: (sp=0x000000cd1a0fc990)
0x000000cd1a0fc990:   0000000000000002 0000000000000000
0x000000cd1a0fc9a0:   0000000000000000 0000000000000000
0x000000cd1a0fc9b0:   0000000000000000 0000000000000000
0x000000cd1a0fc9c0:   0000158eaefc39fb 0000027608b200c0
0x000000cd1a0fc9d0:   0000000000000042 0000027608b200c0
0x000000cd1a0fc9e0:   0000000000004000 00007ff90e25757d
0x000000cd1a0fc9f0:   00000275a9260000 000000000000003a
0x000000cd1a0fca00:   0000027608b202a0 ffffffffffffffff
0x000000cd1a0fca10:   00007ff90e9a86f0 00007ff90d64c93e
0x000000cd1a0fca20:   000000000000003a 0000027609fac320
0x000000cd1a0fca30:   00000275c3453e48 00009e64fa7ceae9
0x000000cd1a0fca40:   0000000000000042 0000027608b200c0
0x000000cd1a0fca50:   0000000000000000 0000000000000000
0x000000cd1a0fca60:   0000000000004000 ffffffffffffffff
0x000000cd1a0fca70:   000000cd1a0fcc00 00007ff90e256d8d
0x000000cd1a0fca80:   000000cd1a0fcc30 000000cd1a0fcf10 

Instructions: (pc=0x00007ff946b632a8)
0x00007ff946b631a8:   48 89 01 48 83 c1 08 48 83 c4 28 48 ff 25 26 30
0x00007ff946b631b8:   04 00 48 8d 05 37 70 04 00 45 33 c0 48 89 01 ba
0x00007ff946b631c8:   a0 0f 00 00 48 83 c1 08 48 83 c4 28 48 ff 25 ed
0x00007ff946b631d8:   2f 04 00 cc cc cc cc cc 48 83 c1 08 48 ff 25 cd
0x00007ff946b631e8:   2f 04 00 cc cc cc cc cc 48 83 c1 08 48 ff 25 dd
0x00007ff946b631f8:   2f 04 00 cc cc cc cc cc 48 83 c1 08 48 ff 25 45
0x00007ff946b63208:   2e 04 00 cc 48 89 5c 24 18 48 89 74 24 20 57 41
0x00007ff946b63218:   56 41 57 48 83 ec 40 48 8b 05 0a 11 07 00 48 33
0x00007ff946b63228:   c4 48 89 44 24 30 8b 01 4c 8b f2 0f ba f0 08 48
0x00007ff946b63238:   8b f1 83 f8 01 75 4a ff 15 b3 2f 04 00 39 46 48
0x00007ff946b63248:   74 19 48 8d 4e 08 48 8b 01 48 8b 00 ff 15 6e 34
0x00007ff946b63258:   04 00 ff 15 98 2f 04 00 89 46 48 ff 46 4c 33 c0
0x00007ff946b63268:   48 8b 4c 24 30 48 33 cc e8 cb fd 03 00 48 8b 5c
0x00007ff946b63278:   24 70 48 8b 74 24 78 48 83 c4 40 41 5f 41 5e 5f
0x00007ff946b63288:   c3 4d 85 f6 75 28 4c 8d 79 48 ff 15 60 2f 04 00
0x00007ff946b63298:   41 39 07 0f 84 ad 00 00 00 48 8d 4e 08 48 8b 01
0x00007ff946b632a8:   48 8b 00 ff 15 17 34 04 00 e9 98 00 00 00 48 83
0x00007ff946b632b8:   3a 00 7c 6e 75 06 83 7a 08 00 7e 66 ba 01 00 00
0x00007ff946b632c8:   00 48 8d 4c 24 20 e8 2d 09 00 00 48 8b 44 24 20
0x00007ff946b632d8:   49 3b 06 7c 14 0f 85 b3 00 00 00 41 8b 46 08 39
0x00007ff946b632e8:   44 24 28 0f 8d a5 00 00 00 4c 8d 7e 48 ff 15 fd
0x00007ff946b632f8:   2e 04 00 41 39 07 74 4e 48 8b 46 08 48 8d 54 24
0x00007ff946b63308:   20 49 8b ce 48 8b 58 10 e8 db 07 00 00 8b d0 48
0x00007ff946b63318:   8d 4e 08 48 8b c3 ff 15 a4 33 04 00 84 c0 74 9c
0x00007ff946b63328:   eb 24 4c 8d 79 48 ff 15 c4 2e 04 00 41 39 07 74
0x00007ff946b63338:   15 48 8d 4e 08 48 8b 01 48 8b 40 08 ff 15 7e 33
0x00007ff946b63348:   04 00 84 c0 74 48 8b 4e 4c 33 db bf 02 01 00 00
0x00007ff946b63358:   8d 41 01 89 46 4c 83 f8 01 7e 0f f7 06 00 01 00
0x00007ff946b63368:   00 75 10 89 4e 4c 8b df eb 09 ff 15 80 2e 04 00
0x00007ff946b63378:   41 89 07 85 db 0f 84 e3 fe ff ff 3b df 74 0a b8
0x00007ff946b63388:   04 00 00 00 e9 d7 fe ff ff 4d 85 f6 74 20 49 83
0x00007ff946b63398:   3e 00 75 10 41 8b 46 08 f7 d8 1b c0 83 c0 03 e9 


Stack slot to memory mapping:
stack at sp + 0 slots: 0x0000000000000002 is an unknown value
stack at sp + 1 slots: 0x0 is NULL
stack at sp + 2 slots: 0x0 is NULL
stack at sp + 3 slots: 0x0 is NULL
stack at sp + 4 slots: 0x0 is NULL
stack at sp + 5 slots: 0x0 is NULL
stack at sp + 6 slots: 0x0000158eaefc39fb is an unknown value
stack at sp + 7 slots: 0x0000027608b200c0 points into unknown readable memory: 0x73726573555c3a43 | 43 3a 5c 55 73 65 72 73


Compiled method (n/a)   22385 3812     n 0       jdk.internal.reflect.NativeMethodAccessorImpl::invoke0 (native)
 total in heap  [0x00000275b2fa3f10,0x00000275b2fa43b0] = 1184
 relocation     [0x00000275b2fa4068,0x00000275b2fa40a0] = 56
 main code      [0x00000275b2fa40a0,0x00000275b2fa43b0] = 784

[Constant Pool (empty)]

[MachCode]
[Entry Point]
  # {method} {0x00000275c31c4290} 'invoke0' '(Ljava/lang/reflect/Method;Ljava/lang/Object;[Ljava/lang/Object;)Ljava/lang/Object;' in 'jdk/internal/reflect/NativeMethodAccessorImpl'
  # parm0:    rdx:rdx   = 'java/lang/reflect/Method'
  # parm1:    r8:r8     = 'java/lang/Object'
  # parm2:    r9:r9     = '[Ljava/lang/Object;'
  #           [sp+0x80]  (sp of caller)
  0x00000275b2fa40a0: 448b 5208 | 49bb 0000 | 00c3 7502 | 0000 4d03 | d349 3bc2 | 0f84 0600 

  0x00000275b2fa40b8: ;   {runtime_call ic_miss_stub}
  0x00000275b2fa40b8: 0000 e9c1 | 896a ff90 
[Verified Entry Point]
  0x00000275b2fa40c0: 8984 2400 | 90ff ff55 | 488b ec48 | 83ec 704c | 894c 2438 | 4983 f900 | 488d 4424 | 3848 0f44 
  0x00000275b2fa40e0: 4424 3848 | 8944 2420 | 4c89 4424 | 3049 83f8 | 004c 8d4c | 2430 4c0f | 444c 2430 | 4889 5424 
  0x00000275b2fa4100: 2848 83fa | 004c 8d44 | 2428 4c0f | 4444 2428 

  0x00000275b2fa4110: ;   {oop(a 'java/lang/Class'{0x00000007097c4b70} = 'jdk/internal/reflect/NativeMethodAccessorImpl')}
  0x00000275b2fa4110: 49be 704b | 7c09 0700 | 0000 4c89 | 7424 584c | 8d74 2458 | 498b d6c5 

  0x00000275b2fa4128: ;   {internal_word}
  0x00000275b2fa4128: f877 49ba | 2741 fab2 | 7502 0000 | 4d89 9798 | 0200 0049 | 89a7 9002 

  0x00000275b2fa4140: ;   {external_word}
  0x00000275b2fa4140: 0000 49ba | e380 8811 | f97f 0000 | 4180 3a00 | 0f84 5200 | 0000 5241 

  0x00000275b2fa4158: ;   {metadata({method} {0x00000275c31c4290} 'invoke0' '(Ljava/lang/reflect/Method;Ljava/lang/Object;[Ljava/lang/Object;)Ljava/lang/Object;' in 'jdk/internal/reflect/NativeMethodAccessorImpl')}
  0x00000275b2fa4158: 5041 5148 | ba88 421c | c375 0200 | 0049 8bcf | 4883 ec20 | f7c4 0f00 | 0000 0f84 | 1a00 0000 
  0x00000275b2fa4178: 4883 ec08 

  0x00000275b2fa417c: ;   {runtime_call}
  0x00000275b2fa417c: 49ba 00d6 | 4511 f97f | 0000 41ff | d248 83c4 | 08e9 0d00 

  0x00000275b2fa4190: ;   {runtime_call}
  0x00000275b2fa4190: 0000 49ba | 00d6 4511 | f97f 0000 | 41ff d248 | 83c4 2041 | 5941 585a | 498d 8fb0 | 0200 0041 
  0x00000275b2fa41b0: c787 4003 | 0000 0400 

  0x00000275b2fa41b8: ;   {runtime_call}
  0x00000275b2fa41b8: 0000 49ba | a43e 1773 | f97f 0000 | 41ff d2c5 | f877 41c7 | 8740 0300 | 0005 0000 | 00f0 8344 
  0x00000275b2fa41d8: 24c0 0049 | 3baf 4803 | 0000 0f87 | 1100 0000 | 4181 bf30 | 0300 0000 | 0000 000f | 842c 0000 
  0x00000275b2fa41f8: 00c5 f877 | 4889 45f8 | 498b cf4c | 8be4 4883 | ec20 4883 

  0x00000275b2fa420c: ;   {runtime_call}
  0x00000275b2fa420c: e4f0 49ba | 408d 5011 | f97f 0000 | 41ff d249 | 8be4 4d33 | e448 8b45 | f841 c787 | 4003 0000 
  0x00000275b2fa422c: 0800 0000 | 4181 bfb0 | 0300 0002 | 0000 000f | 843f 0100 

  0x00000275b2fa4240: ;   {external_word}
  0x00000275b2fa4240: 0049 bae3 | 8088 11f9 | 7f00 0041 | 803a 000f | 8450 0000 | 0048 8945 

  0x00000275b2fa4258: ;   {metadata({method} {0x00000275c31c4290} 'invoke0' '(Ljava/lang/reflect/Method;Ljava/lang/Object;[Ljava/lang/Object;)Ljava/lang/Object;' in 'jdk/internal/reflect/NativeMethodAccessorImpl')}
  0x00000275b2fa4258: f848 ba88 | 421c c375 | 0200 0049 | 8bcf 4883 | ec20 f7c4 | 0f00 0000 | 0f84 1a00 | 0000 4883 
  0x00000275b2fa4278: ;   {runtime_call}
  0x00000275b2fa4278: ec08 49ba | 00d6 4511 | f97f 0000 | 41ff d248 | 83c4 08e9 | 0d00 0000 

  0x00000275b2fa4290: ;   {runtime_call}
  0x00000275b2fa4290: 49ba 00d6 | 4511 f97f | 0000 41ff | d248 83c4 | 2048 8b45 | f849 c787 | 9002 0000 | 0000 0000 
  0x00000275b2fa42b0: 49c7 8798 | 0200 0000 | 0000 00c5 | f877 4885 | c00f 8493 | 0000 0048 | f7c0 0100 | 0000 0f84 
  0x00000275b2fa42d0: 8300 0000 | 488b 40ff | 4180 7f38 | 000f 846f | 0000 0048 | 83f8 000f | 8465 0000 | 0049 8b4f 
  0x00000275b2fa42f0: 2048 83f9 | 000f 8414 | 0000 0048 | 83e9 0849 | 894f 2049 | 034f 3048 | 8901 e943 | 0000 0050 
  0x00000275b2fa4310: 498b d748 | 8bc8 4883 | ec20 f7c4 | 0f00 0000 | 0f84 1a00 | 0000 4883 

  0x00000275b2fa4328: ;   {runtime_call}
  0x00000275b2fa4328: ec08 49ba | 3009 0511 | f97f 0000 | 41ff d248 | 83c4 08e9 | 0d00 0000 

  0x00000275b2fa4340: ;   {runtime_call}
  0x00000275b2fa4340: 49ba 3009 | 0511 f97f | 0000 41ff | d248 83c4 | 2058 e903 | 0000 0048 | 8b00 498b | 8fd8 0000 
  0x00000275b2fa4360: 00c7 8100 | 0100 0000 | 0000 00c9 | 4981 7f08 | 0000 0000 | 0f85 0100 

  0x00000275b2fa4378: ;   {runtime_call StubRoutines (1)}
  0x00000275b2fa4378: 0000 c3e9 | 80cb 65ff | c5f8 7748 | 8945 f84c | 8be4 4883 | ec20 4883 

  0x00000275b2fa4390: ;   {runtime_call}
  0x00000275b2fa4390: e4f0 49ba | a006 4611 | f97f 0000 | 41ff d249 | 8be4 4d33 | e448 8b45 | f8e9 93fe | ffff f4f4 
[/MachCode]


Compiled method (c1)   22408 3811   !   1       jdk.internal.reflect.NativeMethodAccessorImpl::invoke (137 bytes)
 total in heap  [0x00000275b2fa4410,0x00000275b2fa4e50] = 2624
 relocation     [0x00000275b2fa4568,0x00000275b2fa45f0] = 136
 main code      [0x00000275b2fa4600,0x00000275b2fa4a60] = 1120
 stub code      [0x00000275b2fa4a60,0x00000275b2fa4ae8] = 136
 metadata       [0x00000275b2fa4ae8,0x00000275b2fa4b08] = 32
 scopes data    [0x00000275b2fa4b08,0x00000275b2fa4bc8] = 192
 scopes pcs     [0x00000275b2fa4bc8,0x00000275b2fa4ce8] = 288
 dependencies   [0x00000275b2fa4ce8,0x00000275b2fa4cf0] = 8
 handler table  [0x00000275b2fa4cf0,0x00000275b2fa4e10] = 288
 nul chk table  [0x00000275b2fa4e10,0x00000275b2fa4e50] = 64

[Constant Pool (empty)]

[MachCode]
[Entry Point]
  # {method} {0x00000275c31c3d68} 'invoke' '(Ljava/lang/Object;[Ljava/lang/Object;)Ljava/lang/Object;' in 'jdk/internal/reflect/NativeMethodAccessorImpl'
  # this:     rdx:rdx   = 'jdk/internal/reflect/NativeMethodAccessorImpl'
  # parm0:    r8:r8     = 'java/lang/Object'
  # parm1:    r9:r9     = '[Ljava/lang/Object;'
  #           [sp+0xd0]  (sp of caller)
  0x00000275b2fa4600: 448b 5208 | 49bb 0000 | 00c3 7502 | 0000 4d03 | d34c 3bd0 

  0x00000275b2fa4614: ;   {runtime_call ic_miss_stub}
  0x00000275b2fa4614: 0f85 6684 | 6aff 660f | 1f44 0000 
[Verified Entry Point]
  0x00000275b2fa4620: 8984 2400 | 90ff ff55 | 4881 ecc0 | 0000 0048 | 8954 2470 | 8b72 0cff | c689 720c 

  0x00000275b2fa463c: ;   {oop(a 'java/lang/Class'{0x0000000709806818} = 'jdk/internal/reflect/ReflectionFactory')}
  0x00000275b2fa463c: 48bf 1868 | 8009 0700 | 0000 8b7f | 783b f70f | 8f08 0000 | 0048 8bf2 | e9e2 0200 | 004c 898c 
  0x00000275b2fa465c: 2480 0000 | 004c 8944 | 2478 8b72 | 1448 c1e6 | 038b 7624 | 48c1 e603 

  0x00000275b2fa4674: ; implicit exception: dispatches to 0x00000275b2fa499a
  0x00000275b2fa4674: 483b 0648 | 8bd6 0f1f 

  0x00000275b2fa467c: ;   {optimized virtual_call}
  0x00000275b2fa467c: 4400 00e8 

  0x00000275b2fa4680: ; ImmutableOopMap {[112]=Oop [128]=Oop [120]=Oop }
                      ;*invokevirtual isHidden {reexecute=0 rethrow=0 return_oop=0}
                      ; - jdk.internal.reflect.NativeMethodAccessorImpl::invoke@24 (line 57)
  0x00000275b2fa4680: 3c7b a4ff | 83f8 000f | 8417 0000 | 004c 8b8c | 2480 0000 | 004c 8b44 | 2478 488b | 7424 70e9 
  0x00000275b2fa46a0: 9702 0000 | 488b 5424 | 708b 4210 | 83f8 000f | 8415 0000 | 004c 8b8c | 2480 0000 | 004c 8b44 
  0x00000275b2fa46c0: 2478 488b | f2e9 7102 | 0000 488d | 7210 b800 | 0000 00bf | 0100 0000 | f00f b13e | be01 0000 
  0x00000275b2fa46e0: 000f 8405 | 0000 00be | 0000 0000 | 83fe 000f | 8515 0000 | 004c 8b8c | 2480 0000 | 004c 8b44 
  0x00000275b2fa4700: 2478 488b | f2e9 3102 | 0000 488b 

  0x00000275b2fa470c: ;   {metadata('jdk/internal/reflect/MethodAccessorGenerator')}
  0x00000275b2fa470c: da48 ba68 | 360f c475 | 0200 0049 | 8b87 0801 | 0000 488d | b890 0000 | 0049 3bbf | 1801 0000 
  0x00000275b2fa472c: 0f87 6d02 | 0000 4989 | bf08 0100 | 0048 c700 | 0100 0000 | 488b ca49 | ba00 0000 | c375 0200 
  0x00000275b2fa474c: 0049 2bca | 8948 0848 | 33c9 8948 | 0c48 33c9 | 48bf 1000 | 0000 0000 | 0000 4889 | 4cf8 0848 
  0x00000275b2fa476c: ffcf 75f6 | ba1e 0000 | 0066 8950 | 6aba 4900 | 0000 6689 | 506c 8b53 | 1448 c1e2 | 038b 7224 
  0x00000275b2fa478c: 48c1 e603 | 8b7a 2848 | c1e7 038b | 5230 48c1 | e203 4889 | 8424 9800 | 0000 4889 | bc24 9000 
  0x00000275b2fa47ac: 0000 4889 | b424 8800 | 0000 0f1f | 8000 0000 | 0048 b878 | 1c00 c375 

  0x00000275b2fa47c4: ;   {virtual_call}
  0x00000275b2fa47c4: 0200 00e8 

  0x00000275b2fa47c8: ; ImmutableOopMap {[128]=Oop [120]=Oop [152]=Oop [112]=Oop [144]=Oop [136]=Oop }
                      ;*invokevirtual clone {reexecute=0 rethrow=0 return_oop=0}
                      ; - java.lang.reflect.Method::getParameterTypes@4 (line 314)
                      ; - jdk.internal.reflect.NativeMethodAccessorImpl::invoke@77 (line 65)
  0x00000275b2fa47c8: d47b 9cff | 4883 f800 | 0f84 2900 

  0x00000275b2fa47d4: ;   {metadata('java/lang/Class'[])}
  0x00000275b2fa47d4: 0000 48bb | 781c 00c3 | 7502 0000 | 8b78 0849 | ba00 0000 | c375 0200 | 0049 03fa | 483b 5f40 
  0x00000275b2fa47f4: 0f85 b701 | 0000 e900 | 0000 0048 | 8bf0 488b | 5424 708b | 7a14 48c1 | e703 8b5f | 2c48 c1e3 
  0x00000275b2fa4814: 038b 7f34 | 48c1 e703 | 488b d748 | 899c 24a8 | 0000 0048 | 89b4 24a0 | 0000 0066 | 0f1f 4400 
  0x00000275b2fa4834: 0048 b878 | 1c00 c375 

  0x00000275b2fa483c: ;   {virtual_call}
  0x00000275b2fa483c: 0200 00e8 

  0x00000275b2fa4840: ; ImmutableOopMap {[128]=Oop [120]=Oop [152]=Oop [144]=Oop [136]=Oop [112]=Oop [168]=Oop [160]=Oop }
                      ;*invokevirtual clone {reexecute=0 rethrow=0 return_oop=0}
                      ; - java.lang.reflect.Method::getExceptionTypes@4 (line 341)
                      ; - jdk.internal.reflect.NativeMethodAccessorImpl::invoke@91 (line 67)
  0x00000275b2fa4840: 5c7b 9cff | 4883 f800 | 0f84 2a00 

  0x00000275b2fa484c: ;   {metadata('java/lang/Class'[])}
  0x00000275b2fa484c: 0000 48bf | 781c 00c3 | 7502 0000 | 448b 4808 | 49ba 0000 | 00c3 7502 | 0000 4d03 | ca49 3b79 
  0x00000275b2fa486c: 400f 854c | 0100 00e9 | 0000 0000 | 488b c848 | 8b54 2470 | 448b 4214 | 49c1 e003 

  0x00000275b2fa4888: ; implicit exception: dispatches to 0x00000275b2fa49c8
  0x00000275b2fa4888: 418b 5820 | 4c8b 8424 | 8800 0000 | 4c8b 8c24 | 9000 0000 | 488b bc24 | a000 0000 | 488b b424 
  0x00000275b2fa48a8: a800 0000 | 891c 2448 | 8b94 2498 

  0x00000275b2fa48b4: ;   {optimized virtual_call}
  0x00000275b2fa48b4: 0000 00e8 

  0x00000275b2fa48b8: ; ImmutableOopMap {[128]=Oop [120]=Oop [112]=Oop }
                      ;*invokevirtual generateMethod {reexecute=0 rethrow=0 return_oop=0}
                      ; - jdk.internal.reflect.NativeMethodAccessorImpl::invoke@101 (line 63)
  0x00000275b2fa48b8: d901 0000 | 4883 f800 | 0f84 2a00 

  0x00000275b2fa48c4: ;   {metadata('jdk/internal/reflect/MethodAccessorImpl')}
  0x00000275b2fa48c4: 0000 48be | d0ae 00c3 | 7502 0000 | 448b 4808 | 49ba 0000 | 00c3 7502 | 0000 4d03 | ca49 3b71 
  0x00000275b2fa48e4: 400f 85e2 | 0000 00e9 | 0000 0000 | 488b d048 | 8b74 2470 | 448b 4618 | 49c1 e003 | 450f be4f 
  0x00000275b2fa4904: 3841 83f9 | 000f 85c7 | 0000 004c | 8bd2 49c1 | ea03 4589 | 500c 4d8b | c84c 33ca | 49c1 e915 
  0x00000275b2fa4924: 4983 f900 | 0f85 cd00 | 0000 4c8b | 8c24 8000 | 0000 4c8b | 4424 788b | 5614 48c1 | e203 0f1f 
  0x00000275b2fa4944: ;   {static_call}
  0x00000275b2fa4944: 4400 00e8 

  0x00000275b2fa4948: ; ImmutableOopMap {}
                      ;*invokestatic invoke0 {reexecute=0 rethrow=0 return_oop=0}
                      ; - jdk.internal.reflect.NativeMethodAccessorImpl::invoke@133 (line 77)
  0x00000275b2fa4948: 74f7 ffff | 4881 c4c0 | 0000 005d 

  0x00000275b2fa4954: ;   {poll_return}
  0x00000275b2fa4954: 493b a748 | 0300 000f | 87b2 0000 | 00c3 488b | 7424 7049 | 8b87 d803 | 0000 4d33 | d24d 8997 
  0x00000275b2fa4974: d803 0000 | 4d33 d24d | 8997 e003 | 0000 bf00 | 0000 0089 | 7e10 f083 | 4424 c000 | e9b8 0000 
  0x00000275b2fa4994: ;   {runtime_call throw_null_pointer_exception Runtime1 stub}
  0x00000275b2fa4994: 00e8 860d 

  0x00000275b2fa4998: ; ImmutableOopMap {rdx=Oop [112]=Oop [128]=Oop [120]=Oop }
                      ;*invokevirtual getDeclaringClass {reexecute=0 rethrow=0 return_oop=0}
                      ; - jdk.internal.reflect.NativeMethodAccessorImpl::invoke@21 (line 57)
                      ;   {runtime_call throw_null_pointer_exception Runtime1 stub}
  0x00000275b2fa4998: 75ff e881 

  0x00000275b2fa499c: ; ImmutableOopMap {rdx=Oop [112]=Oop [128]=Oop [120]=Oop rsi=Oop }
                      ;*invokevirtual isHidden {reexecute=0 rethrow=0 return_oop=0}
                      ; - jdk.internal.reflect.NativeMethodAccessorImpl::invoke@24 (line 57)
  0x00000275b2fa499c: 0d75 ff48 

  0x00000275b2fa49a0: ;   {runtime_call fast_new_instance Runtime1 stub}
  0x00000275b2fa49a0: 8bd2 e859 

  0x00000275b2fa49a4: ; ImmutableOopMap {[128]=Oop [120]=Oop rbx=Oop [112]=Oop }
                      ;*new {reexecute=0 rethrow=0 return_oop=0}
                      ; - jdk.internal.reflect.NativeMethodAccessorImpl::invoke@52 (line 61)
  0x00000275b2fa49a4: 1675 ffe9 | c4fd ffff 

  0x00000275b2fa49ac: ;   {runtime_call throw_null_pointer_exception Runtime1 stub}
  0x00000275b2fa49ac: e86f 0d75 

  0x00000275b2fa49b0: ; ImmutableOopMap {[128]=Oop [120]=Oop rbx=Oop [112]=Oop rax=Oop rdx=Oop }
                      ;*invokevirtual getDeclaringClass {reexecute=0 rethrow=0 return_oop=0}
                      ; - jdk.internal.reflect.NativeMethodAccessorImpl::invoke@63 (line 63)
  0x00000275b2fa49b0: ff48 8904 

  0x00000275b2fa49b4: ;   {runtime_call throw_class_cast_exception Runtime1 stub}
  0x00000275b2fa49b4: 24e8 6631 

  0x00000275b2fa49b8: ; ImmutableOopMap {[128]=Oop [120]=Oop [152]=Oop [112]=Oop [144]=Oop [136]=Oop }
                      ;*checkcast {reexecute=0 rethrow=0 return_oop=0}
                      ; - java.lang.reflect.Method::getParameterTypes@7 (line 314)
                      ; - jdk.internal.reflect.NativeMethodAccessorImpl::invoke@77 (line 65)
                      ;   {runtime_call throw_null_pointer_exception Runtime1 stub}
  0x00000275b2fa49b8: 75ff e861 

  0x00000275b2fa49bc: ; ImmutableOopMap {[128]=Oop [120]=Oop [152]=Oop [144]=Oop [136]=Oop rsi=Oop rdx=Oop [112]=Oop rdi=Oop }
                      ;*invokevirtual getReturnType {reexecute=0 rethrow=0 return_oop=0}
                      ; - jdk.internal.reflect.NativeMethodAccessorImpl::invoke@84 (line 66)
  0x00000275b2fa49bc: 0d75 ff48 

  0x00000275b2fa49c0: ;   {runtime_call throw_class_cast_exception Runtime1 stub}
  0x00000275b2fa49c0: 8904 24e8 

  0x00000275b2fa49c4: ; ImmutableOopMap {[128]=Oop [120]=Oop [152]=Oop [144]=Oop [136]=Oop [112]=Oop [168]=Oop [160]=Oop }
                      ;*checkcast {reexecute=0 rethrow=0 return_oop=0}
                      ; - java.lang.reflect.Method::getExceptionTypes@7 (line 341)
                      ; - jdk.internal.reflect.NativeMethodAccessorImpl::invoke@91 (line 67)
  0x00000275b2fa49c4: 5831 75ff 

  0x00000275b2fa49c8: ;   {runtime_call throw_null_pointer_exception Runtime1 stub}
  0x00000275b2fa49c8: e853 0d75 

  0x00000275b2fa49cc: ; ImmutableOopMap {[128]=Oop [120]=Oop [152]=Oop [144]=Oop [136]=Oop [168]=Oop [160]=Oop rcx=Oop rdx=Oop [112]=Oop }
                      ;*invokevirtual getModifiers {reexecute=0 rethrow=0 return_oop=0}
                      ; - jdk.internal.reflect.NativeMethodAccessorImpl::invoke@98 (line 68)
  0x00000275b2fa49cc: ff48 8904 

  0x00000275b2fa49d0: ;   {runtime_call throw_class_cast_exception Runtime1 stub}
  0x00000275b2fa49d0: 24e8 4a31 

  0x00000275b2fa49d4: ; ImmutableOopMap {[128]=Oop [120]=Oop [112]=Oop }
                      ;*checkcast {reexecute=0 rethrow=0 return_oop=0}
                      ; - jdk.internal.reflect.NativeMethodAccessorImpl::invoke@104 (line 63)
  0x00000275b2fa49d4: 75ff 458b | 480c 49c1 | e103 4983 | f900 0f84 | 27ff ffff | 4c89 0c24 

  0x00000275b2fa49ec: ;   {runtime_call g1_pre_barrier_slow}
  0x00000275b2fa49ec: e80f 6475 | ffe9 19ff 

  0x00000275b2fa49f4: ;   {runtime_call throw_null_pointer_exception Runtime1 stub}
  0x00000275b2fa49f4: ffff e825 

  0x00000275b2fa49f8: ; ImmutableOopMap {[128]=Oop [120]=Oop rdx=Oop rsi=Oop [112]=Oop r8=Oop }
                      ;*invokevirtual setDelegate {reexecute=0 rethrow=0 return_oop=0}
                      ; - jdk.internal.reflect.NativeMethodAccessorImpl::invoke@113 (line 69)
  0x00000275b2fa49f8: 0d75 ff48 | 83fa 000f | 8429 ffff | ff4c 8904 

  0x00000275b2fa4a08: ;   {runtime_call g1_post_barrier_slow}
  0x00000275b2fa4a08: 24e8 f266 | 75ff e91b 

  0x00000275b2fa4a10: ;   {internal_word}
  0x00000275b2fa4a10: ffff ff49 | ba54 49fa | b275 0200 | 004d 8997 | 6003 0000 

  0x00000275b2fa4a24: ;   {runtime_call SafepointBlob}
  0x00000275b2fa4a24: e9d7 e96a 

  0x00000275b2fa4a28: ;   {runtime_call throw_null_pointer_exception Runtime1 stub}
  0x00000275b2fa4a28: ffe8 f20c 

  0x00000275b2fa4a2c: ; ImmutableOopMap {[128]=Oop [120]=Oop rdx=Oop rsi=Oop [112]=Oop r8=Oop }
                      ;*invokevirtual setDelegate {reexecute=0 rethrow=0 return_oop=0}
                      ; - jdk.internal.reflect.NativeMethodAccessorImpl::invoke@113 (line 69)
  0x00000275b2fa4a2c: 75ff 9090 | 498b 87d8 | 0300 0049 | c787 d803 | 0000 0000 | 0000 49c7 | 87e0 0300 | 0000 0000 
  0x00000275b2fa4a4c: 0048 81c4 | c000 0000 

  0x00000275b2fa4a54: ;   {runtime_call unwind_exception Runtime1 stub}
  0x00000275b2fa4a54: 5de9 a6fd | 74ff f4f4 | f4f4 f4f4 
[Stub Code]
  0x00000275b2fa4a60: ;   {no_reloc}
  0x00000275b2fa4a60: 0f1f 4400 

  0x00000275b2fa4a64: ;   {static_stub}
  0x00000275b2fa4a64: 0048 bb00 | 0000 0000 

  0x00000275b2fa4a6c: ;   {runtime_call}
  0x00000275b2fa4a6c: 0000 00e9 | fbff ffff 

  0x00000275b2fa4a74: ;   {static_stub}
  0x00000275b2fa4a74: 9048 bb00 | 0000 0000 

  0x00000275b2fa4a7c: ;   {runtime_call}
  0x00000275b2fa4a7c: 0000 00e9 | fbff ffff 

  0x00000275b2fa4a84: ;   {static_stub}
  0x00000275b2fa4a84: 9048 bb00 | 0000 0000 

  0x00000275b2fa4a8c: ;   {runtime_call}
  0x00000275b2fa4a8c: 0000 00e9 | fbff ffff 

  0x00000275b2fa4a94: ;   {static_stub}
  0x00000275b2fa4a94: 9048 bb10 | 6623 0476 

  0x00000275b2fa4a9c: ;   {runtime_call I2C/C2I adapters}
  0x00000275b2fa4a9c: 0200 00e9 | d66c 95ff 

  0x00000275b2fa4aa4: ;   {static_stub}
  0x00000275b2fa4aa4: 9048 bb00 | 0000 0000 

  0x00000275b2fa4aac: ;   {runtime_call}
  0x00000275b2fa4aac: 0000 00e9 | fbff ffff 
[Exception Handler]
  0x00000275b2fa4ab4: ;   {runtime_call handle_exception_from_callee Runtime1 stub}
  0x00000275b2fa4ab4: e847 2a75 

  0x00000275b2fa4ab8: ;   {external_word}
  0x00000275b2fa4ab8: ff48 b9a0 | e064 11f9 | 7f00 0048 

  0x00000275b2fa4ac4: ;   {runtime_call}
  0x00000275b2fa4ac4: 83e4 f049 | bae0 da32 | 11f9 7f00 | 0041 ffd2 

  0x00000275b2fa4ad4: ;   {section_word}
  0x00000275b2fa4ad4: f449 bad5 | 4afa b275 | 0200 0041 

  0x00000275b2fa4ae0: ;   {runtime_call DeoptimizationBlob}
  0x00000275b2fa4ae0: 52e9 badb | 6aff f4f4 
[/MachCode]


Compiled method (c1)   22438 3800       1       jdk.internal.reflect.DelegatingMethodAccessorImpl::invoke (10 bytes)
 total in heap  [0x00000275b2fa1610,0x00000275b2fa18d8] = 712
 relocation     [0x00000275b2fa1768,0x00000275b2fa17a0] = 56
 main code      [0x00000275b2fa17a0,0x00000275b2fa1840] = 160
 stub code      [0x00000275b2fa1840,0x00000275b2fa1888] = 72
 metadata       [0x00000275b2fa1888,0x00000275b2fa1890] = 8
 scopes data    [0x00000275b2fa1890,0x00000275b2fa18a0] = 16
 scopes pcs     [0x00000275b2fa18a0,0x00000275b2fa18d0] = 48
 dependencies   [0x00000275b2fa18d0,0x00000275b2fa18d8] = 8

[Constant Pool (empty)]

[MachCode]
[Entry Point]
  # {method} {0x00000275c335fb00} 'invoke' '(Ljava/lang/Object;[Ljava/lang/Object;)Ljava/lang/Object;' in 'jdk/internal/reflect/DelegatingMethodAccessorImpl'
  # this:     rdx:rdx   = 'jdk/internal/reflect/DelegatingMethodAccessorImpl'
  # parm0:    r8:r8     = 'java/lang/Object'
  # parm1:    r9:r9     = '[Ljava/lang/Object;'
  #           [sp+0x40]  (sp of caller)
  0x00000275b2fa17a0: 448b 5208 | 49bb 0000 | 00c3 7502 | 0000 4d03 | d34c 3bd0 

  0x00000275b2fa17b4: ;   {runtime_call ic_miss_stub}
  0x00000275b2fa17b4: 0f85 c6b2 | 6aff 660f | 1f44 0000 
[Verified Entry Point]
  0x00000275b2fa17c0: 8984 2400 | 90ff ff55 | 4883 ec30 | 8b52 0c48 | c1e2 0366 | 9048 b8ff | ffff ffff 

  0x00000275b2fa17dc: ;   {virtual_call}
  0x00000275b2fa17dc: ffff ffe8 

  0x00000275b2fa17e0: ; ImmutableOopMap {}
                      ;*invokevirtual invoke {reexecute=0 rethrow=0 return_oop=0}
                      ; - jdk.internal.reflect.DelegatingMethodAccessorImpl::invoke@6 (line 43)
  0x00000275b2fa17e0: dcae 75ff | 4883 c430 

  0x00000275b2fa17e8: ;   {poll_return}
  0x00000275b2fa17e8: 5d49 3ba7 | 4803 0000 | 0f87 0100 

  0x00000275b2fa17f4: ;   {internal_word}
  0x00000275b2fa17f4: 0000 c349 | bae9 17fa | b275 0200 | 004d 8997 | 6003 0000 

  0x00000275b2fa1808: ;   {runtime_call SafepointBlob}
  0x00000275b2fa1808: e9f3 1b6b | ff90 9049 | 8b87 d803 | 0000 49c7 | 87d8 0300 | 0000 0000 | 0049 c787 | e003 0000 
  0x00000275b2fa1828: 0000 0000 | 4883 c430 

  0x00000275b2fa1830: ;   {runtime_call unwind_exception Runtime1 stub}
  0x00000275b2fa1830: 5de9 ca2f | 75ff f4f4 | f4f4 f4f4 | f4f4 f4f4 
[Stub Code]
  0x00000275b2fa1840: ;   {no_reloc}
  0x00000275b2fa1840: 0f1f 4400 

  0x00000275b2fa1844: ;   {static_stub}
  0x00000275b2fa1844: 0048 bb00 | 0000 0000 

  0x00000275b2fa184c: ;   {runtime_call}
  0x00000275b2fa184c: 0000 00e9 | fbff ffff 
[Exception Handler]
  0x00000275b2fa1854: ;   {runtime_call handle_exception_from_callee Runtime1 stub}
  0x00000275b2fa1854: e8a7 5c75 

  0x00000275b2fa1858: ;   {external_word}
  0x00000275b2fa1858: ff48 b9a0 | e064 11f9 | 7f00 0048 

  0x00000275b2fa1864: ;   {runtime_call}
  0x00000275b2fa1864: 83e4 f049 | bae0 da32 | 11f9 7f00 | 0041 ffd2 

  0x00000275b2fa1874: ;   {section_word}
  0x00000275b2fa1874: f449 ba75 | 18fa b275 | 0200 0041 

  0x00000275b2fa1880: ;   {runtime_call DeoptimizationBlob}
  0x00000275b2fa1880: 52e9 1a0e | 6bff f4f4 
[/MachCode]


---------------  P R O C E S S  ---------------

Threads class SMR info:
_java_thread_list=0x0000027609dbd330, length=31, elements={
0x00000275c25fe950, 0x00000275c2712ff0, 0x00000275c2732ad0, 0x00000275c2733490,
0x00000275c27369d0, 0x00000275c2737f00, 0x00000275c27394e0, 0x00000275c273aa50,
0x00000275c2885bd0, 0x00000275c2892400, 0x0000027608ed4f00, 0x0000027609020710,
0x0000027609011550, 0x000002760917b030, 0x0000027609b7da90, 0x0000027609b7e4b0,
0x0000027609b7d580, 0x0000027609b7d070, 0x0000027609faa4c0, 0x0000027609fa9aa0,
0x0000027609fab3f0, 0x0000027609fac320, 0x0000027609fab900, 0x0000027609fac830,
0x0000027609fabe10, 0x0000027609faa9d0, 0x0000027609fa9fb0, 0x0000027609faaee0,
0x00000275aacbb240, 0x00000275aacbc230, 0x00000275aacbc780
}

Java Threads: ( => current thread )
  0x00000275c25fe950 JavaThread "Reference Handler" daemon [_thread_blocked, id=19796, stack(0x000000cd17500000,0x000000cd17600000)]
  0x00000275c2712ff0 JavaThread "Finalizer" daemon [_thread_blocked, id=7572, stack(0x000000cd17600000,0x000000cd17700000)]
  0x00000275c2732ad0 JavaThread "Signal Dispatcher" daemon [_thread_blocked, id=33936, stack(0x000000cd17700000,0x000000cd17800000)]
  0x00000275c2733490 JavaThread "Attach Listener" daemon [_thread_blocked, id=35816, stack(0x000000cd17800000,0x000000cd17900000)]
  0x00000275c27369d0 JavaThread "Service Thread" daemon [_thread_blocked, id=5600, stack(0x000000cd17900000,0x000000cd17a00000)]
  0x00000275c2737f00 JavaThread "Monitor Deflation Thread" daemon [_thread_blocked, id=13568, stack(0x000000cd17a00000,0x000000cd17b00000)]
  0x00000275c27394e0 JavaThread "C1 CompilerThread0" daemon [_thread_blocked, id=27616, stack(0x000000cd17b00000,0x000000cd17c00000)]
  0x00000275c273aa50 JavaThread "Sweeper thread" daemon [_thread_blocked, id=27168, stack(0x000000cd17c00000,0x000000cd17d00000)]
  0x00000275c2885bd0 JavaThread "Notification Thread" daemon [_thread_blocked, id=35192, stack(0x000000cd18000000,0x000000cd18100000)]
  0x00000275c2892400 JavaThread "Common-Cleaner" daemon [_thread_blocked, id=36260, stack(0x000000cd18200000,0x000000cd18300000)]
  0x0000027608ed4f00 JavaThread "Catalina-utility-1" [_thread_blocked, id=25472, stack(0x000000cd19300000,0x000000cd19400000)]
  0x0000027609020710 JavaThread "Catalina-utility-2" [_thread_blocked, id=2744, stack(0x000000cd19400000,0x000000cd19500000)]
  0x0000027609011550 JavaThread "container-0" [_thread_blocked, id=18164, stack(0x000000cd19500000,0x000000cd19600000)]
  0x000002760917b030 JavaThread "HikariPool-1 housekeeper" daemon [_thread_blocked, id=31000, stack(0x000000cd19600000,0x000000cd19700000)]
  0x0000027609b7da90 JavaThread "java-sdk-http-connection-reaper" daemon [_thread_blocked, id=28544, stack(0x000000cd19800000,0x000000cd19900000)]
  0x0000027609b7e4b0 JavaThread "http-nio-8080-exec-1" daemon [_thread_blocked, id=26372, stack(0x000000cd19a00000,0x000000cd19b00000)]
  0x0000027609b7d580 JavaThread "http-nio-8080-exec-2" daemon [_thread_blocked, id=28352, stack(0x000000cd19b00000,0x000000cd19c00000)]
  0x0000027609b7d070 JavaThread "http-nio-8080-exec-3" daemon [_thread_blocked, id=1532, stack(0x000000cd19c00000,0x000000cd19d00000)]
  0x0000027609faa4c0 JavaThread "http-nio-8080-exec-4" daemon [_thread_blocked, id=23520, stack(0x000000cd19d00000,0x000000cd19e00000)]
  0x0000027609fa9aa0 JavaThread "http-nio-8080-exec-5" daemon [_thread_blocked, id=3824, stack(0x000000cd19e00000,0x000000cd19f00000)]
  0x0000027609fab3f0 JavaThread "http-nio-8080-exec-6" daemon [_thread_blocked, id=35260, stack(0x000000cd19f00000,0x000000cd1a000000)]
=>0x0000027609fac320 JavaThread "http-nio-8080-exec-7" daemon [_thread_in_native, id=26556, stack(0x000000cd1a000000,0x000000cd1a100000)]
  0x0000027609fab900 JavaThread "http-nio-8080-exec-8" daemon [_thread_blocked, id=28704, stack(0x000000cd1a100000,0x000000cd1a200000)]
  0x0000027609fac830 JavaThread "http-nio-8080-exec-9" daemon [_thread_blocked, id=14752, stack(0x000000cd1a200000,0x000000cd1a300000)]
  0x0000027609fabe10 JavaThread "http-nio-8080-exec-10" daemon [_thread_blocked, id=15988, stack(0x000000cd1a300000,0x000000cd1a400000)]
  0x0000027609faa9d0 JavaThread "http-nio-8080-Poller" daemon [_thread_in_native, id=4948, stack(0x000000cd1a400000,0x000000cd1a500000)]
  0x0000027609fa9fb0 JavaThread "http-nio-8080-Acceptor" daemon [_thread_in_native, id=21532, stack(0x000000cd1a500000,0x000000cd1a600000)]
  0x0000027609faaee0 JavaThread "DestroyJavaVM" [_thread_blocked, id=28096, stack(0x000000cd16e00000,0x000000cd16f00000)]
  0x00000275aacbb240 JavaThread "C1 CompilerThread1" daemon [_thread_blocked, id=18760, stack(0x000000cd17e00000,0x000000cd17f00000)]
  0x00000275aacbc230 JavaThread "C1 CompilerThread2" daemon [_thread_blocked, id=9668, stack(0x000000cd17f00000,0x000000cd18000000)]
  0x00000275aacbc780 JavaThread "C1 CompilerThread3" daemon [_thread_blocked, id=30724, stack(0x000000cd18a00000,0x000000cd18b00000)]

Other Threads:
  0x00000275c25fb440 VMThread "VM Thread" [stack: 0x000000cd17400000,0x000000cd17500000] [id=28508]
  0x00000275c28196a0 WatcherThread [stack: 0x000000cd18100000,0x000000cd18200000] [id=36648]
  0x00000275aad1e9e0 GCTaskThread "GC Thread#0" [stack: 0x000000cd16f00000,0x000000cd17000000] [id=18796]
  0x00000276084ce6d0 GCTaskThread "GC Thread#1" [stack: 0x000000cd18300000,0x000000cd18400000] [id=31260]
  0x00000276084ce990 GCTaskThread "GC Thread#2" [stack: 0x000000cd18400000,0x000000cd18500000] [id=24928]
  0x00000276084cec50 GCTaskThread "GC Thread#3" [stack: 0x000000cd18500000,0x000000cd18600000] [id=33540]
  0x00000276084cef10 GCTaskThread "GC Thread#4" [stack: 0x000000cd18600000,0x000000cd18700000] [id=35492]
  0x00000276086f7df0 GCTaskThread "GC Thread#5" [stack: 0x000000cd18800000,0x000000cd18900000] [id=19100]
  0x0000027608775aa0 GCTaskThread "GC Thread#6" [stack: 0x000000cd18900000,0x000000cd18a00000] [id=18460]
  0x0000027608c033b0 GCTaskThread "GC Thread#7" [stack: 0x000000cd18700000,0x000000cd18800000] [id=35272]
  0x0000027608c03670 GCTaskThread "GC Thread#8" [stack: 0x000000cd18c00000,0x000000cd18d00000] [id=26428]
  0x0000027608c03d40 GCTaskThread "GC Thread#9" [stack: 0x000000cd18d00000,0x000000cd18e00000] [id=12412]
  0x0000027608c04810 GCTaskThread "GC Thread#10" [stack: 0x000000cd18e00000,0x000000cd18f00000] [id=33372]
  0x0000027608c06ae0 GCTaskThread "GC Thread#11" [stack: 0x000000cd18f00000,0x000000cd19000000] [id=35584]
  0x0000027608c06da0 GCTaskThread "GC Thread#12" [stack: 0x000000cd19000000,0x000000cd19100000] [id=27840]
  0x00000275aad30000 ConcurrentGCThread "G1 Main Marker" [stack: 0x000000cd17000000,0x000000cd17100000] [id=4624]
  0x00000275aad34600 ConcurrentGCThread "G1 Conc#0" [stack: 0x000000cd17100000,0x000000cd17200000] [id=31720]
  0x0000027608e7cb20 ConcurrentGCThread "G1 Conc#1" [stack: 0x000000cd19100000,0x000000cd19200000] [id=34076]
  0x0000027608e7cde0 ConcurrentGCThread "G1 Conc#2" [stack: 0x000000cd19200000,0x000000cd19300000] [id=2468]
  0x00000275c24b7a80 ConcurrentGCThread "G1 Refine#0" [stack: 0x000000cd17200000,0x000000cd17300000] [id=28460]
  0x0000027609aec860 ConcurrentGCThread "G1 Refine#1" [stack: 0x000000cd19900000,0x000000cd19a00000] [id=35552]
  0x00000275c24b83b0 ConcurrentGCThread "G1 Service" [stack: 0x000000cd17300000,0x000000cd17400000] [id=7252]

Threads with active compile tasks:

VM state: not at safepoint (normal execution)

VM Mutex/Monitor currently owned by a thread: None

Heap address: 0x0000000709400000, size: 3948 MB, Compressed Oops mode: Zero based, Oop shift amount: 3

CDS archive(s) mapped at: [0x00000275c3000000-0x00000275c3bd0000-0x00000275c3bd0000), size 12386304, SharedBaseAddress: 0x00000275c3000000, ArchiveRelocationMode: 1.
Compressed class space mapped at: 0x00000275c4000000-0x0000027604000000, reserved size: 1073741824
Narrow klass base: 0x00000275c3000000, Narrow klass shift: 0, Narrow klass range: 0x100000000

GC Precious Log:
 CPUs: 16 total, 16 available
 Memory: 15789M
 Large Page Support: Disabled
 NUMA Support: Disabled
 Compressed Oops: Enabled (Zero based)
 Heap Region Size: 2M
 Heap Min Capacity: 8M
 Heap Initial Capacity: 248M
 Heap Max Capacity: 3948M
 Pre-touch: Disabled
 Parallel Workers: 13
 Concurrent Workers: 3
 Concurrent Refinement Workers: 13
 Periodic GC: Disabled

Heap:
 garbage-first heap   total 61440K, used 33279K [0x0000000709400000, 0x0000000800000000)
  region size 2048K, 3 young (6144K), 2 survivors (4096K)
 Metaspace       used 65196K, committed 65728K, reserved 1114112K
  class space    used 8976K, committed 9216K, reserved 1048576K

Heap Regions: E=young(eden), S=young(survivor), O=old, HS=humongous(starts), HC=humongous(continues), CS=collection set, F=free, OA=open archive, CA=closed archive, TAMS=top-at-mark-start (previous, next)
|   0|0x0000000709400000, 0x0000000709600000, 0x0000000709600000|100%| O|  |TAMS 0x0000000709600000, 0x0000000709400000| Untracked 
|   1|0x0000000709600000, 0x0000000709800000, 0x0000000709800000|100%| O|  |TAMS 0x0000000709800000, 0x0000000709600000| Untracked 
|   2|0x0000000709800000, 0x0000000709a00000, 0x0000000709a00000|100%| O|  |TAMS 0x0000000709a00000, 0x0000000709800000| Untracked 
|   3|0x0000000709a00000, 0x0000000709bc2000, 0x0000000709c00000| 87%| O|  |TAMS 0x0000000709bc2000, 0x0000000709a00000| Untracked 
|   4|0x0000000709c00000, 0x0000000709e00000, 0x0000000709e00000|100%| O|  |TAMS 0x0000000709e00000, 0x0000000709c00000| Untracked 
|   5|0x0000000709e00000, 0x000000070a000000, 0x000000070a000000|100%| O|  |TAMS 0x000000070a000000, 0x0000000709e00000| Untracked 
|   6|0x000000070a000000, 0x000000070a200000, 0x000000070a200000|100%| O|  |TAMS 0x000000070a200000, 0x000000070a000000| Untracked 
|   7|0x000000070a200000, 0x000000070a400000, 0x000000070a400000|100%| O|  |TAMS 0x000000070a400000, 0x000000070a200000| Untracked 
|   8|0x000000070a400000, 0x000000070a600000, 0x000000070a600000|100%| O|  |TAMS 0x000000070a600000, 0x000000070a400000| Untracked 
|   9|0x000000070a600000, 0x000000070a800000, 0x000000070a800000|100%| O|  |TAMS 0x000000070a800000, 0x000000070a600000| Untracked 
|  10|0x000000070a800000, 0x000000070aa00000, 0x000000070aa00000|100%| O|  |TAMS 0x000000070aa00000, 0x000000070a800000| Untracked 
|  11|0x000000070aa00000, 0x000000070ac00000, 0x000000070ac00000|100%| O|  |TAMS 0x000000070ac00000, 0x000000070aa00000| Untracked 
|  12|0x000000070ac00000, 0x000000070ae00000, 0x000000070ae00000|100%| O|  |TAMS 0x000000070ae00000, 0x000000070ac00000| Untracked 
|  13|0x000000070ae00000, 0x000000070b000000, 0x000000070b000000|100%| O|  |TAMS 0x000000070b000000, 0x000000070ae00000| Untracked 
|  14|0x000000070b000000, 0x000000070b200000, 0x000000070b200000|100%| O|  |TAMS 0x000000070b0dd800, 0x000000070b000000| Untracked 
|  15|0x000000070b200000, 0x000000070b25da00, 0x000000070b400000| 18%| O|  |TAMS 0x000000070b200000, 0x000000070b200000| Untracked 
|  16|0x000000070b400000, 0x000000070b400000, 0x000000070b600000|  0%| F|  |TAMS 0x000000070b400000, 0x000000070b400000| Untracked 
|  17|0x000000070b600000, 0x000000070b600000, 0x000000070b800000|  0%| F|  |TAMS 0x000000070b600000, 0x000000070b600000| Untracked 
|  18|0x000000070b800000, 0x000000070b800000, 0x000000070ba00000|  0%| F|  |TAMS 0x000000070b800000, 0x000000070b800000| Untracked 
|  19|0x000000070ba00000, 0x000000070ba60570, 0x000000070bc00000| 18%| S|CS|TAMS 0x000000070ba00000, 0x000000070ba00000| Complete 
|  20|0x000000070bc00000, 0x000000070be00000, 0x000000070be00000|100%| S|CS|TAMS 0x000000070bc00000, 0x000000070bc00000| Complete 
|  21|0x000000070be00000, 0x000000070be00000, 0x000000070c000000|  0%| F|  |TAMS 0x000000070be00000, 0x000000070be00000| Untracked 
|  22|0x000000070c000000, 0x000000070c000000, 0x000000070c200000|  0%| F|  |TAMS 0x000000070c000000, 0x000000070c000000| Untracked 
|  23|0x000000070c200000, 0x000000070c200000, 0x000000070c400000|  0%| F|  |TAMS 0x000000070c200000, 0x000000070c200000| Untracked 
|  24|0x000000070c400000, 0x000000070c400000, 0x000000070c600000|  0%| F|  |TAMS 0x000000070c400000, 0x000000070c400000| Untracked 
| 103|0x0000000716200000, 0x0000000716200000, 0x0000000716400000|  0%| F|  |TAMS 0x0000000716200000, 0x0000000716200000| Untracked 
| 104|0x0000000716400000, 0x0000000716400000, 0x0000000716600000|  0%| F|  |TAMS 0x0000000716400000, 0x0000000716400000| Untracked 
| 105|0x0000000716600000, 0x0000000716600000, 0x0000000716800000|  0%| F|  |TAMS 0x0000000716600000, 0x0000000716600000| Untracked 
| 106|0x0000000716800000, 0x0000000716800000, 0x0000000716a00000|  0%| F|  |TAMS 0x0000000716800000, 0x0000000716800000| Untracked 
| 123|0x0000000718a00000, 0x0000000718a64f80, 0x0000000718c00000| 19%| E|  |TAMS 0x0000000718a00000, 0x0000000718a00000| Complete 

Card table byte_map: [0x00000275b6b90000,0x00000275b7350000] _byte_map_base: 0x00000275b3346000

Marking Bits (Prev, Next): (CMBitMap*) 0x00000275aad1f040, (CMBitMap*) 0x00000275aad1f000
 Prev Bits: [0x00000275bb8c0000, 0x00000275bf670000)
 Next Bits: [0x00000275b7b10000, 0x00000275bb8c0000)

Polling page: 0x00000275a9430000

Metaspace:

Usage:
  Non-class:     54.90 MB used.
      Class:      8.77 MB used.
       Both:     63.67 MB used.

Virtual space:
  Non-class space:       64.00 MB reserved,      55.19 MB ( 86%) committed,  1 nodes.
      Class space:        1.00 GB reserved,       9.00 MB ( <1%) committed,  1 nodes.
             Both:        1.06 GB reserved,      64.19 MB (  6%) committed. 

Chunk freelists:
   Non-Class:  8.20 MB
       Class:  6.95 MB
        Both:  15.16 MB

MaxMetaspaceSize: unlimited
CompressedClassSpaceSize: 1.00 GB
Initial GC threshold: 21.00 MB
Current GC threshold: 98.12 MB
CDS: on
MetaspaceReclaimPolicy: balanced
 - commit_granule_bytes: 65536.
 - commit_granule_words: 8192.
 - virtual_space_node_default_size: 8388608.
 - enlarge_chunks_in_place: 1.
 - new_chunks_are_fully_committed: 0.
 - uncommit_free_chunks: 1.
 - use_allocation_guard: 0.
 - handle_deallocations: 1.


Internal statistics:

num_allocs_failed_limit: 9.
num_arena_births: 784.
num_arena_deaths: 0.
num_vsnodes_births: 2.
num_vsnodes_deaths: 0.
num_space_committed: 1027.
num_space_uncommitted: 0.
num_chunks_returned_to_freelist: 9.
num_chunks_taken_from_freelist: 3035.
num_chunk_merges: 9.
num_chunk_splits: 2217.
num_chunks_enlarged: 1726.
num_inconsistent_stats: 0.

CodeCache: size=49152Kb used=11767Kb max_used=12044Kb free=37384Kb
 bounds [0x00000275b2600000, 0x00000275b31d0000, 0x00000275b5600000]
 total_blobs=6197 nmethods=5425 adapters=696
 compilation: enabled
              stopped_count=0, restarted_count=0
 full_count=0

Compilation events (20 events):
Event: 22.274 Thread 0x00000275aacbc230 5416       1       sun.security.provider.MD5::HH (29 bytes)
Event: 22.274 Thread 0x00000275aacbb240 5417       1       sun.security.provider.MD5::II (31 bytes)
Event: 22.275 Thread 0x00000275c27394e0 nmethod 5414 0x00000275b2ba3b10 code [0x00000275b2ba3ca0, 0x00000275b2ba3d78]
Event: 22.275 Thread 0x00000275aacbc780 nmethod 5415 0x00000275b2ba3810 code [0x00000275b2ba39a0, 0x00000275b2ba3a78]
Event: 22.275 Thread 0x00000275aacbc230 nmethod 5416 0x00000275b2ba3510 code [0x00000275b2ba36a0, 0x00000275b2ba3778]
Event: 22.275 Thread 0x00000275aacbb240 nmethod 5417 0x00000275b2ba3210 code [0x00000275b2ba33a0, 0x00000275b2ba3478]
Event: 22.275 Thread 0x00000275aacbb240 5418       1       sun.security.provider.MD5::implCompress (13 bytes)
Event: 22.275 Thread 0x00000275aacbc230 5419       1       sun.security.provider.MD5::implCompressCheck (27 bytes)
Event: 22.275 Thread 0x00000275c27394e0 5420       1       sun.security.provider.MD5::implCompress0 (1407 bytes)
Event: 22.276 Thread 0x00000275aacbc230 nmethod 5419 0x00000275b2ba2d10 code [0x00000275b2ba2ec0, 0x00000275b2ba30d8]
Event: 22.276 Thread 0x00000275aacbb240 nmethod 5418 0x00000275b2ba2790 code [0x00000275b2ba2940, 0x00000275b2ba2b88]
Event: 22.279 Thread 0x00000275c27394e0 nmethod 5420 0x00000275b2ba0690 code [0x00000275b2ba0920, 0x00000275b2ba1c98]
Event: 22.302 Thread 0x00000275aacbc230 5421 %     1       com.sun.crypto.provider.CounterMode::implCrypt @ 3 (88 bytes)
Event: 22.303 Thread 0x00000275aacbc230 nmethod 5421% 0x00000275b2b9fe90 code [0x00000275b2ba0040, 0x00000275b2ba0408]
Event: 22.303 Thread 0x00000275aacbc230 5422       1       com.sun.crypto.provider.CounterMode::implCrypt (88 bytes)
Event: 22.303 Thread 0x00000275aacbc230 nmethod 5422 0x00000275b2b9f810 code [0x00000275b2b9f9c0, 0x00000275b2b9fc88]
Event: 22.304 Thread 0x00000275aacbc780 5423       1       sun.nio.cs.DoubleByte$Encoder::encodeChar (21 bytes)
Event: 22.304 Thread 0x00000275aacbc780 nmethod 5423 0x00000275b2b9f410 code [0x00000275b2b9f5a0, 0x00000275b2b9f6d8]
Event: 22.308 Thread 0x00000275aacbc780 5424       1       jdk.internal.loader.NativeLibraries$NativeLibraryImpl::find (6 bytes)
Event: 22.308 Thread 0x00000275aacbc780 nmethod 5424 0x00000275b2b9ed10 code [0x00000275b2b9eea0, 0x00000275b2b9ef88]

GC Heap History (20 events):
Event: 2.867 GC heap before
{Heap before GC invocations=5 (full 0):
 garbage-first heap   total 61440K, used 44598K [0x0000000709400000, 0x0000000800000000)
  region size 2048K, 18 young (36864K), 4 survivors (8192K)
 Metaspace       used 25625K, committed 26048K, reserved 1114112K
  class space    used 3503K, committed 3712K, reserved 1048576K
}
Event: 2.875 GC heap after
{Heap after GC invocations=6 (full 0):
 garbage-first heap   total 61440K, used 18594K [0x0000000709400000, 0x0000000800000000)
  region size 2048K, 3 young (6144K), 3 survivors (6144K)
 Metaspace       used 25625K, committed 26048K, reserved 1114112K
  class space    used 3503K, committed 3712K, reserved 1048576K
}
Event: 3.295 GC heap before
{Heap before GC invocations=6 (full 0):
 garbage-first heap   total 61440K, used 39074K [0x0000000709400000, 0x0000000800000000)
  region size 2048K, 14 young (28672K), 3 survivors (6144K)
 Metaspace       used 30125K, committed 30528K, reserved 1114112K
  class space    used 4045K, committed 4224K, reserved 1048576K
}
Event: 3.299 GC heap after
{Heap after GC invocations=7 (full 0):
 garbage-first heap   total 61440K, used 19918K [0x0000000709400000, 0x0000000800000000)
  region size 2048K, 1 young (2048K), 1 survivors (2048K)
 Metaspace       used 30125K, committed 30528K, reserved 1114112K
  class space    used 4045K, committed 4224K, reserved 1048576K
}
Event: 3.775 GC heap before
{Heap before GC invocations=7 (full 0):
 garbage-first heap   total 61440K, used 40398K [0x0000000709400000, 0x0000000800000000)
  region size 2048K, 12 young (24576K), 1 survivors (2048K)
 Metaspace       used 35497K, committed 35968K, reserved 1114112K
  class space    used 4799K, committed 5056K, reserved 1048576K
}
Event: 3.778 GC heap after
{Heap after GC invocations=8 (full 0):
 garbage-first heap   total 61440K, used 20532K [0x0000000709400000, 0x0000000800000000)
  region size 2048K, 2 young (4096K), 2 survivors (4096K)
 Metaspace       used 35497K, committed 35968K, reserved 1114112K
  class space    used 4799K, committed 5056K, reserved 1048576K
}
Event: 4.238 GC heap before
{Heap before GC invocations=9 (full 0):
 garbage-first heap   total 61440K, used 43060K [0x0000000709400000, 0x0000000800000000)
  region size 2048K, 13 young (26624K), 2 survivors (4096K)
 Metaspace       used 39733K, committed 40192K, reserved 1114112K
  class space    used 5538K, committed 5760K, reserved 1048576K
}
Event: 4.241 GC heap after
{Heap after GC invocations=10 (full 0):
 garbage-first heap   total 61440K, used 21549K [0x0000000709400000, 0x0000000800000000)
  region size 2048K, 1 young (2048K), 1 survivors (2048K)
 Metaspace       used 39733K, committed 40192K, reserved 1114112K
  class space    used 5538K, committed 5760K, reserved 1048576K
}
Event: 4.789 GC heap before
{Heap before GC invocations=10 (full 0):
 garbage-first heap   total 61440K, used 46125K [0x0000000709400000, 0x0000000800000000)
  region size 2048K, 13 young (26624K), 1 survivors (2048K)
 Metaspace       used 45835K, committed 46336K, reserved 1114112K
  class space    used 6435K, committed 6656K, reserved 1048576K
}
Event: 4.792 GC heap after
{Heap after GC invocations=11 (full 0):
 garbage-first heap   total 61440K, used 22436K [0x0000000709400000, 0x0000000800000000)
  region size 2048K, 2 young (4096K), 2 survivors (4096K)
 Metaspace       used 45835K, committed 46336K, reserved 1114112K
  class space    used 6435K, committed 6656K, reserved 1048576K
}
Event: 5.297 GC heap before
{Heap before GC invocations=11 (full 0):
 garbage-first heap   total 61440K, used 47012K [0x0000000709400000, 0x0000000800000000)
  region size 2048K, 14 young (28672K), 2 survivors (4096K)
 Metaspace       used 51946K, committed 52416K, reserved 1114112K
  class space    used 7292K, committed 7488K, reserved 1048576K
}
Event: 5.300 GC heap after
{Heap after GC invocations=12 (full 0):
 garbage-first heap   total 61440K, used 25784K [0x0000000709400000, 0x0000000800000000)
  region size 2048K, 2 young (4096K), 2 survivors (4096K)
 Metaspace       used 51946K, committed 52416K, reserved 1114112K
  class space    used 7292K, committed 7488K, reserved 1048576K
}
Event: 6.175 GC heap before
{Heap before GC invocations=12 (full 0):
 garbage-first heap   total 61440K, used 46264K [0x0000000709400000, 0x0000000800000000)
  region size 2048K, 12 young (24576K), 2 survivors (4096K)
 Metaspace       used 55109K, committed 55616K, reserved 1114112K
  class space    used 7685K, committed 7936K, reserved 1048576K
}
Event: 6.178 GC heap after
{Heap after GC invocations=13 (full 0):
 garbage-first heap   total 61440K, used 29262K [0x0000000709400000, 0x0000000800000000)
  region size 2048K, 2 young (4096K), 2 survivors (4096K)
 Metaspace       used 55109K, committed 55616K, reserved 1114112K
  class space    used 7685K, committed 7936K, reserved 1048576K
}
Event: 14.001 GC heap before
{Heap before GC invocations=13 (full 0):
 garbage-first heap   total 61440K, used 45646K [0x0000000709400000, 0x0000000800000000)
  region size 2048K, 10 young (20480K), 2 survivors (4096K)
 Metaspace       used 57351K, committed 57920K, reserved 1114112K
  class space    used 7967K, committed 8256K, reserved 1048576K
}
Event: 14.005 GC heap after
{Heap after GC invocations=14 (full 0):
 garbage-first heap   total 61440K, used 31144K [0x0000000709400000, 0x0000000800000000)
  region size 2048K, 1 young (2048K), 1 survivors (2048K)
 Metaspace       used 57351K, committed 57920K, reserved 1114112K
  class space    used 7967K, committed 8256K, reserved 1048576K
}
Event: 14.421 GC heap before
{Heap before GC invocations=14 (full 0):
 garbage-first heap   total 61440K, used 39336K [0x0000000709400000, 0x0000000800000000)
  region size 2048K, 6 young (12288K), 1 survivors (2048K)
 Metaspace       used 59677K, committed 60160K, reserved 1114112K
  class space    used 8218K, committed 8448K, reserved 1048576K
}
Event: 14.423 GC heap after
{Heap after GC invocations=15 (full 0):
 garbage-first heap   total 61440K, used 31790K [0x0000000709400000, 0x0000000800000000)
  region size 2048K, 2 young (4096K), 2 survivors (4096K)
 Metaspace       used 59677K, committed 60160K, reserved 1114112K
  class space    used 8218K, committed 8448K, reserved 1048576K
}
Event: 22.230 GC heap before
{Heap before GC invocations=16 (full 0):
 garbage-first heap   total 61440K, used 46126K [0x0000000709400000, 0x0000000800000000)
  region size 2048K, 9 young (18432K), 2 survivors (4096K)
 Metaspace       used 65128K, committed 65664K, reserved 1114112K
  class space    used 8967K, committed 9216K, reserved 1048576K
}
Event: 22.233 GC heap after
{Heap after GC invocations=17 (full 0):
 garbage-first heap   total 61440K, used 33279K [0x0000000709400000, 0x0000000800000000)
  region size 2048K, 2 young (4096K), 2 survivors (4096K)
 Metaspace       used 65128K, committed 65664K, reserved 1114112K
  class space    used 8967K, committed 9216K, reserved 1048576K
}

Deoptimization events (6 events):
Event: 3.370 Thread 0x00000275aacb4c00 DEOPT PACKING pc=0x00000275b2ca0a09 sp=0x000000cd16efd340
Event: 3.370 Thread 0x00000275aacb4c00 DEOPT UNPACKING pc=0x00000275b2652b43 sp=0x000000cd16efc7d0 mode 3
Event: 3.370 Thread 0x000002760917b030 DEOPT PACKING pc=0x00000275b2c9bf9f sp=0x000000cd196feec0
Event: 3.370 Thread 0x000002760917b030 DEOPT UNPACKING pc=0x00000275b2652b43 sp=0x000000cd196fe318 mode 3
Event: 5.198 Thread 0x00000275aacb4c00 DEOPT PACKING pc=0x00000275b2cf3352 sp=0x000000cd16efaa50
Event: 5.198 Thread 0x00000275aacb4c00 DEOPT UNPACKING pc=0x00000275b2652b43 sp=0x000000cd16ef9f58 mode 3

Classes unloaded (0 events):
No events

Classes redefined (0 events):
No events

Internal exceptions (20 events):
Event: 5.645 Thread 0x00000275aacb4c00 Exception <a 'sun/nio/fs/WindowsException'{0x000000071693e4d8}> (0x000000071693e4d8) 
thrown [s\open\src\hotspot\share\prims\jni.cpp, line 516]
Event: 5.653 Thread 0x00000275aacb4c00 Exception <a 'sun/nio/fs/WindowsException'{0x0000000716941318}> (0x0000000716941318) 
thrown [s\open\src\hotspot\share\prims\jni.cpp, line 516]
Event: 5.658 Thread 0x00000275aacb4c00 Exception <a 'sun/nio/fs/WindowsException'{0x0000000716944138}> (0x0000000716944138) 
thrown [s\open\src\hotspot\share\prims\jni.cpp, line 516]
Event: 5.664 Thread 0x00000275aacb4c00 Exception <a 'sun/nio/fs/WindowsException'{0x0000000716946f68}> (0x0000000716946f68) 
thrown [s\open\src\hotspot\share\prims\jni.cpp, line 516]
Event: 5.717 Thread 0x00000275aacb4c00 Exception <a 'sun/nio/fs/WindowsException'{0x0000000716949da0}> (0x0000000716949da0) 
thrown [s\open\src\hotspot\share\prims\jni.cpp, line 516]
Event: 5.821 Thread 0x00000275aacb4c00 Exception <a 'sun/nio/fs/WindowsException'{0x000000071694cbd0}> (0x000000071694cbd0) 
thrown [s\open\src\hotspot\share\prims\jni.cpp, line 516]
Event: 6.136 Thread 0x00000275aacb4c00 Exception <a 'sun/nio/fs/WindowsException'{0x000000070bc091b0}> (0x000000070bc091b0) 
thrown [s\open\src\hotspot\share\prims\jni.cpp, line 516]
Event: 6.191 Thread 0x00000275aacb4c00 Exception <a 'java/lang/IncompatibleClassChangeError'{0x0000000718adb328}: Found class java.lang.Object, but interface was expected> (0x0000000718adb328) 
thrown [s\open\src\hotspot\share\interpreter\linkResolver.cpp, line 826]
Event: 6.233 Thread 0x00000275aacb4c00 Exception <a 'java/lang/NoSuchMethodError'{0x00000007168d9548}: 'void java.lang.invoke.DirectMethodHandle$Holder.invokeVirtual(java.lang.Object, java.lang.Object, long)'> (0x00000007168d9548) 
thrown [s\open\src\hotspot\share\interpreter\linkResolver.cpp, line 759]
Event: 6.319 Thread 0x00000275aacb4c00 Exception <a 'java/lang/IncompatibleClassChangeError'{0x0000000716532d40}: Found class java.lang.Object, but interface was expected> (0x0000000716532d40) 
thrown [s\open\src\hotspot\share\interpreter\linkResolver.cpp, line 826]
Event: 6.377 Thread 0x00000275aacb4c00 Exception <a 'java/lang/NoSuchMethodError'{0x000000070c58f078}: 'java.lang.Object java.lang.invoke.DirectMethodHandle$Holder.invokeSpecial(java.lang.Object, java.lang.Object, java.lang.Object, java.lang.Object, java.lang.Object, java.lang.Object, java.lang.Object, java.lang.Object, java.lang.Object, java.lang.Object, java.lang.Object)'> (0x000000070c58f078) 
thrown [s\open\src\hotspot\share\interpreter\linkResolver.cpp, line 759]
Event: 6.377 Thread 0x00000275aacb4c00 Exception <a 'java/lang/NoSuchMethodError'{0x000000070c593860}: 'java.lang.Object java.lang.invoke.Invokers$Holder.invoke_MT(java.lang.Object, java.lang.Object, java.lang.Object, java.lang.Object, java.lang.Object, java.lang.Object, java.lang.Object, java.lang.Object, java.lang.Object, java.lang.Object, java.lang.Object)'> (0x000000070c593860) 
thrown [s\open\src\hotspot\share\interpreter\linkResolver.cpp, line 759]
Event: 6.421 Thread 0x00000275aacb4c00 Exception <a 'java/lang/NoSuchMethodError'{0x000000070c02fdf0}: 'java.lang.Object java.lang.invoke.DirectMethodHandle$Holder.newInvokeSpecial(java.lang.Object, java.lang.Object, int, java.lang.Object, java.lang.Object)'> (0x000000070c02fdf0) 
thrown [s\open\src\hotspot\share\interpreter\linkResolver.cpp, line 759]
Event: 14.059 Thread 0x0000027609b7e4b0 Exception <a 'java/lang/NoSuchMethodError'{0x0000000718bdb600}: 'java.lang.Object java.lang.invoke.DirectMethodHandle$Holder.invokeSpecial(java.lang.Object, java.lang.Object, java.lang.Object, java.lang.Object, java.lang.Object, long)'> (0x0000000718bdb600) 
thrown [s\open\src\hotspot\share\interpreter\linkResolver.cpp, line 759]
Event: 14.059 Thread 0x0000027609b7e4b0 Exception <a 'java/lang/NoSuchMethodError'{0x0000000718bdf040}: 'java.lang.Object java.lang.invoke.Invokers$Holder.linkToTargetMethod(java.lang.Object, java.lang.Object, java.lang.Object, long, java.lang.Object)'> (0x0000000718bdf040) 
thrown [s\open\src\hotspot\share\interpreter\linkResolver.cpp, line 759]
Event: 14.189 Thread 0x0000027609b7e4b0 Exception <a 'java/lang/NoSuchMethodError'{0x00000007165ba858}: 'java.lang.Object java.lang.invoke.DirectMethodHandle$Holder.invokeStatic(java.lang.Object, int, int)'> (0x00000007165ba858) 
thrown [s\open\src\hotspot\share\interpreter\linkResolver.cpp, line 759]
Event: 22.201 Thread 0x0000027609fac320 Exception <a 'sun/nio/fs/WindowsException'{0x000000070bf87740}> (0x000000070bf87740) 
thrown [s\open\src\hotspot\share\prims\jni.cpp, line 516]
Event: 22.307 Thread 0x0000027609fac320 Exception <a 'sun/nio/fs/WindowsException'{0x0000000718a5ced0}> (0x0000000718a5ced0) 
thrown [s\open\src\hotspot\share\prims\jni.cpp, line 516]
Event: 22.307 Thread 0x0000027609fac320 Exception <a 'sun/nio/fs/WindowsException'{0x0000000718a5e308}> (0x0000000718a5e308) 
thrown [s\open\src\hotspot\share\prims\jni.cpp, line 516]
Event: 22.308 Thread 0x0000027609fac320 Exception <a 'sun/nio/fs/WindowsException'{0x0000000718a5e608}> (0x0000000718a5e608) 
thrown [s\open\src\hotspot\share\prims\jni.cpp, line 516]

VM Operations (20 events):
Event: 15.466 Executing VM operation: Cleanup
Event: 15.466 Executing VM operation: Cleanup done
Event: 16.602 Executing VM operation: HandshakeAllThreads
Event: 16.602 Executing VM operation: HandshakeAllThreads done
Event: 16.602 Executing VM operation: Cleanup
Event: 16.602 Executing VM operation: Cleanup done
Event: 16.602 Executing VM operation: HandshakeAllThreads
Event: 16.602 Executing VM operation: HandshakeAllThreads done
Event: 16.651 Executing VM operation: HandshakeAllThreads
Event: 16.651 Executing VM operation: HandshakeAllThreads done
Event: 17.652 Executing VM operation: Cleanup
Event: 17.652 Executing VM operation: Cleanup done
Event: 18.667 Executing VM operation: Cleanup
Event: 18.667 Executing VM operation: Cleanup done
Event: 22.167 Executing VM operation: HandshakeAllThreads
Event: 22.167 Executing VM operation: HandshakeAllThreads done
Event: 22.167 Executing VM operation: Cleanup
Event: 22.168 Executing VM operation: Cleanup done
Event: 22.230 Executing VM operation: G1CollectForAllocation
Event: 22.233 Executing VM operation: G1CollectForAllocation done

Events (20 events):
Event: 22.161 Thread 0x00000275aacbc230 Thread added: 0x00000275aacbc230
Event: 22.161 Thread 0x00000275aacbc780 Thread added: 0x00000275aacbc780
Event: 22.172 loading class java/util/BitSet$1BitSetSpliterator
Event: 22.172 loading class java/util/BitSet$1BitSetSpliterator done
Event: 22.172 loading class java/util/stream/IntPipeline$1
Event: 22.172 loading class java/util/stream/IntPipeline$1 done
Event: 22.172 loading class java/util/stream/IntPipeline$1$1
Event: 22.172 loading class java/util/stream/IntPipeline$1$1 done
Event: 22.201 loading class java/nio/file/FileAlreadyExistsException
Event: 22.201 loading class java/nio/file/FileAlreadyExistsException done
Event: 22.233 loading class sun/security/ssl/Alert
Event: 22.233 loading class sun/security/ssl/Alert done
Event: 22.233 loading class sun/security/ssl/Alert$AlertConsumer
Event: 22.233 loading class sun/security/ssl/Alert$AlertConsumer done
Event: 22.233 loading class sun/security/ssl/Alert$Level
Event: 22.234 loading class sun/security/ssl/Alert$Level done
Event: 22.271 loading class sun/security/provider/MD5
Event: 22.271 loading class sun/security/provider/MD5 done
Event: 22.274 loading class sun/security/provider/ByteArrayAccess$LE
Event: 22.274 loading class sun/security/provider/ByteArrayAccess$LE done


Dynamic libraries:
0x00007ff7223f0000 - 0x00007ff722400000 	C:\Program Files\Java\jdk-17\bin\java.exe
0x00007ff9c0460000 - 0x00007ff9c06c0000 	C:\WINDOWS\SYSTEM32\ntdll.dll
0x00007ff9bea10000 - 0x00007ff9bead7000 	C:\WINDOWS\System32\KERNEL32.DLL
0x00007ff9bdab0000 - 0x00007ff9bde7a000 	C:\WINDOWS\System32\KERNELBASE.dll
0x00007ff9bd670000 - 0x00007ff9bd7bb000 	C:\WINDOWS\System32\ucrtbase.dll
0x00007ff97e800000 - 0x00007ff97e81b000 	C:\Program Files\Java\jdk-17\bin\VCRUNTIME140.dll
0x00007ff97e820000 - 0x00007ff97e839000 	C:\Program Files\Java\jdk-17\bin\jli.dll
0x00007ff9be3c0000 - 0x00007ff9be472000 	C:\WINDOWS\System32\ADVAPI32.dll
0x00007ff9be310000 - 0x00007ff9be3b9000 	C:\WINDOWS\System32\msvcrt.dll
0x00007ff9be260000 - 0x00007ff9be306000 	C:\WINDOWS\System32\sechost.dll
0x00007ff9bee30000 - 0x00007ff9bef46000 	C:\WINDOWS\System32\RPCRT4.dll
0x00007ff9be840000 - 0x00007ff9bea0c000 	C:\WINDOWS\System32\USER32.dll
0x00007ff9bd640000 - 0x00007ff9bd667000 	C:\WINDOWS\System32\win32u.dll
0x00007ff9bed20000 - 0x00007ff9bed4a000 	C:\WINDOWS\System32\GDI32.dll
0x00007ff9be120000 - 0x00007ff9be251000 	C:\WINDOWS\System32\gdi32full.dll
0x00007ff9ac050000 - 0x00007ff9ac2e7000 	C:\WINDOWS\WinSxS\amd64_microsoft.windows.common-controls_6595b64144ccf1df_6.0.26100.3624_none_3e086962e3345f24\COMCTL32.dll
0x00007ff9bd7c0000 - 0x00007ff9bd863000 	C:\WINDOWS\System32\msvcp_win.dll
0x00007ff9b4cc0000 - 0x00007ff9b4ccb000 	C:\WINDOWS\SYSTEM32\VERSION.dll
0x00007ff9bfbf0000 - 0x00007ff9bfc1f000 	C:\WINDOWS\System32\IMM32.DLL
0x00007ff99a5b0000 - 0x00007ff99a5bc000 	C:\Program Files\Java\jdk-17\bin\vcruntime140_1.dll
0x00007ff946b50000 - 0x00007ff946bde000 	C:\Program Files\Java\jdk-17\bin\msvcp140.dll
0x00007ff910d80000 - 0x00007ff91195f000 	C:\Program Files\Java\jdk-17\bin\server\jvm.dll
0x00007ff9bed10000 - 0x00007ff9bed18000 	C:\WINDOWS\System32\PSAPI.DLL
0x00007ff9bac30000 - 0x00007ff9bac66000 	C:\WINDOWS\SYSTEM32\WINMM.dll
0x00007ff9a6220000 - 0x00007ff9a622a000 	C:\WINDOWS\SYSTEM32\WSOCK32.dll
0x00007ff9beae0000 - 0x00007ff9beb54000 	C:\WINDOWS\System32\WS2_32.dll
0x00007ff9bc570000 - 0x00007ff9bc58a000 	C:\WINDOWS\SYSTEM32\kernel.appcore.dll
0x00007ff97e7f0000 - 0x00007ff97e7fa000 	C:\Program Files\Java\jdk-17\bin\jimage.dll
0x00007ff9ba9e0000 - 0x00007ff9bac21000 	C:\WINDOWS\SYSTEM32\DBGHELP.DLL
0x00007ff9be480000 - 0x00007ff9be802000 	C:\WINDOWS\System32\combase.dll
0x00007ff9bf1f0000 - 0x00007ff9bf2c6000 	C:\WINDOWS\System32\OLEAUT32.dll
0x00007ff9ba9a0000 - 0x00007ff9ba9d9000 	C:\WINDOWS\SYSTEM32\dbgcore.DLL
0x00007ff9bde80000 - 0x00007ff9bdf19000 	C:\WINDOWS\System32\bcryptPrimitives.dll
0x00007ff973170000 - 0x00007ff973195000 	C:\Program Files\Java\jdk-17\bin\java.dll
0x00007ff92b6c0000 - 0x00007ff92b797000 	C:\Program Files\Java\jdk-17\bin\jsvml.dll
0x00007ff9bf440000 - 0x00007ff9bfb69000 	C:\WINDOWS\System32\SHELL32.dll
0x00007ff9bdf20000 - 0x00007ff9be088000 	C:\WINDOWS\System32\wintypes.dll
0x00007ff9bb2f0000 - 0x00007ff9bbb42000 	C:\WINDOWS\SYSTEM32\windows.storage.dll
0x00007ff9bec20000 - 0x00007ff9bed0d000 	C:\WINDOWS\System32\SHCORE.dll
0x00007ff9bf180000 - 0x00007ff9bf1e4000 	C:\WINDOWS\System32\shlwapi.dll
0x00007ff9bd550000 - 0x00007ff9bd57f000 	C:\WINDOWS\SYSTEM32\profapi.dll
0x00007ff973150000 - 0x00007ff973169000 	C:\Program Files\Java\jdk-17\bin\net.dll
0x00007ff9b5d80000 - 0x00007ff9b5e9d000 	C:\WINDOWS\SYSTEM32\WINHTTP.dll
0x00007ff9bca90000 - 0x00007ff9bcafa000 	C:\WINDOWS\system32\mswsock.dll
0x00007ff970440000 - 0x00007ff970456000 	C:\Program Files\Java\jdk-17\bin\nio.dll
0x00007ff950070000 - 0x00007ff950088000 	C:\Program Files\Java\jdk-17\bin\zip.dll
0x00007ff970af0000 - 0x00007ff970afe000 	C:\Program Files\Java\jdk-17\bin\sunmscapi.dll
0x00007ff9bd930000 - 0x00007ff9bdaa7000 	C:\WINDOWS\System32\CRYPT32.dll
0x00007ff9bcf30000 - 0x00007ff9bcf60000 	C:\WINDOWS\SYSTEM32\ncrypt.dll
0x00007ff9bcee0000 - 0x00007ff9bcf1f000 	C:\WINDOWS\SYSTEM32\NTASN1.dll
0x00007ff9bcd30000 - 0x00007ff9bcd4c000 	C:\WINDOWS\SYSTEM32\CRYPTSP.dll
0x00007ff9bc4d0000 - 0x00007ff9bc50a000 	C:\WINDOWS\system32\rsaenh.dll
0x00007ff9bcb30000 - 0x00007ff9bcb5b000 	C:\WINDOWS\SYSTEM32\USERENV.dll
0x00007ff9bd520000 - 0x00007ff9bd546000 	C:\WINDOWS\SYSTEM32\bcrypt.dll
0x00007ff9bcd50000 - 0x00007ff9bcd5c000 	C:\WINDOWS\SYSTEM32\CRYPTBASE.dll
0x00007ff9bbec0000 - 0x00007ff9bbef3000 	C:\WINDOWS\SYSTEM32\IPHLPAPI.DLL
0x00007ff9bf430000 - 0x00007ff9bf43a000 	C:\WINDOWS\System32\NSI.dll
0x00007ff9b5d10000 - 0x00007ff9b5d2f000 	C:\WINDOWS\SYSTEM32\dhcpcsvc6.DLL
0x00007ff9b5c20000 - 0x00007ff9b5c45000 	C:\WINDOWS\SYSTEM32\dhcpcsvc.DLL
0x00007ff9bbfb0000 - 0x00007ff9bc0d5000 	C:\WINDOWS\SYSTEM32\DNSAPI.dll
0x00007ff974720000 - 0x00007ff97472a000 	C:\Program Files\Java\jdk-17\bin\management.dll
0x00007ff974590000 - 0x00007ff97459b000 	C:\Program Files\Java\jdk-17\bin\management_ext.dll
0x00007ff974d90000 - 0x00007ff974da0000 	C:\Program Files\Java\jdk-17\bin\verify.dll
0x00007ff949810000 - 0x00007ff949829000 	C:\Users\idjjh\AppData\Local\Temp\gdal_native\zlib.dll
0x00007ff924f30000 - 0x00007ff924fe2000 	C:\Users\idjjh\AppData\Local\Temp\gdal_native\zstd.dll
0x00007ff91c510000 - 0x00007ff91c60f000 	C:\Users\idjjh\AppData\Local\Temp\gdal_native\iconv-2.dll
0x00007ff948230000 - 0x00007ff94825b000 	C:\Users\idjjh\AppData\Local\Temp\gdal_native\libexpat.dll
0x00007ff91c3a0000 - 0x00007ff91c503000 	C:\Users\idjjh\AppData\Local\Temp\gdal_native\libxml2.dll
0x00007ff91c0f0000 - 0x00007ff91c39c000 	C:\Users\idjjh\AppData\Local\Temp\gdal_native\xerces-c_3_2.dll
0x00007ff946b30000 - 0x00007ff946b50000 	C:\Users\idjjh\AppData\Local\Temp\gdal_native\pcre.dll
0x00007ff9137c0000 - 0x00007ff913ca4000 	C:\Users\idjjh\AppData\Local\Temp\gdal_native\libcrypto-3-x64.dll
0x00007ff91bde0000 - 0x00007ff91bf1a000 	C:\Users\idjjh\AppData\Local\Temp\gdal_native\libssl-3-x64.dll
0x00007ff92b620000 - 0x00007ff92b6b4000 	C:\Users\idjjh\AppData\Local\Temp\gdal_native\libcurl.dll
0x00007ff9bed50000 - 0x00007ff9bedc4000 	C:\WINDOWS\System32\WLDAP32.dll
0x00007ff910ac0000 - 0x00007ff910d80000 	C:\Users\idjjh\AppData\Local\Temp\gdal_native\sqlite3.dll
0x00007ff910410000 - 0x00007ff910ab1000 	C:\Users\idjjh\AppData\Local\Temp\gdal_native\libmysql.dll
0x00007ff9ba180000 - 0x00007ff9ba18d000 	C:\WINDOWS\SYSTEM32\Secur32.dll
0x00007ff9bc810000 - 0x00007ff9bc858000 	C:\WINDOWS\SYSTEM32\SSPICLI.DLL
0x0000000180000000 - 0x000000018004e000 	C:\Users\idjjh\AppData\Local\Temp\gdal_native\libpq.dll
0x00007ff919060000 - 0x00007ff919238000 	C:\Users\idjjh\AppData\Local\Temp\gdal_native\geos.dll
0x00007ff9454b0000 - 0x00007ff94550c000 	C:\Users\idjjh\AppData\Local\Temp\gdal_native\geos_c.dll
0x00007ff956140000 - 0x00007ff95628c000 	C:\Users\idjjh\AppData\Local\Temp\gdal_native\tiff.dll
0x00007ff94cbc0000 - 0x00007ff94cf00000 	C:\Users\idjjh\AppData\Local\Temp\gdal_native\proj_9.dll
0x00007ff9bef50000 - 0x00007ff9bf0e6000 	C:\WINDOWS\System32\ole32.dll
0x00007ff9a37a0000 - 0x00007ff9a37f1000 	C:\Users\idjjh\AppData\Local\Temp\gdal_native\openjp2.dll
0x00007ff9a3760000 - 0x00007ff9a3795000 	C:\Users\idjjh\AppData\Local\Temp\gdal_native\libpng16.dll
0x00007ff9abc90000 - 0x00007ff9abcba000 	C:\Users\idjjh\AppData\Local\Temp\gdal_native\freexl.dll
0x00007ff9a3720000 - 0x00007ff9a3743000 	C:\Users\idjjh\AppData\Local\Temp\gdal_native\ogdi.dll
0x00007ff90f710000 - 0x00007ff910405000 	C:\Users\idjjh\AppData\Local\Temp\gdal_native\spatialite.dll
0x00007ff90d630000 - 0x00007ff90ea7a000 	C:\Users\idjjh\AppData\Local\Temp\gdal_native\gdal.dll
0x00007ff9b1520000 - 0x00007ff9b15e4000 	C:\WINDOWS\SYSTEM32\ODBC32.dll
0x00007ff9bd330000 - 0x00007ff9bd33a000 	C:\WINDOWS\SYSTEM32\DPAPI.DLL
0x00007ff94cb10000 - 0x00007ff94cbb8000 	C:\Users\idjjh\AppData\Local\Temp\gdal_native\gdalalljni.dll
0x00007ff994aa0000 - 0x00007ff994aa8000 	C:\WINDOWS\system32\wshunix.dll
0x00007ff9a9570000 - 0x00007ff9a957b000 	C:\Windows\System32\rasadhlp.dll
0x00007ff9b4e90000 - 0x00007ff9b4f15000 	C:\WINDOWS\System32\fwpuclnt.dll

dbghelp: loaded successfully - version: 4.0.5 - missing functions: none
symbol engine: initialized successfully - sym options: 0x614 - pdb path: .;C:\Program Files\Java\jdk-17\bin;C:\WINDOWS\SYSTEM32;C:\WINDOWS\WinSxS\amd64_microsoft.windows.common-controls_6595b64144ccf1df_6.0.26100.3624_none_3e086962e3345f24;C:\Program Files\Java\jdk-17\bin\server;C:\Users\idjjh\AppData\Local\Temp\gdal_native

VM Arguments:
jvm_args: -Djava.library.path=C:\JANG\sia_task\sia-task-dev\task/src/main/resource/nativelib/window -XX:TieredStopAtLevel=1 -Dfile.encoding=x-windows-949 -Duser.country=KR -Duser.language=ko -Duser.variant 
java_command: com.sia.task.TaskApplication
java_class_path (initial): C:\JANG\sia_task\sia-task-dev\task\build\classes\java\main;C:\JANG\sia_task\sia-task-dev\task\build\resources\main;C:\Users\idjjh\.gradle\caches\modules-2\files-2.1\org.springframework.cloud\spring-cloud-starter-aws\2.2.6.RELEASE\9d7c330b3f4aa477df2db27dd875a0e63a49456\spring-cloud-starter-aws-2.2.6.RELEASE.jar;C:\Users\idjjh\.gradle\caches\modules-2\files-2.1\io.github.cdimascio\java-dotenv\5.2.2\f77d54ff193ed4b07415ab8d7b3d0550716aa8c\java-dotenv-5.2.2.jar;C:\Users\idjjh\.gradle\caches\modules-2\files-2.1\commons-fileupload\commons-fileupload\1.5\ad4ad2ab2961b4e1891472bd1a33fabefb0385f3\commons-fileupload-1.5.jar;C:\Users\idjjh\.gradle\caches\modules-2\files-2.1\org.apache.tika\tika-core\2.9.1\bfd572826e7023dd6ceeefe1b4d0f6d3d8eef507\tika-core-2.9.1.jar;C:\Users\idjjh\.gradle\caches\modules-2\files-2.1\commons-io\commons-io\2.14.0\a4c6e1f6c196339473cd2e1b037f0eb97c62755b\commons-io-2.14.0.jar;C:\Users\idjjh\.gradle\caches\modules-2\files-2.1\org.gdal\gdal\3.10.0\d229b54a2136a6a1e6e8321881789a4465e2ec50\gdal-3.10.0.jar;C:\Users\idjjh\.gradle\caches\modules-2\files-2.1\com.h2database\h2\2.3.232\4fcc05d966ccdb2812ae8b9a718f69226c0cf4e2\h2-2.3.232.jar;C:\Users\idjjh\.gradle\caches\modules-2\files-2.1\org.springframework\spring-webmvc\6.2.5\db8f1171041d7091f3de80cffdfb9d6c5fbf3015\spring-webmvc-6.2.5.jar;C:\Users\idjjh\.gradle\caches\modules-2\files-2.1\org.springframework\spring-web\6.2.5\b42d2c0acbe05bad4c849883aa8816c25b6c1d94\spring-web-6.2.5.jar;C:\Users\idjjh\.gradle\caches\modules-2\files-2.1\org.hibernate.orm\hibernate-core\6.6.11.Final\d5330ab0dd5f5cc810086b7fb66cec8b2d2f5213\hibernate-core-6.6.11.Final.jar;C:\Users\idjjh\.gradle\caches\modules-2\files-2.1\org.springframework.data\spring-data-jpa\3.4.4\50f826d0dd60af289321bde6f5eea8fc48131c75\spring-data-jpa-3.4.4.jar;C:\Users\idjjh\.gradle\caches\modules-2\files-2.1\org.springframework\spring-aspects\6.2.5\971b57bb59d4890a3db5f1e20f89effa7df8c149\spring-aspects-6.2.5.jar;C:\Users\
Launcher Type: SUN_STANDARD

[Global flags]
     intx CICompilerCount                          = 12                                        {product} {ergonomic}
     uint ConcGCThreads                            = 3                                         {product} {ergonomic}
     uint G1ConcRefinementThreads                  = 13                                        {product} {ergonomic}
   size_t G1HeapRegionSize                         = 2097152                                   {product} {ergonomic}
    uintx GCDrainStackTargetSize                   = 64                                        {product} {ergonomic}
   size_t InitialHeapSize                          = 260046848                                 {product} {ergonomic}
   size_t MarkStackSize                            = 4194304                                   {product} {ergonomic}
   size_t MaxHeapSize                              = 4139778048                                {product} {ergonomic}
   size_t MaxNewSize                               = 2483027968                                {product} {ergonomic}
   size_t MinHeapDeltaBytes                        = 2097152                                   {product} {ergonomic}
   size_t MinHeapSize                              = 8388608                                   {product} {ergonomic}
    uintx NonProfiledCodeHeapSize                  = 0                                      {pd product} {ergonomic}
     bool ProfileInterpreter                       = false                                  {pd product} {command line}
    uintx ProfiledCodeHeapSize                     = 0                                      {pd product} {ergonomic}
   size_t SoftMaxHeapSize                          = 4139778048                             {manageable} {ergonomic}
     intx TieredStopAtLevel                        = 1                                         {product} {command line}
     bool UseCompressedClassPointers               = true                           {product lp64_product} {ergonomic}
     bool UseCompressedOops                        = true                           {product lp64_product} {ergonomic}
     bool UseG1GC                                  = true                                      {product} {ergonomic}
     bool UseLargePagesIndividualAllocation        = false                                  {pd product} {ergonomic}

Logging:
Log output configuration:
 #0: stdout all=warning uptime,level,tags
 #1: stderr all=off uptime,level,tags

Environment Variables:
JAVA_HOME=C:\Program Files\Java\jdk-17
CLASSPATH=C:\JANG\sia_task\sia-task-dev\task\\gradle\wrapper\gradle-wrapper.jar
PATH=C:\Program Files\Java\jdk-17;C:\Python312\Scripts\;C:\Python312\;C:\oraclexe\app\oracle\product\11.2.0\server\bin;C:\Program Files\Common Files\Oracle\Java\javapath;C:\Windows\system32;C:\Windows;C:\Windows\System32\Wbem;C:\Windows\System32\WindowsPowerShell\v1.0\;C:\Windows\System32\OpenSSH\;C:\Program Files (x86)\NVIDIA Corporation\PhysX\Common;C:\WINDOWS\system32;C:\WINDOWS;C:\WINDOWS\System32\Wbem;C:\WINDOWS\System32\WindowsPowerShell\v1.0\;C:\WINDOWS\System32\OpenSSH\;C:\Program Files\Git\cmd;C:\ProgramData\chocolatey\bin;C:\nodejs;C:\Program Files\NVIDIA Corporation\NVIDIA app\NvDLISR;C:\Program Files\Docker\Docker\resources\bin;C:\Program Files\nodejs\;C:\Users\idjjh\AppData\Local\Programs\Python\Python313\Scripts\;C:\Users\idjjh\AppData\Local\Programs\Python\Python313\;C:\Users\idjjh\AppData\Local\Microsoft\WindowsApps;C:\apache-maven-3.9.9\bin;C:\Users\idjjh\AppData\Roaming\npm;C:\Program Files\Git\bin;C:\Python312\Scripts\;
USERNAME=junhee
LANG=en_US.UTF-8
OS=Windows_NT
PROCESSOR_IDENTIFIER=AMD64 Family 23 Model 96 Stepping 1, AuthenticAMD



---------------  S Y S T E M  ---------------

OS:
 Windows 11 , 64 bit Build 26100 (10.0.26100.3775)
OS uptime: 3 days 8:42 hours
Hyper-V role detected

CPU: total 16 (initial active 16) (16 cores per cpu, 2 threads per core) family 23 model 96 stepping 1 microcode 0x8600104, cx8, cmov, fxsr, ht, mmx, 3dnowpref, sse, sse2, sse3, ssse3, sse4a, sse4.1, sse4.2, popcnt, lzcnt, tsc, tscinvbit, avx, avx2, aes, clmul, bmi1, bmi2, adx, sha, fma, vzeroupper, clflush, clflushopt, hv

Memory: 4k page, system-wide physical 15789M (4891M free)
TotalPageFile size 22189M (AvailPageFile size 6088M)
current process WorkingSet (physical memory assigned to process): 214M, peak: 214M
current process commit charge ("private bytes"): 267M, peak: 385M

vm_info: Java HotSpot(TM) 64-Bit Server VM (17.0.10+11-LTS-240) for windows-amd64 JRE (17.0.10+11-LTS-240), built on Dec 19 2023 21:47:25 by "mach5one" with MS VC++ 17.1 (VS2022)

END.
