#
# A fatal error has been detected by the Java Runtime Environment:
#
#  EXCEPTION_ACCESS_VIOLATION (0xc0000005) at pc=0x00007ffd5c4532a8, pid=40432, tid=22488
#
# JRE version: Java(TM) SE Runtime Environment (17.0.10+11) (build 17.0.10+11-LTS-240)
# Java VM: Java HotSpot(TM) 64-Bit Server VM (17.0.10+11-LTS-240, mixed mode, emulated-client, sharing, tiered, compressed oops, compressed class ptrs, g1 gc, windows-amd64)
# Problematic frame:
# C  [msvcp140.dll+0x132a8]
#
# No core dump will be written. Minidumps are not enabled by default on client versions of Windows
#
# If you would like to submit a bug report, please visit:
#   https://bugreport.java.com/bugreport/crash.jsp
# The crash happened outside the Java Virtual Machine in native code.
# See problematic frame for where to report the bug.
#

---------------  S U M M A R Y ------------

Command Line: -Djava.library.path=C:\JANG\sia_task\sia-task-dev\task\src\main\resources\nativelib\window -XX:TieredStopAtLevel=1 -Dfile.encoding=x-windows-949 -Duser.country=KR -Duser.language=ko -Duser.variant com.sia.task.TaskApplication

Host: AMD Ryzen 9 4900HS with Radeon Graphics         , 16 cores, 15G,  Windows 11 , 64 bit Build 26100 (10.0.26100.3775)
Time: Mon Apr 28 03:17:04 2025  Windows 11 , 64 bit Build 26100 (10.0.26100.3775) elapsed time: 11.389326 seconds (0d 0h 0m 11s)

---------------  T H R E A D  ---------------

Current thread (0x0000019019881080):  JavaThread "http-nio-8080-exec-2" daemon [_thread_in_native, id=22488, stack(0x0000002b59400000,0x0000002b59500000)]

Stack: [0x0000002b59400000,0x0000002b59500000],  sp=0x0000002b594fc8e0,  free space=1010k
Native frames: (J=compiled Java code, j=interpreted, Vv=VM code, C=native code)
C  [msvcp140.dll+0x132a8]
C  [gdal.dll+0xc2757d]

Java frames: (J=compiled Java code, j=interpreted, Vv=VM code)
j  org.gdal.gdal.gdalJNI.Open__SWIG_1(Ljava/lang/String;)J+0
j  org.gdal.gdal.gdal.Open(Ljava/lang/String;)Lorg/gdal/gdal/Dataset;+1
j  com.sia.task.service.ConvertCOGService.fileConvertCOG(Ljava/util/List;)V+480
j  com.sia.task.service.FileProcessingService.fileProcessing(Ljava/util/List;)V+14
j  com.sia.task.controller.FileProcessingController.fileProcessing(Lcom/sia/task/fileDTO/FileDTO;)Lorg/springframework/http/ResponseEntity;+39
v  ~StubRoutines::call_stub
J 3824  jdk.internal.reflect.NativeMethodAccessorImpl.invoke0(Ljava/lang/reflect/Method;Ljava/lang/Object;[Ljava/lang/Object;)Ljava/lang/Object; java.base@17.0.10 (0 bytes) @ 0x0000018fc2da4fa7 [0x0000018fc2da4f20+0x0000000000000087]
J 3823 c1 jdk.internal.reflect.NativeMethodAccessorImpl.invoke(Ljava/lang/Object;[Ljava/lang/Object;)Ljava/lang/Object; java.base@17.0.10 (137 bytes) @ 0x0000018fc2da57cc [0x0000018fc2da5480+0x000000000000034c]
J 3812 c1 jdk.internal.reflect.DelegatingMethodAccessorImpl.invoke(Ljava/lang/Object;[Ljava/lang/Object;)Ljava/lang/Object; java.base@17.0.10 (10 bytes) @ 0x0000018fc2da2664 [0x0000018fc2da2620+0x0000000000000044]
J 3814 c1 java.lang.reflect.Method.invoke(Ljava/lang/Object;[Ljava/lang/Object;)Ljava/lang/Object; java.base@17.0.10 (65 bytes) @ 0x0000018fc2da2e6c [0x0000018fc2da2d60+0x000000000000010c]
j  org.springframework.web.method.support.InvocableHandlerMethod.doInvoke([Ljava/lang/Object;)Ljava/lang/Object;+55
j  org.springframework.web.method.support.InvocableHandlerMethod.invokeForRequest(Lorg/springframework/web/context/request/NativeWebRequest;Lorg/springframework/web/method/support/ModelAndViewContainer;[Ljava/lang/Object;)Ljava/lang/Object;+82
j  org.springframework.web.servlet.mvc.method.annotation.ServletInvocableHandlerMethod.invokeAndHandle(Lorg/springframework/web/context/request/ServletWebRequest;Lorg/springframework/web/method/support/ModelAndViewContainer;[Ljava/lang/Object;)V+4
j  org.springframework.web.servlet.mvc.method.annotation.RequestMappingHandlerAdapter.invokeHandlerMethod(Ljakarta/servlet/http/HttpServletRequest;Ljakarta/servlet/http/HttpServletResponse;Lorg/springframework/web/method/HandlerMethod;)Lorg/springframework/web/servlet/ModelAndView;+309
j  org.springframework.web.servlet.mvc.method.annotation.RequestMappingHandlerAdapter.handleInternal(Ljakarta/servlet/http/HttpServletRequest;Ljakarta/servlet/http/HttpServletResponse;Lorg/springframework/web/method/HandlerMethod;)Lorg/springframework/web/servlet/ModelAndView;+81
j  org.springframework.web.servlet.mvc.method.AbstractHandlerMethodAdapter.handle(Ljakarta/servlet/http/HttpServletRequest;Ljakarta/servlet/http/HttpServletResponse;Ljava/lang/Object;)Lorg/springframework/web/servlet/ModelAndView;+7
j  org.springframework.web.servlet.DispatcherServlet.doDispatch(Ljakarta/servlet/http/HttpServletRequest;Ljakarta/servlet/http/HttpServletResponse;)V+304
j  org.springframework.web.servlet.DispatcherServlet.doService(Ljakarta/servlet/http/HttpServletRequest;Ljakarta/servlet/http/HttpServletResponse;)V+242
j  org.springframework.web.servlet.FrameworkServlet.processRequest(Ljakarta/servlet/http/HttpServletRequest;Ljakarta/servlet/http/HttpServletResponse;)V+70
j  org.springframework.web.servlet.FrameworkServlet.doPost(Ljakarta/servlet/http/HttpServletRequest;Ljakarta/servlet/http/HttpServletResponse;)V+3
j  jakarta.servlet.http.HttpServlet.service(Ljakarta/servlet/http/HttpServletRequest;Ljakarta/servlet/http/HttpServletResponse;)V+150
j  org.springframework.web.servlet.FrameworkServlet.service(Ljakarta/servlet/http/HttpServletRequest;Ljakarta/servlet/http/HttpServletResponse;)V+20
j  jakarta.servlet.http.HttpServlet.service(Ljakarta/servlet/ServletRequest;Ljakarta/servlet/ServletResponse;)V+37
j  org.apache.catalina.core.ApplicationFilterChain.internalDoFilter(Ljakarta/servlet/ServletRequest;Ljakarta/servlet/ServletResponse;)V+300
j  org.apache.catalina.core.ApplicationFilterChain.doFilter(Ljakarta/servlet/ServletRequest;Ljakarta/servlet/ServletResponse;)V+99
j  org.apache.tomcat.websocket.server.WsFilter.doFilter(Ljakarta/servlet/ServletRequest;Ljakarta/servlet/ServletResponse;Ljakarta/servlet/FilterChain;)V+21
j  org.apache.catalina.core.ApplicationFilterChain.internalDoFilter(Ljakarta/servlet/ServletRequest;Ljakarta/servlet/ServletResponse;)V+130
j  org.apache.catalina.core.ApplicationFilterChain.doFilter(Ljakarta/servlet/ServletRequest;Ljakarta/servlet/ServletResponse;)V+99
j  org.springframework.web.filter.RequestContextFilter.doFilterInternal(Ljakarta/servlet/http/HttpServletRequest;Ljakarta/servlet/http/HttpServletResponse;Ljakarta/servlet/FilterChain;)V+21
j  org.springframework.web.filter.OncePerRequestFilter.doFilter(Ljakarta/servlet/ServletRequest;Ljakarta/servlet/ServletResponse;Ljakarta/servlet/FilterChain;)V+150
j  org.apache.catalina.core.ApplicationFilterChain.internalDoFilter(Ljakarta/servlet/ServletRequest;Ljakarta/servlet/ServletResponse;)V+130
j  org.apache.catalina.core.ApplicationFilterChain.doFilter(Ljakarta/servlet/ServletRequest;Ljakarta/servlet/ServletResponse;)V+99
j  org.springframework.web.filter.FormContentFilter.doFilterInternal(Ljakarta/servlet/http/HttpServletRequest;Ljakarta/servlet/http/HttpServletResponse;Ljakarta/servlet/FilterChain;)V+38
j  org.springframework.web.filter.OncePerRequestFilter.doFilter(Ljakarta/servlet/ServletRequest;Ljakarta/servlet/ServletResponse;Ljakarta/servlet/FilterChain;)V+150
j  org.apache.catalina.core.ApplicationFilterChain.internalDoFilter(Ljakarta/servlet/ServletRequest;Ljakarta/servlet/ServletResponse;)V+130
j  org.apache.catalina.core.ApplicationFilterChain.doFilter(Ljakarta/servlet/ServletRequest;Ljakarta/servlet/ServletResponse;)V+99
j  org.springframework.web.filter.CharacterEncodingFilter.doFilterInternal(Ljakarta/servlet/http/HttpServletRequest;Ljakarta/servlet/http/HttpServletResponse;Ljakarta/servlet/FilterChain;)V+53
j  org.springframework.web.filter.OncePerRequestFilter.doFilter(Ljakarta/servlet/ServletRequest;Ljakarta/servlet/ServletResponse;Ljakarta/servlet/FilterChain;)V+150
j  org.apache.catalina.core.ApplicationFilterChain.internalDoFilter(Ljakarta/servlet/ServletRequest;Ljakarta/servlet/ServletResponse;)V+130
j  org.apache.catalina.core.ApplicationFilterChain.doFilter(Ljakarta/servlet/ServletRequest;Ljakarta/servlet/ServletResponse;)V+99
j  org.apache.catalina.core.StandardWrapperValve.invoke(Lorg/apache/catalina/connector/Request;Lorg/apache/catalina/connector/Response;)V+511
j  org.apache.catalina.core.StandardContextValve.invoke(Lorg/apache/catalina/connector/Request;Lorg/apache/catalina/connector/Response;)V+169
j  org.apache.catalina.authenticator.AuthenticatorBase.invoke(Lorg/apache/catalina/connector/Request;Lorg/apache/catalina/connector/Response;)V+221
j  org.apache.catalina.core.StandardHostValve.invoke(Lorg/apache/catalina/connector/Request;Lorg/apache/catalina/connector/Response;)V+131
j  org.apache.catalina.valves.ErrorReportValve.invoke(Lorg/apache/catalina/connector/Request;Lorg/apache/catalina/connector/Response;)V+6
j  org.apache.catalina.core.StandardEngineValve.invoke(Lorg/apache/catalina/connector/Request;Lorg/apache/catalina/connector/Response;)V+59
j  org.apache.catalina.connector.CoyoteAdapter.service(Lorg/apache/coyote/Request;Lorg/apache/coyote/Response;)V+188
j  org.apache.coyote.http11.Http11Processor.service(Lorg/apache/tomcat/util/net/SocketWrapperBase;)Lorg/apache/tomcat/util/net/AbstractEndpoint$Handler$SocketState;+796
j  org.apache.coyote.AbstractProcessorLight.process(Lorg/apache/tomcat/util/net/SocketWrapperBase;Lorg/apache/tomcat/util/net/SocketEvent;)Lorg/apache/tomcat/util/net/AbstractEndpoint$Handler$SocketState;+155
j  org.apache.coyote.AbstractProtocol$ConnectionHandler.process(Lorg/apache/tomcat/util/net/SocketWrapperBase;Lorg/apache/tomcat/util/net/SocketEvent;)Lorg/apache/tomcat/util/net/AbstractEndpoint$Handler$SocketState;+477
j  org.apache.tomcat.util.net.NioEndpoint$SocketProcessor.doRun()V+222
j  org.apache.tomcat.util.net.SocketProcessorBase.run()V+32
j  org.apache.tomcat.util.threads.ThreadPoolExecutor.runWorker(Lorg/apache/tomcat/util/threads/ThreadPoolExecutor$Worker;)V+92
j  org.apache.tomcat.util.threads.ThreadPoolExecutor$Worker.run()V+5
j  org.apache.tomcat.util.threads.TaskThread$WrappingRunnable.run()V+4
j  java.lang.Thread.run()V+11 java.base@17.0.10
v  ~StubRoutines::call_stub

siginfo: EXCEPTION_ACCESS_VIOLATION (0xc0000005), reading address 0x0000000000000000


Registers:
RAX=0x0000000000000000, RBX=0x0000019019f42df0, RCX=0x00007ffcb8f986f8, RDX=0x0000000000000000
RSP=0x0000002b594fc8e0, RBP=0x0000002b594fcb00, RSI=0x00007ffcb8f986f0, RDI=0x0000000000004000
R8 =0x0000000000000009, R9 =0x0000000000000040, R10=0xfefefefefefefeff, R11=0x8080808080808080
R12=0x0000002b594fcbc0, R13=0x0000000000000000, R14=0x0000000000000000, R15=0x00007ffcb8f98738
RIP=0x00007ffd5c4532a8, EFLAGS=0x0000000000010286


Register to memory mapping:

RIP=0x00007ffd5c4532a8 msvcp140.dll
RAX=0x0 is NULL
RBX=0x0000019019f42df0 points into unknown readable memory: 0x73726573555c3a43 | 43 3a 5c 55 73 65 72 73
RCX=0x00007ffcb8f986f8 gdal.dll
RDX=0x0 is NULL
RSP=0x0000002b594fc8e0 is pointing into the stack for thread: 0x0000019019881080
RBP=0x0000002b594fcb00 is pointing into the stack for thread: 0x0000019019881080
RSI=0x00007ffcb8f986f0 gdal.dll
RDI=0x0000000000004000 is an unknown value
R8 =0x0000000000000009 is an unknown value
R9 =0x0000000000000040 is an unknown value
R10=0xfefefefefefefeff is an unknown value
R11=0x8080808080808080 is an unknown value
R12=0x0000002b594fcbc0 is pointing into the stack for thread: 0x0000019019881080
R13=0x0 is NULL
R14=0x0 is NULL
R15=0x00007ffcb8f98738 gdal.dll


Top of Stack: (sp=0x0000002b594fc8e0)
0x0000002b594fc8e0:   0000000000000002 0000000000000000
0x0000002b594fc8f0:   0000000000000000 0000000000000000
0x0000002b594fc900:   0000000000000000 0000000000000000
0x0000002b594fc910:   00003f32b355181a 0000019019f43e30
0x0000002b594fc920:   0000000000000042 0000019019f43e30
0x0000002b594fc930:   0000000000004000 00007ffcb884757d
0x0000002b594fc940:   0000018fb8de0000 000000000000003a
0x0000002b594fc950:   0000019019f42df0 ffffffffffffffff
0x0000002b594fc960:   00007ffcb8f986f0 00007ffcb7c3c93e
0x0000002b594fc970:   000000000000003a 0000019019881080
0x0000002b594fc980:   0000018fd3453e48 000009922a433915
0x0000002b594fc990:   0000000000000042 0000019019f43e30
0x0000002b594fc9a0:   0000000000000000 0000000000000000
0x0000002b594fc9b0:   0000000000004000 ffffffffffffffff
0x0000002b594fc9c0:   0000002b594fcb00 00007ffcb8846d8d
0x0000002b594fc9d0:   0000002b594fcb80 0000002b594fce60 

Instructions: (pc=0x00007ffd5c4532a8)
0x00007ffd5c4531a8:   48 89 01 48 83 c1 08 48 83 c4 28 48 ff 25 26 30
0x00007ffd5c4531b8:   04 00 48 8d 05 37 70 04 00 45 33 c0 48 89 01 ba
0x00007ffd5c4531c8:   a0 0f 00 00 48 83 c1 08 48 83 c4 28 48 ff 25 ed
0x00007ffd5c4531d8:   2f 04 00 cc cc cc cc cc 48 83 c1 08 48 ff 25 cd
0x00007ffd5c4531e8:   2f 04 00 cc cc cc cc cc 48 83 c1 08 48 ff 25 dd
0x00007ffd5c4531f8:   2f 04 00 cc cc cc cc cc 48 83 c1 08 48 ff 25 45
0x00007ffd5c453208:   2e 04 00 cc 48 89 5c 24 18 48 89 74 24 20 57 41
0x00007ffd5c453218:   56 41 57 48 83 ec 40 48 8b 05 0a 11 07 00 48 33
0x00007ffd5c453228:   c4 48 89 44 24 30 8b 01 4c 8b f2 0f ba f0 08 48
0x00007ffd5c453238:   8b f1 83 f8 01 75 4a ff 15 b3 2f 04 00 39 46 48
0x00007ffd5c453248:   74 19 48 8d 4e 08 48 8b 01 48 8b 00 ff 15 6e 34
0x00007ffd5c453258:   04 00 ff 15 98 2f 04 00 89 46 48 ff 46 4c 33 c0
0x00007ffd5c453268:   48 8b 4c 24 30 48 33 cc e8 cb fd 03 00 48 8b 5c
0x00007ffd5c453278:   24 70 48 8b 74 24 78 48 83 c4 40 41 5f 41 5e 5f
0x00007ffd5c453288:   c3 4d 85 f6 75 28 4c 8d 79 48 ff 15 60 2f 04 00
0x00007ffd5c453298:   41 39 07 0f 84 ad 00 00 00 48 8d 4e 08 48 8b 01
0x00007ffd5c4532a8:   48 8b 00 ff 15 17 34 04 00 e9 98 00 00 00 48 83
0x00007ffd5c4532b8:   3a 00 7c 6e 75 06 83 7a 08 00 7e 66 ba 01 00 00
0x00007ffd5c4532c8:   00 48 8d 4c 24 20 e8 2d 09 00 00 48 8b 44 24 20
0x00007ffd5c4532d8:   49 3b 06 7c 14 0f 85 b3 00 00 00 41 8b 46 08 39
0x00007ffd5c4532e8:   44 24 28 0f 8d a5 00 00 00 4c 8d 7e 48 ff 15 fd
0x00007ffd5c4532f8:   2e 04 00 41 39 07 74 4e 48 8b 46 08 48 8d 54 24
0x00007ffd5c453308:   20 49 8b ce 48 8b 58 10 e8 db 07 00 00 8b d0 48
0x00007ffd5c453318:   8d 4e 08 48 8b c3 ff 15 a4 33 04 00 84 c0 74 9c
0x00007ffd5c453328:   eb 24 4c 8d 79 48 ff 15 c4 2e 04 00 41 39 07 74
0x00007ffd5c453338:   15 48 8d 4e 08 48 8b 01 48 8b 40 08 ff 15 7e 33
0x00007ffd5c453348:   04 00 84 c0 74 48 8b 4e 4c 33 db bf 02 01 00 00
0x00007ffd5c453358:   8d 41 01 89 46 4c 83 f8 01 7e 0f f7 06 00 01 00
0x00007ffd5c453368:   00 75 10 89 4e 4c 8b df eb 09 ff 15 80 2e 04 00
0x00007ffd5c453378:   41 89 07 85 db 0f 84 e3 fe ff ff 3b df 74 0a b8
0x00007ffd5c453388:   04 00 00 00 e9 d7 fe ff ff 4d 85 f6 74 20 49 83
0x00007ffd5c453398:   3e 00 75 10 41 8b 46 08 f7 d8 1b c0 83 c0 03 e9 


Stack slot to memory mapping:
stack at sp + 0 slots: 0x0000000000000002 is an unknown value
stack at sp + 1 slots: 0x0 is NULL
stack at sp + 2 slots: 0x0 is NULL
stack at sp + 3 slots: 0x0 is NULL
stack at sp + 4 slots: 0x0 is NULL
stack at sp + 5 slots: 0x0 is NULL
stack at sp + 6 slots: 0x00003f32b355181a is an unknown value
stack at sp + 7 slots: 0x0000019019f43e30 points into unknown readable memory: 0x73726573555c3a43 | 43 3a 5c 55 73 65 72 73


Compiled method (n/a)   11452 3824     n 0       jdk.internal.reflect.NativeMethodAccessorImpl::invoke0 (native)
 total in heap  [0x0000018fc2da4d90,0x0000018fc2da5230] = 1184
 relocation     [0x0000018fc2da4ee8,0x0000018fc2da4f20] = 56
 main code      [0x0000018fc2da4f20,0x0000018fc2da5230] = 784

[Constant Pool (empty)]

[MachCode]
[Entry Point]
  # {method} {0x0000018fd31c4290} 'invoke0' '(Ljava/lang/reflect/Method;Ljava/lang/Object;[Ljava/lang/Object;)Ljava/lang/Object;' in 'jdk/internal/reflect/NativeMethodAccessorImpl'
  # parm0:    rdx:rdx   = 'java/lang/reflect/Method'
  # parm1:    r8:r8     = 'java/lang/Object'
  # parm2:    r9:r9     = '[Ljava/lang/Object;'
  #           [sp+0x80]  (sp of caller)
  0x0000018fc2da4f20: 448b 5208 | 49bb 0000 | 00d3 8f01 | 0000 4d03 | d349 3bc2 | 0f84 0600 

  0x0000018fc2da4f38: ;   {runtime_call ic_miss_stub}
  0x0000018fc2da4f38: 0000 e941 | 7b58 ff90 
[Verified Entry Point]
  0x0000018fc2da4f40: 8984 2400 | 90ff ff55 | 488b ec48 | 83ec 704c | 894c 2438 | 4983 f900 | 488d 4424 | 3848 0f44 
  0x0000018fc2da4f60: 4424 3848 | 8944 2420 | 4c89 4424 | 3049 83f8 | 004c 8d4c | 2430 4c0f | 444c 2430 | 4889 5424 
  0x0000018fc2da4f80: 2848 83fa | 004c 8d44 | 2428 4c0f | 4444 2428 

  0x0000018fc2da4f90: ;   {oop(a 'java/lang/Class'{0x00000007096d0690} = 'jdk/internal/reflect/NativeMethodAccessorImpl')}
  0x0000018fc2da4f90: 49be 9006 | 6d09 0700 | 0000 4c89 | 7424 584c | 8d74 2458 | 498b d6c5 

  0x0000018fc2da4fa8: ;   {internal_word}
  0x0000018fc2da4fa8: f877 49ba | a74f dac2 | 8f01 0000 | 4d89 9798 | 0200 0049 | 89a7 9002 

  0x0000018fc2da4fc0: ;   {external_word}
  0x0000018fc2da4fc0: 0000 49ba | e380 a7d5 | fc7f 0000 | 4180 3a00 | 0f84 5200 | 0000 5241 

  0x0000018fc2da4fd8: ;   {metadata({method} {0x0000018fd31c4290} 'invoke0' '(Ljava/lang/reflect/Method;Ljava/lang/Object;[Ljava/lang/Object;)Ljava/lang/Object;' in 'jdk/internal/reflect/NativeMethodAccessorImpl')}
  0x0000018fc2da4fd8: 5041 5148 | ba88 421c | d38f 0100 | 0049 8bcf | 4883 ec20 | f7c4 0f00 | 0000 0f84 | 1a00 0000 
  0x0000018fc2da4ff8: 4883 ec08 

  0x0000018fc2da4ffc: ;   {runtime_call}
  0x0000018fc2da4ffc: 49ba 00d6 | 64d5 fc7f | 0000 41ff | d248 83c4 | 08e9 0d00 

  0x0000018fc2da5010: ;   {runtime_call}
  0x0000018fc2da5010: 0000 49ba | 00d6 64d5 | fc7f 0000 | 41ff d248 | 83c4 2041 | 5941 585a | 498d 8fb0 | 0200 0041 
  0x0000018fc2da5030: c787 4003 | 0000 0400 

  0x0000018fc2da5038: ;   {runtime_call}
  0x0000018fc2da5038: 0000 49ba | a43e 385c | fd7f 0000 | 41ff d2c5 | f877 41c7 | 8740 0300 | 0005 0000 | 00f0 8344 
  0x0000018fc2da5058: 24c0 0049 | 3baf 4803 | 0000 0f87 | 1100 0000 | 4181 bf30 | 0300 0000 | 0000 000f | 842c 0000 
  0x0000018fc2da5078: 00c5 f877 | 4889 45f8 | 498b cf4c | 8be4 4883 | ec20 4883 

  0x0000018fc2da508c: ;   {runtime_call}
  0x0000018fc2da508c: e4f0 49ba | 408d 6fd5 | fc7f 0000 | 41ff d249 | 8be4 4d33 | e448 8b45 | f841 c787 | 4003 0000 
  0x0000018fc2da50ac: 0800 0000 | 4181 bfb0 | 0300 0002 | 0000 000f | 843f 0100 

  0x0000018fc2da50c0: ;   {external_word}
  0x0000018fc2da50c0: 0049 bae3 | 80a7 d5fc | 7f00 0041 | 803a 000f | 8450 0000 | 0048 8945 

  0x0000018fc2da50d8: ;   {metadata({method} {0x0000018fd31c4290} 'invoke0' '(Ljava/lang/reflect/Method;Ljava/lang/Object;[Ljava/lang/Object;)Ljava/lang/Object;' in 'jdk/internal/reflect/NativeMethodAccessorImpl')}
  0x0000018fc2da50d8: f848 ba88 | 421c d38f | 0100 0049 | 8bcf 4883 | ec20 f7c4 | 0f00 0000 | 0f84 1a00 | 0000 4883 
  0x0000018fc2da50f8: ;   {runtime_call}
  0x0000018fc2da50f8: ec08 49ba | 00d6 64d5 | fc7f 0000 | 41ff d248 | 83c4 08e9 | 0d00 0000 

  0x0000018fc2da5110: ;   {runtime_call}
  0x0000018fc2da5110: 49ba 00d6 | 64d5 fc7f | 0000 41ff | d248 83c4 | 2048 8b45 | f849 c787 | 9002 0000 | 0000 0000 
  0x0000018fc2da5130: 49c7 8798 | 0200 0000 | 0000 00c5 | f877 4885 | c00f 8493 | 0000 0048 | f7c0 0100 | 0000 0f84 
  0x0000018fc2da5150: 8300 0000 | 488b 40ff | 4180 7f38 | 000f 846f | 0000 0048 | 83f8 000f | 8465 0000 | 0049 8b4f 
  0x0000018fc2da5170: 2048 83f9 | 000f 8414 | 0000 0048 | 83e9 0849 | 894f 2049 | 034f 3048 | 8901 e943 | 0000 0050 
  0x0000018fc2da5190: 498b d748 | 8bc8 4883 | ec20 f7c4 | 0f00 0000 | 0f84 1a00 | 0000 4883 

  0x0000018fc2da51a8: ;   {runtime_call}
  0x0000018fc2da51a8: ec08 49ba | 3009 24d5 | fc7f 0000 | 41ff d248 | 83c4 08e9 | 0d00 0000 

  0x0000018fc2da51c0: ;   {runtime_call}
  0x0000018fc2da51c0: 49ba 3009 | 24d5 fc7f | 0000 41ff | d248 83c4 | 2058 e903 | 0000 0048 | 8b00 498b | 8fd8 0000 
  0x0000018fc2da51e0: 00c7 8100 | 0100 0000 | 0000 00c9 | 4981 7f08 | 0000 0000 | 0f85 0100 

  0x0000018fc2da51f8: ;   {runtime_call StubRoutines (1)}
  0x0000018fc2da51f8: 0000 c3e9 | 00bd 53ff | c5f8 7748 | 8945 f84c | 8be4 4883 | ec20 4883 

  0x0000018fc2da5210: ;   {runtime_call}
  0x0000018fc2da5210: e4f0 49ba | a006 65d5 | fc7f 0000 | 41ff d249 | 8be4 4d33 | e448 8b45 | f8e9 93fe | ffff f4f4 
[/MachCode]


Compiled method (c1)   11472 3823   !   1       jdk.internal.reflect.NativeMethodAccessorImpl::invoke (137 bytes)
 total in heap  [0x0000018fc2da5290,0x0000018fc2da5cd0] = 2624
 relocation     [0x0000018fc2da53e8,0x0000018fc2da5470] = 136
 main code      [0x0000018fc2da5480,0x0000018fc2da58e0] = 1120
 stub code      [0x0000018fc2da58e0,0x0000018fc2da5968] = 136
 metadata       [0x0000018fc2da5968,0x0000018fc2da5988] = 32
 scopes data    [0x0000018fc2da5988,0x0000018fc2da5a48] = 192
 scopes pcs     [0x0000018fc2da5a48,0x0000018fc2da5b68] = 288
 dependencies   [0x0000018fc2da5b68,0x0000018fc2da5b70] = 8
 handler table  [0x0000018fc2da5b70,0x0000018fc2da5c90] = 288
 nul chk table  [0x0000018fc2da5c90,0x0000018fc2da5cd0] = 64

[Constant Pool (empty)]

[MachCode]
[Entry Point]
  # {method} {0x0000018fd31c3d68} 'invoke' '(Ljava/lang/Object;[Ljava/lang/Object;)Ljava/lang/Object;' in 'jdk/internal/reflect/NativeMethodAccessorImpl'
  # this:     rdx:rdx   = 'jdk/internal/reflect/NativeMethodAccessorImpl'
  # parm0:    r8:r8     = 'java/lang/Object'
  # parm1:    r9:r9     = '[Ljava/lang/Object;'
  #           [sp+0xd0]  (sp of caller)
  0x0000018fc2da5480: 448b 5208 | 49bb 0000 | 00d3 8f01 | 0000 4d03 | d34c 3bd0 

  0x0000018fc2da5494: ;   {runtime_call ic_miss_stub}
  0x0000018fc2da5494: 0f85 e675 | 58ff 660f | 1f44 0000 
[Verified Entry Point]
  0x0000018fc2da54a0: 8984 2400 | 90ff ff55 | 4881 ecc0 | 0000 0048 | 8954 2470 | 8b72 0cff | c689 720c 

  0x0000018fc2da54bc: ;   {oop(a 'java/lang/Class'{0x00000007097502b8} = 'jdk/internal/reflect/ReflectionFactory')}
  0x0000018fc2da54bc: 48bf b802 | 7509 0700 | 0000 8b7f | 783b f70f | 8f08 0000 | 0048 8bf2 | e9e2 0200 | 004c 898c 
  0x0000018fc2da54dc: 2480 0000 | 004c 8944 | 2478 8b72 | 1448 c1e6 | 038b 7624 | 48c1 e603 

  0x0000018fc2da54f4: ; implicit exception: dispatches to 0x0000018fc2da581a
  0x0000018fc2da54f4: 483b 0648 | 8bd6 0f1f 

  0x0000018fc2da54fc: ;   {optimized virtual_call}
  0x0000018fc2da54fc: 4400 00e8 

  0x0000018fc2da5500: ; ImmutableOopMap {[112]=Oop [128]=Oop [120]=Oop }
                      ;*invokevirtual isHidden {reexecute=0 rethrow=0 return_oop=0}
                      ; - jdk.internal.reflect.NativeMethodAccessorImpl::invoke@24 (line 57)
  0x0000018fc2da5500: 3c78 92ff | 83f8 000f | 8417 0000 | 004c 8b8c | 2480 0000 | 004c 8b44 | 2478 488b | 7424 70e9 
  0x0000018fc2da5520: 9702 0000 | 488b 5424 | 708b 4210 | 83f8 000f | 8415 0000 | 004c 8b8c | 2480 0000 | 004c 8b44 
  0x0000018fc2da5540: 2478 488b | f2e9 7102 | 0000 488d | 7210 b800 | 0000 00bf | 0100 0000 | f00f b13e | be01 0000 
  0x0000018fc2da5560: 000f 8405 | 0000 00be | 0000 0000 | 83fe 000f | 8515 0000 | 004c 8b8c | 2480 0000 | 004c 8b44 
  0x0000018fc2da5580: 2478 488b | f2e9 3102 | 0000 488b 

  0x0000018fc2da558c: ;   {metadata('jdk/internal/reflect/MethodAccessorGenerator')}
  0x0000018fc2da558c: da48 ba68 | 360f d48f | 0100 0049 | 8b87 0801 | 0000 488d | b890 0000 | 0049 3bbf | 1801 0000 
  0x0000018fc2da55ac: 0f87 6d02 | 0000 4989 | bf08 0100 | 0048 c700 | 0100 0000 | 488b ca49 | ba00 0000 | d38f 0100 
  0x0000018fc2da55cc: 0049 2bca | 8948 0848 | 33c9 8948 | 0c48 33c9 | 48bf 1000 | 0000 0000 | 0000 4889 | 4cf8 0848 
  0x0000018fc2da55ec: ffcf 75f6 | ba1e 0000 | 0066 8950 | 6aba 4900 | 0000 6689 | 506c 8b53 | 1448 c1e2 | 038b 7224 
  0x0000018fc2da560c: 48c1 e603 | 8b7a 2848 | c1e7 038b | 5230 48c1 | e203 4889 | 8424 9800 | 0000 4889 | bc24 9000 
  0x0000018fc2da562c: 0000 4889 | b424 8800 | 0000 0f1f | 8000 0000 | 0048 b878 | 1c00 d38f 

  0x0000018fc2da5644: ;   {virtual_call}
  0x0000018fc2da5644: 0100 00e8 

  0x0000018fc2da5648: ; ImmutableOopMap {[128]=Oop [120]=Oop [152]=Oop [112]=Oop [144]=Oop [136]=Oop }
                      ;*invokevirtual clone {reexecute=0 rethrow=0 return_oop=0}
                      ; - java.lang.reflect.Method::getParameterTypes@4 (line 314)
                      ; - jdk.internal.reflect.NativeMethodAccessorImpl::invoke@77 (line 65)
  0x0000018fc2da5648: d46f 8aff | 4883 f800 | 0f84 2900 

  0x0000018fc2da5654: ;   {metadata('java/lang/Class'[])}
  0x0000018fc2da5654: 0000 48bb | 781c 00d3 | 8f01 0000 | 8b78 0849 | ba00 0000 | d38f 0100 | 0049 03fa | 483b 5f40 
  0x0000018fc2da5674: 0f85 b701 | 0000 e900 | 0000 0048 | 8bf0 488b | 5424 708b | 7a14 48c1 | e703 8b5f | 2c48 c1e3 
  0x0000018fc2da5694: 038b 7f34 | 48c1 e703 | 488b d748 | 899c 24a8 | 0000 0048 | 89b4 24a0 | 0000 0066 | 0f1f 4400 
  0x0000018fc2da56b4: 0048 b878 | 1c00 d38f 

  0x0000018fc2da56bc: ;   {virtual_call}
  0x0000018fc2da56bc: 0100 00e8 

  0x0000018fc2da56c0: ; ImmutableOopMap {[128]=Oop [120]=Oop [152]=Oop [144]=Oop [136]=Oop [112]=Oop [168]=Oop [160]=Oop }
                      ;*invokevirtual clone {reexecute=0 rethrow=0 return_oop=0}
                      ; - java.lang.reflect.Method::getExceptionTypes@4 (line 341)
                      ; - jdk.internal.reflect.NativeMethodAccessorImpl::invoke@91 (line 67)
  0x0000018fc2da56c0: 5c6f 8aff | 4883 f800 | 0f84 2a00 

  0x0000018fc2da56cc: ;   {metadata('java/lang/Class'[])}
  0x0000018fc2da56cc: 0000 48bf | 781c 00d3 | 8f01 0000 | 448b 4808 | 49ba 0000 | 00d3 8f01 | 0000 4d03 | ca49 3b79 
  0x0000018fc2da56ec: 400f 854c | 0100 00e9 | 0000 0000 | 488b c848 | 8b54 2470 | 448b 4214 | 49c1 e003 

  0x0000018fc2da5708: ; implicit exception: dispatches to 0x0000018fc2da5848
  0x0000018fc2da5708: 418b 5820 | 4c8b 8424 | 8800 0000 | 4c8b 8c24 | 9000 0000 | 488b bc24 | a000 0000 | 488b b424 
  0x0000018fc2da5728: a800 0000 | 891c 2448 | 8b94 2498 

  0x0000018fc2da5734: ;   {optimized virtual_call}
  0x0000018fc2da5734: 0000 00e8 

  0x0000018fc2da5738: ; ImmutableOopMap {[128]=Oop [120]=Oop [112]=Oop }
                      ;*invokevirtual generateMethod {reexecute=0 rethrow=0 return_oop=0}
                      ; - jdk.internal.reflect.NativeMethodAccessorImpl::invoke@101 (line 63)
  0x0000018fc2da5738: d901 0000 | 4883 f800 | 0f84 2a00 

  0x0000018fc2da5744: ;   {metadata('jdk/internal/reflect/MethodAccessorImpl')}
  0x0000018fc2da5744: 0000 48be | d0ae 00d3 | 8f01 0000 | 448b 4808 | 49ba 0000 | 00d3 8f01 | 0000 4d03 | ca49 3b71 
  0x0000018fc2da5764: 400f 85e2 | 0000 00e9 | 0000 0000 | 488b d048 | 8b74 2470 | 448b 4618 | 49c1 e003 | 450f be4f 
  0x0000018fc2da5784: 3841 83f9 | 000f 85c7 | 0000 004c | 8bd2 49c1 | ea03 4589 | 500c 4d8b | c84c 33ca | 49c1 e915 
  0x0000018fc2da57a4: 4983 f900 | 0f85 cd00 | 0000 4c8b | 8c24 8000 | 0000 4c8b | 4424 788b | 5614 48c1 | e203 0f1f 
  0x0000018fc2da57c4: ;   {static_call}
  0x0000018fc2da57c4: 4400 00e8 

  0x0000018fc2da57c8: ; ImmutableOopMap {}
                      ;*invokestatic invoke0 {reexecute=0 rethrow=0 return_oop=0}
                      ; - jdk.internal.reflect.NativeMethodAccessorImpl::invoke@133 (line 77)
  0x0000018fc2da57c8: 74f7 ffff | 4881 c4c0 | 0000 005d 

  0x0000018fc2da57d4: ;   {poll_return}
  0x0000018fc2da57d4: 493b a748 | 0300 000f | 87b2 0000 | 00c3 488b | 7424 7049 | 8b87 d803 | 0000 4d33 | d24d 8997 
  0x0000018fc2da57f4: d803 0000 | 4d33 d24d | 8997 e003 | 0000 bf00 | 0000 0089 | 7e10 f083 | 4424 c000 | e9b8 0000 
  0x0000018fc2da5814: ;   {runtime_call throw_null_pointer_exception Runtime1 stub}
  0x0000018fc2da5814: 00e8 06ff 

  0x0000018fc2da5818: ; ImmutableOopMap {rdx=Oop [112]=Oop [128]=Oop [120]=Oop }
                      ;*invokevirtual getDeclaringClass {reexecute=0 rethrow=0 return_oop=0}
                      ; - jdk.internal.reflect.NativeMethodAccessorImpl::invoke@21 (line 57)
                      ;   {runtime_call throw_null_pointer_exception Runtime1 stub}
  0x0000018fc2da5818: 62ff e801 

  0x0000018fc2da581c: ; ImmutableOopMap {rdx=Oop [112]=Oop [128]=Oop [120]=Oop rsi=Oop }
                      ;*invokevirtual isHidden {reexecute=0 rethrow=0 return_oop=0}
                      ; - jdk.internal.reflect.NativeMethodAccessorImpl::invoke@24 (line 57)
  0x0000018fc2da581c: ff62 ff48 

  0x0000018fc2da5820: ;   {runtime_call fast_new_instance Runtime1 stub}
  0x0000018fc2da5820: 8bd2 e8d9 

  0x0000018fc2da5824: ; ImmutableOopMap {[128]=Oop [120]=Oop rbx=Oop [112]=Oop }
                      ;*new {reexecute=0 rethrow=0 return_oop=0}
                      ; - jdk.internal.reflect.NativeMethodAccessorImpl::invoke@52 (line 61)
  0x0000018fc2da5824: 0763 ffe9 | c4fd ffff 

  0x0000018fc2da582c: ;   {runtime_call throw_null_pointer_exception Runtime1 stub}
  0x0000018fc2da582c: e8ef fe62 

  0x0000018fc2da5830: ; ImmutableOopMap {[128]=Oop [120]=Oop rbx=Oop [112]=Oop rax=Oop rdx=Oop }
                      ;*invokevirtual getDeclaringClass {reexecute=0 rethrow=0 return_oop=0}
                      ; - jdk.internal.reflect.NativeMethodAccessorImpl::invoke@63 (line 63)
  0x0000018fc2da5830: ff48 8904 

  0x0000018fc2da5834: ;   {runtime_call throw_class_cast_exception Runtime1 stub}
  0x0000018fc2da5834: 24e8 e622 

  0x0000018fc2da5838: ; ImmutableOopMap {[128]=Oop [120]=Oop [152]=Oop [112]=Oop [144]=Oop [136]=Oop }
                      ;*checkcast {reexecute=0 rethrow=0 return_oop=0}
                      ; - java.lang.reflect.Method::getParameterTypes@7 (line 314)
                      ; - jdk.internal.reflect.NativeMethodAccessorImpl::invoke@77 (line 65)
                      ;   {runtime_call throw_null_pointer_exception Runtime1 stub}
  0x0000018fc2da5838: 63ff e8e1 

  0x0000018fc2da583c: ; ImmutableOopMap {[128]=Oop [120]=Oop [152]=Oop [144]=Oop [136]=Oop rsi=Oop rdx=Oop [112]=Oop rdi=Oop }
                      ;*invokevirtual getReturnType {reexecute=0 rethrow=0 return_oop=0}
                      ; - jdk.internal.reflect.NativeMethodAccessorImpl::invoke@84 (line 66)
  0x0000018fc2da583c: fe62 ff48 

  0x0000018fc2da5840: ;   {runtime_call throw_class_cast_exception Runtime1 stub}
  0x0000018fc2da5840: 8904 24e8 

  0x0000018fc2da5844: ; ImmutableOopMap {[128]=Oop [120]=Oop [152]=Oop [144]=Oop [136]=Oop [112]=Oop [168]=Oop [160]=Oop }
                      ;*checkcast {reexecute=0 rethrow=0 return_oop=0}
                      ; - java.lang.reflect.Method::getExceptionTypes@7 (line 341)
                      ; - jdk.internal.reflect.NativeMethodAccessorImpl::invoke@91 (line 67)
  0x0000018fc2da5844: d822 63ff 

  0x0000018fc2da5848: ;   {runtime_call throw_null_pointer_exception Runtime1 stub}
  0x0000018fc2da5848: e8d3 fe62 

  0x0000018fc2da584c: ; ImmutableOopMap {[128]=Oop [120]=Oop [152]=Oop [144]=Oop [136]=Oop [168]=Oop [160]=Oop rcx=Oop rdx=Oop [112]=Oop }
                      ;*invokevirtual getModifiers {reexecute=0 rethrow=0 return_oop=0}
                      ; - jdk.internal.reflect.NativeMethodAccessorImpl::invoke@98 (line 68)
  0x0000018fc2da584c: ff48 8904 

  0x0000018fc2da5850: ;   {runtime_call throw_class_cast_exception Runtime1 stub}
  0x0000018fc2da5850: 24e8 ca22 

  0x0000018fc2da5854: ; ImmutableOopMap {[128]=Oop [120]=Oop [112]=Oop }
                      ;*checkcast {reexecute=0 rethrow=0 return_oop=0}
                      ; - jdk.internal.reflect.NativeMethodAccessorImpl::invoke@104 (line 63)
  0x0000018fc2da5854: 63ff 458b | 480c 49c1 | e103 4983 | f900 0f84 | 27ff ffff | 4c89 0c24 

  0x0000018fc2da586c: ;   {runtime_call g1_pre_barrier_slow}
  0x0000018fc2da586c: e88f 5563 | ffe9 19ff 

  0x0000018fc2da5874: ;   {runtime_call throw_null_pointer_exception Runtime1 stub}
  0x0000018fc2da5874: ffff e8a5 

  0x0000018fc2da5878: ; ImmutableOopMap {[128]=Oop [120]=Oop rdx=Oop rsi=Oop [112]=Oop r8=Oop }
                      ;*invokevirtual setDelegate {reexecute=0 rethrow=0 return_oop=0}
                      ; - jdk.internal.reflect.NativeMethodAccessorImpl::invoke@113 (line 69)
  0x0000018fc2da5878: fe62 ff48 | 83fa 000f | 8429 ffff | ff4c 8904 

  0x0000018fc2da5888: ;   {runtime_call g1_post_barrier_slow}
  0x0000018fc2da5888: 24e8 7258 | 63ff e91b 

  0x0000018fc2da5890: ;   {internal_word}
  0x0000018fc2da5890: ffff ff49 | bad4 57da | c28f 0100 | 004d 8997 | 6003 0000 

  0x0000018fc2da58a4: ;   {runtime_call SafepointBlob}
  0x0000018fc2da58a4: e957 db58 

  0x0000018fc2da58a8: ;   {runtime_call throw_null_pointer_exception Runtime1 stub}
  0x0000018fc2da58a8: ffe8 72fe 

  0x0000018fc2da58ac: ; ImmutableOopMap {[128]=Oop [120]=Oop rdx=Oop rsi=Oop [112]=Oop r8=Oop }
                      ;*invokevirtual setDelegate {reexecute=0 rethrow=0 return_oop=0}
                      ; - jdk.internal.reflect.NativeMethodAccessorImpl::invoke@113 (line 69)
  0x0000018fc2da58ac: 62ff 9090 | 498b 87d8 | 0300 0049 | c787 d803 | 0000 0000 | 0000 49c7 | 87e0 0300 | 0000 0000 
  0x0000018fc2da58cc: 0048 81c4 | c000 0000 

  0x0000018fc2da58d4: ;   {runtime_call unwind_exception Runtime1 stub}
  0x0000018fc2da58d4: 5de9 26ef | 62ff f4f4 | f4f4 f4f4 
[Stub Code]
  0x0000018fc2da58e0: ;   {no_reloc}
  0x0000018fc2da58e0: 0f1f 4400 

  0x0000018fc2da58e4: ;   {static_stub}
  0x0000018fc2da58e4: 0048 bb00 | 0000 0000 

  0x0000018fc2da58ec: ;   {runtime_call}
  0x0000018fc2da58ec: 0000 00e9 | fbff ffff 

  0x0000018fc2da58f4: ;   {static_stub}
  0x0000018fc2da58f4: 9048 bb00 | 0000 0000 

  0x0000018fc2da58fc: ;   {runtime_call}
  0x0000018fc2da58fc: 0000 00e9 | fbff ffff 

  0x0000018fc2da5904: ;   {static_stub}
  0x0000018fc2da5904: 9048 bb00 | 0000 0000 

  0x0000018fc2da590c: ;   {runtime_call}
  0x0000018fc2da590c: 0000 00e9 | fbff ffff 

  0x0000018fc2da5914: ;   {static_stub}
  0x0000018fc2da5914: 9048 bbd8 | 6523 1490 

  0x0000018fc2da591c: ;   {runtime_call I2C/C2I adapters}
  0x0000018fc2da591c: 0100 00e9 | d660 83ff 

  0x0000018fc2da5924: ;   {static_stub}
  0x0000018fc2da5924: 9048 bb00 | 0000 0000 

  0x0000018fc2da592c: ;   {runtime_call}
  0x0000018fc2da592c: 0000 00e9 | fbff ffff 
[Exception Handler]
  0x0000018fc2da5934: ;   {runtime_call handle_exception_from_callee Runtime1 stub}
  0x0000018fc2da5934: e8c7 1b63 

  0x0000018fc2da5938: ;   {external_word}
  0x0000018fc2da5938: ff48 b9a0 | e083 d5fc | 7f00 0048 

  0x0000018fc2da5944: ;   {runtime_call}
  0x0000018fc2da5944: 83e4 f049 | bae0 da51 | d5fc 7f00 | 0041 ffd2 

  0x0000018fc2da5954: ;   {section_word}
  0x0000018fc2da5954: f449 ba55 | 59da c28f | 0100 0041 

  0x0000018fc2da5960: ;   {runtime_call DeoptimizationBlob}
  0x0000018fc2da5960: 52e9 3acd | 58ff f4f4 
[/MachCode]


Compiled method (c1)   11501 3812       1       jdk.internal.reflect.DelegatingMethodAccessorImpl::invoke (10 bytes)
 total in heap  [0x0000018fc2da2490,0x0000018fc2da2758] = 712
 relocation     [0x0000018fc2da25e8,0x0000018fc2da2620] = 56
 main code      [0x0000018fc2da2620,0x0000018fc2da26c0] = 160
 stub code      [0x0000018fc2da26c0,0x0000018fc2da2708] = 72
 metadata       [0x0000018fc2da2708,0x0000018fc2da2710] = 8
 scopes data    [0x0000018fc2da2710,0x0000018fc2da2720] = 16
 scopes pcs     [0x0000018fc2da2720,0x0000018fc2da2750] = 48
 dependencies   [0x0000018fc2da2750,0x0000018fc2da2758] = 8

[Constant Pool (empty)]

[MachCode]
[Entry Point]
  # {method} {0x0000018fd335fb00} 'invoke' '(Ljava/lang/Object;[Ljava/lang/Object;)Ljava/lang/Object;' in 'jdk/internal/reflect/DelegatingMethodAccessorImpl'
  # this:     rdx:rdx   = 'jdk/internal/reflect/DelegatingMethodAccessorImpl'
  # parm0:    r8:r8     = 'java/lang/Object'
  # parm1:    r9:r9     = '[Ljava/lang/Object;'
  #           [sp+0x40]  (sp of caller)
  0x0000018fc2da2620: 448b 5208 | 49bb 0000 | 00d3 8f01 | 0000 4d03 | d34c 3bd0 

  0x0000018fc2da2634: ;   {runtime_call ic_miss_stub}
  0x0000018fc2da2634: 0f85 46a4 | 58ff 660f | 1f44 0000 
[Verified Entry Point]
  0x0000018fc2da2640: 8984 2400 | 90ff ff55 | 4883 ec30 | 8b52 0c48 | c1e2 0366 | 9048 b8ff | ffff ffff 

  0x0000018fc2da265c: ;   {virtual_call}
  0x0000018fc2da265c: ffff ffe8 

  0x0000018fc2da2660: ; ImmutableOopMap {}
                      ;*invokevirtual invoke {reexecute=0 rethrow=0 return_oop=0}
                      ; - jdk.internal.reflect.DelegatingMethodAccessorImpl::invoke@6 (line 43)
  0x0000018fc2da2660: dc6a 6cff | 4883 c430 

  0x0000018fc2da2668: ;   {poll_return}
  0x0000018fc2da2668: 5d49 3ba7 | 4803 0000 | 0f87 0100 

  0x0000018fc2da2674: ;   {internal_word}
  0x0000018fc2da2674: 0000 c349 | ba69 26da | c28f 0100 | 004d 8997 | 6003 0000 

  0x0000018fc2da2688: ;   {runtime_call SafepointBlob}
  0x0000018fc2da2688: e973 0d59 | ff90 9049 | 8b87 d803 | 0000 49c7 | 87d8 0300 | 0000 0000 | 0049 c787 | e003 0000 
  0x0000018fc2da26a8: 0000 0000 | 4883 c430 

  0x0000018fc2da26b0: ;   {runtime_call unwind_exception Runtime1 stub}
  0x0000018fc2da26b0: 5de9 4a21 | 63ff f4f4 | f4f4 f4f4 | f4f4 f4f4 
[Stub Code]
  0x0000018fc2da26c0: ;   {no_reloc}
  0x0000018fc2da26c0: 0f1f 4400 

  0x0000018fc2da26c4: ;   {static_stub}
  0x0000018fc2da26c4: 0048 bb00 | 0000 0000 

  0x0000018fc2da26cc: ;   {runtime_call}
  0x0000018fc2da26cc: 0000 00e9 | fbff ffff 
[Exception Handler]
  0x0000018fc2da26d4: ;   {runtime_call handle_exception_from_callee Runtime1 stub}
  0x0000018fc2da26d4: e827 4e63 

  0x0000018fc2da26d8: ;   {external_word}
  0x0000018fc2da26d8: ff48 b9a0 | e083 d5fc | 7f00 0048 

  0x0000018fc2da26e4: ;   {runtime_call}
  0x0000018fc2da26e4: 83e4 f049 | bae0 da51 | d5fc 7f00 | 0041 ffd2 

  0x0000018fc2da26f4: ;   {section_word}
  0x0000018fc2da26f4: f449 baf5 | 26da c28f | 0100 0041 

  0x0000018fc2da2700: ;   {runtime_call DeoptimizationBlob}
  0x0000018fc2da2700: 52e9 9aff | 58ff f4f4 
[/MachCode]


---------------  P R O C E S S  ---------------

Threads class SMR info:
_java_thread_list=0x0000019018a8f110, length=30, elements={
0x0000018fd240c0c0, 0x0000018fd240c690, 0x0000018fd242a750, 0x0000018fd242b110,
0x0000018fd242dae0, 0x0000018fd242e4a0, 0x0000018fd242ef10, 0x0000018fd2431840,
0x0000018fd248bba0, 0x0000018fd258a920, 0x0000018fd25a3ed0, 0x0000018fd25af4c0,
0x000001901903e450, 0x000001901903e930, 0x0000019019009430, 0x00000190191fc060,
0x00000190198824c0, 0x0000019019883900, 0x0000019019881080, 0x0000019019883e10,
0x0000019019881590, 0x00000190198829d0, 0x0000019019881fb0, 0x0000019019882ee0,
0x00000190198833f0, 0x0000019019884320, 0x0000019019884830, 0x0000018fd2714610,
0x0000018fd2712cc0, 0x0000018fd27127b0
}

Java Threads: ( => current thread )
  0x0000018fd240c0c0 JavaThread "Reference Handler" daemon [_thread_blocked, id=38412, stack(0x0000002b56b00000,0x0000002b56c00000)]
  0x0000018fd240c690 JavaThread "Finalizer" daemon [_thread_blocked, id=39400, stack(0x0000002b56c00000,0x0000002b56d00000)]
  0x0000018fd242a750 JavaThread "Signal Dispatcher" daemon [_thread_blocked, id=40924, stack(0x0000002b56d00000,0x0000002b56e00000)]
  0x0000018fd242b110 JavaThread "Attach Listener" daemon [_thread_blocked, id=39944, stack(0x0000002b56e00000,0x0000002b56f00000)]
  0x0000018fd242dae0 JavaThread "Service Thread" daemon [_thread_blocked, id=38976, stack(0x0000002b56f00000,0x0000002b57000000)]
  0x0000018fd242e4a0 JavaThread "Monitor Deflation Thread" daemon [_thread_blocked, id=35932, stack(0x0000002b57000000,0x0000002b57100000)]
  0x0000018fd242ef10 JavaThread "C1 CompilerThread0" daemon [_thread_blocked, id=39112, stack(0x0000002b57100000,0x0000002b57200000)]
  0x0000018fd2431840 JavaThread "Sweeper thread" daemon [_thread_blocked, id=35456, stack(0x0000002b57200000,0x0000002b57300000)]
  0x0000018fd248bba0 JavaThread "C1 CompilerThread1" daemon [_thread_blocked, id=33444, stack(0x0000002b57300000,0x0000002b57400000)]
  0x0000018fd258a920 JavaThread "C1 CompilerThread2" daemon [_thread_blocked, id=38824, stack(0x0000002b57400000,0x0000002b57500000)]
  0x0000018fd25a3ed0 JavaThread "Notification Thread" daemon [_thread_blocked, id=39448, stack(0x0000002b57600000,0x0000002b57700000)]
  0x0000018fd25af4c0 JavaThread "Common-Cleaner" daemon [_thread_blocked, id=37092, stack(0x0000002b57800000,0x0000002b57900000)]
  0x000001901903e450 JavaThread "Catalina-utility-1" [_thread_blocked, id=35228, stack(0x0000002b58b00000,0x0000002b58c00000)]
  0x000001901903e930 JavaThread "Catalina-utility-2" [_thread_blocked, id=40920, stack(0x0000002b58c00000,0x0000002b58d00000)]
  0x0000019019009430 JavaThread "container-0" [_thread_blocked, id=40560, stack(0x0000002b58d00000,0x0000002b58e00000)]
  0x00000190191fc060 JavaThread "HikariPool-1 housekeeper" daemon [_thread_blocked, id=38092, stack(0x0000002b58e00000,0x0000002b58f00000)]
  0x00000190198824c0 JavaThread "java-sdk-http-connection-reaper" daemon [_thread_blocked, id=33000, stack(0x0000002b59000000,0x0000002b59100000)]
  0x0000019019883900 JavaThread "http-nio-8080-exec-1" daemon [_thread_blocked, id=33512, stack(0x0000002b59300000,0x0000002b59400000)]
=>0x0000019019881080 JavaThread "http-nio-8080-exec-2" daemon [_thread_in_native, id=22488, stack(0x0000002b59400000,0x0000002b59500000)]
  0x0000019019883e10 JavaThread "http-nio-8080-exec-3" daemon [_thread_blocked, id=24076, stack(0x0000002b59500000,0x0000002b59600000)]
  0x0000019019881590 JavaThread "http-nio-8080-exec-4" daemon [_thread_blocked, id=38120, stack(0x0000002b59600000,0x0000002b59700000)]
  0x00000190198829d0 JavaThread "http-nio-8080-exec-5" daemon [_thread_blocked, id=13968, stack(0x0000002b59700000,0x0000002b59800000)]
  0x0000019019881fb0 JavaThread "http-nio-8080-exec-6" daemon [_thread_blocked, id=2140, stack(0x0000002b59800000,0x0000002b59900000)]
  0x0000019019882ee0 JavaThread "http-nio-8080-exec-7" daemon [_thread_blocked, id=27640, stack(0x0000002b59900000,0x0000002b59a00000)]
  0x00000190198833f0 JavaThread "http-nio-8080-exec-8" daemon [_thread_blocked, id=35904, stack(0x0000002b59a00000,0x0000002b59b00000)]
  0x0000019019884320 JavaThread "http-nio-8080-exec-9" daemon [_thread_blocked, id=39044, stack(0x0000002b59b00000,0x0000002b59c00000)]
  0x0000019019884830 JavaThread "http-nio-8080-exec-10" daemon [_thread_blocked, id=30032, stack(0x0000002b59c00000,0x0000002b59d00000)]
  0x0000018fd2714610 JavaThread "http-nio-8080-Poller" daemon [_thread_in_native, id=39816, stack(0x0000002b59d00000,0x0000002b59e00000)]
  0x0000018fd2712cc0 JavaThread "http-nio-8080-Acceptor" daemon [_thread_in_native, id=24836, stack(0x0000002b59e00000,0x0000002b59f00000)]
  0x0000018fd27127b0 JavaThread "DestroyJavaVM" [_thread_blocked, id=29372, stack(0x0000002b56400000,0x0000002b56500000)]

Other Threads:
  0x0000018fd23fd1e0 VMThread "VM Thread" [stack: 0x0000002b56a00000,0x0000002b56b00000] [id=40928]
  0x0000018fd25543a0 WatcherThread [stack: 0x0000002b57700000,0x0000002b57800000] [id=23284]
  0x0000018fba9cf6f0 GCTaskThread "GC Thread#0" [stack: 0x0000002b56500000,0x0000002b56600000] [id=40852]
  0x000001901853cb10 GCTaskThread "GC Thread#1" [stack: 0x0000002b57900000,0x0000002b57a00000] [id=32600]
  0x000001901853cdd0 GCTaskThread "GC Thread#2" [stack: 0x0000002b57a00000,0x0000002b57b00000] [id=39080]
  0x000001901853d490 GCTaskThread "GC Thread#3" [stack: 0x0000002b57b00000,0x0000002b57c00000] [id=39244]
  0x000001901853d750 GCTaskThread "GC Thread#4" [stack: 0x0000002b57c00000,0x0000002b57d00000] [id=40084]
  0x00000190186f7c90 GCTaskThread "GC Thread#5" [stack: 0x0000002b57e00000,0x0000002b57f00000] [id=39308]
  0x00000190186f5070 GCTaskThread "GC Thread#6" [stack: 0x0000002b57f00000,0x0000002b58000000] [id=22188]
  0x0000019018bf1ab0 GCTaskThread "GC Thread#7" [stack: 0x0000002b57d00000,0x0000002b57e00000] [id=28740]
  0x0000019018c1bad0 GCTaskThread "GC Thread#8" [stack: 0x0000002b58400000,0x0000002b58500000] [id=37376]
  0x0000019018c1bd90 GCTaskThread "GC Thread#9" [stack: 0x0000002b58500000,0x0000002b58600000] [id=18504]
  0x0000019018c1c050 GCTaskThread "GC Thread#10" [stack: 0x0000002b58600000,0x0000002b58700000] [id=39224]
  0x0000019018c1c720 GCTaskThread "GC Thread#11" [stack: 0x0000002b58700000,0x0000002b58800000] [id=33264]
  0x0000019018c1c9e0 GCTaskThread "GC Thread#12" [stack: 0x0000002b58800000,0x0000002b58900000] [id=37692]
  0x0000018fba9dfd00 ConcurrentGCThread "G1 Main Marker" [stack: 0x0000002b56600000,0x0000002b56700000] [id=40820]
  0x0000018fba9e23f0 ConcurrentGCThread "G1 Conc#0" [stack: 0x0000002b56700000,0x0000002b56800000] [id=38208]
  0x0000019018dd9a30 ConcurrentGCThread "G1 Conc#1" [stack: 0x0000002b58900000,0x0000002b58a00000] [id=39192]
  0x0000019018e354b0 ConcurrentGCThread "G1 Conc#2" [stack: 0x0000002b58a00000,0x0000002b58b00000] [id=40900]
  0x0000018fd22b9910 ConcurrentGCThread "G1 Refine#0" [stack: 0x0000002b56800000,0x0000002b56900000] [id=37308]
  0x0000019019c54ef0 ConcurrentGCThread "G1 Refine#1" [stack: 0x0000002b59100000,0x0000002b59200000] [id=38200]
  0x0000019019c551e0 ConcurrentGCThread "G1 Refine#2" [stack: 0x0000002b59200000,0x0000002b59300000] [id=38280]
  0x0000018fd22ba150 ConcurrentGCThread "G1 Service" [stack: 0x0000002b56900000,0x0000002b56a00000] [id=14284]

Threads with active compile tasks:

VM state: not at safepoint (normal execution)

VM Mutex/Monitor currently owned by a thread: None

Heap address: 0x0000000709400000, size: 3948 MB, Compressed Oops mode: Zero based, Oop shift amount: 3

CDS archive(s) mapped at: [0x0000018fd3000000-0x0000018fd3bd0000-0x0000018fd3bd0000), size 12386304, SharedBaseAddress: 0x0000018fd3000000, ArchiveRelocationMode: 1.
Compressed class space mapped at: 0x0000018fd4000000-0x0000019014000000, reserved size: 1073741824
Narrow klass base: 0x0000018fd3000000, Narrow klass shift: 0, Narrow klass range: 0x100000000

GC Precious Log:
 CPUs: 16 total, 16 available
 Memory: 15789M
 Large Page Support: Disabled
 NUMA Support: Disabled
 Compressed Oops: Enabled (Zero based)
 Heap Region Size: 2M
 Heap Min Capacity: 8M
 Heap Initial Capacity: 248M
 Heap Max Capacity: 3948M
 Pre-touch: Disabled
 Parallel Workers: 13
 Concurrent Workers: 3
 Concurrent Refinement Workers: 13
 Periodic GC: Disabled

Heap:
 garbage-first heap   total 83968K, used 42292K [0x0000000709400000, 0x0000000800000000)
  region size 2048K, 8 young (16384K), 1 survivors (2048K)
 Metaspace       used 64916K, committed 65536K, reserved 1114112K
  class space    used 8924K, committed 9216K, reserved 1048576K

Heap Regions: E=young(eden), S=young(survivor), O=old, HS=humongous(starts), HC=humongous(continues), CS=collection set, F=free, OA=open archive, CA=closed archive, TAMS=top-at-mark-start (previous, next)
|   0|0x0000000709400000, 0x0000000709600000, 0x0000000709600000|100%| O|  |TAMS 0x0000000709600000, 0x0000000709400000| Untracked 
|   1|0x0000000709600000, 0x0000000709800000, 0x0000000709800000|100%| O|  |TAMS 0x0000000709800000, 0x0000000709600000| Untracked 
|   2|0x0000000709800000, 0x0000000709a00000, 0x0000000709a00000|100%| O|  |TAMS 0x0000000709a00000, 0x0000000709800000| Untracked 
|   3|0x0000000709a00000, 0x0000000709c00000, 0x0000000709c00000|100%| O|  |TAMS 0x0000000709c00000, 0x0000000709a00000| Untracked 
|   4|0x0000000709c00000, 0x0000000709c1b800, 0x0000000709e00000|  5%| O|  |TAMS 0x0000000709c1b800, 0x0000000709c00000| Untracked 
|   5|0x0000000709e00000, 0x000000070a000000, 0x000000070a000000|100%| O|  |TAMS 0x000000070a000000, 0x0000000709e00000| Untracked 
|   6|0x000000070a000000, 0x000000070a200000, 0x000000070a200000|100%| O|  |TAMS 0x000000070a200000, 0x000000070a000000| Untracked 
|   7|0x000000070a200000, 0x000000070a400000, 0x000000070a400000|100%| O|  |TAMS 0x000000070a400000, 0x000000070a200000| Untracked 
|   8|0x000000070a400000, 0x000000070a600000, 0x000000070a600000|100%| O|  |TAMS 0x000000070a600000, 0x000000070a400000| Untracked 
|   9|0x000000070a600000, 0x000000070a800000, 0x000000070a800000|100%| O|  |TAMS 0x000000070a800000, 0x000000070a600000| Untracked 
|  10|0x000000070a800000, 0x000000070aa00000, 0x000000070aa00000|100%| O|  |TAMS 0x000000070aa00000, 0x000000070a800000| Untracked 
|  11|0x000000070aa00000, 0x000000070ac00000, 0x000000070ac00000|100%| O|  |TAMS 0x000000070ac00000, 0x000000070aa00000| Untracked 
|  12|0x000000070ac00000, 0x000000070ae00000, 0x000000070ae00000|100%| O|  |TAMS 0x000000070ae00000, 0x000000070ac00000| Untracked 
|  13|0x000000070ae00000, 0x000000070b000000, 0x000000070b000000|100%| O|  |TAMS 0x000000070b000000, 0x000000070ae00000| Untracked 
|  14|0x000000070b000000, 0x000000070b200000, 0x000000070b200000|100%| O|  |TAMS 0x000000070b1b2c00, 0x000000070b000000| Untracked 
|  15|0x000000070b200000, 0x000000070b3df000, 0x000000070b400000| 93%| O|  |TAMS 0x000000070b200000, 0x000000070b200000| Untracked 
|  16|0x000000070b400000, 0x000000070b400000, 0x000000070b600000|  0%| F|  |TAMS 0x000000070b400000, 0x000000070b400000| Untracked 
|  17|0x000000070b600000, 0x000000070b600000, 0x000000070b800000|  0%| F|  |TAMS 0x000000070b600000, 0x000000070b600000| Untracked 
|  18|0x000000070b800000, 0x000000070b800000, 0x000000070ba00000|  0%| F|  |TAMS 0x000000070b800000, 0x000000070b800000| Untracked 
|  19|0x000000070ba00000, 0x000000070ba00000, 0x000000070bc00000|  0%| F|  |TAMS 0x000000070ba00000, 0x000000070ba00000| Untracked 
|  20|0x000000070bc00000, 0x000000070bc00000, 0x000000070be00000|  0%| F|  |TAMS 0x000000070bc00000, 0x000000070bc00000| Untracked 
|  21|0x000000070be00000, 0x000000070be00000, 0x000000070c000000|  0%| F|  |TAMS 0x000000070be00000, 0x000000070be00000| Untracked 
|  22|0x000000070c000000, 0x000000070c000000, 0x000000070c200000|  0%| F|  |TAMS 0x000000070c000000, 0x000000070c000000| Untracked 
|  23|0x000000070c200000, 0x000000070c200000, 0x000000070c400000|  0%| F|  |TAMS 0x000000070c200000, 0x000000070c200000| Untracked 
|  24|0x000000070c400000, 0x000000070c400000, 0x000000070c600000|  0%| F|  |TAMS 0x000000070c400000, 0x000000070c400000| Untracked 
|  25|0x000000070c600000, 0x000000070c752968, 0x000000070c800000| 66%| S|CS|TAMS 0x000000070c600000, 0x000000070c600000| Complete 
|  26|0x000000070c800000, 0x000000070c800000, 0x000000070ca00000|  0%| F|  |TAMS 0x000000070c800000, 0x000000070c800000| Untracked 
|  27|0x000000070ca00000, 0x000000070ca00000, 0x000000070cc00000|  0%| F|  |TAMS 0x000000070ca00000, 0x000000070ca00000| Untracked 
|  28|0x000000070cc00000, 0x000000070cc00000, 0x000000070ce00000|  0%| F|  |TAMS 0x000000070cc00000, 0x000000070cc00000| Untracked 
|  29|0x000000070ce00000, 0x000000070ce00000, 0x000000070d000000|  0%| F|  |TAMS 0x000000070ce00000, 0x000000070ce00000| Untracked 
|  30|0x000000070d000000, 0x000000070d000000, 0x000000070d200000|  0%| F|  |TAMS 0x000000070d000000, 0x000000070d000000| Untracked 
|  31|0x000000070d200000, 0x000000070d200000, 0x000000070d400000|  0%| F|  |TAMS 0x000000070d200000, 0x000000070d200000| Untracked 
|  32|0x000000070d400000, 0x000000070d400000, 0x000000070d600000|  0%| F|  |TAMS 0x000000070d400000, 0x000000070d400000| Untracked 
|  33|0x000000070d600000, 0x000000070d600000, 0x000000070d800000|  0%| F|  |TAMS 0x000000070d600000, 0x000000070d600000| Untracked 
|  34|0x000000070d800000, 0x000000070d8402b0, 0x000000070da00000| 12%| E|  |TAMS 0x000000070d800000, 0x000000070d800000| Complete 
|  35|0x000000070da00000, 0x000000070dc00000, 0x000000070dc00000|100%| E|  |TAMS 0x000000070da00000, 0x000000070da00000| Complete 
| 106|0x0000000716800000, 0x0000000716a00000, 0x0000000716a00000|100%| E|CS|TAMS 0x0000000716800000, 0x0000000716800000| Complete 
| 107|0x0000000716a00000, 0x0000000716c00000, 0x0000000716c00000|100%| E|CS|TAMS 0x0000000716a00000, 0x0000000716a00000| Complete 
| 108|0x0000000716c00000, 0x0000000716e00000, 0x0000000716e00000|100%| E|CS|TAMS 0x0000000716c00000, 0x0000000716c00000| Complete 
| 109|0x0000000716e00000, 0x0000000717000000, 0x0000000717000000|100%| E|CS|TAMS 0x0000000716e00000, 0x0000000716e00000| Complete 
| 123|0x0000000718a00000, 0x0000000718c00000, 0x0000000718c00000|100%| E|CS|TAMS 0x0000000718a00000, 0x0000000718a00000| Complete 

Card table byte_map: [0x0000018fc6880000,0x0000018fc7040000] _byte_map_base: 0x0000018fc3036000

Marking Bits (Prev, Next): (CMBitMap*) 0x0000018fba9cfd50, (CMBitMap*) 0x0000018fba9cfd10
 Prev Bits: [0x0000018fcb5b0000, 0x0000018fcf360000)
 Next Bits: [0x0000018fc7800000, 0x0000018fcb5b0000)

Polling page: 0x0000018fb9110000

Metaspace:

Usage:
  Non-class:     54.68 MB used.
      Class:      8.71 MB used.
       Both:     63.39 MB used.

Virtual space:
  Non-class space:       64.00 MB reserved,      55.00 MB ( 86%) committed,  1 nodes.
      Class space:        1.00 GB reserved,       9.00 MB ( <1%) committed,  1 nodes.
             Both:        1.06 GB reserved,      64.00 MB (  6%) committed. 

Chunk freelists:
   Non-Class:  8.11 MB
       Class:  7.05 MB
        Both:  15.16 MB

MaxMetaspaceSize: unlimited
CompressedClassSpaceSize: 1.00 GB
Initial GC threshold: 21.00 MB
Current GC threshold: 98.12 MB
CDS: on
MetaspaceReclaimPolicy: balanced
 - commit_granule_bytes: 65536.
 - commit_granule_words: 8192.
 - virtual_space_node_default_size: 8388608.
 - enlarge_chunks_in_place: 1.
 - new_chunks_are_fully_committed: 0.
 - uncommit_free_chunks: 1.
 - use_allocation_guard: 0.
 - handle_deallocations: 1.


Internal statistics:

num_allocs_failed_limit: 9.
num_arena_births: 784.
num_arena_deaths: 0.
num_vsnodes_births: 2.
num_vsnodes_deaths: 0.
num_space_committed: 1024.
num_space_uncommitted: 0.
num_chunks_returned_to_freelist: 9.
num_chunks_taken_from_freelist: 3011.
num_chunk_merges: 9.
num_chunk_splits: 2198.
num_chunks_enlarged: 1730.
num_inconsistent_stats: 0.

CodeCache: size=49152Kb used=11012Kb max_used=13015Kb free=38139Kb
 bounds [0x0000018fc22e0000, 0x0000018fc2fa0000, 0x0000018fc52e0000]
 total_blobs=6058 nmethods=5288 adapters=695
 compilation: enabled
              stopped_count=0, restarted_count=0
 full_count=0

Compilation events (20 events):
Event: 11.340 Thread 0x0000018fd242ef10 5280       1       sun.security.provider.MD5::GG (33 bytes)
Event: 11.340 Thread 0x0000018fd258a920 5279       1       sun.security.provider.MD5::FF (33 bytes)
Event: 11.340 Thread 0x0000018fd248bba0 5281       1       sun.security.provider.MD5::HH (29 bytes)
Event: 11.340 Thread 0x0000018fd242ef10 nmethod 5280 0x0000018fc2578e90 code [0x0000018fc2579020, 0x0000018fc25790f8]
Event: 11.340 Thread 0x0000018fd248bba0 nmethod 5281 0x0000018fc2578b90 code [0x0000018fc2578d20, 0x0000018fc2578df8]
Event: 11.340 Thread 0x0000018fd248bba0 5282       1       sun.security.provider.MD5::II (31 bytes)
Event: 11.340 Thread 0x0000018fd258a920 nmethod 5279 0x0000018fc2578890 code [0x0000018fc2578a20, 0x0000018fc2578af8]
Event: 11.340 Thread 0x0000018fd248bba0 nmethod 5282 0x0000018fc2578590 code [0x0000018fc2578720, 0x0000018fc25787f8]
Event: 11.341 Thread 0x0000018fd258a920 5283       1       sun.security.provider.MD5::implCompress (13 bytes)
Event: 11.341 Thread 0x0000018fd248bba0 5285       1       sun.security.provider.MD5::implCompress0 (1407 bytes)
Event: 11.341 Thread 0x0000018fd242ef10 5284       1       sun.security.provider.MD5::implCompressCheck (27 bytes)
Event: 11.341 Thread 0x0000018fd242ef10 nmethod 5284 0x0000018fc2578090 code [0x0000018fc2578240, 0x0000018fc2578458]
Event: 11.341 Thread 0x0000018fd258a920 nmethod 5283 0x0000018fc2577b10 code [0x0000018fc2577cc0, 0x0000018fc2577f08]
Event: 11.342 Thread 0x0000018fd242ef10 5286 %     1       com.sun.crypto.provider.CounterMode::implCrypt @ 3 (88 bytes)
Event: 11.342 Thread 0x0000018fd242ef10 nmethod 5286% 0x0000018fc2577310 code [0x0000018fc25774c0, 0x0000018fc2577888]
Event: 11.342 Thread 0x0000018fd242ef10 5287       1       com.sun.crypto.provider.CounterMode::implCrypt (88 bytes)
Event: 11.343 Thread 0x0000018fd242ef10 nmethod 5287 0x0000018fc2576c90 code [0x0000018fc2576e40, 0x0000018fc2577108]
Event: 11.343 Thread 0x0000018fd258a920 5288       1       jdk.internal.misc.Unsafe::checkNativeAddress (28 bytes)
Event: 11.343 Thread 0x0000018fd258a920 nmethod 5288 0x0000018fc2576990 code [0x0000018fc2576b20, 0x0000018fc2576bd8]
Event: 11.344 Thread 0x0000018fd248bba0 nmethod 5285 0x0000018fc2574890 code [0x0000018fc2574b20, 0x0000018fc2575e98]

GC Heap History (20 events):
Event: 1.593 GC heap before
{Heap before GC invocations=2 (full 0):
 garbage-first heap   total 253952K, used 65390K [0x0000000709400000, 0x0000000800000000)
  region size 2048K, 29 young (59392K), 1 survivors (2048K)
 Metaspace       used 17573K, committed 17920K, reserved 1114112K
  class space    used 2359K, committed 2496K, reserved 1048576K
}
Event: 1.599 GC heap after
{Heap after GC invocations=3 (full 0):
 garbage-first heap   total 253952K, used 14702K [0x0000000709400000, 0x0000000800000000)
  region size 2048K, 4 young (8192K), 4 survivors (8192K)
 Metaspace       used 17573K, committed 17920K, reserved 1114112K
  class space    used 2359K, committed 2496K, reserved 1048576K
}
Event: 2.083 GC heap before
{Heap before GC invocations=3 (full 0):
 garbage-first heap   total 253952K, used 41326K [0x0000000709400000, 0x0000000800000000)
  region size 2048K, 18 young (36864K), 4 survivors (8192K)
 Metaspace       used 21132K, committed 21504K, reserved 1114112K
  class space    used 2856K, committed 3072K, reserved 1048576K
}
Event: 2.086 GC heap after
{Heap after GC invocations=4 (full 0):
 garbage-first heap   total 253952K, used 16035K [0x0000000709400000, 0x0000000800000000)
  region size 2048K, 4 young (8192K), 4 survivors (8192K)
 Metaspace       used 21132K, committed 21504K, reserved 1114112K
  class space    used 2856K, committed 3072K, reserved 1048576K
}
Event: 2.677 GC heap before
{Heap before GC invocations=5 (full 0):
 garbage-first heap   total 69632K, used 48803K [0x0000000709400000, 0x0000000800000000)
  region size 2048K, 20 young (40960K), 4 survivors (8192K)
 Metaspace       used 26142K, committed 26560K, reserved 1114112K
  class space    used 3575K, committed 3776K, reserved 1048576K
}
Event: 2.685 GC heap after
{Heap after GC invocations=6 (full 0):
 garbage-first heap   total 69632K, used 18920K [0x0000000709400000, 0x0000000800000000)
  region size 2048K, 3 young (6144K), 3 survivors (6144K)
 Metaspace       used 26142K, committed 26560K, reserved 1114112K
  class space    used 3575K, committed 3776K, reserved 1048576K
}
Event: 3.086 GC heap before
{Heap before GC invocations=6 (full 0):
 garbage-first heap   total 69632K, used 45544K [0x0000000709400000, 0x0000000800000000)
  region size 2048K, 16 young (32768K), 3 survivors (6144K)
 Metaspace       used 32303K, committed 32704K, reserved 1114112K
  class space    used 4293K, committed 4480K, reserved 1048576K
}
Event: 3.090 GC heap after
{Heap after GC invocations=7 (full 0):
 garbage-first heap   total 69632K, used 20441K [0x0000000709400000, 0x0000000800000000)
  region size 2048K, 1 young (2048K), 1 survivors (2048K)
 Metaspace       used 32303K, committed 32704K, reserved 1114112K
  class space    used 4293K, committed 4480K, reserved 1048576K
}
Event: 3.360 GC heap before
{Heap before GC invocations=7 (full 0):
 garbage-first heap   total 69632K, used 34777K [0x0000000709400000, 0x0000000800000000)
  region size 2048K, 9 young (18432K), 1 survivors (2048K)
 Metaspace       used 35492K, committed 35968K, reserved 1114112K
  class space    used 4791K, committed 5056K, reserved 1048576K
}
Event: 3.363 GC heap after
{Heap after GC invocations=8 (full 0):
 garbage-first heap   total 69632K, used 20813K [0x0000000709400000, 0x0000000800000000)
  region size 2048K, 2 young (4096K), 2 survivors (4096K)
 Metaspace       used 35492K, committed 35968K, reserved 1114112K
  class space    used 4791K, committed 5056K, reserved 1048576K
}
Event: 3.769 GC heap before
{Heap before GC invocations=9 (full 0):
 garbage-first heap   total 69632K, used 47437K [0x0000000709400000, 0x0000000800000000)
  region size 2048K, 15 young (30720K), 2 survivors (4096K)
 Metaspace       used 40454K, committed 40960K, reserved 1114112K
  class space    used 5633K, committed 5888K, reserved 1048576K
}
Event: 3.771 GC heap after
{Heap after GC invocations=10 (full 0):
 garbage-first heap   total 69632K, used 22144K [0x0000000709400000, 0x0000000800000000)
  region size 2048K, 1 young (2048K), 1 survivors (2048K)
 Metaspace       used 40454K, committed 40960K, reserved 1114112K
  class space    used 5633K, committed 5888K, reserved 1048576K
}
Event: 4.335 GC heap before
{Heap before GC invocations=10 (full 0):
 garbage-first heap   total 69632K, used 50816K [0x0000000709400000, 0x0000000800000000)
  region size 2048K, 15 young (30720K), 1 survivors (2048K)
 Metaspace       used 47336K, committed 47808K, reserved 1114112K
  class space    used 6682K, committed 6912K, reserved 1048576K
}
Event: 4.338 GC heap after
{Heap after GC invocations=11 (full 0):
 garbage-first heap   total 69632K, used 23774K [0x0000000709400000, 0x0000000800000000)
  region size 2048K, 2 young (4096K), 2 survivors (4096K)
 Metaspace       used 47336K, committed 47808K, reserved 1114112K
  class space    used 6682K, committed 6912K, reserved 1048576K
}
Event: 4.812 GC heap before
{Heap before GC invocations=11 (full 0):
 garbage-first heap   total 69632K, used 48350K [0x0000000709400000, 0x0000000800000000)
  region size 2048K, 15 young (30720K), 2 survivors (4096K)
 Metaspace       used 53749K, committed 54272K, reserved 1114112K
  class space    used 7514K, committed 7744K, reserved 1048576K
}
Event: 4.816 GC heap after
{Heap after GC invocations=12 (full 0):
 garbage-first heap   total 69632K, used 28353K [0x0000000709400000, 0x0000000800000000)
  region size 2048K, 2 young (4096K), 2 survivors (4096K)
 Metaspace       used 53749K, committed 54272K, reserved 1114112K
  class space    used 7514K, committed 7744K, reserved 1048576K
}
Event: 5.195 GC heap before
{Heap before GC invocations=12 (full 0):
 garbage-first heap   total 69632K, used 48833K [0x0000000709400000, 0x0000000800000000)
  region size 2048K, 12 young (24576K), 2 survivors (4096K)
 Metaspace       used 56320K, committed 56768K, reserved 1114112K
  class space    used 7846K, committed 8064K, reserved 1048576K
}
Event: 5.199 GC heap after
{Heap after GC invocations=13 (full 0):
 garbage-first heap   total 69632K, used 30984K [0x0000000709400000, 0x0000000800000000)
  region size 2048K, 2 young (4096K), 2 survivors (4096K)
 Metaspace       used 56320K, committed 56768K, reserved 1114112K
  class space    used 7846K, committed 8064K, reserved 1048576K
}
Event: 7.748 GC heap before
{Heap before GC invocations=13 (full 0):
 garbage-first heap   total 69632K, used 43272K [0x0000000709400000, 0x0000000800000000)
  region size 2048K, 10 young (20480K), 2 survivors (4096K)
 Metaspace       used 59651K, committed 60160K, reserved 1114112K
  class space    used 8239K, committed 8512K, reserved 1048576K
}
Event: 7.751 GC heap after
{Heap after GC invocations=14 (full 0):
 garbage-first heap   total 83968K, used 32052K [0x0000000709400000, 0x0000000800000000)
  region size 2048K, 1 young (2048K), 1 survivors (2048K)
 Metaspace       used 59651K, committed 60160K, reserved 1114112K
  class space    used 8239K, committed 8512K, reserved 1048576K
}

Deoptimization events (6 events):
Event: 2.724 Thread 0x0000018fba9682a0 DEOPT PACKING pc=0x0000018fc2aa0609 sp=0x0000002b564fed10
Event: 2.724 Thread 0x0000018fba9682a0 DEOPT UNPACKING pc=0x0000018fc2332b43 sp=0x0000002b564fe1a0 mode 3
Event: 2.724 Thread 0x000001901903e450 DEOPT PACKING pc=0x0000018fc2a9a49f sp=0x0000002b58bff160
Event: 2.725 Thread 0x000001901903e450 DEOPT UNPACKING pc=0x0000018fc2332b43 sp=0x0000002b58bfe5b8 mode 3
Event: 4.558 Thread 0x0000018fba9682a0 DEOPT PACKING pc=0x0000018fc2af5fd2 sp=0x0000002b564faab0
Event: 4.558 Thread 0x0000018fba9682a0 DEOPT UNPACKING pc=0x0000018fc2332b43 sp=0x0000002b564f9fb8 mode 3

Classes unloaded (0 events):
No events

Classes redefined (0 events):
No events

Internal exceptions (20 events):
Event: 3.910 Thread 0x0000018fba9682a0 Exception <a 'java/lang/NoSuchMethodError'{0x0000000716b611f8}: 'java.lang.Object java.lang.invoke.DirectMethodHandle$Holder.invokeStaticInit(java.lang.Object, java.lang.Object, int, java.lang.Object)'> (0x0000000716b611f8) 
thrown [s\open\src\hotspot\share\interpreter\linkResolver.cpp, line 759]
Event: 4.087 Thread 0x0000018fba9682a0 Exception <a 'java/lang/NoSuchMethodError'{0x000000070c9c6908}: 'void java.lang.invoke.DirectMethodHandle$Holder.invokeInterface(java.lang.Object, java.lang.Object)'> (0x000000070c9c6908) 
thrown [s\open\src\hotspot\share\interpreter\linkResolver.cpp, line 759]
Event: 4.360 Thread 0x0000018fba9682a0 Exception <a 'java/lang/IncompatibleClassChangeError'{0x0000000718aedb28}: Found class java.lang.Object, but interface was expected> (0x0000000718aedb28) 
thrown [s\open\src\hotspot\share\interpreter\linkResolver.cpp, line 826]
Event: 4.450 Thread 0x0000018fba9682a0 Exception <a 'sun/nio/fs/WindowsException'{0x0000000716c99150}> (0x0000000716c99150) 
thrown [s\open\src\hotspot\share\prims\jni.cpp, line 516]
Event: 4.459 Thread 0x0000018fba9682a0 Exception <a 'java/lang/NoSuchMethodError'{0x0000000716cbcaf0}: 'int java.lang.invoke.DirectMethodHandle$Holder.invokeStaticInit(java.lang.Object, java.lang.Object, java.lang.Object, java.lang.Object)'> (0x0000000716cbcaf0) 
thrown [s\open\src\hotspot\share\interpreter\linkResolver.cpp, line 759]
Event: 4.664 Thread 0x0000018fba9682a0 Exception <a 'java/lang/NoSuchMethodError'{0x000000070c4071b0}: 'int java.lang.invoke.DirectMethodHandle$Holder.invokeStaticInit(java.lang.Object, int, java.lang.Object, java.lang.Object, java.lang.Object, java.lang.Object)'> (0x000000070c4071b0) 
thrown [s\open\src\hotspot\share\interpreter\linkResolver.cpp, line 759]
Event: 4.955 Thread 0x0000018fba9682a0 Exception <a 'sun/nio/fs/WindowsException'{0x0000000716b54868}> (0x0000000716b54868) 
thrown [s\open\src\hotspot\share\prims\jni.cpp, line 516]
Event: 5.007 Thread 0x0000018fba9682a0 Exception <a 'java/lang/IncompatibleClassChangeError'{0x000000070cc27df0}: Found class java.lang.Object, but interface was expected> (0x000000070cc27df0) 
thrown [s\open\src\hotspot\share\interpreter\linkResolver.cpp, line 826]
Event: 5.051 Thread 0x0000018fba9682a0 Exception <a 'java/lang/NoSuchMethodError'{0x000000070ca28380}: 'void java.lang.invoke.DirectMethodHandle$Holder.invokeVirtual(java.lang.Object, java.lang.Object, long)'> (0x000000070ca28380) 
thrown [s\open\src\hotspot\share\interpreter\linkResolver.cpp, line 759]
Event: 5.143 Thread 0x0000018fba9682a0 Exception <a 'java/lang/IncompatibleClassChangeError'{0x000000070c6867e8}: Found class java.lang.Object, but interface was expected> (0x000000070c6867e8) 
thrown [s\open\src\hotspot\share\interpreter\linkResolver.cpp, line 826]
Event: 5.219 Thread 0x0000018fba9682a0 Exception <a 'java/lang/NoSuchMethodError'{0x0000000718ae5ca8}: 'java.lang.Object java.lang.invoke.DirectMethodHandle$Holder.invokeSpecial(java.lang.Object, java.lang.Object, java.lang.Object, java.lang.Object, java.lang.Object, java.lang.Object, java.lang.Object, java.lang.Object, java.lang.Object, java.lang.Object, java.lang.Object)'> (0x0000000718ae5ca8) 
thrown [s\open\src\hotspot\share\interpreter\linkResolver.cpp, line 759]
Event: 5.219 Thread 0x0000018fba9682a0 Exception <a 'java/lang/NoSuchMethodError'{0x0000000718aea478}: 'java.lang.Object java.lang.invoke.Invokers$Holder.invoke_MT(java.lang.Object, java.lang.Object, java.lang.Object, java.lang.Object, java.lang.Object, java.lang.Object, java.lang.Object, java.lang.Object, java.lang.Object, java.lang.Object, java.lang.Object)'> (0x0000000718aea478) 
thrown [s\open\src\hotspot\share\interpreter\linkResolver.cpp, line 759]
Event: 5.267 Thread 0x0000018fba9682a0 Exception <a 'java/lang/NoSuchMethodError'{0x0000000716f924a8}: 'java.lang.Object java.lang.invoke.DirectMethodHandle$Holder.newInvokeSpecial(java.lang.Object, java.lang.Object, int, java.lang.Object, java.lang.Object)'> (0x0000000716f924a8) 
thrown [s\open\src\hotspot\share\interpreter\linkResolver.cpp, line 759]
Event: 7.566 Thread 0x0000018fd2712cc0 Exception <a 'java/lang/NoSuchMethodError'{0x0000000716d90cd0}: 'java.lang.Object java.lang.invoke.DirectMethodHandle$Holder.invokeStaticInit(java.lang.Object, java.lang.Object, java.lang.Object, int, int)'> (0x0000000716d90cd0) 
thrown [s\open\src\hotspot\share\interpreter\linkResolver.cpp, line 759]
Event: 7.597 Thread 0x0000019019883900 Exception <a 'java/lang/NoSuchMethodError'{0x0000000716b45ca0}: 'java.lang.Object java.lang.invoke.DirectMethodHandle$Holder.invokeSpecial(java.lang.Object, java.lang.Object, java.lang.Object, java.lang.Object, java.lang.Object, long)'> (0x0000000716b45ca0) 
thrown [s\open\src\hotspot\share\interpreter\linkResolver.cpp, line 759]
Event: 7.597 Thread 0x0000019019883900 Exception <a 'java/lang/NoSuchMethodError'{0x0000000716b496e0}: 'java.lang.Object java.lang.invoke.Invokers$Holder.linkToTargetMethod(java.lang.Object, java.lang.Object, java.lang.Object, long, java.lang.Object)'> (0x0000000716b496e0) 
thrown [s\open\src\hotspot\share\interpreter\linkResolver.cpp, line 759]
Event: 11.271 Thread 0x0000019019881080 Exception <a 'sun/nio/fs/WindowsException'{0x000000070db2ae58}> (0x000000070db2ae58) 
thrown [s\open\src\hotspot\share\prims\jni.cpp, line 516]
Event: 11.347 Thread 0x0000019019881080 Exception <a 'sun/nio/fs/WindowsException'{0x000000070dbe0ec0}> (0x000000070dbe0ec0) 
thrown [s\open\src\hotspot\share\prims\jni.cpp, line 516]
Event: 11.348 Thread 0x0000019019881080 Exception <a 'sun/nio/fs/WindowsException'{0x000000070dbe2370}> (0x000000070dbe2370) 
thrown [s\open\src\hotspot\share\prims\jni.cpp, line 516]
Event: 11.348 Thread 0x0000019019881080 Exception <a 'sun/nio/fs/WindowsException'{0x000000070dbe2670}> (0x000000070dbe2670) 
thrown [s\open\src\hotspot\share\prims\jni.cpp, line 516]

VM Operations (20 events):
Event: 7.730 Executing VM operation: HandshakeAllThreads
Event: 7.730 Executing VM operation: HandshakeAllThreads done
Event: 7.730 Executing VM operation: Cleanup
Event: 7.730 Executing VM operation: Cleanup done
Event: 7.747 Executing VM operation: CollectForMetadataAllocation
Event: 7.751 Executing VM operation: CollectForMetadataAllocation done
Event: 7.762 Executing VM operation: G1Concurrent
Event: 7.765 Executing VM operation: G1Concurrent done
Event: 7.770 Executing VM operation: G1Concurrent
Event: 7.770 Executing VM operation: G1Concurrent done
Event: 7.779 Executing VM operation: HandshakeAllThreads
Event: 7.779 Executing VM operation: HandshakeAllThreads done
Event: 8.080 Executing VM operation: HandshakeAllThreads
Event: 8.080 Executing VM operation: HandshakeAllThreads done
Event: 9.080 Executing VM operation: Cleanup
Event: 9.080 Executing VM operation: Cleanup done
Event: 11.240 Executing VM operation: HandshakeAllThreads
Event: 11.240 Executing VM operation: HandshakeAllThreads done
Event: 11.240 Executing VM operation: Cleanup
Event: 11.240 Executing VM operation: Cleanup done

Events (20 events):
Event: 8.107 loading class java/util/stream/DoubleStream done
Event: 8.492 Thread 0x000001901910bc50 Thread exited: 0x000001901910bc50
Event: 11.230 Thread 0x0000018fd2591930 Thread exited: 0x0000018fd2591930
Event: 11.245 loading class java/util/BitSet$1BitSetSpliterator
Event: 11.245 loading class java/util/BitSet$1BitSetSpliterator done
Event: 11.245 loading class java/util/stream/IntPipeline$1
Event: 11.245 loading class java/util/stream/IntPipeline$1 done
Event: 11.245 loading class java/util/stream/IntPipeline$1$1
Event: 11.246 loading class java/util/stream/IntPipeline$1$1 done
Event: 11.271 loading class java/nio/file/FileAlreadyExistsException
Event: 11.271 loading class java/nio/file/FileAlreadyExistsException done
Event: 11.337 loading class sun/security/provider/MD5
Event: 11.337 loading class sun/security/provider/MD5 done
Event: 11.337 loading class java/nio/file/StandardCopyOption
Event: 11.337 loading class java/nio/file/StandardCopyOption done
Event: 11.338 loading class java/nio/channels/Channels$1
Event: 11.338 loading class java/nio/channels/Channels$1 done
Event: 11.340 loading class sun/security/provider/ByteArrayAccess$LE
Event: 11.340 loading class sun/security/provider/ByteArrayAccess$LE done
Event: 11.376 Loaded shared library C:\JANG\sia_task\sia-task-dev\task\src\main\resources\nativelib\window\gdalalljni.dll


Dynamic libraries:
0x00007ff77a820000 - 0x00007ff77a830000 	C:\Program Files\Java\jdk-17\bin\java.exe
0x00007ffd8bf80000 - 0x00007ffd8c1e0000 	C:\WINDOWS\SYSTEM32\ntdll.dll
0x00007ffd8a260000 - 0x00007ffd8a327000 	C:\WINDOWS\System32\KERNEL32.DLL
0x00007ffd89650000 - 0x00007ffd89a1a000 	C:\WINDOWS\System32\KERNELBASE.dll
0x00007ffd89c30000 - 0x00007ffd89d7b000 	C:\WINDOWS\System32\ucrtbase.dll
0x00007ffd5c4e0000 - 0x00007ffd5c4f9000 	C:\Program Files\Java\jdk-17\bin\jli.dll
0x00007ffd8ac50000 - 0x00007ffd8ad02000 	C:\WINDOWS\System32\ADVAPI32.dll
0x00007ffd8ba10000 - 0x00007ffd8bab9000 	C:\WINDOWS\System32\msvcrt.dll
0x00007ffd89f90000 - 0x00007ffd8a036000 	C:\WINDOWS\System32\sechost.dll
0x00007ffd8ad70000 - 0x00007ffd8ae86000 	C:\WINDOWS\System32\RPCRT4.dll
0x00007ffd75df0000 - 0x00007ffd75e0b000 	C:\Program Files\Java\jdk-17\bin\VCRUNTIME140.dll
0x00007ffd89d90000 - 0x00007ffd89f5c000 	C:\WINDOWS\System32\USER32.dll
0x00007ffd89620000 - 0x00007ffd89647000 	C:\WINDOWS\System32\win32u.dll
0x00007ffd8b780000 - 0x00007ffd8b7aa000 	C:\WINDOWS\System32\GDI32.dll
0x00007ffd89370000 - 0x00007ffd894a1000 	C:\WINDOWS\System32\gdi32full.dll
0x00007ffd75880000 - 0x00007ffd75b17000 	C:\WINDOWS\WinSxS\amd64_microsoft.windows.common-controls_6595b64144ccf1df_6.0.26100.3624_none_3e086962e3345f24\COMCTL32.dll
0x00007ffd894b0000 - 0x00007ffd89553000 	C:\WINDOWS\System32\msvcp_win.dll
0x00007ffd81010000 - 0x00007ffd8101b000 	C:\WINDOWS\SYSTEM32\VERSION.dll
0x00007ffd8b5e0000 - 0x00007ffd8b60f000 	C:\WINDOWS\System32\IMM32.DLL
0x00007ffd5c4d0000 - 0x00007ffd5c4dc000 	C:\Program Files\Java\jdk-17\bin\vcruntime140_1.dll
0x00007ffd5c440000 - 0x00007ffd5c4ce000 	C:\Program Files\Java\jdk-17\bin\msvcp140.dll
0x00007ffcd4f70000 - 0x00007ffcd5b4f000 	C:\Program Files\Java\jdk-17\bin\server\jvm.dll
0x00007ffd8a250000 - 0x00007ffd8a258000 	C:\WINDOWS\System32\PSAPI.DLL
0x00007ffd86750000 - 0x00007ffd86786000 	C:\WINDOWS\SYSTEM32\WINMM.dll
0x00007ffd6f9b0000 - 0x00007ffd6f9ba000 	C:\WINDOWS\SYSTEM32\WSOCK32.dll
0x00007ffd8b7b0000 - 0x00007ffd8b824000 	C:\WINDOWS\System32\WS2_32.dll
0x00007ffd88090000 - 0x00007ffd880aa000 	C:\WINDOWS\SYSTEM32\kernel.appcore.dll
0x00007ffd5c430000 - 0x00007ffd5c43a000 	C:\Program Files\Java\jdk-17\bin\jimage.dll
0x00007ffd86500000 - 0x00007ffd86741000 	C:\WINDOWS\SYSTEM32\DBGHELP.DLL
0x00007ffd8bac0000 - 0x00007ffd8be42000 	C:\WINDOWS\System32\combase.dll
0x00007ffd8aa60000 - 0x00007ffd8ab36000 	C:\WINDOWS\System32\OLEAUT32.dll
0x00007ffd864c0000 - 0x00007ffd864f9000 	C:\WINDOWS\SYSTEM32\dbgcore.DLL
0x00007ffd892d0000 - 0x00007ffd89369000 	C:\WINDOWS\System32\bcryptPrimitives.dll
0x00007ffd5c380000 - 0x00007ffd5c3a5000 	C:\Program Files\Java\jdk-17\bin\java.dll
0x00007ffd3a680000 - 0x00007ffd3a757000 	C:\Program Files\Java\jdk-17\bin\jsvml.dll
0x00007ffd8a330000 - 0x00007ffd8aa59000 	C:\WINDOWS\System32\SHELL32.dll
0x00007ffd89160000 - 0x00007ffd892c8000 	C:\WINDOWS\System32\wintypes.dll
0x00007ffd86e10000 - 0x00007ffd87662000 	C:\WINDOWS\SYSTEM32\windows.storage.dll
0x00007ffd8be50000 - 0x00007ffd8bf3d000 	C:\WINDOWS\System32\SHCORE.dll
0x00007ffd8a040000 - 0x00007ffd8a0a4000 	C:\WINDOWS\System32\shlwapi.dll
0x00007ffd89070000 - 0x00007ffd8909f000 	C:\WINDOWS\SYSTEM32\profapi.dll
0x00007ffd5c360000 - 0x00007ffd5c379000 	C:\Program Files\Java\jdk-17\bin\net.dll
0x00007ffd80ef0000 - 0x00007ffd8100d000 	C:\WINDOWS\SYSTEM32\WINHTTP.dll
0x00007ffd885b0000 - 0x00007ffd8861a000 	C:\WINDOWS\system32\mswsock.dll
0x00007ffd51310000 - 0x00007ffd51326000 	C:\Program Files\Java\jdk-17\bin\nio.dll
0x00007ffd3a660000 - 0x00007ffd3a678000 	C:\Program Files\Java\jdk-17\bin\zip.dll
0x00007ffd3a620000 - 0x00007ffd3a62e000 	C:\Program Files\Java\jdk-17\bin\sunmscapi.dll
0x00007ffd89a20000 - 0x00007ffd89b97000 	C:\WINDOWS\System32\CRYPT32.dll
0x00007ffd88a50000 - 0x00007ffd88a80000 	C:\WINDOWS\SYSTEM32\ncrypt.dll
0x00007ffd88a00000 - 0x00007ffd88a3f000 	C:\WINDOWS\SYSTEM32\NTASN1.dll
0x00007ffd88850000 - 0x00007ffd8886c000 	C:\WINDOWS\SYSTEM32\CRYPTSP.dll
0x00007ffd87ff0000 - 0x00007ffd8802a000 	C:\WINDOWS\system32\rsaenh.dll
0x00007ffd88650000 - 0x00007ffd8867b000 	C:\WINDOWS\SYSTEM32\USERENV.dll
0x00007ffd89040000 - 0x00007ffd89066000 	C:\WINDOWS\SYSTEM32\bcrypt.dll
0x00007ffd88870000 - 0x00007ffd8887c000 	C:\WINDOWS\SYSTEM32\CRYPTBASE.dll
0x00007ffd879e0000 - 0x00007ffd87a13000 	C:\WINDOWS\SYSTEM32\IPHLPAPI.DLL
0x00007ffd8a240000 - 0x00007ffd8a24a000 	C:\WINDOWS\System32\NSI.dll
0x00007ffd811e0000 - 0x00007ffd811ff000 	C:\WINDOWS\SYSTEM32\dhcpcsvc6.DLL
0x00007ffd80e30000 - 0x00007ffd80e55000 	C:\WINDOWS\SYSTEM32\dhcpcsvc.DLL
0x00007ffd87ad0000 - 0x00007ffd87bf5000 	C:\WINDOWS\SYSTEM32\DNSAPI.dll
0x00007ffd51300000 - 0x00007ffd5130a000 	C:\Program Files\Java\jdk-17\bin\management.dll
0x00007ffd3a650000 - 0x00007ffd3a65b000 	C:\Program Files\Java\jdk-17\bin\management_ext.dll
0x00007ffd5c350000 - 0x00007ffd5c360000 	C:\Program Files\Java\jdk-17\bin\verify.dll
0x00007ffd51660000 - 0x00007ffd51668000 	C:\WINDOWS\system32\wshunix.dll
0x00007ffd75d60000 - 0x00007ffd75d6b000 	C:\Windows\System32\rasadhlp.dll
0x00007ffd7e7e0000 - 0x00007ffd7e865000 	C:\WINDOWS\System32\fwpuclnt.dll
0x00007ffd00c60000 - 0x00007ffd00d08000 	C:\JANG\sia_task\sia-task-dev\task\src\main\resources\nativelib\window\gdalalljni.dll
0x00007ffcb7c20000 - 0x00007ffcb906a000 	C:\JANG\sia_task\sia-task-dev\task\src\main\resources\nativelib\window\gdal.dll
0x00007ffd8b440000 - 0x00007ffd8b5d6000 	C:\WINDOWS\System32\ole32.dll
0x00007ffd7d170000 - 0x00007ffd7d234000 	C:\WINDOWS\SYSTEM32\ODBC32.dll
0x00007ffcf0220000 - 0x00007ffcf02b4000 	C:\JANG\sia_task\sia-task-dev\task\src\main\resources\nativelib\window\libcurl.dll
0x00007ffd71230000 - 0x00007ffd71249000 	C:\JANG\sia_task\sia-task-dev\task\src\main\resources\nativelib\window\zlib.dll
0x00007ffce8b10000 - 0x00007ffce8c73000 	C:\JANG\sia_task\sia-task-dev\task\src\main\resources\nativelib\window\libxml2.dll
0x00007ffd8af10000 - 0x00007ffd8af84000 	C:\WINDOWS\System32\WLDAP32.dll
0x00007ffcec8e0000 - 0x00007ffcec992000 	C:\JANG\sia_task\sia-task-dev\task\src\main\resources\nativelib\window\zstd.dll
0x00007ffce8860000 - 0x00007ffce899a000 	C:\JANG\sia_task\sia-task-dev\task\src\main\resources\nativelib\window\libssl-3-x64.dll
0x00007ffcb7730000 - 0x00007ffcb7c14000 	C:\JANG\sia_task\sia-task-dev\task\src\main\resources\nativelib\window\libcrypto-3-x64.dll
0x00007ffcd5c60000 - 0x00007ffcd5fa0000 	C:\JANG\sia_task\sia-task-dev\task\src\main\resources\nativelib\window\proj_9.dll
0x00007ffce85b0000 - 0x00007ffce885c000 	C:\JANG\sia_task\sia-task-dev\task\src\main\resources\nativelib\window\xerces-c_3_2.dll
0x00007ffce8280000 - 0x00007ffce83cc000 	C:\JANG\sia_task\sia-task-dev\task\src\main\resources\nativelib\window\tiff.dll
0x00007ffd70eb0000 - 0x00007ffd70ee5000 	C:\JANG\sia_task\sia-task-dev\task\src\main\resources\nativelib\window\libpng16.dll
0x00007ffcb7470000 - 0x00007ffcb7730000 	C:\JANG\sia_task\sia-task-dev\task\src\main\resources\nativelib\window\sqlite3.dll
0x0000000180000000 - 0x000000018004e000 	C:\JANG\sia_task\sia-task-dev\task\src\main\resources\nativelib\window\LIBPQ.dll
0x00007ffd54cd0000 - 0x00007ffd54d21000 	C:\JANG\sia_task\sia-task-dev\task\src\main\resources\nativelib\window\openjp2.dll
0x00007ffd710a0000 - 0x00007ffd710c0000 	C:\JANG\sia_task\sia-task-dev\task\src\main\resources\nativelib\window\pcre.dll
0x00007ffcb6770000 - 0x00007ffcb7465000 	C:\JANG\sia_task\sia-task-dev\task\src\main\resources\nativelib\window\spatialite.dll
0x00007ffcb60c0000 - 0x00007ffcb6761000 	C:\JANG\sia_task\sia-task-dev\task\src\main\resources\nativelib\window\libmysql.dll
0x00007ffd68700000 - 0x00007ffd6872a000 	C:\JANG\sia_task\sia-task-dev\task\src\main\resources\nativelib\window\freexl.dll
0x00007ffd5d2b0000 - 0x00007ffd5d2d3000 	C:\JANG\sia_task\sia-task-dev\task\src\main\resources\nativelib\window\ogdi.dll
0x00007ffd50e80000 - 0x00007ffd50edc000 	C:\JANG\sia_task\sia-task-dev\task\src\main\resources\nativelib\window\geos_c.dll
0x00007ffd52c70000 - 0x00007ffd52c9b000 	C:\JANG\sia_task\sia-task-dev\task\src\main\resources\nativelib\window\libexpat.dll
0x00007ffce2a00000 - 0x00007ffce2aff000 	C:\JANG\sia_task\sia-task-dev\task\src\main\resources\nativelib\window\iconv-2.dll
0x00007ffd85ca0000 - 0x00007ffd85cad000 	C:\WINDOWS\SYSTEM32\Secur32.dll
0x00007ffd88e50000 - 0x00007ffd88e5a000 	C:\WINDOWS\SYSTEM32\DPAPI.DLL
0x00007ffd88330000 - 0x00007ffd88378000 	C:\WINDOWS\SYSTEM32\SSPICLI.DLL
0x00007ffcdb780000 - 0x00007ffcdb958000 	C:\JANG\sia_task\sia-task-dev\task\src\main\resources\nativelib\window\geos.dll

dbghelp: loaded successfully - version: 4.0.5 - missing functions: none
symbol engine: initialized successfully - sym options: 0x614 - pdb path: .;C:\Program Files\Java\jdk-17\bin;C:\WINDOWS\SYSTEM32;C:\WINDOWS\WinSxS\amd64_microsoft.windows.common-controls_6595b64144ccf1df_6.0.26100.3624_none_3e086962e3345f24;C:\Program Files\Java\jdk-17\bin\server;C:\JANG\sia_task\sia-task-dev\task\src\main\resources\nativelib\window

VM Arguments:
jvm_args: -Djava.library.path=C:\JANG\sia_task\sia-task-dev\task\src\main\resources\nativelib\window -XX:TieredStopAtLevel=1 -Dfile.encoding=x-windows-949 -Duser.country=KR -Duser.language=ko -Duser.variant 
java_command: com.sia.task.TaskApplication
java_class_path (initial): C:\JANG\sia_task\sia-task-dev\task\build\classes\java\main;C:\JANG\sia_task\sia-task-dev\task\build\resources\main;C:\Users\idjjh\.gradle\caches\modules-2\files-2.1\org.springframework.cloud\spring-cloud-starter-aws\2.2.6.RELEASE\9d7c330b3f4aa477df2db27dd875a0e63a49456\spring-cloud-starter-aws-2.2.6.RELEASE.jar;C:\Users\idjjh\.gradle\caches\modules-2\files-2.1\io.github.cdimascio\java-dotenv\5.2.2\f77d54ff193ed4b07415ab8d7b3d0550716aa8c\java-dotenv-5.2.2.jar;C:\Users\idjjh\.gradle\caches\modules-2\files-2.1\commons-fileupload\commons-fileupload\1.5\ad4ad2ab2961b4e1891472bd1a33fabefb0385f3\commons-fileupload-1.5.jar;C:\Users\idjjh\.gradle\caches\modules-2\files-2.1\org.apache.tika\tika-core\2.9.1\bfd572826e7023dd6ceeefe1b4d0f6d3d8eef507\tika-core-2.9.1.jar;C:\Users\idjjh\.gradle\caches\modules-2\files-2.1\commons-io\commons-io\2.14.0\a4c6e1f6c196339473cd2e1b037f0eb97c62755b\commons-io-2.14.0.jar;C:\Users\idjjh\.gradle\caches\modules-2\files-2.1\org.gdal\gdal\3.10.0\d229b54a2136a6a1e6e8321881789a4465e2ec50\gdal-3.10.0.jar;C:\Users\idjjh\.gradle\caches\modules-2\files-2.1\com.h2database\h2\2.3.232\4fcc05d966ccdb2812ae8b9a718f69226c0cf4e2\h2-2.3.232.jar;C:\Users\idjjh\.gradle\caches\modules-2\files-2.1\org.springframework\spring-webmvc\6.2.6\48c37c417d00b9dc12e344892b206bbbf67f0945\spring-webmvc-6.2.6.jar;C:\Users\idjjh\.gradle\caches\modules-2\files-2.1\org.springframework\spring-web\6.2.6\17a4f806e877a1064a2442fe7545b0036fb9550f\spring-web-6.2.6.jar;C:\Users\idjjh\.gradle\caches\modules-2\files-2.1\org.hibernate.orm\hibernate-core\6.6.13.Final\e7f1b2d53e89b9863dca12cd5f1b261ba413415b\hibernate-core-6.6.13.Final.jar;C:\Users\idjjh\.gradle\caches\modules-2\files-2.1\org.springframework.data\spring-data-jpa\3.4.5\40000309bebdc0e4e284211701f039eb5b1fb1a6\spring-data-jpa-3.4.5.jar;C:\Users\idjjh\.gradle\caches\modules-2\files-2.1\org.springframework\spring-aspects\6.2.6\2bb7fe48b4fef28af71be32815200c19ac95f783\spring-aspects-6.2.6.jar;C:\Users\
Launcher Type: SUN_STANDARD

[Global flags]
     intx CICompilerCount                          = 12                                        {product} {ergonomic}
     uint ConcGCThreads                            = 3                                         {product} {ergonomic}
     uint G1ConcRefinementThreads                  = 13                                        {product} {ergonomic}
   size_t G1HeapRegionSize                         = 2097152                                   {product} {ergonomic}
    uintx GCDrainStackTargetSize                   = 64                                        {product} {ergonomic}
   size_t InitialHeapSize                          = 260046848                                 {product} {ergonomic}
   size_t MarkStackSize                            = 4194304                                   {product} {ergonomic}
   size_t MaxHeapSize                              = 4139778048                                {product} {ergonomic}
   size_t MaxNewSize                               = 2483027968                                {product} {ergonomic}
   size_t MinHeapDeltaBytes                        = 2097152                                   {product} {ergonomic}
   size_t MinHeapSize                              = 8388608                                   {product} {ergonomic}
    uintx NonProfiledCodeHeapSize                  = 0                                      {pd product} {ergonomic}
     bool ProfileInterpreter                       = false                                  {pd product} {command line}
    uintx ProfiledCodeHeapSize                     = 0                                      {pd product} {ergonomic}
   size_t SoftMaxHeapSize                          = 4139778048                             {manageable} {ergonomic}
     intx TieredStopAtLevel                        = 1                                         {product} {command line}
     bool UseCompressedClassPointers               = true                           {product lp64_product} {ergonomic}
     bool UseCompressedOops                        = true                           {product lp64_product} {ergonomic}
     bool UseG1GC                                  = true                                      {product} {ergonomic}
     bool UseLargePagesIndividualAllocation        = false                                  {pd product} {ergonomic}

Logging:
Log output configuration:
 #0: stdout all=warning uptime,level,tags
 #1: stderr all=off uptime,level,tags

Environment Variables:
JAVA_HOME=C:\Program Files\Java\jdk-17
CLASSPATH=C:\JANG\sia_task\sia-task-dev\task\\gradle\wrapper\gradle-wrapper.jar
PATH=C:\JANG\sia_task\sia-task-dev\task\src\main\resources\nativelib\window;C:\Program Files\Java\jdk-17;C:\Python312\Scripts\;C:\Python312\;C:\oraclexe\app\oracle\product\11.2.0\server\bin;C:\Program Files\Common Files\Oracle\Java\javapath;C:\Windows\system32;C:\Windows;C:\Windows\System32\Wbem;C:\Windows\System32\WindowsPowerShell\v1.0\;C:\Windows\System32\OpenSSH\;C:\Program Files (x86)\NVIDIA Corporation\PhysX\Common;C:\WINDOWS\system32;C:\WINDOWS;C:\WINDOWS\System32\Wbem;C:\WINDOWS\System32\WindowsPowerShell\v1.0\;C:\WINDOWS\System32\OpenSSH\;C:\Program Files\Git\cmd;C:\ProgramData\chocolatey\bin;C:\nodejs;C:\Program Files\NVIDIA Corporation\NVIDIA app\NvDLISR;C:\Program Files\Docker\Docker\resources\bin;C:\Program Files\nodejs\;C:\Users\idjjh\AppData\Local\Programs\Python\Python313\Scripts\;C:\Users\idjjh\AppData\Local\Programs\Python\Python313\;C:\Users\idjjh\AppData\Local\Microsoft\WindowsApps;C:\apache-maven-3.9.9\bin;C:\Users\idjjh\AppData\Roaming\npm;C:\Program Files\Git\bin;C:\Python312\Scripts\;
USERNAME=junhee
LANG=en_US.UTF-8
OS=Windows_NT
PROCESSOR_IDENTIFIER=AMD64 Family 23 Model 96 Stepping 1, AuthenticAMD



---------------  S Y S T E M  ---------------

OS:
 Windows 11 , 64 bit Build 26100 (10.0.26100.3775)
OS uptime: 0 days 4:36 hours
Hyper-V role detected

CPU: total 16 (initial active 16) (16 cores per cpu, 2 threads per core) family 23 model 96 stepping 1 microcode 0x8600104, cx8, cmov, fxsr, ht, mmx, 3dnowpref, sse, sse2, sse3, ssse3, sse4a, sse4.1, sse4.2, popcnt, lzcnt, tsc, tscinvbit, avx, avx2, aes, clmul, bmi1, bmi2, adx, sha, fma, vzeroupper, clflush, clflushopt, hv

Memory: 4k page, system-wide physical 15789M (2965M free)
TotalPageFile size 22189M (AvailPageFile size 1431M)
current process WorkingSet (physical memory assigned to process): 222M, peak: 222M
current process commit charge ("private bytes"): 289M, peak: 386M

vm_info: Java HotSpot(TM) 64-Bit Server VM (17.0.10+11-LTS-240) for windows-amd64 JRE (17.0.10+11-LTS-240), built on Dec 19 2023 21:47:25 by "mach5one" with MS VC++ 17.1 (VS2022)

END.
