#
# A fatal error has been detected by the Java Runtime Environment:
#
#  EXCEPTION_ACCESS_VIOLATION (0xc0000005) at pc=0x00007ff946b632a8, pid=16540, tid=36064
#
# JRE version: Java(TM) SE Runtime Environment (17.0.10+11) (build 17.0.10+11-LTS-240)
# Java VM: Java HotSpot(TM) 64-Bit Server VM (17.0.10+11-LTS-240, mixed mode, emulated-client, sharing, tiered, compressed oops, compressed class ptrs, g1 gc, windows-amd64)
# Problematic frame:
# C  [msvcp140.dll+0x132a8]
#
# No core dump will be written. Minidumps are not enabled by default on client versions of Windows
#
# If you would like to submit a bug report, please visit:
#   https://bugreport.java.com/bugreport/crash.jsp
# The crash happened outside the Java Virtual Machine in native code.
# See problematic frame for where to report the bug.
#

---------------  S U M M A R Y ------------

Command Line: -Djava.library.path=C:\JANG\sia_task\sia-task-dev\task/src/main/resource/nativelib/window -XX:TieredStopAtLevel=1 -Dfile.encoding=x-windows-949 -Duser.country=KR -Duser.language=ko -Duser.variant com.sia.task.TaskApplication

Host: AMD Ryzen 9 4900HS with Radeon Graphics         , 16 cores, 15G,  Windows 11 , 64 bit Build 26100 (10.0.26100.3775)
Time: Sun Apr 27 22:28:35 2025  Windows 11 , 64 bit Build 26100 (10.0.26100.3775) elapsed time: 15.852040 seconds (0d 0h 0m 15s)

---------------  T H R E A D  ---------------

Current thread (0x0000017af7749aa0):  JavaThread "http-nio-8080-exec-2" daemon [_thread_in_native, id=36064, stack(0x000000300d700000,0x000000300d800000)]

Stack: [0x000000300d700000,0x000000300d800000],  sp=0x000000300d7fcbf0,  free space=1010k
Native frames: (J=compiled Java code, j=interpreted, Vv=VM code, C=native code)
C  [msvcp140.dll+0x132a8]
C  [gdal.dll+0xc2757d]

Java frames: (J=compiled Java code, j=interpreted, Vv=VM code)
j  org.gdal.gdal.gdalJNI.Open__SWIG_1(Ljava/lang/String;)J+0
j  org.gdal.gdal.gdal.Open(Ljava/lang/String;)Lorg/gdal/gdal/Dataset;+1
j  com.sia.task.service.ConvertCOGService.fileConvertCOG(Ljava/util/List;)V+433
j  com.sia.task.service.FileProcessingService.fileProcessing(Ljava/util/List;)V+14
j  com.sia.task.controller.FileProcessingController.fileProcessing(Lcom/sia/task/fileDTO/FileDTO;)Lorg/springframework/http/ResponseEntity;+39
v  ~StubRoutines::call_stub
J 3822  jdk.internal.reflect.NativeMethodAccessorImpl.invoke0(Ljava/lang/reflect/Method;Ljava/lang/Object;[Ljava/lang/Object;)Ljava/lang/Object; java.base@17.0.10 (0 bytes) @ 0x0000017ae24668a7 [0x0000017ae2466820+0x0000000000000087]
J 3821 c1 jdk.internal.reflect.NativeMethodAccessorImpl.invoke(Ljava/lang/Object;[Ljava/lang/Object;)Ljava/lang/Object; java.base@17.0.10 (137 bytes) @ 0x0000017ae24670cc [0x0000017ae2466d80+0x000000000000034c]
J 3809 c1 jdk.internal.reflect.DelegatingMethodAccessorImpl.invoke(Ljava/lang/Object;[Ljava/lang/Object;)Ljava/lang/Object; java.base@17.0.10 (10 bytes) @ 0x0000017ae2463c64 [0x0000017ae2463c20+0x0000000000000044]
J 3811 c1 java.lang.reflect.Method.invoke(Ljava/lang/Object;[Ljava/lang/Object;)Ljava/lang/Object; java.base@17.0.10 (65 bytes) @ 0x0000017ae246446c [0x0000017ae2464360+0x000000000000010c]
j  org.springframework.web.method.support.InvocableHandlerMethod.doInvoke([Ljava/lang/Object;)Ljava/lang/Object;+55
j  org.springframework.web.method.support.InvocableHandlerMethod.invokeForRequest(Lorg/springframework/web/context/request/NativeWebRequest;Lorg/springframework/web/method/support/ModelAndViewContainer;[Ljava/lang/Object;)Ljava/lang/Object;+82
j  org.springframework.web.servlet.mvc.method.annotation.ServletInvocableHandlerMethod.invokeAndHandle(Lorg/springframework/web/context/request/ServletWebRequest;Lorg/springframework/web/method/support/ModelAndViewContainer;[Ljava/lang/Object;)V+4
j  org.springframework.web.servlet.mvc.method.annotation.RequestMappingHandlerAdapter.invokeHandlerMethod(Ljakarta/servlet/http/HttpServletRequest;Ljakarta/servlet/http/HttpServletResponse;Lorg/springframework/web/method/HandlerMethod;)Lorg/springframework/web/servlet/ModelAndView;+309
j  org.springframework.web.servlet.mvc.method.annotation.RequestMappingHandlerAdapter.handleInternal(Ljakarta/servlet/http/HttpServletRequest;Ljakarta/servlet/http/HttpServletResponse;Lorg/springframework/web/method/HandlerMethod;)Lorg/springframework/web/servlet/ModelAndView;+81
j  org.springframework.web.servlet.mvc.method.AbstractHandlerMethodAdapter.handle(Ljakarta/servlet/http/HttpServletRequest;Ljakarta/servlet/http/HttpServletResponse;Ljava/lang/Object;)Lorg/springframework/web/servlet/ModelAndView;+7
j  org.springframework.web.servlet.DispatcherServlet.doDispatch(Ljakarta/servlet/http/HttpServletRequest;Ljakarta/servlet/http/HttpServletResponse;)V+304
j  org.springframework.web.servlet.DispatcherServlet.doService(Ljakarta/servlet/http/HttpServletRequest;Ljakarta/servlet/http/HttpServletResponse;)V+242
j  org.springframework.web.servlet.FrameworkServlet.processRequest(Ljakarta/servlet/http/HttpServletRequest;Ljakarta/servlet/http/HttpServletResponse;)V+70
j  org.springframework.web.servlet.FrameworkServlet.doPost(Ljakarta/servlet/http/HttpServletRequest;Ljakarta/servlet/http/HttpServletResponse;)V+3
j  jakarta.servlet.http.HttpServlet.service(Ljakarta/servlet/http/HttpServletRequest;Ljakarta/servlet/http/HttpServletResponse;)V+150
j  org.springframework.web.servlet.FrameworkServlet.service(Ljakarta/servlet/http/HttpServletRequest;Ljakarta/servlet/http/HttpServletResponse;)V+20
j  jakarta.servlet.http.HttpServlet.service(Ljakarta/servlet/ServletRequest;Ljakarta/servlet/ServletResponse;)V+37
j  org.apache.catalina.core.ApplicationFilterChain.internalDoFilter(Ljakarta/servlet/ServletRequest;Ljakarta/servlet/ServletResponse;)V+300
j  org.apache.catalina.core.ApplicationFilterChain.doFilter(Ljakarta/servlet/ServletRequest;Ljakarta/servlet/ServletResponse;)V+99
j  org.apache.tomcat.websocket.server.WsFilter.doFilter(Ljakarta/servlet/ServletRequest;Ljakarta/servlet/ServletResponse;Ljakarta/servlet/FilterChain;)V+21
j  org.apache.catalina.core.ApplicationFilterChain.internalDoFilter(Ljakarta/servlet/ServletRequest;Ljakarta/servlet/ServletResponse;)V+130
j  org.apache.catalina.core.ApplicationFilterChain.doFilter(Ljakarta/servlet/ServletRequest;Ljakarta/servlet/ServletResponse;)V+99
j  org.springframework.web.filter.RequestContextFilter.doFilterInternal(Ljakarta/servlet/http/HttpServletRequest;Ljakarta/servlet/http/HttpServletResponse;Ljakarta/servlet/FilterChain;)V+21
j  org.springframework.web.filter.OncePerRequestFilter.doFilter(Ljakarta/servlet/ServletRequest;Ljakarta/servlet/ServletResponse;Ljakarta/servlet/FilterChain;)V+150
j  org.apache.catalina.core.ApplicationFilterChain.internalDoFilter(Ljakarta/servlet/ServletRequest;Ljakarta/servlet/ServletResponse;)V+130
j  org.apache.catalina.core.ApplicationFilterChain.doFilter(Ljakarta/servlet/ServletRequest;Ljakarta/servlet/ServletResponse;)V+99
j  org.springframework.web.filter.FormContentFilter.doFilterInternal(Ljakarta/servlet/http/HttpServletRequest;Ljakarta/servlet/http/HttpServletResponse;Ljakarta/servlet/FilterChain;)V+38
j  org.springframework.web.filter.OncePerRequestFilter.doFilter(Ljakarta/servlet/ServletRequest;Ljakarta/servlet/ServletResponse;Ljakarta/servlet/FilterChain;)V+150
j  org.apache.catalina.core.ApplicationFilterChain.internalDoFilter(Ljakarta/servlet/ServletRequest;Ljakarta/servlet/ServletResponse;)V+130
j  org.apache.catalina.core.ApplicationFilterChain.doFilter(Ljakarta/servlet/ServletRequest;Ljakarta/servlet/ServletResponse;)V+99
j  org.springframework.web.filter.CharacterEncodingFilter.doFilterInternal(Ljakarta/servlet/http/HttpServletRequest;Ljakarta/servlet/http/HttpServletResponse;Ljakarta/servlet/FilterChain;)V+53
j  org.springframework.web.filter.OncePerRequestFilter.doFilter(Ljakarta/servlet/ServletRequest;Ljakarta/servlet/ServletResponse;Ljakarta/servlet/FilterChain;)V+150
j  org.apache.catalina.core.ApplicationFilterChain.internalDoFilter(Ljakarta/servlet/ServletRequest;Ljakarta/servlet/ServletResponse;)V+130
j  org.apache.catalina.core.ApplicationFilterChain.doFilter(Ljakarta/servlet/ServletRequest;Ljakarta/servlet/ServletResponse;)V+99
j  org.apache.catalina.core.StandardWrapperValve.invoke(Lorg/apache/catalina/connector/Request;Lorg/apache/catalina/connector/Response;)V+514
j  org.apache.catalina.core.StandardContextValve.invoke(Lorg/apache/catalina/connector/Request;Lorg/apache/catalina/connector/Response;)V+169
j  org.apache.catalina.authenticator.AuthenticatorBase.invoke(Lorg/apache/catalina/connector/Request;Lorg/apache/catalina/connector/Response;)V+221
j  org.apache.catalina.core.StandardHostValve.invoke(Lorg/apache/catalina/connector/Request;Lorg/apache/catalina/connector/Response;)V+131
j  org.apache.catalina.valves.ErrorReportValve.invoke(Lorg/apache/catalina/connector/Request;Lorg/apache/catalina/connector/Response;)V+6
j  org.apache.catalina.core.StandardEngineValve.invoke(Lorg/apache/catalina/connector/Request;Lorg/apache/catalina/connector/Response;)V+59
j  org.apache.catalina.connector.CoyoteAdapter.service(Lorg/apache/coyote/Request;Lorg/apache/coyote/Response;)V+188
j  org.apache.coyote.http11.Http11Processor.service(Lorg/apache/tomcat/util/net/SocketWrapperBase;)Lorg/apache/tomcat/util/net/AbstractEndpoint$Handler$SocketState;+796
j  org.apache.coyote.AbstractProcessorLight.process(Lorg/apache/tomcat/util/net/SocketWrapperBase;Lorg/apache/tomcat/util/net/SocketEvent;)Lorg/apache/tomcat/util/net/AbstractEndpoint$Handler$SocketState;+155
j  org.apache.coyote.AbstractProtocol$ConnectionHandler.process(Lorg/apache/tomcat/util/net/SocketWrapperBase;Lorg/apache/tomcat/util/net/SocketEvent;)Lorg/apache/tomcat/util/net/AbstractEndpoint$Handler$SocketState;+482
j  org.apache.tomcat.util.net.NioEndpoint$SocketProcessor.doRun()V+249
j  org.apache.tomcat.util.net.SocketProcessorBase.run()V+32
j  org.apache.tomcat.util.threads.ThreadPoolExecutor.runWorker(Lorg/apache/tomcat/util/threads/ThreadPoolExecutor$Worker;)V+92
j  org.apache.tomcat.util.threads.ThreadPoolExecutor$Worker.run()V+5
j  org.apache.tomcat.util.threads.TaskThread$WrappingRunnable.run()V+4
j  java.lang.Thread.run()V+11 java.base@17.0.10
v  ~StubRoutines::call_stub

siginfo: EXCEPTION_ACCESS_VIOLATION (0xc0000005), reading address 0x0000000000000000


Registers:
RAX=0x0000000000000000, RBX=0x0000017af6776220, RCX=0x00007ff90e9a86f8, RDX=0x0000000000000000
RSP=0x000000300d7fcbf0, RBP=0x000000300d7fce00, RSI=0x00007ff90e9a86f0, RDI=0x0000000000004000
R8 =0x0000000000000009, R9 =0x0000000000000040, R10=0xfefefefefefefeff, R11=0x8080808080808080
R12=0x000000300d7fced0, R13=0x0000000000000000, R14=0x0000000000000000, R15=0x00007ff90e9a8738
RIP=0x00007ff946b632a8, EFLAGS=0x0000000000010282


Register to memory mapping:

RIP=0x00007ff946b632a8 msvcp140.dll
RAX=0x0 is NULL
RBX=0x0000017af6776220 points into unknown readable memory: 0x73726573555c3a43 | 43 3a 5c 55 73 65 72 73
RCX=0x00007ff90e9a86f8 gdal.dll
RDX=0x0 is NULL
RSP=0x000000300d7fcbf0 is pointing into the stack for thread: 0x0000017af7749aa0
RBP=0x000000300d7fce00 is pointing into the stack for thread: 0x0000017af7749aa0
RSI=0x00007ff90e9a86f0 gdal.dll
RDI=0x0000000000004000 is an unknown value
R8 =0x0000000000000009 is an unknown value
R9 =0x0000000000000040 is an unknown value
R10=0xfefefefefefefeff is an unknown value
R11=0x8080808080808080 is an unknown value
R12=0x000000300d7fced0 is pointing into the stack for thread: 0x0000017af7749aa0
R13=0x0 is NULL
R14=0x0 is NULL
R15=0x00007ff90e9a8738 gdal.dll


Top of Stack: (sp=0x000000300d7fcbf0)
0x000000300d7fcbf0:   0000000000000002 0000000000000000
0x000000300d7fcc00:   0000000000000000 0000000000000000
0x000000300d7fcc10:   0000000000000000 0000000000000000
0x000000300d7fcc20:   0000b2432465a1c6 0000017af67761d0
0x000000300d7fcc30:   0000000000000042 0000017af67761d0
0x000000300d7fcc40:   0000000000004000 00007ff90e25757d
0x000000300d7fcc50:   0000017ad7bc0000 000000000000003a
0x000000300d7fcc60:   0000017af6776220 ffffffffffffffff
0x000000300d7fcc70:   00007ff90e9a86f0 00007ff90d64c93e
0x000000300d7fcc80:   000000000000003a 0000017af7749aa0
0x000000300d7fcc90:   0000017a80453e48 00007969a4401b0e
0x000000300d7fcca0:   0000000000000042 0000017af67761d0
0x000000300d7fccb0:   0000000000000000 0000000000000000
0x000000300d7fccc0:   0000000000004000 ffffffffffffffff
0x000000300d7fccd0:   000000300d7fce00 00007ff90e256d8d
0x000000300d7fcce0:   000000300d7fce90 000000300d7fd170 

Instructions: (pc=0x00007ff946b632a8)
0x00007ff946b631a8:   48 89 01 48 83 c1 08 48 83 c4 28 48 ff 25 26 30
0x00007ff946b631b8:   04 00 48 8d 05 37 70 04 00 45 33 c0 48 89 01 ba
0x00007ff946b631c8:   a0 0f 00 00 48 83 c1 08 48 83 c4 28 48 ff 25 ed
0x00007ff946b631d8:   2f 04 00 cc cc cc cc cc 48 83 c1 08 48 ff 25 cd
0x00007ff946b631e8:   2f 04 00 cc cc cc cc cc 48 83 c1 08 48 ff 25 dd
0x00007ff946b631f8:   2f 04 00 cc cc cc cc cc 48 83 c1 08 48 ff 25 45
0x00007ff946b63208:   2e 04 00 cc 48 89 5c 24 18 48 89 74 24 20 57 41
0x00007ff946b63218:   56 41 57 48 83 ec 40 48 8b 05 0a 11 07 00 48 33
0x00007ff946b63228:   c4 48 89 44 24 30 8b 01 4c 8b f2 0f ba f0 08 48
0x00007ff946b63238:   8b f1 83 f8 01 75 4a ff 15 b3 2f 04 00 39 46 48
0x00007ff946b63248:   74 19 48 8d 4e 08 48 8b 01 48 8b 00 ff 15 6e 34
0x00007ff946b63258:   04 00 ff 15 98 2f 04 00 89 46 48 ff 46 4c 33 c0
0x00007ff946b63268:   48 8b 4c 24 30 48 33 cc e8 cb fd 03 00 48 8b 5c
0x00007ff946b63278:   24 70 48 8b 74 24 78 48 83 c4 40 41 5f 41 5e 5f
0x00007ff946b63288:   c3 4d 85 f6 75 28 4c 8d 79 48 ff 15 60 2f 04 00
0x00007ff946b63298:   41 39 07 0f 84 ad 00 00 00 48 8d 4e 08 48 8b 01
0x00007ff946b632a8:   48 8b 00 ff 15 17 34 04 00 e9 98 00 00 00 48 83
0x00007ff946b632b8:   3a 00 7c 6e 75 06 83 7a 08 00 7e 66 ba 01 00 00
0x00007ff946b632c8:   00 48 8d 4c 24 20 e8 2d 09 00 00 48 8b 44 24 20
0x00007ff946b632d8:   49 3b 06 7c 14 0f 85 b3 00 00 00 41 8b 46 08 39
0x00007ff946b632e8:   44 24 28 0f 8d a5 00 00 00 4c 8d 7e 48 ff 15 fd
0x00007ff946b632f8:   2e 04 00 41 39 07 74 4e 48 8b 46 08 48 8d 54 24
0x00007ff946b63308:   20 49 8b ce 48 8b 58 10 e8 db 07 00 00 8b d0 48
0x00007ff946b63318:   8d 4e 08 48 8b c3 ff 15 a4 33 04 00 84 c0 74 9c
0x00007ff946b63328:   eb 24 4c 8d 79 48 ff 15 c4 2e 04 00 41 39 07 74
0x00007ff946b63338:   15 48 8d 4e 08 48 8b 01 48 8b 40 08 ff 15 7e 33
0x00007ff946b63348:   04 00 84 c0 74 48 8b 4e 4c 33 db bf 02 01 00 00
0x00007ff946b63358:   8d 41 01 89 46 4c 83 f8 01 7e 0f f7 06 00 01 00
0x00007ff946b63368:   00 75 10 89 4e 4c 8b df eb 09 ff 15 80 2e 04 00
0x00007ff946b63378:   41 89 07 85 db 0f 84 e3 fe ff ff 3b df 74 0a b8
0x00007ff946b63388:   04 00 00 00 e9 d7 fe ff ff 4d 85 f6 74 20 49 83
0x00007ff946b63398:   3e 00 75 10 41 8b 46 08 f7 d8 1b c0 83 c0 03 e9 


Stack slot to memory mapping:
stack at sp + 0 slots: 0x0000000000000002 is an unknown value
stack at sp + 1 slots: 0x0 is NULL
stack at sp + 2 slots: 0x0 is NULL
stack at sp + 3 slots: 0x0 is NULL
stack at sp + 4 slots: 0x0 is NULL
stack at sp + 5 slots: 0x0 is NULL
stack at sp + 6 slots: 0x0000b2432465a1c6 is an unknown value
stack at sp + 7 slots: 0x0000017af67761d0 points into unknown readable memory: 0x73726573555c3a43 | 43 3a 5c 55 73 65 72 73


Compiled method (n/a)   15917 3822     n 0       jdk.internal.reflect.NativeMethodAccessorImpl::invoke0 (native)
 total in heap  [0x0000017ae2466690,0x0000017ae2466b30] = 1184
 relocation     [0x0000017ae24667e8,0x0000017ae2466820] = 56
 main code      [0x0000017ae2466820,0x0000017ae2466b30] = 784

[Constant Pool (empty)]

[MachCode]
[Entry Point]
  # {method} {0x0000017a801c4290} 'invoke0' '(Ljava/lang/reflect/Method;Ljava/lang/Object;[Ljava/lang/Object;)Ljava/lang/Object;' in 'jdk/internal/reflect/NativeMethodAccessorImpl'
  # parm0:    rdx:rdx   = 'java/lang/reflect/Method'
  # parm1:    r8:r8     = 'java/lang/Object'
  # parm2:    r9:r9     = '[Ljava/lang/Object;'
  #           [sp+0x80]  (sp of caller)
  0x0000017ae2466820: 448b 5208 | 49bb 0000 | 0080 7a01 | 0000 4d03 | d349 3bc2 | 0f84 0600 

  0x0000017ae2466838: ;   {runtime_call ic_miss_stub}
  0x0000017ae2466838: 0000 e941 | 623e ff90 
[Verified Entry Point]
  0x0000017ae2466840: 8984 2400 | 90ff ff55 | 488b ec48 | 83ec 704c | 894c 2438 | 4983 f900 | 488d 4424 | 3848 0f44 
  0x0000017ae2466860: 4424 3848 | 8944 2420 | 4c89 4424 | 3049 83f8 | 004c 8d4c | 2430 4c0f | 444c 2430 | 4889 5424 
  0x0000017ae2466880: 2848 83fa | 004c 8d44 | 2428 4c0f | 4444 2428 

  0x0000017ae2466890: ;   {oop(a 'java/lang/Class'{0x00000007097a5c98} = 'jdk/internal/reflect/NativeMethodAccessorImpl')}
  0x0000017ae2466890: 49be 985c | 7a09 0700 | 0000 4c89 | 7424 584c | 8d74 2458 | 498b d6c5 

  0x0000017ae24668a8: ;   {internal_word}
  0x0000017ae24668a8: f877 49ba | a768 46e2 | 7a01 0000 | 4d89 9798 | 0200 0049 | 89a7 9002 

  0x0000017ae24668c0: ;   {external_word}
  0x0000017ae24668c0: 0000 49ba | e380 8811 | f97f 0000 | 4180 3a00 | 0f84 5200 | 0000 5241 

  0x0000017ae24668d8: ;   {metadata({method} {0x0000017a801c4290} 'invoke0' '(Ljava/lang/reflect/Method;Ljava/lang/Object;[Ljava/lang/Object;)Ljava/lang/Object;' in 'jdk/internal/reflect/NativeMethodAccessorImpl')}
  0x0000017ae24668d8: 5041 5148 | ba88 421c | 807a 0100 | 0049 8bcf | 4883 ec20 | f7c4 0f00 | 0000 0f84 | 1a00 0000 
  0x0000017ae24668f8: 4883 ec08 

  0x0000017ae24668fc: ;   {runtime_call}
  0x0000017ae24668fc: 49ba 00d6 | 4511 f97f | 0000 41ff | d248 83c4 | 08e9 0d00 

  0x0000017ae2466910: ;   {runtime_call}
  0x0000017ae2466910: 0000 49ba | 00d6 4511 | f97f 0000 | 41ff d248 | 83c4 2041 | 5941 585a | 498d 8fb0 | 0200 0041 
  0x0000017ae2466930: c787 4003 | 0000 0400 

  0x0000017ae2466938: ;   {runtime_call}
  0x0000017ae2466938: 0000 49ba | a43e 1773 | f97f 0000 | 41ff d2c5 | f877 41c7 | 8740 0300 | 0005 0000 | 00f0 8344 
  0x0000017ae2466958: 24c0 0049 | 3baf 4803 | 0000 0f87 | 1100 0000 | 4181 bf30 | 0300 0000 | 0000 000f | 842c 0000 
  0x0000017ae2466978: 00c5 f877 | 4889 45f8 | 498b cf4c | 8be4 4883 | ec20 4883 

  0x0000017ae246698c: ;   {runtime_call}
  0x0000017ae246698c: e4f0 49ba | 408d 5011 | f97f 0000 | 41ff d249 | 8be4 4d33 | e448 8b45 | f841 c787 | 4003 0000 
  0x0000017ae24669ac: 0800 0000 | 4181 bfb0 | 0300 0002 | 0000 000f | 843f 0100 

  0x0000017ae24669c0: ;   {external_word}
  0x0000017ae24669c0: 0049 bae3 | 8088 11f9 | 7f00 0041 | 803a 000f | 8450 0000 | 0048 8945 

  0x0000017ae24669d8: ;   {metadata({method} {0x0000017a801c4290} 'invoke0' '(Ljava/lang/reflect/Method;Ljava/lang/Object;[Ljava/lang/Object;)Ljava/lang/Object;' in 'jdk/internal/reflect/NativeMethodAccessorImpl')}
  0x0000017ae24669d8: f848 ba88 | 421c 807a | 0100 0049 | 8bcf 4883 | ec20 f7c4 | 0f00 0000 | 0f84 1a00 | 0000 4883 
  0x0000017ae24669f8: ;   {runtime_call}
  0x0000017ae24669f8: ec08 49ba | 00d6 4511 | f97f 0000 | 41ff d248 | 83c4 08e9 | 0d00 0000 

  0x0000017ae2466a10: ;   {runtime_call}
  0x0000017ae2466a10: 49ba 00d6 | 4511 f97f | 0000 41ff | d248 83c4 | 2048 8b45 | f849 c787 | 9002 0000 | 0000 0000 
  0x0000017ae2466a30: 49c7 8798 | 0200 0000 | 0000 00c5 | f877 4885 | c00f 8493 | 0000 0048 | f7c0 0100 | 0000 0f84 
  0x0000017ae2466a50: 8300 0000 | 488b 40ff | 4180 7f38 | 000f 846f | 0000 0048 | 83f8 000f | 8465 0000 | 0049 8b4f 
  0x0000017ae2466a70: 2048 83f9 | 000f 8414 | 0000 0048 | 83e9 0849 | 894f 2049 | 034f 3048 | 8901 e943 | 0000 0050 
  0x0000017ae2466a90: 498b d748 | 8bc8 4883 | ec20 f7c4 | 0f00 0000 | 0f84 1a00 | 0000 4883 

  0x0000017ae2466aa8: ;   {runtime_call}
  0x0000017ae2466aa8: ec08 49ba | 3009 0511 | f97f 0000 | 41ff d248 | 83c4 08e9 | 0d00 0000 

  0x0000017ae2466ac0: ;   {runtime_call}
  0x0000017ae2466ac0: 49ba 3009 | 0511 f97f | 0000 41ff | d248 83c4 | 2058 e903 | 0000 0048 | 8b00 498b | 8fd8 0000 
  0x0000017ae2466ae0: 00c7 8100 | 0100 0000 | 0000 00c9 | 4981 7f08 | 0000 0000 | 0f85 0100 

  0x0000017ae2466af8: ;   {runtime_call StubRoutines (1)}
  0x0000017ae2466af8: 0000 c3e9 | 00a4 39ff | c5f8 7748 | 8945 f84c | 8be4 4883 | ec20 4883 

  0x0000017ae2466b10: ;   {runtime_call}
  0x0000017ae2466b10: e4f0 49ba | a006 4611 | f97f 0000 | 41ff d249 | 8be4 4d33 | e448 8b45 | f8e9 93fe | ffff f4f4 
[/MachCode]


Compiled method (c1)   15936 3821   !   1       jdk.internal.reflect.NativeMethodAccessorImpl::invoke (137 bytes)
 total in heap  [0x0000017ae2466b90,0x0000017ae24675d0] = 2624
 relocation     [0x0000017ae2466ce8,0x0000017ae2466d70] = 136
 main code      [0x0000017ae2466d80,0x0000017ae24671e0] = 1120
 stub code      [0x0000017ae24671e0,0x0000017ae2467268] = 136
 metadata       [0x0000017ae2467268,0x0000017ae2467288] = 32
 scopes data    [0x0000017ae2467288,0x0000017ae2467348] = 192
 scopes pcs     [0x0000017ae2467348,0x0000017ae2467468] = 288
 dependencies   [0x0000017ae2467468,0x0000017ae2467470] = 8
 handler table  [0x0000017ae2467470,0x0000017ae2467590] = 288
 nul chk table  [0x0000017ae2467590,0x0000017ae24675d0] = 64

[Constant Pool (empty)]

[MachCode]
[Entry Point]
  # {method} {0x0000017a801c3d68} 'invoke' '(Ljava/lang/Object;[Ljava/lang/Object;)Ljava/lang/Object;' in 'jdk/internal/reflect/NativeMethodAccessorImpl'
  # this:     rdx:rdx   = 'jdk/internal/reflect/NativeMethodAccessorImpl'
  # parm0:    r8:r8     = 'java/lang/Object'
  # parm1:    r9:r9     = '[Ljava/lang/Object;'
  #           [sp+0xd0]  (sp of caller)
  0x0000017ae2466d80: 448b 5208 | 49bb 0000 | 0080 7a01 | 0000 4d03 | d34c 3bd0 

  0x0000017ae2466d94: ;   {runtime_call ic_miss_stub}
  0x0000017ae2466d94: 0f85 e65c | 3eff 660f | 1f44 0000 
[Verified Entry Point]
  0x0000017ae2466da0: 8984 2400 | 90ff ff55 | 4881 ecc0 | 0000 0048 | 8954 2470 | 8b72 0cff | c689 720c 

  0x0000017ae2466dbc: ;   {oop(a 'java/lang/Class'{0x00000007097dab80} = 'jdk/internal/reflect/ReflectionFactory')}
  0x0000017ae2466dbc: 48bf 80ab | 7d09 0700 | 0000 8b7f | 783b f70f | 8f08 0000 | 0048 8bf2 | e9e2 0200 | 004c 898c 
  0x0000017ae2466ddc: 2480 0000 | 004c 8944 | 2478 8b72 | 1448 c1e6 | 038b 7624 | 48c1 e603 

  0x0000017ae2466df4: ; implicit exception: dispatches to 0x0000017ae246711a
  0x0000017ae2466df4: 483b 0648 | 8bd6 0f1f 

  0x0000017ae2466dfc: ;   {optimized virtual_call}
  0x0000017ae2466dfc: 4400 00e8 

  0x0000017ae2466e00: ; ImmutableOopMap {[112]=Oop [128]=Oop [120]=Oop }
                      ;*invokevirtual isHidden {reexecute=0 rethrow=0 return_oop=0}
                      ; - jdk.internal.reflect.NativeMethodAccessorImpl::invoke@24 (line 57)
  0x0000017ae2466e00: bc31 78ff | 83f8 000f | 8417 0000 | 004c 8b8c | 2480 0000 | 004c 8b44 | 2478 488b | 7424 70e9 
  0x0000017ae2466e20: 9702 0000 | 488b 5424 | 708b 4210 | 83f8 000f | 8415 0000 | 004c 8b8c | 2480 0000 | 004c 8b44 
  0x0000017ae2466e40: 2478 488b | f2e9 7102 | 0000 488d | 7210 b800 | 0000 00bf | 0100 0000 | f00f b13e | be01 0000 
  0x0000017ae2466e60: 000f 8405 | 0000 00be | 0000 0000 | 83fe 000f | 8515 0000 | 004c 8b8c | 2480 0000 | 004c 8b44 
  0x0000017ae2466e80: 2478 488b | f2e9 3102 | 0000 488b 

  0x0000017ae2466e8c: ;   {metadata('jdk/internal/reflect/MethodAccessorGenerator')}
  0x0000017ae2466e8c: da48 ba68 | 360f 817a | 0100 0049 | 8b87 0801 | 0000 488d | b890 0000 | 0049 3bbf | 1801 0000 
  0x0000017ae2466eac: 0f87 6d02 | 0000 4989 | bf08 0100 | 0048 c700 | 0100 0000 | 488b ca49 | ba00 0000 | 807a 0100 
  0x0000017ae2466ecc: 0049 2bca | 8948 0848 | 33c9 8948 | 0c48 33c9 | 48bf 1000 | 0000 0000 | 0000 4889 | 4cf8 0848 
  0x0000017ae2466eec: ffcf 75f6 | ba1e 0000 | 0066 8950 | 6aba 4900 | 0000 6689 | 506c 8b53 | 1448 c1e2 | 038b 7224 
  0x0000017ae2466f0c: 48c1 e603 | 8b7a 2848 | c1e7 038b | 5230 48c1 | e203 4889 | 8424 9800 | 0000 4889 | bc24 9000 
  0x0000017ae2466f2c: 0000 4889 | b424 8800 | 0000 0f1f | 8000 0000 | 0048 b878 | 1c00 807a 

  0x0000017ae2466f44: ;   {virtual_call}
  0x0000017ae2466f44: 0100 00e8 

  0x0000017ae2466f48: ; ImmutableOopMap {[128]=Oop [120]=Oop [152]=Oop [112]=Oop [144]=Oop [136]=Oop }
                      ;*invokevirtual clone {reexecute=0 rethrow=0 return_oop=0}
                      ; - java.lang.reflect.Method::getParameterTypes@4 (line 314)
                      ; - jdk.internal.reflect.NativeMethodAccessorImpl::invoke@77 (line 65)
  0x0000017ae2466f48: 545a 70ff | 4883 f800 | 0f84 2900 

  0x0000017ae2466f54: ;   {metadata('java/lang/Class'[])}
  0x0000017ae2466f54: 0000 48bb | 781c 0080 | 7a01 0000 | 8b78 0849 | ba00 0000 | 807a 0100 | 0049 03fa | 483b 5f40 
  0x0000017ae2466f74: 0f85 b701 | 0000 e900 | 0000 0048 | 8bf0 488b | 5424 708b | 7a14 48c1 | e703 8b5f | 2c48 c1e3 
  0x0000017ae2466f94: 038b 7f34 | 48c1 e703 | 488b d748 | 899c 24a8 | 0000 0048 | 89b4 24a0 | 0000 0066 | 0f1f 4400 
  0x0000017ae2466fb4: 0048 b878 | 1c00 807a 

  0x0000017ae2466fbc: ;   {virtual_call}
  0x0000017ae2466fbc: 0100 00e8 

  0x0000017ae2466fc0: ; ImmutableOopMap {[128]=Oop [120]=Oop [152]=Oop [144]=Oop [136]=Oop [112]=Oop [168]=Oop [160]=Oop }
                      ;*invokevirtual clone {reexecute=0 rethrow=0 return_oop=0}
                      ; - java.lang.reflect.Method::getExceptionTypes@4 (line 341)
                      ; - jdk.internal.reflect.NativeMethodAccessorImpl::invoke@91 (line 67)
  0x0000017ae2466fc0: dc59 70ff | 4883 f800 | 0f84 2a00 

  0x0000017ae2466fcc: ;   {metadata('java/lang/Class'[])}
  0x0000017ae2466fcc: 0000 48bf | 781c 0080 | 7a01 0000 | 448b 4808 | 49ba 0000 | 0080 7a01 | 0000 4d03 | ca49 3b79 
  0x0000017ae2466fec: 400f 854c | 0100 00e9 | 0000 0000 | 488b c848 | 8b54 2470 | 448b 4214 | 49c1 e003 

  0x0000017ae2467008: ; implicit exception: dispatches to 0x0000017ae2467148
  0x0000017ae2467008: 418b 5820 | 4c8b 8424 | 8800 0000 | 4c8b 8c24 | 9000 0000 | 488b bc24 | a000 0000 | 488b b424 
  0x0000017ae2467028: a800 0000 | 891c 2448 | 8b94 2498 

  0x0000017ae2467034: ;   {optimized virtual_call}
  0x0000017ae2467034: 0000 00e8 

  0x0000017ae2467038: ; ImmutableOopMap {[128]=Oop [120]=Oop [112]=Oop }
                      ;*invokevirtual generateMethod {reexecute=0 rethrow=0 return_oop=0}
                      ; - jdk.internal.reflect.NativeMethodAccessorImpl::invoke@101 (line 63)
  0x0000017ae2467038: d901 0000 | 4883 f800 | 0f84 2a00 

  0x0000017ae2467044: ;   {metadata('jdk/internal/reflect/MethodAccessorImpl')}
  0x0000017ae2467044: 0000 48be | d0ae 0080 | 7a01 0000 | 448b 4808 | 49ba 0000 | 0080 7a01 | 0000 4d03 | ca49 3b71 
  0x0000017ae2467064: 400f 85e2 | 0000 00e9 | 0000 0000 | 488b d048 | 8b74 2470 | 448b 4618 | 49c1 e003 | 450f be4f 
  0x0000017ae2467084: 3841 83f9 | 000f 85c7 | 0000 004c | 8bd2 49c1 | ea03 4589 | 500c 4d8b | c84c 33ca | 49c1 e915 
  0x0000017ae24670a4: 4983 f900 | 0f85 cd00 | 0000 4c8b | 8c24 8000 | 0000 4c8b | 4424 788b | 5614 48c1 | e203 0f1f 
  0x0000017ae24670c4: ;   {static_call}
  0x0000017ae24670c4: 4400 00e8 

  0x0000017ae24670c8: ; ImmutableOopMap {}
                      ;*invokestatic invoke0 {reexecute=0 rethrow=0 return_oop=0}
                      ; - jdk.internal.reflect.NativeMethodAccessorImpl::invoke@133 (line 77)
  0x0000017ae24670c8: 74f7 ffff | 4881 c4c0 | 0000 005d 

  0x0000017ae24670d4: ;   {poll_return}
  0x0000017ae24670d4: 493b a748 | 0300 000f | 87b2 0000 | 00c3 488b | 7424 7049 | 8b87 d803 | 0000 4d33 | d24d 8997 
  0x0000017ae24670f4: d803 0000 | 4d33 d24d | 8997 e003 | 0000 bf00 | 0000 0089 | 7e10 f083 | 4424 c000 | e9b8 0000 
  0x0000017ae2467114: ;   {runtime_call throw_null_pointer_exception Runtime1 stub}
  0x0000017ae2467114: 00e8 06d7 

  0x0000017ae2467118: ; ImmutableOopMap {rdx=Oop [112]=Oop [128]=Oop [120]=Oop }
                      ;*invokevirtual getDeclaringClass {reexecute=0 rethrow=0 return_oop=0}
                      ; - jdk.internal.reflect.NativeMethodAccessorImpl::invoke@21 (line 57)
                      ;   {runtime_call throw_null_pointer_exception Runtime1 stub}
  0x0000017ae2467118: 48ff e801 

  0x0000017ae246711c: ; ImmutableOopMap {rdx=Oop [112]=Oop [128]=Oop [120]=Oop rsi=Oop }
                      ;*invokevirtual isHidden {reexecute=0 rethrow=0 return_oop=0}
                      ; - jdk.internal.reflect.NativeMethodAccessorImpl::invoke@24 (line 57)
  0x0000017ae246711c: d748 ff48 

  0x0000017ae2467120: ;   {runtime_call fast_new_instance Runtime1 stub}
  0x0000017ae2467120: 8bd2 e8d9 

  0x0000017ae2467124: ; ImmutableOopMap {[128]=Oop [120]=Oop rbx=Oop [112]=Oop }
                      ;*new {reexecute=0 rethrow=0 return_oop=0}
                      ; - jdk.internal.reflect.NativeMethodAccessorImpl::invoke@52 (line 61)
  0x0000017ae2467124: df48 ffe9 | c4fd ffff 

  0x0000017ae246712c: ;   {runtime_call throw_null_pointer_exception Runtime1 stub}
  0x0000017ae246712c: e8ef d648 

  0x0000017ae2467130: ; ImmutableOopMap {[128]=Oop [120]=Oop rbx=Oop [112]=Oop rax=Oop rdx=Oop }
                      ;*invokevirtual getDeclaringClass {reexecute=0 rethrow=0 return_oop=0}
                      ; - jdk.internal.reflect.NativeMethodAccessorImpl::invoke@63 (line 63)
  0x0000017ae2467130: ff48 8904 

  0x0000017ae2467134: ;   {runtime_call throw_class_cast_exception Runtime1 stub}
  0x0000017ae2467134: 24e8 e6fd 

  0x0000017ae2467138: ; ImmutableOopMap {[128]=Oop [120]=Oop [152]=Oop [112]=Oop [144]=Oop [136]=Oop }
                      ;*checkcast {reexecute=0 rethrow=0 return_oop=0}
                      ; - java.lang.reflect.Method::getParameterTypes@7 (line 314)
                      ; - jdk.internal.reflect.NativeMethodAccessorImpl::invoke@77 (line 65)
                      ;   {runtime_call throw_null_pointer_exception Runtime1 stub}
  0x0000017ae2467138: 48ff e8e1 

  0x0000017ae246713c: ; ImmutableOopMap {[128]=Oop [120]=Oop [152]=Oop [144]=Oop [136]=Oop rsi=Oop rdx=Oop [112]=Oop rdi=Oop }
                      ;*invokevirtual getReturnType {reexecute=0 rethrow=0 return_oop=0}
                      ; - jdk.internal.reflect.NativeMethodAccessorImpl::invoke@84 (line 66)
  0x0000017ae246713c: d648 ff48 

  0x0000017ae2467140: ;   {runtime_call throw_class_cast_exception Runtime1 stub}
  0x0000017ae2467140: 8904 24e8 

  0x0000017ae2467144: ; ImmutableOopMap {[128]=Oop [120]=Oop [152]=Oop [144]=Oop [136]=Oop [112]=Oop [168]=Oop [160]=Oop }
                      ;*checkcast {reexecute=0 rethrow=0 return_oop=0}
                      ; - java.lang.reflect.Method::getExceptionTypes@7 (line 341)
                      ; - jdk.internal.reflect.NativeMethodAccessorImpl::invoke@91 (line 67)
  0x0000017ae2467144: d8fd 48ff 

  0x0000017ae2467148: ;   {runtime_call throw_null_pointer_exception Runtime1 stub}
  0x0000017ae2467148: e8d3 d648 

  0x0000017ae246714c: ; ImmutableOopMap {[128]=Oop [120]=Oop [152]=Oop [144]=Oop [136]=Oop [168]=Oop [160]=Oop rcx=Oop rdx=Oop [112]=Oop }
                      ;*invokevirtual getModifiers {reexecute=0 rethrow=0 return_oop=0}
                      ; - jdk.internal.reflect.NativeMethodAccessorImpl::invoke@98 (line 68)
  0x0000017ae246714c: ff48 8904 

  0x0000017ae2467150: ;   {runtime_call throw_class_cast_exception Runtime1 stub}
  0x0000017ae2467150: 24e8 cafd 

  0x0000017ae2467154: ; ImmutableOopMap {[128]=Oop [120]=Oop [112]=Oop }
                      ;*checkcast {reexecute=0 rethrow=0 return_oop=0}
                      ; - jdk.internal.reflect.NativeMethodAccessorImpl::invoke@104 (line 63)
  0x0000017ae2467154: 48ff 458b | 480c 49c1 | e103 4983 | f900 0f84 | 27ff ffff | 4c89 0c24 

  0x0000017ae246716c: ;   {runtime_call g1_pre_barrier_slow}
  0x0000017ae246716c: e88f 3049 | ffe9 19ff 

  0x0000017ae2467174: ;   {runtime_call throw_null_pointer_exception Runtime1 stub}
  0x0000017ae2467174: ffff e8a5 

  0x0000017ae2467178: ; ImmutableOopMap {[128]=Oop [120]=Oop rdx=Oop rsi=Oop [112]=Oop r8=Oop }
                      ;*invokevirtual setDelegate {reexecute=0 rethrow=0 return_oop=0}
                      ; - jdk.internal.reflect.NativeMethodAccessorImpl::invoke@113 (line 69)
  0x0000017ae2467178: d648 ff48 | 83fa 000f | 8429 ffff | ff4c 8904 

  0x0000017ae2467188: ;   {runtime_call g1_post_barrier_slow}
  0x0000017ae2467188: 24e8 7233 | 49ff e91b 

  0x0000017ae2467190: ;   {internal_word}
  0x0000017ae2467190: ffff ff49 | bad4 7046 | e27a 0100 | 004d 8997 | 6003 0000 

  0x0000017ae24671a4: ;   {runtime_call SafepointBlob}
  0x0000017ae24671a4: e957 c23e 

  0x0000017ae24671a8: ;   {runtime_call throw_null_pointer_exception Runtime1 stub}
  0x0000017ae24671a8: ffe8 72d6 

  0x0000017ae24671ac: ; ImmutableOopMap {[128]=Oop [120]=Oop rdx=Oop rsi=Oop [112]=Oop r8=Oop }
                      ;*invokevirtual setDelegate {reexecute=0 rethrow=0 return_oop=0}
                      ; - jdk.internal.reflect.NativeMethodAccessorImpl::invoke@113 (line 69)
  0x0000017ae24671ac: 48ff 9090 | 498b 87d8 | 0300 0049 | c787 d803 | 0000 0000 | 0000 49c7 | 87e0 0300 | 0000 0000 
  0x0000017ae24671cc: 0048 81c4 | c000 0000 

  0x0000017ae24671d4: ;   {runtime_call unwind_exception Runtime1 stub}
  0x0000017ae24671d4: 5de9 26c7 | 48ff f4f4 | f4f4 f4f4 
[Stub Code]
  0x0000017ae24671e0: ;   {no_reloc}
  0x0000017ae24671e0: 0f1f 4400 

  0x0000017ae24671e4: ;   {static_stub}
  0x0000017ae24671e4: 0048 bb00 | 0000 0000 

  0x0000017ae24671ec: ;   {runtime_call}
  0x0000017ae24671ec: 0000 00e9 | fbff ffff 

  0x0000017ae24671f4: ;   {static_stub}
  0x0000017ae24671f4: 9048 bb00 | 0000 0000 

  0x0000017ae24671fc: ;   {runtime_call}
  0x0000017ae24671fc: 0000 00e9 | fbff ffff 

  0x0000017ae2467204: ;   {static_stub}
  0x0000017ae2467204: 9048 bb00 | 0000 0000 

  0x0000017ae246720c: ;   {runtime_call}
  0x0000017ae246720c: 0000 00e9 | fbff ffff 

  0x0000017ae2467214: ;   {static_stub}
  0x0000017ae2467214: 9048 bb28 | 6723 f27a 

  0x0000017ae246721c: ;   {runtime_call I2C/C2I adapters}
  0x0000017ae246721c: 0100 00e9 | 5648 69ff 

  0x0000017ae2467224: ;   {static_stub}
  0x0000017ae2467224: 9048 bb00 | 0000 0000 

  0x0000017ae246722c: ;   {runtime_call}
  0x0000017ae246722c: 0000 00e9 | fbff ffff 
[Exception Handler]
  0x0000017ae2467234: ;   {runtime_call handle_exception_from_callee Runtime1 stub}
  0x0000017ae2467234: e8c7 f348 

  0x0000017ae2467238: ;   {external_word}
  0x0000017ae2467238: ff48 b9a0 | e064 11f9 | 7f00 0048 

  0x0000017ae2467244: ;   {runtime_call}
  0x0000017ae2467244: 83e4 f049 | bae0 da32 | 11f9 7f00 | 0041 ffd2 

  0x0000017ae2467254: ;   {section_word}
  0x0000017ae2467254: f449 ba55 | 7246 e27a | 0100 0041 

  0x0000017ae2467260: ;   {runtime_call DeoptimizationBlob}
  0x0000017ae2467260: 52e9 3ab4 | 3eff f4f4 
[/MachCode]


Compiled method (c1)   15965 3809       1       jdk.internal.reflect.DelegatingMethodAccessorImpl::invoke (10 bytes)
 total in heap  [0x0000017ae2463a90,0x0000017ae2463d58] = 712
 relocation     [0x0000017ae2463be8,0x0000017ae2463c20] = 56
 main code      [0x0000017ae2463c20,0x0000017ae2463cc0] = 160
 stub code      [0x0000017ae2463cc0,0x0000017ae2463d08] = 72
 metadata       [0x0000017ae2463d08,0x0000017ae2463d10] = 8
 scopes data    [0x0000017ae2463d10,0x0000017ae2463d20] = 16
 scopes pcs     [0x0000017ae2463d20,0x0000017ae2463d50] = 48
 dependencies   [0x0000017ae2463d50,0x0000017ae2463d58] = 8

[Constant Pool (empty)]

[MachCode]
[Entry Point]
  # {method} {0x0000017a8035fb00} 'invoke' '(Ljava/lang/Object;[Ljava/lang/Object;)Ljava/lang/Object;' in 'jdk/internal/reflect/DelegatingMethodAccessorImpl'
  # this:     rdx:rdx   = 'jdk/internal/reflect/DelegatingMethodAccessorImpl'
  # parm0:    r8:r8     = 'java/lang/Object'
  # parm1:    r9:r9     = '[Ljava/lang/Object;'
  #           [sp+0x40]  (sp of caller)
  0x0000017ae2463c20: 448b 5208 | 49bb 0000 | 0080 7a01 | 0000 4d03 | d34c 3bd0 

  0x0000017ae2463c34: ;   {runtime_call ic_miss_stub}
  0x0000017ae2463c34: 0f85 468e | 3eff 660f | 1f44 0000 
[Verified Entry Point]
  0x0000017ae2463c40: 8984 2400 | 90ff ff55 | 4883 ec30 | 8b52 0c48 | c1e2 0366 | 9048 b8ff | ffff ffff 

  0x0000017ae2463c5c: ;   {virtual_call}
  0x0000017ae2463c5c: ffff ffe8 

  0x0000017ae2463c60: ; ImmutableOopMap {}
                      ;*invokevirtual invoke {reexecute=0 rethrow=0 return_oop=0}
                      ; - jdk.internal.reflect.DelegatingMethodAccessorImpl::invoke@6 (line 43)
  0x0000017ae2463c60: 948f 49ff | 4883 c430 

  0x0000017ae2463c68: ;   {poll_return}
  0x0000017ae2463c68: 5d49 3ba7 | 4803 0000 | 0f87 0100 

  0x0000017ae2463c74: ;   {internal_word}
  0x0000017ae2463c74: 0000 c349 | ba69 3c46 | e27a 0100 | 004d 8997 | 6003 0000 

  0x0000017ae2463c88: ;   {runtime_call SafepointBlob}
  0x0000017ae2463c88: e973 f73e | ff90 9049 | 8b87 d803 | 0000 49c7 | 87d8 0300 | 0000 0000 | 0049 c787 | e003 0000 
  0x0000017ae2463ca8: 0000 0000 | 4883 c430 

  0x0000017ae2463cb0: ;   {runtime_call unwind_exception Runtime1 stub}
  0x0000017ae2463cb0: 5de9 4afc | 48ff f4f4 | f4f4 f4f4 | f4f4 f4f4 
[Stub Code]
  0x0000017ae2463cc0: ;   {no_reloc}
  0x0000017ae2463cc0: 0f1f 4400 

  0x0000017ae2463cc4: ;   {static_stub}
  0x0000017ae2463cc4: 0048 bb00 | 0000 0000 

  0x0000017ae2463ccc: ;   {runtime_call}
  0x0000017ae2463ccc: 0000 00e9 | fbff ffff 
[Exception Handler]
  0x0000017ae2463cd4: ;   {runtime_call handle_exception_from_callee Runtime1 stub}
  0x0000017ae2463cd4: e827 2949 

  0x0000017ae2463cd8: ;   {external_word}
  0x0000017ae2463cd8: ff48 b9a0 | e064 11f9 | 7f00 0048 

  0x0000017ae2463ce4: ;   {runtime_call}
  0x0000017ae2463ce4: 83e4 f049 | bae0 da32 | 11f9 7f00 | 0041 ffd2 

  0x0000017ae2463cf4: ;   {section_word}
  0x0000017ae2463cf4: f449 baf5 | 3c46 e27a | 0100 0041 

  0x0000017ae2463d00: ;   {runtime_call DeoptimizationBlob}
  0x0000017ae2463d00: 52e9 9ae9 | 3eff f4f4 
[/MachCode]


---------------  P R O C E S S  ---------------

Threads class SMR info:
_java_thread_list=0x0000017af6b97120, length=31, elements={
0x0000017af0577460, 0x0000017af0577e20, 0x0000017af0597e40, 0x0000017af0598800,
0x0000017af05991c0, 0x0000017af0599b80, 0x0000017af059d520, 0x0000017af05aee50,
0x0000017af1210ca0, 0x0000017af12d4f50, 0x0000017af12dc5d0, 0x0000017af1322270,
0x0000017af133c960, 0x0000017af6785fc0, 0x0000017af6797a10, 0x0000017af691aa60,
0x0000017af6a0b040, 0x0000017af774c320, 0x0000017af774be10, 0x0000017af7749aa0,
0x0000017af774a4c0, 0x0000017af7749fb0, 0x0000017af7749590, 0x0000017af774a9d0,
0x0000017af774aee0, 0x0000017af774b3f0, 0x0000017af774b900, 0x0000017af7a71e00,
0x0000017af7a72820, 0x0000017af7a704b0, 0x0000017af7a713e0
}

Java Threads: ( => current thread )
  0x0000017af0577460 JavaThread "Reference Handler" daemon [_thread_blocked, id=22404, stack(0x000000300be00000,0x000000300bf00000)]
  0x0000017af0577e20 JavaThread "Finalizer" daemon [_thread_blocked, id=23592, stack(0x000000300bf00000,0x000000300c000000)]
  0x0000017af0597e40 JavaThread "Signal Dispatcher" daemon [_thread_blocked, id=20128, stack(0x000000300c000000,0x000000300c100000)]
  0x0000017af0598800 JavaThread "Attach Listener" daemon [_thread_blocked, id=30856, stack(0x000000300c100000,0x000000300c200000)]
  0x0000017af05991c0 JavaThread "Service Thread" daemon [_thread_blocked, id=33784, stack(0x000000300c200000,0x000000300c300000)]
  0x0000017af0599b80 JavaThread "Monitor Deflation Thread" daemon [_thread_blocked, id=8460, stack(0x000000300c300000,0x000000300c400000)]
  0x0000017af059d520 JavaThread "C1 CompilerThread0" daemon [_thread_blocked, id=11148, stack(0x000000300c400000,0x000000300c500000)]
  0x0000017af05aee50 JavaThread "Sweeper thread" daemon [_thread_blocked, id=21064, stack(0x000000300c500000,0x000000300c600000)]
  0x0000017af1210ca0 JavaThread "C1 CompilerThread1" daemon [_thread_blocked, id=11736, stack(0x000000300c600000,0x000000300c700000)]
  0x0000017af12d4f50 JavaThread "C1 CompilerThread2" daemon [_thread_blocked, id=33660, stack(0x000000300c700000,0x000000300c800000)]
  0x0000017af12dc5d0 JavaThread "C1 CompilerThread3" daemon [_thread_blocked, id=5884, stack(0x000000300c800000,0x000000300c900000)]
  0x0000017af1322270 JavaThread "Notification Thread" daemon [_thread_blocked, id=30144, stack(0x000000300c900000,0x000000300ca00000)]
  0x0000017af133c960 JavaThread "Common-Cleaner" daemon [_thread_blocked, id=26300, stack(0x000000300cb00000,0x000000300cc00000)]
  0x0000017af6785fc0 JavaThread "Catalina-utility-1" [_thread_blocked, id=8892, stack(0x000000300e100000,0x000000300e200000)]
  0x0000017af6797a10 JavaThread "Catalina-utility-2" [_thread_blocked, id=21108, stack(0x000000300e200000,0x000000300e300000)]
  0x0000017af691aa60 JavaThread "container-0" [_thread_blocked, id=27508, stack(0x000000300e300000,0x000000300e400000)]
  0x0000017af6a0b040 JavaThread "HikariPool-1 housekeeper" daemon [_thread_blocked, id=23292, stack(0x000000300e400000,0x000000300e500000)]
  0x0000017af774c320 JavaThread "java-sdk-http-connection-reaper" daemon [_thread_blocked, id=20532, stack(0x000000300e600000,0x000000300e700000)]
  0x0000017af774be10 JavaThread "http-nio-8080-exec-1" daemon [_thread_blocked, id=21440, stack(0x000000300d600000,0x000000300d700000)]
=>0x0000017af7749aa0 JavaThread "http-nio-8080-exec-2" daemon [_thread_in_native, id=36064, stack(0x000000300d700000,0x000000300d800000)]
  0x0000017af774a4c0 JavaThread "http-nio-8080-exec-3" daemon [_thread_blocked, id=14920, stack(0x000000300d800000,0x000000300d900000)]
  0x0000017af7749fb0 JavaThread "http-nio-8080-exec-4" daemon [_thread_blocked, id=34896, stack(0x000000300d900000,0x000000300da00000)]
  0x0000017af7749590 JavaThread "http-nio-8080-exec-5" daemon [_thread_blocked, id=3408, stack(0x000000300e700000,0x000000300e800000)]
  0x0000017af774a9d0 JavaThread "http-nio-8080-exec-6" daemon [_thread_blocked, id=31808, stack(0x000000300e800000,0x000000300e900000)]
  0x0000017af774aee0 JavaThread "http-nio-8080-exec-7" daemon [_thread_blocked, id=7636, stack(0x000000300e900000,0x000000300ea00000)]
  0x0000017af774b3f0 JavaThread "http-nio-8080-exec-8" daemon [_thread_blocked, id=19344, stack(0x000000300ea00000,0x000000300eb00000)]
  0x0000017af774b900 JavaThread "http-nio-8080-exec-9" daemon [_thread_blocked, id=9132, stack(0x000000300eb00000,0x000000300ec00000)]
  0x0000017af7a71e00 JavaThread "http-nio-8080-exec-10" daemon [_thread_blocked, id=13464, stack(0x000000300ec00000,0x000000300ed00000)]
  0x0000017af7a72820 JavaThread "http-nio-8080-Poller" daemon [_thread_in_native, id=16504, stack(0x000000300ed00000,0x000000300ee00000)]
  0x0000017af7a704b0 JavaThread "http-nio-8080-Acceptor" daemon [_thread_in_native, id=27988, stack(0x000000300ee00000,0x000000300ef00000)]
  0x0000017af7a713e0 JavaThread "DestroyJavaVM" [_thread_blocked, id=34636, stack(0x000000300b700000,0x000000300b800000)]

Other Threads:
  0x0000017af0573ac0 VMThread "VM Thread" [stack: 0x000000300bd00000,0x000000300be00000] [id=27248]
  0x0000017af133c050 WatcherThread [stack: 0x000000300ca00000,0x000000300cb00000] [id=33744]
  0x0000017ad9fccfb0 GCTaskThread "GC Thread#0" [stack: 0x000000300b800000,0x000000300b900000] [id=25636]
  0x0000017af1b6f990 GCTaskThread "GC Thread#1" [stack: 0x000000300cc00000,0x000000300cd00000] [id=16708]
  0x0000017af1b9c050 GCTaskThread "GC Thread#2" [stack: 0x000000300cd00000,0x000000300ce00000] [id=31952]
  0x0000017af1b9c310 GCTaskThread "GC Thread#3" [stack: 0x000000300ce00000,0x000000300cf00000] [id=20124]
  0x0000017af1b9c5d0 GCTaskThread "GC Thread#4" [stack: 0x000000300cf00000,0x000000300d000000] [id=21896]
  0x0000017af1d80f00 GCTaskThread "GC Thread#5" [stack: 0x000000300d100000,0x000000300d200000] [id=33668]
  0x0000017af1d811c0 GCTaskThread "GC Thread#6" [stack: 0x000000300d200000,0x000000300d300000] [id=19716]
  0x0000017af6401e50 GCTaskThread "GC Thread#7" [stack: 0x000000300d000000,0x000000300d100000] [id=32272]
  0x0000017af6402110 GCTaskThread "GC Thread#8" [stack: 0x000000300da00000,0x000000300db00000] [id=17872]
  0x0000017af64023d0 GCTaskThread "GC Thread#9" [stack: 0x000000300db00000,0x000000300dc00000] [id=14708]
  0x0000017af64126a0 GCTaskThread "GC Thread#10" [stack: 0x000000300dc00000,0x000000300dd00000] [id=34240]
  0x0000017af6412d70 GCTaskThread "GC Thread#11" [stack: 0x000000300dd00000,0x000000300de00000] [id=33472]
  0x0000017af6413030 GCTaskThread "GC Thread#12" [stack: 0x000000300de00000,0x000000300df00000] [id=12612]
  0x0000017ad9fe02b0 ConcurrentGCThread "G1 Main Marker" [stack: 0x000000300b900000,0x000000300ba00000] [id=9884]
  0x0000017ad9fe2470 ConcurrentGCThread "G1 Conc#0" [stack: 0x000000300ba00000,0x000000300bb00000] [id=29904]
  0x0000017af65f8670 ConcurrentGCThread "G1 Conc#1" [stack: 0x000000300df00000,0x000000300e000000] [id=3392]
  0x0000017af65f8bf0 ConcurrentGCThread "G1 Conc#2" [stack: 0x000000300e000000,0x000000300e100000] [id=22964]
  0x0000017ada01d760 ConcurrentGCThread "G1 Refine#0" [stack: 0x000000300bb00000,0x000000300bc00000] [id=33220]
  0x0000017af04b0430 ConcurrentGCThread "G1 Service" [stack: 0x000000300bc00000,0x000000300bd00000] [id=10340]

Threads with active compile tasks:

VM state: not at safepoint (normal execution)

VM Mutex/Monitor currently owned by a thread: None

Heap address: 0x0000000709400000, size: 3948 MB, Compressed Oops mode: Zero based, Oop shift amount: 3

CDS archive(s) mapped at: [0x0000017a80000000-0x0000017a80bd0000-0x0000017a80bd0000), size 12386304, SharedBaseAddress: 0x0000017a80000000, ArchiveRelocationMode: 1.
Compressed class space mapped at: 0x0000017a81000000-0x0000017ac1000000, reserved size: 1073741824
Narrow klass base: 0x0000017a80000000, Narrow klass shift: 0, Narrow klass range: 0x100000000

GC Precious Log:
 CPUs: 16 total, 16 available
 Memory: 15789M
 Large Page Support: Disabled
 NUMA Support: Disabled
 Compressed Oops: Enabled (Zero based)
 Heap Region Size: 2M
 Heap Min Capacity: 8M
 Heap Initial Capacity: 248M
 Heap Max Capacity: 3948M
 Pre-touch: Disabled
 Parallel Workers: 13
 Concurrent Workers: 3
 Concurrent Refinement Workers: 13
 Periodic GC: Disabled

Heap:
 garbage-first heap   total 116736K, used 41695K [0x0000000709400000, 0x0000000800000000)
  region size 2048K, 8 young (16384K), 1 survivors (2048K)
 Metaspace       used 64895K, committed 65472K, reserved 1114112K
  class space    used 8923K, committed 9216K, reserved 1048576K

Heap Regions: E=young(eden), S=young(survivor), O=old, HS=humongous(starts), HC=humongous(continues), CS=collection set, F=free, OA=open archive, CA=closed archive, TAMS=top-at-mark-start (previous, next)
|   0|0x0000000709400000, 0x0000000709600000, 0x0000000709600000|100%| O|  |TAMS 0x0000000709600000, 0x0000000709400000| Untracked 
|   1|0x0000000709600000, 0x0000000709800000, 0x0000000709800000|100%| O|  |TAMS 0x0000000709800000, 0x0000000709600000| Untracked 
|   2|0x0000000709800000, 0x0000000709a00000, 0x0000000709a00000|100%| O|  |TAMS 0x0000000709a00000, 0x0000000709800000| Untracked 
|   3|0x0000000709a00000, 0x0000000709c00000, 0x0000000709c00000|100%| O|  |TAMS 0x0000000709a78200, 0x0000000709a00000| Untracked 
|   4|0x0000000709c00000, 0x0000000709e00000, 0x0000000709e00000|100%| O|  |TAMS 0x0000000709e00000, 0x0000000709c00000| Untracked 
|   5|0x0000000709e00000, 0x000000070a000000, 0x000000070a000000|100%| O|  |TAMS 0x000000070a000000, 0x0000000709e00000| Untracked 
|   6|0x000000070a000000, 0x000000070a200000, 0x000000070a200000|100%| O|  |TAMS 0x000000070a200000, 0x000000070a000000| Untracked 
|   7|0x000000070a200000, 0x000000070a400000, 0x000000070a400000|100%| O|  |TAMS 0x000000070a400000, 0x000000070a200000| Untracked 
|   8|0x000000070a400000, 0x000000070a600000, 0x000000070a600000|100%| O|  |TAMS 0x000000070a600000, 0x000000070a400000| Untracked 
|   9|0x000000070a600000, 0x000000070a800000, 0x000000070a800000|100%| O|  |TAMS 0x000000070a600000, 0x000000070a600000| Untracked 
|  10|0x000000070a800000, 0x000000070aa00000, 0x000000070aa00000|100%| O|  |TAMS 0x000000070a800000, 0x000000070a800000| Untracked 
|  11|0x000000070aa00000, 0x000000070ac00000, 0x000000070ac00000|100%| O|  |TAMS 0x000000070aa00000, 0x000000070aa00000| Untracked 
|  12|0x000000070ac00000, 0x000000070ae00000, 0x000000070ae00000|100%| O|  |TAMS 0x000000070ae00000, 0x000000070ac00000| Untracked 
|  13|0x000000070ae00000, 0x000000070b000000, 0x000000070b000000|100%| O|  |TAMS 0x000000070ae00000, 0x000000070ae00000| Untracked 
|  14|0x000000070b000000, 0x000000070b11a200, 0x000000070b200000| 55%| O|  |TAMS 0x000000070b000000, 0x000000070b000000| Untracked 
|  15|0x000000070b200000, 0x000000070b200000, 0x000000070b400000|  0%| F|  |TAMS 0x000000070b200000, 0x000000070b200000| Untracked 
|  16|0x000000070b400000, 0x000000070b400000, 0x000000070b600000|  0%| F|  |TAMS 0x000000070b400000, 0x000000070b400000| Untracked 
|  17|0x000000070b600000, 0x000000070b600000, 0x000000070b800000|  0%| F|  |TAMS 0x000000070b600000, 0x000000070b600000| Untracked 
|  18|0x000000070b800000, 0x000000070b800000, 0x000000070ba00000|  0%| F|  |TAMS 0x000000070b800000, 0x000000070b800000| Untracked 
|  19|0x000000070ba00000, 0x000000070ba00000, 0x000000070bc00000|  0%| F|  |TAMS 0x000000070ba00000, 0x000000070ba00000| Untracked 
|  20|0x000000070bc00000, 0x000000070bc00000, 0x000000070be00000|  0%| F|  |TAMS 0x000000070bc00000, 0x000000070bc00000| Untracked 
|  21|0x000000070be00000, 0x000000070be00000, 0x000000070c000000|  0%| F|  |TAMS 0x000000070be00000, 0x000000070be00000| Untracked 
|  22|0x000000070c000000, 0x000000070c000000, 0x000000070c200000|  0%| F|  |TAMS 0x000000070c000000, 0x000000070c000000| Untracked 
|  23|0x000000070c200000, 0x000000070c200000, 0x000000070c400000|  0%| F|  |TAMS 0x000000070c200000, 0x000000070c200000| Untracked 
|  24|0x000000070c400000, 0x000000070c400000, 0x000000070c600000|  0%| F|  |TAMS 0x000000070c400000, 0x000000070c400000| Untracked 
|  25|0x000000070c600000, 0x000000070c600000, 0x000000070c800000|  0%| F|  |TAMS 0x000000070c600000, 0x000000070c600000| Untracked 
|  26|0x000000070c800000, 0x000000070c800000, 0x000000070ca00000|  0%| F|  |TAMS 0x000000070c800000, 0x000000070c800000| Untracked 
|  27|0x000000070ca00000, 0x000000070ca00000, 0x000000070cc00000|  0%| F|  |TAMS 0x000000070ca00000, 0x000000070ca00000| Untracked 
|  28|0x000000070cc00000, 0x000000070cc00000, 0x000000070ce00000|  0%| F|  |TAMS 0x000000070cc00000, 0x000000070cc00000| Untracked 
|  29|0x000000070ce00000, 0x000000070ce00000, 0x000000070d000000|  0%| F|  |TAMS 0x000000070ce00000, 0x000000070ce00000| Untracked 
|  30|0x000000070d000000, 0x000000070d000000, 0x000000070d200000|  0%| F|  |TAMS 0x000000070d000000, 0x000000070d000000| Untracked 
|  31|0x000000070d200000, 0x000000070d200000, 0x000000070d400000|  0%| F|  |TAMS 0x000000070d200000, 0x000000070d200000| Untracked 
|  32|0x000000070d400000, 0x000000070d400000, 0x000000070d600000|  0%| F|  |TAMS 0x000000070d400000, 0x000000070d400000| Untracked 
|  33|0x000000070d600000, 0x000000070d600000, 0x000000070d800000|  0%| F|  |TAMS 0x000000070d600000, 0x000000070d600000| Untracked 
|  34|0x000000070d800000, 0x000000070d800000, 0x000000070da00000|  0%| F|  |TAMS 0x000000070d800000, 0x000000070d800000| Untracked 
|  35|0x000000070da00000, 0x000000070da00000, 0x000000070dc00000|  0%| F|  |TAMS 0x000000070da00000, 0x000000070da00000| Untracked 
|  36|0x000000070dc00000, 0x000000070dc00000, 0x000000070de00000|  0%| F|  |TAMS 0x000000070dc00000, 0x000000070dc00000| Untracked 
|  37|0x000000070de00000, 0x000000070de00000, 0x000000070e000000|  0%| F|  |TAMS 0x000000070de00000, 0x000000070de00000| Untracked 
|  38|0x000000070e000000, 0x000000070e000000, 0x000000070e200000|  0%| F|  |TAMS 0x000000070e000000, 0x000000070e000000| Untracked 
|  39|0x000000070e200000, 0x000000070e200000, 0x000000070e400000|  0%| F|  |TAMS 0x000000070e200000, 0x000000070e200000| Untracked 
|  40|0x000000070e400000, 0x000000070e400000, 0x000000070e600000|  0%| F|  |TAMS 0x000000070e400000, 0x000000070e400000| Untracked 
|  41|0x000000070e600000, 0x000000070e600000, 0x000000070e800000|  0%| F|  |TAMS 0x000000070e600000, 0x000000070e600000| Untracked 
|  42|0x000000070e800000, 0x000000070e800000, 0x000000070ea00000|  0%| F|  |TAMS 0x000000070e800000, 0x000000070e800000| Untracked 
|  43|0x000000070ea00000, 0x000000070ea00000, 0x000000070ec00000|  0%| F|  |TAMS 0x000000070ea00000, 0x000000070ea00000| Untracked 
|  44|0x000000070ec00000, 0x000000070ec00000, 0x000000070ee00000|  0%| F|  |TAMS 0x000000070ec00000, 0x000000070ec00000| Untracked 
|  45|0x000000070ee00000, 0x000000070ee00000, 0x000000070f000000|  0%| F|  |TAMS 0x000000070ee00000, 0x000000070ee00000| Untracked 
|  46|0x000000070f000000, 0x000000070f000000, 0x000000070f200000|  0%| F|  |TAMS 0x000000070f000000, 0x000000070f000000| Untracked 
|  47|0x000000070f200000, 0x000000070f200000, 0x000000070f400000|  0%| F|  |TAMS 0x000000070f200000, 0x000000070f200000| Untracked 
|  48|0x000000070f400000, 0x000000070f400000, 0x000000070f600000|  0%| F|  |TAMS 0x000000070f400000, 0x000000070f400000| Untracked 
|  49|0x000000070f600000, 0x000000070f731400, 0x000000070f800000| 59%| E|  |TAMS 0x000000070f600000, 0x000000070f600000| Complete 
|  50|0x000000070f800000, 0x000000070fa00000, 0x000000070fa00000|100%| E|CS|TAMS 0x000000070f800000, 0x000000070f800000| Complete 
|  51|0x000000070fa00000, 0x000000070fc00000, 0x000000070fc00000|100%| E|CS|TAMS 0x000000070fa00000, 0x000000070fa00000| Complete 
|  52|0x000000070fc00000, 0x000000070fe00000, 0x000000070fe00000|100%| E|CS|TAMS 0x000000070fc00000, 0x000000070fc00000| Complete 
|  53|0x000000070fe00000, 0x0000000710000000, 0x0000000710000000|100%| E|CS|TAMS 0x000000070fe00000, 0x000000070fe00000| Complete 
|  54|0x0000000710000000, 0x0000000710200000, 0x0000000710200000|100%| E|  |TAMS 0x0000000710000000, 0x0000000710000000| Complete 
| 102|0x0000000716000000, 0x000000071619dc00, 0x0000000716200000| 80%| S|CS|TAMS 0x0000000716000000, 0x0000000716000000| Complete 
| 123|0x0000000718a00000, 0x0000000718c00000, 0x0000000718c00000|100%| E|CS|TAMS 0x0000000718a00000, 0x0000000718a00000| Complete 

Card table byte_map: [0x0000017ae5620000,0x0000017ae5de0000] _byte_map_base: 0x0000017ae1dd6000

Marking Bits (Prev, Next): (CMBitMap*) 0x0000017ad9fcd610, (CMBitMap*) 0x0000017ad9fcd5d0
 Prev Bits: [0x0000017aea350000, 0x0000017aee100000)
 Next Bits: [0x0000017ae65a0000, 0x0000017aea350000)

Polling page: 0x0000017ad7f20000

Metaspace:

Usage:
  Non-class:     54.66 MB used.
      Class:      8.71 MB used.
       Both:     63.37 MB used.

Virtual space:
  Non-class space:       64.00 MB reserved,      54.94 MB ( 86%) committed,  1 nodes.
      Class space:        1.00 GB reserved,       9.00 MB ( <1%) committed,  1 nodes.
             Both:        1.06 GB reserved,      63.94 MB (  6%) committed. 

Chunk freelists:
   Non-Class:  9.08 MB
       Class:  7.05 MB
        Both:  16.12 MB

MaxMetaspaceSize: unlimited
CompressedClassSpaceSize: 1.00 GB
Initial GC threshold: 21.00 MB
Current GC threshold: 98.12 MB
CDS: on
MetaspaceReclaimPolicy: balanced
 - commit_granule_bytes: 65536.
 - commit_granule_words: 8192.
 - virtual_space_node_default_size: 8388608.
 - enlarge_chunks_in_place: 1.
 - new_chunks_are_fully_committed: 0.
 - uncommit_free_chunks: 1.
 - use_allocation_guard: 0.
 - handle_deallocations: 1.


Internal statistics:

num_allocs_failed_limit: 9.
num_arena_births: 780.
num_arena_deaths: 0.
num_vsnodes_births: 2.
num_vsnodes_deaths: 0.
num_space_committed: 1023.
num_space_uncommitted: 0.
num_chunks_returned_to_freelist: 9.
num_chunks_taken_from_freelist: 3005.
num_chunk_merges: 9.
num_chunk_splits: 2201.
num_chunks_enlarged: 1722.
num_inconsistent_stats: 0.

CodeCache: size=49152Kb used=11700Kb max_used=13901Kb free=37452Kb
 bounds [0x0000017ae1800000, 0x0000017ae25a0000, 0x0000017ae4800000]
 total_blobs=6146 nmethods=5374 adapters=696
 compilation: enabled
              stopped_count=0, restarted_count=0
 full_count=0

Compilation events (20 events):
Event: 15.826 Thread 0x0000017af1210ca0 nmethod 5361 0x0000017ae1f7d910 code [0x0000017ae1f7daa0, 0x0000017ae1f7db78]
Event: 15.826 Thread 0x0000017af059d520 nmethod 5364 0x0000017ae1f7d610 code [0x0000017ae1f7d7a0, 0x0000017ae1f7d878]
Event: 15.826 Thread 0x0000017af12dc5d0 5365       1       sun.security.provider.MD5::implCompress (13 bytes)
Event: 15.826 Thread 0x0000017af1210ca0 5366       1       sun.security.provider.MD5::implCompressCheck (27 bytes)
Event: 15.826 Thread 0x0000017af12d4f50 5367       1       sun.security.provider.MD5::implCompress0 (1407 bytes)
Event: 15.827 Thread 0x0000017af12dc5d0 nmethod 5365 0x0000017ae1f7d090 code [0x0000017ae1f7d240, 0x0000017ae1f7d488]
Event: 15.827 Thread 0x0000017af1210ca0 nmethod 5366 0x0000017ae1f7cb90 code [0x0000017ae1f7cd40, 0x0000017ae1f7cf58]
Event: 15.830 Thread 0x0000017af12d4f50 nmethod 5367 0x0000017ae1f7aa90 code [0x0000017ae1f7ad20, 0x0000017ae1f7c098]
Event: 15.837 Thread 0x0000017af12dc5d0 5368 %     1       com.sun.crypto.provider.CounterMode::implCrypt @ 3 (88 bytes)
Event: 15.837 Thread 0x0000017af12dc5d0 nmethod 5368% 0x0000017ae1f7a290 code [0x0000017ae1f7a440, 0x0000017ae1f7a808]
Event: 15.837 Thread 0x0000017af1210ca0 5369       1       com.sun.crypto.provider.CounterMode::implCrypt (88 bytes)
Event: 15.837 Thread 0x0000017af12dc5d0 5370       1       java.nio.ByteBuffer::clear (7 bytes)
Event: 15.837 Thread 0x0000017af12d4f50 5371       1       java.nio.Buffer::clear (20 bytes)
Event: 15.837 Thread 0x0000017af12dc5d0 nmethod 5370 0x0000017ae1f79f90 code [0x0000017ae1f7a120, 0x0000017ae1f7a1f8]
Event: 15.837 Thread 0x0000017af12d4f50 nmethod 5371 0x0000017ae1f79c90 code [0x0000017ae1f79e20, 0x0000017ae1f79ef8]
Event: 15.838 Thread 0x0000017af1210ca0 nmethod 5369 0x0000017ae1f79610 code [0x0000017ae1f797c0, 0x0000017ae1f79a88]
Event: 15.839 Thread 0x0000017af12d4f50 5372       1       sun.nio.cs.DoubleByte$Encoder::encodeChar (21 bytes)
Event: 15.839 Thread 0x0000017af12d4f50 nmethod 5372 0x0000017ae1f79210 code [0x0000017ae1f793a0, 0x0000017ae1f794d8]
Event: 15.843 Thread 0x0000017af12d4f50 5373       1       jdk.internal.loader.NativeLibraries$NativeLibraryImpl::find (6 bytes)
Event: 15.843 Thread 0x0000017af12d4f50 nmethod 5373 0x0000017ae1f78b10 code [0x0000017ae1f78ca0, 0x0000017ae1f78d88]

GC Heap History (20 events):
Event: 1.077 GC heap before
{Heap before GC invocations=1 (full 0):
 garbage-first heap   total 253952K, used 26618K [0x0000000709400000, 0x0000000800000000)
  region size 2048K, 12 young (24576K), 2 survivors (4096K)
 Metaspace       used 7846K, committed 8128K, reserved 1114112K
  class space    used 1113K, committed 1216K, reserved 1048576K
}
Event: 1.080 GC heap after
{Heap after GC invocations=2 (full 0):
 garbage-first heap   total 253952K, used 9413K [0x0000000709400000, 0x0000000800000000)
  region size 2048K, 1 young (2048K), 1 survivors (2048K)
 Metaspace       used 7846K, committed 8128K, reserved 1114112K
  class space    used 1113K, committed 1216K, reserved 1048576K
}
Event: 1.602 GC heap before
{Heap before GC invocations=2 (full 0):
 garbage-first heap   total 253952K, used 58565K [0x0000000709400000, 0x0000000800000000)
  region size 2048K, 26 young (53248K), 1 survivors (2048K)
 Metaspace       used 17156K, committed 17472K, reserved 1114112K
  class space    used 2297K, committed 2432K, reserved 1048576K
}
Event: 1.607 GC heap after
{Heap after GC invocations=3 (full 0):
 garbage-first heap   total 253952K, used 13573K [0x0000000709400000, 0x0000000800000000)
  region size 2048K, 3 young (6144K), 3 survivors (6144K)
 Metaspace       used 17156K, committed 17472K, reserved 1114112K
  class space    used 2297K, committed 2432K, reserved 1048576K
}
Event: 2.291 GC heap before
{Heap before GC invocations=3 (full 0):
 garbage-first heap   total 253952K, used 48389K [0x0000000709400000, 0x0000000800000000)
  region size 2048K, 21 young (43008K), 3 survivors (6144K)
 Metaspace       used 21151K, committed 21504K, reserved 1114112K
  class space    used 2862K, committed 3072K, reserved 1048576K
}
Event: 2.296 GC heap after
{Heap after GC invocations=4 (full 0):
 garbage-first heap   total 253952K, used 15668K [0x0000000709400000, 0x0000000800000000)
  region size 2048K, 4 young (8192K), 4 survivors (8192K)
 Metaspace       used 21151K, committed 21504K, reserved 1114112K
  class space    used 2862K, committed 3072K, reserved 1048576K
}
Event: 2.879 GC heap before
{Heap before GC invocations=5 (full 0):
 garbage-first heap   total 61440K, used 44340K [0x0000000709400000, 0x0000000800000000)
  region size 2048K, 18 young (36864K), 4 survivors (8192K)
 Metaspace       used 25625K, committed 26048K, reserved 1114112K
  class space    used 3503K, committed 3712K, reserved 1048576K
}
Event: 2.889 GC heap after
{Heap after GC invocations=6 (full 0):
 garbage-first heap   total 61440K, used 18243K [0x0000000709400000, 0x0000000800000000)
  region size 2048K, 3 young (6144K), 3 survivors (6144K)
 Metaspace       used 25625K, committed 26048K, reserved 1114112K
  class space    used 3503K, committed 3712K, reserved 1048576K
}
Event: 2.953 GC heap before
{Heap before GC invocations=6 (full 0):
 garbage-first heap   total 61440K, used 20291K [0x0000000709400000, 0x0000000800000000)
  region size 2048K, 4 young (8192K), 3 survivors (6144K)
 Metaspace       used 25853K, committed 26240K, reserved 1114112K
  class space    used 3527K, committed 3712K, reserved 1048576K
}
Event: 2.960 GC heap after
{Heap after GC invocations=7 (full 0):
 garbage-first heap   total 61440K, used 18336K [0x0000000709400000, 0x0000000800000000)
  region size 2048K, 1 young (2048K), 1 survivors (2048K)
 Metaspace       used 25853K, committed 26240K, reserved 1114112K
  class space    used 3527K, committed 3712K, reserved 1048576K
}
Event: 3.374 GC heap before
{Heap before GC invocations=7 (full 0):
 garbage-first heap   total 61440K, used 38816K [0x0000000709400000, 0x0000000800000000)
  region size 2048K, 12 young (24576K), 1 survivors (2048K)
 Metaspace       used 30431K, committed 30848K, reserved 1114112K
  class space    used 4089K, committed 4288K, reserved 1048576K
}
Event: 3.376 GC heap after
{Heap after GC invocations=8 (full 0):
 garbage-first heap   total 61440K, used 19063K [0x0000000709400000, 0x0000000800000000)
  region size 2048K, 1 young (2048K), 1 survivors (2048K)
 Metaspace       used 30431K, committed 30848K, reserved 1114112K
  class space    used 4089K, committed 4288K, reserved 1048576K
}
Event: 3.815 GC heap before
{Heap before GC invocations=8 (full 0):
 garbage-first heap   total 61440K, used 39543K [0x0000000709400000, 0x0000000800000000)
  region size 2048K, 12 young (24576K), 1 survivors (2048K)
 Metaspace       used 35496K, committed 35968K, reserved 1114112K
  class space    used 4798K, committed 5056K, reserved 1048576K
}
Event: 3.817 GC heap after
{Heap after GC invocations=9 (full 0):
 garbage-first heap   total 61440K, used 19921K [0x0000000709400000, 0x0000000800000000)
  region size 2048K, 2 young (4096K), 2 survivors (4096K)
 Metaspace       used 35496K, committed 35968K, reserved 1114112K
  class space    used 4798K, committed 5056K, reserved 1048576K
}
Event: 4.297 GC heap before
{Heap before GC invocations=10 (full 0):
 garbage-first heap   total 61440K, used 42449K [0x0000000709400000, 0x0000000800000000)
  region size 2048K, 13 young (26624K), 2 survivors (4096K)
 Metaspace       used 39736K, committed 40192K, reserved 1114112K
  class space    used 5526K, committed 5760K, reserved 1048576K
}
Event: 4.300 GC heap after
{Heap after GC invocations=11 (full 0):
 garbage-first heap   total 157696K, used 20873K [0x0000000709400000, 0x0000000800000000)
  region size 2048K, 1 young (2048K), 1 survivors (2048K)
 Metaspace       used 39736K, committed 40192K, reserved 1114112K
  class space    used 5526K, committed 5760K, reserved 1048576K
}
Event: 12.301 GC heap before
{Heap before GC invocations=11 (full 0):
 garbage-first heap   total 157696K, used 113033K [0x0000000709400000, 0x0000000800000000)
  region size 2048K, 46 young (94208K), 1 survivors (2048K)
 Metaspace       used 58004K, committed 58496K, reserved 1114112K
  class space    used 8037K, committed 8256K, reserved 1048576K
}
Event: 12.308 GC heap after
{Heap after GC invocations=12 (full 0):
 garbage-first heap   total 157696K, used 29853K [0x0000000709400000, 0x0000000800000000)
  region size 2048K, 6 young (12288K), 6 survivors (12288K)
 Metaspace       used 58004K, committed 58496K, reserved 1114112K
  class space    used 8037K, committed 8256K, reserved 1048576K
}
Event: 12.458 GC heap before
{Heap before GC invocations=12 (full 0):
 garbage-first heap   total 157696K, used 35997K [0x0000000709400000, 0x0000000800000000)
  region size 2048K, 10 young (20480K), 6 survivors (12288K)
 Metaspace       used 59702K, committed 60160K, reserved 1114112K
  class space    used 8221K, committed 8448K, reserved 1048576K
}
Event: 12.463 GC heap after
{Heap after GC invocations=13 (full 0):
 garbage-first heap   total 157696K, used 31455K [0x0000000709400000, 0x0000000800000000)
  region size 2048K, 1 young (2048K), 1 survivors (2048K)
 Metaspace       used 59702K, committed 60160K, reserved 1114112K
  class space    used 8221K, committed 8448K, reserved 1048576K
}

Deoptimization events (6 events):
Event: 3.044 Thread 0x0000017ad9f651b0 DEOPT PACKING pc=0x0000017ae2161689 sp=0x000000300b7fe810
Event: 3.044 Thread 0x0000017ad9f651b0 DEOPT UNPACKING pc=0x0000017ae1852b43 sp=0x000000300b7fdca0 mode 3
Event: 3.044 Thread 0x0000017af6797a10 DEOPT PACKING pc=0x0000017ae215bf1f sp=0x000000300e2fed80
Event: 3.044 Thread 0x0000017af6797a10 DEOPT UNPACKING pc=0x0000017ae1852b43 sp=0x000000300e2fe1d8 mode 3
Event: 5.270 Thread 0x0000017ad9f651b0 DEOPT PACKING pc=0x0000017ae21a6d52 sp=0x000000300b7fa640
Event: 5.270 Thread 0x0000017ad9f651b0 DEOPT UNPACKING pc=0x0000017ae1852b43 sp=0x000000300b7f9b48 mode 3

Classes unloaded (0 events):
No events

Classes redefined (0 events):
No events

Internal exceptions (20 events):
Event: 6.307 Thread 0x0000017ad9f651b0 Exception <a 'sun/nio/fs/WindowsException'{0x000000070fbe3b20}> (0x000000070fbe3b20) 
thrown [s\open\src\hotspot\share\prims\jni.cpp, line 516]
Event: 6.314 Thread 0x0000017ad9f651b0 Exception <a 'sun/nio/fs/WindowsException'{0x000000070fbe6a88}> (0x000000070fbe6a88) 
thrown [s\open\src\hotspot\share\prims\jni.cpp, line 516]
Event: 6.322 Thread 0x0000017ad9f651b0 Exception <a 'sun/nio/fs/WindowsException'{0x000000070fbe98c8}> (0x000000070fbe98c8) 
thrown [s\open\src\hotspot\share\prims\jni.cpp, line 516]
Event: 6.327 Thread 0x0000017ad9f651b0 Exception <a 'sun/nio/fs/WindowsException'{0x000000070fbec6e8}> (0x000000070fbec6e8) 
thrown [s\open\src\hotspot\share\prims\jni.cpp, line 516]
Event: 6.333 Thread 0x0000017ad9f651b0 Exception <a 'sun/nio/fs/WindowsException'{0x000000070fbef518}> (0x000000070fbef518) 
thrown [s\open\src\hotspot\share\prims\jni.cpp, line 516]
Event: 6.388 Thread 0x0000017ad9f651b0 Exception <a 'sun/nio/fs/WindowsException'{0x000000070fbf2350}> (0x000000070fbf2350) 
thrown [s\open\src\hotspot\share\prims\jni.cpp, line 516]
Event: 6.469 Thread 0x0000017ad9f651b0 Exception <a 'sun/nio/fs/WindowsException'{0x000000070fbf5180}> (0x000000070fbf5180) 
thrown [s\open\src\hotspot\share\prims\jni.cpp, line 516]
Event: 6.786 Thread 0x0000017ad9f651b0 Exception <a 'sun/nio/fs/WindowsException'{0x000000070eaac560}> (0x000000070eaac560) 
thrown [s\open\src\hotspot\share\prims\jni.cpp, line 516]
Event: 6.834 Thread 0x0000017ad9f651b0 Exception <a 'java/lang/IncompatibleClassChangeError'{0x000000070e97a808}: Found class java.lang.Object, but interface was expected> (0x000000070e97a808) 
thrown [s\open\src\hotspot\share\interpreter\linkResolver.cpp, line 826]
Event: 6.872 Thread 0x0000017ad9f651b0 Exception <a 'java/lang/NoSuchMethodError'{0x000000070e777770}: 'void java.lang.invoke.DirectMethodHandle$Holder.invokeVirtual(java.lang.Object, java.lang.Object, long)'> (0x000000070e777770) 
thrown [s\open\src\hotspot\share\interpreter\linkResolver.cpp, line 759]
Event: 6.951 Thread 0x0000017ad9f651b0 Exception <a 'java/lang/IncompatibleClassChangeError'{0x000000070e3d2828}: Found class java.lang.Object, but interface was expected> (0x000000070e3d2828) 
thrown [s\open\src\hotspot\share\interpreter\linkResolver.cpp, line 826]
Event: 7.003 Thread 0x0000017ad9f651b0 Exception <a 'java/lang/NoSuchMethodError'{0x000000070dc2ba08}: 'java.lang.Object java.lang.invoke.DirectMethodHandle$Holder.invokeSpecial(java.lang.Object, java.lang.Object, java.lang.Object, java.lang.Object, java.lang.Object, java.lang.Object, java.lang.Object, java.lang.Object, java.lang.Object, java.lang.Object, java.lang.Object)'> (0x000000070dc2ba08) 
thrown [s\open\src\hotspot\share\interpreter\linkResolver.cpp, line 759]
Event: 7.003 Thread 0x0000017ad9f651b0 Exception <a 'java/lang/NoSuchMethodError'{0x000000070dc301d8}: 'java.lang.Object java.lang.invoke.Invokers$Holder.invoke_MT(java.lang.Object, java.lang.Object, java.lang.Object, java.lang.Object, java.lang.Object, java.lang.Object, java.lang.Object, java.lang.Object, java.lang.Object, java.lang.Object, java.lang.Object)'> (0x000000070dc301d8) 
thrown [s\open\src\hotspot\share\interpreter\linkResolver.cpp, line 759]
Event: 7.047 Thread 0x0000017ad9f651b0 Exception <a 'java/lang/NoSuchMethodError'{0x000000070dacfd68}: 'java.lang.Object java.lang.invoke.DirectMethodHandle$Holder.newInvokeSpecial(java.lang.Object, java.lang.Object, int, java.lang.Object, java.lang.Object)'> (0x000000070dacfd68) 
thrown [s\open\src\hotspot\share\interpreter\linkResolver.cpp, line 759]
Event: 12.292 Thread 0x0000017af774be10 Exception <a 'java/lang/NoSuchMethodError'{0x000000070d5937b8}: 'java.lang.Object java.lang.invoke.DirectMethodHandle$Holder.invokeSpecial(java.lang.Object, java.lang.Object, java.lang.Object, java.lang.Object, java.lang.Object, long)'> (0x000000070d5937b8) 
thrown [s\open\src\hotspot\share\interpreter\linkResolver.cpp, line 759]
Event: 12.292 Thread 0x0000017af774be10 Exception <a 'java/lang/NoSuchMethodError'{0x000000070d5971f8}: 'java.lang.Object java.lang.invoke.Invokers$Holder.linkToTargetMethod(java.lang.Object, java.lang.Object, java.lang.Object, long, java.lang.Object)'> (0x000000070d5971f8) 
thrown [s\open\src\hotspot\share\interpreter\linkResolver.cpp, line 759]
Event: 15.759 Thread 0x0000017af7749aa0 Exception <a 'sun/nio/fs/WindowsException'{0x000000070f66d6c0}> (0x000000070f66d6c0) 
thrown [s\open\src\hotspot\share\prims\jni.cpp, line 516]
Event: 15.842 Thread 0x0000017af7749aa0 Exception <a 'sun/nio/fs/WindowsException'{0x000000070f7163b0}> (0x000000070f7163b0) 
thrown [s\open\src\hotspot\share\prims\jni.cpp, line 516]
Event: 15.842 Thread 0x0000017af7749aa0 Exception <a 'sun/nio/fs/WindowsException'{0x000000070f7177e8}> (0x000000070f7177e8) 
thrown [s\open\src\hotspot\share\prims\jni.cpp, line 516]
Event: 15.843 Thread 0x0000017af7749aa0 Exception <a 'sun/nio/fs/WindowsException'{0x000000070f717ae8}> (0x000000070f717ae8) 
thrown [s\open\src\hotspot\share\prims\jni.cpp, line 516]

VM Operations (20 events):
Event: 12.448 Executing VM operation: HandshakeAllThreads
Event: 12.448 Executing VM operation: HandshakeAllThreads done
Event: 12.458 Executing VM operation: CollectForMetadataAllocation
Event: 12.463 Executing VM operation: CollectForMetadataAllocation done
Event: 12.472 Executing VM operation: G1Concurrent
Event: 12.475 Executing VM operation: G1Concurrent done
Event: 12.480 Executing VM operation: G1Concurrent
Event: 12.480 Executing VM operation: G1Concurrent done
Event: 12.509 Executing VM operation: HandshakeAllThreads
Event: 12.509 Executing VM operation: HandshakeAllThreads done
Event: 12.509 Executing VM operation: HandshakeAllThreads
Event: 12.509 Executing VM operation: HandshakeAllThreads done
Event: 12.830 Executing VM operation: HandshakeAllThreads
Event: 12.830 Executing VM operation: HandshakeAllThreads done
Event: 13.838 Executing VM operation: Cleanup
Event: 13.838 Executing VM operation: Cleanup done
Event: 15.717 Executing VM operation: HandshakeAllThreads
Event: 15.717 Executing VM operation: HandshakeAllThreads done
Event: 15.717 Executing VM operation: Cleanup
Event: 15.717 Executing VM operation: Cleanup done

Events (20 events):
Event: 12.842 loading class java/util/OptionalDouble done
Event: 12.847 loading class java/util/AbstractMap$SimpleEntry
Event: 12.847 loading class java/util/AbstractMap$SimpleEntry done
Event: 12.863 loading class java/util/stream/LongStream
Event: 12.864 loading class java/util/stream/LongStream done
Event: 12.864 loading class java/util/stream/DoubleStream
Event: 12.864 loading class java/util/stream/DoubleStream done
Event: 15.706 Thread 0x0000017af602ddb0 Thread exited: 0x0000017af602ddb0
Event: 15.722 loading class java/util/BitSet$1BitSetSpliterator
Event: 15.722 loading class java/util/BitSet$1BitSetSpliterator done
Event: 15.722 loading class java/util/stream/IntPipeline$1
Event: 15.722 loading class java/util/stream/IntPipeline$1 done
Event: 15.723 loading class java/util/stream/IntPipeline$1$1
Event: 15.723 loading class java/util/stream/IntPipeline$1$1 done
Event: 15.759 loading class java/nio/file/FileAlreadyExistsException
Event: 15.759 loading class java/nio/file/FileAlreadyExistsException done
Event: 15.822 loading class sun/security/provider/MD5
Event: 15.823 loading class sun/security/provider/MD5 done
Event: 15.825 loading class sun/security/provider/ByteArrayAccess$LE
Event: 15.825 loading class sun/security/provider/ByteArrayAccess$LE done


Dynamic libraries:
0x00007ff7223f0000 - 0x00007ff722400000 	C:\Program Files\Java\jdk-17\bin\java.exe
0x00007ff9c0460000 - 0x00007ff9c06c0000 	C:\WINDOWS\SYSTEM32\ntdll.dll
0x00007ff9bea10000 - 0x00007ff9bead7000 	C:\WINDOWS\System32\KERNEL32.DLL
0x00007ff9bdab0000 - 0x00007ff9bde7a000 	C:\WINDOWS\System32\KERNELBASE.dll
0x00007ff9bd670000 - 0x00007ff9bd7bb000 	C:\WINDOWS\System32\ucrtbase.dll
0x00007ff97e800000 - 0x00007ff97e81b000 	C:\Program Files\Java\jdk-17\bin\VCRUNTIME140.dll
0x00007ff97e820000 - 0x00007ff97e839000 	C:\Program Files\Java\jdk-17\bin\jli.dll
0x00007ff9be3c0000 - 0x00007ff9be472000 	C:\WINDOWS\System32\ADVAPI32.dll
0x00007ff9be310000 - 0x00007ff9be3b9000 	C:\WINDOWS\System32\msvcrt.dll
0x00007ff9be260000 - 0x00007ff9be306000 	C:\WINDOWS\System32\sechost.dll
0x00007ff9bee30000 - 0x00007ff9bef46000 	C:\WINDOWS\System32\RPCRT4.dll
0x00007ff9be840000 - 0x00007ff9bea0c000 	C:\WINDOWS\System32\USER32.dll
0x00007ff9bd640000 - 0x00007ff9bd667000 	C:\WINDOWS\System32\win32u.dll
0x00007ff9bed20000 - 0x00007ff9bed4a000 	C:\WINDOWS\System32\GDI32.dll
0x00007ff9be120000 - 0x00007ff9be251000 	C:\WINDOWS\System32\gdi32full.dll
0x00007ff9ac050000 - 0x00007ff9ac2e7000 	C:\WINDOWS\WinSxS\amd64_microsoft.windows.common-controls_6595b64144ccf1df_6.0.26100.3624_none_3e086962e3345f24\COMCTL32.dll
0x00007ff9bd7c0000 - 0x00007ff9bd863000 	C:\WINDOWS\System32\msvcp_win.dll
0x00007ff9b4cc0000 - 0x00007ff9b4ccb000 	C:\WINDOWS\SYSTEM32\VERSION.dll
0x00007ff9bfbf0000 - 0x00007ff9bfc1f000 	C:\WINDOWS\System32\IMM32.DLL
0x00007ff99a5b0000 - 0x00007ff99a5bc000 	C:\Program Files\Java\jdk-17\bin\vcruntime140_1.dll
0x00007ff946b50000 - 0x00007ff946bde000 	C:\Program Files\Java\jdk-17\bin\msvcp140.dll
0x00007ff910d80000 - 0x00007ff91195f000 	C:\Program Files\Java\jdk-17\bin\server\jvm.dll
0x00007ff9bed10000 - 0x00007ff9bed18000 	C:\WINDOWS\System32\PSAPI.DLL
0x00007ff9bac30000 - 0x00007ff9bac66000 	C:\WINDOWS\SYSTEM32\WINMM.dll
0x00007ff9a6220000 - 0x00007ff9a622a000 	C:\WINDOWS\SYSTEM32\WSOCK32.dll
0x00007ff9beae0000 - 0x00007ff9beb54000 	C:\WINDOWS\System32\WS2_32.dll
0x00007ff9bc570000 - 0x00007ff9bc58a000 	C:\WINDOWS\SYSTEM32\kernel.appcore.dll
0x00007ff97e7f0000 - 0x00007ff97e7fa000 	C:\Program Files\Java\jdk-17\bin\jimage.dll
0x00007ff9ba9e0000 - 0x00007ff9bac21000 	C:\WINDOWS\SYSTEM32\DBGHELP.DLL
0x00007ff9be480000 - 0x00007ff9be802000 	C:\WINDOWS\System32\combase.dll
0x00007ff9bf1f0000 - 0x00007ff9bf2c6000 	C:\WINDOWS\System32\OLEAUT32.dll
0x00007ff9ba9a0000 - 0x00007ff9ba9d9000 	C:\WINDOWS\SYSTEM32\dbgcore.DLL
0x00007ff9bde80000 - 0x00007ff9bdf19000 	C:\WINDOWS\System32\bcryptPrimitives.dll
0x00007ff973170000 - 0x00007ff973195000 	C:\Program Files\Java\jdk-17\bin\java.dll
0x00007ff92b6c0000 - 0x00007ff92b797000 	C:\Program Files\Java\jdk-17\bin\jsvml.dll
0x00007ff9bf440000 - 0x00007ff9bfb69000 	C:\WINDOWS\System32\SHELL32.dll
0x00007ff9bdf20000 - 0x00007ff9be088000 	C:\WINDOWS\System32\wintypes.dll
0x00007ff9bb2f0000 - 0x00007ff9bbb42000 	C:\WINDOWS\SYSTEM32\windows.storage.dll
0x00007ff9bec20000 - 0x00007ff9bed0d000 	C:\WINDOWS\System32\SHCORE.dll
0x00007ff9bf180000 - 0x00007ff9bf1e4000 	C:\WINDOWS\System32\shlwapi.dll
0x00007ff9bd550000 - 0x00007ff9bd57f000 	C:\WINDOWS\SYSTEM32\profapi.dll
0x00007ff973150000 - 0x00007ff973169000 	C:\Program Files\Java\jdk-17\bin\net.dll
0x00007ff9b5d80000 - 0x00007ff9b5e9d000 	C:\WINDOWS\SYSTEM32\WINHTTP.dll
0x00007ff9bca90000 - 0x00007ff9bcafa000 	C:\WINDOWS\system32\mswsock.dll
0x00007ff970440000 - 0x00007ff970456000 	C:\Program Files\Java\jdk-17\bin\nio.dll
0x00007ff950070000 - 0x00007ff950088000 	C:\Program Files\Java\jdk-17\bin\zip.dll
0x00007ff970af0000 - 0x00007ff970afe000 	C:\Program Files\Java\jdk-17\bin\sunmscapi.dll
0x00007ff9bd930000 - 0x00007ff9bdaa7000 	C:\WINDOWS\System32\CRYPT32.dll
0x00007ff9bcf30000 - 0x00007ff9bcf60000 	C:\WINDOWS\SYSTEM32\ncrypt.dll
0x00007ff9bcee0000 - 0x00007ff9bcf1f000 	C:\WINDOWS\SYSTEM32\NTASN1.dll
0x00007ff9bcd30000 - 0x00007ff9bcd4c000 	C:\WINDOWS\SYSTEM32\CRYPTSP.dll
0x00007ff9bc4d0000 - 0x00007ff9bc50a000 	C:\WINDOWS\system32\rsaenh.dll
0x00007ff9bcb30000 - 0x00007ff9bcb5b000 	C:\WINDOWS\SYSTEM32\USERENV.dll
0x00007ff9bd520000 - 0x00007ff9bd546000 	C:\WINDOWS\SYSTEM32\bcrypt.dll
0x00007ff9bcd50000 - 0x00007ff9bcd5c000 	C:\WINDOWS\SYSTEM32\CRYPTBASE.dll
0x00007ff9bbec0000 - 0x00007ff9bbef3000 	C:\WINDOWS\SYSTEM32\IPHLPAPI.DLL
0x00007ff9bf430000 - 0x00007ff9bf43a000 	C:\WINDOWS\System32\NSI.dll
0x00007ff9b5d10000 - 0x00007ff9b5d2f000 	C:\WINDOWS\SYSTEM32\dhcpcsvc6.DLL
0x00007ff9b5c20000 - 0x00007ff9b5c45000 	C:\WINDOWS\SYSTEM32\dhcpcsvc.DLL
0x00007ff9bbfb0000 - 0x00007ff9bc0d5000 	C:\WINDOWS\SYSTEM32\DNSAPI.dll
0x00007ff974720000 - 0x00007ff97472a000 	C:\Program Files\Java\jdk-17\bin\management.dll
0x00007ff974590000 - 0x00007ff97459b000 	C:\Program Files\Java\jdk-17\bin\management_ext.dll
0x00007ff974d90000 - 0x00007ff974da0000 	C:\Program Files\Java\jdk-17\bin\verify.dll
0x00007ff9a3700000 - 0x00007ff9a3719000 	C:\Users\idjjh\AppData\Local\Temp\gdal_native\zlib.dll
0x00007ff924f30000 - 0x00007ff924fe2000 	C:\Users\idjjh\AppData\Local\Temp\gdal_native\zstd.dll
0x00007ff923d40000 - 0x00007ff923e3f000 	C:\Users\idjjh\AppData\Local\Temp\gdal_native\iconv-2.dll
0x00007ff9a36d0000 - 0x00007ff9a36fb000 	C:\Users\idjjh\AppData\Local\Temp\gdal_native\libexpat.dll
0x00007ff922cc0000 - 0x00007ff922e23000 	C:\Users\idjjh\AppData\Local\Temp\gdal_native\libxml2.dll
0x00007ff922170000 - 0x00007ff92241c000 	C:\Users\idjjh\AppData\Local\Temp\gdal_native\xerces-c_3_2.dll
0x00007ff994960000 - 0x00007ff994980000 	C:\Users\idjjh\AppData\Local\Temp\gdal_native\pcre.dll
0x00007ff921c80000 - 0x00007ff922164000 	C:\Users\idjjh\AppData\Local\Temp\gdal_native\libcrypto-3-x64.dll
0x00007ff9502e0000 - 0x00007ff95041a000 	C:\Users\idjjh\AppData\Local\Temp\gdal_native\libssl-3-x64.dll
0x00007ff9456f0000 - 0x00007ff945784000 	C:\Users\idjjh\AppData\Local\Temp\gdal_native\libcurl.dll
0x00007ff9bed50000 - 0x00007ff9bedc4000 	C:\WINDOWS\System32\WLDAP32.dll
0x00007ff91eb60000 - 0x00007ff91ee20000 	C:\Users\idjjh\AppData\Local\Temp\gdal_native\sqlite3.dll
0x00007ff90ff00000 - 0x00007ff9105a1000 	C:\Users\idjjh\AppData\Local\Temp\gdal_native\libmysql.dll
0x00007ff9ba180000 - 0x00007ff9ba18d000 	C:\WINDOWS\SYSTEM32\Secur32.dll
0x00007ff9bc810000 - 0x00007ff9bc858000 	C:\WINDOWS\SYSTEM32\SSPICLI.DLL
0x0000000180000000 - 0x000000018004e000 	C:\Users\idjjh\AppData\Local\Temp\gdal_native\libpq.dll
0x00007ff91e980000 - 0x00007ff91eb58000 	C:\Users\idjjh\AppData\Local\Temp\gdal_native\geos.dll
0x00007ff9285f0000 - 0x00007ff92864c000 	C:\Users\idjjh\AppData\Local\Temp\gdal_native\geos_c.dll
0x00007ff91e830000 - 0x00007ff91e97c000 	C:\Users\idjjh\AppData\Local\Temp\gdal_native\tiff.dll
0x00007ff91e150000 - 0x00007ff91e490000 	C:\Users\idjjh\AppData\Local\Temp\gdal_native\proj_9.dll
0x00007ff9bef50000 - 0x00007ff9bf0e6000 	C:\WINDOWS\System32\ole32.dll
0x00007ff924e80000 - 0x00007ff924ed1000 	C:\Users\idjjh\AppData\Local\Temp\gdal_native\openjp2.dll
0x00007ff948220000 - 0x00007ff948255000 	C:\Users\idjjh\AppData\Local\Temp\gdal_native\libpng16.dll
0x00007ff945590000 - 0x00007ff9455ba000 	C:\Users\idjjh\AppData\Local\Temp\gdal_native\freexl.dll
0x00007ff92b630000 - 0x00007ff92b653000 	C:\Users\idjjh\AppData\Local\Temp\gdal_native\ogdi.dll
0x00007ff90f200000 - 0x00007ff90fef5000 	C:\Users\idjjh\AppData\Local\Temp\gdal_native\spatialite.dll
0x00007ff90d630000 - 0x00007ff90ea7a000 	C:\Users\idjjh\AppData\Local\Temp\gdal_native\gdal.dll
0x00007ff9b1520000 - 0x00007ff9b15e4000 	C:\WINDOWS\SYSTEM32\ODBC32.dll
0x00007ff9bd330000 - 0x00007ff9bd33a000 	C:\WINDOWS\SYSTEM32\DPAPI.DLL
0x00007ff922ef0000 - 0x00007ff922f98000 	C:\Users\idjjh\AppData\Local\Temp\gdal_native\gdalalljni.dll
0x00007ff994aa0000 - 0x00007ff994aa8000 	C:\WINDOWS\system32\wshunix.dll
0x00007ff9a9570000 - 0x00007ff9a957b000 	C:\Windows\System32\rasadhlp.dll
0x00007ff9b4e90000 - 0x00007ff9b4f15000 	C:\WINDOWS\System32\fwpuclnt.dll

dbghelp: loaded successfully - version: 4.0.5 - missing functions: none
symbol engine: initialized successfully - sym options: 0x614 - pdb path: .;C:\Program Files\Java\jdk-17\bin;C:\WINDOWS\SYSTEM32;C:\WINDOWS\WinSxS\amd64_microsoft.windows.common-controls_6595b64144ccf1df_6.0.26100.3624_none_3e086962e3345f24;C:\Program Files\Java\jdk-17\bin\server;C:\Users\idjjh\AppData\Local\Temp\gdal_native

VM Arguments:
jvm_args: -Djava.library.path=C:\JANG\sia_task\sia-task-dev\task/src/main/resource/nativelib/window -XX:TieredStopAtLevel=1 -Dfile.encoding=x-windows-949 -Duser.country=KR -Duser.language=ko -Duser.variant 
java_command: com.sia.task.TaskApplication
java_class_path (initial): C:\JANG\sia_task\sia-task-dev\task\build\classes\java\main;C:\JANG\sia_task\sia-task-dev\task\build\resources\main;C:\Users\idjjh\.gradle\caches\modules-2\files-2.1\org.springframework.cloud\spring-cloud-starter-aws\2.2.6.RELEASE\9d7c330b3f4aa477df2db27dd875a0e63a49456\spring-cloud-starter-aws-2.2.6.RELEASE.jar;C:\Users\idjjh\.gradle\caches\modules-2\files-2.1\io.github.cdimascio\java-dotenv\5.2.2\f77d54ff193ed4b07415ab8d7b3d0550716aa8c\java-dotenv-5.2.2.jar;C:\Users\idjjh\.gradle\caches\modules-2\files-2.1\commons-fileupload\commons-fileupload\1.5\ad4ad2ab2961b4e1891472bd1a33fabefb0385f3\commons-fileupload-1.5.jar;C:\Users\idjjh\.gradle\caches\modules-2\files-2.1\org.apache.tika\tika-core\2.9.1\bfd572826e7023dd6ceeefe1b4d0f6d3d8eef507\tika-core-2.9.1.jar;C:\Users\idjjh\.gradle\caches\modules-2\files-2.1\commons-io\commons-io\2.14.0\a4c6e1f6c196339473cd2e1b037f0eb97c62755b\commons-io-2.14.0.jar;C:\Users\idjjh\.gradle\caches\modules-2\files-2.1\org.gdal\gdal\3.10.0\d229b54a2136a6a1e6e8321881789a4465e2ec50\gdal-3.10.0.jar;C:\Users\idjjh\.gradle\caches\modules-2\files-2.1\com.h2database\h2\2.3.232\4fcc05d966ccdb2812ae8b9a718f69226c0cf4e2\h2-2.3.232.jar;C:\Users\idjjh\.gradle\caches\modules-2\files-2.1\org.springframework\spring-webmvc\6.2.5\db8f1171041d7091f3de80cffdfb9d6c5fbf3015\spring-webmvc-6.2.5.jar;C:\Users\idjjh\.gradle\caches\modules-2\files-2.1\org.springframework\spring-web\6.2.5\b42d2c0acbe05bad4c849883aa8816c25b6c1d94\spring-web-6.2.5.jar;C:\Users\idjjh\.gradle\caches\modules-2\files-2.1\org.hibernate.orm\hibernate-core\6.6.11.Final\d5330ab0dd5f5cc810086b7fb66cec8b2d2f5213\hibernate-core-6.6.11.Final.jar;C:\Users\idjjh\.gradle\caches\modules-2\files-2.1\org.springframework.data\spring-data-jpa\3.4.4\50f826d0dd60af289321bde6f5eea8fc48131c75\spring-data-jpa-3.4.4.jar;C:\Users\idjjh\.gradle\caches\modules-2\files-2.1\org.springframework\spring-aspects\6.2.5\971b57bb59d4890a3db5f1e20f89effa7df8c149\spring-aspects-6.2.5.jar;C:\Users\
Launcher Type: SUN_STANDARD

[Global flags]
     intx CICompilerCount                          = 12                                        {product} {ergonomic}
     uint ConcGCThreads                            = 3                                         {product} {ergonomic}
     uint G1ConcRefinementThreads                  = 13                                        {product} {ergonomic}
   size_t G1HeapRegionSize                         = 2097152                                   {product} {ergonomic}
    uintx GCDrainStackTargetSize                   = 64                                        {product} {ergonomic}
   size_t InitialHeapSize                          = 260046848                                 {product} {ergonomic}
   size_t MarkStackSize                            = 4194304                                   {product} {ergonomic}
   size_t MaxHeapSize                              = 4139778048                                {product} {ergonomic}
   size_t MaxNewSize                               = 2483027968                                {product} {ergonomic}
   size_t MinHeapDeltaBytes                        = 2097152                                   {product} {ergonomic}
   size_t MinHeapSize                              = 8388608                                   {product} {ergonomic}
    uintx NonProfiledCodeHeapSize                  = 0                                      {pd product} {ergonomic}
     bool ProfileInterpreter                       = false                                  {pd product} {command line}
    uintx ProfiledCodeHeapSize                     = 0                                      {pd product} {ergonomic}
   size_t SoftMaxHeapSize                          = 4139778048                             {manageable} {ergonomic}
     intx TieredStopAtLevel                        = 1                                         {product} {command line}
     bool UseCompressedClassPointers               = true                           {product lp64_product} {ergonomic}
     bool UseCompressedOops                        = true                           {product lp64_product} {ergonomic}
     bool UseG1GC                                  = true                                      {product} {ergonomic}
     bool UseLargePagesIndividualAllocation        = false                                  {pd product} {ergonomic}

Logging:
Log output configuration:
 #0: stdout all=warning uptime,level,tags
 #1: stderr all=off uptime,level,tags

Environment Variables:
JAVA_HOME=C:\Program Files\Java\jdk-17
CLASSPATH=C:\JANG\sia_task\sia-task-dev\task\\gradle\wrapper\gradle-wrapper.jar
PATH=C:\Program Files\Java\jdk-17;C:\Python312\Scripts\;C:\Python312\;C:\oraclexe\app\oracle\product\11.2.0\server\bin;C:\Program Files\Common Files\Oracle\Java\javapath;C:\Windows\system32;C:\Windows;C:\Windows\System32\Wbem;C:\Windows\System32\WindowsPowerShell\v1.0\;C:\Windows\System32\OpenSSH\;C:\Program Files (x86)\NVIDIA Corporation\PhysX\Common;C:\WINDOWS\system32;C:\WINDOWS;C:\WINDOWS\System32\Wbem;C:\WINDOWS\System32\WindowsPowerShell\v1.0\;C:\WINDOWS\System32\OpenSSH\;C:\Program Files\Git\cmd;C:\ProgramData\chocolatey\bin;C:\nodejs;C:\Program Files\NVIDIA Corporation\NVIDIA app\NvDLISR;C:\Program Files\Docker\Docker\resources\bin;C:\Program Files\nodejs\;C:\Users\idjjh\AppData\Local\Programs\Python\Python313\Scripts\;C:\Users\idjjh\AppData\Local\Programs\Python\Python313\;C:\Users\idjjh\AppData\Local\Microsoft\WindowsApps;C:\apache-maven-3.9.9\bin;C:\Users\idjjh\AppData\Roaming\npm;C:\Program Files\Git\bin;C:\Python312\Scripts\;
USERNAME=junhee
LANG=en_US.UTF-8
OS=Windows_NT
PROCESSOR_IDENTIFIER=AMD64 Family 23 Model 96 Stepping 1, AuthenticAMD



---------------  S Y S T E M  ---------------

OS:
 Windows 11 , 64 bit Build 26100 (10.0.26100.3775)
OS uptime: 3 days 8:44 hours
Hyper-V role detected

CPU: total 16 (initial active 16) (16 cores per cpu, 2 threads per core) family 23 model 96 stepping 1 microcode 0x8600104, cx8, cmov, fxsr, ht, mmx, 3dnowpref, sse, sse2, sse3, ssse3, sse4a, sse4.1, sse4.2, popcnt, lzcnt, tsc, tscinvbit, avx, avx2, aes, clmul, bmi1, bmi2, adx, sha, fma, vzeroupper, clflush, clflushopt, hv

Memory: 4k page, system-wide physical 15789M (4500M free)
TotalPageFile size 22189M (AvailPageFile size 5425M)
current process WorkingSet (physical memory assigned to process): 262M, peak: 293M
current process commit charge ("private bytes"): 323M, peak: 388M

vm_info: Java HotSpot(TM) 64-Bit Server VM (17.0.10+11-LTS-240) for windows-amd64 JRE (17.0.10+11-LTS-240), built on Dec 19 2023 21:47:25 by "mach5one" with MS VC++ 17.1 (VS2022)

END.
