#
# A fatal error has been detected by the Java Runtime Environment:
#
#  EXCEPTION_ACCESS_VIOLATION (0xc0000005) at pc=0x00007ffd5c4532a8, pid=40376, tid=36456
#
# JRE version: Java(TM) SE Runtime Environment (17.0.10+11) (build 17.0.10+11-LTS-240)
# Java VM: Java HotSpot(TM) 64-Bit Server VM (17.0.10+11-LTS-240, mixed mode, emulated-client, sharing, tiered, compressed oops, compressed class ptrs, g1 gc, windows-amd64)
# Problematic frame:
# C  [msvcp140.dll+0x132a8]
#
# No core dump will be written. Minidumps are not enabled by default on client versions of Windows
#
# If you would like to submit a bug report, please visit:
#   https://bugreport.java.com/bugreport/crash.jsp
# The crash happened outside the Java Virtual Machine in native code.
# See problematic frame for where to report the bug.
#

---------------  S U M M A R Y ------------

Command Line: -Djava.library.path=C:\JANG\sia_task\sia-task-dev\task\src\main\resources\nativelib\window -XX:TieredStopAtLevel=1 -Dfile.encoding=x-windows-949 -Duser.country=KR -Duser.language=ko -Duser.variant com.sia.task.TaskApplication

Host: AMD Ryzen 9 4900HS with Radeon Graphics         , 16 cores, 15G,  Windows 11 , 64 bit Build 26100 (10.0.26100.3775)
Time: Mon Apr 28 04:07:04 2025  Windows 11 , 64 bit Build 26100 (10.0.26100.3775) elapsed time: 17.358216 seconds (0d 0h 0m 17s)

---------------  T H R E A D  ---------------

Current thread (0x000001d5ec65f3a0):  JavaThread "http-nio-8080-exec-6" daemon [_thread_in_native, id=36456, stack(0x000000054d900000,0x000000054da00000)]

Stack: [0x000000054d900000,0x000000054da00000],  sp=0x000000054d9fc8d0,  free space=1010k
Native frames: (J=compiled Java code, j=interpreted, Vv=VM code, C=native code)
C  [msvcp140.dll+0x132a8]
C  [gdal.dll+0xc2757d]

Java frames: (J=compiled Java code, j=interpreted, Vv=VM code)
j  org.gdal.gdal.gdalJNI.Open__SWIG_1(Ljava/lang/String;)J+0
j  org.gdal.gdal.gdal.Open(Ljava/lang/String;)Lorg/gdal/gdal/Dataset;+1
j  com.sia.task.service.ConvertCOGService.fileConvertCOG(Ljava/util/List;)V+481
j  com.sia.task.service.FileProcessingService.fileProcessing(Ljava/util/List;)V+14
j  com.sia.task.controller.FileProcessingController.fileProcessing(Lcom/sia/task/fileDTO/FileDTO;)Lorg/springframework/http/ResponseEntity;+39
v  ~StubRoutines::call_stub
J 3823  jdk.internal.reflect.NativeMethodAccessorImpl.invoke0(Ljava/lang/reflect/Method;Ljava/lang/Object;[Ljava/lang/Object;)Ljava/lang/Object; java.base@17.0.10 (0 bytes) @ 0x000001d595de14a7 [0x000001d595de1420+0x0000000000000087]
J 3822 c1 jdk.internal.reflect.NativeMethodAccessorImpl.invoke(Ljava/lang/Object;[Ljava/lang/Object;)Ljava/lang/Object; java.base@17.0.10 (137 bytes) @ 0x000001d595de1ccc [0x000001d595de1980+0x000000000000034c]
J 3811 c1 jdk.internal.reflect.DelegatingMethodAccessorImpl.invoke(Ljava/lang/Object;[Ljava/lang/Object;)Ljava/lang/Object; java.base@17.0.10 (10 bytes) @ 0x000001d595ddeb64 [0x000001d595ddeb20+0x0000000000000044]
J 3813 c1 java.lang.reflect.Method.invoke(Ljava/lang/Object;[Ljava/lang/Object;)Ljava/lang/Object; java.base@17.0.10 (65 bytes) @ 0x000001d595ddf36c [0x000001d595ddf260+0x000000000000010c]
j  org.springframework.web.method.support.InvocableHandlerMethod.doInvoke([Ljava/lang/Object;)Ljava/lang/Object;+55
j  org.springframework.web.method.support.InvocableHandlerMethod.invokeForRequest(Lorg/springframework/web/context/request/NativeWebRequest;Lorg/springframework/web/method/support/ModelAndViewContainer;[Ljava/lang/Object;)Ljava/lang/Object;+82
j  org.springframework.web.servlet.mvc.method.annotation.ServletInvocableHandlerMethod.invokeAndHandle(Lorg/springframework/web/context/request/ServletWebRequest;Lorg/springframework/web/method/support/ModelAndViewContainer;[Ljava/lang/Object;)V+4
j  org.springframework.web.servlet.mvc.method.annotation.RequestMappingHandlerAdapter.invokeHandlerMethod(Ljakarta/servlet/http/HttpServletRequest;Ljakarta/servlet/http/HttpServletResponse;Lorg/springframework/web/method/HandlerMethod;)Lorg/springframework/web/servlet/ModelAndView;+309
j  org.springframework.web.servlet.mvc.method.annotation.RequestMappingHandlerAdapter.handleInternal(Ljakarta/servlet/http/HttpServletRequest;Ljakarta/servlet/http/HttpServletResponse;Lorg/springframework/web/method/HandlerMethod;)Lorg/springframework/web/servlet/ModelAndView;+81
j  org.springframework.web.servlet.mvc.method.AbstractHandlerMethodAdapter.handle(Ljakarta/servlet/http/HttpServletRequest;Ljakarta/servlet/http/HttpServletResponse;Ljava/lang/Object;)Lorg/springframework/web/servlet/ModelAndView;+7
j  org.springframework.web.servlet.DispatcherServlet.doDispatch(Ljakarta/servlet/http/HttpServletRequest;Ljakarta/servlet/http/HttpServletResponse;)V+304
j  org.springframework.web.servlet.DispatcherServlet.doService(Ljakarta/servlet/http/HttpServletRequest;Ljakarta/servlet/http/HttpServletResponse;)V+242
j  org.springframework.web.servlet.FrameworkServlet.processRequest(Ljakarta/servlet/http/HttpServletRequest;Ljakarta/servlet/http/HttpServletResponse;)V+70
j  org.springframework.web.servlet.FrameworkServlet.doPost(Ljakarta/servlet/http/HttpServletRequest;Ljakarta/servlet/http/HttpServletResponse;)V+3
j  jakarta.servlet.http.HttpServlet.service(Ljakarta/servlet/http/HttpServletRequest;Ljakarta/servlet/http/HttpServletResponse;)V+150
j  org.springframework.web.servlet.FrameworkServlet.service(Ljakarta/servlet/http/HttpServletRequest;Ljakarta/servlet/http/HttpServletResponse;)V+20
j  jakarta.servlet.http.HttpServlet.service(Ljakarta/servlet/ServletRequest;Ljakarta/servlet/ServletResponse;)V+37
j  org.apache.catalina.core.ApplicationFilterChain.internalDoFilter(Ljakarta/servlet/ServletRequest;Ljakarta/servlet/ServletResponse;)V+300
j  org.apache.catalina.core.ApplicationFilterChain.doFilter(Ljakarta/servlet/ServletRequest;Ljakarta/servlet/ServletResponse;)V+99
j  org.apache.tomcat.websocket.server.WsFilter.doFilter(Ljakarta/servlet/ServletRequest;Ljakarta/servlet/ServletResponse;Ljakarta/servlet/FilterChain;)V+21
j  org.apache.catalina.core.ApplicationFilterChain.internalDoFilter(Ljakarta/servlet/ServletRequest;Ljakarta/servlet/ServletResponse;)V+130
j  org.apache.catalina.core.ApplicationFilterChain.doFilter(Ljakarta/servlet/ServletRequest;Ljakarta/servlet/ServletResponse;)V+99
j  org.springframework.web.filter.RequestContextFilter.doFilterInternal(Ljakarta/servlet/http/HttpServletRequest;Ljakarta/servlet/http/HttpServletResponse;Ljakarta/servlet/FilterChain;)V+21
j  org.springframework.web.filter.OncePerRequestFilter.doFilter(Ljakarta/servlet/ServletRequest;Ljakarta/servlet/ServletResponse;Ljakarta/servlet/FilterChain;)V+150
j  org.apache.catalina.core.ApplicationFilterChain.internalDoFilter(Ljakarta/servlet/ServletRequest;Ljakarta/servlet/ServletResponse;)V+130
j  org.apache.catalina.core.ApplicationFilterChain.doFilter(Ljakarta/servlet/ServletRequest;Ljakarta/servlet/ServletResponse;)V+99
j  org.springframework.web.filter.FormContentFilter.doFilterInternal(Ljakarta/servlet/http/HttpServletRequest;Ljakarta/servlet/http/HttpServletResponse;Ljakarta/servlet/FilterChain;)V+38
j  org.springframework.web.filter.OncePerRequestFilter.doFilter(Ljakarta/servlet/ServletRequest;Ljakarta/servlet/ServletResponse;Ljakarta/servlet/FilterChain;)V+150
j  org.apache.catalina.core.ApplicationFilterChain.internalDoFilter(Ljakarta/servlet/ServletRequest;Ljakarta/servlet/ServletResponse;)V+130
j  org.apache.catalina.core.ApplicationFilterChain.doFilter(Ljakarta/servlet/ServletRequest;Ljakarta/servlet/ServletResponse;)V+99
j  org.springframework.web.filter.CharacterEncodingFilter.doFilterInternal(Ljakarta/servlet/http/HttpServletRequest;Ljakarta/servlet/http/HttpServletResponse;Ljakarta/servlet/FilterChain;)V+53
j  org.springframework.web.filter.OncePerRequestFilter.doFilter(Ljakarta/servlet/ServletRequest;Ljakarta/servlet/ServletResponse;Ljakarta/servlet/FilterChain;)V+150
j  org.apache.catalina.core.ApplicationFilterChain.internalDoFilter(Ljakarta/servlet/ServletRequest;Ljakarta/servlet/ServletResponse;)V+130
j  org.apache.catalina.core.ApplicationFilterChain.doFilter(Ljakarta/servlet/ServletRequest;Ljakarta/servlet/ServletResponse;)V+99
j  org.apache.catalina.core.StandardWrapperValve.invoke(Lorg/apache/catalina/connector/Request;Lorg/apache/catalina/connector/Response;)V+511
j  org.apache.catalina.core.StandardContextValve.invoke(Lorg/apache/catalina/connector/Request;Lorg/apache/catalina/connector/Response;)V+169
j  org.apache.catalina.authenticator.AuthenticatorBase.invoke(Lorg/apache/catalina/connector/Request;Lorg/apache/catalina/connector/Response;)V+221
j  org.apache.catalina.core.StandardHostValve.invoke(Lorg/apache/catalina/connector/Request;Lorg/apache/catalina/connector/Response;)V+131
j  org.apache.catalina.valves.ErrorReportValve.invoke(Lorg/apache/catalina/connector/Request;Lorg/apache/catalina/connector/Response;)V+6
j  org.apache.catalina.core.StandardEngineValve.invoke(Lorg/apache/catalina/connector/Request;Lorg/apache/catalina/connector/Response;)V+59
j  org.apache.catalina.connector.CoyoteAdapter.service(Lorg/apache/coyote/Request;Lorg/apache/coyote/Response;)V+188
j  org.apache.coyote.http11.Http11Processor.service(Lorg/apache/tomcat/util/net/SocketWrapperBase;)Lorg/apache/tomcat/util/net/AbstractEndpoint$Handler$SocketState;+796
j  org.apache.coyote.AbstractProcessorLight.process(Lorg/apache/tomcat/util/net/SocketWrapperBase;Lorg/apache/tomcat/util/net/SocketEvent;)Lorg/apache/tomcat/util/net/AbstractEndpoint$Handler$SocketState;+155
j  org.apache.coyote.AbstractProtocol$ConnectionHandler.process(Lorg/apache/tomcat/util/net/SocketWrapperBase;Lorg/apache/tomcat/util/net/SocketEvent;)Lorg/apache/tomcat/util/net/AbstractEndpoint$Handler$SocketState;+477
j  org.apache.tomcat.util.net.NioEndpoint$SocketProcessor.doRun()V+222
j  org.apache.tomcat.util.net.SocketProcessorBase.run()V+32
j  org.apache.tomcat.util.threads.ThreadPoolExecutor.runWorker(Lorg/apache/tomcat/util/threads/ThreadPoolExecutor$Worker;)V+92
j  org.apache.tomcat.util.threads.ThreadPoolExecutor$Worker.run()V+5
j  org.apache.tomcat.util.threads.TaskThread$WrappingRunnable.run()V+4
j  java.lang.Thread.run()V+11 java.base@17.0.10
v  ~StubRoutines::call_stub

siginfo: EXCEPTION_ACCESS_VIOLATION (0xc0000005), reading address 0x0000000000000000


Registers:
RAX=0x0000000000000000, RBX=0x000001d5ec543c50, RCX=0x00007ffcb8f986f8, RDX=0x0000000000000000
RSP=0x000000054d9fc8d0, RBP=0x000000054d9fcb00, RSI=0x00007ffcb8f986f0, RDI=0x0000000000004000
R8 =0x0000000000000009, R9 =0x0000000000000040, R10=0xfefefefefefefeff, R11=0x8080808080808080
R12=0x000000054d9fcbb0, R13=0x0000000000000000, R14=0x0000000000000000, R15=0x00007ffcb8f98738
RIP=0x00007ffd5c4532a8, EFLAGS=0x0000000000010282


Register to memory mapping:

RIP=0x00007ffd5c4532a8 msvcp140.dll
RAX=0x0 is NULL
RBX=0x000001d5ec543c50 points into unknown readable memory: 0x73726573555c3a43 | 43 3a 5c 55 73 65 72 73
RCX=0x00007ffcb8f986f8 gdal.dll
RDX=0x0 is NULL
RSP=0x000000054d9fc8d0 is pointing into the stack for thread: 0x000001d5ec65f3a0
RBP=0x000000054d9fcb00 is pointing into the stack for thread: 0x000001d5ec65f3a0
RSI=0x00007ffcb8f986f0 gdal.dll
RDI=0x0000000000004000 is an unknown value
R8 =0x0000000000000009 is an unknown value
R9 =0x0000000000000040 is an unknown value
R10=0xfefefefefefefeff is an unknown value
R11=0x8080808080808080 is an unknown value
R12=0x000000054d9fcbb0 is pointing into the stack for thread: 0x000001d5ec65f3a0
R13=0x0 is NULL
R14=0x0 is NULL
R15=0x00007ffcb8f98738 gdal.dll


Top of Stack: (sp=0x000000054d9fc8d0)
0x000000054d9fc8d0:   0000000000000002 0000000000000000
0x000000054d9fc8e0:   0000000000000000 0000000000000000
0x000000054d9fc8f0:   0000000000000000 0000000000000000
0x000000054d9fc900:   0000b36b8f8e32d1 000001d5ec543e90
0x000000054d9fc910:   0000000000000042 000001d5ec543e90
0x000000054d9fc920:   0000000000004000 00007ffcb884757d
0x000000054d9fc930:   000001d58b6a0000 0000000000000038
0x000000054d9fc940:   000001d5ec543c50 ffffffffffffffff
0x000000054d9fc950:   00007ffcb8f986f0 00007ffcb7c3c93e
0x000000054d9fc960:   0000000000000038 000001d5ec65f3a0
0x000000054d9fc970:   000001d5a5453e48 0000cd5da4bd54b4
0x000000054d9fc980:   0000000000000042 000001d5ec543e90
0x000000054d9fc990:   0000000000000000 0000000000000000
0x000000054d9fc9a0:   0000000000004000 ffffffffffffffff
0x000000054d9fc9b0:   000000054d9fcb00 00007ffcb8846d8d
0x000000054d9fc9c0:   000000054d9fcb70 000000054d9fce50 

Instructions: (pc=0x00007ffd5c4532a8)
0x00007ffd5c4531a8:   48 89 01 48 83 c1 08 48 83 c4 28 48 ff 25 26 30
0x00007ffd5c4531b8:   04 00 48 8d 05 37 70 04 00 45 33 c0 48 89 01 ba
0x00007ffd5c4531c8:   a0 0f 00 00 48 83 c1 08 48 83 c4 28 48 ff 25 ed
0x00007ffd5c4531d8:   2f 04 00 cc cc cc cc cc 48 83 c1 08 48 ff 25 cd
0x00007ffd5c4531e8:   2f 04 00 cc cc cc cc cc 48 83 c1 08 48 ff 25 dd
0x00007ffd5c4531f8:   2f 04 00 cc cc cc cc cc 48 83 c1 08 48 ff 25 45
0x00007ffd5c453208:   2e 04 00 cc 48 89 5c 24 18 48 89 74 24 20 57 41
0x00007ffd5c453218:   56 41 57 48 83 ec 40 48 8b 05 0a 11 07 00 48 33
0x00007ffd5c453228:   c4 48 89 44 24 30 8b 01 4c 8b f2 0f ba f0 08 48
0x00007ffd5c453238:   8b f1 83 f8 01 75 4a ff 15 b3 2f 04 00 39 46 48
0x00007ffd5c453248:   74 19 48 8d 4e 08 48 8b 01 48 8b 00 ff 15 6e 34
0x00007ffd5c453258:   04 00 ff 15 98 2f 04 00 89 46 48 ff 46 4c 33 c0
0x00007ffd5c453268:   48 8b 4c 24 30 48 33 cc e8 cb fd 03 00 48 8b 5c
0x00007ffd5c453278:   24 70 48 8b 74 24 78 48 83 c4 40 41 5f 41 5e 5f
0x00007ffd5c453288:   c3 4d 85 f6 75 28 4c 8d 79 48 ff 15 60 2f 04 00
0x00007ffd5c453298:   41 39 07 0f 84 ad 00 00 00 48 8d 4e 08 48 8b 01
0x00007ffd5c4532a8:   48 8b 00 ff 15 17 34 04 00 e9 98 00 00 00 48 83
0x00007ffd5c4532b8:   3a 00 7c 6e 75 06 83 7a 08 00 7e 66 ba 01 00 00
0x00007ffd5c4532c8:   00 48 8d 4c 24 20 e8 2d 09 00 00 48 8b 44 24 20
0x00007ffd5c4532d8:   49 3b 06 7c 14 0f 85 b3 00 00 00 41 8b 46 08 39
0x00007ffd5c4532e8:   44 24 28 0f 8d a5 00 00 00 4c 8d 7e 48 ff 15 fd
0x00007ffd5c4532f8:   2e 04 00 41 39 07 74 4e 48 8b 46 08 48 8d 54 24
0x00007ffd5c453308:   20 49 8b ce 48 8b 58 10 e8 db 07 00 00 8b d0 48
0x00007ffd5c453318:   8d 4e 08 48 8b c3 ff 15 a4 33 04 00 84 c0 74 9c
0x00007ffd5c453328:   eb 24 4c 8d 79 48 ff 15 c4 2e 04 00 41 39 07 74
0x00007ffd5c453338:   15 48 8d 4e 08 48 8b 01 48 8b 40 08 ff 15 7e 33
0x00007ffd5c453348:   04 00 84 c0 74 48 8b 4e 4c 33 db bf 02 01 00 00
0x00007ffd5c453358:   8d 41 01 89 46 4c 83 f8 01 7e 0f f7 06 00 01 00
0x00007ffd5c453368:   00 75 10 89 4e 4c 8b df eb 09 ff 15 80 2e 04 00
0x00007ffd5c453378:   41 89 07 85 db 0f 84 e3 fe ff ff 3b df 74 0a b8
0x00007ffd5c453388:   04 00 00 00 e9 d7 fe ff ff 4d 85 f6 74 20 49 83
0x00007ffd5c453398:   3e 00 75 10 41 8b 46 08 f7 d8 1b c0 83 c0 03 e9 


Stack slot to memory mapping:
stack at sp + 0 slots: 0x0000000000000002 is an unknown value
stack at sp + 1 slots: 0x0 is NULL
stack at sp + 2 slots: 0x0 is NULL
stack at sp + 3 slots: 0x0 is NULL
stack at sp + 4 slots: 0x0 is NULL
stack at sp + 5 slots: 0x0 is NULL
stack at sp + 6 slots: 0x0000b36b8f8e32d1 is an unknown value
stack at sp + 7 slots: 0x000001d5ec543e90 points into unknown readable memory: 0x73726573555c3a43 | 43 3a 5c 55 73 65 72 73


Compiled method (n/a)   17413 3823     n 0       jdk.internal.reflect.NativeMethodAccessorImpl::invoke0 (native)
 total in heap  [0x000001d595de1290,0x000001d595de1730] = 1184
 relocation     [0x000001d595de13e8,0x000001d595de1420] = 56
 main code      [0x000001d595de1420,0x000001d595de1730] = 784

[Constant Pool (empty)]

[MachCode]
[Entry Point]
  # {method} {0x000001d5a51c4290} 'invoke0' '(Ljava/lang/reflect/Method;Ljava/lang/Object;[Ljava/lang/Object;)Ljava/lang/Object;' in 'jdk/internal/reflect/NativeMethodAccessorImpl'
  # parm0:    rdx:rdx   = 'java/lang/reflect/Method'
  # parm1:    r8:r8     = 'java/lang/Object'
  # parm2:    r9:r9     = '[Ljava/lang/Object;'
  #           [sp+0x80]  (sp of caller)
  0x000001d595de1420: 448b 5208 | 49bb 0000 | 00a5 d501 | 0000 4d03 | d349 3bc2 | 0f84 0600 

  0x000001d595de1438: ;   {runtime_call ic_miss_stub}
  0x000001d595de1438: 0000 e941 | b64f ff90 
[Verified Entry Point]
  0x000001d595de1440: 8984 2400 | 90ff ff55 | 488b ec48 | 83ec 704c | 894c 2438 | 4983 f900 | 488d 4424 | 3848 0f44 
  0x000001d595de1460: 4424 3848 | 8944 2420 | 4c89 4424 | 3049 83f8 | 004c 8d4c | 2430 4c0f | 444c 2430 | 4889 5424 
  0x000001d595de1480: 2848 83fa | 004c 8d44 | 2428 4c0f | 4444 2428 

  0x000001d595de1490: ;   {oop(a 'java/lang/Class'{0x0000000709740768} = 'jdk/internal/reflect/NativeMethodAccessorImpl')}
  0x000001d595de1490: 49be 6807 | 7409 0700 | 0000 4c89 | 7424 584c | 8d74 2458 | 498b d6c5 

  0x000001d595de14a8: ;   {internal_word}
  0x000001d595de14a8: f877 49ba | a714 de95 | d501 0000 | 4d89 9798 | 0200 0049 | 89a7 9002 

  0x000001d595de14c0: ;   {external_word}
  0x000001d595de14c0: 0000 49ba | e380 a7d5 | fc7f 0000 | 4180 3a00 | 0f84 5200 | 0000 5241 

  0x000001d595de14d8: ;   {metadata({method} {0x000001d5a51c4290} 'invoke0' '(Ljava/lang/reflect/Method;Ljava/lang/Object;[Ljava/lang/Object;)Ljava/lang/Object;' in 'jdk/internal/reflect/NativeMethodAccessorImpl')}
  0x000001d595de14d8: 5041 5148 | ba88 421c | a5d5 0100 | 0049 8bcf | 4883 ec20 | f7c4 0f00 | 0000 0f84 | 1a00 0000 
  0x000001d595de14f8: 4883 ec08 

  0x000001d595de14fc: ;   {runtime_call}
  0x000001d595de14fc: 49ba 00d6 | 64d5 fc7f | 0000 41ff | d248 83c4 | 08e9 0d00 

  0x000001d595de1510: ;   {runtime_call}
  0x000001d595de1510: 0000 49ba | 00d6 64d5 | fc7f 0000 | 41ff d248 | 83c4 2041 | 5941 585a | 498d 8fb0 | 0200 0041 
  0x000001d595de1530: c787 4003 | 0000 0400 

  0x000001d595de1538: ;   {runtime_call}
  0x000001d595de1538: 0000 49ba | a43e 385c | fd7f 0000 | 41ff d2c5 | f877 41c7 | 8740 0300 | 0005 0000 | 00f0 8344 
  0x000001d595de1558: 24c0 0049 | 3baf 4803 | 0000 0f87 | 1100 0000 | 4181 bf30 | 0300 0000 | 0000 000f | 842c 0000 
  0x000001d595de1578: 00c5 f877 | 4889 45f8 | 498b cf4c | 8be4 4883 | ec20 4883 

  0x000001d595de158c: ;   {runtime_call}
  0x000001d595de158c: e4f0 49ba | 408d 6fd5 | fc7f 0000 | 41ff d249 | 8be4 4d33 | e448 8b45 | f841 c787 | 4003 0000 
  0x000001d595de15ac: 0800 0000 | 4181 bfb0 | 0300 0002 | 0000 000f | 843f 0100 

  0x000001d595de15c0: ;   {external_word}
  0x000001d595de15c0: 0049 bae3 | 80a7 d5fc | 7f00 0041 | 803a 000f | 8450 0000 | 0048 8945 

  0x000001d595de15d8: ;   {metadata({method} {0x000001d5a51c4290} 'invoke0' '(Ljava/lang/reflect/Method;Ljava/lang/Object;[Ljava/lang/Object;)Ljava/lang/Object;' in 'jdk/internal/reflect/NativeMethodAccessorImpl')}
  0x000001d595de15d8: f848 ba88 | 421c a5d5 | 0100 0049 | 8bcf 4883 | ec20 f7c4 | 0f00 0000 | 0f84 1a00 | 0000 4883 
  0x000001d595de15f8: ;   {runtime_call}
  0x000001d595de15f8: ec08 49ba | 00d6 64d5 | fc7f 0000 | 41ff d248 | 83c4 08e9 | 0d00 0000 

  0x000001d595de1610: ;   {runtime_call}
  0x000001d595de1610: 49ba 00d6 | 64d5 fc7f | 0000 41ff | d248 83c4 | 2048 8b45 | f849 c787 | 9002 0000 | 0000 0000 
  0x000001d595de1630: 49c7 8798 | 0200 0000 | 0000 00c5 | f877 4885 | c00f 8493 | 0000 0048 | f7c0 0100 | 0000 0f84 
  0x000001d595de1650: 8300 0000 | 488b 40ff | 4180 7f38 | 000f 846f | 0000 0048 | 83f8 000f | 8465 0000 | 0049 8b4f 
  0x000001d595de1670: 2048 83f9 | 000f 8414 | 0000 0048 | 83e9 0849 | 894f 2049 | 034f 3048 | 8901 e943 | 0000 0050 
  0x000001d595de1690: 498b d748 | 8bc8 4883 | ec20 f7c4 | 0f00 0000 | 0f84 1a00 | 0000 4883 

  0x000001d595de16a8: ;   {runtime_call}
  0x000001d595de16a8: ec08 49ba | 3009 24d5 | fc7f 0000 | 41ff d248 | 83c4 08e9 | 0d00 0000 

  0x000001d595de16c0: ;   {runtime_call}
  0x000001d595de16c0: 49ba 3009 | 24d5 fc7f | 0000 41ff | d248 83c4 | 2058 e903 | 0000 0048 | 8b00 498b | 8fd8 0000 
  0x000001d595de16e0: 00c7 8100 | 0100 0000 | 0000 00c9 | 4981 7f08 | 0000 0000 | 0f85 0100 

  0x000001d595de16f8: ;   {runtime_call StubRoutines (1)}
  0x000001d595de16f8: 0000 c3e9 | 00f8 4aff | c5f8 7748 | 8945 f84c | 8be4 4883 | ec20 4883 

  0x000001d595de1710: ;   {runtime_call}
  0x000001d595de1710: e4f0 49ba | a006 65d5 | fc7f 0000 | 41ff d249 | 8be4 4d33 | e448 8b45 | f8e9 93fe | ffff f4f4 
[/MachCode]


Compiled method (c1)   17431 3822   !   1       jdk.internal.reflect.NativeMethodAccessorImpl::invoke (137 bytes)
 total in heap  [0x000001d595de1790,0x000001d595de21d0] = 2624
 relocation     [0x000001d595de18e8,0x000001d595de1970] = 136
 main code      [0x000001d595de1980,0x000001d595de1de0] = 1120
 stub code      [0x000001d595de1de0,0x000001d595de1e68] = 136
 metadata       [0x000001d595de1e68,0x000001d595de1e88] = 32
 scopes data    [0x000001d595de1e88,0x000001d595de1f48] = 192
 scopes pcs     [0x000001d595de1f48,0x000001d595de2068] = 288
 dependencies   [0x000001d595de2068,0x000001d595de2070] = 8
 handler table  [0x000001d595de2070,0x000001d595de2190] = 288
 nul chk table  [0x000001d595de2190,0x000001d595de21d0] = 64

[Constant Pool (empty)]

[MachCode]
[Entry Point]
  # {method} {0x000001d5a51c3d68} 'invoke' '(Ljava/lang/Object;[Ljava/lang/Object;)Ljava/lang/Object;' in 'jdk/internal/reflect/NativeMethodAccessorImpl'
  # this:     rdx:rdx   = 'jdk/internal/reflect/NativeMethodAccessorImpl'
  # parm0:    r8:r8     = 'java/lang/Object'
  # parm1:    r9:r9     = '[Ljava/lang/Object;'
  #           [sp+0xd0]  (sp of caller)
  0x000001d595de1980: 448b 5208 | 49bb 0000 | 00a5 d501 | 0000 4d03 | d34c 3bd0 

  0x000001d595de1994: ;   {runtime_call ic_miss_stub}
  0x000001d595de1994: 0f85 e6b0 | 4fff 660f | 1f44 0000 
[Verified Entry Point]
  0x000001d595de19a0: 8984 2400 | 90ff ff55 | 4881 ecc0 | 0000 0048 | 8954 2470 | 8b72 0cff | c689 720c 

  0x000001d595de19bc: ;   {oop(a 'java/lang/Class'{0x0000000709778420} = 'jdk/internal/reflect/ReflectionFactory')}
  0x000001d595de19bc: 48bf 2084 | 7709 0700 | 0000 8b7f | 783b f70f | 8f08 0000 | 0048 8bf2 | e9e2 0200 | 004c 898c 
  0x000001d595de19dc: 2480 0000 | 004c 8944 | 2478 8b72 | 1448 c1e6 | 038b 7624 | 48c1 e603 

  0x000001d595de19f4: ; implicit exception: dispatches to 0x000001d595de1d1a
  0x000001d595de19f4: 483b 0648 | 8bd6 0f1f 

  0x000001d595de19fc: ;   {optimized virtual_call}
  0x000001d595de19fc: 4400 00e8 

  0x000001d595de1a00: ; ImmutableOopMap {[112]=Oop [128]=Oop [120]=Oop }
                      ;*invokevirtual isHidden {reexecute=0 rethrow=0 return_oop=0}
                      ; - jdk.internal.reflect.NativeMethodAccessorImpl::invoke@24 (line 57)
  0x000001d595de1a00: 3c69 89ff | 83f8 000f | 8417 0000 | 004c 8b8c | 2480 0000 | 004c 8b44 | 2478 488b | 7424 70e9 
  0x000001d595de1a20: 9702 0000 | 488b 5424 | 708b 4210 | 83f8 000f | 8415 0000 | 004c 8b8c | 2480 0000 | 004c 8b44 
  0x000001d595de1a40: 2478 488b | f2e9 7102 | 0000 488d | 7210 b800 | 0000 00bf | 0100 0000 | f00f b13e | be01 0000 
  0x000001d595de1a60: 000f 8405 | 0000 00be | 0000 0000 | 83fe 000f | 8515 0000 | 004c 8b8c | 2480 0000 | 004c 8b44 
  0x000001d595de1a80: 2478 488b | f2e9 3102 | 0000 488b 

  0x000001d595de1a8c: ;   {metadata('jdk/internal/reflect/MethodAccessorGenerator')}
  0x000001d595de1a8c: da48 ba68 | 360f a6d5 | 0100 0049 | 8b87 0801 | 0000 488d | b890 0000 | 0049 3bbf | 1801 0000 
  0x000001d595de1aac: 0f87 6d02 | 0000 4989 | bf08 0100 | 0048 c700 | 0100 0000 | 488b ca49 | ba00 0000 | a5d5 0100 
  0x000001d595de1acc: 0049 2bca | 8948 0848 | 33c9 8948 | 0c48 33c9 | 48bf 1000 | 0000 0000 | 0000 4889 | 4cf8 0848 
  0x000001d595de1aec: ffcf 75f6 | ba1e 0000 | 0066 8950 | 6aba 4900 | 0000 6689 | 506c 8b53 | 1448 c1e2 | 038b 7224 
  0x000001d595de1b0c: 48c1 e603 | 8b7a 2848 | c1e7 038b | 5230 48c1 | e203 4889 | 8424 9800 | 0000 4889 | bc24 9000 
  0x000001d595de1b2c: 0000 4889 | b424 8800 | 0000 0f1f | 8000 0000 | 0048 b878 | 1c00 a5d5 

  0x000001d595de1b44: ;   {virtual_call}
  0x000001d595de1b44: 0100 00e8 

  0x000001d595de1b48: ; ImmutableOopMap {[128]=Oop [120]=Oop [152]=Oop [112]=Oop [144]=Oop [136]=Oop }
                      ;*invokevirtual clone {reexecute=0 rethrow=0 return_oop=0}
                      ; - java.lang.reflect.Method::getParameterTypes@4 (line 314)
                      ; - jdk.internal.reflect.NativeMethodAccessorImpl::invoke@77 (line 65)
  0x000001d595de1b48: d4dd 78ff | 4883 f800 | 0f84 2900 

  0x000001d595de1b54: ;   {metadata('java/lang/Class'[])}
  0x000001d595de1b54: 0000 48bb | 781c 00a5 | d501 0000 | 8b78 0849 | ba00 0000 | a5d5 0100 | 0049 03fa | 483b 5f40 
  0x000001d595de1b74: 0f85 b701 | 0000 e900 | 0000 0048 | 8bf0 488b | 5424 708b | 7a14 48c1 | e703 8b5f | 2c48 c1e3 
  0x000001d595de1b94: 038b 7f34 | 48c1 e703 | 488b d748 | 899c 24a8 | 0000 0048 | 89b4 24a0 | 0000 0066 | 0f1f 4400 
  0x000001d595de1bb4: 0048 b878 | 1c00 a5d5 

  0x000001d595de1bbc: ;   {virtual_call}
  0x000001d595de1bbc: 0100 00e8 

  0x000001d595de1bc0: ; ImmutableOopMap {[128]=Oop [120]=Oop [152]=Oop [144]=Oop [136]=Oop [112]=Oop [168]=Oop [160]=Oop }
                      ;*invokevirtual clone {reexecute=0 rethrow=0 return_oop=0}
                      ; - java.lang.reflect.Method::getExceptionTypes@4 (line 341)
                      ; - jdk.internal.reflect.NativeMethodAccessorImpl::invoke@91 (line 67)
  0x000001d595de1bc0: 5cdd 78ff | 4883 f800 | 0f84 2a00 

  0x000001d595de1bcc: ;   {metadata('java/lang/Class'[])}
  0x000001d595de1bcc: 0000 48bf | 781c 00a5 | d501 0000 | 448b 4808 | 49ba 0000 | 00a5 d501 | 0000 4d03 | ca49 3b79 
  0x000001d595de1bec: 400f 854c | 0100 00e9 | 0000 0000 | 488b c848 | 8b54 2470 | 448b 4214 | 49c1 e003 

  0x000001d595de1c08: ; implicit exception: dispatches to 0x000001d595de1d48
  0x000001d595de1c08: 418b 5820 | 4c8b 8424 | 8800 0000 | 4c8b 8c24 | 9000 0000 | 488b bc24 | a000 0000 | 488b b424 
  0x000001d595de1c28: a800 0000 | 891c 2448 | 8b94 2498 

  0x000001d595de1c34: ;   {optimized virtual_call}
  0x000001d595de1c34: 0000 00e8 

  0x000001d595de1c38: ; ImmutableOopMap {[128]=Oop [120]=Oop [112]=Oop }
                      ;*invokevirtual generateMethod {reexecute=0 rethrow=0 return_oop=0}
                      ; - jdk.internal.reflect.NativeMethodAccessorImpl::invoke@101 (line 63)
  0x000001d595de1c38: d901 0000 | 4883 f800 | 0f84 2a00 

  0x000001d595de1c44: ;   {metadata('jdk/internal/reflect/MethodAccessorImpl')}
  0x000001d595de1c44: 0000 48be | d0ae 00a5 | d501 0000 | 448b 4808 | 49ba 0000 | 00a5 d501 | 0000 4d03 | ca49 3b71 
  0x000001d595de1c64: 400f 85e2 | 0000 00e9 | 0000 0000 | 488b d048 | 8b74 2470 | 448b 4618 | 49c1 e003 | 450f be4f 
  0x000001d595de1c84: 3841 83f9 | 000f 85c7 | 0000 004c | 8bd2 49c1 | ea03 4589 | 500c 4d8b | c84c 33ca | 49c1 e915 
  0x000001d595de1ca4: 4983 f900 | 0f85 cd00 | 0000 4c8b | 8c24 8000 | 0000 4c8b | 4424 788b | 5614 48c1 | e203 0f1f 
  0x000001d595de1cc4: ;   {static_call}
  0x000001d595de1cc4: 4400 00e8 

  0x000001d595de1cc8: ; ImmutableOopMap {}
                      ;*invokestatic invoke0 {reexecute=0 rethrow=0 return_oop=0}
                      ; - jdk.internal.reflect.NativeMethodAccessorImpl::invoke@133 (line 77)
  0x000001d595de1cc8: 74f7 ffff | 4881 c4c0 | 0000 005d 

  0x000001d595de1cd4: ;   {poll_return}
  0x000001d595de1cd4: 493b a748 | 0300 000f | 87b2 0000 | 00c3 488b | 7424 7049 | 8b87 d803 | 0000 4d33 | d24d 8997 
  0x000001d595de1cf4: d803 0000 | 4d33 d24d | 8997 e003 | 0000 bf00 | 0000 0089 | 7e10 f083 | 4424 c000 | e9b8 0000 
  0x000001d595de1d14: ;   {runtime_call throw_null_pointer_exception Runtime1 stub}
  0x000001d595de1d14: 00e8 063a 

  0x000001d595de1d18: ; ImmutableOopMap {rdx=Oop [112]=Oop [128]=Oop [120]=Oop }
                      ;*invokevirtual getDeclaringClass {reexecute=0 rethrow=0 return_oop=0}
                      ; - jdk.internal.reflect.NativeMethodAccessorImpl::invoke@21 (line 57)
                      ;   {runtime_call throw_null_pointer_exception Runtime1 stub}
  0x000001d595de1d18: 5aff e801 

  0x000001d595de1d1c: ; ImmutableOopMap {rdx=Oop [112]=Oop [128]=Oop [120]=Oop rsi=Oop }
                      ;*invokevirtual isHidden {reexecute=0 rethrow=0 return_oop=0}
                      ; - jdk.internal.reflect.NativeMethodAccessorImpl::invoke@24 (line 57)
  0x000001d595de1d1c: 3a5a ff48 

  0x000001d595de1d20: ;   {runtime_call fast_new_instance Runtime1 stub}
  0x000001d595de1d20: 8bd2 e8d9 

  0x000001d595de1d24: ; ImmutableOopMap {[128]=Oop [120]=Oop rbx=Oop [112]=Oop }
                      ;*new {reexecute=0 rethrow=0 return_oop=0}
                      ; - jdk.internal.reflect.NativeMethodAccessorImpl::invoke@52 (line 61)
  0x000001d595de1d24: 425a ffe9 | c4fd ffff 

  0x000001d595de1d2c: ;   {runtime_call throw_null_pointer_exception Runtime1 stub}
  0x000001d595de1d2c: e8ef 395a 

  0x000001d595de1d30: ; ImmutableOopMap {[128]=Oop [120]=Oop rbx=Oop [112]=Oop rax=Oop rdx=Oop }
                      ;*invokevirtual getDeclaringClass {reexecute=0 rethrow=0 return_oop=0}
                      ; - jdk.internal.reflect.NativeMethodAccessorImpl::invoke@63 (line 63)
  0x000001d595de1d30: ff48 8904 

  0x000001d595de1d34: ;   {runtime_call throw_class_cast_exception Runtime1 stub}
  0x000001d595de1d34: 24e8 e65d 

  0x000001d595de1d38: ; ImmutableOopMap {[128]=Oop [120]=Oop [152]=Oop [112]=Oop [144]=Oop [136]=Oop }
                      ;*checkcast {reexecute=0 rethrow=0 return_oop=0}
                      ; - java.lang.reflect.Method::getParameterTypes@7 (line 314)
                      ; - jdk.internal.reflect.NativeMethodAccessorImpl::invoke@77 (line 65)
                      ;   {runtime_call throw_null_pointer_exception Runtime1 stub}
  0x000001d595de1d38: 5aff e8e1 

  0x000001d595de1d3c: ; ImmutableOopMap {[128]=Oop [120]=Oop [152]=Oop [144]=Oop [136]=Oop rsi=Oop rdx=Oop [112]=Oop rdi=Oop }
                      ;*invokevirtual getReturnType {reexecute=0 rethrow=0 return_oop=0}
                      ; - jdk.internal.reflect.NativeMethodAccessorImpl::invoke@84 (line 66)
  0x000001d595de1d3c: 395a ff48 

  0x000001d595de1d40: ;   {runtime_call throw_class_cast_exception Runtime1 stub}
  0x000001d595de1d40: 8904 24e8 

  0x000001d595de1d44: ; ImmutableOopMap {[128]=Oop [120]=Oop [152]=Oop [144]=Oop [136]=Oop [112]=Oop [168]=Oop [160]=Oop }
                      ;*checkcast {reexecute=0 rethrow=0 return_oop=0}
                      ; - java.lang.reflect.Method::getExceptionTypes@7 (line 341)
                      ; - jdk.internal.reflect.NativeMethodAccessorImpl::invoke@91 (line 67)
  0x000001d595de1d44: d85d 5aff 

  0x000001d595de1d48: ;   {runtime_call throw_null_pointer_exception Runtime1 stub}
  0x000001d595de1d48: e8d3 395a 

  0x000001d595de1d4c: ; ImmutableOopMap {[128]=Oop [120]=Oop [152]=Oop [144]=Oop [136]=Oop [168]=Oop [160]=Oop rcx=Oop rdx=Oop [112]=Oop }
                      ;*invokevirtual getModifiers {reexecute=0 rethrow=0 return_oop=0}
                      ; - jdk.internal.reflect.NativeMethodAccessorImpl::invoke@98 (line 68)
  0x000001d595de1d4c: ff48 8904 

  0x000001d595de1d50: ;   {runtime_call throw_class_cast_exception Runtime1 stub}
  0x000001d595de1d50: 24e8 ca5d 

  0x000001d595de1d54: ; ImmutableOopMap {[128]=Oop [120]=Oop [112]=Oop }
                      ;*checkcast {reexecute=0 rethrow=0 return_oop=0}
                      ; - jdk.internal.reflect.NativeMethodAccessorImpl::invoke@104 (line 63)
  0x000001d595de1d54: 5aff 458b | 480c 49c1 | e103 4983 | f900 0f84 | 27ff ffff | 4c89 0c24 

  0x000001d595de1d6c: ;   {runtime_call g1_pre_barrier_slow}
  0x000001d595de1d6c: e88f 905a | ffe9 19ff 

  0x000001d595de1d74: ;   {runtime_call throw_null_pointer_exception Runtime1 stub}
  0x000001d595de1d74: ffff e8a5 

  0x000001d595de1d78: ; ImmutableOopMap {[128]=Oop [120]=Oop rdx=Oop rsi=Oop [112]=Oop r8=Oop }
                      ;*invokevirtual setDelegate {reexecute=0 rethrow=0 return_oop=0}
                      ; - jdk.internal.reflect.NativeMethodAccessorImpl::invoke@113 (line 69)
  0x000001d595de1d78: 395a ff48 | 83fa 000f | 8429 ffff | ff4c 8904 

  0x000001d595de1d88: ;   {runtime_call g1_post_barrier_slow}
  0x000001d595de1d88: 24e8 7293 | 5aff e91b 

  0x000001d595de1d90: ;   {internal_word}
  0x000001d595de1d90: ffff ff49 | bad4 1cde | 95d5 0100 | 004d 8997 | 6003 0000 

  0x000001d595de1da4: ;   {runtime_call SafepointBlob}
  0x000001d595de1da4: e957 1650 

  0x000001d595de1da8: ;   {runtime_call throw_null_pointer_exception Runtime1 stub}
  0x000001d595de1da8: ffe8 7239 

  0x000001d595de1dac: ; ImmutableOopMap {[128]=Oop [120]=Oop rdx=Oop rsi=Oop [112]=Oop r8=Oop }
                      ;*invokevirtual setDelegate {reexecute=0 rethrow=0 return_oop=0}
                      ; - jdk.internal.reflect.NativeMethodAccessorImpl::invoke@113 (line 69)
  0x000001d595de1dac: 5aff 9090 | 498b 87d8 | 0300 0049 | c787 d803 | 0000 0000 | 0000 49c7 | 87e0 0300 | 0000 0000 
  0x000001d595de1dcc: 0048 81c4 | c000 0000 

  0x000001d595de1dd4: ;   {runtime_call unwind_exception Runtime1 stub}
  0x000001d595de1dd4: 5de9 262a | 5aff f4f4 | f4f4 f4f4 
[Stub Code]
  0x000001d595de1de0: ;   {no_reloc}
  0x000001d595de1de0: 0f1f 4400 

  0x000001d595de1de4: ;   {static_stub}
  0x000001d595de1de4: 0048 bb00 | 0000 0000 

  0x000001d595de1dec: ;   {runtime_call}
  0x000001d595de1dec: 0000 00e9 | fbff ffff 

  0x000001d595de1df4: ;   {static_stub}
  0x000001d595de1df4: 9048 bb00 | 0000 0000 

  0x000001d595de1dfc: ;   {runtime_call}
  0x000001d595de1dfc: 0000 00e9 | fbff ffff 

  0x000001d595de1e04: ;   {static_stub}
  0x000001d595de1e04: 9048 bb00 | 0000 0000 

  0x000001d595de1e0c: ;   {runtime_call}
  0x000001d595de1e0c: 0000 00e9 | fbff ffff 

  0x000001d595de1e14: ;   {static_stub}
  0x000001d595de1e14: 9048 bb48 | 6623 e7d5 

  0x000001d595de1e1c: ;   {runtime_call I2C/C2I adapters}
  0x000001d595de1e1c: 0100 00e9 | d6d5 71ff 

  0x000001d595de1e24: ;   {static_stub}
  0x000001d595de1e24: 9048 bb00 | 0000 0000 

  0x000001d595de1e2c: ;   {runtime_call}
  0x000001d595de1e2c: 0000 00e9 | fbff ffff 
[Exception Handler]
  0x000001d595de1e34: ;   {runtime_call handle_exception_from_callee Runtime1 stub}
  0x000001d595de1e34: e8c7 565a 

  0x000001d595de1e38: ;   {external_word}
  0x000001d595de1e38: ff48 b9a0 | e083 d5fc | 7f00 0048 

  0x000001d595de1e44: ;   {runtime_call}
  0x000001d595de1e44: 83e4 f049 | bae0 da51 | d5fc 7f00 | 0041 ffd2 

  0x000001d595de1e54: ;   {section_word}
  0x000001d595de1e54: f449 ba55 | 1ede 95d5 | 0100 0041 

  0x000001d595de1e60: ;   {runtime_call DeoptimizationBlob}
  0x000001d595de1e60: 52e9 3a08 | 50ff f4f4 
[/MachCode]


Compiled method (c1)   17459 3811       1       jdk.internal.reflect.DelegatingMethodAccessorImpl::invoke (10 bytes)
 total in heap  [0x000001d595dde990,0x000001d595ddec58] = 712
 relocation     [0x000001d595ddeae8,0x000001d595ddeb20] = 56
 main code      [0x000001d595ddeb20,0x000001d595ddebc0] = 160
 stub code      [0x000001d595ddebc0,0x000001d595ddec08] = 72
 metadata       [0x000001d595ddec08,0x000001d595ddec10] = 8
 scopes data    [0x000001d595ddec10,0x000001d595ddec20] = 16
 scopes pcs     [0x000001d595ddec20,0x000001d595ddec50] = 48
 dependencies   [0x000001d595ddec50,0x000001d595ddec58] = 8

[Constant Pool (empty)]

[MachCode]
[Entry Point]
  # {method} {0x000001d5a535fb00} 'invoke' '(Ljava/lang/Object;[Ljava/lang/Object;)Ljava/lang/Object;' in 'jdk/internal/reflect/DelegatingMethodAccessorImpl'
  # this:     rdx:rdx   = 'jdk/internal/reflect/DelegatingMethodAccessorImpl'
  # parm0:    r8:r8     = 'java/lang/Object'
  # parm1:    r9:r9     = '[Ljava/lang/Object;'
  #           [sp+0x40]  (sp of caller)
  0x000001d595ddeb20: 448b 5208 | 49bb 0000 | 00a5 d501 | 0000 4d03 | d34c 3bd0 

  0x000001d595ddeb34: ;   {runtime_call ic_miss_stub}
  0x000001d595ddeb34: 0f85 46df | 4fff 660f | 1f44 0000 
[Verified Entry Point]
  0x000001d595ddeb40: 8984 2400 | 90ff ff55 | 4883 ec30 | 8b52 0c48 | c1e2 0366 | 9048 b8ff | ffff ffff 

  0x000001d595ddeb5c: ;   {virtual_call}
  0x000001d595ddeb5c: ffff ffe8 

  0x000001d595ddeb60: ; ImmutableOopMap {}
                      ;*invokevirtual invoke {reexecute=0 rethrow=0 return_oop=0}
                      ; - jdk.internal.reflect.DelegatingMethodAccessorImpl::invoke@6 (line 43)
  0x000001d595ddeb60: dca1 63ff | 4883 c430 

  0x000001d595ddeb68: ;   {poll_return}
  0x000001d595ddeb68: 5d49 3ba7 | 4803 0000 | 0f87 0100 

  0x000001d595ddeb74: ;   {internal_word}
  0x000001d595ddeb74: 0000 c349 | ba69 ebdd | 95d5 0100 | 004d 8997 | 6003 0000 

  0x000001d595ddeb88: ;   {runtime_call SafepointBlob}
  0x000001d595ddeb88: e973 4850 | ff90 9049 | 8b87 d803 | 0000 49c7 | 87d8 0300 | 0000 0000 | 0049 c787 | e003 0000 
  0x000001d595ddeba8: 0000 0000 | 4883 c430 

  0x000001d595ddebb0: ;   {runtime_call unwind_exception Runtime1 stub}
  0x000001d595ddebb0: 5de9 4a5c | 5aff f4f4 | f4f4 f4f4 | f4f4 f4f4 
[Stub Code]
  0x000001d595ddebc0: ;   {no_reloc}
  0x000001d595ddebc0: 0f1f 4400 

  0x000001d595ddebc4: ;   {static_stub}
  0x000001d595ddebc4: 0048 bb00 | 0000 0000 

  0x000001d595ddebcc: ;   {runtime_call}
  0x000001d595ddebcc: 0000 00e9 | fbff ffff 
[Exception Handler]
  0x000001d595ddebd4: ;   {runtime_call handle_exception_from_callee Runtime1 stub}
  0x000001d595ddebd4: e827 895a 

  0x000001d595ddebd8: ;   {external_word}
  0x000001d595ddebd8: ff48 b9a0 | e083 d5fc | 7f00 0048 

  0x000001d595ddebe4: ;   {runtime_call}
  0x000001d595ddebe4: 83e4 f049 | bae0 da51 | d5fc 7f00 | 0041 ffd2 

  0x000001d595ddebf4: ;   {section_word}
  0x000001d595ddebf4: f449 baf5 | ebdd 95d5 | 0100 0041 

  0x000001d595ddec00: ;   {runtime_call DeoptimizationBlob}
  0x000001d595ddec00: 52e9 9a3a | 50ff f4f4 
[/MachCode]


---------------  P R O C E S S  ---------------

Threads class SMR info:
_java_thread_list=0x000001d5e60fda50, length=32, elements={
0x000001d5e6015830, 0x000001d5e60161f0, 0x000001d5e60358d0, 0x000001d5e6036290,
0x000001d5e6038c60, 0x000001d5e6039620, 0x000001d5e603e0a0, 0x000001d5e603fab0,
0x000001d5e609e5b0, 0x000001d5e60c7040, 0x000001d5e61af620, 0x000001d5e61bad70,
0x000001d5e65ce490, 0x000001d5eb01e940, 0x000001d5eb81d680, 0x000001d5eb81db60,
0x000001d5eb8c18c0, 0x000001d5eba67fb0, 0x000001d5ec1c8320, 0x000001d5ec65da50,
0x000001d5ec65d540, 0x000001d5ec65df60, 0x000001d5ec65ee90, 0x000001d5ec65e470,
0x000001d5ec65f3a0, 0x000001d5ec65e980, 0x000001d5ec65fdc0, 0x000001d5ec65f8b0,
0x000001d5ec65d030, 0x000001d5ec6602d0, 0x000001d5ec65cb20, 0x000001d5ec7b7590
}

Java Threads: ( => current thread )
  0x000001d5e6015830 JavaThread "Reference Handler" daemon [_thread_blocked, id=33556, stack(0x000000054aa00000,0x000000054ab00000)]
  0x000001d5e60161f0 JavaThread "Finalizer" daemon [_thread_blocked, id=40504, stack(0x000000054ab00000,0x000000054ac00000)]
  0x000001d5e60358d0 JavaThread "Signal Dispatcher" daemon [_thread_blocked, id=14816, stack(0x000000054ac00000,0x000000054ad00000)]
  0x000001d5e6036290 JavaThread "Attach Listener" daemon [_thread_blocked, id=39272, stack(0x000000054ad00000,0x000000054ae00000)]
  0x000001d5e6038c60 JavaThread "Service Thread" daemon [_thread_blocked, id=39612, stack(0x000000054ae00000,0x000000054af00000)]
  0x000001d5e6039620 JavaThread "Monitor Deflation Thread" daemon [_thread_blocked, id=34240, stack(0x000000054af00000,0x000000054b000000)]
  0x000001d5e603e0a0 JavaThread "C1 CompilerThread0" daemon [_thread_blocked, id=36096, stack(0x000000054b000000,0x000000054b100000)]
  0x000001d5e603fab0 JavaThread "Sweeper thread" daemon [_thread_blocked, id=17016, stack(0x000000054b100000,0x000000054b200000)]
  0x000001d5e609e5b0 JavaThread "C1 CompilerThread1" daemon [_thread_blocked, id=40404, stack(0x000000054b200000,0x000000054b300000)]
  0x000001d5e60c7040 JavaThread "C1 CompilerThread2" daemon [_thread_blocked, id=40652, stack(0x000000054b300000,0x000000054b400000)]
  0x000001d5e61af620 JavaThread "Notification Thread" daemon [_thread_blocked, id=28492, stack(0x000000054b400000,0x000000054b500000)]
  0x000001d5e61bad70 JavaThread "Common-Cleaner" daemon [_thread_blocked, id=37372, stack(0x000000054b600000,0x000000054b700000)]
  0x000001d5e65ce490 JavaThread "C1 CompilerThread3" daemon [_thread_blocked, id=39660, stack(0x000000054b700000,0x000000054b800000)]
  0x000001d5eb01e940 JavaThread "C1 CompilerThread4" daemon [_thread_blocked, id=38580, stack(0x000000054bf00000,0x000000054c000000)]
  0x000001d5eb81d680 JavaThread "Catalina-utility-1" [_thread_blocked, id=37560, stack(0x000000054cb00000,0x000000054cc00000)]
  0x000001d5eb81db60 JavaThread "Catalina-utility-2" [_thread_blocked, id=13340, stack(0x000000054cc00000,0x000000054cd00000)]
  0x000001d5eb8c18c0 JavaThread "container-0" [_thread_blocked, id=37568, stack(0x000000054cd00000,0x000000054ce00000)]
  0x000001d5eba67fb0 JavaThread "HikariPool-1 housekeeper" daemon [_thread_blocked, id=37772, stack(0x000000054ce00000,0x000000054cf00000)]
  0x000001d5ec1c8320 JavaThread "java-sdk-http-connection-reaper" daemon [_thread_blocked, id=28032, stack(0x000000054d000000,0x000000054d100000)]
  0x000001d5ec65da50 JavaThread "http-nio-8080-exec-1" daemon [_thread_blocked, id=39568, stack(0x000000054d400000,0x000000054d500000)]
  0x000001d5ec65d540 JavaThread "http-nio-8080-exec-2" daemon [_thread_blocked, id=33928, stack(0x000000054d500000,0x000000054d600000)]
  0x000001d5ec65df60 JavaThread "http-nio-8080-exec-3" daemon [_thread_blocked, id=25196, stack(0x000000054d600000,0x000000054d700000)]
  0x000001d5ec65ee90 JavaThread "http-nio-8080-exec-4" daemon [_thread_blocked, id=40204, stack(0x000000054d700000,0x000000054d800000)]
  0x000001d5ec65e470 JavaThread "http-nio-8080-exec-5" daemon [_thread_blocked, id=2084, stack(0x000000054d800000,0x000000054d900000)]
=>0x000001d5ec65f3a0 JavaThread "http-nio-8080-exec-6" daemon [_thread_in_native, id=36456, stack(0x000000054d900000,0x000000054da00000)]
  0x000001d5ec65e980 JavaThread "http-nio-8080-exec-7" daemon [_thread_blocked, id=28360, stack(0x000000054da00000,0x000000054db00000)]
  0x000001d5ec65fdc0 JavaThread "http-nio-8080-exec-8" daemon [_thread_blocked, id=34676, stack(0x000000054db00000,0x000000054dc00000)]
  0x000001d5ec65f8b0 JavaThread "http-nio-8080-exec-9" daemon [_thread_blocked, id=40020, stack(0x000000054dc00000,0x000000054dd00000)]
  0x000001d5ec65d030 JavaThread "http-nio-8080-exec-10" daemon [_thread_blocked, id=28084, stack(0x000000054dd00000,0x000000054de00000)]
  0x000001d5ec6602d0 JavaThread "http-nio-8080-Poller" daemon [_thread_in_native, id=38020, stack(0x000000054de00000,0x000000054df00000)]
  0x000001d5ec65cb20 JavaThread "http-nio-8080-Acceptor" daemon [_thread_in_native, id=38776, stack(0x000000054df00000,0x000000054e000000)]
  0x000001d5ec7b7590 JavaThread "DestroyJavaVM" [_thread_blocked, id=40172, stack(0x000000054a300000,0x000000054a400000)]

Other Threads:
  0x000001d5e600f300 VMThread "VM Thread" [stack: 0x000000054a900000,0x000000054aa00000] [id=3984]
  0x000001d5e6171ed0 WatcherThread [stack: 0x000000054b500000,0x000000054b600000] [id=40232]
  0x000001d58da60a60 GCTaskThread "GC Thread#0" [stack: 0x000000054a400000,0x000000054a500000] [id=30032]
  0x000001d5e67be4d0 GCTaskThread "GC Thread#1" [stack: 0x000000054b800000,0x000000054b900000] [id=30188]
  0x000001d5e6941050 GCTaskThread "GC Thread#2" [stack: 0x000000054b900000,0x000000054ba00000] [id=37720]
  0x000001d5e6941720 GCTaskThread "GC Thread#3" [stack: 0x000000054ba00000,0x000000054bb00000] [id=16232]
  0x000001d5e69419e0 GCTaskThread "GC Thread#4" [stack: 0x000000054bb00000,0x000000054bc00000] [id=29412]
  0x000001d5e6b389a0 GCTaskThread "GC Thread#5" [stack: 0x000000054bd00000,0x000000054be00000] [id=26676]
  0x000001d5e6b24c00 GCTaskThread "GC Thread#6" [stack: 0x000000054be00000,0x000000054bf00000] [id=32764]
  0x000001d5eb4baf80 GCTaskThread "GC Thread#7" [stack: 0x000000054bc00000,0x000000054bd00000] [id=37320]
  0x000001d5eb4bb650 GCTaskThread "GC Thread#8" [stack: 0x000000054c400000,0x000000054c500000] [id=40884]
  0x000001d5eb4bb910 GCTaskThread "GC Thread#9" [stack: 0x000000054c500000,0x000000054c600000] [id=40124]
  0x000001d5eb4bbbd0 GCTaskThread "GC Thread#10" [stack: 0x000000054c600000,0x000000054c700000] [id=35384]
  0x000001d5eb4be0c0 GCTaskThread "GC Thread#11" [stack: 0x000000054c700000,0x000000054c800000] [id=25576]
  0x000001d5eb4bd5c0 GCTaskThread "GC Thread#12" [stack: 0x000000054c800000,0x000000054c900000] [id=1184]
  0x000001d58da70f70 ConcurrentGCThread "G1 Main Marker" [stack: 0x000000054a500000,0x000000054a600000] [id=38996]
  0x000001d58da72890 ConcurrentGCThread "G1 Conc#0" [stack: 0x000000054a600000,0x000000054a700000] [id=34008]
  0x000001d5eb4be640 ConcurrentGCThread "G1 Conc#1" [stack: 0x000000054c900000,0x000000054ca00000] [id=9072]
  0x000001d5eb4be380 ConcurrentGCThread "G1 Conc#2" [stack: 0x000000054ca00000,0x000000054cb00000] [id=16492]
  0x000001d58daad7f0 ConcurrentGCThread "G1 Refine#0" [stack: 0x000000054a700000,0x000000054a800000] [id=5344]
  0x000001d5ec64a6c0 ConcurrentGCThread "G1 Refine#1" [stack: 0x000000054d100000,0x000000054d200000] [id=2984]
  0x000001d5ec63fe60 ConcurrentGCThread "G1 Refine#2" [stack: 0x000000054d200000,0x000000054d300000] [id=36164]
  0x000001d5ec640520 ConcurrentGCThread "G1 Refine#3" [stack: 0x000000054d300000,0x000000054d400000] [id=37960]
  0x000001d58daae120 ConcurrentGCThread "G1 Service" [stack: 0x000000054a800000,0x000000054a900000] [id=1304]

Threads with active compile tasks:

VM state: not at safepoint (normal execution)

VM Mutex/Monitor currently owned by a thread: None

Heap address: 0x0000000709400000, size: 3948 MB, Compressed Oops mode: Zero based, Oop shift amount: 3

CDS archive(s) mapped at: [0x000001d5a5000000-0x000001d5a5bd0000-0x000001d5a5bd0000), size 12386304, SharedBaseAddress: 0x000001d5a5000000, ArchiveRelocationMode: 1.
Compressed class space mapped at: 0x000001d5a6000000-0x000001d5e6000000, reserved size: 1073741824
Narrow klass base: 0x000001d5a5000000, Narrow klass shift: 0, Narrow klass range: 0x100000000

GC Precious Log:
 CPUs: 16 total, 16 available
 Memory: 15789M
 Large Page Support: Disabled
 NUMA Support: Disabled
 Compressed Oops: Enabled (Zero based)
 Heap Region Size: 2M
 Heap Min Capacity: 8M
 Heap Initial Capacity: 248M
 Heap Max Capacity: 3948M
 Pre-touch: Disabled
 Parallel Workers: 13
 Concurrent Workers: 3
 Concurrent Refinement Workers: 13
 Periodic GC: Disabled

Heap:
 garbage-first heap   total 83968K, used 46965K [0x0000000709400000, 0x0000000800000000)
  region size 2048K, 10 young (20480K), 1 survivors (2048K)
 Metaspace       used 65090K, committed 65664K, reserved 1114112K
  class space    used 8950K, committed 9216K, reserved 1048576K

Heap Regions: E=young(eden), S=young(survivor), O=old, HS=humongous(starts), HC=humongous(continues), CS=collection set, F=free, OA=open archive, CA=closed archive, TAMS=top-at-mark-start (previous, next)
|   0|0x0000000709400000, 0x0000000709600000, 0x0000000709600000|100%| O|  |TAMS 0x0000000709600000, 0x0000000709400000| Untracked 
|   1|0x0000000709600000, 0x0000000709800000, 0x0000000709800000|100%| O|  |TAMS 0x0000000709800000, 0x0000000709600000| Untracked 
|   2|0x0000000709800000, 0x0000000709a00000, 0x0000000709a00000|100%| O|  |TAMS 0x0000000709a00000, 0x0000000709800000| Untracked 
|   3|0x0000000709a00000, 0x0000000709c00000, 0x0000000709c00000|100%| O|  |TAMS 0x0000000709c00000, 0x0000000709a00000| Untracked 
|   4|0x0000000709c00000, 0x0000000709c22c00, 0x0000000709e00000|  6%| O|  |TAMS 0x0000000709c22c00, 0x0000000709c00000| Untracked 
|   5|0x0000000709e00000, 0x000000070a000000, 0x000000070a000000|100%| O|  |TAMS 0x000000070a000000, 0x0000000709e00000| Untracked 
|   6|0x000000070a000000, 0x000000070a200000, 0x000000070a200000|100%| O|  |TAMS 0x000000070a200000, 0x000000070a000000| Untracked 
|   7|0x000000070a200000, 0x000000070a400000, 0x000000070a400000|100%| O|  |TAMS 0x000000070a400000, 0x000000070a200000| Untracked 
|   8|0x000000070a400000, 0x000000070a600000, 0x000000070a600000|100%| O|  |TAMS 0x000000070a600000, 0x000000070a400000| Untracked 
|   9|0x000000070a600000, 0x000000070a800000, 0x000000070a800000|100%| O|  |TAMS 0x000000070a800000, 0x000000070a600000| Untracked 
|  10|0x000000070a800000, 0x000000070aa00000, 0x000000070aa00000|100%| O|  |TAMS 0x000000070aa00000, 0x000000070a800000| Untracked 
|  11|0x000000070aa00000, 0x000000070ac00000, 0x000000070ac00000|100%| O|  |TAMS 0x000000070ac00000, 0x000000070aa00000| Untracked 
|  12|0x000000070ac00000, 0x000000070ae00000, 0x000000070ae00000|100%| O|  |TAMS 0x000000070ae00000, 0x000000070ac00000| Untracked 
|  13|0x000000070ae00000, 0x000000070b000000, 0x000000070b000000|100%| O|  |TAMS 0x000000070b000000, 0x000000070ae00000| Untracked 
|  14|0x000000070b000000, 0x000000070b200000, 0x000000070b200000|100%| O|  |TAMS 0x000000070b1efa00, 0x000000070b000000| Untracked 
|  15|0x000000070b200000, 0x000000070b400000, 0x000000070b400000|100%| O|  |TAMS 0x000000070b200000, 0x000000070b200000| Untracked 
|  16|0x000000070b400000, 0x000000070b444e00, 0x000000070b600000| 13%| O|  |TAMS 0x000000070b400000, 0x000000070b400000| Untracked 
|  17|0x000000070b600000, 0x000000070b600000, 0x000000070b800000|  0%| F|  |TAMS 0x000000070b600000, 0x000000070b600000| Untracked 
|  18|0x000000070b800000, 0x000000070b800000, 0x000000070ba00000|  0%| F|  |TAMS 0x000000070b800000, 0x000000070b800000| Untracked 
|  19|0x000000070ba00000, 0x000000070ba00000, 0x000000070bc00000|  0%| F|  |TAMS 0x000000070ba00000, 0x000000070ba00000| Untracked 
|  20|0x000000070bc00000, 0x000000070bc00000, 0x000000070be00000|  0%| F|  |TAMS 0x000000070bc00000, 0x000000070bc00000| Untracked 
|  21|0x000000070be00000, 0x000000070be00000, 0x000000070c000000|  0%| F|  |TAMS 0x000000070be00000, 0x000000070be00000| Untracked 
|  22|0x000000070c000000, 0x000000070c000000, 0x000000070c200000|  0%| F|  |TAMS 0x000000070c000000, 0x000000070c000000| Untracked 
|  23|0x000000070c200000, 0x000000070c200000, 0x000000070c400000|  0%| F|  |TAMS 0x000000070c200000, 0x000000070c200000| Untracked 
|  24|0x000000070c400000, 0x000000070c400000, 0x000000070c600000|  0%| F|  |TAMS 0x000000070c400000, 0x000000070c400000| Untracked 
|  25|0x000000070c600000, 0x000000070c600000, 0x000000070c800000|  0%| F|  |TAMS 0x000000070c600000, 0x000000070c600000| Untracked 
|  26|0x000000070c800000, 0x000000070c975df0, 0x000000070ca00000| 73%| S|CS|TAMS 0x000000070c800000, 0x000000070c800000| Complete 
|  27|0x000000070ca00000, 0x000000070ca00000, 0x000000070cc00000|  0%| F|  |TAMS 0x000000070ca00000, 0x000000070ca00000| Untracked 
|  28|0x000000070cc00000, 0x000000070cc00000, 0x000000070ce00000|  0%| F|  |TAMS 0x000000070cc00000, 0x000000070cc00000| Untracked 
|  29|0x000000070ce00000, 0x000000070ce00000, 0x000000070d000000|  0%| F|  |TAMS 0x000000070ce00000, 0x000000070ce00000| Untracked 
|  30|0x000000070d000000, 0x000000070d000000, 0x000000070d200000|  0%| F|  |TAMS 0x000000070d000000, 0x000000070d000000| Untracked 
|  31|0x000000070d200000, 0x000000070d200000, 0x000000070d400000|  0%| F|  |TAMS 0x000000070d200000, 0x000000070d200000| Untracked 
|  32|0x000000070d400000, 0x000000070d570390, 0x000000070d600000| 71%| E|  |TAMS 0x000000070d400000, 0x000000070d400000| Complete 
|  33|0x000000070d600000, 0x000000070d800000, 0x000000070d800000|100%| E|CS|TAMS 0x000000070d600000, 0x000000070d600000| Complete 
|  34|0x000000070d800000, 0x000000070da00000, 0x000000070da00000|100%| E|CS|TAMS 0x000000070d800000, 0x000000070d800000| Complete 
|  35|0x000000070da00000, 0x000000070dc00000, 0x000000070dc00000|100%| E|CS|TAMS 0x000000070da00000, 0x000000070da00000| Complete 
| 106|0x0000000716800000, 0x0000000716a00000, 0x0000000716a00000|100%| E|CS|TAMS 0x0000000716800000, 0x0000000716800000| Complete 
| 107|0x0000000716a00000, 0x0000000716c00000, 0x0000000716c00000|100%| E|CS|TAMS 0x0000000716a00000, 0x0000000716a00000| Complete 
| 108|0x0000000716c00000, 0x0000000716e00000, 0x0000000716e00000|100%| E|CS|TAMS 0x0000000716c00000, 0x0000000716c00000| Complete 
| 109|0x0000000716e00000, 0x0000000717000000, 0x0000000717000000|100%| E|CS|TAMS 0x0000000716e00000, 0x0000000716e00000| Complete 
| 123|0x0000000718a00000, 0x0000000718c00000, 0x0000000718c00000|100%| E|  |TAMS 0x0000000718a00000, 0x0000000718a00000| Complete 

Card table byte_map: [0x000001d5990c0000,0x000001d599880000] _byte_map_base: 0x000001d595876000

Marking Bits (Prev, Next): (CMBitMap*) 0x000001d58da60fc0, (CMBitMap*) 0x000001d58da60f80
 Prev Bits: [0x000001d59ddf0000, 0x000001d5a1ba0000)
 Next Bits: [0x000001d59a040000, 0x000001d59ddf0000)

Polling page: 0x000001d58b690000

Metaspace:

Usage:
  Non-class:     54.82 MB used.
      Class:      8.74 MB used.
       Both:     63.56 MB used.

Virtual space:
  Non-class space:       64.00 MB reserved,      55.12 MB ( 86%) committed,  1 nodes.
      Class space:        1.00 GB reserved,       9.00 MB ( <1%) committed,  1 nodes.
             Both:        1.06 GB reserved,      64.12 MB (  6%) committed. 

Chunk freelists:
   Non-Class:  8.02 MB
       Class:  7.05 MB
        Both:  15.06 MB

MaxMetaspaceSize: unlimited
CompressedClassSpaceSize: 1.00 GB
Initial GC threshold: 21.00 MB
Current GC threshold: 98.06 MB
CDS: on
MetaspaceReclaimPolicy: balanced
 - commit_granule_bytes: 65536.
 - commit_granule_words: 8192.
 - virtual_space_node_default_size: 8388608.
 - enlarge_chunks_in_place: 1.
 - new_chunks_are_fully_committed: 0.
 - uncommit_free_chunks: 1.
 - use_allocation_guard: 0.
 - handle_deallocations: 1.


Internal statistics:

num_allocs_failed_limit: 9.
num_arena_births: 786.
num_arena_deaths: 0.
num_vsnodes_births: 2.
num_vsnodes_deaths: 0.
num_space_committed: 1026.
num_space_uncommitted: 0.
num_chunks_returned_to_freelist: 9.
num_chunks_taken_from_freelist: 3031.
num_chunk_merges: 9.
num_chunk_splits: 2208.
num_chunks_enlarged: 1735.
num_inconsistent_stats: 0.

CodeCache: size=49152Kb used=12539Kb max_used=13662Kb free=36613Kb
 bounds [0x000001d595290000, 0x000001d595ff0000, 0x000001d598290000]
 total_blobs=6287 nmethods=5515 adapters=695
 compilation: enabled
              stopped_count=0, restarted_count=0
 full_count=0

Compilation events (20 events):
Event: 14.961 Thread 0x000001d5e603e0a0 5505       1       com.amazonaws.event.SDKProgressPublisher::publishByteCountEvent (33 bytes)
Event: 14.961 Thread 0x000001d5e603e0a0 nmethod 5505 0x000001d595a1e190 code [0x000001d595a1e340, 0x000001d595a1e4b8]
Event: 14.962 Thread 0x000001d5e603e0a0 5507       1       com.amazonaws.event.SDKProgressPublisher::publishResponseBytesTransferred (9 bytes)
Event: 14.962 Thread 0x000001d5e60c7040 5506       1       com.amazonaws.event.ResponseProgressInputStream::onNotifyBytesRead (14 bytes)
Event: 14.962 Thread 0x000001d5e60c7040 nmethod 5506 0x000001d595a1de90 code [0x000001d595a1e020, 0x000001d595a1e108]
Event: 14.962 Thread 0x000001d5e603e0a0 nmethod 5507 0x000001d595a1da90 code [0x000001d595a1dc40, 0x000001d595a1ddb8]
Event: 14.962 Thread 0x000001d5e65ce490 5508       1       com.amazonaws.event.ProgressInputStream::onNotifyBytesRead (1 bytes)
Event: 14.963 Thread 0x000001d5e65ce490 nmethod 5508 0x000001d595a1d790 code [0x000001d595a1d920, 0x000001d595a1d9d8]
Event: 15.034 Thread 0x000001d5e603e0a0 5509       1       com.sun.crypto.provider.GHASH::doFinal (51 bytes)
Event: 15.034 Thread 0x000001d5e603e0a0 nmethod 5509 0x000001d595a1d290 code [0x000001d595a1d440, 0x000001d595a1d6a8]
Event: 15.034 Thread 0x000001d5eb01e940 5511       1       com.sun.crypto.provider.GHASH::digest (50 bytes)
Event: 15.034 Thread 0x000001d5e603e0a0 5510       1       com.sun.crypto.provider.GaloisCounterMode::getLengthBlock (40 bytes)
Event: 15.034 Thread 0x000001d5e609e5b0 5512       1       com.sun.crypto.provider.GaloisCounterMode$GCMEngine::overlapDetection (289 bytes)
Event: 15.035 Thread 0x000001d5e603e0a0 nmethod 5510 0x000001d595a1cd90 code [0x000001d595a1cf40, 0x000001d595a1d138]
Event: 15.035 Thread 0x000001d5eb01e940 nmethod 5511 0x000001d595a1c710 code [0x000001d595a1c8c0, 0x000001d595a1cb58]
Event: 15.035 Thread 0x000001d5e609e5b0 nmethod 5512 0x000001d595a1a890 code [0x000001d595a1ac80, 0x000001d595a1be08]
Event: 15.277 Thread 0x000001d5eb01e940 5513       1       sun.nio.ch.NioSocketImpl::park (51 bytes)
Event: 15.277 Thread 0x000001d5eb01e940 nmethod 5513 0x000001d595a1a090 code [0x000001d595a1a240, 0x000001d595a1a3c8]
Event: 17.349 Thread 0x000001d5eb01e940 5515       1       java.util.ArrayList::forEach (74 bytes)
Event: 17.349 Thread 0x000001d5eb01e940 nmethod 5515 0x000001d595a19a10 code [0x000001d595a19be0, 0x000001d595a19ea8]

GC Heap History (20 events):
Event: 1.444 GC heap before
{Heap before GC invocations=2 (full 0):
 garbage-first heap   total 253952K, used 65553K [0x0000000709400000, 0x0000000800000000)
  region size 2048K, 29 young (59392K), 1 survivors (2048K)
 Metaspace       used 17634K, committed 17920K, reserved 1114112K
  class space    used 2373K, committed 2496K, reserved 1048576K
}
Event: 1.449 GC heap after
{Heap after GC invocations=3 (full 0):
 garbage-first heap   total 253952K, used 14926K [0x0000000709400000, 0x0000000800000000)
  region size 2048K, 4 young (8192K), 4 survivors (8192K)
 Metaspace       used 17634K, committed 17920K, reserved 1114112K
  class space    used 2373K, committed 2496K, reserved 1048576K
}
Event: 1.854 GC heap before
{Heap before GC invocations=3 (full 0):
 garbage-first heap   total 253952K, used 41550K [0x0000000709400000, 0x0000000800000000)
  region size 2048K, 18 young (36864K), 4 survivors (8192K)
 Metaspace       used 21136K, committed 21504K, reserved 1114112K
  class space    used 2860K, committed 3072K, reserved 1048576K
}
Event: 1.858 GC heap after
{Heap after GC invocations=4 (full 0):
 garbage-first heap   total 253952K, used 16303K [0x0000000709400000, 0x0000000800000000)
  region size 2048K, 4 young (8192K), 4 survivors (8192K)
 Metaspace       used 21136K, committed 21504K, reserved 1114112K
  class space    used 2860K, committed 3072K, reserved 1048576K
}
Event: 2.427 GC heap before
{Heap before GC invocations=5 (full 0):
 garbage-first heap   total 69632K, used 49071K [0x0000000709400000, 0x0000000800000000)
  region size 2048K, 20 young (40960K), 4 survivors (8192K)
 Metaspace       used 26193K, committed 26560K, reserved 1114112K
  class space    used 3584K, committed 3776K, reserved 1048576K
}
Event: 2.434 GC heap after
{Heap after GC invocations=6 (full 0):
 garbage-first heap   total 69632K, used 18683K [0x0000000709400000, 0x0000000800000000)
  region size 2048K, 3 young (6144K), 3 survivors (6144K)
 Metaspace       used 26193K, committed 26560K, reserved 1114112K
  class space    used 3584K, committed 3776K, reserved 1048576K
}
Event: 2.793 GC heap before
{Heap before GC invocations=6 (full 0):
 garbage-first heap   total 69632K, used 45307K [0x0000000709400000, 0x0000000800000000)
  region size 2048K, 16 young (32768K), 3 survivors (6144K)
 Metaspace       used 32360K, committed 32768K, reserved 1114112K
  class space    used 4301K, committed 4480K, reserved 1048576K
}
Event: 2.796 GC heap after
{Heap after GC invocations=7 (full 0):
 garbage-first heap   total 69632K, used 20619K [0x0000000709400000, 0x0000000800000000)
  region size 2048K, 1 young (2048K), 1 survivors (2048K)
 Metaspace       used 32360K, committed 32768K, reserved 1114112K
  class space    used 4301K, committed 4480K, reserved 1048576K
}
Event: 3.031 GC heap before
{Heap before GC invocations=7 (full 0):
 garbage-first heap   total 69632K, used 32907K [0x0000000709400000, 0x0000000800000000)
  region size 2048K, 9 young (18432K), 1 survivors (2048K)
 Metaspace       used 35496K, committed 35968K, reserved 1114112K
  class space    used 4792K, committed 5056K, reserved 1048576K
}
Event: 3.034 GC heap after
{Heap after GC invocations=8 (full 0):
 garbage-first heap   total 69632K, used 20980K [0x0000000709400000, 0x0000000800000000)
  region size 2048K, 2 young (4096K), 2 survivors (4096K)
 Metaspace       used 35496K, committed 35968K, reserved 1114112K
  class space    used 4792K, committed 5056K, reserved 1048576K
}
Event: 3.426 GC heap before
{Heap before GC invocations=9 (full 0):
 garbage-first heap   total 69632K, used 45556K [0x0000000709400000, 0x0000000800000000)
  region size 2048K, 15 young (30720K), 2 survivors (4096K)
 Metaspace       used 40455K, committed 40960K, reserved 1114112K
  class space    used 5633K, committed 5888K, reserved 1048576K
}
Event: 3.428 GC heap after
{Heap after GC invocations=10 (full 0):
 garbage-first heap   total 69632K, used 22127K [0x0000000709400000, 0x0000000800000000)
  region size 2048K, 1 young (2048K), 1 survivors (2048K)
 Metaspace       used 40455K, committed 40960K, reserved 1114112K
  class space    used 5633K, committed 5888K, reserved 1048576K
}
Event: 3.950 GC heap before
{Heap before GC invocations=10 (full 0):
 garbage-first heap   total 69632K, used 50799K [0x0000000709400000, 0x0000000800000000)
  region size 2048K, 15 young (30720K), 1 survivors (2048K)
 Metaspace       used 47374K, committed 47872K, reserved 1114112K
  class space    used 6688K, committed 6912K, reserved 1048576K
}
Event: 3.953 GC heap after
{Heap after GC invocations=11 (full 0):
 garbage-first heap   total 69632K, used 23926K [0x0000000709400000, 0x0000000800000000)
  region size 2048K, 2 young (4096K), 2 survivors (4096K)
 Metaspace       used 47374K, committed 47872K, reserved 1114112K
  class space    used 6688K, committed 6912K, reserved 1048576K
}
Event: 4.413 GC heap before
{Heap before GC invocations=11 (full 0):
 garbage-first heap   total 69632K, used 50550K [0x0000000709400000, 0x0000000800000000)
  region size 2048K, 15 young (30720K), 2 survivors (4096K)
 Metaspace       used 53955K, committed 54464K, reserved 1114112K
  class space    used 7512K, committed 7744K, reserved 1048576K
}
Event: 4.416 GC heap after
{Heap after GC invocations=12 (full 0):
 garbage-first heap   total 69632K, used 28412K [0x0000000709400000, 0x0000000800000000)
  region size 2048K, 2 young (4096K), 2 survivors (4096K)
 Metaspace       used 53955K, committed 54464K, reserved 1114112K
  class space    used 7512K, committed 7744K, reserved 1048576K
}
Event: 4.716 GC heap before
{Heap before GC invocations=12 (full 0):
 garbage-first heap   total 69632K, used 48892K [0x0000000709400000, 0x0000000800000000)
  region size 2048K, 12 young (24576K), 2 survivors (4096K)
 Metaspace       used 56515K, committed 56960K, reserved 1114112K
  class space    used 7846K, committed 8064K, reserved 1048576K
}
Event: 4.719 GC heap after
{Heap after GC invocations=13 (full 0):
 garbage-first heap   total 69632K, used 31245K [0x0000000709400000, 0x0000000800000000)
  region size 2048K, 2 young (4096K), 2 survivors (4096K)
 Metaspace       used 56515K, committed 56960K, reserved 1114112K
  class space    used 7846K, committed 8064K, reserved 1048576K
}
Event: 9.143 GC heap before
{Heap before GC invocations=13 (full 0):
 garbage-first heap   total 69632K, used 43533K [0x0000000709400000, 0x0000000800000000)
  region size 2048K, 9 young (18432K), 2 survivors (4096K)
 Metaspace       used 59656K, committed 60160K, reserved 1114112K
  class space    used 8206K, committed 8448K, reserved 1048576K
}
Event: 9.147 GC heap after
{Heap after GC invocations=14 (full 0):
 garbage-first heap   total 83968K, used 32629K [0x0000000709400000, 0x0000000800000000)
  region size 2048K, 1 young (2048K), 1 survivors (2048K)
 Metaspace       used 59656K, committed 60160K, reserved 1114112K
  class space    used 8206K, committed 8448K, reserved 1048576K
}

Deoptimization events (6 events):
Event: 2.733 Thread 0x000001d58d9f8470 DEOPT PACKING pc=0x000001d595add589 sp=0x000000054a3fd320
Event: 2.733 Thread 0x000001d58d9f8470 DEOPT UNPACKING pc=0x000001d5952e2b43 sp=0x000000054a3fc7b0 mode 3
Event: 2.733 Thread 0x000001d5eba67fb0 DEOPT PACKING pc=0x000001d595ad8c1f sp=0x000000054cefedc0
Event: 2.733 Thread 0x000001d5eba67fb0 DEOPT UNPACKING pc=0x000001d5952e2b43 sp=0x000000054cefe218 mode 3
Event: 4.147 Thread 0x000001d58d9f8470 DEOPT PACKING pc=0x000001d595b2c2d2 sp=0x000000054a3fa9c0
Event: 4.147 Thread 0x000001d58d9f8470 DEOPT UNPACKING pc=0x000001d5952e2b43 sp=0x000000054a3f9ec8 mode 3

Classes unloaded (0 events):
No events

Classes redefined (0 events):
No events

Internal exceptions (20 events):
Event: 3.706 Thread 0x000001d58d9f8470 Exception <a 'java/lang/NoSuchMethodError'{0x000000070c99ad98}: 'void java.lang.invoke.DirectMethodHandle$Holder.invokeInterface(java.lang.Object, java.lang.Object)'> (0x000000070c99ad98) 
thrown [s\open\src\hotspot\share\interpreter\linkResolver.cpp, line 759]
Event: 3.971 Thread 0x000001d58d9f8470 Exception <a 'java/lang/IncompatibleClassChangeError'{0x0000000718acaa48}: Found class java.lang.Object, but interface was expected> (0x0000000718acaa48) 
thrown [s\open\src\hotspot\share\interpreter\linkResolver.cpp, line 826]
Event: 4.048 Thread 0x000001d58d9f8470 Exception <a 'sun/nio/fs/WindowsException'{0x0000000716c76f78}> (0x0000000716c76f78) 
thrown [s\open\src\hotspot\share\prims\jni.cpp, line 516]
Event: 4.057 Thread 0x000001d58d9f8470 Exception <a 'java/lang/NoSuchMethodError'{0x0000000716ca0fb0}: 'int java.lang.invoke.DirectMethodHandle$Holder.invokeStaticInit(java.lang.Object, java.lang.Object, java.lang.Object, java.lang.Object)'> (0x0000000716ca0fb0) 
thrown [s\open\src\hotspot\share\interpreter\linkResolver.cpp, line 759]
Event: 4.239 Thread 0x000001d58d9f8470 Exception <a 'java/lang/NoSuchMethodError'{0x000000070c400d20}: 'int java.lang.invoke.DirectMethodHandle$Holder.invokeStaticInit(java.lang.Object, int, java.lang.Object, java.lang.Object, java.lang.Object, java.lang.Object)'> (0x000000070c400d20) 
thrown [s\open\src\hotspot\share\interpreter\linkResolver.cpp, line 759]
Event: 4.538 Thread 0x000001d58d9f8470 Exception <a 'sun/nio/fs/WindowsException'{0x0000000716bbfe70}> (0x0000000716bbfe70) 
thrown [s\open\src\hotspot\share\prims\jni.cpp, line 516]
Event: 4.581 Thread 0x000001d58d9f8470 Exception <a 'java/lang/IncompatibleClassChangeError'{0x000000070cc93fb0}: Found class java.lang.Object, but interface was expected> (0x000000070cc93fb0) 
thrown [s\open\src\hotspot\share\interpreter\linkResolver.cpp, line 826]
Event: 4.618 Thread 0x000001d58d9f8470 Exception <a 'java/lang/NoSuchMethodError'{0x000000070ca94620}: 'void java.lang.invoke.DirectMethodHandle$Holder.invokeVirtual(java.lang.Object, java.lang.Object, long)'> (0x000000070ca94620) 
thrown [s\open\src\hotspot\share\interpreter\linkResolver.cpp, line 759]
Event: 4.687 Thread 0x000001d58d9f8470 Exception <a 'java/lang/IncompatibleClassChangeError'{0x000000070c6f6c10}: Found class java.lang.Object, but interface was expected> (0x000000070c6f6c10) 
thrown [s\open\src\hotspot\share\interpreter\linkResolver.cpp, line 826]
Event: 4.738 Thread 0x000001d58d9f8470 Exception <a 'java/lang/NoSuchMethodError'{0x0000000718b54248}: 'java.lang.Object java.lang.invoke.DirectMethodHandle$Holder.invokeSpecial(java.lang.Object, java.lang.Object, java.lang.Object, java.lang.Object, java.lang.Object, java.lang.Object, java.lang.Object, java.lang.Object, java.lang.Object, java.lang.Object, java.lang.Object)'> (0x0000000718b54248) 
thrown [s\open\src\hotspot\share\interpreter\linkResolver.cpp, line 759]
Event: 4.738 Thread 0x000001d58d9f8470 Exception <a 'java/lang/NoSuchMethodError'{0x0000000718b58a18}: 'java.lang.Object java.lang.invoke.Invokers$Holder.invoke_MT(java.lang.Object, java.lang.Object, java.lang.Object, java.lang.Object, java.lang.Object, java.lang.Object, java.lang.Object, java.lang.Object, java.lang.Object, java.lang.Object, java.lang.Object)'> (0x0000000718b58a18) 
thrown [s\open\src\hotspot\share\interpreter\linkResolver.cpp, line 759]
Event: 4.781 Thread 0x000001d58d9f8470 Exception <a 'java/lang/NoSuchMethodError'{0x0000000716ffdad0}: 'java.lang.Object java.lang.invoke.DirectMethodHandle$Holder.newInvokeSpecial(java.lang.Object, java.lang.Object, int, java.lang.Object, java.lang.Object)'> (0x0000000716ffdad0) 
thrown [s\open\src\hotspot\share\interpreter\linkResolver.cpp, line 759]
Event: 8.993 Thread 0x000001d5ec65cb20 Exception <a 'java/lang/NoSuchMethodError'{0x0000000716de9410}: 'java.lang.Object java.lang.invoke.DirectMethodHandle$Holder.invokeStaticInit(java.lang.Object, java.lang.Object, java.lang.Object, int, int)'> (0x0000000716de9410) 
thrown [s\open\src\hotspot\share\interpreter\linkResolver.cpp, line 759]
Event: 9.026 Thread 0x000001d5ec65d540 Exception <a 'java/lang/NoSuchMethodError'{0x0000000716b90ff0}: 'java.lang.Object java.lang.invoke.DirectMethodHandle$Holder.invokeSpecial(java.lang.Object, java.lang.Object, java.lang.Object, java.lang.Object, java.lang.Object, long)'> (0x0000000716b90ff0) 
thrown [s\open\src\hotspot\share\interpreter\linkResolver.cpp, line 759]
Event: 9.026 Thread 0x000001d5ec65d540 Exception <a 'java/lang/NoSuchMethodError'{0x0000000716b94a30}: 'java.lang.Object java.lang.invoke.Invokers$Holder.linkToTargetMethod(java.lang.Object, java.lang.Object, java.lang.Object, long, java.lang.Object)'> (0x0000000716b94a30) 
thrown [s\open\src\hotspot\share\interpreter\linkResolver.cpp, line 759]
Event: 9.131 Thread 0x000001d5ec65d540 Exception <a 'java/lang/NoSuchMethodError'{0x000000070cb6ecb0}: 'java.lang.Object java.lang.invoke.DirectMethodHandle$Holder.invokeStatic(java.lang.Object, int, int)'> (0x000000070cb6ecb0) 
thrown [s\open\src\hotspot\share\interpreter\linkResolver.cpp, line 759]
Event: 14.497 Thread 0x000001d5ec65f3a0 Exception <a 'sun/nio/fs/WindowsException'{0x000000070d97ebf8}> (0x000000070d97ebf8) 
thrown [s\open\src\hotspot\share\prims\jni.cpp, line 516]
Event: 17.350 Thread 0x000001d5ec65f3a0 Exception <a 'sun/nio/fs/WindowsException'{0x000000070d567b30}> (0x000000070d567b30) 
thrown [s\open\src\hotspot\share\prims\jni.cpp, line 516]
Event: 17.350 Thread 0x000001d5ec65f3a0 Exception <a 'sun/nio/fs/WindowsException'{0x000000070d568ff0}> (0x000000070d568ff0) 
thrown [s\open\src\hotspot\share\prims\jni.cpp, line 516]
Event: 17.350 Thread 0x000001d5ec65f3a0 Exception <a 'sun/nio/fs/WindowsException'{0x000000070d5692f0}> (0x000000070d5692f0) 
thrown [s\open\src\hotspot\share\prims\jni.cpp, line 516]

VM Operations (20 events):
Event: 9.170 Executing VM operation: G1Concurrent
Event: 9.170 Executing VM operation: G1Concurrent done
Event: 10.678 Executing VM operation: HandshakeAllThreads
Event: 10.678 Executing VM operation: HandshakeAllThreads done
Event: 10.678 Executing VM operation: Cleanup
Event: 10.678 Executing VM operation: Cleanup done
Event: 10.678 Executing VM operation: HandshakeAllThreads
Event: 10.678 Executing VM operation: HandshakeAllThreads done
Event: 10.714 Executing VM operation: HandshakeAllThreads
Event: 10.715 Executing VM operation: HandshakeAllThreads done
Event: 10.990 Executing VM operation: HandshakeAllThreads
Event: 10.990 Executing VM operation: HandshakeAllThreads done
Event: 11.991 Executing VM operation: Cleanup
Event: 11.991 Executing VM operation: Cleanup done
Event: 14.462 Executing VM operation: HandshakeAllThreads
Event: 14.462 Executing VM operation: HandshakeAllThreads done
Event: 14.462 Executing VM operation: Cleanup
Event: 14.462 Executing VM operation: Cleanup done
Event: 15.464 Executing VM operation: Cleanup
Event: 15.464 Executing VM operation: Cleanup done

Events (20 events):
Event: 10.997 loading class java/util/OptionalDouble done
Event: 11.003 loading class java/util/AbstractMap$SimpleEntry
Event: 11.003 loading class java/util/AbstractMap$SimpleEntry done
Event: 11.015 loading class java/util/stream/LongStream
Event: 11.015 loading class java/util/stream/LongStream done
Event: 11.015 loading class java/util/stream/DoubleStream
Event: 11.015 loading class java/util/stream/DoubleStream done
Event: 14.468 loading class java/util/BitSet$1BitSetSpliterator
Event: 14.468 loading class java/util/BitSet$1BitSetSpliterator done
Event: 14.468 loading class java/util/stream/IntPipeline$1
Event: 14.468 loading class java/util/stream/IntPipeline$1 done
Event: 14.469 loading class java/util/stream/IntPipeline$1$1
Event: 14.469 loading class java/util/stream/IntPipeline$1$1 done
Event: 14.497 loading class java/nio/file/FileAlreadyExistsException
Event: 14.497 loading class java/nio/file/FileAlreadyExistsException done
Event: 14.685 loading class java/nio/file/StandardCopyOption
Event: 14.685 loading class java/nio/file/StandardCopyOption done
Event: 14.689 loading class java/nio/channels/Channels$1
Event: 14.689 loading class java/nio/channels/Channels$1 done
Event: 17.349 Thread 0x000001d5eb09c230 Thread exited: 0x000001d5eb09c230


Dynamic libraries:
0x00007ff77a820000 - 0x00007ff77a830000 	C:\Program Files\Java\jdk-17\bin\java.exe
0x00007ffd8bf80000 - 0x00007ffd8c1e0000 	C:\WINDOWS\SYSTEM32\ntdll.dll
0x00007ffd8a260000 - 0x00007ffd8a327000 	C:\WINDOWS\System32\KERNEL32.DLL
0x00007ffd89650000 - 0x00007ffd89a1a000 	C:\WINDOWS\System32\KERNELBASE.dll
0x00007ffd89c30000 - 0x00007ffd89d7b000 	C:\WINDOWS\System32\ucrtbase.dll
0x00007ffd75df0000 - 0x00007ffd75e0b000 	C:\Program Files\Java\jdk-17\bin\VCRUNTIME140.dll
0x00007ffd5c4e0000 - 0x00007ffd5c4f9000 	C:\Program Files\Java\jdk-17\bin\jli.dll
0x00007ffd8ac50000 - 0x00007ffd8ad02000 	C:\WINDOWS\System32\ADVAPI32.dll
0x00007ffd8ba10000 - 0x00007ffd8bab9000 	C:\WINDOWS\System32\msvcrt.dll
0x00007ffd89f90000 - 0x00007ffd8a036000 	C:\WINDOWS\System32\sechost.dll
0x00007ffd8ad70000 - 0x00007ffd8ae86000 	C:\WINDOWS\System32\RPCRT4.dll
0x00007ffd89d90000 - 0x00007ffd89f5c000 	C:\WINDOWS\System32\USER32.dll
0x00007ffd89620000 - 0x00007ffd89647000 	C:\WINDOWS\System32\win32u.dll
0x00007ffd8b780000 - 0x00007ffd8b7aa000 	C:\WINDOWS\System32\GDI32.dll
0x00007ffd75880000 - 0x00007ffd75b17000 	C:\WINDOWS\WinSxS\amd64_microsoft.windows.common-controls_6595b64144ccf1df_6.0.26100.3624_none_3e086962e3345f24\COMCTL32.dll
0x00007ffd89370000 - 0x00007ffd894a1000 	C:\WINDOWS\System32\gdi32full.dll
0x00007ffd894b0000 - 0x00007ffd89553000 	C:\WINDOWS\System32\msvcp_win.dll
0x00007ffd81010000 - 0x00007ffd8101b000 	C:\WINDOWS\SYSTEM32\VERSION.dll
0x00007ffd8b5e0000 - 0x00007ffd8b60f000 	C:\WINDOWS\System32\IMM32.DLL
0x00007ffd5c4d0000 - 0x00007ffd5c4dc000 	C:\Program Files\Java\jdk-17\bin\vcruntime140_1.dll
0x00007ffd5c440000 - 0x00007ffd5c4ce000 	C:\Program Files\Java\jdk-17\bin\msvcp140.dll
0x00007ffcd4f70000 - 0x00007ffcd5b4f000 	C:\Program Files\Java\jdk-17\bin\server\jvm.dll
0x00007ffd8a250000 - 0x00007ffd8a258000 	C:\WINDOWS\System32\PSAPI.DLL
0x00007ffd6f9b0000 - 0x00007ffd6f9ba000 	C:\WINDOWS\SYSTEM32\WSOCK32.dll
0x00007ffd86750000 - 0x00007ffd86786000 	C:\WINDOWS\SYSTEM32\WINMM.dll
0x00007ffd8b7b0000 - 0x00007ffd8b824000 	C:\WINDOWS\System32\WS2_32.dll
0x00007ffd88090000 - 0x00007ffd880aa000 	C:\WINDOWS\SYSTEM32\kernel.appcore.dll
0x00007ffd5c430000 - 0x00007ffd5c43a000 	C:\Program Files\Java\jdk-17\bin\jimage.dll
0x00007ffd86500000 - 0x00007ffd86741000 	C:\WINDOWS\SYSTEM32\DBGHELP.DLL
0x00007ffd8bac0000 - 0x00007ffd8be42000 	C:\WINDOWS\System32\combase.dll
0x00007ffd8aa60000 - 0x00007ffd8ab36000 	C:\WINDOWS\System32\OLEAUT32.dll
0x00007ffd864c0000 - 0x00007ffd864f9000 	C:\WINDOWS\SYSTEM32\dbgcore.DLL
0x00007ffd892d0000 - 0x00007ffd89369000 	C:\WINDOWS\System32\bcryptPrimitives.dll
0x00007ffd5c380000 - 0x00007ffd5c3a5000 	C:\Program Files\Java\jdk-17\bin\java.dll
0x00007ffd3a680000 - 0x00007ffd3a757000 	C:\Program Files\Java\jdk-17\bin\jsvml.dll
0x00007ffd8a330000 - 0x00007ffd8aa59000 	C:\WINDOWS\System32\SHELL32.dll
0x00007ffd89160000 - 0x00007ffd892c8000 	C:\WINDOWS\System32\wintypes.dll
0x00007ffd86e10000 - 0x00007ffd87662000 	C:\WINDOWS\SYSTEM32\windows.storage.dll
0x00007ffd8be50000 - 0x00007ffd8bf3d000 	C:\WINDOWS\System32\SHCORE.dll
0x00007ffd8a040000 - 0x00007ffd8a0a4000 	C:\WINDOWS\System32\shlwapi.dll
0x00007ffd89070000 - 0x00007ffd8909f000 	C:\WINDOWS\SYSTEM32\profapi.dll
0x00007ffd5c360000 - 0x00007ffd5c379000 	C:\Program Files\Java\jdk-17\bin\net.dll
0x00007ffd80ef0000 - 0x00007ffd8100d000 	C:\WINDOWS\SYSTEM32\WINHTTP.dll
0x00007ffd885b0000 - 0x00007ffd8861a000 	C:\WINDOWS\system32\mswsock.dll
0x00007ffd51310000 - 0x00007ffd51326000 	C:\Program Files\Java\jdk-17\bin\nio.dll
0x00007ffd3a660000 - 0x00007ffd3a678000 	C:\Program Files\Java\jdk-17\bin\zip.dll
0x00007ffd3a620000 - 0x00007ffd3a62e000 	C:\Program Files\Java\jdk-17\bin\sunmscapi.dll
0x00007ffd89a20000 - 0x00007ffd89b97000 	C:\WINDOWS\System32\CRYPT32.dll
0x00007ffd88a50000 - 0x00007ffd88a80000 	C:\WINDOWS\SYSTEM32\ncrypt.dll
0x00007ffd88a00000 - 0x00007ffd88a3f000 	C:\WINDOWS\SYSTEM32\NTASN1.dll
0x00007ffd88850000 - 0x00007ffd8886c000 	C:\WINDOWS\SYSTEM32\CRYPTSP.dll
0x00007ffd87ff0000 - 0x00007ffd8802a000 	C:\WINDOWS\system32\rsaenh.dll
0x00007ffd88650000 - 0x00007ffd8867b000 	C:\WINDOWS\SYSTEM32\USERENV.dll
0x00007ffd89040000 - 0x00007ffd89066000 	C:\WINDOWS\SYSTEM32\bcrypt.dll
0x00007ffd88870000 - 0x00007ffd8887c000 	C:\WINDOWS\SYSTEM32\CRYPTBASE.dll
0x00007ffd879e0000 - 0x00007ffd87a13000 	C:\WINDOWS\SYSTEM32\IPHLPAPI.DLL
0x00007ffd8a240000 - 0x00007ffd8a24a000 	C:\WINDOWS\System32\NSI.dll
0x00007ffd811e0000 - 0x00007ffd811ff000 	C:\WINDOWS\SYSTEM32\dhcpcsvc6.DLL
0x00007ffd80e30000 - 0x00007ffd80e55000 	C:\WINDOWS\SYSTEM32\dhcpcsvc.DLL
0x00007ffd87ad0000 - 0x00007ffd87bf5000 	C:\WINDOWS\SYSTEM32\DNSAPI.dll
0x00007ffd51300000 - 0x00007ffd5130a000 	C:\Program Files\Java\jdk-17\bin\management.dll
0x00007ffd3a650000 - 0x00007ffd3a65b000 	C:\Program Files\Java\jdk-17\bin\management_ext.dll
0x00007ffd5c350000 - 0x00007ffd5c360000 	C:\Program Files\Java\jdk-17\bin\verify.dll
0x00007ffd54cd0000 - 0x00007ffd54d78000 	C:\JANG\sia_task\sia-task-dev\task\src\main\resources\nativelib\window\gdalalljni.dll
0x00007ffcb7c20000 - 0x00007ffcb906a000 	C:\JANG\sia_task\sia-task-dev\task\src\main\resources\nativelib\window\gdal.dll
0x00007ffd8b440000 - 0x00007ffd8b5d6000 	C:\WINDOWS\System32\ole32.dll
0x00007ffd7d170000 - 0x00007ffd7d234000 	C:\WINDOWS\SYSTEM32\ODBC32.dll
0x00007ffd00c70000 - 0x00007ffd00d04000 	C:\JANG\sia_task\sia-task-dev\task\src\main\resources\nativelib\window\libcurl.dll
0x00007ffd70ed0000 - 0x00007ffd70ee9000 	C:\JANG\sia_task\sia-task-dev\task\src\main\resources\nativelib\window\zlib.dll
0x00007ffce8b10000 - 0x00007ffce8c73000 	C:\JANG\sia_task\sia-task-dev\task\src\main\resources\nativelib\window\libxml2.dll
0x00007ffd8af10000 - 0x00007ffd8af84000 	C:\WINDOWS\System32\WLDAP32.dll
0x00007ffcec860000 - 0x00007ffcec99a000 	C:\JANG\sia_task\sia-task-dev\task\src\main\resources\nativelib\window\libssl-3-x64.dll
0x00007ffcb7730000 - 0x00007ffcb7c14000 	C:\JANG\sia_task\sia-task-dev\task\src\main\resources\nativelib\window\libcrypto-3-x64.dll
0x00007ffcf0200000 - 0x00007ffcf02b2000 	C:\JANG\sia_task\sia-task-dev\task\src\main\resources\nativelib\window\zstd.dll
0x00007ffce85c0000 - 0x00007ffce886c000 	C:\JANG\sia_task\sia-task-dev\task\src\main\resources\nativelib\window\xerces-c_3_2.dll
0x00007ffcd5c60000 - 0x00007ffcd5fa0000 	C:\JANG\sia_task\sia-task-dev\task\src\main\resources\nativelib\window\proj_9.dll
0x00007ffce89c0000 - 0x00007ffce8b0c000 	C:\JANG\sia_task\sia-task-dev\task\src\main\resources\nativelib\window\tiff.dll
0x00007ffd37980000 - 0x00007ffd379b5000 	C:\JANG\sia_task\sia-task-dev\task\src\main\resources\nativelib\window\libpng16.dll
0x00007ffcb7470000 - 0x00007ffcb7730000 	C:\JANG\sia_task\sia-task-dev\task\src\main\resources\nativelib\window\sqlite3.dll
0x0000000180000000 - 0x000000018004e000 	C:\JANG\sia_task\sia-task-dev\task\src\main\resources\nativelib\window\LIBPQ.dll
0x00007ffd1d6c0000 - 0x00007ffd1d711000 	C:\JANG\sia_task\sia-task-dev\task\src\main\resources\nativelib\window\openjp2.dll
0x00007ffd70e80000 - 0x00007ffd70ea0000 	C:\JANG\sia_task\sia-task-dev\task\src\main\resources\nativelib\window\pcre.dll
0x00007ffcb6770000 - 0x00007ffcb7465000 	C:\JANG\sia_task\sia-task-dev\task\src\main\resources\nativelib\window\spatialite.dll
0x00007ffcb60c0000 - 0x00007ffcb6761000 	C:\JANG\sia_task\sia-task-dev\task\src\main\resources\nativelib\window\libmysql.dll
0x00007ffd5d2b0000 - 0x00007ffd5d2da000 	C:\JANG\sia_task\sia-task-dev\task\src\main\resources\nativelib\window\freexl.dll
0x00007ffd52b90000 - 0x00007ffd52bb3000 	C:\JANG\sia_task\sia-task-dev\task\src\main\resources\nativelib\window\ogdi.dll
0x00007ffd22960000 - 0x00007ffd2298b000 	C:\JANG\sia_task\sia-task-dev\task\src\main\resources\nativelib\window\libexpat.dll
0x00007ffd00c10000 - 0x00007ffd00c6c000 	C:\JANG\sia_task\sia-task-dev\task\src\main\resources\nativelib\window\geos_c.dll
0x00007ffce82d0000 - 0x00007ffce83cf000 	C:\JANG\sia_task\sia-task-dev\task\src\main\resources\nativelib\window\iconv-2.dll
0x00007ffd85ca0000 - 0x00007ffd85cad000 	C:\WINDOWS\SYSTEM32\Secur32.dll
0x00007ffd88e50000 - 0x00007ffd88e5a000 	C:\WINDOWS\SYSTEM32\DPAPI.DLL
0x00007ffcdb780000 - 0x00007ffcdb958000 	C:\JANG\sia_task\sia-task-dev\task\src\main\resources\nativelib\window\geos.dll
0x00007ffd88330000 - 0x00007ffd88378000 	C:\WINDOWS\SYSTEM32\SSPICLI.DLL
0x00007ffd51660000 - 0x00007ffd51668000 	C:\WINDOWS\system32\wshunix.dll
0x00007ffd75d60000 - 0x00007ffd75d6b000 	C:\Windows\System32\rasadhlp.dll
0x00007ffd7e7e0000 - 0x00007ffd7e865000 	C:\WINDOWS\System32\fwpuclnt.dll

dbghelp: loaded successfully - version: 4.0.5 - missing functions: none
symbol engine: initialized successfully - sym options: 0x614 - pdb path: .;C:\Program Files\Java\jdk-17\bin;C:\WINDOWS\SYSTEM32;C:\WINDOWS\WinSxS\amd64_microsoft.windows.common-controls_6595b64144ccf1df_6.0.26100.3624_none_3e086962e3345f24;C:\Program Files\Java\jdk-17\bin\server;C:\JANG\sia_task\sia-task-dev\task\src\main\resources\nativelib\window

VM Arguments:
jvm_args: -Djava.library.path=C:\JANG\sia_task\sia-task-dev\task\src\main\resources\nativelib\window -XX:TieredStopAtLevel=1 -Dfile.encoding=x-windows-949 -Duser.country=KR -Duser.language=ko -Duser.variant 
java_command: com.sia.task.TaskApplication
java_class_path (initial): C:\JANG\sia_task\sia-task-dev\task\build\classes\java\main;C:\JANG\sia_task\sia-task-dev\task\build\resources\main;C:\Users\idjjh\.gradle\caches\modules-2\files-2.1\org.springframework.cloud\spring-cloud-starter-aws\2.2.6.RELEASE\9d7c330b3f4aa477df2db27dd875a0e63a49456\spring-cloud-starter-aws-2.2.6.RELEASE.jar;C:\Users\idjjh\.gradle\caches\modules-2\files-2.1\io.github.cdimascio\java-dotenv\5.2.2\f77d54ff193ed4b07415ab8d7b3d0550716aa8c\java-dotenv-5.2.2.jar;C:\Users\idjjh\.gradle\caches\modules-2\files-2.1\commons-fileupload\commons-fileupload\1.5\ad4ad2ab2961b4e1891472bd1a33fabefb0385f3\commons-fileupload-1.5.jar;C:\Users\idjjh\.gradle\caches\modules-2\files-2.1\org.apache.tika\tika-core\2.9.1\bfd572826e7023dd6ceeefe1b4d0f6d3d8eef507\tika-core-2.9.1.jar;C:\Users\idjjh\.gradle\caches\modules-2\files-2.1\commons-io\commons-io\2.14.0\a4c6e1f6c196339473cd2e1b037f0eb97c62755b\commons-io-2.14.0.jar;C:\Users\idjjh\.gradle\caches\modules-2\files-2.1\org.gdal\gdal\3.10.0\d229b54a2136a6a1e6e8321881789a4465e2ec50\gdal-3.10.0.jar;C:\Users\idjjh\.gradle\caches\modules-2\files-2.1\com.h2database\h2\2.3.232\4fcc05d966ccdb2812ae8b9a718f69226c0cf4e2\h2-2.3.232.jar;C:\Users\idjjh\.gradle\caches\modules-2\files-2.1\org.springframework\spring-webmvc\6.2.6\48c37c417d00b9dc12e344892b206bbbf67f0945\spring-webmvc-6.2.6.jar;C:\Users\idjjh\.gradle\caches\modules-2\files-2.1\org.springframework\spring-web\6.2.6\17a4f806e877a1064a2442fe7545b0036fb9550f\spring-web-6.2.6.jar;C:\Users\idjjh\.gradle\caches\modules-2\files-2.1\org.hibernate.orm\hibernate-core\6.6.13.Final\e7f1b2d53e89b9863dca12cd5f1b261ba413415b\hibernate-core-6.6.13.Final.jar;C:\Users\idjjh\.gradle\caches\modules-2\files-2.1\org.springframework.data\spring-data-jpa\3.4.5\40000309bebdc0e4e284211701f039eb5b1fb1a6\spring-data-jpa-3.4.5.jar;C:\Users\idjjh\.gradle\caches\modules-2\files-2.1\org.springframework\spring-aspects\6.2.6\2bb7fe48b4fef28af71be32815200c19ac95f783\spring-aspects-6.2.6.jar;C:\Users\
Launcher Type: SUN_STANDARD

[Global flags]
     intx CICompilerCount                          = 12                                        {product} {ergonomic}
     uint ConcGCThreads                            = 3                                         {product} {ergonomic}
     uint G1ConcRefinementThreads                  = 13                                        {product} {ergonomic}
   size_t G1HeapRegionSize                         = 2097152                                   {product} {ergonomic}
    uintx GCDrainStackTargetSize                   = 64                                        {product} {ergonomic}
   size_t InitialHeapSize                          = 260046848                                 {product} {ergonomic}
   size_t MarkStackSize                            = 4194304                                   {product} {ergonomic}
   size_t MaxHeapSize                              = 4139778048                                {product} {ergonomic}
   size_t MaxNewSize                               = 2483027968                                {product} {ergonomic}
   size_t MinHeapDeltaBytes                        = 2097152                                   {product} {ergonomic}
   size_t MinHeapSize                              = 8388608                                   {product} {ergonomic}
    uintx NonProfiledCodeHeapSize                  = 0                                      {pd product} {ergonomic}
     bool ProfileInterpreter                       = false                                  {pd product} {command line}
    uintx ProfiledCodeHeapSize                     = 0                                      {pd product} {ergonomic}
   size_t SoftMaxHeapSize                          = 4139778048                             {manageable} {ergonomic}
     intx TieredStopAtLevel                        = 1                                         {product} {command line}
     bool UseCompressedClassPointers               = true                           {product lp64_product} {ergonomic}
     bool UseCompressedOops                        = true                           {product lp64_product} {ergonomic}
     bool UseG1GC                                  = true                                      {product} {ergonomic}
     bool UseLargePagesIndividualAllocation        = false                                  {pd product} {ergonomic}

Logging:
Log output configuration:
 #0: stdout all=warning uptime,level,tags
 #1: stderr all=off uptime,level,tags

Environment Variables:
JAVA_HOME=C:\Program Files\Java\jdk-17
CLASSPATH=C:\JANG\sia_task\sia-task-dev\task\\gradle\wrapper\gradle-wrapper.jar
PATH=C:\JANG\sia_task\sia-task-dev\task\src\main\resources\nativelib\window;C:\Program Files\Java\jdk-17;C:\Python312\Scripts\;C:\Python312\;C:\oraclexe\app\oracle\product\11.2.0\server\bin;C:\Program Files\Common Files\Oracle\Java\javapath;C:\Windows\system32;C:\Windows;C:\Windows\System32\Wbem;C:\Windows\System32\WindowsPowerShell\v1.0\;C:\Windows\System32\OpenSSH\;C:\Program Files (x86)\NVIDIA Corporation\PhysX\Common;C:\WINDOWS\system32;C:\WINDOWS;C:\WINDOWS\System32\Wbem;C:\WINDOWS\System32\WindowsPowerShell\v1.0\;C:\WINDOWS\System32\OpenSSH\;C:\Program Files\Git\cmd;C:\ProgramData\chocolatey\bin;C:\nodejs;C:\Program Files\NVIDIA Corporation\NVIDIA app\NvDLISR;C:\Program Files\Docker\Docker\resources\bin;C:\Program Files\nodejs\;C:\Users\idjjh\AppData\Local\Programs\Python\Python313\Scripts\;C:\Users\idjjh\AppData\Local\Programs\Python\Python313\;C:\Users\idjjh\AppData\Local\Microsoft\WindowsApps;C:\apache-maven-3.9.9\bin;C:\Users\idjjh\AppData\Roaming\npm;C:\Program Files\Git\bin;C:\Python312\Scripts\;
USERNAME=junhee
LANG=en_US.UTF-8
OS=Windows_NT
PROCESSOR_IDENTIFIER=AMD64 Family 23 Model 96 Stepping 1, AuthenticAMD



---------------  S Y S T E M  ---------------

OS:
 Windows 11 , 64 bit Build 26100 (10.0.26100.3775)
OS uptime: 0 days 5:26 hours
Hyper-V role detected

CPU: total 16 (initial active 16) (16 cores per cpu, 2 threads per core) family 23 model 96 stepping 1 microcode 0x8600104, cx8, cmov, fxsr, ht, mmx, 3dnowpref, sse, sse2, sse3, ssse3, sse4a, sse4.1, sse4.2, popcnt, lzcnt, tsc, tscinvbit, avx, avx2, aes, clmul, bmi1, bmi2, adx, sha, fma, vzeroupper, clflush, clflushopt, hv

Memory: 4k page, system-wide physical 15789M (3742M free)
TotalPageFile size 22189M (AvailPageFile size 1889M)
current process WorkingSet (physical memory assigned to process): 228M, peak: 228M
current process commit charge ("private bytes"): 290M, peak: 387M

vm_info: Java HotSpot(TM) 64-Bit Server VM (17.0.10+11-LTS-240) for windows-amd64 JRE (17.0.10+11-LTS-240), built on Dec 19 2023 21:47:25 by "mach5one" with MS VC++ 17.1 (VS2022)

END.
