#
# A fatal error has been detected by the Java Runtime Environment:
#
#  EXCEPTION_ACCESS_VIOLATION (0xc0000005) at pc=0x00007ffd5c4532a8, pid=32516, tid=32116
#
# JRE version: Java(TM) SE Runtime Environment (17.0.10+11) (build 17.0.10+11-LTS-240)
# Java VM: Java HotSpot(TM) 64-Bit Server VM (17.0.10+11-LTS-240, mixed mode, emulated-client, sharing, tiered, compressed oops, compressed class ptrs, g1 gc, windows-amd64)
# Problematic frame:
# C  [msvcp140.dll+0x132a8]
#
# No core dump will be written. Minidumps are not enabled by default on client versions of Windows
#
# If you would like to submit a bug report, please visit:
#   https://bugreport.java.com/bugreport/crash.jsp
# The crash happened outside the Java Virtual Machine in native code.
# See problematic frame for where to report the bug.
#

---------------  S U M M A R Y ------------

Command Line: -Djava.library.path=C:\JANG\sia_task\sia-task-dev\task/src/main/resource/nativelib/window -XX:TieredStopAtLevel=1 -Dfile.encoding=x-windows-949 -Duser.country=KR -Duser.language=ko -Duser.variant com.sia.task.TaskApplication

Host: AMD Ryzen 9 4900HS with Radeon Graphics         , 16 cores, 15G,  Windows 11 , 64 bit Build 26100 (10.0.26100.3775)
Time: Mon Apr 28 00:18:34 2025  Windows 11 , 64 bit Build 26100 (10.0.26100.3775) elapsed time: 12.187248 seconds (0d 0h 0m 12s)

---------------  T H R E A D  ---------------

Current thread (0x0000026cce2d18e0):  JavaThread "http-nio-8080-exec-6" daemon [_thread_in_native, id=32116, stack(0x0000008816500000,0x0000008816600000)]

Stack: [0x0000008816500000,0x0000008816600000],  sp=0x00000088165fc9c0,  free space=1010k
Native frames: (J=compiled Java code, j=interpreted, Vv=VM code, C=native code)
C  [msvcp140.dll+0x132a8]
C  [gdal.dll+0xc2757d]

Java frames: (J=compiled Java code, j=interpreted, Vv=VM code)
j  org.gdal.gdal.gdalJNI.Open__SWIG_1(Ljava/lang/String;)J+0
j  org.gdal.gdal.gdal.Open(Ljava/lang/String;)Lorg/gdal/gdal/Dataset;+1
j  com.sia.task.service.ConvertCOGService.fileConvertCOG(Ljava/util/List;)V+457
j  com.sia.task.service.FileProcessingService.fileProcessing(Ljava/util/List;)V+14
j  com.sia.task.controller.FileProcessingController.fileProcessing(Lcom/sia/task/fileDTO/FileDTO;)Lorg/springframework/http/ResponseEntity;+39
v  ~StubRoutines::call_stub
J 3824  jdk.internal.reflect.NativeMethodAccessorImpl.invoke0(Ljava/lang/reflect/Method;Ljava/lang/Object;[Ljava/lang/Object;)Ljava/lang/Object; java.base@17.0.10 (0 bytes) @ 0x0000026cf7d41b27 [0x0000026cf7d41aa0+0x0000000000000087]
J 3823 c1 jdk.internal.reflect.NativeMethodAccessorImpl.invoke(Ljava/lang/Object;[Ljava/lang/Object;)Ljava/lang/Object; java.base@17.0.10 (137 bytes) @ 0x0000026cf7d4234c [0x0000026cf7d42000+0x000000000000034c]
J 3812 c1 jdk.internal.reflect.DelegatingMethodAccessorImpl.invoke(Ljava/lang/Object;[Ljava/lang/Object;)Ljava/lang/Object; java.base@17.0.10 (10 bytes) @ 0x0000026cf7d3f1e4 [0x0000026cf7d3f1a0+0x0000000000000044]
J 3814 c1 java.lang.reflect.Method.invoke(Ljava/lang/Object;[Ljava/lang/Object;)Ljava/lang/Object; java.base@17.0.10 (65 bytes) @ 0x0000026cf7d3f9ec [0x0000026cf7d3f8e0+0x000000000000010c]
j  org.springframework.web.method.support.InvocableHandlerMethod.doInvoke([Ljava/lang/Object;)Ljava/lang/Object;+55
j  org.springframework.web.method.support.InvocableHandlerMethod.invokeForRequest(Lorg/springframework/web/context/request/NativeWebRequest;Lorg/springframework/web/method/support/ModelAndViewContainer;[Ljava/lang/Object;)Ljava/lang/Object;+82
j  org.springframework.web.servlet.mvc.method.annotation.ServletInvocableHandlerMethod.invokeAndHandle(Lorg/springframework/web/context/request/ServletWebRequest;Lorg/springframework/web/method/support/ModelAndViewContainer;[Ljava/lang/Object;)V+4
j  org.springframework.web.servlet.mvc.method.annotation.RequestMappingHandlerAdapter.invokeHandlerMethod(Ljakarta/servlet/http/HttpServletRequest;Ljakarta/servlet/http/HttpServletResponse;Lorg/springframework/web/method/HandlerMethod;)Lorg/springframework/web/servlet/ModelAndView;+309
j  org.springframework.web.servlet.mvc.method.annotation.RequestMappingHandlerAdapter.handleInternal(Ljakarta/servlet/http/HttpServletRequest;Ljakarta/servlet/http/HttpServletResponse;Lorg/springframework/web/method/HandlerMethod;)Lorg/springframework/web/servlet/ModelAndView;+81
j  org.springframework.web.servlet.mvc.method.AbstractHandlerMethodAdapter.handle(Ljakarta/servlet/http/HttpServletRequest;Ljakarta/servlet/http/HttpServletResponse;Ljava/lang/Object;)Lorg/springframework/web/servlet/ModelAndView;+7
j  org.springframework.web.servlet.DispatcherServlet.doDispatch(Ljakarta/servlet/http/HttpServletRequest;Ljakarta/servlet/http/HttpServletResponse;)V+304
j  org.springframework.web.servlet.DispatcherServlet.doService(Ljakarta/servlet/http/HttpServletRequest;Ljakarta/servlet/http/HttpServletResponse;)V+242
j  org.springframework.web.servlet.FrameworkServlet.processRequest(Ljakarta/servlet/http/HttpServletRequest;Ljakarta/servlet/http/HttpServletResponse;)V+70
j  org.springframework.web.servlet.FrameworkServlet.doPost(Ljakarta/servlet/http/HttpServletRequest;Ljakarta/servlet/http/HttpServletResponse;)V+3
j  jakarta.servlet.http.HttpServlet.service(Ljakarta/servlet/http/HttpServletRequest;Ljakarta/servlet/http/HttpServletResponse;)V+150
j  org.springframework.web.servlet.FrameworkServlet.service(Ljakarta/servlet/http/HttpServletRequest;Ljakarta/servlet/http/HttpServletResponse;)V+20
j  jakarta.servlet.http.HttpServlet.service(Ljakarta/servlet/ServletRequest;Ljakarta/servlet/ServletResponse;)V+37
j  org.apache.catalina.core.ApplicationFilterChain.internalDoFilter(Ljakarta/servlet/ServletRequest;Ljakarta/servlet/ServletResponse;)V+300
j  org.apache.catalina.core.ApplicationFilterChain.doFilter(Ljakarta/servlet/ServletRequest;Ljakarta/servlet/ServletResponse;)V+99
j  org.apache.tomcat.websocket.server.WsFilter.doFilter(Ljakarta/servlet/ServletRequest;Ljakarta/servlet/ServletResponse;Ljakarta/servlet/FilterChain;)V+21
j  org.apache.catalina.core.ApplicationFilterChain.internalDoFilter(Ljakarta/servlet/ServletRequest;Ljakarta/servlet/ServletResponse;)V+130
j  org.apache.catalina.core.ApplicationFilterChain.doFilter(Ljakarta/servlet/ServletRequest;Ljakarta/servlet/ServletResponse;)V+99
j  org.springframework.web.filter.RequestContextFilter.doFilterInternal(Ljakarta/servlet/http/HttpServletRequest;Ljakarta/servlet/http/HttpServletResponse;Ljakarta/servlet/FilterChain;)V+21
j  org.springframework.web.filter.OncePerRequestFilter.doFilter(Ljakarta/servlet/ServletRequest;Ljakarta/servlet/ServletResponse;Ljakarta/servlet/FilterChain;)V+150
j  org.apache.catalina.core.ApplicationFilterChain.internalDoFilter(Ljakarta/servlet/ServletRequest;Ljakarta/servlet/ServletResponse;)V+130
j  org.apache.catalina.core.ApplicationFilterChain.doFilter(Ljakarta/servlet/ServletRequest;Ljakarta/servlet/ServletResponse;)V+99
j  org.springframework.web.filter.FormContentFilter.doFilterInternal(Ljakarta/servlet/http/HttpServletRequest;Ljakarta/servlet/http/HttpServletResponse;Ljakarta/servlet/FilterChain;)V+38
j  org.springframework.web.filter.OncePerRequestFilter.doFilter(Ljakarta/servlet/ServletRequest;Ljakarta/servlet/ServletResponse;Ljakarta/servlet/FilterChain;)V+150
j  org.apache.catalina.core.ApplicationFilterChain.internalDoFilter(Ljakarta/servlet/ServletRequest;Ljakarta/servlet/ServletResponse;)V+130
j  org.apache.catalina.core.ApplicationFilterChain.doFilter(Ljakarta/servlet/ServletRequest;Ljakarta/servlet/ServletResponse;)V+99
j  org.springframework.web.filter.CharacterEncodingFilter.doFilterInternal(Ljakarta/servlet/http/HttpServletRequest;Ljakarta/servlet/http/HttpServletResponse;Ljakarta/servlet/FilterChain;)V+53
j  org.springframework.web.filter.OncePerRequestFilter.doFilter(Ljakarta/servlet/ServletRequest;Ljakarta/servlet/ServletResponse;Ljakarta/servlet/FilterChain;)V+150
j  org.apache.catalina.core.ApplicationFilterChain.internalDoFilter(Ljakarta/servlet/ServletRequest;Ljakarta/servlet/ServletResponse;)V+130
j  org.apache.catalina.core.ApplicationFilterChain.doFilter(Ljakarta/servlet/ServletRequest;Ljakarta/servlet/ServletResponse;)V+99
j  org.apache.catalina.core.StandardWrapperValve.invoke(Lorg/apache/catalina/connector/Request;Lorg/apache/catalina/connector/Response;)V+511
j  org.apache.catalina.core.StandardContextValve.invoke(Lorg/apache/catalina/connector/Request;Lorg/apache/catalina/connector/Response;)V+169
j  org.apache.catalina.authenticator.AuthenticatorBase.invoke(Lorg/apache/catalina/connector/Request;Lorg/apache/catalina/connector/Response;)V+221
j  org.apache.catalina.core.StandardHostValve.invoke(Lorg/apache/catalina/connector/Request;Lorg/apache/catalina/connector/Response;)V+131
j  org.apache.catalina.valves.ErrorReportValve.invoke(Lorg/apache/catalina/connector/Request;Lorg/apache/catalina/connector/Response;)V+6
j  org.apache.catalina.core.StandardEngineValve.invoke(Lorg/apache/catalina/connector/Request;Lorg/apache/catalina/connector/Response;)V+59
j  org.apache.catalina.connector.CoyoteAdapter.service(Lorg/apache/coyote/Request;Lorg/apache/coyote/Response;)V+188
j  org.apache.coyote.http11.Http11Processor.service(Lorg/apache/tomcat/util/net/SocketWrapperBase;)Lorg/apache/tomcat/util/net/AbstractEndpoint$Handler$SocketState;+796
j  org.apache.coyote.AbstractProcessorLight.process(Lorg/apache/tomcat/util/net/SocketWrapperBase;Lorg/apache/tomcat/util/net/SocketEvent;)Lorg/apache/tomcat/util/net/AbstractEndpoint$Handler$SocketState;+155
j  org.apache.coyote.AbstractProtocol$ConnectionHandler.process(Lorg/apache/tomcat/util/net/SocketWrapperBase;Lorg/apache/tomcat/util/net/SocketEvent;)Lorg/apache/tomcat/util/net/AbstractEndpoint$Handler$SocketState;+477
j  org.apache.tomcat.util.net.NioEndpoint$SocketProcessor.doRun()V+222
j  org.apache.tomcat.util.net.SocketProcessorBase.run()V+32
j  org.apache.tomcat.util.threads.ThreadPoolExecutor.runWorker(Lorg/apache/tomcat/util/threads/ThreadPoolExecutor$Worker;)V+92
j  org.apache.tomcat.util.threads.ThreadPoolExecutor$Worker.run()V+5
j  org.apache.tomcat.util.threads.TaskThread$WrappingRunnable.run()V+4
j  java.lang.Thread.run()V+11 java.base@17.0.10
v  ~StubRoutines::call_stub

siginfo: EXCEPTION_ACCESS_VIOLATION (0xc0000005), reading address 0x0000000000000000


Registers:
RAX=0x0000000000000000, RBX=0x0000026cc84b58e0, RCX=0x00007ffcbb9486f8, RDX=0x0000000000000000
RSP=0x00000088165fc9c0, RBP=0x00000088165fcc00, RSI=0x00007ffcbb9486f0, RDI=0x0000000000004000
R8 =0x0000000000000009, R9 =0x0000000000000040, R10=0xfefefefefefefeff, R11=0x8080808080808080
R12=0x00000088165fcca0, R13=0x0000000000000000, R14=0x0000000000000000, R15=0x00007ffcbb948738
RIP=0x00007ffd5c4532a8, EFLAGS=0x0000000000010286


Register to memory mapping:

RIP=0x00007ffd5c4532a8 msvcp140.dll
RAX=0x0 is NULL
RBX=0x0000026cc84b58e0 points into unknown readable memory: 0x73726573555c3a43 | 43 3a 5c 55 73 65 72 73
RCX=0x00007ffcbb9486f8 gdal.dll
RDX=0x0 is NULL
RSP=0x00000088165fc9c0 is pointing into the stack for thread: 0x0000026cce2d18e0
RBP=0x00000088165fcc00 is pointing into the stack for thread: 0x0000026cce2d18e0
RSI=0x00007ffcbb9486f0 gdal.dll
RDI=0x0000000000004000 is an unknown value
R8 =0x0000000000000009 is an unknown value
R9 =0x0000000000000040 is an unknown value
R10=0xfefefefefefefeff is an unknown value
R11=0x8080808080808080 is an unknown value
R12=0x00000088165fcca0 is pointing into the stack for thread: 0x0000026cce2d18e0
R13=0x0 is NULL
R14=0x0 is NULL
R15=0x00007ffcbb948738 gdal.dll


Top of Stack: (sp=0x00000088165fc9c0)
0x00000088165fc9c0:   0000000000000002 0000000000000000
0x00000088165fc9d0:   0000000000000000 0000000000000000
0x00000088165fc9e0:   0000000000000000 0000000000000000
0x00000088165fc9f0:   0000b2f828643094 0000026cc84b55c0
0x00000088165fca00:   0000000000000042 0000026cc84b55c0
0x00000088165fca10:   0000000000004000 00007ffcbb1f757d
0x00000088165fca20:   0000026ced7c0000 000000000000003a
0x00000088165fca30:   0000026cc84b58e0 ffffffffffffffff
0x00000088165fca40:   00007ffcbb9486f0 00007ffcba5ec93e
0x00000088165fca50:   000000000000003a 0000026cce2d18e0
0x00000088165fca60:   0000026c87453e48 00007ab57f6b7aa5
0x00000088165fca70:   0000000000000042 0000026cc84b55c0
0x00000088165fca80:   0000000000000000 0000000000000000
0x00000088165fca90:   0000000000004000 ffffffffffffffff
0x00000088165fcaa0:   00000088165fcc00 00007ffcbb1f6d8d
0x00000088165fcab0:   00000088165fcc60 00000088165fcf40 

Instructions: (pc=0x00007ffd5c4532a8)
0x00007ffd5c4531a8:   48 89 01 48 83 c1 08 48 83 c4 28 48 ff 25 26 30
0x00007ffd5c4531b8:   04 00 48 8d 05 37 70 04 00 45 33 c0 48 89 01 ba
0x00007ffd5c4531c8:   a0 0f 00 00 48 83 c1 08 48 83 c4 28 48 ff 25 ed
0x00007ffd5c4531d8:   2f 04 00 cc cc cc cc cc 48 83 c1 08 48 ff 25 cd
0x00007ffd5c4531e8:   2f 04 00 cc cc cc cc cc 48 83 c1 08 48 ff 25 dd
0x00007ffd5c4531f8:   2f 04 00 cc cc cc cc cc 48 83 c1 08 48 ff 25 45
0x00007ffd5c453208:   2e 04 00 cc 48 89 5c 24 18 48 89 74 24 20 57 41
0x00007ffd5c453218:   56 41 57 48 83 ec 40 48 8b 05 0a 11 07 00 48 33
0x00007ffd5c453228:   c4 48 89 44 24 30 8b 01 4c 8b f2 0f ba f0 08 48
0x00007ffd5c453238:   8b f1 83 f8 01 75 4a ff 15 b3 2f 04 00 39 46 48
0x00007ffd5c453248:   74 19 48 8d 4e 08 48 8b 01 48 8b 00 ff 15 6e 34
0x00007ffd5c453258:   04 00 ff 15 98 2f 04 00 89 46 48 ff 46 4c 33 c0
0x00007ffd5c453268:   48 8b 4c 24 30 48 33 cc e8 cb fd 03 00 48 8b 5c
0x00007ffd5c453278:   24 70 48 8b 74 24 78 48 83 c4 40 41 5f 41 5e 5f
0x00007ffd5c453288:   c3 4d 85 f6 75 28 4c 8d 79 48 ff 15 60 2f 04 00
0x00007ffd5c453298:   41 39 07 0f 84 ad 00 00 00 48 8d 4e 08 48 8b 01
0x00007ffd5c4532a8:   48 8b 00 ff 15 17 34 04 00 e9 98 00 00 00 48 83
0x00007ffd5c4532b8:   3a 00 7c 6e 75 06 83 7a 08 00 7e 66 ba 01 00 00
0x00007ffd5c4532c8:   00 48 8d 4c 24 20 e8 2d 09 00 00 48 8b 44 24 20
0x00007ffd5c4532d8:   49 3b 06 7c 14 0f 85 b3 00 00 00 41 8b 46 08 39
0x00007ffd5c4532e8:   44 24 28 0f 8d a5 00 00 00 4c 8d 7e 48 ff 15 fd
0x00007ffd5c4532f8:   2e 04 00 41 39 07 74 4e 48 8b 46 08 48 8d 54 24
0x00007ffd5c453308:   20 49 8b ce 48 8b 58 10 e8 db 07 00 00 8b d0 48
0x00007ffd5c453318:   8d 4e 08 48 8b c3 ff 15 a4 33 04 00 84 c0 74 9c
0x00007ffd5c453328:   eb 24 4c 8d 79 48 ff 15 c4 2e 04 00 41 39 07 74
0x00007ffd5c453338:   15 48 8d 4e 08 48 8b 01 48 8b 40 08 ff 15 7e 33
0x00007ffd5c453348:   04 00 84 c0 74 48 8b 4e 4c 33 db bf 02 01 00 00
0x00007ffd5c453358:   8d 41 01 89 46 4c 83 f8 01 7e 0f f7 06 00 01 00
0x00007ffd5c453368:   00 75 10 89 4e 4c 8b df eb 09 ff 15 80 2e 04 00
0x00007ffd5c453378:   41 89 07 85 db 0f 84 e3 fe ff ff 3b df 74 0a b8
0x00007ffd5c453388:   04 00 00 00 e9 d7 fe ff ff 4d 85 f6 74 20 49 83
0x00007ffd5c453398:   3e 00 75 10 41 8b 46 08 f7 d8 1b c0 83 c0 03 e9 


Stack slot to memory mapping:
stack at sp + 0 slots: 0x0000000000000002 is an unknown value
stack at sp + 1 slots: 0x0 is NULL
stack at sp + 2 slots: 0x0 is NULL
stack at sp + 3 slots: 0x0 is NULL
stack at sp + 4 slots: 0x0 is NULL
stack at sp + 5 slots: 0x0 is NULL
stack at sp + 6 slots: 0x0000b2f828643094 is an unknown value
stack at sp + 7 slots: 0x0000026cc84b55c0 points into unknown readable memory: 0x73726573555c3a43 | 43 3a 5c 55 73 65 72 73


Compiled method (n/a)   12250 3824     n 0       jdk.internal.reflect.NativeMethodAccessorImpl::invoke0 (native)
 total in heap  [0x0000026cf7d41910,0x0000026cf7d41db0] = 1184
 relocation     [0x0000026cf7d41a68,0x0000026cf7d41aa0] = 56
 main code      [0x0000026cf7d41aa0,0x0000026cf7d41db0] = 784

[Constant Pool (empty)]

[MachCode]
[Entry Point]
  # {method} {0x0000026c871c4290} 'invoke0' '(Ljava/lang/reflect/Method;Ljava/lang/Object;[Ljava/lang/Object;)Ljava/lang/Object;' in 'jdk/internal/reflect/NativeMethodAccessorImpl'
  # parm0:    rdx:rdx   = 'java/lang/reflect/Method'
  # parm1:    r8:r8     = 'java/lang/Object'
  # parm2:    r9:r9     = '[Ljava/lang/Object;'
  #           [sp+0x80]  (sp of caller)
  0x0000026cf7d41aa0: 448b 5208 | 49bb 0000 | 0087 6c02 | 0000 4d03 | d349 3bc2 | 0f84 0600 

  0x0000026cf7d41ab8: ;   {runtime_call ic_miss_stub}
  0x0000026cf7d41ab8: 0000 e9c1 | af58 ff90 
[Verified Entry Point]
  0x0000026cf7d41ac0: 8984 2400 | 90ff ff55 | 488b ec48 | 83ec 704c | 894c 2438 | 4983 f900 | 488d 4424 | 3848 0f44 
  0x0000026cf7d41ae0: 4424 3848 | 8944 2420 | 4c89 4424 | 3049 83f8 | 004c 8d4c | 2430 4c0f | 444c 2430 | 4889 5424 
  0x0000026cf7d41b00: 2848 83fa | 004c 8d44 | 2428 4c0f | 4444 2428 

  0x0000026cf7d41b10: ;   {oop(a 'java/lang/Class'{0x000000070971c300} = 'jdk/internal/reflect/NativeMethodAccessorImpl')}
  0x0000026cf7d41b10: 49be 00c3 | 7109 0700 | 0000 4c89 | 7424 584c | 8d74 2458 | 498b d6c5 

  0x0000026cf7d41b28: ;   {internal_word}
  0x0000026cf7d41b28: f877 49ba | 271b d4f7 | 6c02 0000 | 4d89 9798 | 0200 0049 | 89a7 9002 

  0x0000026cf7d41b40: ;   {external_word}
  0x0000026cf7d41b40: 0000 49ba | e380 a7d5 | fc7f 0000 | 4180 3a00 | 0f84 5200 | 0000 5241 

  0x0000026cf7d41b58: ;   {metadata({method} {0x0000026c871c4290} 'invoke0' '(Ljava/lang/reflect/Method;Ljava/lang/Object;[Ljava/lang/Object;)Ljava/lang/Object;' in 'jdk/internal/reflect/NativeMethodAccessorImpl')}
  0x0000026cf7d41b58: 5041 5148 | ba88 421c | 876c 0200 | 0049 8bcf | 4883 ec20 | f7c4 0f00 | 0000 0f84 | 1a00 0000 
  0x0000026cf7d41b78: 4883 ec08 

  0x0000026cf7d41b7c: ;   {runtime_call}
  0x0000026cf7d41b7c: 49ba 00d6 | 64d5 fc7f | 0000 41ff | d248 83c4 | 08e9 0d00 

  0x0000026cf7d41b90: ;   {runtime_call}
  0x0000026cf7d41b90: 0000 49ba | 00d6 64d5 | fc7f 0000 | 41ff d248 | 83c4 2041 | 5941 585a | 498d 8fb0 | 0200 0041 
  0x0000026cf7d41bb0: c787 4003 | 0000 0400 

  0x0000026cf7d41bb8: ;   {runtime_call}
  0x0000026cf7d41bb8: 0000 49ba | a43e 385c | fd7f 0000 | 41ff d2c5 | f877 41c7 | 8740 0300 | 0005 0000 | 00f0 8344 
  0x0000026cf7d41bd8: 24c0 0049 | 3baf 4803 | 0000 0f87 | 1100 0000 | 4181 bf30 | 0300 0000 | 0000 000f | 842c 0000 
  0x0000026cf7d41bf8: 00c5 f877 | 4889 45f8 | 498b cf4c | 8be4 4883 | ec20 4883 

  0x0000026cf7d41c0c: ;   {runtime_call}
  0x0000026cf7d41c0c: e4f0 49ba | 408d 6fd5 | fc7f 0000 | 41ff d249 | 8be4 4d33 | e448 8b45 | f841 c787 | 4003 0000 
  0x0000026cf7d41c2c: 0800 0000 | 4181 bfb0 | 0300 0002 | 0000 000f | 843f 0100 

  0x0000026cf7d41c40: ;   {external_word}
  0x0000026cf7d41c40: 0049 bae3 | 80a7 d5fc | 7f00 0041 | 803a 000f | 8450 0000 | 0048 8945 

  0x0000026cf7d41c58: ;   {metadata({method} {0x0000026c871c4290} 'invoke0' '(Ljava/lang/reflect/Method;Ljava/lang/Object;[Ljava/lang/Object;)Ljava/lang/Object;' in 'jdk/internal/reflect/NativeMethodAccessorImpl')}
  0x0000026cf7d41c58: f848 ba88 | 421c 876c | 0200 0049 | 8bcf 4883 | ec20 f7c4 | 0f00 0000 | 0f84 1a00 | 0000 4883 
  0x0000026cf7d41c78: ;   {runtime_call}
  0x0000026cf7d41c78: ec08 49ba | 00d6 64d5 | fc7f 0000 | 41ff d248 | 83c4 08e9 | 0d00 0000 

  0x0000026cf7d41c90: ;   {runtime_call}
  0x0000026cf7d41c90: 49ba 00d6 | 64d5 fc7f | 0000 41ff | d248 83c4 | 2048 8b45 | f849 c787 | 9002 0000 | 0000 0000 
  0x0000026cf7d41cb0: 49c7 8798 | 0200 0000 | 0000 00c5 | f877 4885 | c00f 8493 | 0000 0048 | f7c0 0100 | 0000 0f84 
  0x0000026cf7d41cd0: 8300 0000 | 488b 40ff | 4180 7f38 | 000f 846f | 0000 0048 | 83f8 000f | 8465 0000 | 0049 8b4f 
  0x0000026cf7d41cf0: 2048 83f9 | 000f 8414 | 0000 0048 | 83e9 0849 | 894f 2049 | 034f 3048 | 8901 e943 | 0000 0050 
  0x0000026cf7d41d10: 498b d748 | 8bc8 4883 | ec20 f7c4 | 0f00 0000 | 0f84 1a00 | 0000 4883 

  0x0000026cf7d41d28: ;   {runtime_call}
  0x0000026cf7d41d28: ec08 49ba | 3009 24d5 | fc7f 0000 | 41ff d248 | 83c4 08e9 | 0d00 0000 

  0x0000026cf7d41d40: ;   {runtime_call}
  0x0000026cf7d41d40: 49ba 3009 | 24d5 fc7f | 0000 41ff | d248 83c4 | 2058 e903 | 0000 0048 | 8b00 498b | 8fd8 0000 
  0x0000026cf7d41d60: 00c7 8100 | 0100 0000 | 0000 00c9 | 4981 7f08 | 0000 0000 | 0f85 0100 

  0x0000026cf7d41d78: ;   {runtime_call StubRoutines (1)}
  0x0000026cf7d41d78: 0000 c3e9 | 80f1 53ff | c5f8 7748 | 8945 f84c | 8be4 4883 | ec20 4883 

  0x0000026cf7d41d90: ;   {runtime_call}
  0x0000026cf7d41d90: e4f0 49ba | a006 65d5 | fc7f 0000 | 41ff d249 | 8be4 4d33 | e448 8b45 | f8e9 93fe | ffff f4f4 
[/MachCode]


Compiled method (c1)   12268 3823   !   1       jdk.internal.reflect.NativeMethodAccessorImpl::invoke (137 bytes)
 total in heap  [0x0000026cf7d41e10,0x0000026cf7d42850] = 2624
 relocation     [0x0000026cf7d41f68,0x0000026cf7d41ff0] = 136
 main code      [0x0000026cf7d42000,0x0000026cf7d42460] = 1120
 stub code      [0x0000026cf7d42460,0x0000026cf7d424e8] = 136
 metadata       [0x0000026cf7d424e8,0x0000026cf7d42508] = 32
 scopes data    [0x0000026cf7d42508,0x0000026cf7d425c8] = 192
 scopes pcs     [0x0000026cf7d425c8,0x0000026cf7d426e8] = 288
 dependencies   [0x0000026cf7d426e8,0x0000026cf7d426f0] = 8
 handler table  [0x0000026cf7d426f0,0x0000026cf7d42810] = 288
 nul chk table  [0x0000026cf7d42810,0x0000026cf7d42850] = 64

[Constant Pool (empty)]

[MachCode]
[Entry Point]
  # {method} {0x0000026c871c3d68} 'invoke' '(Ljava/lang/Object;[Ljava/lang/Object;)Ljava/lang/Object;' in 'jdk/internal/reflect/NativeMethodAccessorImpl'
  # this:     rdx:rdx   = 'jdk/internal/reflect/NativeMethodAccessorImpl'
  # parm0:    r8:r8     = 'java/lang/Object'
  # parm1:    r9:r9     = '[Ljava/lang/Object;'
  #           [sp+0xd0]  (sp of caller)
  0x0000026cf7d42000: 448b 5208 | 49bb 0000 | 0087 6c02 | 0000 4d03 | d34c 3bd0 

  0x0000026cf7d42014: ;   {runtime_call ic_miss_stub}
  0x0000026cf7d42014: 0f85 66aa | 58ff 660f | 1f44 0000 
[Verified Entry Point]
  0x0000026cf7d42020: 8984 2400 | 90ff ff55 | 4881 ecc0 | 0000 0048 | 8954 2470 | 8b72 0cff | c689 720c 

  0x0000026cf7d4203c: ;   {oop(a 'java/lang/Class'{0x000000070975e430} = 'jdk/internal/reflect/ReflectionFactory')}
  0x0000026cf7d4203c: 48bf 30e4 | 7509 0700 | 0000 8b7f | 783b f70f | 8f08 0000 | 0048 8bf2 | e9e2 0200 | 004c 898c 
  0x0000026cf7d4205c: 2480 0000 | 004c 8944 | 2478 8b72 | 1448 c1e6 | 038b 7624 | 48c1 e603 

  0x0000026cf7d42074: ; implicit exception: dispatches to 0x0000026cf7d4239a
  0x0000026cf7d42074: 483b 0648 | 8bd6 0f1f 

  0x0000026cf7d4207c: ;   {optimized virtual_call}
  0x0000026cf7d4207c: 4400 00e8 

  0x0000026cf7d42080: ; ImmutableOopMap {[112]=Oop [128]=Oop [120]=Oop }
                      ;*invokevirtual isHidden {reexecute=0 rethrow=0 return_oop=0}
                      ; - jdk.internal.reflect.NativeMethodAccessorImpl::invoke@24 (line 57)
  0x0000026cf7d42080: 3c6d a4ff | 83f8 000f | 8417 0000 | 004c 8b8c | 2480 0000 | 004c 8b44 | 2478 488b | 7424 70e9 
  0x0000026cf7d420a0: 9702 0000 | 488b 5424 | 708b 4210 | 83f8 000f | 8415 0000 | 004c 8b8c | 2480 0000 | 004c 8b44 
  0x0000026cf7d420c0: 2478 488b | f2e9 7102 | 0000 488d | 7210 b800 | 0000 00bf | 0100 0000 | f00f b13e | be01 0000 
  0x0000026cf7d420e0: 000f 8405 | 0000 00be | 0000 0000 | 83fe 000f | 8515 0000 | 004c 8b8c | 2480 0000 | 004c 8b44 
  0x0000026cf7d42100: 2478 488b | f2e9 3102 | 0000 488b 

  0x0000026cf7d4210c: ;   {metadata('jdk/internal/reflect/MethodAccessorGenerator')}
  0x0000026cf7d4210c: da48 ba68 | 360f 886c | 0200 0049 | 8b87 0801 | 0000 488d | b890 0000 | 0049 3bbf | 1801 0000 
  0x0000026cf7d4212c: 0f87 6d02 | 0000 4989 | bf08 0100 | 0048 c700 | 0100 0000 | 488b ca49 | ba00 0000 | 876c 0200 
  0x0000026cf7d4214c: 0049 2bca | 8948 0848 | 33c9 8948 | 0c48 33c9 | 48bf 1000 | 0000 0000 | 0000 4889 | 4cf8 0848 
  0x0000026cf7d4216c: ffcf 75f6 | ba1e 0000 | 0066 8950 | 6aba 4900 | 0000 6689 | 506c 8b53 | 1448 c1e2 | 038b 7224 
  0x0000026cf7d4218c: 48c1 e603 | 8b7a 2848 | c1e7 038b | 5230 48c1 | e203 4889 | 8424 9800 | 0000 4889 | bc24 9000 
  0x0000026cf7d421ac: 0000 4889 | b424 8800 | 0000 0f1f | 8000 0000 | 0048 b878 | 1c00 876c 

  0x0000026cf7d421c4: ;   {virtual_call}
  0x0000026cf7d421c4: 0200 00e8 

  0x0000026cf7d421c8: ; ImmutableOopMap {[128]=Oop [120]=Oop [152]=Oop [112]=Oop [144]=Oop [136]=Oop }
                      ;*invokevirtual clone {reexecute=0 rethrow=0 return_oop=0}
                      ; - java.lang.reflect.Method::getParameterTypes@4 (line 314)
                      ; - jdk.internal.reflect.NativeMethodAccessorImpl::invoke@77 (line 65)
  0x0000026cf7d421c8: d42b 9cff | 4883 f800 | 0f84 2900 

  0x0000026cf7d421d4: ;   {metadata('java/lang/Class'[])}
  0x0000026cf7d421d4: 0000 48bb | 781c 0087 | 6c02 0000 | 8b78 0849 | ba00 0000 | 876c 0200 | 0049 03fa | 483b 5f40 
  0x0000026cf7d421f4: 0f85 b701 | 0000 e900 | 0000 0048 | 8bf0 488b | 5424 708b | 7a14 48c1 | e703 8b5f | 2c48 c1e3 
  0x0000026cf7d42214: 038b 7f34 | 48c1 e703 | 488b d748 | 899c 24a8 | 0000 0048 | 89b4 24a0 | 0000 0066 | 0f1f 4400 
  0x0000026cf7d42234: 0048 b878 | 1c00 876c 

  0x0000026cf7d4223c: ;   {virtual_call}
  0x0000026cf7d4223c: 0200 00e8 

  0x0000026cf7d42240: ; ImmutableOopMap {[128]=Oop [120]=Oop [152]=Oop [144]=Oop [136]=Oop [112]=Oop [168]=Oop [160]=Oop }
                      ;*invokevirtual clone {reexecute=0 rethrow=0 return_oop=0}
                      ; - java.lang.reflect.Method::getExceptionTypes@4 (line 341)
                      ; - jdk.internal.reflect.NativeMethodAccessorImpl::invoke@91 (line 67)
  0x0000026cf7d42240: 5c2b 9cff | 4883 f800 | 0f84 2a00 

  0x0000026cf7d4224c: ;   {metadata('java/lang/Class'[])}
  0x0000026cf7d4224c: 0000 48bf | 781c 0087 | 6c02 0000 | 448b 4808 | 49ba 0000 | 0087 6c02 | 0000 4d03 | ca49 3b79 
  0x0000026cf7d4226c: 400f 854c | 0100 00e9 | 0000 0000 | 488b c848 | 8b54 2470 | 448b 4214 | 49c1 e003 

  0x0000026cf7d42288: ; implicit exception: dispatches to 0x0000026cf7d423c8
  0x0000026cf7d42288: 418b 5820 | 4c8b 8424 | 8800 0000 | 4c8b 8c24 | 9000 0000 | 488b bc24 | a000 0000 | 488b b424 
  0x0000026cf7d422a8: a800 0000 | 891c 2448 | 8b94 2498 

  0x0000026cf7d422b4: ;   {optimized virtual_call}
  0x0000026cf7d422b4: 0000 00e8 

  0x0000026cf7d422b8: ; ImmutableOopMap {[128]=Oop [120]=Oop [112]=Oop }
                      ;*invokevirtual generateMethod {reexecute=0 rethrow=0 return_oop=0}
                      ; - jdk.internal.reflect.NativeMethodAccessorImpl::invoke@101 (line 63)
  0x0000026cf7d422b8: d901 0000 | 4883 f800 | 0f84 2a00 

  0x0000026cf7d422c4: ;   {metadata('jdk/internal/reflect/MethodAccessorImpl')}
  0x0000026cf7d422c4: 0000 48be | d0ae 0087 | 6c02 0000 | 448b 4808 | 49ba 0000 | 0087 6c02 | 0000 4d03 | ca49 3b71 
  0x0000026cf7d422e4: 400f 85e2 | 0000 00e9 | 0000 0000 | 488b d048 | 8b74 2470 | 448b 4618 | 49c1 e003 | 450f be4f 
  0x0000026cf7d42304: 3841 83f9 | 000f 85c7 | 0000 004c | 8bd2 49c1 | ea03 4589 | 500c 4d8b | c84c 33ca | 49c1 e915 
  0x0000026cf7d42324: 4983 f900 | 0f85 cd00 | 0000 4c8b | 8c24 8000 | 0000 4c8b | 4424 788b | 5614 48c1 | e203 0f1f 
  0x0000026cf7d42344: ;   {static_call}
  0x0000026cf7d42344: 4400 00e8 

  0x0000026cf7d42348: ; ImmutableOopMap {}
                      ;*invokestatic invoke0 {reexecute=0 rethrow=0 return_oop=0}
                      ; - jdk.internal.reflect.NativeMethodAccessorImpl::invoke@133 (line 77)
  0x0000026cf7d42348: 74f7 ffff | 4881 c4c0 | 0000 005d 

  0x0000026cf7d42354: ;   {poll_return}
  0x0000026cf7d42354: 493b a748 | 0300 000f | 87b2 0000 | 00c3 488b | 7424 7049 | 8b87 d803 | 0000 4d33 | d24d 8997 
  0x0000026cf7d42374: d803 0000 | 4d33 d24d | 8997 e003 | 0000 bf00 | 0000 0089 | 7e10 f083 | 4424 c000 | e9b8 0000 
  0x0000026cf7d42394: ;   {runtime_call throw_null_pointer_exception Runtime1 stub}
  0x0000026cf7d42394: 00e8 8633 

  0x0000026cf7d42398: ; ImmutableOopMap {rdx=Oop [112]=Oop [128]=Oop [120]=Oop }
                      ;*invokevirtual getDeclaringClass {reexecute=0 rethrow=0 return_oop=0}
                      ; - jdk.internal.reflect.NativeMethodAccessorImpl::invoke@21 (line 57)
                      ;   {runtime_call throw_null_pointer_exception Runtime1 stub}
  0x0000026cf7d42398: 63ff e881 

  0x0000026cf7d4239c: ; ImmutableOopMap {rdx=Oop [112]=Oop [128]=Oop [120]=Oop rsi=Oop }
                      ;*invokevirtual isHidden {reexecute=0 rethrow=0 return_oop=0}
                      ; - jdk.internal.reflect.NativeMethodAccessorImpl::invoke@24 (line 57)
  0x0000026cf7d4239c: 3363 ff48 

  0x0000026cf7d423a0: ;   {runtime_call fast_new_instance Runtime1 stub}
  0x0000026cf7d423a0: 8bd2 e859 

  0x0000026cf7d423a4: ; ImmutableOopMap {[128]=Oop [120]=Oop rbx=Oop [112]=Oop }
                      ;*new {reexecute=0 rethrow=0 return_oop=0}
                      ; - jdk.internal.reflect.NativeMethodAccessorImpl::invoke@52 (line 61)
  0x0000026cf7d423a4: 3c63 ffe9 | c4fd ffff 

  0x0000026cf7d423ac: ;   {runtime_call throw_null_pointer_exception Runtime1 stub}
  0x0000026cf7d423ac: e86f 3363 

  0x0000026cf7d423b0: ; ImmutableOopMap {[128]=Oop [120]=Oop rbx=Oop [112]=Oop rax=Oop rdx=Oop }
                      ;*invokevirtual getDeclaringClass {reexecute=0 rethrow=0 return_oop=0}
                      ; - jdk.internal.reflect.NativeMethodAccessorImpl::invoke@63 (line 63)
  0x0000026cf7d423b0: ff48 8904 

  0x0000026cf7d423b4: ;   {runtime_call throw_class_cast_exception Runtime1 stub}
  0x0000026cf7d423b4: 24e8 6657 

  0x0000026cf7d423b8: ; ImmutableOopMap {[128]=Oop [120]=Oop [152]=Oop [112]=Oop [144]=Oop [136]=Oop }
                      ;*checkcast {reexecute=0 rethrow=0 return_oop=0}
                      ; - java.lang.reflect.Method::getParameterTypes@7 (line 314)
                      ; - jdk.internal.reflect.NativeMethodAccessorImpl::invoke@77 (line 65)
                      ;   {runtime_call throw_null_pointer_exception Runtime1 stub}
  0x0000026cf7d423b8: 63ff e861 

  0x0000026cf7d423bc: ; ImmutableOopMap {[128]=Oop [120]=Oop [152]=Oop [144]=Oop [136]=Oop rsi=Oop rdx=Oop [112]=Oop rdi=Oop }
                      ;*invokevirtual getReturnType {reexecute=0 rethrow=0 return_oop=0}
                      ; - jdk.internal.reflect.NativeMethodAccessorImpl::invoke@84 (line 66)
  0x0000026cf7d423bc: 3363 ff48 

  0x0000026cf7d423c0: ;   {runtime_call throw_class_cast_exception Runtime1 stub}
  0x0000026cf7d423c0: 8904 24e8 

  0x0000026cf7d423c4: ; ImmutableOopMap {[128]=Oop [120]=Oop [152]=Oop [144]=Oop [136]=Oop [112]=Oop [168]=Oop [160]=Oop }
                      ;*checkcast {reexecute=0 rethrow=0 return_oop=0}
                      ; - java.lang.reflect.Method::getExceptionTypes@7 (line 341)
                      ; - jdk.internal.reflect.NativeMethodAccessorImpl::invoke@91 (line 67)
  0x0000026cf7d423c4: 5857 63ff 

  0x0000026cf7d423c8: ;   {runtime_call throw_null_pointer_exception Runtime1 stub}
  0x0000026cf7d423c8: e853 3363 

  0x0000026cf7d423cc: ; ImmutableOopMap {[128]=Oop [120]=Oop [152]=Oop [144]=Oop [136]=Oop [168]=Oop [160]=Oop rcx=Oop rdx=Oop [112]=Oop }
                      ;*invokevirtual getModifiers {reexecute=0 rethrow=0 return_oop=0}
                      ; - jdk.internal.reflect.NativeMethodAccessorImpl::invoke@98 (line 68)
  0x0000026cf7d423cc: ff48 8904 

  0x0000026cf7d423d0: ;   {runtime_call throw_class_cast_exception Runtime1 stub}
  0x0000026cf7d423d0: 24e8 4a57 

  0x0000026cf7d423d4: ; ImmutableOopMap {[128]=Oop [120]=Oop [112]=Oop }
                      ;*checkcast {reexecute=0 rethrow=0 return_oop=0}
                      ; - jdk.internal.reflect.NativeMethodAccessorImpl::invoke@104 (line 63)
  0x0000026cf7d423d4: 63ff 458b | 480c 49c1 | e103 4983 | f900 0f84 | 27ff ffff | 4c89 0c24 

  0x0000026cf7d423ec: ;   {runtime_call g1_pre_barrier_slow}
  0x0000026cf7d423ec: e80f 8a63 | ffe9 19ff 

  0x0000026cf7d423f4: ;   {runtime_call throw_null_pointer_exception Runtime1 stub}
  0x0000026cf7d423f4: ffff e825 

  0x0000026cf7d423f8: ; ImmutableOopMap {[128]=Oop [120]=Oop rdx=Oop rsi=Oop [112]=Oop r8=Oop }
                      ;*invokevirtual setDelegate {reexecute=0 rethrow=0 return_oop=0}
                      ; - jdk.internal.reflect.NativeMethodAccessorImpl::invoke@113 (line 69)
  0x0000026cf7d423f8: 3363 ff48 | 83fa 000f | 8429 ffff | ff4c 8904 

  0x0000026cf7d42408: ;   {runtime_call g1_post_barrier_slow}
  0x0000026cf7d42408: 24e8 f28c | 63ff e91b 

  0x0000026cf7d42410: ;   {internal_word}
  0x0000026cf7d42410: ffff ff49 | ba54 23d4 | f76c 0200 | 004d 8997 | 6003 0000 

  0x0000026cf7d42424: ;   {runtime_call SafepointBlob}
  0x0000026cf7d42424: e9d7 0f59 

  0x0000026cf7d42428: ;   {runtime_call throw_null_pointer_exception Runtime1 stub}
  0x0000026cf7d42428: ffe8 f232 

  0x0000026cf7d4242c: ; ImmutableOopMap {[128]=Oop [120]=Oop rdx=Oop rsi=Oop [112]=Oop r8=Oop }
                      ;*invokevirtual setDelegate {reexecute=0 rethrow=0 return_oop=0}
                      ; - jdk.internal.reflect.NativeMethodAccessorImpl::invoke@113 (line 69)
  0x0000026cf7d4242c: 63ff 9090 | 498b 87d8 | 0300 0049 | c787 d803 | 0000 0000 | 0000 49c7 | 87e0 0300 | 0000 0000 
  0x0000026cf7d4244c: 0048 81c4 | c000 0000 

  0x0000026cf7d42454: ;   {runtime_call unwind_exception Runtime1 stub}
  0x0000026cf7d42454: 5de9 a623 | 63ff f4f4 | f4f4 f4f4 
[Stub Code]
  0x0000026cf7d42460: ;   {no_reloc}
  0x0000026cf7d42460: 0f1f 4400 

  0x0000026cf7d42464: ;   {static_stub}
  0x0000026cf7d42464: 0048 bb00 | 0000 0000 

  0x0000026cf7d4246c: ;   {runtime_call}
  0x0000026cf7d4246c: 0000 00e9 | fbff ffff 

  0x0000026cf7d42474: ;   {static_stub}
  0x0000026cf7d42474: 9048 bb00 | 0000 0000 

  0x0000026cf7d4247c: ;   {runtime_call}
  0x0000026cf7d4247c: 0000 00e9 | fbff ffff 

  0x0000026cf7d42484: ;   {static_stub}
  0x0000026cf7d42484: 9048 bb00 | 0000 0000 

  0x0000026cf7d4248c: ;   {runtime_call}
  0x0000026cf7d4248c: 0000 00e9 | fbff ffff 

  0x0000026cf7d42494: ;   {static_stub}
  0x0000026cf7d42494: 9048 bb48 | 6623 c96c 

  0x0000026cf7d4249c: ;   {runtime_call I2C/C2I adapters}
  0x0000026cf7d4249c: 0200 00e9 | 5607 95ff 

  0x0000026cf7d424a4: ;   {static_stub}
  0x0000026cf7d424a4: 9048 bb00 | 0000 0000 

  0x0000026cf7d424ac: ;   {runtime_call}
  0x0000026cf7d424ac: 0000 00e9 | fbff ffff 
[Exception Handler]
  0x0000026cf7d424b4: ;   {runtime_call handle_exception_from_callee Runtime1 stub}
  0x0000026cf7d424b4: e847 5063 

  0x0000026cf7d424b8: ;   {external_word}
  0x0000026cf7d424b8: ff48 b9a0 | e083 d5fc | 7f00 0048 

  0x0000026cf7d424c4: ;   {runtime_call}
  0x0000026cf7d424c4: 83e4 f049 | bae0 da51 | d5fc 7f00 | 0041 ffd2 

  0x0000026cf7d424d4: ;   {section_word}
  0x0000026cf7d424d4: f449 bad5 | 24d4 f76c | 0200 0041 

  0x0000026cf7d424e0: ;   {runtime_call DeoptimizationBlob}
  0x0000026cf7d424e0: 52e9 ba01 | 59ff f4f4 
[/MachCode]


Compiled method (c1)   12297 3812       1       jdk.internal.reflect.DelegatingMethodAccessorImpl::invoke (10 bytes)
 total in heap  [0x0000026cf7d3f010,0x0000026cf7d3f2d8] = 712
 relocation     [0x0000026cf7d3f168,0x0000026cf7d3f1a0] = 56
 main code      [0x0000026cf7d3f1a0,0x0000026cf7d3f240] = 160
 stub code      [0x0000026cf7d3f240,0x0000026cf7d3f288] = 72
 metadata       [0x0000026cf7d3f288,0x0000026cf7d3f290] = 8
 scopes data    [0x0000026cf7d3f290,0x0000026cf7d3f2a0] = 16
 scopes pcs     [0x0000026cf7d3f2a0,0x0000026cf7d3f2d0] = 48
 dependencies   [0x0000026cf7d3f2d0,0x0000026cf7d3f2d8] = 8

[Constant Pool (empty)]

[MachCode]
[Entry Point]
  # {method} {0x0000026c8735fb00} 'invoke' '(Ljava/lang/Object;[Ljava/lang/Object;)Ljava/lang/Object;' in 'jdk/internal/reflect/DelegatingMethodAccessorImpl'
  # this:     rdx:rdx   = 'jdk/internal/reflect/DelegatingMethodAccessorImpl'
  # parm0:    r8:r8     = 'java/lang/Object'
  # parm1:    r9:r9     = '[Ljava/lang/Object;'
  #           [sp+0x40]  (sp of caller)
  0x0000026cf7d3f1a0: 448b 5208 | 49bb 0000 | 0087 6c02 | 0000 4d03 | d34c 3bd0 

  0x0000026cf7d3f1b4: ;   {runtime_call ic_miss_stub}
  0x0000026cf7d3f1b4: 0f85 c6d8 | 58ff 660f | 1f44 0000 
[Verified Entry Point]
  0x0000026cf7d3f1c0: 8984 2400 | 90ff ff55 | 4883 ec30 | 8b52 0c48 | c1e2 0366 | 9048 b8ff | ffff ffff 

  0x0000026cf7d3f1dc: ;   {virtual_call}
  0x0000026cf7d3f1dc: ffff ffe8 

  0x0000026cf7d3f1e0: ; ImmutableOopMap {}
                      ;*invokevirtual invoke {reexecute=0 rethrow=0 return_oop=0}
                      ; - jdk.internal.reflect.DelegatingMethodAccessorImpl::invoke@6 (line 43)
  0x0000026cf7d3f1e0: dccd 63ff | 4883 c430 

  0x0000026cf7d3f1e8: ;   {poll_return}
  0x0000026cf7d3f1e8: 5d49 3ba7 | 4803 0000 | 0f87 0100 

  0x0000026cf7d3f1f4: ;   {internal_word}
  0x0000026cf7d3f1f4: 0000 c349 | bae9 f1d3 | f76c 0200 | 004d 8997 | 6003 0000 

  0x0000026cf7d3f208: ;   {runtime_call SafepointBlob}
  0x0000026cf7d3f208: e9f3 4159 | ff90 9049 | 8b87 d803 | 0000 49c7 | 87d8 0300 | 0000 0000 | 0049 c787 | e003 0000 
  0x0000026cf7d3f228: 0000 0000 | 4883 c430 

  0x0000026cf7d3f230: ;   {runtime_call unwind_exception Runtime1 stub}
  0x0000026cf7d3f230: 5de9 ca55 | 63ff f4f4 | f4f4 f4f4 | f4f4 f4f4 
[Stub Code]
  0x0000026cf7d3f240: ;   {no_reloc}
  0x0000026cf7d3f240: 0f1f 4400 

  0x0000026cf7d3f244: ;   {static_stub}
  0x0000026cf7d3f244: 0048 bb00 | 0000 0000 

  0x0000026cf7d3f24c: ;   {runtime_call}
  0x0000026cf7d3f24c: 0000 00e9 | fbff ffff 
[Exception Handler]
  0x0000026cf7d3f254: ;   {runtime_call handle_exception_from_callee Runtime1 stub}
  0x0000026cf7d3f254: e8a7 8263 

  0x0000026cf7d3f258: ;   {external_word}
  0x0000026cf7d3f258: ff48 b9a0 | e083 d5fc | 7f00 0048 

  0x0000026cf7d3f264: ;   {runtime_call}
  0x0000026cf7d3f264: 83e4 f049 | bae0 da51 | d5fc 7f00 | 0041 ffd2 

  0x0000026cf7d3f274: ;   {section_word}
  0x0000026cf7d3f274: f449 ba75 | f2d3 f76c | 0200 0041 

  0x0000026cf7d3f280: ;   {runtime_call DeoptimizationBlob}
  0x0000026cf7d3f280: 52e9 1a34 | 59ff f4f4 
[/MachCode]


---------------  P R O C E S S  ---------------

Threads class SMR info:
_java_thread_list=0x0000026cc84a6ee0, length=30, elements={
0x0000026c86057c10, 0x0000026c8605a5e0, 0x0000026c8607ab20, 0x0000026c8607b8f0,
0x0000026c8607c2b0, 0x0000026c8607cc70, 0x0000026c8607d6e0, 0x0000026c8607f0f0,
0x0000026cc813f4e0, 0x0000026cc81a3e90, 0x0000026cc81b53c0, 0x0000026ccd83f7f0,
0x0000026ccd823730, 0x0000026ccd824020, 0x0000026ccd9948d0, 0x0000026cce2d09b0,
0x0000026cce2d2810, 0x0000026cce2cfa80, 0x0000026cce2d13d0, 0x0000026cce2d04a0,
0x0000026cce2d1df0, 0x0000026cce2d18e0, 0x0000026cce2cff90, 0x0000026cce2cf060,
0x0000026cce2d2300, 0x0000026cce2d0ec0, 0x0000026cce50ee30, 0x0000026cce50c0a0,
0x0000026cce50cfd0, 0x0000026cc8144080
}

Java Threads: ( => current thread )
  0x0000026c86057c10 JavaThread "Reference Handler" daemon [_thread_blocked, id=32612, stack(0x0000008813a00000,0x0000008813b00000)]
  0x0000026c8605a5e0 JavaThread "Finalizer" daemon [_thread_blocked, id=32616, stack(0x0000008813b00000,0x0000008813c00000)]
  0x0000026c8607ab20 JavaThread "Signal Dispatcher" daemon [_thread_blocked, id=32620, stack(0x0000008813c00000,0x0000008813d00000)]
  0x0000026c8607b8f0 JavaThread "Attach Listener" daemon [_thread_blocked, id=32624, stack(0x0000008813d00000,0x0000008813e00000)]
  0x0000026c8607c2b0 JavaThread "Service Thread" daemon [_thread_blocked, id=32628, stack(0x0000008813e00000,0x0000008813f00000)]
  0x0000026c8607cc70 JavaThread "Monitor Deflation Thread" daemon [_thread_blocked, id=32632, stack(0x0000008813f00000,0x0000008814000000)]
  0x0000026c8607d6e0 JavaThread "C1 CompilerThread0" daemon [_thread_blocked, id=32636, stack(0x0000008814000000,0x0000008814100000)]
  0x0000026c8607f0f0 JavaThread "Sweeper thread" daemon [_thread_blocked, id=32640, stack(0x0000008814100000,0x0000008814200000)]
  0x0000026cc813f4e0 JavaThread "C1 CompilerThread1" daemon [_thread_blocked, id=32720, stack(0x0000008814200000,0x0000008814300000)]
  0x0000026cc81a3e90 JavaThread "Notification Thread" daemon [_thread_blocked, id=32740, stack(0x0000008814700000,0x0000008814800000)]
  0x0000026cc81b53c0 JavaThread "Common-Cleaner" daemon [_thread_blocked, id=32748, stack(0x0000008814900000,0x0000008814a00000)]
  0x0000026ccd83f7f0 JavaThread "Catalina-utility-1" [_thread_blocked, id=32284, stack(0x0000008815a00000,0x0000008815b00000)]
  0x0000026ccd823730 JavaThread "Catalina-utility-2" [_thread_blocked, id=32196, stack(0x0000008815b00000,0x0000008815c00000)]
  0x0000026ccd824020 JavaThread "container-0" [_thread_blocked, id=32180, stack(0x0000008815c00000,0x0000008815d00000)]
  0x0000026ccd9948d0 JavaThread "HikariPool-1 housekeeper" daemon [_thread_blocked, id=32176, stack(0x0000008815d00000,0x0000008815e00000)]
  0x0000026cce2d09b0 JavaThread "java-sdk-http-connection-reaper" daemon [_thread_blocked, id=31996, stack(0x0000008815f00000,0x0000008816000000)]
  0x0000026cce2d2810 JavaThread "http-nio-8080-exec-1" daemon [_thread_blocked, id=416, stack(0x0000008816000000,0x0000008816100000)]
  0x0000026cce2cfa80 JavaThread "http-nio-8080-exec-2" daemon [_thread_blocked, id=26432, stack(0x0000008816100000,0x0000008816200000)]
  0x0000026cce2d13d0 JavaThread "http-nio-8080-exec-3" daemon [_thread_blocked, id=32440, stack(0x0000008816200000,0x0000008816300000)]
  0x0000026cce2d04a0 JavaThread "http-nio-8080-exec-4" daemon [_thread_blocked, id=32108, stack(0x0000008816300000,0x0000008816400000)]
  0x0000026cce2d1df0 JavaThread "http-nio-8080-exec-5" daemon [_thread_blocked, id=32112, stack(0x0000008816400000,0x0000008816500000)]
=>0x0000026cce2d18e0 JavaThread "http-nio-8080-exec-6" daemon [_thread_in_native, id=32116, stack(0x0000008816500000,0x0000008816600000)]
  0x0000026cce2cff90 JavaThread "http-nio-8080-exec-7" daemon [_thread_blocked, id=32124, stack(0x0000008816600000,0x0000008816700000)]
  0x0000026cce2cf060 JavaThread "http-nio-8080-exec-8" daemon [_thread_blocked, id=32128, stack(0x0000008816700000,0x0000008816800000)]
  0x0000026cce2d2300 JavaThread "http-nio-8080-exec-9" daemon [_thread_blocked, id=32132, stack(0x0000008816800000,0x0000008816900000)]
  0x0000026cce2d0ec0 JavaThread "http-nio-8080-exec-10" daemon [_thread_blocked, id=32136, stack(0x0000008816900000,0x0000008816a00000)]
  0x0000026cce50ee30 JavaThread "http-nio-8080-Poller" daemon [_thread_in_native, id=32120, stack(0x0000008816a00000,0x0000008816b00000)]
  0x0000026cce50c0a0 JavaThread "http-nio-8080-Acceptor" daemon [_thread_in_native, id=32104, stack(0x0000008816b00000,0x0000008816c00000)]
  0x0000026cce50cfd0 JavaThread "DestroyJavaVM" [_thread_blocked, id=32584, stack(0x0000008813300000,0x0000008813400000)]
  0x0000026cc8144080 JavaThread "C1 CompilerThread2" daemon [_thread_blocked, id=32420, stack(0x0000008814300000,0x0000008814400000)]

Other Threads:
  0x0000026c86054270 VMThread "VM Thread" [stack: 0x0000008813900000,0x0000008813a00000] [id=32608]
  0x0000026cc81af460 WatcherThread [stack: 0x0000008814800000,0x0000008814900000] [id=32744]
  0x0000026cefa4e010 GCTaskThread "GC Thread#0" [stack: 0x0000008813400000,0x0000008813500000] [id=32588]
  0x0000026cc890e400 GCTaskThread "GC Thread#1" [stack: 0x0000008814a00000,0x0000008814b00000] [id=32752]
  0x0000026cc8936040 GCTaskThread "GC Thread#2" [stack: 0x0000008814b00000,0x0000008814c00000] [id=32756]
  0x0000026cc8936300 GCTaskThread "GC Thread#3" [stack: 0x0000008814c00000,0x0000008814d00000] [id=32760]
  0x0000026cc89365c0 GCTaskThread "GC Thread#4" [stack: 0x0000008814d00000,0x0000008814e00000] [id=32764]
  0x0000026cc8aed590 GCTaskThread "GC Thread#5" [stack: 0x0000008814f00000,0x0000008815000000] [id=32160]
  0x0000026cc8aed850 GCTaskThread "GC Thread#6" [stack: 0x0000008815000000,0x0000008815100000] [id=32152]
  0x0000026ccd3a2220 GCTaskThread "GC Thread#7" [stack: 0x0000008814e00000,0x0000008814f00000] [id=32144]
  0x0000026ccd3a24e0 GCTaskThread "GC Thread#8" [stack: 0x0000008815300000,0x0000008815400000] [id=32192]
  0x0000026ccd3a27a0 GCTaskThread "GC Thread#9" [stack: 0x0000008815400000,0x0000008815500000] [id=32188]
  0x0000026ccd3a2a60 GCTaskThread "GC Thread#10" [stack: 0x0000008815500000,0x0000008815600000] [id=32184]
  0x0000026ccd3a3530 GCTaskThread "GC Thread#11" [stack: 0x0000008815600000,0x0000008815700000] [id=32200]
  0x0000026ccd3a3c00 GCTaskThread "GC Thread#12" [stack: 0x0000008815700000,0x0000008815800000] [id=32204]
  0x0000026cefa5f790 ConcurrentGCThread "G1 Main Marker" [stack: 0x0000008813500000,0x0000008813600000] [id=32592]
  0x0000026cefa63ad0 ConcurrentGCThread "G1 Conc#0" [stack: 0x0000008813600000,0x0000008813700000] [id=32596]
  0x0000026ccd654100 ConcurrentGCThread "G1 Conc#1" [stack: 0x0000008815800000,0x0000008815900000] [id=32272]
  0x0000026ccd654c00 ConcurrentGCThread "G1 Conc#2" [stack: 0x0000008815900000,0x0000008815a00000] [id=32276]
  0x0000026cefa9e770 ConcurrentGCThread "G1 Refine#0" [stack: 0x0000008813700000,0x0000008813800000] [id=32600]
  0x0000026c85f8cff0 ConcurrentGCThread "G1 Service" [stack: 0x0000008813800000,0x0000008813900000] [id=32604]

Threads with active compile tasks:

VM state: not at safepoint (normal execution)

VM Mutex/Monitor currently owned by a thread: None

Heap address: 0x0000000709400000, size: 3948 MB, Compressed Oops mode: Zero based, Oop shift amount: 3

CDS archive(s) mapped at: [0x0000026c87000000-0x0000026c87bd0000-0x0000026c87bd0000), size 12386304, SharedBaseAddress: 0x0000026c87000000, ArchiveRelocationMode: 1.
Compressed class space mapped at: 0x0000026c88000000-0x0000026cc8000000, reserved size: 1073741824
Narrow klass base: 0x0000026c87000000, Narrow klass shift: 0, Narrow klass range: 0x100000000

GC Precious Log:
 CPUs: 16 total, 16 available
 Memory: 15789M
 Large Page Support: Disabled
 NUMA Support: Disabled
 Compressed Oops: Enabled (Zero based)
 Heap Region Size: 2M
 Heap Min Capacity: 8M
 Heap Initial Capacity: 248M
 Heap Max Capacity: 3948M
 Pre-touch: Disabled
 Parallel Workers: 13
 Concurrent Workers: 3
 Concurrent Refinement Workers: 13
 Periodic GC: Disabled

Heap:
 garbage-first heap   total 116736K, used 46277K [0x0000000709400000, 0x0000000800000000)
  region size 2048K, 9 young (18432K), 1 survivors (2048K)
 Metaspace       used 65114K, committed 65664K, reserved 1114112K
  class space    used 8955K, committed 9216K, reserved 1048576K

Heap Regions: E=young(eden), S=young(survivor), O=old, HS=humongous(starts), HC=humongous(continues), CS=collection set, F=free, OA=open archive, CA=closed archive, TAMS=top-at-mark-start (previous, next)
|   0|0x0000000709400000, 0x0000000709600000, 0x0000000709600000|100%| O|  |TAMS 0x0000000709600000, 0x0000000709400000| Untracked 
|   1|0x0000000709600000, 0x0000000709800000, 0x0000000709800000|100%| O|  |TAMS 0x0000000709800000, 0x0000000709600000| Untracked 
|   2|0x0000000709800000, 0x0000000709a00000, 0x0000000709a00000|100%| O|  |TAMS 0x0000000709917c00, 0x0000000709800000| Untracked 
|   3|0x0000000709a00000, 0x0000000709bd5800, 0x0000000709c00000| 91%| O|  |TAMS 0x0000000709bd5800, 0x0000000709a00000| Untracked 
|   4|0x0000000709c00000, 0x0000000709e00000, 0x0000000709e00000|100%| O|  |TAMS 0x0000000709e00000, 0x0000000709c00000| Untracked 
|   5|0x0000000709e00000, 0x000000070a000000, 0x000000070a000000|100%| O|  |TAMS 0x000000070a000000, 0x0000000709e00000| Untracked 
|   6|0x000000070a000000, 0x000000070a200000, 0x000000070a200000|100%| O|  |TAMS 0x000000070a200000, 0x000000070a000000| Untracked 
|   7|0x000000070a200000, 0x000000070a400000, 0x000000070a400000|100%| O|  |TAMS 0x000000070a400000, 0x000000070a200000| Untracked 
|   8|0x000000070a400000, 0x000000070a600000, 0x000000070a600000|100%| O|  |TAMS 0x000000070a600000, 0x000000070a400000| Untracked 
|   9|0x000000070a600000, 0x000000070a800000, 0x000000070a800000|100%| O|  |TAMS 0x000000070a600000, 0x000000070a600000| Untracked 
|  10|0x000000070a800000, 0x000000070aa00000, 0x000000070aa00000|100%| O|  |TAMS 0x000000070a800000, 0x000000070a800000| Untracked 
|  11|0x000000070aa00000, 0x000000070ac00000, 0x000000070ac00000|100%| O|  |TAMS 0x000000070aa00000, 0x000000070aa00000| Untracked 
|  12|0x000000070ac00000, 0x000000070ae00000, 0x000000070ae00000|100%| O|  |TAMS 0x000000070ae00000, 0x000000070ac00000| Complete 
|  13|0x000000070ae00000, 0x000000070b000000, 0x000000070b000000|100%| O|  |TAMS 0x000000070ae00000, 0x000000070ae00000| Untracked 
|  14|0x000000070b000000, 0x000000070b1bce00, 0x000000070b200000| 86%| O|  |TAMS 0x000000070b000000, 0x000000070b000000| Untracked 
|  15|0x000000070b200000, 0x000000070b200000, 0x000000070b400000|  0%| F|  |TAMS 0x000000070b200000, 0x000000070b200000| Untracked 
|  16|0x000000070b400000, 0x000000070b400000, 0x000000070b600000|  0%| F|  |TAMS 0x000000070b400000, 0x000000070b400000| Untracked 
|  17|0x000000070b600000, 0x000000070b600000, 0x000000070b800000|  0%| F|  |TAMS 0x000000070b600000, 0x000000070b600000| Untracked 
|  18|0x000000070b800000, 0x000000070b800000, 0x000000070ba00000|  0%| F|  |TAMS 0x000000070b800000, 0x000000070b800000| Untracked 
|  19|0x000000070ba00000, 0x000000070ba00000, 0x000000070bc00000|  0%| F|  |TAMS 0x000000070ba00000, 0x000000070ba00000| Untracked 
|  20|0x000000070bc00000, 0x000000070bc00000, 0x000000070be00000|  0%| F|  |TAMS 0x000000070bc00000, 0x000000070bc00000| Untracked 
|  21|0x000000070be00000, 0x000000070be00000, 0x000000070c000000|  0%| F|  |TAMS 0x000000070be00000, 0x000000070be00000| Untracked 
|  22|0x000000070c000000, 0x000000070c000000, 0x000000070c200000|  0%| F|  |TAMS 0x000000070c000000, 0x000000070c000000| Untracked 
|  23|0x000000070c200000, 0x000000070c200000, 0x000000070c400000|  0%| F|  |TAMS 0x000000070c200000, 0x000000070c200000| Untracked 
|  24|0x000000070c400000, 0x000000070c400000, 0x000000070c600000|  0%| F|  |TAMS 0x000000070c400000, 0x000000070c400000| Untracked 
|  25|0x000000070c600000, 0x000000070c600000, 0x000000070c800000|  0%| F|  |TAMS 0x000000070c600000, 0x000000070c600000| Untracked 
|  26|0x000000070c800000, 0x000000070c800000, 0x000000070ca00000|  0%| F|  |TAMS 0x000000070c800000, 0x000000070c800000| Untracked 
|  27|0x000000070ca00000, 0x000000070ca00000, 0x000000070cc00000|  0%| F|  |TAMS 0x000000070ca00000, 0x000000070ca00000| Untracked 
|  28|0x000000070cc00000, 0x000000070cc00000, 0x000000070ce00000|  0%| F|  |TAMS 0x000000070cc00000, 0x000000070cc00000| Untracked 
|  29|0x000000070ce00000, 0x000000070ce00000, 0x000000070d000000|  0%| F|  |TAMS 0x000000070ce00000, 0x000000070ce00000| Untracked 
|  30|0x000000070d000000, 0x000000070d000000, 0x000000070d200000|  0%| F|  |TAMS 0x000000070d000000, 0x000000070d000000| Untracked 
|  31|0x000000070d200000, 0x000000070d200000, 0x000000070d400000|  0%| F|  |TAMS 0x000000070d200000, 0x000000070d200000| Untracked 
|  32|0x000000070d400000, 0x000000070d400000, 0x000000070d600000|  0%| F|  |TAMS 0x000000070d400000, 0x000000070d400000| Untracked 
|  33|0x000000070d600000, 0x000000070d600000, 0x000000070d800000|  0%| F|  |TAMS 0x000000070d600000, 0x000000070d600000| Untracked 
|  34|0x000000070d800000, 0x000000070d800000, 0x000000070da00000|  0%| F|  |TAMS 0x000000070d800000, 0x000000070d800000| Untracked 
|  35|0x000000070da00000, 0x000000070da00000, 0x000000070dc00000|  0%| F|  |TAMS 0x000000070da00000, 0x000000070da00000| Untracked 
|  36|0x000000070dc00000, 0x000000070dc00000, 0x000000070de00000|  0%| F|  |TAMS 0x000000070dc00000, 0x000000070dc00000| Untracked 
|  37|0x000000070de00000, 0x000000070de00000, 0x000000070e000000|  0%| F|  |TAMS 0x000000070de00000, 0x000000070de00000| Untracked 
|  38|0x000000070e000000, 0x000000070e000000, 0x000000070e200000|  0%| F|  |TAMS 0x000000070e000000, 0x000000070e000000| Untracked 
|  39|0x000000070e200000, 0x000000070e200000, 0x000000070e400000|  0%| F|  |TAMS 0x000000070e200000, 0x000000070e200000| Untracked 
|  40|0x000000070e400000, 0x000000070e400000, 0x000000070e600000|  0%| F|  |TAMS 0x000000070e400000, 0x000000070e400000| Untracked 
|  41|0x000000070e600000, 0x000000070e600000, 0x000000070e800000|  0%| F|  |TAMS 0x000000070e600000, 0x000000070e600000| Untracked 
|  42|0x000000070e800000, 0x000000070e800000, 0x000000070ea00000|  0%| F|  |TAMS 0x000000070e800000, 0x000000070e800000| Untracked 
|  43|0x000000070ea00000, 0x000000070ea00000, 0x000000070ec00000|  0%| F|  |TAMS 0x000000070ea00000, 0x000000070ea00000| Untracked 
|  44|0x000000070ec00000, 0x000000070ec00000, 0x000000070ee00000|  0%| F|  |TAMS 0x000000070ec00000, 0x000000070ec00000| Untracked 
|  45|0x000000070ee00000, 0x000000070ee00000, 0x000000070f000000|  0%| F|  |TAMS 0x000000070ee00000, 0x000000070ee00000| Untracked 
|  46|0x000000070f000000, 0x000000070f000000, 0x000000070f200000|  0%| F|  |TAMS 0x000000070f000000, 0x000000070f000000| Untracked 
|  47|0x000000070f200000, 0x000000070f200000, 0x000000070f400000|  0%| F|  |TAMS 0x000000070f200000, 0x000000070f200000| Untracked 
|  48|0x000000070f400000, 0x000000070f591ec0, 0x000000070f600000| 78%| E|  |TAMS 0x000000070f400000, 0x000000070f400000| Complete 
|  49|0x000000070f600000, 0x000000070f800000, 0x000000070f800000|100%| E|CS|TAMS 0x000000070f600000, 0x000000070f600000| Complete 
|  50|0x000000070f800000, 0x000000070fa00000, 0x000000070fa00000|100%| E|CS|TAMS 0x000000070f800000, 0x000000070f800000| Complete 
|  51|0x000000070fa00000, 0x000000070fc00000, 0x000000070fc00000|100%| E|CS|TAMS 0x000000070fa00000, 0x000000070fa00000| Complete 
|  52|0x000000070fc00000, 0x000000070fe00000, 0x000000070fe00000|100%| E|CS|TAMS 0x000000070fc00000, 0x000000070fc00000| Complete 
|  53|0x000000070fe00000, 0x0000000710000000, 0x0000000710000000|100%| E|CS|TAMS 0x000000070fe00000, 0x000000070fe00000| Complete 
|  54|0x0000000710000000, 0x0000000710200000, 0x0000000710200000|100%| E|CS|TAMS 0x0000000710000000, 0x0000000710000000| Complete 
| 103|0x0000000716200000, 0x000000071639ee80, 0x0000000716400000| 81%| S|CS|TAMS 0x0000000716200000, 0x0000000716200000| Complete 
| 123|0x0000000718a00000, 0x0000000718c00000, 0x0000000718c00000|100%| E|CS|TAMS 0x0000000718a00000, 0x0000000718a00000| Complete 

Card table byte_map: [0x0000026cfb0a0000,0x0000026cfb860000] _byte_map_base: 0x0000026cf7856000

Marking Bits (Prev, Next): (CMBitMap*) 0x0000026cefa4e670, (CMBitMap*) 0x0000026cefa4e630
 Prev Bits: [0x0000026c80000000, 0x0000026c83db0000)
 Next Bits: [0x0000026cfc020000, 0x0000026cffdd0000)

Polling page: 0x0000026ced960000

Metaspace:

Usage:
  Non-class:     54.84 MB used.
      Class:      8.75 MB used.
       Both:     63.59 MB used.

Virtual space:
  Non-class space:       64.00 MB reserved,      55.12 MB ( 86%) committed,  1 nodes.
      Class space:        1.00 GB reserved,       9.00 MB ( <1%) committed,  1 nodes.
             Both:        1.06 GB reserved,      64.12 MB (  6%) committed. 

Chunk freelists:
   Non-Class:  8.00 MB
       Class:  7.02 MB
        Both:  15.02 MB

MaxMetaspaceSize: unlimited
CompressedClassSpaceSize: 1.00 GB
Initial GC threshold: 21.00 MB
Current GC threshold: 98.06 MB
CDS: on
MetaspaceReclaimPolicy: balanced
 - commit_granule_bytes: 65536.
 - commit_granule_words: 8192.
 - virtual_space_node_default_size: 8388608.
 - enlarge_chunks_in_place: 1.
 - new_chunks_are_fully_committed: 0.
 - uncommit_free_chunks: 1.
 - use_allocation_guard: 0.
 - handle_deallocations: 1.


Internal statistics:

num_allocs_failed_limit: 9.
num_arena_births: 786.
num_arena_deaths: 0.
num_vsnodes_births: 2.
num_vsnodes_deaths: 0.
num_space_committed: 1026.
num_space_uncommitted: 0.
num_chunks_returned_to_freelist: 9.
num_chunks_taken_from_freelist: 3012.
num_chunk_merges: 9.
num_chunk_splits: 2206.
num_chunks_enlarged: 1741.
num_inconsistent_stats: 0.

CodeCache: size=49152Kb used=11186Kb max_used=13182Kb free=37966Kb
 bounds [0x0000026cf7280000, 0x0000026cf7f60000, 0x0000026cfa280000]
 total_blobs=6188 nmethods=5418 adapters=695
 compilation: enabled
              stopped_count=0, restarted_count=0
 full_count=0

Compilation events (20 events):
Event: 12.165 Thread 0x0000026cc8144080 5408       1       sun.security.provider.MD5::II (31 bytes)
Event: 12.165 Thread 0x0000026cc8144080 nmethod 5408 0x0000026cf7500310 code [0x0000026cf75004a0, 0x0000026cf7500578]
Event: 12.165 Thread 0x0000026c8607d6e0 nmethod 5407 0x0000026cf7500010 code [0x0000026cf75001a0, 0x0000026cf7500278]
Event: 12.165 Thread 0x0000026cc813f4e0 nmethod 5405 0x0000026cf74ffd10 code [0x0000026cf74ffea0, 0x0000026cf74fff78]
Event: 12.166 Thread 0x0000026c8607d6e0 5410       1       sun.security.provider.MD5::implCompressCheck (27 bytes)
Event: 12.166 Thread 0x0000026cc813f4e0 5409       1       sun.security.provider.MD5::implCompress (13 bytes)
Event: 12.166 Thread 0x0000026cc8144080 5411       1       sun.security.provider.MD5::implCompress0 (1407 bytes)
Event: 12.166 Thread 0x0000026c8607d6e0 nmethod 5410 0x0000026cf74ff810 code [0x0000026cf74ff9c0, 0x0000026cf74ffbd8]
Event: 12.167 Thread 0x0000026cc813f4e0 nmethod 5409 0x0000026cf74ff290 code [0x0000026cf74ff440, 0x0000026cf74ff688]
Event: 12.169 Thread 0x0000026cc8144080 nmethod 5411 0x0000026cf74fd190 code [0x0000026cf74fd420, 0x0000026cf74fe798]
Event: 12.175 Thread 0x0000026cc8144080 5412 %     1       com.sun.crypto.provider.CounterMode::implCrypt @ 3 (88 bytes)
Event: 12.175 Thread 0x0000026cc8144080 nmethod 5412% 0x0000026cf74fc990 code [0x0000026cf74fcb40, 0x0000026cf74fcf08]
Event: 12.175 Thread 0x0000026cc8144080 5413       1       com.sun.crypto.provider.CounterMode::implCrypt (88 bytes)
Event: 12.175 Thread 0x0000026cc8144080 nmethod 5413 0x0000026cf74fc310 code [0x0000026cf74fc4c0, 0x0000026cf74fc788]
Event: 12.176 Thread 0x0000026cc8144080 5414       1       java.io.FileDescriptor::valid (25 bytes)
Event: 12.176 Thread 0x0000026cc8144080 nmethod 5414 0x0000026cf74fc010 code [0x0000026cf74fc1a0, 0x0000026cf74fc298]
Event: 12.179 Thread 0x0000026cc813f4e0 5415       1       java.io.PrintStream::ensureOpen (18 bytes)
Event: 12.179 Thread 0x0000026c8607d6e0 5416  s    1       java.io.BufferedOutputStream::flush (12 bytes)
Event: 12.179 Thread 0x0000026cc8144080 5417       1       jdk.internal.loader.NativeLibraries$NativeLibraryImpl::find (6 bytes)
Event: 12.179 Thread 0x0000026cc8144080 nmethod 5417 0x0000026cf74fb910 code [0x0000026cf74fbaa0, 0x0000026cf74fbb88]

GC Heap History (20 events):
Event: 0.991 GC heap before
{Heap before GC invocations=1 (full 0):
 garbage-first heap   total 253952K, used 28205K [0x0000000709400000, 0x0000000800000000)
  region size 2048K, 12 young (24576K), 2 survivors (4096K)
 Metaspace       used 7696K, committed 7936K, reserved 1114112K
  class space    used 1092K, committed 1216K, reserved 1048576K
}
Event: 0.994 GC heap after
{Heap after GC invocations=2 (full 0):
 garbage-first heap   total 253952K, used 9753K [0x0000000709400000, 0x0000000800000000)
  region size 2048K, 1 young (2048K), 1 survivors (2048K)
 Metaspace       used 7696K, committed 7936K, reserved 1114112K
  class space    used 1092K, committed 1216K, reserved 1048576K
}
Event: 1.471 GC heap before
{Heap before GC invocations=2 (full 0):
 garbage-first heap   total 253952K, used 58905K [0x0000000709400000, 0x0000000800000000)
  region size 2048K, 26 young (53248K), 1 survivors (2048K)
 Metaspace       used 17165K, committed 17472K, reserved 1114112K
  class space    used 2297K, committed 2432K, reserved 1048576K
}
Event: 1.476 GC heap after
{Heap after GC invocations=3 (full 0):
 garbage-first heap   total 253952K, used 13985K [0x0000000709400000, 0x0000000800000000)
  region size 2048K, 3 young (6144K), 3 survivors (6144K)
 Metaspace       used 17165K, committed 17472K, reserved 1114112K
  class space    used 2297K, committed 2432K, reserved 1048576K
}
Event: 2.023 GC heap before
{Heap before GC invocations=3 (full 0):
 garbage-first heap   total 253952K, used 48801K [0x0000000709400000, 0x0000000800000000)
  region size 2048K, 21 young (43008K), 3 survivors (6144K)
 Metaspace       used 21139K, committed 21504K, reserved 1114112K
  class space    used 2859K, committed 3072K, reserved 1048576K
}
Event: 2.027 GC heap after
{Heap after GC invocations=4 (full 0):
 garbage-first heap   total 253952K, used 15657K [0x0000000709400000, 0x0000000800000000)
  region size 2048K, 4 young (8192K), 4 survivors (8192K)
 Metaspace       used 21139K, committed 21504K, reserved 1114112K
  class space    used 2859K, committed 3072K, reserved 1048576K
}
Event: 2.512 GC heap before
{Heap before GC invocations=5 (full 0):
 garbage-first heap   total 61440K, used 44329K [0x0000000709400000, 0x0000000800000000)
  region size 2048K, 18 young (36864K), 4 survivors (8192K)
 Metaspace       used 25648K, committed 26048K, reserved 1114112K
  class space    used 3506K, committed 3712K, reserved 1048576K
}
Event: 2.519 GC heap after
{Heap after GC invocations=6 (full 0):
 garbage-first heap   total 61440K, used 18644K [0x0000000709400000, 0x0000000800000000)
  region size 2048K, 3 young (6144K), 3 survivors (6144K)
 Metaspace       used 25648K, committed 26048K, reserved 1114112K
  class space    used 3506K, committed 3712K, reserved 1048576K
}
Event: 2.558 GC heap before
{Heap before GC invocations=6 (full 0):
 garbage-first heap   total 61440K, used 20692K [0x0000000709400000, 0x0000000800000000)
  region size 2048K, 4 young (8192K), 3 survivors (6144K)
 Metaspace       used 26033K, committed 26432K, reserved 1114112K
  class space    used 3549K, committed 3712K, reserved 1048576K
}
Event: 2.564 GC heap after
{Heap after GC invocations=7 (full 0):
 garbage-first heap   total 61440K, used 18684K [0x0000000709400000, 0x0000000800000000)
  region size 2048K, 1 young (2048K), 1 survivors (2048K)
 Metaspace       used 26033K, committed 26432K, reserved 1114112K
  class space    used 3549K, committed 3712K, reserved 1048576K
}
Event: 2.877 GC heap before
{Heap before GC invocations=7 (full 0):
 garbage-first heap   total 61440K, used 41212K [0x0000000709400000, 0x0000000800000000)
  region size 2048K, 12 young (24576K), 1 survivors (2048K)
 Metaspace       used 30626K, committed 31040K, reserved 1114112K
  class space    used 4120K, committed 4288K, reserved 1048576K
}
Event: 2.879 GC heap after
{Heap after GC invocations=8 (full 0):
 garbage-first heap   total 61440K, used 19442K [0x0000000709400000, 0x0000000800000000)
  region size 2048K, 1 young (2048K), 1 survivors (2048K)
 Metaspace       used 30626K, committed 31040K, reserved 1114112K
  class space    used 4120K, committed 4288K, reserved 1048576K
}
Event: 3.222 GC heap before
{Heap before GC invocations=8 (full 0):
 garbage-first heap   total 61440K, used 39922K [0x0000000709400000, 0x0000000800000000)
  region size 2048K, 12 young (24576K), 1 survivors (2048K)
 Metaspace       used 35481K, committed 35968K, reserved 1114112K
  class space    used 4793K, committed 5056K, reserved 1048576K
}
Event: 3.225 GC heap after
{Heap after GC invocations=9 (full 0):
 garbage-first heap   total 61440K, used 20238K [0x0000000709400000, 0x0000000800000000)
  region size 2048K, 2 young (4096K), 2 survivors (4096K)
 Metaspace       used 35481K, committed 35968K, reserved 1114112K
  class space    used 4793K, committed 5056K, reserved 1048576K
}
Event: 3.533 GC heap before
{Heap before GC invocations=10 (full 0):
 garbage-first heap   total 61440K, used 42766K [0x0000000709400000, 0x0000000800000000)
  region size 2048K, 13 young (26624K), 2 survivors (4096K)
 Metaspace       used 39728K, committed 40192K, reserved 1114112K
  class space    used 5523K, committed 5760K, reserved 1048576K
}
Event: 3.536 GC heap after
{Heap after GC invocations=11 (full 0):
 garbage-first heap   total 157696K, used 21303K [0x0000000709400000, 0x0000000800000000)
  region size 2048K, 1 young (2048K), 1 survivors (2048K)
 Metaspace       used 39728K, committed 40192K, reserved 1114112K
  class space    used 5523K, committed 5760K, reserved 1048576K
}
Event: 7.968 GC heap before
{Heap before GC invocations=11 (full 0):
 garbage-first heap   total 157696K, used 113463K [0x0000000709400000, 0x0000000800000000)
  region size 2048K, 46 young (94208K), 1 survivors (2048K)
 Metaspace       used 58048K, committed 58560K, reserved 1114112K
  class space    used 8045K, committed 8320K, reserved 1048576K
}
Event: 7.975 GC heap after
{Heap after GC invocations=12 (full 0):
 garbage-first heap   total 157696K, used 30437K [0x0000000709400000, 0x0000000800000000)
  region size 2048K, 6 young (12288K), 6 survivors (12288K)
 Metaspace       used 58048K, committed 58560K, reserved 1114112K
  class space    used 8045K, committed 8320K, reserved 1048576K
}
Event: 8.085 GC heap before
{Heap before GC invocations=12 (full 0):
 garbage-first heap   total 157696K, used 34533K [0x0000000709400000, 0x0000000800000000)
  region size 2048K, 9 young (18432K), 6 survivors (12288K)
 Metaspace       used 59678K, committed 60160K, reserved 1114112K
  class space    used 8212K, committed 8448K, reserved 1048576K
}
Event: 8.091 GC heap after
{Heap after GC invocations=13 (full 0):
 garbage-first heap   total 157696K, used 31941K [0x0000000709400000, 0x0000000800000000)
  region size 2048K, 1 young (2048K), 1 survivors (2048K)
 Metaspace       used 59678K, committed 60160K, reserved 1114112K
  class space    used 8212K, committed 8448K, reserved 1048576K
}

Deoptimization events (6 events):
Event: 2.626 Thread 0x0000026ced8bb240 DEOPT PACKING pc=0x0000026cf7a3d809 sp=0x00000088133feb30
Event: 2.626 Thread 0x0000026ced8bb240 DEOPT UNPACKING pc=0x0000026cf72d2b43 sp=0x00000088133fdfc0 mode 3
Event: 2.626 Thread 0x0000026ccd823730 DEOPT PACKING pc=0x0000026cf7a38e9f sp=0x0000008815bff1a0
Event: 2.626 Thread 0x0000026ccd823730 DEOPT UNPACKING pc=0x0000026cf72d2b43 sp=0x0000008815bfe5f8 mode 3
Event: 4.266 Thread 0x0000026ced8bb240 DEOPT PACKING pc=0x0000026cf7a81ed2 sp=0x00000088133fa8d0
Event: 4.266 Thread 0x0000026ced8bb240 DEOPT UNPACKING pc=0x0000026cf72d2b43 sp=0x00000088133f9dd8 mode 3

Classes unloaded (0 events):
No events

Classes redefined (0 events):
No events

Internal exceptions (20 events):
Event: 4.646 Thread 0x0000026ced8bb240 Exception <a 'sun/nio/fs/WindowsException'{0x000000070fbf0798}> (0x000000070fbf0798) 
thrown [s\open\src\hotspot\share\prims\jni.cpp, line 516]
Event: 4.705 Thread 0x0000026ced8bb240 Exception <a 'sun/nio/fs/WindowsException'{0x000000070fbf35f8}> (0x000000070fbf35f8) 
thrown [s\open\src\hotspot\share\prims\jni.cpp, line 516]
Event: 4.711 Thread 0x0000026ced8bb240 Exception <a 'sun/nio/fs/WindowsException'{0x000000070fbf6460}> (0x000000070fbf6460) 
thrown [s\open\src\hotspot\share\prims\jni.cpp, line 516]
Event: 4.716 Thread 0x0000026ced8bb240 Exception <a 'sun/nio/fs/WindowsException'{0x000000070fbf9448}> (0x000000070fbf9448) 
thrown [s\open\src\hotspot\share\prims\jni.cpp, line 516]
Event: 4.805 Thread 0x0000026ced8bb240 Exception <a 'sun/nio/fs/WindowsException'{0x000000070fbfc278}> (0x000000070fbfc278) 
thrown [s\open\src\hotspot\share\prims\jni.cpp, line 516]
Event: 5.067 Thread 0x0000026ced8bb240 Exception <a 'sun/nio/fs/WindowsException'{0x000000070eabdfe8}> (0x000000070eabdfe8) 
thrown [s\open\src\hotspot\share\prims\jni.cpp, line 516]
Event: 5.112 Thread 0x0000026ced8bb240 Exception <a 'java/lang/IncompatibleClassChangeError'{0x000000070e990f50}: Found class java.lang.Object, but interface was expected> (0x000000070e990f50) 
thrown [s\open\src\hotspot\share\interpreter\linkResolver.cpp, line 826]
Event: 5.149 Thread 0x0000026ced8bb240 Exception <a 'java/lang/NoSuchMethodError'{0x000000070e7904c0}: 'void java.lang.invoke.DirectMethodHandle$Holder.invokeVirtual(java.lang.Object, java.lang.Object, long)'> (0x000000070e7904c0) 
thrown [s\open\src\hotspot\share\interpreter\linkResolver.cpp, line 759]
Event: 5.224 Thread 0x0000026ced8bb240 Exception <a 'java/lang/IncompatibleClassChangeError'{0x000000070e3e9068}: Found class java.lang.Object, but interface was expected> (0x000000070e3e9068) 
thrown [s\open\src\hotspot\share\interpreter\linkResolver.cpp, line 826]
Event: 5.279 Thread 0x0000026ced8bb240 Exception <a 'java/lang/NoSuchMethodError'{0x000000070dc41108}: 'java.lang.Object java.lang.invoke.DirectMethodHandle$Holder.invokeSpecial(java.lang.Object, java.lang.Object, java.lang.Object, java.lang.Object, java.lang.Object, java.lang.Object, java.lang.Object, java.lang.Object, java.lang.Object, java.lang.Object, java.lang.Object)'> (0x000000070dc41108) 
thrown [s\open\src\hotspot\share\interpreter\linkResolver.cpp, line 759]
Event: 5.279 Thread 0x0000026ced8bb240 Exception <a 'java/lang/NoSuchMethodError'{0x000000070dc458d8}: 'java.lang.Object java.lang.invoke.Invokers$Holder.invoke_MT(java.lang.Object, java.lang.Object, java.lang.Object, java.lang.Object, java.lang.Object, java.lang.Object, java.lang.Object, java.lang.Object, java.lang.Object, java.lang.Object, java.lang.Object)'> (0x000000070dc458d8) 
thrown [s\open\src\hotspot\share\interpreter\linkResolver.cpp, line 759]
Event: 5.324 Thread 0x0000026ced8bb240 Exception <a 'java/lang/NoSuchMethodError'{0x000000070daeab40}: 'java.lang.Object java.lang.invoke.DirectMethodHandle$Holder.newInvokeSpecial(java.lang.Object, java.lang.Object, int, java.lang.Object, java.lang.Object)'> (0x000000070daeab40) 
thrown [s\open\src\hotspot\share\interpreter\linkResolver.cpp, line 759]
Event: 7.922 Thread 0x0000026cce50c0a0 Exception <a 'java/lang/NoSuchMethodError'{0x000000070d74ee58}: 'java.lang.Object java.lang.invoke.DirectMethodHandle$Holder.invokeStaticInit(java.lang.Object, java.lang.Object, java.lang.Object, int, int)'> (0x000000070d74ee58) 
thrown [s\open\src\hotspot\share\interpreter\linkResolver.cpp, line 759]
Event: 7.958 Thread 0x0000026cce2d2810 Exception <a 'java/lang/NoSuchMethodError'{0x000000070d5908b0}: 'java.lang.Object java.lang.invoke.DirectMethodHandle$Holder.invokeSpecial(java.lang.Object, java.lang.Object, java.lang.Object, java.lang.Object, java.lang.Object, long)'> (0x000000070d5908b0) 
thrown [s\open\src\hotspot\share\interpreter\linkResolver.cpp, line 759]
Event: 7.958 Thread 0x0000026cce2d2810 Exception <a 'java/lang/NoSuchMethodError'{0x000000070d5942f0}: 'java.lang.Object java.lang.invoke.Invokers$Holder.linkToTargetMethod(java.lang.Object, java.lang.Object, java.lang.Object, long, java.lang.Object)'> (0x000000070d5942f0) 
thrown [s\open\src\hotspot\share\interpreter\linkResolver.cpp, line 759]
Event: 8.072 Thread 0x0000026cce2d2810 Exception <a 'java/lang/NoSuchMethodError'{0x00000007165702b0}: 'java.lang.Object java.lang.invoke.DirectMethodHandle$Holder.invokeStatic(java.lang.Object, int, int)'> (0x00000007165702b0) 
thrown [s\open\src\hotspot\share\interpreter\linkResolver.cpp, line 759]
Event: 12.098 Thread 0x0000026cce2d18e0 Exception <a 'sun/nio/fs/WindowsException'{0x000000070f4c57a8}> (0x000000070f4c57a8) 
thrown [s\open\src\hotspot\share\prims\jni.cpp, line 516]
Event: 12.179 Thread 0x0000026cce2d18e0 Exception <a 'sun/nio/fs/WindowsException'{0x000000070f578628}> (0x000000070f578628) 
thrown [s\open\src\hotspot\share\prims\jni.cpp, line 516]
Event: 12.179 Thread 0x0000026cce2d18e0 Exception <a 'sun/nio/fs/WindowsException'{0x000000070f579ad8}> (0x000000070f579ad8) 
thrown [s\open\src\hotspot\share\prims\jni.cpp, line 516]
Event: 12.179 Thread 0x0000026cce2d18e0 Exception <a 'sun/nio/fs/WindowsException'{0x000000070f579dd8}> (0x000000070f579dd8) 
thrown [s\open\src\hotspot\share\prims\jni.cpp, line 516]

VM Operations (20 events):
Event: 8.101 Executing VM operation: G1Concurrent
Event: 8.103 Executing VM operation: G1Concurrent done
Event: 8.109 Executing VM operation: G1Concurrent
Event: 8.109 Executing VM operation: G1Concurrent done
Event: 9.110 Executing VM operation: Cleanup
Event: 9.110 Executing VM operation: Cleanup done
Event: 9.176 Executing VM operation: HandshakeAllThreads
Event: 9.176 Executing VM operation: HandshakeAllThreads done
Event: 9.176 Executing VM operation: HandshakeAllThreads
Event: 9.176 Executing VM operation: HandshakeAllThreads done
Event: 9.209 Executing VM operation: HandshakeAllThreads
Event: 9.209 Executing VM operation: HandshakeAllThreads done
Event: 9.505 Executing VM operation: HandshakeAllThreads
Event: 9.505 Executing VM operation: HandshakeAllThreads done
Event: 10.513 Executing VM operation: Cleanup
Event: 10.513 Executing VM operation: Cleanup done
Event: 12.068 Executing VM operation: HandshakeAllThreads
Event: 12.068 Executing VM operation: HandshakeAllThreads done
Event: 12.068 Executing VM operation: Cleanup
Event: 12.068 Executing VM operation: Cleanup done

Events (20 events):
Event: 9.518 loading class java/util/AbstractMap$SimpleEntry done
Event: 9.527 loading class java/util/stream/LongStream
Event: 9.528 loading class java/util/stream/LongStream done
Event: 9.528 loading class java/util/stream/DoubleStream
Event: 9.528 loading class java/util/stream/DoubleStream done
Event: 12.059 Thread 0x0000026cc8144080 Thread exited: 0x0000026cc8144080
Event: 12.059 Thread 0x0000026cc81545b0 Thread exited: 0x0000026cc81545b0
Event: 12.073 loading class java/util/BitSet$1BitSetSpliterator
Event: 12.073 loading class java/util/BitSet$1BitSetSpliterator done
Event: 12.073 loading class java/util/stream/IntPipeline$1
Event: 12.073 loading class java/util/stream/IntPipeline$1 done
Event: 12.073 loading class java/util/stream/IntPipeline$1$1
Event: 12.074 loading class java/util/stream/IntPipeline$1$1 done
Event: 12.091 Thread 0x0000026cc8144080 Thread added: 0x0000026cc8144080
Event: 12.098 loading class java/nio/file/FileAlreadyExistsException
Event: 12.098 loading class java/nio/file/FileAlreadyExistsException done
Event: 12.163 loading class sun/security/provider/MD5
Event: 12.163 loading class sun/security/provider/MD5 done
Event: 12.165 loading class sun/security/provider/ByteArrayAccess$LE
Event: 12.165 loading class sun/security/provider/ByteArrayAccess$LE done


Dynamic libraries:
0x00007ff77a820000 - 0x00007ff77a830000 	C:\Program Files\Java\jdk-17\bin\java.exe
0x00007ffd8bf80000 - 0x00007ffd8c1e0000 	C:\WINDOWS\SYSTEM32\ntdll.dll
0x00007ffd8a260000 - 0x00007ffd8a327000 	C:\WINDOWS\System32\KERNEL32.DLL
0x00007ffd89650000 - 0x00007ffd89a1a000 	C:\WINDOWS\System32\KERNELBASE.dll
0x00007ffd89c30000 - 0x00007ffd89d7b000 	C:\WINDOWS\System32\ucrtbase.dll
0x00007ffd75df0000 - 0x00007ffd75e0b000 	C:\Program Files\Java\jdk-17\bin\VCRUNTIME140.dll
0x00007ffd5c4e0000 - 0x00007ffd5c4f9000 	C:\Program Files\Java\jdk-17\bin\jli.dll
0x00007ffd8ac50000 - 0x00007ffd8ad02000 	C:\WINDOWS\System32\ADVAPI32.dll
0x00007ffd8ba10000 - 0x00007ffd8bab9000 	C:\WINDOWS\System32\msvcrt.dll
0x00007ffd89f90000 - 0x00007ffd8a036000 	C:\WINDOWS\System32\sechost.dll
0x00007ffd8ad70000 - 0x00007ffd8ae86000 	C:\WINDOWS\System32\RPCRT4.dll
0x00007ffd89d90000 - 0x00007ffd89f5c000 	C:\WINDOWS\System32\USER32.dll
0x00007ffd89620000 - 0x00007ffd89647000 	C:\WINDOWS\System32\win32u.dll
0x00007ffd75880000 - 0x00007ffd75b17000 	C:\WINDOWS\WinSxS\amd64_microsoft.windows.common-controls_6595b64144ccf1df_6.0.26100.3624_none_3e086962e3345f24\COMCTL32.dll
0x00007ffd8b780000 - 0x00007ffd8b7aa000 	C:\WINDOWS\System32\GDI32.dll
0x00007ffd89370000 - 0x00007ffd894a1000 	C:\WINDOWS\System32\gdi32full.dll
0x00007ffd894b0000 - 0x00007ffd89553000 	C:\WINDOWS\System32\msvcp_win.dll
0x00007ffd81010000 - 0x00007ffd8101b000 	C:\WINDOWS\SYSTEM32\VERSION.dll
0x00007ffd8b5e0000 - 0x00007ffd8b60f000 	C:\WINDOWS\System32\IMM32.DLL
0x00007ffd5c4d0000 - 0x00007ffd5c4dc000 	C:\Program Files\Java\jdk-17\bin\vcruntime140_1.dll
0x00007ffd5c440000 - 0x00007ffd5c4ce000 	C:\Program Files\Java\jdk-17\bin\msvcp140.dll
0x00007ffcd4f70000 - 0x00007ffcd5b4f000 	C:\Program Files\Java\jdk-17\bin\server\jvm.dll
0x00007ffd8a250000 - 0x00007ffd8a258000 	C:\WINDOWS\System32\PSAPI.DLL
0x00007ffd86750000 - 0x00007ffd86786000 	C:\WINDOWS\SYSTEM32\WINMM.dll
0x00007ffd6f9b0000 - 0x00007ffd6f9ba000 	C:\WINDOWS\SYSTEM32\WSOCK32.dll
0x00007ffd8b7b0000 - 0x00007ffd8b824000 	C:\WINDOWS\System32\WS2_32.dll
0x00007ffd88090000 - 0x00007ffd880aa000 	C:\WINDOWS\SYSTEM32\kernel.appcore.dll
0x00007ffd5c430000 - 0x00007ffd5c43a000 	C:\Program Files\Java\jdk-17\bin\jimage.dll
0x00007ffd86500000 - 0x00007ffd86741000 	C:\WINDOWS\SYSTEM32\DBGHELP.DLL
0x00007ffd8bac0000 - 0x00007ffd8be42000 	C:\WINDOWS\System32\combase.dll
0x00007ffd8aa60000 - 0x00007ffd8ab36000 	C:\WINDOWS\System32\OLEAUT32.dll
0x00007ffd864c0000 - 0x00007ffd864f9000 	C:\WINDOWS\SYSTEM32\dbgcore.DLL
0x00007ffd892d0000 - 0x00007ffd89369000 	C:\WINDOWS\System32\bcryptPrimitives.dll
0x00007ffd5c380000 - 0x00007ffd5c3a5000 	C:\Program Files\Java\jdk-17\bin\java.dll
0x00007ffd3a680000 - 0x00007ffd3a757000 	C:\Program Files\Java\jdk-17\bin\jsvml.dll
0x00007ffd8a330000 - 0x00007ffd8aa59000 	C:\WINDOWS\System32\SHELL32.dll
0x00007ffd89160000 - 0x00007ffd892c8000 	C:\WINDOWS\System32\wintypes.dll
0x00007ffd86e10000 - 0x00007ffd87662000 	C:\WINDOWS\SYSTEM32\windows.storage.dll
0x00007ffd8be50000 - 0x00007ffd8bf3d000 	C:\WINDOWS\System32\SHCORE.dll
0x00007ffd8a040000 - 0x00007ffd8a0a4000 	C:\WINDOWS\System32\shlwapi.dll
0x00007ffd89070000 - 0x00007ffd8909f000 	C:\WINDOWS\SYSTEM32\profapi.dll
0x00007ffd5c360000 - 0x00007ffd5c379000 	C:\Program Files\Java\jdk-17\bin\net.dll
0x00007ffd80ef0000 - 0x00007ffd8100d000 	C:\WINDOWS\SYSTEM32\WINHTTP.dll
0x00007ffd885b0000 - 0x00007ffd8861a000 	C:\WINDOWS\system32\mswsock.dll
0x00007ffd51310000 - 0x00007ffd51326000 	C:\Program Files\Java\jdk-17\bin\nio.dll
0x00007ffd3a660000 - 0x00007ffd3a678000 	C:\Program Files\Java\jdk-17\bin\zip.dll
0x00007ffd3a620000 - 0x00007ffd3a62e000 	C:\Program Files\Java\jdk-17\bin\sunmscapi.dll
0x00007ffd89a20000 - 0x00007ffd89b97000 	C:\WINDOWS\System32\CRYPT32.dll
0x00007ffd88a50000 - 0x00007ffd88a80000 	C:\WINDOWS\SYSTEM32\ncrypt.dll
0x00007ffd88a00000 - 0x00007ffd88a3f000 	C:\WINDOWS\SYSTEM32\NTASN1.dll
0x00007ffd88850000 - 0x00007ffd8886c000 	C:\WINDOWS\SYSTEM32\CRYPTSP.dll
0x00007ffd87ff0000 - 0x00007ffd8802a000 	C:\WINDOWS\system32\rsaenh.dll
0x00007ffd88650000 - 0x00007ffd8867b000 	C:\WINDOWS\SYSTEM32\USERENV.dll
0x00007ffd89040000 - 0x00007ffd89066000 	C:\WINDOWS\SYSTEM32\bcrypt.dll
0x00007ffd88870000 - 0x00007ffd8887c000 	C:\WINDOWS\SYSTEM32\CRYPTBASE.dll
0x00007ffd879e0000 - 0x00007ffd87a13000 	C:\WINDOWS\SYSTEM32\IPHLPAPI.DLL
0x00007ffd8a240000 - 0x00007ffd8a24a000 	C:\WINDOWS\System32\NSI.dll
0x00007ffd811e0000 - 0x00007ffd811ff000 	C:\WINDOWS\SYSTEM32\dhcpcsvc6.DLL
0x00007ffd80e30000 - 0x00007ffd80e55000 	C:\WINDOWS\SYSTEM32\dhcpcsvc.DLL
0x00007ffd87ad0000 - 0x00007ffd87bf5000 	C:\WINDOWS\SYSTEM32\DNSAPI.dll
0x00007ffd51300000 - 0x00007ffd5130a000 	C:\Program Files\Java\jdk-17\bin\management.dll
0x00007ffd3a650000 - 0x00007ffd3a65b000 	C:\Program Files\Java\jdk-17\bin\management_ext.dll
0x00007ffd5c350000 - 0x00007ffd5c360000 	C:\Program Files\Java\jdk-17\bin\verify.dll
0x00007ffd83ed0000 - 0x00007ffd83ee9000 	C:\Users\idjjh\AppData\Local\Temp\gdal_native\zlib.dll
0x00007ffd52be0000 - 0x00007ffd52c92000 	C:\Users\idjjh\AppData\Local\Temp\gdal_native\zstd.dll
0x00007ffcfff90000 - 0x00007ffd0008f000 	C:\Users\idjjh\AppData\Local\Temp\gdal_native\iconv-2.dll
0x00007ffd710d0000 - 0x00007ffd710fb000 	C:\Users\idjjh\AppData\Local\Temp\gdal_native\libexpat.dll
0x00007ffcd6320000 - 0x00007ffcd6483000 	C:\Users\idjjh\AppData\Local\Temp\gdal_native\libxml2.dll
0x00007ffcd6070000 - 0x00007ffcd631c000 	C:\Users\idjjh\AppData\Local\Temp\gdal_native\xerces-c_3_2.dll
0x00007ffd714b0000 - 0x00007ffd714d0000 	C:\Users\idjjh\AppData\Local\Temp\gdal_native\pcre.dll
0x00007ffcd5b80000 - 0x00007ffcd6064000 	C:\Users\idjjh\AppData\Local\Temp\gdal_native\libcrypto-3-x64.dll
0x00007ffcec860000 - 0x00007ffcec99a000 	C:\Users\idjjh\AppData\Local\Temp\gdal_native\libssl-3-x64.dll
0x00007ffd70e00000 - 0x00007ffd70e94000 	C:\Users\idjjh\AppData\Local\Temp\gdal_native\libcurl.dll
0x00007ffd8af10000 - 0x00007ffd8af84000 	C:\WINDOWS\System32\WLDAP32.dll
0x00007ffcbd2f0000 - 0x00007ffcbd5b0000 	C:\Users\idjjh\AppData\Local\Temp\gdal_native\sqlite3.dll
0x00007ffcbcc40000 - 0x00007ffcbd2e1000 	C:\Users\idjjh\AppData\Local\Temp\gdal_native\libmysql.dll
0x00007ffd85ca0000 - 0x00007ffd85cad000 	C:\WINDOWS\SYSTEM32\Secur32.dll
0x00007ffd88330000 - 0x00007ffd88378000 	C:\WINDOWS\SYSTEM32\SSPICLI.DLL
0x0000000180000000 - 0x000000018004e000 	C:\Users\idjjh\AppData\Local\Temp\gdal_native\libpq.dll
0x00007ffcbca60000 - 0x00007ffcbcc38000 	C:\Users\idjjh\AppData\Local\Temp\gdal_native\geos.dll
0x00007ffd6bbf0000 - 0x00007ffd6bc4c000 	C:\Users\idjjh\AppData\Local\Temp\gdal_native\geos_c.dll
0x00007ffce29b0000 - 0x00007ffce2afc000 	C:\Users\idjjh\AppData\Local\Temp\gdal_native\tiff.dll
0x00007ffcbc720000 - 0x00007ffcbca60000 	C:\Users\idjjh\AppData\Local\Temp\gdal_native\proj_9.dll
0x00007ffd8b440000 - 0x00007ffd8b5d6000 	C:\WINDOWS\System32\ole32.dll
0x00007ffd686d0000 - 0x00007ffd68721000 	C:\Users\idjjh\AppData\Local\Temp\gdal_native\openjp2.dll
0x00007ffd6f5b0000 - 0x00007ffd6f5e5000 	C:\Users\idjjh\AppData\Local\Temp\gdal_native\libpng16.dll
0x00007ffd70d80000 - 0x00007ffd70daa000 	C:\Users\idjjh\AppData\Local\Temp\gdal_native\freexl.dll
0x00007ffd70220000 - 0x00007ffd70243000 	C:\Users\idjjh\AppData\Local\Temp\gdal_native\ogdi.dll
0x00007ffcbba20000 - 0x00007ffcbc715000 	C:\Users\idjjh\AppData\Local\Temp\gdal_native\spatialite.dll
0x00007ffd54d40000 - 0x00007ffd54dcd000 	C:\Users\idjjh\AppData\Local\Temp\gdal_native\msvcp140.dll
0x00007ffd713b0000 - 0x00007ffd713ce000 	C:\Users\idjjh\AppData\Local\Temp\gdal_native\vcruntime140.dll
0x00007ffcba5d0000 - 0x00007ffcbba1a000 	C:\Users\idjjh\AppData\Local\Temp\gdal_native\gdal.dll
0x00007ffd7d170000 - 0x00007ffd7d234000 	C:\WINDOWS\SYSTEM32\ODBC32.dll
0x00007ffd88e50000 - 0x00007ffd88e5a000 	C:\WINDOWS\SYSTEM32\DPAPI.DLL
0x00007ffd1e640000 - 0x00007ffd1e6e8000 	C:\Users\idjjh\AppData\Local\Temp\gdal_native\gdalalljni.dll
0x00007ffd51660000 - 0x00007ffd51668000 	C:\WINDOWS\system32\wshunix.dll
0x00007ffd75d60000 - 0x00007ffd75d6b000 	C:\Windows\System32\rasadhlp.dll
0x00007ffd7e7e0000 - 0x00007ffd7e865000 	C:\WINDOWS\System32\fwpuclnt.dll

dbghelp: loaded successfully - version: 4.0.5 - missing functions: none
symbol engine: initialized successfully - sym options: 0x614 - pdb path: .;C:\Program Files\Java\jdk-17\bin;C:\WINDOWS\SYSTEM32;C:\WINDOWS\WinSxS\amd64_microsoft.windows.common-controls_6595b64144ccf1df_6.0.26100.3624_none_3e086962e3345f24;C:\Program Files\Java\jdk-17\bin\server;C:\Users\idjjh\AppData\Local\Temp\gdal_native

VM Arguments:
jvm_args: -Djava.library.path=C:\JANG\sia_task\sia-task-dev\task/src/main/resource/nativelib/window -XX:TieredStopAtLevel=1 -Dfile.encoding=x-windows-949 -Duser.country=KR -Duser.language=ko -Duser.variant 
java_command: com.sia.task.TaskApplication
java_class_path (initial): C:\JANG\sia_task\sia-task-dev\task\build\classes\java\main;C:\JANG\sia_task\sia-task-dev\task\build\resources\main;C:\Users\idjjh\.gradle\caches\modules-2\files-2.1\org.springframework.cloud\spring-cloud-starter-aws\2.2.6.RELEASE\9d7c330b3f4aa477df2db27dd875a0e63a49456\spring-cloud-starter-aws-2.2.6.RELEASE.jar;C:\Users\idjjh\.gradle\caches\modules-2\files-2.1\io.github.cdimascio\java-dotenv\5.2.2\f77d54ff193ed4b07415ab8d7b3d0550716aa8c\java-dotenv-5.2.2.jar;C:\Users\idjjh\.gradle\caches\modules-2\files-2.1\commons-fileupload\commons-fileupload\1.5\ad4ad2ab2961b4e1891472bd1a33fabefb0385f3\commons-fileupload-1.5.jar;C:\Users\idjjh\.gradle\caches\modules-2\files-2.1\org.apache.tika\tika-core\2.9.1\bfd572826e7023dd6ceeefe1b4d0f6d3d8eef507\tika-core-2.9.1.jar;C:\Users\idjjh\.gradle\caches\modules-2\files-2.1\commons-io\commons-io\2.14.0\a4c6e1f6c196339473cd2e1b037f0eb97c62755b\commons-io-2.14.0.jar;C:\Users\idjjh\.gradle\caches\modules-2\files-2.1\org.gdal\gdal\3.10.0\d229b54a2136a6a1e6e8321881789a4465e2ec50\gdal-3.10.0.jar;C:\Users\idjjh\.gradle\caches\modules-2\files-2.1\com.h2database\h2\2.3.232\4fcc05d966ccdb2812ae8b9a718f69226c0cf4e2\h2-2.3.232.jar;C:\Users\idjjh\.gradle\caches\modules-2\files-2.1\org.springframework\spring-webmvc\6.2.6\48c37c417d00b9dc12e344892b206bbbf67f0945\spring-webmvc-6.2.6.jar;C:\Users\idjjh\.gradle\caches\modules-2\files-2.1\org.springframework\spring-web\6.2.6\17a4f806e877a1064a2442fe7545b0036fb9550f\spring-web-6.2.6.jar;C:\Users\idjjh\.gradle\caches\modules-2\files-2.1\org.hibernate.orm\hibernate-core\6.6.13.Final\e7f1b2d53e89b9863dca12cd5f1b261ba413415b\hibernate-core-6.6.13.Final.jar;C:\Users\idjjh\.gradle\caches\modules-2\files-2.1\org.springframework.data\spring-data-jpa\3.4.5\40000309bebdc0e4e284211701f039eb5b1fb1a6\spring-data-jpa-3.4.5.jar;C:\Users\idjjh\.gradle\caches\modules-2\files-2.1\org.springframework\spring-aspects\6.2.6\2bb7fe48b4fef28af71be32815200c19ac95f783\spring-aspects-6.2.6.jar;C:\Users\
Launcher Type: SUN_STANDARD

[Global flags]
     intx CICompilerCount                          = 12                                        {product} {ergonomic}
     uint ConcGCThreads                            = 3                                         {product} {ergonomic}
     uint G1ConcRefinementThreads                  = 13                                        {product} {ergonomic}
   size_t G1HeapRegionSize                         = 2097152                                   {product} {ergonomic}
    uintx GCDrainStackTargetSize                   = 64                                        {product} {ergonomic}
   size_t InitialHeapSize                          = 260046848                                 {product} {ergonomic}
   size_t MarkStackSize                            = 4194304                                   {product} {ergonomic}
   size_t MaxHeapSize                              = 4139778048                                {product} {ergonomic}
   size_t MaxNewSize                               = 2483027968                                {product} {ergonomic}
   size_t MinHeapDeltaBytes                        = 2097152                                   {product} {ergonomic}
   size_t MinHeapSize                              = 8388608                                   {product} {ergonomic}
    uintx NonProfiledCodeHeapSize                  = 0                                      {pd product} {ergonomic}
     bool ProfileInterpreter                       = false                                  {pd product} {command line}
    uintx ProfiledCodeHeapSize                     = 0                                      {pd product} {ergonomic}
   size_t SoftMaxHeapSize                          = 4139778048                             {manageable} {ergonomic}
     intx TieredStopAtLevel                        = 1                                         {product} {command line}
     bool UseCompressedClassPointers               = true                           {product lp64_product} {ergonomic}
     bool UseCompressedOops                        = true                           {product lp64_product} {ergonomic}
     bool UseG1GC                                  = true                                      {product} {ergonomic}
     bool UseLargePagesIndividualAllocation        = false                                  {pd product} {ergonomic}

Logging:
Log output configuration:
 #0: stdout all=warning uptime,level,tags
 #1: stderr all=off uptime,level,tags

Environment Variables:
JAVA_HOME=C:\Program Files\Java\jdk-17
CLASSPATH=C:\JANG\sia_task\sia-task-dev\task\\gradle\wrapper\gradle-wrapper.jar
PATH=C:\Program Files\Java\jdk-17;C:\Python312\Scripts\;C:\Python312\;C:\oraclexe\app\oracle\product\11.2.0\server\bin;C:\Program Files\Common Files\Oracle\Java\javapath;C:\Windows\system32;C:\Windows;C:\Windows\System32\Wbem;C:\Windows\System32\WindowsPowerShell\v1.0\;C:\Windows\System32\OpenSSH\;C:\Program Files (x86)\NVIDIA Corporation\PhysX\Common;C:\WINDOWS\system32;C:\WINDOWS;C:\WINDOWS\System32\Wbem;C:\WINDOWS\System32\WindowsPowerShell\v1.0\;C:\WINDOWS\System32\OpenSSH\;C:\Program Files\Git\cmd;C:\ProgramData\chocolatey\bin;C:\nodejs;C:\Program Files\NVIDIA Corporation\NVIDIA app\NvDLISR;C:\Program Files\Docker\Docker\resources\bin;C:\Program Files\nodejs\;C:\Users\idjjh\AppData\Local\Programs\Python\Python313\Scripts\;C:\Users\idjjh\AppData\Local\Programs\Python\Python313\;C:\Users\idjjh\AppData\Local\Microsoft\WindowsApps;C:\apache-maven-3.9.9\bin;C:\Users\idjjh\AppData\Roaming\npm;C:\Program Files\Git\bin;C:\Python312\Scripts\;
USERNAME=junhee
LANG=en_US.UTF-8
OS=Windows_NT
PROCESSOR_IDENTIFIER=AMD64 Family 23 Model 96 Stepping 1, AuthenticAMD



---------------  S Y S T E M  ---------------

OS:
 Windows 11 , 64 bit Build 26100 (10.0.26100.3775)
OS uptime: 0 days 1:38 hours
Hyper-V role detected

CPU: total 16 (initial active 16) (16 cores per cpu, 2 threads per core) family 23 model 96 stepping 1 microcode 0x8600104, cx8, cmov, fxsr, ht, mmx, 3dnowpref, sse, sse2, sse3, ssse3, sse4a, sse4.1, sse4.2, popcnt, lzcnt, tsc, tscinvbit, avx, avx2, aes, clmul, bmi1, bmi2, adx, sha, fma, vzeroupper, clflush, clflushopt, hv

Memory: 4k page, system-wide physical 15789M (3358M free)
TotalPageFile size 22189M (AvailPageFile size 2091M)
current process WorkingSet (physical memory assigned to process): 261M, peak: 291M
current process commit charge ("private bytes"): 323M, peak: 386M

vm_info: Java HotSpot(TM) 64-Bit Server VM (17.0.10+11-LTS-240) for windows-amd64 JRE (17.0.10+11-LTS-240), built on Dec 19 2023 21:47:25 by "mach5one" with MS VC++ 17.1 (VS2022)

END.
