#
# A fatal error has been detected by the Java Runtime Environment:
#
#  EXCEPTION_ACCESS_VIOLATION (0xc0000005) at pc=0x00007ff95de632a8, pid=9388, tid=24544
#
# JRE version: Java(TM) SE Runtime Environment (17.0.10+11) (build 17.0.10+11-LTS-240)
# Java VM: Java HotSpot(TM) 64-Bit Server VM (17.0.10+11-LTS-240, mixed mode, emulated-client, sharing, tiered, compressed oops, compressed class ptrs, g1 gc, windows-amd64)
# Problematic frame:
# C  [msvcp140.dll+0x132a8]
#
# No core dump will be written. Minidumps are not enabled by default on client versions of Windows
#
# If you would like to submit a bug report, please visit:
#   https://bugreport.java.com/bugreport/crash.jsp
# The crash happened outside the Java Virtual Machine in native code.
# See problematic frame for where to report the bug.
#

---------------  S U M M A R Y ------------

Command Line: -Djava.library.path=C:\JANG\sia_task\sia-task-dev\task/src/main/resource/nativelib/window -XX:TieredStopAtLevel=1 -Dfile.encoding=x-windows-949 -Duser.country=KR -Duser.language=ko -Duser.variant com.sia.task.TaskApplication

Host: AMD Ryzen 9 4900HS with Radeon Graphics         , 16 cores, 15G,  Windows 11 , 64 bit Build 26100 (10.0.26100.3775)
Time: Sun Apr 27 21:36:25 2025  Windows 11 , 64 bit Build 26100 (10.0.26100.3775) elapsed time: 21.173115 seconds (0d 0h 0m 21s)

---------------  T H R E A D  ---------------

Current thread (0x000001f3f850e330):  JavaThread "http-nio-8080-exec-7" daemon [_thread_in_native, id=24544, stack(0x000000c97ce00000,0x000000c97cf00000)]

Stack: [0x000000c97ce00000,0x000000c97cf00000],  sp=0x000000c97cefc570,  free space=1009k
Native frames: (J=compiled Java code, j=interpreted, Vv=VM code, C=native code)
C  [msvcp140.dll+0x132a8]
C  [gdal.dll+0xc2757d]

Java frames: (J=compiled Java code, j=interpreted, Vv=VM code)
j  org.gdal.gdal.gdalJNI.Open__SWIG_1(Ljava/lang/String;)J+0
j  org.gdal.gdal.gdal.Open(Ljava/lang/String;)Lorg/gdal/gdal/Dataset;+1
j  com.sia.task.service.ConvertCOGService.fileConvertCOG(Ljava/util/List;)V+433
j  com.sia.task.service.FileProcessingService.fileProcessing(Ljava/util/List;)V+14
j  com.sia.task.controller.FileProcessingController.fileProcessing(Lcom/sia/task/fileDTO/FileDTO;)Lorg/springframework/http/ResponseEntity;+39
v  ~StubRoutines::call_stub
J 3815  jdk.internal.reflect.NativeMethodAccessorImpl.invoke0(Ljava/lang/reflect/Method;Ljava/lang/Object;[Ljava/lang/Object;)Ljava/lang/Object; java.base@17.0.10 (0 bytes) @ 0x000001f3a2ae6ca7 [0x000001f3a2ae6c20+0x0000000000000087]
J 3814 c1 jdk.internal.reflect.NativeMethodAccessorImpl.invoke(Ljava/lang/Object;[Ljava/lang/Object;)Ljava/lang/Object; java.base@17.0.10 (137 bytes) @ 0x000001f3a2ae654c [0x000001f3a2ae6200+0x000000000000034c]
J 3803 c1 jdk.internal.reflect.DelegatingMethodAccessorImpl.invoke(Ljava/lang/Object;[Ljava/lang/Object;)Ljava/lang/Object; java.base@17.0.10 (10 bytes) @ 0x000001f3a2ae9764 [0x000001f3a2ae9720+0x0000000000000044]
J 3805 c1 java.lang.reflect.Method.invoke(Ljava/lang/Object;[Ljava/lang/Object;)Ljava/lang/Object; java.base@17.0.10 (65 bytes) @ 0x000001f3a2ae8f6c [0x000001f3a2ae8e60+0x000000000000010c]
j  org.springframework.web.method.support.InvocableHandlerMethod.doInvoke([Ljava/lang/Object;)Ljava/lang/Object;+55
j  org.springframework.web.method.support.InvocableHandlerMethod.invokeForRequest(Lorg/springframework/web/context/request/NativeWebRequest;Lorg/springframework/web/method/support/ModelAndViewContainer;[Ljava/lang/Object;)Ljava/lang/Object;+82
j  org.springframework.web.servlet.mvc.method.annotation.ServletInvocableHandlerMethod.invokeAndHandle(Lorg/springframework/web/context/request/ServletWebRequest;Lorg/springframework/web/method/support/ModelAndViewContainer;[Ljava/lang/Object;)V+4
j  org.springframework.web.servlet.mvc.method.annotation.RequestMappingHandlerAdapter.invokeHandlerMethod(Ljakarta/servlet/http/HttpServletRequest;Ljakarta/servlet/http/HttpServletResponse;Lorg/springframework/web/method/HandlerMethod;)Lorg/springframework/web/servlet/ModelAndView;+309
j  org.springframework.web.servlet.mvc.method.annotation.RequestMappingHandlerAdapter.handleInternal(Ljakarta/servlet/http/HttpServletRequest;Ljakarta/servlet/http/HttpServletResponse;Lorg/springframework/web/method/HandlerMethod;)Lorg/springframework/web/servlet/ModelAndView;+81
j  org.springframework.web.servlet.mvc.method.AbstractHandlerMethodAdapter.handle(Ljakarta/servlet/http/HttpServletRequest;Ljakarta/servlet/http/HttpServletResponse;Ljava/lang/Object;)Lorg/springframework/web/servlet/ModelAndView;+7
j  org.springframework.web.servlet.DispatcherServlet.doDispatch(Ljakarta/servlet/http/HttpServletRequest;Ljakarta/servlet/http/HttpServletResponse;)V+304
j  org.springframework.web.servlet.DispatcherServlet.doService(Ljakarta/servlet/http/HttpServletRequest;Ljakarta/servlet/http/HttpServletResponse;)V+242
j  org.springframework.web.servlet.FrameworkServlet.processRequest(Ljakarta/servlet/http/HttpServletRequest;Ljakarta/servlet/http/HttpServletResponse;)V+70
j  org.springframework.web.servlet.FrameworkServlet.doPost(Ljakarta/servlet/http/HttpServletRequest;Ljakarta/servlet/http/HttpServletResponse;)V+3
j  jakarta.servlet.http.HttpServlet.service(Ljakarta/servlet/http/HttpServletRequest;Ljakarta/servlet/http/HttpServletResponse;)V+150
j  org.springframework.web.servlet.FrameworkServlet.service(Ljakarta/servlet/http/HttpServletRequest;Ljakarta/servlet/http/HttpServletResponse;)V+20
j  jakarta.servlet.http.HttpServlet.service(Ljakarta/servlet/ServletRequest;Ljakarta/servlet/ServletResponse;)V+37
j  org.apache.catalina.core.ApplicationFilterChain.internalDoFilter(Ljakarta/servlet/ServletRequest;Ljakarta/servlet/ServletResponse;)V+300
j  org.apache.catalina.core.ApplicationFilterChain.doFilter(Ljakarta/servlet/ServletRequest;Ljakarta/servlet/ServletResponse;)V+99
j  org.apache.tomcat.websocket.server.WsFilter.doFilter(Ljakarta/servlet/ServletRequest;Ljakarta/servlet/ServletResponse;Ljakarta/servlet/FilterChain;)V+21
j  org.apache.catalina.core.ApplicationFilterChain.internalDoFilter(Ljakarta/servlet/ServletRequest;Ljakarta/servlet/ServletResponse;)V+130
j  org.apache.catalina.core.ApplicationFilterChain.doFilter(Ljakarta/servlet/ServletRequest;Ljakarta/servlet/ServletResponse;)V+99
j  org.springframework.web.filter.RequestContextFilter.doFilterInternal(Ljakarta/servlet/http/HttpServletRequest;Ljakarta/servlet/http/HttpServletResponse;Ljakarta/servlet/FilterChain;)V+21
j  org.springframework.web.filter.OncePerRequestFilter.doFilter(Ljakarta/servlet/ServletRequest;Ljakarta/servlet/ServletResponse;Ljakarta/servlet/FilterChain;)V+150
j  org.apache.catalina.core.ApplicationFilterChain.internalDoFilter(Ljakarta/servlet/ServletRequest;Ljakarta/servlet/ServletResponse;)V+130
j  org.apache.catalina.core.ApplicationFilterChain.doFilter(Ljakarta/servlet/ServletRequest;Ljakarta/servlet/ServletResponse;)V+99
j  org.springframework.web.filter.FormContentFilter.doFilterInternal(Ljakarta/servlet/http/HttpServletRequest;Ljakarta/servlet/http/HttpServletResponse;Ljakarta/servlet/FilterChain;)V+38
j  org.springframework.web.filter.OncePerRequestFilter.doFilter(Ljakarta/servlet/ServletRequest;Ljakarta/servlet/ServletResponse;Ljakarta/servlet/FilterChain;)V+150
j  org.apache.catalina.core.ApplicationFilterChain.internalDoFilter(Ljakarta/servlet/ServletRequest;Ljakarta/servlet/ServletResponse;)V+130
j  org.apache.catalina.core.ApplicationFilterChain.doFilter(Ljakarta/servlet/ServletRequest;Ljakarta/servlet/ServletResponse;)V+99
j  org.springframework.web.filter.CharacterEncodingFilter.doFilterInternal(Ljakarta/servlet/http/HttpServletRequest;Ljakarta/servlet/http/HttpServletResponse;Ljakarta/servlet/FilterChain;)V+53
j  org.springframework.web.filter.OncePerRequestFilter.doFilter(Ljakarta/servlet/ServletRequest;Ljakarta/servlet/ServletResponse;Ljakarta/servlet/FilterChain;)V+150
j  org.apache.catalina.core.ApplicationFilterChain.internalDoFilter(Ljakarta/servlet/ServletRequest;Ljakarta/servlet/ServletResponse;)V+130
j  org.apache.catalina.core.ApplicationFilterChain.doFilter(Ljakarta/servlet/ServletRequest;Ljakarta/servlet/ServletResponse;)V+99
j  org.apache.catalina.core.StandardWrapperValve.invoke(Lorg/apache/catalina/connector/Request;Lorg/apache/catalina/connector/Response;)V+514
j  org.apache.catalina.core.StandardContextValve.invoke(Lorg/apache/catalina/connector/Request;Lorg/apache/catalina/connector/Response;)V+169
j  org.apache.catalina.authenticator.AuthenticatorBase.invoke(Lorg/apache/catalina/connector/Request;Lorg/apache/catalina/connector/Response;)V+221
j  org.apache.catalina.core.StandardHostValve.invoke(Lorg/apache/catalina/connector/Request;Lorg/apache/catalina/connector/Response;)V+131
j  org.apache.catalina.valves.ErrorReportValve.invoke(Lorg/apache/catalina/connector/Request;Lorg/apache/catalina/connector/Response;)V+6
j  org.apache.catalina.core.StandardEngineValve.invoke(Lorg/apache/catalina/connector/Request;Lorg/apache/catalina/connector/Response;)V+59
j  org.apache.catalina.connector.CoyoteAdapter.service(Lorg/apache/coyote/Request;Lorg/apache/coyote/Response;)V+188
j  org.apache.coyote.http11.Http11Processor.service(Lorg/apache/tomcat/util/net/SocketWrapperBase;)Lorg/apache/tomcat/util/net/AbstractEndpoint$Handler$SocketState;+796
j  org.apache.coyote.AbstractProcessorLight.process(Lorg/apache/tomcat/util/net/SocketWrapperBase;Lorg/apache/tomcat/util/net/SocketEvent;)Lorg/apache/tomcat/util/net/AbstractEndpoint$Handler$SocketState;+155
j  org.apache.coyote.AbstractProtocol$ConnectionHandler.process(Lorg/apache/tomcat/util/net/SocketWrapperBase;Lorg/apache/tomcat/util/net/SocketEvent;)Lorg/apache/tomcat/util/net/AbstractEndpoint$Handler$SocketState;+482
j  org.apache.tomcat.util.net.NioEndpoint$SocketProcessor.doRun()V+249
j  org.apache.tomcat.util.net.SocketProcessorBase.run()V+32
j  org.apache.tomcat.util.threads.ThreadPoolExecutor.runWorker(Lorg/apache/tomcat/util/threads/ThreadPoolExecutor$Worker;)V+92
j  org.apache.tomcat.util.threads.ThreadPoolExecutor$Worker.run()V+5
j  org.apache.tomcat.util.threads.TaskThread$WrappingRunnable.run()V+4
j  java.lang.Thread.run()V+11 java.base@17.0.10
v  ~StubRoutines::call_stub

siginfo: EXCEPTION_ACCESS_VIOLATION (0xc0000005), reading address 0x0000000000000000


Registers:
RAX=0x0000000000000000, RBX=0x000001f3f89a7b70, RCX=0x00007ff916e986f8, RDX=0x0000000000000000
RSP=0x000000c97cefc570, RBP=0x000000c97cefc800, RSI=0x00007ff916e986f0, RDI=0x0000000000004000
R8 =0x0000000000000009, R9 =0x0000000000000040, R10=0xfefefefefefefeff, R11=0x8080808080808080
R12=0x000000c97cefc850, R13=0x0000000000000000, R14=0x0000000000000000, R15=0x00007ff916e98738
RIP=0x00007ff95de632a8, EFLAGS=0x0000000000010282


Register to memory mapping:

RIP=0x00007ff95de632a8 msvcp140.dll
RAX=0x0 is NULL
RBX=0x000001f3f89a7b70 points into unknown readable memory: 0x73726573555c3a43 | 43 3a 5c 55 73 65 72 73
RCX=0x00007ff916e986f8 gdal.dll
RDX=0x0 is NULL
RSP=0x000000c97cefc570 is pointing into the stack for thread: 0x000001f3f850e330
RBP=0x000000c97cefc800 is pointing into the stack for thread: 0x000001f3f850e330
RSI=0x00007ff916e986f0 gdal.dll
RDI=0x0000000000004000 is an unknown value
R8 =0x0000000000000009 is an unknown value
R9 =0x0000000000000040 is an unknown value
R10=0xfefefefefefefeff is an unknown value
R11=0x8080808080808080 is an unknown value
R12=0x000000c97cefc850 is pointing into the stack for thread: 0x000001f3f850e330
R13=0x0 is NULL
R14=0x0 is NULL
R15=0x00007ff916e98738 gdal.dll


Top of Stack: (sp=0x000000c97cefc570)
0x000000c97cefc570:   0000000000000002 0000000000000000
0x000000c97cefc580:   0000000000000000 0000000000000000
0x000000c97cefc590:   0000000000000000 0000000000000000
0x000000c97cefc5a0:   000032fb216affaf 000001f3f89a8110
0x000000c97cefc5b0:   0000000000000042 000001f3f89a8110
0x000000c97cefc5c0:   0000000000004000 00007ff91674757d
0x000000c97cefc5d0:   000001f398830000 000000000000003a
0x000000c97cefc5e0:   000001f3f89a7b70 ffffffffffffffff
0x000000c97cefc5f0:   00007ff916e986f0 00007ff915b3c93e
0x000000c97cefc600:   000000000000003a 000001f3f850e330
0x000000c97cefc610:   000001f3b2453e48 00007dabbaf74e9a
0x000000c97cefc620:   0000000000000042 000001f3f89a8110
0x000000c97cefc630:   0000000000000000 0000000000000000
0x000000c97cefc640:   0000000000004000 ffffffffffffffff
0x000000c97cefc650:   000000c97cefc800 00007ff916746d8d
0x000000c97cefc660:   000000c97cefc810 000000c97cefcaf0 

Instructions: (pc=0x00007ff95de632a8)
0x00007ff95de631a8:   48 89 01 48 83 c1 08 48 83 c4 28 48 ff 25 26 30
0x00007ff95de631b8:   04 00 48 8d 05 37 70 04 00 45 33 c0 48 89 01 ba
0x00007ff95de631c8:   a0 0f 00 00 48 83 c1 08 48 83 c4 28 48 ff 25 ed
0x00007ff95de631d8:   2f 04 00 cc cc cc cc cc 48 83 c1 08 48 ff 25 cd
0x00007ff95de631e8:   2f 04 00 cc cc cc cc cc 48 83 c1 08 48 ff 25 dd
0x00007ff95de631f8:   2f 04 00 cc cc cc cc cc 48 83 c1 08 48 ff 25 45
0x00007ff95de63208:   2e 04 00 cc 48 89 5c 24 18 48 89 74 24 20 57 41
0x00007ff95de63218:   56 41 57 48 83 ec 40 48 8b 05 0a 11 07 00 48 33
0x00007ff95de63228:   c4 48 89 44 24 30 8b 01 4c 8b f2 0f ba f0 08 48
0x00007ff95de63238:   8b f1 83 f8 01 75 4a ff 15 b3 2f 04 00 39 46 48
0x00007ff95de63248:   74 19 48 8d 4e 08 48 8b 01 48 8b 00 ff 15 6e 34
0x00007ff95de63258:   04 00 ff 15 98 2f 04 00 89 46 48 ff 46 4c 33 c0
0x00007ff95de63268:   48 8b 4c 24 30 48 33 cc e8 cb fd 03 00 48 8b 5c
0x00007ff95de63278:   24 70 48 8b 74 24 78 48 83 c4 40 41 5f 41 5e 5f
0x00007ff95de63288:   c3 4d 85 f6 75 28 4c 8d 79 48 ff 15 60 2f 04 00
0x00007ff95de63298:   41 39 07 0f 84 ad 00 00 00 48 8d 4e 08 48 8b 01
0x00007ff95de632a8:   48 8b 00 ff 15 17 34 04 00 e9 98 00 00 00 48 83
0x00007ff95de632b8:   3a 00 7c 6e 75 06 83 7a 08 00 7e 66 ba 01 00 00
0x00007ff95de632c8:   00 48 8d 4c 24 20 e8 2d 09 00 00 48 8b 44 24 20
0x00007ff95de632d8:   49 3b 06 7c 14 0f 85 b3 00 00 00 41 8b 46 08 39
0x00007ff95de632e8:   44 24 28 0f 8d a5 00 00 00 4c 8d 7e 48 ff 15 fd
0x00007ff95de632f8:   2e 04 00 41 39 07 74 4e 48 8b 46 08 48 8d 54 24
0x00007ff95de63308:   20 49 8b ce 48 8b 58 10 e8 db 07 00 00 8b d0 48
0x00007ff95de63318:   8d 4e 08 48 8b c3 ff 15 a4 33 04 00 84 c0 74 9c
0x00007ff95de63328:   eb 24 4c 8d 79 48 ff 15 c4 2e 04 00 41 39 07 74
0x00007ff95de63338:   15 48 8d 4e 08 48 8b 01 48 8b 40 08 ff 15 7e 33
0x00007ff95de63348:   04 00 84 c0 74 48 8b 4e 4c 33 db bf 02 01 00 00
0x00007ff95de63358:   8d 41 01 89 46 4c 83 f8 01 7e 0f f7 06 00 01 00
0x00007ff95de63368:   00 75 10 89 4e 4c 8b df eb 09 ff 15 80 2e 04 00
0x00007ff95de63378:   41 89 07 85 db 0f 84 e3 fe ff ff 3b df 74 0a b8
0x00007ff95de63388:   04 00 00 00 e9 d7 fe ff ff 4d 85 f6 74 20 49 83
0x00007ff95de63398:   3e 00 75 10 41 8b 46 08 f7 d8 1b c0 83 c0 03 e9 


Stack slot to memory mapping:
stack at sp + 0 slots: 0x0000000000000002 is an unknown value
stack at sp + 1 slots: 0x0 is NULL
stack at sp + 2 slots: 0x0 is NULL
stack at sp + 3 slots: 0x0 is NULL
stack at sp + 4 slots: 0x0 is NULL
stack at sp + 5 slots: 0x0 is NULL
stack at sp + 6 slots: 0x000032fb216affaf is an unknown value
stack at sp + 7 slots: 0x000001f3f89a8110 points into unknown readable memory: 0x73726573555c3a43 | 43 3a 5c 55 73 65 72 73


Compiled method (n/a)   21298 3815     n 0       jdk.internal.reflect.NativeMethodAccessorImpl::invoke0 (native)
 total in heap  [0x000001f3a2ae6a90,0x000001f3a2ae6f30] = 1184
 relocation     [0x000001f3a2ae6be8,0x000001f3a2ae6c20] = 56
 main code      [0x000001f3a2ae6c20,0x000001f3a2ae6f30] = 784

[Constant Pool (empty)]

[MachCode]
[Entry Point]
  # {method} {0x000001f3b21c4290} 'invoke0' '(Ljava/lang/reflect/Method;Ljava/lang/Object;[Ljava/lang/Object;)Ljava/lang/Object;' in 'jdk/internal/reflect/NativeMethodAccessorImpl'
  # parm0:    rdx:rdx   = 'java/lang/reflect/Method'
  # parm1:    r8:r8     = 'java/lang/Object'
  # parm2:    r9:r9     = '[Ljava/lang/Object;'
  #           [sp+0x80]  (sp of caller)
  0x000001f3a2ae6c20: 448b 5208 | 49bb 0000 | 00b2 f301 | 0000 4d03 | d349 3bc2 | 0f84 0600 

  0x000001f3a2ae6c38: ;   {runtime_call ic_miss_stub}
  0x000001f3a2ae6c38: 0000 e941 | 5e96 ff90 
[Verified Entry Point]
  0x000001f3a2ae6c40: 8984 2400 | 90ff ff55 | 488b ec48 | 83ec 704c | 894c 2438 | 4983 f900 | 488d 4424 | 3848 0f44 
  0x000001f3a2ae6c60: 4424 3848 | 8944 2420 | 4c89 4424 | 3049 83f8 | 004c 8d4c | 2430 4c0f | 444c 2430 | 4889 5424 
  0x000001f3a2ae6c80: 2848 83fa | 004c 8d44 | 2428 4c0f | 4444 2428 

  0x000001f3a2ae6c90: ;   {oop(a 'java/lang/Class'{0x00000007097f4928} = 'jdk/internal/reflect/NativeMethodAccessorImpl')}
  0x000001f3a2ae6c90: 49be 2849 | 7f09 0700 | 0000 4c89 | 7424 584c | 8d74 2458 | 498b d6c5 

  0x000001f3a2ae6ca8: ;   {internal_word}
  0x000001f3a2ae6ca8: f877 49ba | a76c aea2 | f301 0000 | 4d89 9798 | 0200 0049 | 89a7 9002 

  0x000001f3a2ae6cc0: ;   {external_word}
  0x000001f3a2ae6cc0: 0000 49ba | e380 be24 | f97f 0000 | 4180 3a00 | 0f84 5200 | 0000 5241 

  0x000001f3a2ae6cd8: ;   {metadata({method} {0x000001f3b21c4290} 'invoke0' '(Ljava/lang/reflect/Method;Ljava/lang/Object;[Ljava/lang/Object;)Ljava/lang/Object;' in 'jdk/internal/reflect/NativeMethodAccessorImpl')}
  0x000001f3a2ae6cd8: 5041 5148 | ba88 421c | b2f3 0100 | 0049 8bcf | 4883 ec20 | f7c4 0f00 | 0000 0f84 | 1a00 0000 
  0x000001f3a2ae6cf8: 4883 ec08 

  0x000001f3a2ae6cfc: ;   {runtime_call}
  0x000001f3a2ae6cfc: 49ba 00d6 | 7b24 f97f | 0000 41ff | d248 83c4 | 08e9 0d00 

  0x000001f3a2ae6d10: ;   {runtime_call}
  0x000001f3a2ae6d10: 0000 49ba | 00d6 7b24 | f97f 0000 | 41ff d248 | 83c4 2041 | 5941 585a | 498d 8fb0 | 0200 0041 
  0x000001f3a2ae6d30: c787 4003 | 0000 0400 

  0x000001f3a2ae6d38: ;   {runtime_call}
  0x000001f3a2ae6d38: 0000 49ba | a43e 9fab | f97f 0000 | 41ff d2c5 | f877 41c7 | 8740 0300 | 0005 0000 | 00f0 8344 
  0x000001f3a2ae6d58: 24c0 0049 | 3baf 4803 | 0000 0f87 | 1100 0000 | 4181 bf30 | 0300 0000 | 0000 000f | 842c 0000 
  0x000001f3a2ae6d78: 00c5 f877 | 4889 45f8 | 498b cf4c | 8be4 4883 | ec20 4883 

  0x000001f3a2ae6d8c: ;   {runtime_call}
  0x000001f3a2ae6d8c: e4f0 49ba | 408d 8624 | f97f 0000 | 41ff d249 | 8be4 4d33 | e448 8b45 | f841 c787 | 4003 0000 
  0x000001f3a2ae6dac: 0800 0000 | 4181 bfb0 | 0300 0002 | 0000 000f | 843f 0100 

  0x000001f3a2ae6dc0: ;   {external_word}
  0x000001f3a2ae6dc0: 0049 bae3 | 80be 24f9 | 7f00 0041 | 803a 000f | 8450 0000 | 0048 8945 

  0x000001f3a2ae6dd8: ;   {metadata({method} {0x000001f3b21c4290} 'invoke0' '(Ljava/lang/reflect/Method;Ljava/lang/Object;[Ljava/lang/Object;)Ljava/lang/Object;' in 'jdk/internal/reflect/NativeMethodAccessorImpl')}
  0x000001f3a2ae6dd8: f848 ba88 | 421c b2f3 | 0100 0049 | 8bcf 4883 | ec20 f7c4 | 0f00 0000 | 0f84 1a00 | 0000 4883 
  0x000001f3a2ae6df8: ;   {runtime_call}
  0x000001f3a2ae6df8: ec08 49ba | 00d6 7b24 | f97f 0000 | 41ff d248 | 83c4 08e9 | 0d00 0000 

  0x000001f3a2ae6e10: ;   {runtime_call}
  0x000001f3a2ae6e10: 49ba 00d6 | 7b24 f97f | 0000 41ff | d248 83c4 | 2048 8b45 | f849 c787 | 9002 0000 | 0000 0000 
  0x000001f3a2ae6e30: 49c7 8798 | 0200 0000 | 0000 00c5 | f877 4885 | c00f 8493 | 0000 0048 | f7c0 0100 | 0000 0f84 
  0x000001f3a2ae6e50: 8300 0000 | 488b 40ff | 4180 7f38 | 000f 846f | 0000 0048 | 83f8 000f | 8465 0000 | 0049 8b4f 
  0x000001f3a2ae6e70: 2048 83f9 | 000f 8414 | 0000 0048 | 83e9 0849 | 894f 2049 | 034f 3048 | 8901 e943 | 0000 0050 
  0x000001f3a2ae6e90: 498b d748 | 8bc8 4883 | ec20 f7c4 | 0f00 0000 | 0f84 1a00 | 0000 4883 

  0x000001f3a2ae6ea8: ;   {runtime_call}
  0x000001f3a2ae6ea8: ec08 49ba | 3009 3b24 | f97f 0000 | 41ff d248 | 83c4 08e9 | 0d00 0000 

  0x000001f3a2ae6ec0: ;   {runtime_call}
  0x000001f3a2ae6ec0: 49ba 3009 | 3b24 f97f | 0000 41ff | d248 83c4 | 2058 e903 | 0000 0048 | 8b00 498b | 8fd8 0000 
  0x000001f3a2ae6ee0: 00c7 8100 | 0100 0000 | 0000 00c9 | 4981 7f08 | 0000 0000 | 0f85 0100 

  0x000001f3a2ae6ef8: ;   {runtime_call StubRoutines (1)}
  0x000001f3a2ae6ef8: 0000 c3e9 | 00a0 91ff | c5f8 7748 | 8945 f84c | 8be4 4883 | ec20 4883 

  0x000001f3a2ae6f10: ;   {runtime_call}
  0x000001f3a2ae6f10: e4f0 49ba | a006 7c24 | f97f 0000 | 41ff d249 | 8be4 4d33 | e448 8b45 | f8e9 93fe | ffff f4f4 
[/MachCode]


Compiled method (c1)   21336 3814   !   1       jdk.internal.reflect.NativeMethodAccessorImpl::invoke (137 bytes)
 total in heap  [0x000001f3a2ae6010,0x000001f3a2ae6a50] = 2624
 relocation     [0x000001f3a2ae6168,0x000001f3a2ae61f0] = 136
 main code      [0x000001f3a2ae6200,0x000001f3a2ae6660] = 1120
 stub code      [0x000001f3a2ae6660,0x000001f3a2ae66e8] = 136
 metadata       [0x000001f3a2ae66e8,0x000001f3a2ae6708] = 32
 scopes data    [0x000001f3a2ae6708,0x000001f3a2ae67c8] = 192
 scopes pcs     [0x000001f3a2ae67c8,0x000001f3a2ae68e8] = 288
 dependencies   [0x000001f3a2ae68e8,0x000001f3a2ae68f0] = 8
 handler table  [0x000001f3a2ae68f0,0x000001f3a2ae6a10] = 288
 nul chk table  [0x000001f3a2ae6a10,0x000001f3a2ae6a50] = 64

[Constant Pool (empty)]

[MachCode]
[Entry Point]
  # {method} {0x000001f3b21c3d68} 'invoke' '(Ljava/lang/Object;[Ljava/lang/Object;)Ljava/lang/Object;' in 'jdk/internal/reflect/NativeMethodAccessorImpl'
  # this:     rdx:rdx   = 'jdk/internal/reflect/NativeMethodAccessorImpl'
  # parm0:    r8:r8     = 'java/lang/Object'
  # parm1:    r9:r9     = '[Ljava/lang/Object;'
  #           [sp+0xd0]  (sp of caller)
  0x000001f3a2ae6200: 448b 5208 | 49bb 0000 | 00b2 f301 | 0000 4d03 | d34c 3bd0 

  0x000001f3a2ae6214: ;   {runtime_call ic_miss_stub}
  0x000001f3a2ae6214: 0f85 6668 | 96ff 660f | 1f44 0000 
[Verified Entry Point]
  0x000001f3a2ae6220: 8984 2400 | 90ff ff55 | 4881 ecc0 | 0000 0048 | 8954 2470 | 8b72 0cff | c689 720c 

  0x000001f3a2ae623c: ;   {oop(a 'java/lang/Class'{0x0000000709878540} = 'jdk/internal/reflect/ReflectionFactory')}
  0x000001f3a2ae623c: 48bf 4085 | 8709 0700 | 0000 8b7f | 783b f70f | 8f08 0000 | 0048 8bf2 | e9e2 0200 | 004c 898c 
  0x000001f3a2ae625c: 2480 0000 | 004c 8944 | 2478 8b72 | 1448 c1e6 | 038b 7624 | 48c1 e603 

  0x000001f3a2ae6274: ; implicit exception: dispatches to 0x000001f3a2ae659a
  0x000001f3a2ae6274: 483b 0648 | 8bd6 0f1f 

  0x000001f3a2ae627c: ;   {optimized virtual_call}
  0x000001f3a2ae627c: 4400 00e8 

  0x000001f3a2ae6280: ; ImmutableOopMap {[112]=Oop [128]=Oop [120]=Oop }
                      ;*invokevirtual isHidden {reexecute=0 rethrow=0 return_oop=0}
                      ; - jdk.internal.reflect.NativeMethodAccessorImpl::invoke@24 (line 57)
  0x000001f3a2ae6280: 3cf2 e1ff | 83f8 000f | 8417 0000 | 004c 8b8c | 2480 0000 | 004c 8b44 | 2478 488b | 7424 70e9 
  0x000001f3a2ae62a0: 9702 0000 | 488b 5424 | 708b 4210 | 83f8 000f | 8415 0000 | 004c 8b8c | 2480 0000 | 004c 8b44 
  0x000001f3a2ae62c0: 2478 488b | f2e9 7102 | 0000 488d | 7210 b800 | 0000 00bf | 0100 0000 | f00f b13e | be01 0000 
  0x000001f3a2ae62e0: 000f 8405 | 0000 00be | 0000 0000 | 83fe 000f | 8515 0000 | 004c 8b8c | 2480 0000 | 004c 8b44 
  0x000001f3a2ae6300: 2478 488b | f2e9 3102 | 0000 488b 

  0x000001f3a2ae630c: ;   {metadata('jdk/internal/reflect/MethodAccessorGenerator')}
  0x000001f3a2ae630c: da48 ba68 | 360f b3f3 | 0100 0049 | 8b87 0801 | 0000 488d | b890 0000 | 0049 3bbf | 1801 0000 
  0x000001f3a2ae632c: 0f87 6d02 | 0000 4989 | bf08 0100 | 0048 c700 | 0100 0000 | 488b ca49 | ba00 0000 | b2f3 0100 
  0x000001f3a2ae634c: 0049 2bca | 8948 0848 | 33c9 8948 | 0c48 33c9 | 48bf 1000 | 0000 0000 | 0000 4889 | 4cf8 0848 
  0x000001f3a2ae636c: ffcf 75f6 | ba1e 0000 | 0066 8950 | 6aba 4900 | 0000 6689 | 506c 8b53 | 1448 c1e2 | 038b 7224 
  0x000001f3a2ae638c: 48c1 e603 | 8b7a 2848 | c1e7 038b | 5230 48c1 | e203 4889 | 8424 9800 | 0000 4889 | bc24 9000 
  0x000001f3a2ae63ac: 0000 4889 | b424 8800 | 0000 0f1f | 8000 0000 | 0048 b878 | 1c00 b2f3 

  0x000001f3a2ae63c4: ;   {virtual_call}
  0x000001f3a2ae63c4: 0100 00e8 

  0x000001f3a2ae63c8: ; ImmutableOopMap {[128]=Oop [120]=Oop [152]=Oop [112]=Oop [144]=Oop [136]=Oop }
                      ;*invokevirtual clone {reexecute=0 rethrow=0 return_oop=0}
                      ; - java.lang.reflect.Method::getParameterTypes@4 (line 314)
                      ; - jdk.internal.reflect.NativeMethodAccessorImpl::invoke@77 (line 65)
  0x000001f3a2ae63c8: d4e9 d9ff | 4883 f800 | 0f84 2900 

  0x000001f3a2ae63d4: ;   {metadata('java/lang/Class'[])}
  0x000001f3a2ae63d4: 0000 48bb | 781c 00b2 | f301 0000 | 8b78 0849 | ba00 0000 | b2f3 0100 | 0049 03fa | 483b 5f40 
  0x000001f3a2ae63f4: 0f85 b701 | 0000 e900 | 0000 0048 | 8bf0 488b | 5424 708b | 7a14 48c1 | e703 8b5f | 2c48 c1e3 
  0x000001f3a2ae6414: 038b 7f34 | 48c1 e703 | 488b d748 | 899c 24a8 | 0000 0048 | 89b4 24a0 | 0000 0066 | 0f1f 4400 
  0x000001f3a2ae6434: 0048 b878 | 1c00 b2f3 

  0x000001f3a2ae643c: ;   {virtual_call}
  0x000001f3a2ae643c: 0100 00e8 

  0x000001f3a2ae6440: ; ImmutableOopMap {[128]=Oop [120]=Oop [152]=Oop [144]=Oop [136]=Oop [112]=Oop [168]=Oop [160]=Oop }
                      ;*invokevirtual clone {reexecute=0 rethrow=0 return_oop=0}
                      ; - java.lang.reflect.Method::getExceptionTypes@4 (line 341)
                      ; - jdk.internal.reflect.NativeMethodAccessorImpl::invoke@91 (line 67)
  0x000001f3a2ae6440: 5ce9 d9ff | 4883 f800 | 0f84 2a00 

  0x000001f3a2ae644c: ;   {metadata('java/lang/Class'[])}
  0x000001f3a2ae644c: 0000 48bf | 781c 00b2 | f301 0000 | 448b 4808 | 49ba 0000 | 00b2 f301 | 0000 4d03 | ca49 3b79 
  0x000001f3a2ae646c: 400f 854c | 0100 00e9 | 0000 0000 | 488b c848 | 8b54 2470 | 448b 4214 | 49c1 e003 

  0x000001f3a2ae6488: ; implicit exception: dispatches to 0x000001f3a2ae65c8
  0x000001f3a2ae6488: 418b 5820 | 4c8b 8424 | 8800 0000 | 4c8b 8c24 | 9000 0000 | 488b bc24 | a000 0000 | 488b b424 
  0x000001f3a2ae64a8: a800 0000 | 891c 2448 | 8b94 2498 

  0x000001f3a2ae64b4: ;   {optimized virtual_call}
  0x000001f3a2ae64b4: 0000 00e8 

  0x000001f3a2ae64b8: ; ImmutableOopMap {[128]=Oop [120]=Oop [112]=Oop }
                      ;*invokevirtual generateMethod {reexecute=0 rethrow=0 return_oop=0}
                      ; - jdk.internal.reflect.NativeMethodAccessorImpl::invoke@101 (line 63)
  0x000001f3a2ae64b8: d901 0000 | 4883 f800 | 0f84 2a00 

  0x000001f3a2ae64c4: ;   {metadata('jdk/internal/reflect/MethodAccessorImpl')}
  0x000001f3a2ae64c4: 0000 48be | d0ae 00b2 | f301 0000 | 448b 4808 | 49ba 0000 | 00b2 f301 | 0000 4d03 | ca49 3b71 
  0x000001f3a2ae64e4: 400f 85e2 | 0000 00e9 | 0000 0000 | 488b d048 | 8b74 2470 | 448b 4618 | 49c1 e003 | 450f be4f 
  0x000001f3a2ae6504: 3841 83f9 | 000f 85c7 | 0000 004c | 8bd2 49c1 | ea03 4589 | 500c 4d8b | c84c 33ca | 49c1 e915 
  0x000001f3a2ae6524: 4983 f900 | 0f85 cd00 | 0000 4c8b | 8c24 8000 | 0000 4c8b | 4424 788b | 5614 48c1 | e203 0f1f 
  0x000001f3a2ae6544: ;   {static_call}
  0x000001f3a2ae6544: 4400 00e8 

  0x000001f3a2ae6548: ; ImmutableOopMap {}
                      ;*invokestatic invoke0 {reexecute=0 rethrow=0 return_oop=0}
                      ; - jdk.internal.reflect.NativeMethodAccessorImpl::invoke@133 (line 77)
  0x000001f3a2ae6548: f406 0000 | 4881 c4c0 | 0000 005d 

  0x000001f3a2ae6554: ;   {poll_return}
  0x000001f3a2ae6554: 493b a748 | 0300 000f | 87b2 0000 | 00c3 488b | 7424 7049 | 8b87 d803 | 0000 4d33 | d24d 8997 
  0x000001f3a2ae6574: d803 0000 | 4d33 d24d | 8997 e003 | 0000 bf00 | 0000 0089 | 7e10 f083 | 4424 c000 | e9b8 0000 
  0x000001f3a2ae6594: ;   {runtime_call throw_null_pointer_exception Runtime1 stub}
  0x000001f3a2ae6594: 00e8 86f1 

  0x000001f3a2ae6598: ; ImmutableOopMap {rdx=Oop [112]=Oop [128]=Oop [120]=Oop }
                      ;*invokevirtual getDeclaringClass {reexecute=0 rethrow=0 return_oop=0}
                      ; - jdk.internal.reflect.NativeMethodAccessorImpl::invoke@21 (line 57)
                      ;   {runtime_call throw_null_pointer_exception Runtime1 stub}
  0x000001f3a2ae6598: a0ff e881 

  0x000001f3a2ae659c: ; ImmutableOopMap {rdx=Oop [112]=Oop [128]=Oop [120]=Oop rsi=Oop }
                      ;*invokevirtual isHidden {reexecute=0 rethrow=0 return_oop=0}
                      ; - jdk.internal.reflect.NativeMethodAccessorImpl::invoke@24 (line 57)
  0x000001f3a2ae659c: f1a0 ff48 

  0x000001f3a2ae65a0: ;   {runtime_call fast_new_instance Runtime1 stub}
  0x000001f3a2ae65a0: 8bd2 e859 

  0x000001f3a2ae65a4: ; ImmutableOopMap {[128]=Oop [120]=Oop rbx=Oop [112]=Oop }
                      ;*new {reexecute=0 rethrow=0 return_oop=0}
                      ; - jdk.internal.reflect.NativeMethodAccessorImpl::invoke@52 (line 61)
  0x000001f3a2ae65a4: faa0 ffe9 | c4fd ffff 

  0x000001f3a2ae65ac: ;   {runtime_call throw_null_pointer_exception Runtime1 stub}
  0x000001f3a2ae65ac: e86f f1a0 

  0x000001f3a2ae65b0: ; ImmutableOopMap {[128]=Oop [120]=Oop rbx=Oop [112]=Oop rax=Oop rdx=Oop }
                      ;*invokevirtual getDeclaringClass {reexecute=0 rethrow=0 return_oop=0}
                      ; - jdk.internal.reflect.NativeMethodAccessorImpl::invoke@63 (line 63)
  0x000001f3a2ae65b0: ff48 8904 

  0x000001f3a2ae65b4: ;   {runtime_call throw_class_cast_exception Runtime1 stub}
  0x000001f3a2ae65b4: 24e8 6615 

  0x000001f3a2ae65b8: ; ImmutableOopMap {[128]=Oop [120]=Oop [152]=Oop [112]=Oop [144]=Oop [136]=Oop }
                      ;*checkcast {reexecute=0 rethrow=0 return_oop=0}
                      ; - java.lang.reflect.Method::getParameterTypes@7 (line 314)
                      ; - jdk.internal.reflect.NativeMethodAccessorImpl::invoke@77 (line 65)
                      ;   {runtime_call throw_null_pointer_exception Runtime1 stub}
  0x000001f3a2ae65b8: a1ff e861 

  0x000001f3a2ae65bc: ; ImmutableOopMap {[128]=Oop [120]=Oop [152]=Oop [144]=Oop [136]=Oop rsi=Oop rdx=Oop [112]=Oop rdi=Oop }
                      ;*invokevirtual getReturnType {reexecute=0 rethrow=0 return_oop=0}
                      ; - jdk.internal.reflect.NativeMethodAccessorImpl::invoke@84 (line 66)
  0x000001f3a2ae65bc: f1a0 ff48 

  0x000001f3a2ae65c0: ;   {runtime_call throw_class_cast_exception Runtime1 stub}
  0x000001f3a2ae65c0: 8904 24e8 

  0x000001f3a2ae65c4: ; ImmutableOopMap {[128]=Oop [120]=Oop [152]=Oop [144]=Oop [136]=Oop [112]=Oop [168]=Oop [160]=Oop }
                      ;*checkcast {reexecute=0 rethrow=0 return_oop=0}
                      ; - java.lang.reflect.Method::getExceptionTypes@7 (line 341)
                      ; - jdk.internal.reflect.NativeMethodAccessorImpl::invoke@91 (line 67)
  0x000001f3a2ae65c4: 5815 a1ff 

  0x000001f3a2ae65c8: ;   {runtime_call throw_null_pointer_exception Runtime1 stub}
  0x000001f3a2ae65c8: e853 f1a0 

  0x000001f3a2ae65cc: ; ImmutableOopMap {[128]=Oop [120]=Oop [152]=Oop [144]=Oop [136]=Oop [168]=Oop [160]=Oop rcx=Oop rdx=Oop [112]=Oop }
                      ;*invokevirtual getModifiers {reexecute=0 rethrow=0 return_oop=0}
                      ; - jdk.internal.reflect.NativeMethodAccessorImpl::invoke@98 (line 68)
  0x000001f3a2ae65cc: ff48 8904 

  0x000001f3a2ae65d0: ;   {runtime_call throw_class_cast_exception Runtime1 stub}
  0x000001f3a2ae65d0: 24e8 4a15 

  0x000001f3a2ae65d4: ; ImmutableOopMap {[128]=Oop [120]=Oop [112]=Oop }
                      ;*checkcast {reexecute=0 rethrow=0 return_oop=0}
                      ; - jdk.internal.reflect.NativeMethodAccessorImpl::invoke@104 (line 63)
  0x000001f3a2ae65d4: a1ff 458b | 480c 49c1 | e103 4983 | f900 0f84 | 27ff ffff | 4c89 0c24 

  0x000001f3a2ae65ec: ;   {runtime_call g1_pre_barrier_slow}
  0x000001f3a2ae65ec: e80f 48a1 | ffe9 19ff 

  0x000001f3a2ae65f4: ;   {runtime_call throw_null_pointer_exception Runtime1 stub}
  0x000001f3a2ae65f4: ffff e825 

  0x000001f3a2ae65f8: ; ImmutableOopMap {[128]=Oop [120]=Oop rdx=Oop rsi=Oop [112]=Oop r8=Oop }
                      ;*invokevirtual setDelegate {reexecute=0 rethrow=0 return_oop=0}
                      ; - jdk.internal.reflect.NativeMethodAccessorImpl::invoke@113 (line 69)
  0x000001f3a2ae65f8: f1a0 ff48 | 83fa 000f | 8429 ffff | ff4c 8904 

  0x000001f3a2ae6608: ;   {runtime_call g1_post_barrier_slow}
  0x000001f3a2ae6608: 24e8 f24a | a1ff e91b 

  0x000001f3a2ae6610: ;   {internal_word}
  0x000001f3a2ae6610: ffff ff49 | ba54 65ae | a2f3 0100 | 004d 8997 | 6003 0000 

  0x000001f3a2ae6624: ;   {runtime_call SafepointBlob}
  0x000001f3a2ae6624: e9d7 cd96 

  0x000001f3a2ae6628: ;   {runtime_call throw_null_pointer_exception Runtime1 stub}
  0x000001f3a2ae6628: ffe8 f2f0 

  0x000001f3a2ae662c: ; ImmutableOopMap {[128]=Oop [120]=Oop rdx=Oop rsi=Oop [112]=Oop r8=Oop }
                      ;*invokevirtual setDelegate {reexecute=0 rethrow=0 return_oop=0}
                      ; - jdk.internal.reflect.NativeMethodAccessorImpl::invoke@113 (line 69)
  0x000001f3a2ae662c: a0ff 9090 | 498b 87d8 | 0300 0049 | c787 d803 | 0000 0000 | 0000 49c7 | 87e0 0300 | 0000 0000 
  0x000001f3a2ae664c: 0048 81c4 | c000 0000 

  0x000001f3a2ae6654: ;   {runtime_call unwind_exception Runtime1 stub}
  0x000001f3a2ae6654: 5de9 a6e1 | a0ff f4f4 | f4f4 f4f4 
[Stub Code]
  0x000001f3a2ae6660: ;   {no_reloc}
  0x000001f3a2ae6660: 0f1f 4400 

  0x000001f3a2ae6664: ;   {static_stub}
  0x000001f3a2ae6664: 0048 bb00 | 0000 0000 

  0x000001f3a2ae666c: ;   {runtime_call}
  0x000001f3a2ae666c: 0000 00e9 | fbff ffff 

  0x000001f3a2ae6674: ;   {static_stub}
  0x000001f3a2ae6674: 9048 bb00 | 0000 0000 

  0x000001f3a2ae667c: ;   {runtime_call}
  0x000001f3a2ae667c: 0000 00e9 | fbff ffff 

  0x000001f3a2ae6684: ;   {static_stub}
  0x000001f3a2ae6684: 9048 bb00 | 0000 0000 

  0x000001f3a2ae668c: ;   {runtime_call}
  0x000001f3a2ae668c: 0000 00e9 | fbff ffff 

  0x000001f3a2ae6694: ;   {static_stub}
  0x000001f3a2ae6694: 9048 bb10 | 6623 f4f3 

  0x000001f3a2ae669c: ;   {runtime_call I2C/C2I adapters}
  0x000001f3a2ae669c: 0100 00e9 | 56c5 d2ff 

  0x000001f3a2ae66a4: ;   {static_stub}
  0x000001f3a2ae66a4: 9048 bb00 | 0000 0000 

  0x000001f3a2ae66ac: ;   {runtime_call}
  0x000001f3a2ae66ac: 0000 00e9 | fbff ffff 
[Exception Handler]
  0x000001f3a2ae66b4: ;   {runtime_call handle_exception_from_callee Runtime1 stub}
  0x000001f3a2ae66b4: e847 0ea1 

  0x000001f3a2ae66b8: ;   {external_word}
  0x000001f3a2ae66b8: ff48 b9a0 | e09a 24f9 | 7f00 0048 

  0x000001f3a2ae66c4: ;   {runtime_call}
  0x000001f3a2ae66c4: 83e4 f049 | bae0 da68 | 24f9 7f00 | 0041 ffd2 

  0x000001f3a2ae66d4: ;   {section_word}
  0x000001f3a2ae66d4: f449 bad5 | 66ae a2f3 | 0100 0041 

  0x000001f3a2ae66e0: ;   {runtime_call DeoptimizationBlob}
  0x000001f3a2ae66e0: 52e9 babf | 96ff f4f4 
[/MachCode]


Compiled method (c1)   21405 3803       1       jdk.internal.reflect.DelegatingMethodAccessorImpl::invoke (10 bytes)
 total in heap  [0x000001f3a2ae9590,0x000001f3a2ae9858] = 712
 relocation     [0x000001f3a2ae96e8,0x000001f3a2ae9720] = 56
 main code      [0x000001f3a2ae9720,0x000001f3a2ae97c0] = 160
 stub code      [0x000001f3a2ae97c0,0x000001f3a2ae9808] = 72
 metadata       [0x000001f3a2ae9808,0x000001f3a2ae9810] = 8
 scopes data    [0x000001f3a2ae9810,0x000001f3a2ae9820] = 16
 scopes pcs     [0x000001f3a2ae9820,0x000001f3a2ae9850] = 48
 dependencies   [0x000001f3a2ae9850,0x000001f3a2ae9858] = 8

[Constant Pool (empty)]

[MachCode]
[Entry Point]
  # {method} {0x000001f3b235fb00} 'invoke' '(Ljava/lang/Object;[Ljava/lang/Object;)Ljava/lang/Object;' in 'jdk/internal/reflect/DelegatingMethodAccessorImpl'
  # this:     rdx:rdx   = 'jdk/internal/reflect/DelegatingMethodAccessorImpl'
  # parm0:    r8:r8     = 'java/lang/Object'
  # parm1:    r9:r9     = '[Ljava/lang/Object;'
  #           [sp+0x40]  (sp of caller)
  0x000001f3a2ae9720: 448b 5208 | 49bb 0000 | 00b2 f301 | 0000 4d03 | d34c 3bd0 

  0x000001f3a2ae9734: ;   {runtime_call ic_miss_stub}
  0x000001f3a2ae9734: 0f85 4633 | 96ff 660f | 1f44 0000 
[Verified Entry Point]
  0x000001f3a2ae9740: 8984 2400 | 90ff ff55 | 4883 ec30 | 8b52 0c48 | c1e2 0366 | 9048 b8ff | ffff ffff 

  0x000001f3a2ae975c: ;   {virtual_call}
  0x000001f3a2ae975c: ffff ffe8 

  0x000001f3a2ae9760: ; ImmutableOopMap {}
                      ;*invokevirtual invoke {reexecute=0 rethrow=0 return_oop=0}
                      ; - jdk.internal.reflect.DelegatingMethodAccessorImpl::invoke@6 (line 43)
  0x000001f3a2ae9760: 5c28 a1ff | 4883 c430 

  0x000001f3a2ae9768: ;   {poll_return}
  0x000001f3a2ae9768: 5d49 3ba7 | 4803 0000 | 0f87 0100 

  0x000001f3a2ae9774: ;   {internal_word}
  0x000001f3a2ae9774: 0000 c349 | ba69 97ae | a2f3 0100 | 004d 8997 | 6003 0000 

  0x000001f3a2ae9788: ;   {runtime_call SafepointBlob}
  0x000001f3a2ae9788: e973 9c96 | ff90 9049 | 8b87 d803 | 0000 49c7 | 87d8 0300 | 0000 0000 | 0049 c787 | e003 0000 
  0x000001f3a2ae97a8: 0000 0000 | 4883 c430 

  0x000001f3a2ae97b0: ;   {runtime_call unwind_exception Runtime1 stub}
  0x000001f3a2ae97b0: 5de9 4ab0 | a0ff f4f4 | f4f4 f4f4 | f4f4 f4f4 
[Stub Code]
  0x000001f3a2ae97c0: ;   {no_reloc}
  0x000001f3a2ae97c0: 0f1f 4400 

  0x000001f3a2ae97c4: ;   {static_stub}
  0x000001f3a2ae97c4: 0048 bb00 | 0000 0000 

  0x000001f3a2ae97cc: ;   {runtime_call}
  0x000001f3a2ae97cc: 0000 00e9 | fbff ffff 
[Exception Handler]
  0x000001f3a2ae97d4: ;   {runtime_call handle_exception_from_callee Runtime1 stub}
  0x000001f3a2ae97d4: e827 dda0 

  0x000001f3a2ae97d8: ;   {external_word}
  0x000001f3a2ae97d8: ff48 b9a0 | e09a 24f9 | 7f00 0048 

  0x000001f3a2ae97e4: ;   {runtime_call}
  0x000001f3a2ae97e4: 83e4 f049 | bae0 da68 | 24f9 7f00 | 0041 ffd2 

  0x000001f3a2ae97f4: ;   {section_word}
  0x000001f3a2ae97f4: f449 baf5 | 97ae a2f3 | 0100 0041 

  0x000001f3a2ae9800: ;   {runtime_call DeoptimizationBlob}
  0x000001f3a2ae9800: 52e9 9a8e | 96ff f4f4 
[/MachCode]


---------------  P R O C E S S  ---------------

Threads class SMR info:
_java_thread_list=0x000001f3f8961570, length=31, elements={
0x000001f3f300c530, 0x000001f3f300cef0, 0x000001f3f302af70, 0x000001f3f302b930,
0x000001f3f302c2f0, 0x000001f3f302ccb0, 0x000001f3f302d670, 0x000001f3f302e480,
0x000001f3f31359e0, 0x000001f3f31c7240, 0x000001f3f31d0210, 0x000001f3f87bf700,
0x000001f3f87bfdf0, 0x000001f3f88b19d0, 0x000001f3f89c1a30, 0x000001f3f850c9e0,
0x000001f3f850f770, 0x000001f3f850e840, 0x000001f3f850d910, 0x000001f3f850ed50,
0x000001f3f850fc80, 0x000001f3f850de20, 0x000001f3f850e330, 0x000001f3f97ccc20,
0x000001f3f97ca3a0, 0x000001f3f97c9980, 0x000001f3f97cd130, 0x000001f3f97ca8b0,
0x000001f3f97cadc0, 0x000001f3f90f1450, 0x000001f3f90f1ef0
}

Java Threads: ( => current thread )
  0x000001f3f300c530 JavaThread "Reference Handler" daemon [_thread_blocked, id=23308, stack(0x000000c97a400000,0x000000c97a500000)]
  0x000001f3f300cef0 JavaThread "Finalizer" daemon [_thread_blocked, id=33932, stack(0x000000c97a500000,0x000000c97a600000)]
  0x000001f3f302af70 JavaThread "Signal Dispatcher" daemon [_thread_blocked, id=22476, stack(0x000000c97a600000,0x000000c97a700000)]
  0x000001f3f302b930 JavaThread "Attach Listener" daemon [_thread_blocked, id=22060, stack(0x000000c97a700000,0x000000c97a800000)]
  0x000001f3f302c2f0 JavaThread "Service Thread" daemon [_thread_blocked, id=28072, stack(0x000000c97a800000,0x000000c97a900000)]
  0x000001f3f302ccb0 JavaThread "Monitor Deflation Thread" daemon [_thread_blocked, id=9948, stack(0x000000c97a900000,0x000000c97aa00000)]
  0x000001f3f302d670 JavaThread "C1 CompilerThread0" daemon [_thread_blocked, id=25924, stack(0x000000c97aa00000,0x000000c97ab00000)]
  0x000001f3f302e480 JavaThread "Sweeper thread" daemon [_thread_blocked, id=8960, stack(0x000000c97ab00000,0x000000c97ac00000)]
  0x000001f3f31359e0 JavaThread "C1 CompilerThread1" daemon [_thread_blocked, id=29236, stack(0x000000c97ac00000,0x000000c97ad00000)]
  0x000001f3f31c7240 JavaThread "Notification Thread" daemon [_thread_blocked, id=22120, stack(0x000000c97b100000,0x000000c97b200000)]
  0x000001f3f31d0210 JavaThread "Common-Cleaner" daemon [_thread_blocked, id=19488, stack(0x000000c97b300000,0x000000c97b400000)]
  0x000001f3f87bf700 JavaThread "Catalina-utility-1" [_thread_blocked, id=30860, stack(0x000000c97c300000,0x000000c97c400000)]
  0x000001f3f87bfdf0 JavaThread "Catalina-utility-2" [_thread_blocked, id=25652, stack(0x000000c97c400000,0x000000c97c500000)]
  0x000001f3f88b19d0 JavaThread "container-0" [_thread_blocked, id=29876, stack(0x000000c97c500000,0x000000c97c600000)]
  0x000001f3f89c1a30 JavaThread "HikariPool-1 housekeeper" daemon [_thread_blocked, id=30748, stack(0x000000c97c600000,0x000000c97c700000)]
  0x000001f3f850c9e0 JavaThread "java-sdk-http-connection-reaper" daemon [_thread_blocked, id=22932, stack(0x000000c97bb00000,0x000000c97bc00000)]
  0x000001f3f850f770 JavaThread "http-nio-8080-exec-1" daemon [_thread_blocked, id=14568, stack(0x000000c97c800000,0x000000c97c900000)]
  0x000001f3f850e840 JavaThread "http-nio-8080-exec-2" daemon [_thread_blocked, id=31720, stack(0x000000c97c900000,0x000000c97ca00000)]
  0x000001f3f850d910 JavaThread "http-nio-8080-exec-3" daemon [_thread_blocked, id=1412, stack(0x000000c97ca00000,0x000000c97cb00000)]
  0x000001f3f850ed50 JavaThread "http-nio-8080-exec-4" daemon [_thread_blocked, id=18564, stack(0x000000c97cb00000,0x000000c97cc00000)]
  0x000001f3f850fc80 JavaThread "http-nio-8080-exec-5" daemon [_thread_blocked, id=13496, stack(0x000000c97cc00000,0x000000c97cd00000)]
  0x000001f3f850de20 JavaThread "http-nio-8080-exec-6" daemon [_thread_blocked, id=16992, stack(0x000000c97cd00000,0x000000c97ce00000)]
=>0x000001f3f850e330 JavaThread "http-nio-8080-exec-7" daemon [_thread_in_native, id=24544, stack(0x000000c97ce00000,0x000000c97cf00000)]
  0x000001f3f97ccc20 JavaThread "http-nio-8080-exec-8" daemon [_thread_blocked, id=36332, stack(0x000000c97cf00000,0x000000c97d000000)]
  0x000001f3f97ca3a0 JavaThread "http-nio-8080-exec-9" daemon [_thread_blocked, id=30896, stack(0x000000c97d000000,0x000000c97d100000)]
  0x000001f3f97c9980 JavaThread "http-nio-8080-exec-10" daemon [_thread_blocked, id=34480, stack(0x000000c97d100000,0x000000c97d200000)]
  0x000001f3f97cd130 JavaThread "http-nio-8080-Poller" daemon [_thread_in_native, id=24528, stack(0x000000c97d200000,0x000000c97d300000)]
  0x000001f3f97ca8b0 JavaThread "http-nio-8080-Acceptor" daemon [_thread_in_native, id=30288, stack(0x000000c97d300000,0x000000c97d400000)]
  0x000001f3f97cadc0 JavaThread "DestroyJavaVM" [_thread_blocked, id=14564, stack(0x000000c979d00000,0x000000c979e00000)]
  0x000001f3f90f1450 JavaThread "C1 CompilerThread2" daemon [_thread_blocked, id=20056, stack(0x000000c97ae00000,0x000000c97af00000)]
  0x000001f3f90f1ef0 JavaThread "C1 CompilerThread3" daemon [_thread_blocked, id=15904, stack(0x000000c97af00000,0x000000c97b000000)]

Other Threads:
  0x000001f3f3006b80 VMThread "VM Thread" [stack: 0x000000c97a300000,0x000000c97a400000] [id=6456]
  0x000001f3f31ceb80 WatcherThread [stack: 0x000000c97b200000,0x000000c97b300000] [id=23136]
  0x000001f39abd0670 GCTaskThread "GC Thread#0" [stack: 0x000000c979e00000,0x000000c979f00000] [id=10936]
  0x000001f3f38d9ff0 GCTaskThread "GC Thread#1" [stack: 0x000000c97b400000,0x000000c97b500000] [id=19124]
  0x000001f3f39343e0 GCTaskThread "GC Thread#2" [stack: 0x000000c97b500000,0x000000c97b600000] [id=30064]
  0x000001f3f38d0b70 GCTaskThread "GC Thread#3" [stack: 0x000000c97b600000,0x000000c97b700000] [id=8732]
  0x000001f3f3969e60 GCTaskThread "GC Thread#4" [stack: 0x000000c97b700000,0x000000c97b800000] [id=16080]
  0x000001f3f3af17d0 GCTaskThread "GC Thread#5" [stack: 0x000000c97b800000,0x000000c97b900000] [id=32360]
  0x000001f3f3af1ea0 GCTaskThread "GC Thread#6" [stack: 0x000000c97b900000,0x000000c97ba00000] [id=11288]
  0x000001f3f83f4200 GCTaskThread "GC Thread#7" [stack: 0x000000c97ba00000,0x000000c97bb00000] [id=17756]
  0x000001f3f841af50 GCTaskThread "GC Thread#8" [stack: 0x000000c97bc00000,0x000000c97bd00000] [id=3160]
  0x000001f3f841b210 GCTaskThread "GC Thread#9" [stack: 0x000000c97bd00000,0x000000c97be00000] [id=20208]
  0x000001f3f841b4d0 GCTaskThread "GC Thread#10" [stack: 0x000000c97be00000,0x000000c97bf00000] [id=2308]
  0x000001f3f841c3b0 GCTaskThread "GC Thread#11" [stack: 0x000000c97bf00000,0x000000c97c000000] [id=35260]
  0x000001f3f841c670 GCTaskThread "GC Thread#12" [stack: 0x000000c97c000000,0x000000c97c100000] [id=14748]
  0x000001f39abe3bb0 ConcurrentGCThread "G1 Main Marker" [stack: 0x000000c979f00000,0x000000c97a000000] [id=29812]
  0x000001f39abe44c0 ConcurrentGCThread "G1 Conc#0" [stack: 0x000000c97a000000,0x000000c97a100000] [id=24080]
  0x000001f3f867dbf0 ConcurrentGCThread "G1 Conc#1" [stack: 0x000000c97c100000,0x000000c97c200000] [id=5032]
  0x000001f3f8693240 ConcurrentGCThread "G1 Conc#2" [stack: 0x000000c97c200000,0x000000c97c300000] [id=19496]
  0x000001f39ac1ecd0 ConcurrentGCThread "G1 Refine#0" [stack: 0x000000c97a100000,0x000000c97a200000] [id=19468]
  0x000001f3b1c4ab70 ConcurrentGCThread "G1 Service" [stack: 0x000000c97a200000,0x000000c97a300000] [id=4956]

Threads with active compile tasks:

VM state: not at safepoint (normal execution)

VM Mutex/Monitor currently owned by a thread: None

Heap address: 0x0000000709400000, size: 3948 MB, Compressed Oops mode: Zero based, Oop shift amount: 3

CDS archive(s) mapped at: [0x000001f3b2000000-0x000001f3b2bd0000-0x000001f3b2bd0000), size 12386304, SharedBaseAddress: 0x000001f3b2000000, ArchiveRelocationMode: 1.
Compressed class space mapped at: 0x000001f3b3000000-0x000001f3f3000000, reserved size: 1073741824
Narrow klass base: 0x000001f3b2000000, Narrow klass shift: 0, Narrow klass range: 0x100000000

GC Precious Log:
 CPUs: 16 total, 16 available
 Memory: 15789M
 Large Page Support: Disabled
 NUMA Support: Disabled
 Compressed Oops: Enabled (Zero based)
 Heap Region Size: 2M
 Heap Min Capacity: 8M
 Heap Initial Capacity: 248M
 Heap Max Capacity: 3948M
 Pre-touch: Disabled
 Parallel Workers: 13
 Concurrent Workers: 3
 Concurrent Refinement Workers: 13
 Periodic GC: Disabled

Heap:
 garbage-first heap   total 116736K, used 44056K [0x0000000709400000, 0x0000000800000000)
  region size 2048K, 9 young (18432K), 1 survivors (2048K)
 Metaspace       used 65201K, committed 65728K, reserved 1114112K
  class space    used 8968K, committed 9216K, reserved 1048576K

Heap Regions: E=young(eden), S=young(survivor), O=old, HS=humongous(starts), HC=humongous(continues), CS=collection set, F=free, OA=open archive, CA=closed archive, TAMS=top-at-mark-start (previous, next)
|   0|0x0000000709400000, 0x0000000709600000, 0x0000000709600000|100%| O|  |TAMS 0x0000000709600000, 0x0000000709400000| Untracked 
|   1|0x0000000709600000, 0x0000000709800000, 0x0000000709800000|100%| O|  |TAMS 0x0000000709800000, 0x0000000709600000| Untracked 
|   2|0x0000000709800000, 0x0000000709a00000, 0x0000000709a00000|100%| O|  |TAMS 0x0000000709a00000, 0x0000000709800000| Untracked 
|   3|0x0000000709a00000, 0x0000000709c00000, 0x0000000709c00000|100%| O|  |TAMS 0x0000000709ace400, 0x0000000709a00000| Untracked 
|   4|0x0000000709c00000, 0x0000000709e00000, 0x0000000709e00000|100%| O|  |TAMS 0x0000000709e00000, 0x0000000709c00000| Untracked 
|   5|0x0000000709e00000, 0x000000070a000000, 0x000000070a000000|100%| O|  |TAMS 0x000000070a000000, 0x0000000709e00000| Untracked 
|   6|0x000000070a000000, 0x000000070a200000, 0x000000070a200000|100%| O|  |TAMS 0x000000070a200000, 0x000000070a000000| Untracked 
|   7|0x000000070a200000, 0x000000070a400000, 0x000000070a400000|100%| O|  |TAMS 0x000000070a400000, 0x000000070a200000| Untracked 
|   8|0x000000070a400000, 0x000000070a600000, 0x000000070a600000|100%| O|  |TAMS 0x000000070a600000, 0x000000070a400000| Untracked 
|   9|0x000000070a600000, 0x000000070a800000, 0x000000070a800000|100%| O|  |TAMS 0x000000070a600000, 0x000000070a600000| Untracked 
|  10|0x000000070a800000, 0x000000070aa00000, 0x000000070aa00000|100%| O|  |TAMS 0x000000070a800000, 0x000000070a800000| Untracked 
|  11|0x000000070aa00000, 0x000000070ac00000, 0x000000070ac00000|100%| O|  |TAMS 0x000000070aa00000, 0x000000070aa00000| Untracked 
|  12|0x000000070ac00000, 0x000000070ae00000, 0x000000070ae00000|100%| O|  |TAMS 0x000000070ae00000, 0x000000070ac00000| Untracked 
|  13|0x000000070ae00000, 0x000000070b000000, 0x000000070b000000|100%| O|  |TAMS 0x000000070ae00000, 0x000000070ae00000| Untracked 
|  14|0x000000070b000000, 0x000000070b195600, 0x000000070b200000| 79%| O|  |TAMS 0x000000070b000000, 0x000000070b000000| Untracked 
|  15|0x000000070b200000, 0x000000070b200000, 0x000000070b400000|  0%| F|  |TAMS 0x000000070b200000, 0x000000070b200000| Untracked 
|  16|0x000000070b400000, 0x000000070b400000, 0x000000070b600000|  0%| F|  |TAMS 0x000000070b400000, 0x000000070b400000| Untracked 
|  17|0x000000070b600000, 0x000000070b600000, 0x000000070b800000|  0%| F|  |TAMS 0x000000070b600000, 0x000000070b600000| Untracked 
|  18|0x000000070b800000, 0x000000070b800000, 0x000000070ba00000|  0%| F|  |TAMS 0x000000070b800000, 0x000000070b800000| Untracked 
|  19|0x000000070ba00000, 0x000000070ba00000, 0x000000070bc00000|  0%| F|  |TAMS 0x000000070ba00000, 0x000000070ba00000| Untracked 
|  20|0x000000070bc00000, 0x000000070bc00000, 0x000000070be00000|  0%| F|  |TAMS 0x000000070bc00000, 0x000000070bc00000| Untracked 
|  21|0x000000070be00000, 0x000000070be00000, 0x000000070c000000|  0%| F|  |TAMS 0x000000070be00000, 0x000000070be00000| Untracked 
|  22|0x000000070c000000, 0x000000070c000000, 0x000000070c200000|  0%| F|  |TAMS 0x000000070c000000, 0x000000070c000000| Untracked 
|  23|0x000000070c200000, 0x000000070c200000, 0x000000070c400000|  0%| F|  |TAMS 0x000000070c200000, 0x000000070c200000| Untracked 
|  24|0x000000070c400000, 0x000000070c400000, 0x000000070c600000|  0%| F|  |TAMS 0x000000070c400000, 0x000000070c400000| Untracked 
|  25|0x000000070c600000, 0x000000070c600000, 0x000000070c800000|  0%| F|  |TAMS 0x000000070c600000, 0x000000070c600000| Untracked 
|  26|0x000000070c800000, 0x000000070c800000, 0x000000070ca00000|  0%| F|  |TAMS 0x000000070c800000, 0x000000070c800000| Untracked 
|  27|0x000000070ca00000, 0x000000070ca00000, 0x000000070cc00000|  0%| F|  |TAMS 0x000000070ca00000, 0x000000070ca00000| Untracked 
|  28|0x000000070cc00000, 0x000000070cc00000, 0x000000070ce00000|  0%| F|  |TAMS 0x000000070cc00000, 0x000000070cc00000| Untracked 
|  29|0x000000070ce00000, 0x000000070ce00000, 0x000000070d000000|  0%| F|  |TAMS 0x000000070ce00000, 0x000000070ce00000| Untracked 
|  30|0x000000070d000000, 0x000000070d000000, 0x000000070d200000|  0%| F|  |TAMS 0x000000070d000000, 0x000000070d000000| Untracked 
|  31|0x000000070d200000, 0x000000070d200000, 0x000000070d400000|  0%| F|  |TAMS 0x000000070d200000, 0x000000070d200000| Untracked 
|  32|0x000000070d400000, 0x000000070d400000, 0x000000070d600000|  0%| F|  |TAMS 0x000000070d400000, 0x000000070d400000| Untracked 
|  33|0x000000070d600000, 0x000000070d600000, 0x000000070d800000|  0%| F|  |TAMS 0x000000070d600000, 0x000000070d600000| Untracked 
|  34|0x000000070d800000, 0x000000070d800000, 0x000000070da00000|  0%| F|  |TAMS 0x000000070d800000, 0x000000070d800000| Untracked 
|  35|0x000000070da00000, 0x000000070da00000, 0x000000070dc00000|  0%| F|  |TAMS 0x000000070da00000, 0x000000070da00000| Untracked 
|  36|0x000000070dc00000, 0x000000070dc00000, 0x000000070de00000|  0%| F|  |TAMS 0x000000070dc00000, 0x000000070dc00000| Untracked 
|  37|0x000000070de00000, 0x000000070de00000, 0x000000070e000000|  0%| F|  |TAMS 0x000000070de00000, 0x000000070de00000| Untracked 
|  38|0x000000070e000000, 0x000000070e000000, 0x000000070e200000|  0%| F|  |TAMS 0x000000070e000000, 0x000000070e000000| Untracked 
|  39|0x000000070e200000, 0x000000070e200000, 0x000000070e400000|  0%| F|  |TAMS 0x000000070e200000, 0x000000070e200000| Untracked 
|  40|0x000000070e400000, 0x000000070e400000, 0x000000070e600000|  0%| F|  |TAMS 0x000000070e400000, 0x000000070e400000| Untracked 
|  41|0x000000070e600000, 0x000000070e600000, 0x000000070e800000|  0%| F|  |TAMS 0x000000070e600000, 0x000000070e600000| Untracked 
|  42|0x000000070e800000, 0x000000070e800000, 0x000000070ea00000|  0%| F|  |TAMS 0x000000070e800000, 0x000000070e800000| Untracked 
|  43|0x000000070ea00000, 0x000000070ea00000, 0x000000070ec00000|  0%| F|  |TAMS 0x000000070ea00000, 0x000000070ea00000| Untracked 
|  44|0x000000070ec00000, 0x000000070ec00000, 0x000000070ee00000|  0%| F|  |TAMS 0x000000070ec00000, 0x000000070ec00000| Untracked 
|  45|0x000000070ee00000, 0x000000070ee00000, 0x000000070f000000|  0%| F|  |TAMS 0x000000070ee00000, 0x000000070ee00000| Untracked 
|  46|0x000000070f000000, 0x000000070f000000, 0x000000070f200000|  0%| F|  |TAMS 0x000000070f000000, 0x000000070f000000| Untracked 
|  47|0x000000070f200000, 0x000000070f200000, 0x000000070f400000|  0%| F|  |TAMS 0x000000070f200000, 0x000000070f200000| Untracked 
|  48|0x000000070f400000, 0x000000070f509870, 0x000000070f600000| 51%| E|  |TAMS 0x000000070f400000, 0x000000070f400000| Complete 
|  49|0x000000070f600000, 0x000000070f800000, 0x000000070f800000|100%| E|CS|TAMS 0x000000070f600000, 0x000000070f600000| Complete 
|  50|0x000000070f800000, 0x000000070fa00000, 0x000000070fa00000|100%| E|CS|TAMS 0x000000070f800000, 0x000000070f800000| Complete 
|  51|0x000000070fa00000, 0x000000070fc00000, 0x000000070fc00000|100%| E|CS|TAMS 0x000000070fa00000, 0x000000070fa00000| Complete 
|  52|0x000000070fc00000, 0x000000070fe00000, 0x000000070fe00000|100%| E|  |TAMS 0x000000070fc00000, 0x000000070fc00000| Complete 
|  53|0x000000070fe00000, 0x0000000710000000, 0x0000000710000000|100%| E|CS|TAMS 0x000000070fe00000, 0x000000070fe00000| Complete 
|  54|0x0000000710000000, 0x0000000710200000, 0x0000000710200000|100%| E|CS|TAMS 0x0000000710000000, 0x0000000710000000| Complete 
| 103|0x0000000716200000, 0x0000000716370a60, 0x0000000716400000| 72%| S|CS|TAMS 0x0000000716200000, 0x0000000716200000| Complete 
| 123|0x0000000718a00000, 0x0000000718c00000, 0x0000000718c00000|100%| E|CS|TAMS 0x0000000718a00000, 0x0000000718a00000| Complete 

Card table byte_map: [0x000001f3a6220000,0x000001f3a69e0000] _byte_map_base: 0x000001f3a29d6000

Marking Bits (Prev, Next): (CMBitMap*) 0x000001f39abd1be0, (CMBitMap*) 0x000001f39abd1ba0
 Prev Bits: [0x000001f3aaf50000, 0x000001f3aed00000)
 Next Bits: [0x000001f3a71a0000, 0x000001f3aaf50000)

Polling page: 0x000001f398a30000

Metaspace:

Usage:
  Non-class:     54.91 MB used.
      Class:      8.76 MB used.
       Both:     63.67 MB used.

Virtual space:
  Non-class space:       64.00 MB reserved,      55.19 MB ( 86%) committed,  1 nodes.
      Class space:        1.00 GB reserved,       9.00 MB ( <1%) committed,  1 nodes.
             Both:        1.06 GB reserved,      64.19 MB (  6%) committed. 

Chunk freelists:
   Non-Class:  8.20 MB
       Class:  6.95 MB
        Both:  15.16 MB

MaxMetaspaceSize: unlimited
CompressedClassSpaceSize: 1.00 GB
Initial GC threshold: 21.00 MB
Current GC threshold: 98.06 MB
CDS: on
MetaspaceReclaimPolicy: balanced
 - commit_granule_bytes: 65536.
 - commit_granule_words: 8192.
 - virtual_space_node_default_size: 8388608.
 - enlarge_chunks_in_place: 1.
 - new_chunks_are_fully_committed: 0.
 - uncommit_free_chunks: 1.
 - use_allocation_guard: 0.
 - handle_deallocations: 1.


Internal statistics:

num_allocs_failed_limit: 9.
num_arena_births: 782.
num_arena_deaths: 0.
num_vsnodes_births: 2.
num_vsnodes_deaths: 0.
num_space_committed: 1027.
num_space_uncommitted: 0.
num_chunks_returned_to_freelist: 9.
num_chunks_taken_from_freelist: 3044.
num_chunk_merges: 9.
num_chunk_splits: 2214.
num_chunks_enlarged: 1723.
num_inconsistent_stats: 0.

CodeCache: size=49152Kb used=11794Kb max_used=12040Kb free=37357Kb
 bounds [0x000001f3a2400000, 0x000001f3a2fd0000, 0x000001f3a5400000]
 total_blobs=6216 nmethods=5442 adapters=698
 compilation: enabled
              stopped_count=0, restarted_count=0
 full_count=0

Compilation events (20 events):
Event: 21.143 Thread 0x000001f3f302d670 nmethod 5432 0x000001f3a25dc190 code [0x000001f3a25dc360, 0x000001f3a25dc6a8]
Event: 21.144 Thread 0x000001f3f90f1450 nmethod 5430 0x000001f3a25da410 code [0x000001f3a25da6c0, 0x000001f3a25db538]
Event: 21.144 Thread 0x000001f3f302d670 5433       1       sun.security.provider.MD5::FF (33 bytes)
Event: 21.144 Thread 0x000001f3f90f1450 5434       1       sun.security.provider.MD5::GG (33 bytes)
Event: 21.144 Thread 0x000001f3f31359e0 5435       1       sun.security.provider.MD5::HH (29 bytes)
Event: 21.144 Thread 0x000001f3f90f1ef0 5436       1       sun.security.provider.MD5::II (31 bytes)
Event: 21.144 Thread 0x000001f3f90f1450 nmethod 5434 0x000001f3a25da110 code [0x000001f3a25da2a0, 0x000001f3a25da378]
Event: 21.144 Thread 0x000001f3f302d670 nmethod 5433 0x000001f3a25d9e10 code [0x000001f3a25d9fa0, 0x000001f3a25da078]
Event: 21.144 Thread 0x000001f3f90f1ef0 nmethod 5436 0x000001f3a25d9b10 code [0x000001f3a25d9ca0, 0x000001f3a25d9d78]
Event: 21.145 Thread 0x000001f3f31359e0 nmethod 5435 0x000001f3a25d9810 code [0x000001f3a25d99a0, 0x000001f3a25d9a78]
Event: 21.146 Thread 0x000001f3f31359e0 5437       1       sun.security.provider.MD5::implCompress (13 bytes)
Event: 21.146 Thread 0x000001f3f302d670 5438       1       sun.security.provider.MD5::implCompressCheck (27 bytes)
Event: 21.146 Thread 0x000001f3f90f1450 5439       1       sun.security.provider.MD5::implCompress0 (1407 bytes)
Event: 21.146 Thread 0x000001f3f302d670 nmethod 5438 0x000001f3a25d9310 code [0x000001f3a25d94c0, 0x000001f3a25d96d8]
Event: 21.146 Thread 0x000001f3f31359e0 nmethod 5437 0x000001f3a25d8d90 code [0x000001f3a25d8f40, 0x000001f3a25d9188]
Event: 21.151 Thread 0x000001f3f31359e0 5440       1       sun.nio.cs.DoubleByte$Encoder::encodeChar (21 bytes)
Event: 21.151 Thread 0x000001f3f31359e0 nmethod 5440 0x000001f3a25d8990 code [0x000001f3a25d8b20, 0x000001f3a25d8c58]
Event: 21.152 Thread 0x000001f3f90f1450 nmethod 5439 0x000001f3a25d6890 code [0x000001f3a25d6b20, 0x000001f3a25d7e98]
Event: 21.157 Thread 0x000001f3f31359e0 5441       1       jdk.internal.loader.NativeLibraries$NativeLibraryImpl::find (6 bytes)
Event: 21.157 Thread 0x000001f3f31359e0 nmethod 5441 0x000001f3a25d6190 code [0x000001f3a25d6320, 0x000001f3a25d6408]

GC Heap History (20 events):
Event: 1.204 GC heap before
{Heap before GC invocations=1 (full 0):
 garbage-first heap   total 253952K, used 29213K [0x0000000709400000, 0x0000000800000000)
  region size 2048K, 12 young (24576K), 2 survivors (4096K)
 Metaspace       used 7679K, committed 7936K, reserved 1114112K
  class space    used 1088K, committed 1216K, reserved 1048576K
}
Event: 1.207 GC heap after
{Heap after GC invocations=2 (full 0):
 garbage-first heap   total 253952K, used 9431K [0x0000000709400000, 0x0000000800000000)
  region size 2048K, 1 young (2048K), 1 survivors (2048K)
 Metaspace       used 7679K, committed 7936K, reserved 1114112K
  class space    used 1088K, committed 1216K, reserved 1048576K
}
Event: 1.780 GC heap before
{Heap before GC invocations=2 (full 0):
 garbage-first heap   total 253952K, used 58583K [0x0000000709400000, 0x0000000800000000)
  region size 2048K, 26 young (53248K), 1 survivors (2048K)
 Metaspace       used 17156K, committed 17472K, reserved 1114112K
  class space    used 2296K, committed 2432K, reserved 1048576K
}
Event: 1.784 GC heap after
{Heap after GC invocations=3 (full 0):
 garbage-first heap   total 253952K, used 13831K [0x0000000709400000, 0x0000000800000000)
  region size 2048K, 3 young (6144K), 3 survivors (6144K)
 Metaspace       used 17156K, committed 17472K, reserved 1114112K
  class space    used 2296K, committed 2432K, reserved 1048576K
}
Event: 2.718 GC heap before
{Heap before GC invocations=3 (full 0):
 garbage-first heap   total 253952K, used 48647K [0x0000000709400000, 0x0000000800000000)
  region size 2048K, 21 young (43008K), 3 survivors (6144K)
 Metaspace       used 21151K, committed 21504K, reserved 1114112K
  class space    used 2862K, committed 3072K, reserved 1048576K
}
Event: 2.723 GC heap after
{Heap after GC invocations=4 (full 0):
 garbage-first heap   total 253952K, used 15784K [0x0000000709400000, 0x0000000800000000)
  region size 2048K, 4 young (8192K), 4 survivors (8192K)
 Metaspace       used 21151K, committed 21504K, reserved 1114112K
  class space    used 2862K, committed 3072K, reserved 1048576K
}
Event: 3.284 GC heap before
{Heap before GC invocations=5 (full 0):
 garbage-first heap   total 61440K, used 44456K [0x0000000709400000, 0x0000000800000000)
  region size 2048K, 18 young (36864K), 4 survivors (8192K)
 Metaspace       used 25625K, committed 26048K, reserved 1114112K
  class space    used 3504K, committed 3712K, reserved 1048576K
}
Event: 3.300 GC heap after
{Heap after GC invocations=6 (full 0):
 garbage-first heap   total 61440K, used 17975K [0x0000000709400000, 0x0000000800000000)
  region size 2048K, 3 young (6144K), 3 survivors (6144K)
 Metaspace       used 25625K, committed 26048K, reserved 1114112K
  class space    used 3504K, committed 3712K, reserved 1048576K
}
Event: 3.417 GC heap before
{Heap before GC invocations=6 (full 0):
 garbage-first heap   total 61440K, used 17975K [0x0000000709400000, 0x0000000800000000)
  region size 2048K, 4 young (8192K), 3 survivors (6144K)
 Metaspace       used 25767K, committed 26176K, reserved 1114112K
  class space    used 3517K, committed 3712K, reserved 1048576K
}
Event: 3.431 GC heap after
{Heap after GC invocations=7 (full 0):
 garbage-first heap   total 61440K, used 18693K [0x0000000709400000, 0x0000000800000000)
  region size 2048K, 1 young (2048K), 1 survivors (2048K)
 Metaspace       used 25767K, committed 26176K, reserved 1114112K
  class space    used 3517K, committed 3712K, reserved 1048576K
}
Event: 4.075 GC heap before
{Heap before GC invocations=7 (full 0):
 garbage-first heap   total 61440K, used 41221K [0x0000000709400000, 0x0000000800000000)
  region size 2048K, 12 young (24576K), 1 survivors (2048K)
 Metaspace       used 30312K, committed 30784K, reserved 1114112K
  class space    used 4072K, committed 4288K, reserved 1048576K
}
Event: 4.078 GC heap after
{Heap after GC invocations=8 (full 0):
 garbage-first heap   total 61440K, used 19363K [0x0000000709400000, 0x0000000800000000)
  region size 2048K, 1 young (2048K), 1 survivors (2048K)
 Metaspace       used 30312K, committed 30784K, reserved 1114112K
  class space    used 4072K, committed 4288K, reserved 1048576K
}
Event: 4.457 GC heap before
{Heap before GC invocations=8 (full 0):
 garbage-first heap   total 61440K, used 37795K [0x0000000709400000, 0x0000000800000000)
  region size 2048K, 12 young (24576K), 1 survivors (2048K)
 Metaspace       used 35496K, committed 35968K, reserved 1114112K
  class space    used 4799K, committed 5056K, reserved 1048576K
}
Event: 4.460 GC heap after
{Heap after GC invocations=9 (full 0):
 garbage-first heap   total 61440K, used 20199K [0x0000000709400000, 0x0000000800000000)
  region size 2048K, 2 young (4096K), 2 survivors (4096K)
 Metaspace       used 35496K, committed 35968K, reserved 1114112K
  class space    used 4799K, committed 5056K, reserved 1048576K
}
Event: 4.885 GC heap before
{Heap before GC invocations=10 (full 0):
 garbage-first heap   total 61440K, used 44775K [0x0000000709400000, 0x0000000800000000)
  region size 2048K, 14 young (28672K), 2 survivors (4096K)
 Metaspace       used 40267K, committed 40768K, reserved 1114112K
  class space    used 5601K, committed 5824K, reserved 1048576K
}
Event: 4.889 GC heap after
{Heap after GC invocations=11 (full 0):
 garbage-first heap   total 157696K, used 21219K [0x0000000709400000, 0x0000000800000000)
  region size 2048K, 1 young (2048K), 1 survivors (2048K)
 Metaspace       used 40267K, committed 40768K, reserved 1114112K
  class space    used 5601K, committed 5824K, reserved 1048576K
}
Event: 14.232 GC heap before
{Heap before GC invocations=11 (full 0):
 garbage-first heap   total 157696K, used 113379K [0x0000000709400000, 0x0000000800000000)
  region size 2048K, 46 young (94208K), 1 survivors (2048K)
 Metaspace       used 58545K, committed 59072K, reserved 1114112K
  class space    used 8109K, committed 8384K, reserved 1048576K
}
Event: 14.244 GC heap after
{Heap after GC invocations=12 (full 0):
 garbage-first heap   total 157696K, used 30509K [0x0000000709400000, 0x0000000800000000)
  region size 2048K, 6 young (12288K), 6 survivors (12288K)
 Metaspace       used 58545K, committed 59072K, reserved 1114112K
  class space    used 8109K, committed 8384K, reserved 1048576K
}
Event: 15.388 GC heap before
{Heap before GC invocations=12 (full 0):
 garbage-first heap   total 157696K, used 34605K [0x0000000709400000, 0x0000000800000000)
  region size 2048K, 9 young (18432K), 6 survivors (12288K)
 Metaspace       used 59663K, committed 60160K, reserved 1114112K
  class space    used 8208K, committed 8448K, reserved 1048576K
}
Event: 15.400 GC heap after
{Heap after GC invocations=13 (full 0):
 garbage-first heap   total 157696K, used 31768K [0x0000000709400000, 0x0000000800000000)
  region size 2048K, 1 young (2048K), 1 survivors (2048K)
 Metaspace       used 59663K, committed 60160K, reserved 1114112K
  class space    used 8208K, committed 8448K, reserved 1048576K
}

Deoptimization events (6 events):
Event: 3.639 Thread 0x000001f3f87bf700 DEOPT PACKING pc=0x000001f3a2b2809f sp=0x000000c97c3fee90
Event: 3.639 Thread 0x000001f3f87bf700 DEOPT UNPACKING pc=0x000001f3a2452b43 sp=0x000000c97c3fe2e8 mode 3
Event: 3.639 Thread 0x000001f3f87bfdf0 DEOPT PACKING pc=0x000001f3a2b2e509 sp=0x000000c97c4fee80
Event: 3.639 Thread 0x000001f3f87bfdf0 DEOPT UNPACKING pc=0x000001f3a2452b43 sp=0x000000c97c4fe318 mode 3
Event: 5.739 Thread 0x000001f39ab687b0 DEOPT PACKING pc=0x000001f3a2b680d2 sp=0x000000c979dfa4b0
Event: 5.739 Thread 0x000001f39ab687b0 DEOPT UNPACKING pc=0x000001f3a2452b43 sp=0x000000c979df99b8 mode 3

Classes unloaded (0 events):
No events

Classes redefined (0 events):
No events

Internal exceptions (20 events):
Event: 6.157 Thread 0x000001f39ab687b0 Exception <a 'sun/nio/fs/WindowsException'{0x000000070fddb8d0}> (0x000000070fddb8d0) 
thrown [s\open\src\hotspot\share\prims\jni.cpp, line 516]
Event: 6.163 Thread 0x000001f39ab687b0 Exception <a 'sun/nio/fs/WindowsException'{0x000000070fdde710}> (0x000000070fdde710) 
thrown [s\open\src\hotspot\share\prims\jni.cpp, line 516]
Event: 6.167 Thread 0x000001f39ab687b0 Exception <a 'sun/nio/fs/WindowsException'{0x000000070fde1530}> (0x000000070fde1530) 
thrown [s\open\src\hotspot\share\prims\jni.cpp, line 516]
Event: 6.173 Thread 0x000001f39ab687b0 Exception <a 'sun/nio/fs/WindowsException'{0x000000070fde4360}> (0x000000070fde4360) 
thrown [s\open\src\hotspot\share\prims\jni.cpp, line 516]
Event: 6.230 Thread 0x000001f39ab687b0 Exception <a 'sun/nio/fs/WindowsException'{0x000000070fde7198}> (0x000000070fde7198) 
thrown [s\open\src\hotspot\share\prims\jni.cpp, line 516]
Event: 6.327 Thread 0x000001f39ab687b0 Exception <a 'sun/nio/fs/WindowsException'{0x000000070fde9fc8}> (0x000000070fde9fc8) 
thrown [s\open\src\hotspot\share\prims\jni.cpp, line 516]
Event: 6.951 Thread 0x000001f39ab687b0 Exception <a 'sun/nio/fs/WindowsException'{0x000000070ec90628}> (0x000000070ec90628) 
thrown [s\open\src\hotspot\share\prims\jni.cpp, line 516]
Event: 7.042 Thread 0x000001f39ab687b0 Exception <a 'java/lang/IncompatibleClassChangeError'{0x000000070eb61dc0}: Found class java.lang.Object, but interface was expected> (0x000000070eb61dc0) 
thrown [s\open\src\hotspot\share\interpreter\linkResolver.cpp, line 826]
Event: 7.079 Thread 0x000001f39ab687b0 Exception <a 'java/lang/NoSuchMethodError'{0x000000070e961040}: 'void java.lang.invoke.DirectMethodHandle$Holder.invokeVirtual(java.lang.Object, java.lang.Object, long)'> (0x000000070e961040) 
thrown [s\open\src\hotspot\share\interpreter\linkResolver.cpp, line 759]
Event: 7.152 Thread 0x000001f39ab687b0 Exception <a 'java/lang/IncompatibleClassChangeError'{0x000000070e5afd40}: Found class java.lang.Object, but interface was expected> (0x000000070e5afd40) 
thrown [s\open\src\hotspot\share\interpreter\linkResolver.cpp, line 826]
Event: 7.202 Thread 0x000001f39ab687b0 Exception <a 'java/lang/NoSuchMethodError'{0x000000070de06038}: 'java.lang.Object java.lang.invoke.DirectMethodHandle$Holder.invokeSpecial(java.lang.Object, java.lang.Object, java.lang.Object, java.lang.Object, java.lang.Object, java.lang.Object, java.lang.Object, java.lang.Object, java.lang.Object, java.lang.Object, java.lang.Object)'> (0x000000070de06038) 
thrown [s\open\src\hotspot\share\interpreter\linkResolver.cpp, line 759]
Event: 7.202 Thread 0x000001f39ab687b0 Exception <a 'java/lang/NoSuchMethodError'{0x000000070de0a808}: 'java.lang.Object java.lang.invoke.Invokers$Holder.invoke_MT(java.lang.Object, java.lang.Object, java.lang.Object, java.lang.Object, java.lang.Object, java.lang.Object, java.lang.Object, java.lang.Object, java.lang.Object, java.lang.Object, java.lang.Object)'> (0x000000070de0a808) 
thrown [s\open\src\hotspot\share\interpreter\linkResolver.cpp, line 759]
Event: 7.244 Thread 0x000001f39ab687b0 Exception <a 'java/lang/NoSuchMethodError'{0x000000070dca9818}: 'java.lang.Object java.lang.invoke.DirectMethodHandle$Holder.newInvokeSpecial(java.lang.Object, java.lang.Object, int, java.lang.Object, java.lang.Object)'> (0x000000070dca9818) 
thrown [s\open\src\hotspot\share\interpreter\linkResolver.cpp, line 759]
Event: 14.120 Thread 0x000001f3f850f770 Exception <a 'java/lang/NoSuchMethodError'{0x000000070d7382e0}: 'java.lang.Object java.lang.invoke.DirectMethodHandle$Holder.invokeSpecial(java.lang.Object, java.lang.Object, java.lang.Object, java.lang.Object, java.lang.Object, long)'> (0x000000070d7382e0) 
thrown [s\open\src\hotspot\share\interpreter\linkResolver.cpp, line 759]
Event: 14.120 Thread 0x000001f3f850f770 Exception <a 'java/lang/NoSuchMethodError'{0x000000070d73bd20}: 'java.lang.Object java.lang.invoke.Invokers$Holder.linkToTargetMethod(java.lang.Object, java.lang.Object, java.lang.Object, long, java.lang.Object)'> (0x000000070d73bd20) 
thrown [s\open\src\hotspot\share\interpreter\linkResolver.cpp, line 759]
Event: 14.343 Thread 0x000001f3f850f770 Exception <a 'java/lang/NoSuchMethodError'{0x000000071674b1c0}: 'java.lang.Object java.lang.invoke.DirectMethodHandle$Holder.invokeStatic(java.lang.Object, int, int)'> (0x000000071674b1c0) 
thrown [s\open\src\hotspot\share\interpreter\linkResolver.cpp, line 759]
Event: 21.029 Thread 0x000001f3f850e330 Exception <a 'sun/nio/fs/WindowsException'{0x000000070f44ef10}> (0x000000070f44ef10) 
thrown [s\open\src\hotspot\share\prims\jni.cpp, line 516]
Event: 21.155 Thread 0x000001f3f850e330 Exception <a 'sun/nio/fs/WindowsException'{0x000000070f502de0}> (0x000000070f502de0) 
thrown [s\open\src\hotspot\share\prims\jni.cpp, line 516]
Event: 21.156 Thread 0x000001f3f850e330 Exception <a 'sun/nio/fs/WindowsException'{0x000000070f504218}> (0x000000070f504218) 
thrown [s\open\src\hotspot\share\prims\jni.cpp, line 516]
Event: 21.156 Thread 0x000001f3f850e330 Exception <a 'sun/nio/fs/WindowsException'{0x000000070f504518}> (0x000000070f504518) 
thrown [s\open\src\hotspot\share\prims\jni.cpp, line 516]

VM Operations (20 events):
Event: 15.456 Executing VM operation: HandshakeAllThreads
Event: 15.456 Executing VM operation: HandshakeAllThreads done
Event: 16.469 Executing VM operation: Cleanup
Event: 16.469 Executing VM operation: Cleanup done
Event: 16.914 Executing VM operation: HandshakeAllThreads
Event: 16.914 Executing VM operation: HandshakeAllThreads done
Event: 16.914 Executing VM operation: HandshakeAllThreads
Event: 16.914 Executing VM operation: HandshakeAllThreads done
Event: 16.992 Executing VM operation: HandshakeAllThreads
Event: 16.992 Executing VM operation: HandshakeAllThreads done
Event: 17.998 Executing VM operation: Cleanup
Event: 17.999 Executing VM operation: Cleanup done
Event: 19.007 Executing VM operation: Cleanup
Event: 19.007 Executing VM operation: Cleanup done
Event: 20.937 Executing VM operation: HandshakeAllThreads
Event: 20.937 Executing VM operation: HandshakeAllThreads done
Event: 20.937 Executing VM operation: Cleanup
Event: 20.937 Executing VM operation: Cleanup done
Event: 21.075 Executing VM operation: HandshakeAllThreads
Event: 21.075 Executing VM operation: HandshakeAllThreads done

Events (20 events):
Event: 21.029 loading class java/nio/file/FileAlreadyExistsException
Event: 21.029 loading class java/nio/file/FileAlreadyExistsException done
Event: 21.069 loading class sun/security/ssl/SSLCipher$T13CC20P1305ReadCipherGenerator$CC20P1305ReadCipher
Event: 21.069 loading class sun/security/ssl/SSLCipher$T13CC20P1305ReadCipherGenerator$CC20P1305ReadCipher done
Event: 21.070 loading class sun/security/ssl/SSLCipher$T13CC20P1305WriteCipherGenerator$CC20P1305WriteCipher
Event: 21.071 loading class sun/security/ssl/SSLCipher$T13CC20P1305WriteCipherGenerator$CC20P1305WriteCipher done
Event: 21.071 loading class com/sun/crypto/provider/ChaCha20Cipher$EngineAEADDec
Event: 21.072 loading class com/sun/crypto/provider/ChaCha20Cipher$ChaChaEngine
Event: 21.072 loading class com/sun/crypto/provider/ChaCha20Cipher$ChaChaEngine done
Event: 21.072 loading class com/sun/crypto/provider/ChaCha20Cipher$EngineAEADDec done
Event: 21.073 loading class com/sun/crypto/provider/Poly1305
Event: 21.073 loading class com/sun/crypto/provider/Poly1305 done
Event: 21.073 loading class sun/security/util/math/intpoly/IntegerPolynomial1305
Event: 21.074 loading class sun/security/util/math/intpoly/IntegerPolynomial1305 done
Event: 21.088 loading class com/sun/crypto/provider/ChaCha20Cipher$EngineAEADEnc
Event: 21.088 loading class com/sun/crypto/provider/ChaCha20Cipher$EngineAEADEnc done
Event: 21.135 loading class sun/security/provider/MD5
Event: 21.136 loading class sun/security/provider/MD5 done
Event: 21.144 loading class sun/security/provider/ByteArrayAccess$LE
Event: 21.144 loading class sun/security/provider/ByteArrayAccess$LE done


Dynamic libraries:
0x00007ff683390000 - 0x00007ff6833a0000 	C:\Program Files\Java\jdk-17\bin\java.exe
0x00007ff9c0460000 - 0x00007ff9c06c0000 	C:\WINDOWS\SYSTEM32\ntdll.dll
0x00007ff9bea10000 - 0x00007ff9bead7000 	C:\WINDOWS\System32\KERNEL32.DLL
0x00007ff9bdab0000 - 0x00007ff9bde7a000 	C:\WINDOWS\System32\KERNELBASE.dll
0x00007ff9bd670000 - 0x00007ff9bd7bb000 	C:\WINDOWS\System32\ucrtbase.dll
0x00007ff9aba90000 - 0x00007ff9abaa9000 	C:\Program Files\Java\jdk-17\bin\jli.dll
0x00007ff9be3c0000 - 0x00007ff9be472000 	C:\WINDOWS\System32\ADVAPI32.dll
0x00007ff9aba20000 - 0x00007ff9aba3b000 	C:\Program Files\Java\jdk-17\bin\VCRUNTIME140.dll
0x00007ff9be310000 - 0x00007ff9be3b9000 	C:\WINDOWS\System32\msvcrt.dll
0x00007ff9be260000 - 0x00007ff9be306000 	C:\WINDOWS\System32\sechost.dll
0x00007ff9bee30000 - 0x00007ff9bef46000 	C:\WINDOWS\System32\RPCRT4.dll
0x00007ff9be840000 - 0x00007ff9bea0c000 	C:\WINDOWS\System32\USER32.dll
0x00007ff9bd640000 - 0x00007ff9bd667000 	C:\WINDOWS\System32\win32u.dll
0x00007ff9bed20000 - 0x00007ff9bed4a000 	C:\WINDOWS\System32\GDI32.dll
0x00007ff9be120000 - 0x00007ff9be251000 	C:\WINDOWS\System32\gdi32full.dll
0x00007ff9ac050000 - 0x00007ff9ac2e7000 	C:\WINDOWS\WinSxS\amd64_microsoft.windows.common-controls_6595b64144ccf1df_6.0.26100.3624_none_3e086962e3345f24\COMCTL32.dll
0x00007ff9bd7c0000 - 0x00007ff9bd863000 	C:\WINDOWS\System32\msvcp_win.dll
0x00007ff9b4cc0000 - 0x00007ff9b4ccb000 	C:\WINDOWS\SYSTEM32\VERSION.dll
0x00007ff9bfbf0000 - 0x00007ff9bfc1f000 	C:\WINDOWS\System32\IMM32.DLL
0x00007ff9b6ce0000 - 0x00007ff9b6cec000 	C:\Program Files\Java\jdk-17\bin\vcruntime140_1.dll
0x00007ff95de50000 - 0x00007ff95dede000 	C:\Program Files\Java\jdk-17\bin\msvcp140.dll
0x00007ff9240e0000 - 0x00007ff924cbf000 	C:\Program Files\Java\jdk-17\bin\server\jvm.dll
0x00007ff9bed10000 - 0x00007ff9bed18000 	C:\WINDOWS\System32\PSAPI.DLL
0x00007ff9bac30000 - 0x00007ff9bac66000 	C:\WINDOWS\SYSTEM32\WINMM.dll
0x00007ff9a6220000 - 0x00007ff9a622a000 	C:\WINDOWS\SYSTEM32\WSOCK32.dll
0x00007ff9beae0000 - 0x00007ff9beb54000 	C:\WINDOWS\System32\WS2_32.dll
0x00007ff9bc570000 - 0x00007ff9bc58a000 	C:\WINDOWS\SYSTEM32\kernel.appcore.dll
0x00007ff9ae610000 - 0x00007ff9ae61a000 	C:\Program Files\Java\jdk-17\bin\jimage.dll
0x00007ff9ba9e0000 - 0x00007ff9bac21000 	C:\WINDOWS\SYSTEM32\DBGHELP.DLL
0x00007ff9be480000 - 0x00007ff9be802000 	C:\WINDOWS\System32\combase.dll
0x00007ff9bf1f0000 - 0x00007ff9bf2c6000 	C:\WINDOWS\System32\OLEAUT32.dll
0x00007ff9ba9a0000 - 0x00007ff9ba9d9000 	C:\WINDOWS\SYSTEM32\dbgcore.DLL
0x00007ff9bde80000 - 0x00007ff9bdf19000 	C:\WINDOWS\System32\bcryptPrimitives.dll
0x00007ff9ab9f0000 - 0x00007ff9aba15000 	C:\Program Files\Java\jdk-17\bin\java.dll
0x00007ff95dd70000 - 0x00007ff95de47000 	C:\Program Files\Java\jdk-17\bin\jsvml.dll
0x00007ff9bf440000 - 0x00007ff9bfb69000 	C:\WINDOWS\System32\SHELL32.dll
0x00007ff9bdf20000 - 0x00007ff9be088000 	C:\WINDOWS\System32\wintypes.dll
0x00007ff9bb2f0000 - 0x00007ff9bbb42000 	C:\WINDOWS\SYSTEM32\windows.storage.dll
0x00007ff9bec20000 - 0x00007ff9bed0d000 	C:\WINDOWS\System32\SHCORE.dll
0x00007ff9bf180000 - 0x00007ff9bf1e4000 	C:\WINDOWS\System32\shlwapi.dll
0x00007ff9bd550000 - 0x00007ff9bd57f000 	C:\WINDOWS\SYSTEM32\profapi.dll
0x00007ff9ab9d0000 - 0x00007ff9ab9e9000 	C:\Program Files\Java\jdk-17\bin\net.dll
0x00007ff9b5d80000 - 0x00007ff9b5e9d000 	C:\WINDOWS\SYSTEM32\WINHTTP.dll
0x00007ff9bca90000 - 0x00007ff9bcafa000 	C:\WINDOWS\system32\mswsock.dll
0x00007ff9ab9b0000 - 0x00007ff9ab9c6000 	C:\Program Files\Java\jdk-17\bin\nio.dll
0x00007ff995070000 - 0x00007ff995088000 	C:\Program Files\Java\jdk-17\bin\zip.dll
0x00007ff98d800000 - 0x00007ff98d80e000 	C:\Program Files\Java\jdk-17\bin\sunmscapi.dll
0x00007ff9bd930000 - 0x00007ff9bdaa7000 	C:\WINDOWS\System32\CRYPT32.dll
0x00007ff9bcf30000 - 0x00007ff9bcf60000 	C:\WINDOWS\SYSTEM32\ncrypt.dll
0x00007ff9bcee0000 - 0x00007ff9bcf1f000 	C:\WINDOWS\SYSTEM32\NTASN1.dll
0x00007ff9bcd30000 - 0x00007ff9bcd4c000 	C:\WINDOWS\SYSTEM32\CRYPTSP.dll
0x00007ff9bc4d0000 - 0x00007ff9bc50a000 	C:\WINDOWS\system32\rsaenh.dll
0x00007ff9bcb30000 - 0x00007ff9bcb5b000 	C:\WINDOWS\SYSTEM32\USERENV.dll
0x00007ff9bd520000 - 0x00007ff9bd546000 	C:\WINDOWS\SYSTEM32\bcrypt.dll
0x00007ff9bcd50000 - 0x00007ff9bcd5c000 	C:\WINDOWS\SYSTEM32\CRYPTBASE.dll
0x00007ff9bbec0000 - 0x00007ff9bbef3000 	C:\WINDOWS\SYSTEM32\IPHLPAPI.DLL
0x00007ff9bf430000 - 0x00007ff9bf43a000 	C:\WINDOWS\System32\NSI.dll
0x00007ff9b5d10000 - 0x00007ff9b5d2f000 	C:\WINDOWS\SYSTEM32\dhcpcsvc6.DLL
0x00007ff9b5c20000 - 0x00007ff9b5c45000 	C:\WINDOWS\SYSTEM32\dhcpcsvc.DLL
0x00007ff9bbfb0000 - 0x00007ff9bc0d5000 	C:\WINDOWS\SYSTEM32\DNSAPI.dll
0x00007ff9abc20000 - 0x00007ff9abc2a000 	C:\Program Files\Java\jdk-17\bin\management.dll
0x00007ff9aa540000 - 0x00007ff9aa54b000 	C:\Program Files\Java\jdk-17\bin\management_ext.dll
0x00007ff9ad660000 - 0x00007ff9ad670000 	C:\Program Files\Java\jdk-17\bin\verify.dll
0x00007ff98b0e0000 - 0x00007ff98b0f9000 	C:\Users\idjjh\AppData\Local\Temp\gdal_native\zlib.dll
0x00007ff952aa0000 - 0x00007ff952b52000 	C:\Users\idjjh\AppData\Local\Temp\gdal_native\zstd.dll
0x00007ff952890000 - 0x00007ff95298f000 	C:\Users\idjjh\AppData\Local\Temp\gdal_native\iconv-2.dll
0x00007ff960940000 - 0x00007ff96096b000 	C:\Users\idjjh\AppData\Local\Temp\gdal_native\libexpat.dll
0x00007ff94d040000 - 0x00007ff94d1a3000 	C:\Users\idjjh\AppData\Local\Temp\gdal_native\libxml2.dll
0x00007ff945630000 - 0x00007ff9458dc000 	C:\Users\idjjh\AppData\Local\Temp\gdal_native\xerces-c_3_2.dll
0x00007ff989ff0000 - 0x00007ff98a010000 	C:\Users\idjjh\AppData\Local\Temp\gdal_native\pcre.dll
0x00007ff933310000 - 0x00007ff9337f4000 	C:\Users\idjjh\AppData\Local\Temp\gdal_native\libcrypto-3-x64.dll
0x00007ff94ab80000 - 0x00007ff94acba000 	C:\Users\idjjh\AppData\Local\Temp\gdal_native\libssl-3-x64.dll
0x00007ff952670000 - 0x00007ff952704000 	C:\Users\idjjh\AppData\Local\Temp\gdal_native\libcurl.dll
0x00007ff9bed50000 - 0x00007ff9bedc4000 	C:\WINDOWS\System32\WLDAP32.dll
0x00007ff945370000 - 0x00007ff945630000 	C:\Users\idjjh\AppData\Local\Temp\gdal_native\sqlite3.dll
0x00007ff923560000 - 0x00007ff923c01000 	C:\Users\idjjh\AppData\Local\Temp\gdal_native\libmysql.dll
0x00007ff9ba180000 - 0x00007ff9ba18d000 	C:\WINDOWS\SYSTEM32\Secur32.dll
0x00007ff9bc810000 - 0x00007ff9bc858000 	C:\WINDOWS\SYSTEM32\SSPICLI.DLL
0x0000000180000000 - 0x000000018004e000 	C:\Users\idjjh\AppData\Local\Temp\gdal_native\libpq.dll
0x00007ff9324d0000 - 0x00007ff9326a8000 	C:\Users\idjjh\AppData\Local\Temp\gdal_native\geos.dll
0x00007ff95dc00000 - 0x00007ff95dc5c000 	C:\Users\idjjh\AppData\Local\Temp\gdal_native\geos_c.dll
0x00007ff932380000 - 0x00007ff9324cc000 	C:\Users\idjjh\AppData\Local\Temp\gdal_native\tiff.dll
0x00007ff931a40000 - 0x00007ff931d80000 	C:\Users\idjjh\AppData\Local\Temp\gdal_native\proj_9.dll
0x00007ff9bef50000 - 0x00007ff9bf0e6000 	C:\WINDOWS\System32\ole32.dll
0x00007ff953e80000 - 0x00007ff953ed1000 	C:\Users\idjjh\AppData\Local\Temp\gdal_native\openjp2.dll
0x00007ff952a60000 - 0x00007ff952a95000 	C:\Users\idjjh\AppData\Local\Temp\gdal_native\libpng16.dll
0x00007ff9608d0000 - 0x00007ff9608fa000 	C:\Users\idjjh\AppData\Local\Temp\gdal_native\freexl.dll
0x00007ff95e000000 - 0x00007ff95e023000 	C:\Users\idjjh\AppData\Local\Temp\gdal_native\ogdi.dll
0x00007ff9192d0000 - 0x00007ff919fc5000 	C:\Users\idjjh\AppData\Local\Temp\gdal_native\spatialite.dll
0x00007ff915b20000 - 0x00007ff916f6a000 	C:\Users\idjjh\AppData\Local\Temp\gdal_native\gdal.dll
0x00007ff9b1520000 - 0x00007ff9b15e4000 	C:\WINDOWS\SYSTEM32\ODBC32.dll
0x00007ff9bd330000 - 0x00007ff9bd33a000 	C:\WINDOWS\SYSTEM32\DPAPI.DLL
0x00007ff94cf90000 - 0x00007ff94d038000 	C:\Users\idjjh\AppData\Local\Temp\gdal_native\gdalalljni.dll
0x00007ff998930000 - 0x00007ff998938000 	C:\WINDOWS\system32\wshunix.dll
0x00007ff9a9570000 - 0x00007ff9a957b000 	C:\Windows\System32\rasadhlp.dll
0x00007ff9b4e90000 - 0x00007ff9b4f15000 	C:\WINDOWS\System32\fwpuclnt.dll

dbghelp: loaded successfully - version: 4.0.5 - missing functions: none
symbol engine: initialized successfully - sym options: 0x614 - pdb path: .;C:\Program Files\Java\jdk-17\bin;C:\WINDOWS\SYSTEM32;C:\WINDOWS\WinSxS\amd64_microsoft.windows.common-controls_6595b64144ccf1df_6.0.26100.3624_none_3e086962e3345f24;C:\Program Files\Java\jdk-17\bin\server;C:\Users\idjjh\AppData\Local\Temp\gdal_native

VM Arguments:
jvm_args: -Djava.library.path=C:\JANG\sia_task\sia-task-dev\task/src/main/resource/nativelib/window -XX:TieredStopAtLevel=1 -Dfile.encoding=x-windows-949 -Duser.country=KR -Duser.language=ko -Duser.variant 
java_command: com.sia.task.TaskApplication
java_class_path (initial): C:\JANG\sia_task\sia-task-dev\task\build\classes\java\main;C:\JANG\sia_task\sia-task-dev\task\build\resources\main;C:\Users\idjjh\.gradle\caches\modules-2\files-2.1\org.springframework.cloud\spring-cloud-starter-aws\2.2.6.RELEASE\9d7c330b3f4aa477df2db27dd875a0e63a49456\spring-cloud-starter-aws-2.2.6.RELEASE.jar;C:\Users\idjjh\.gradle\caches\modules-2\files-2.1\io.github.cdimascio\java-dotenv\5.2.2\f77d54ff193ed4b07415ab8d7b3d0550716aa8c\java-dotenv-5.2.2.jar;C:\Users\idjjh\.gradle\caches\modules-2\files-2.1\commons-fileupload\commons-fileupload\1.5\ad4ad2ab2961b4e1891472bd1a33fabefb0385f3\commons-fileupload-1.5.jar;C:\Users\idjjh\.gradle\caches\modules-2\files-2.1\org.apache.tika\tika-core\2.9.1\bfd572826e7023dd6ceeefe1b4d0f6d3d8eef507\tika-core-2.9.1.jar;C:\Users\idjjh\.gradle\caches\modules-2\files-2.1\commons-io\commons-io\2.14.0\a4c6e1f6c196339473cd2e1b037f0eb97c62755b\commons-io-2.14.0.jar;C:\Users\idjjh\.gradle\caches\modules-2\files-2.1\org.gdal\gdal\3.10.0\d229b54a2136a6a1e6e8321881789a4465e2ec50\gdal-3.10.0.jar;C:\Users\idjjh\.gradle\caches\modules-2\files-2.1\com.h2database\h2\2.3.232\4fcc05d966ccdb2812ae8b9a718f69226c0cf4e2\h2-2.3.232.jar;C:\Users\idjjh\.gradle\caches\modules-2\files-2.1\org.springframework\spring-webmvc\6.2.5\db8f1171041d7091f3de80cffdfb9d6c5fbf3015\spring-webmvc-6.2.5.jar;C:\Users\idjjh\.gradle\caches\modules-2\files-2.1\org.springframework\spring-web\6.2.5\b42d2c0acbe05bad4c849883aa8816c25b6c1d94\spring-web-6.2.5.jar;C:\Users\idjjh\.gradle\caches\modules-2\files-2.1\org.hibernate.orm\hibernate-core\6.6.11.Final\d5330ab0dd5f5cc810086b7fb66cec8b2d2f5213\hibernate-core-6.6.11.Final.jar;C:\Users\idjjh\.gradle\caches\modules-2\files-2.1\org.springframework.data\spring-data-jpa\3.4.4\50f826d0dd60af289321bde6f5eea8fc48131c75\spring-data-jpa-3.4.4.jar;C:\Users\idjjh\.gradle\caches\modules-2\files-2.1\org.springframework\spring-aspects\6.2.5\971b57bb59d4890a3db5f1e20f89effa7df8c149\spring-aspects-6.2.5.jar;C:\Users\
Launcher Type: SUN_STANDARD

[Global flags]
     intx CICompilerCount                          = 12                                        {product} {ergonomic}
     uint ConcGCThreads                            = 3                                         {product} {ergonomic}
     uint G1ConcRefinementThreads                  = 13                                        {product} {ergonomic}
   size_t G1HeapRegionSize                         = 2097152                                   {product} {ergonomic}
    uintx GCDrainStackTargetSize                   = 64                                        {product} {ergonomic}
   size_t InitialHeapSize                          = 260046848                                 {product} {ergonomic}
   size_t MarkStackSize                            = 4194304                                   {product} {ergonomic}
   size_t MaxHeapSize                              = 4139778048                                {product} {ergonomic}
   size_t MaxNewSize                               = 2483027968                                {product} {ergonomic}
   size_t MinHeapDeltaBytes                        = 2097152                                   {product} {ergonomic}
   size_t MinHeapSize                              = 8388608                                   {product} {ergonomic}
    uintx NonProfiledCodeHeapSize                  = 0                                      {pd product} {ergonomic}
     bool ProfileInterpreter                       = false                                  {pd product} {command line}
    uintx ProfiledCodeHeapSize                     = 0                                      {pd product} {ergonomic}
   size_t SoftMaxHeapSize                          = 4139778048                             {manageable} {ergonomic}
     intx TieredStopAtLevel                        = 1                                         {product} {command line}
     bool UseCompressedClassPointers               = true                           {product lp64_product} {ergonomic}
     bool UseCompressedOops                        = true                           {product lp64_product} {ergonomic}
     bool UseG1GC                                  = true                                      {product} {ergonomic}
     bool UseLargePagesIndividualAllocation        = false                                  {pd product} {ergonomic}

Logging:
Log output configuration:
 #0: stdout all=warning uptime,level,tags
 #1: stderr all=off uptime,level,tags

Environment Variables:
JAVA_HOME=C:\Program Files\Java\jdk-17
CLASSPATH=C:\JANG\sia_task\sia-task-dev\task\\gradle\wrapper\gradle-wrapper.jar
PATH=C:\Program Files\Java\jdk-17;C:\Python312\Scripts\;C:\Python312\;C:\oraclexe\app\oracle\product\11.2.0\server\bin;C:\Program Files\Common Files\Oracle\Java\javapath;C:\Windows\system32;C:\Windows;C:\Windows\System32\Wbem;C:\Windows\System32\WindowsPowerShell\v1.0\;C:\Windows\System32\OpenSSH\;C:\Program Files (x86)\NVIDIA Corporation\PhysX\Common;C:\WINDOWS\system32;C:\WINDOWS;C:\WINDOWS\System32\Wbem;C:\WINDOWS\System32\WindowsPowerShell\v1.0\;C:\WINDOWS\System32\OpenSSH\;C:\Program Files\Git\cmd;C:\ProgramData\chocolatey\bin;C:\nodejs;C:\Program Files\NVIDIA Corporation\NVIDIA app\NvDLISR;C:\Program Files\Docker\Docker\resources\bin;C:\Program Files\nodejs\;C:\Users\idjjh\AppData\Local\Programs\Python\Python313\Scripts\;C:\Users\idjjh\AppData\Local\Programs\Python\Python313\;C:\Users\idjjh\AppData\Local\Microsoft\WindowsApps;C:\apache-maven-3.9.9\bin;C:\Users\idjjh\AppData\Roaming\npm;C:\Program Files\Git\bin;C:\Python312\Scripts\;
USERNAME=junhee
LANG=en_US.UTF-8
OS=Windows_NT
PROCESSOR_IDENTIFIER=AMD64 Family 23 Model 96 Stepping 1, AuthenticAMD



---------------  S Y S T E M  ---------------

OS:
 Windows 11 , 64 bit Build 26100 (10.0.26100.3775)
OS uptime: 3 days 7:52 hours
Hyper-V role detected

CPU: total 16 (initial active 16) (16 cores per cpu, 2 threads per core) family 23 model 96 stepping 1 microcode 0x8600104, cx8, cmov, fxsr, ht, mmx, 3dnowpref, sse, sse2, sse3, ssse3, sse4a, sse4.1, sse4.2, popcnt, lzcnt, tsc, tscinvbit, avx, avx2, aes, clmul, bmi1, bmi2, adx, sha, fma, vzeroupper, clflush, clflushopt, hv

Memory: 4k page, system-wide physical 15789M (4116M free)
TotalPageFile size 22189M (AvailPageFile size 5411M)
current process WorkingSet (physical memory assigned to process): 263M, peak: 293M
current process commit charge ("private bytes"): 322M, peak: 386M

vm_info: Java HotSpot(TM) 64-Bit Server VM (17.0.10+11-LTS-240) for windows-amd64 JRE (17.0.10+11-LTS-240), built on Dec 19 2023 21:47:25 by "mach5one" with MS VC++ 17.1 (VS2022)

END.
