#
# A fatal error has been detected by the Java Runtime Environment:
#
#  EXCEPTION_ACCESS_VIOLATION (0xc0000005) at pc=0x00007ffd78e332a8, pid=16648, tid=24040
#
# JRE version: Java(TM) SE Runtime Environment (17.0.10+11) (build 17.0.10+11-LTS-240)
# Java VM: Java HotSpot(TM) 64-Bit Server VM (17.0.10+11-LTS-240, mixed mode, emulated-client, sharing, tiered, compressed oops, compressed class ptrs, g1 gc, windows-amd64)
# Problematic frame:
# C  [msvcp140.dll+0x132a8]
#
# No core dump will be written. Minidumps are not enabled by default on client versions of Windows
#
# If you would like to submit a bug report, please visit:
#   https://bugreport.java.com/bugreport/crash.jsp
# The crash happened outside the Java Virtual Machine in native code.
# See problematic frame for where to report the bug.
#

---------------  S U M M A R Y ------------

Command Line: -Djava.library.path=C:\JANG\sia_task\sia-task-dev\task\src\main\resources\nativelib\window -XX:TieredStopAtLevel=1 -Dfile.encoding=x-windows-949 -Duser.country=KR -Duser.language=ko -Duser.variant com.sia.task.TaskApplication

Host: AMD Ryzen 9 4900HS with Radeon Graphics         , 16 cores, 15G,  Windows 11 , 64 bit Build 26100 (10.0.26100.3775)
Time: Wed Apr 30 19:48:16 2025  Windows 11 , 64 bit Build 26100 (10.0.26100.3775) elapsed time: 30.622395 seconds (0d 0h 0m 30s)

---------------  T H R E A D  ---------------

Current thread (0x000001e6fcc924b0):  JavaThread "http-nio-8080-exec-7" daemon [_thread_in_native, id=24040, stack(0x0000004a7ee00000,0x0000004a7ef00000)]

Stack: [0x0000004a7ee00000,0x0000004a7ef00000],  sp=0x0000004a7eefcbc0,  free space=1010k
Native frames: (J=compiled Java code, j=interpreted, Vv=VM code, C=native code)
C  [msvcp140.dll+0x132a8]
C  [gdal.dll+0xc2757d]

Java frames: (J=compiled Java code, j=interpreted, Vv=VM code)
j  org.gdal.gdal.gdalJNI.Open__SWIG_1(Ljava/lang/String;)J+0
j  org.gdal.gdal.gdal.Open(Ljava/lang/String;)Lorg/gdal/gdal/Dataset;+1
j  com.sia.task.service.ConvertCOGService.fileConvertCOG(Ljava/util/List;)Ljava/util/List;+412
j  com.sia.task.service.FileProcessingService.fileProcessing(Ljava/util/List;)V+14
j  com.sia.task.controller.FileProcessingController.fileProcessing(Lcom/sia/task/fileDTO/FileRequestDTO;)Lorg/springframework/http/ResponseEntity;+39
v  ~StubRoutines::call_stub
J 3835  jdk.internal.reflect.NativeMethodAccessorImpl.invoke0(Ljava/lang/reflect/Method;Ljava/lang/Object;[Ljava/lang/Object;)Ljava/lang/Object; java.base@17.0.10 (0 bytes) @ 0x000001e6a65f8f27 [0x000001e6a65f8ea0+0x0000000000000087]
J 3834 c1 jdk.internal.reflect.NativeMethodAccessorImpl.invoke(Ljava/lang/Object;[Ljava/lang/Object;)Ljava/lang/Object; java.base@17.0.10 (137 bytes) @ 0x000001e6a65f974c [0x000001e6a65f9400+0x000000000000034c]
J 3824 c1 jdk.internal.reflect.DelegatingMethodAccessorImpl.invoke(Ljava/lang/Object;[Ljava/lang/Object;)Ljava/lang/Object; java.base@17.0.10 (10 bytes) @ 0x000001e6a65f6864 [0x000001e6a65f6820+0x0000000000000044]
J 3827 c1 java.lang.reflect.Method.invoke(Ljava/lang/Object;[Ljava/lang/Object;)Ljava/lang/Object; java.base@17.0.10 (65 bytes) @ 0x000001e6a65f79ec [0x000001e6a65f78e0+0x000000000000010c]
j  org.springframework.web.method.support.InvocableHandlerMethod.doInvoke([Ljava/lang/Object;)Ljava/lang/Object;+55
j  org.springframework.web.method.support.InvocableHandlerMethod.invokeForRequest(Lorg/springframework/web/context/request/NativeWebRequest;Lorg/springframework/web/method/support/ModelAndViewContainer;[Ljava/lang/Object;)Ljava/lang/Object;+82
j  org.springframework.web.servlet.mvc.method.annotation.ServletInvocableHandlerMethod.invokeAndHandle(Lorg/springframework/web/context/request/ServletWebRequest;Lorg/springframework/web/method/support/ModelAndViewContainer;[Ljava/lang/Object;)V+4
j  org.springframework.web.servlet.mvc.method.annotation.RequestMappingHandlerAdapter.invokeHandlerMethod(Ljakarta/servlet/http/HttpServletRequest;Ljakarta/servlet/http/HttpServletResponse;Lorg/springframework/web/method/HandlerMethod;)Lorg/springframework/web/servlet/ModelAndView;+309
j  org.springframework.web.servlet.mvc.method.annotation.RequestMappingHandlerAdapter.handleInternal(Ljakarta/servlet/http/HttpServletRequest;Ljakarta/servlet/http/HttpServletResponse;Lorg/springframework/web/method/HandlerMethod;)Lorg/springframework/web/servlet/ModelAndView;+81
j  org.springframework.web.servlet.mvc.method.AbstractHandlerMethodAdapter.handle(Ljakarta/servlet/http/HttpServletRequest;Ljakarta/servlet/http/HttpServletResponse;Ljava/lang/Object;)Lorg/springframework/web/servlet/ModelAndView;+7
j  org.springframework.web.servlet.DispatcherServlet.doDispatch(Ljakarta/servlet/http/HttpServletRequest;Ljakarta/servlet/http/HttpServletResponse;)V+304
j  org.springframework.web.servlet.DispatcherServlet.doService(Ljakarta/servlet/http/HttpServletRequest;Ljakarta/servlet/http/HttpServletResponse;)V+242
j  org.springframework.web.servlet.FrameworkServlet.processRequest(Ljakarta/servlet/http/HttpServletRequest;Ljakarta/servlet/http/HttpServletResponse;)V+70
j  org.springframework.web.servlet.FrameworkServlet.doPost(Ljakarta/servlet/http/HttpServletRequest;Ljakarta/servlet/http/HttpServletResponse;)V+3
j  jakarta.servlet.http.HttpServlet.service(Ljakarta/servlet/http/HttpServletRequest;Ljakarta/servlet/http/HttpServletResponse;)V+150
j  org.springframework.web.servlet.FrameworkServlet.service(Ljakarta/servlet/http/HttpServletRequest;Ljakarta/servlet/http/HttpServletResponse;)V+20
j  jakarta.servlet.http.HttpServlet.service(Ljakarta/servlet/ServletRequest;Ljakarta/servlet/ServletResponse;)V+37
j  org.apache.catalina.core.ApplicationFilterChain.internalDoFilter(Ljakarta/servlet/ServletRequest;Ljakarta/servlet/ServletResponse;)V+300
j  org.apache.catalina.core.ApplicationFilterChain.doFilter(Ljakarta/servlet/ServletRequest;Ljakarta/servlet/ServletResponse;)V+99
j  org.apache.tomcat.websocket.server.WsFilter.doFilter(Ljakarta/servlet/ServletRequest;Ljakarta/servlet/ServletResponse;Ljakarta/servlet/FilterChain;)V+21
j  org.apache.catalina.core.ApplicationFilterChain.internalDoFilter(Ljakarta/servlet/ServletRequest;Ljakarta/servlet/ServletResponse;)V+130
j  org.apache.catalina.core.ApplicationFilterChain.doFilter(Ljakarta/servlet/ServletRequest;Ljakarta/servlet/ServletResponse;)V+99
j  org.springframework.web.filter.RequestContextFilter.doFilterInternal(Ljakarta/servlet/http/HttpServletRequest;Ljakarta/servlet/http/HttpServletResponse;Ljakarta/servlet/FilterChain;)V+21
j  org.springframework.web.filter.OncePerRequestFilter.doFilter(Ljakarta/servlet/ServletRequest;Ljakarta/servlet/ServletResponse;Ljakarta/servlet/FilterChain;)V+150
j  org.apache.catalina.core.ApplicationFilterChain.internalDoFilter(Ljakarta/servlet/ServletRequest;Ljakarta/servlet/ServletResponse;)V+130
j  org.apache.catalina.core.ApplicationFilterChain.doFilter(Ljakarta/servlet/ServletRequest;Ljakarta/servlet/ServletResponse;)V+99
j  org.springframework.web.filter.FormContentFilter.doFilterInternal(Ljakarta/servlet/http/HttpServletRequest;Ljakarta/servlet/http/HttpServletResponse;Ljakarta/servlet/FilterChain;)V+38
j  org.springframework.web.filter.OncePerRequestFilter.doFilter(Ljakarta/servlet/ServletRequest;Ljakarta/servlet/ServletResponse;Ljakarta/servlet/FilterChain;)V+150
j  org.apache.catalina.core.ApplicationFilterChain.internalDoFilter(Ljakarta/servlet/ServletRequest;Ljakarta/servlet/ServletResponse;)V+130
j  org.apache.catalina.core.ApplicationFilterChain.doFilter(Ljakarta/servlet/ServletRequest;Ljakarta/servlet/ServletResponse;)V+99
j  org.springframework.web.filter.CharacterEncodingFilter.doFilterInternal(Ljakarta/servlet/http/HttpServletRequest;Ljakarta/servlet/http/HttpServletResponse;Ljakarta/servlet/FilterChain;)V+53
j  org.springframework.web.filter.OncePerRequestFilter.doFilter(Ljakarta/servlet/ServletRequest;Ljakarta/servlet/ServletResponse;Ljakarta/servlet/FilterChain;)V+150
j  org.apache.catalina.core.ApplicationFilterChain.internalDoFilter(Ljakarta/servlet/ServletRequest;Ljakarta/servlet/ServletResponse;)V+130
j  org.apache.catalina.core.ApplicationFilterChain.doFilter(Ljakarta/servlet/ServletRequest;Ljakarta/servlet/ServletResponse;)V+99
j  org.apache.catalina.core.StandardWrapperValve.invoke(Lorg/apache/catalina/connector/Request;Lorg/apache/catalina/connector/Response;)V+511
j  org.apache.catalina.core.StandardContextValve.invoke(Lorg/apache/catalina/connector/Request;Lorg/apache/catalina/connector/Response;)V+169
j  org.apache.catalina.authenticator.AuthenticatorBase.invoke(Lorg/apache/catalina/connector/Request;Lorg/apache/catalina/connector/Response;)V+221
j  org.apache.catalina.core.StandardHostValve.invoke(Lorg/apache/catalina/connector/Request;Lorg/apache/catalina/connector/Response;)V+131
j  org.apache.catalina.valves.ErrorReportValve.invoke(Lorg/apache/catalina/connector/Request;Lorg/apache/catalina/connector/Response;)V+6
j  org.apache.catalina.core.StandardEngineValve.invoke(Lorg/apache/catalina/connector/Request;Lorg/apache/catalina/connector/Response;)V+59
j  org.apache.catalina.connector.CoyoteAdapter.service(Lorg/apache/coyote/Request;Lorg/apache/coyote/Response;)V+188
j  org.apache.coyote.http11.Http11Processor.service(Lorg/apache/tomcat/util/net/SocketWrapperBase;)Lorg/apache/tomcat/util/net/AbstractEndpoint$Handler$SocketState;+796
j  org.apache.coyote.AbstractProcessorLight.process(Lorg/apache/tomcat/util/net/SocketWrapperBase;Lorg/apache/tomcat/util/net/SocketEvent;)Lorg/apache/tomcat/util/net/AbstractEndpoint$Handler$SocketState;+155
j  org.apache.coyote.AbstractProtocol$ConnectionHandler.process(Lorg/apache/tomcat/util/net/SocketWrapperBase;Lorg/apache/tomcat/util/net/SocketEvent;)Lorg/apache/tomcat/util/net/AbstractEndpoint$Handler$SocketState;+477
j  org.apache.tomcat.util.net.NioEndpoint$SocketProcessor.doRun()V+222
j  org.apache.tomcat.util.net.SocketProcessorBase.run()V+32
j  org.apache.tomcat.util.threads.ThreadPoolExecutor.runWorker(Lorg/apache/tomcat/util/threads/ThreadPoolExecutor$Worker;)V+92
j  org.apache.tomcat.util.threads.ThreadPoolExecutor$Worker.run()V+5
j  org.apache.tomcat.util.threads.TaskThread$WrappingRunnable.run()V+4
j  java.lang.Thread.run()V+11 java.base@17.0.10
v  ~StubRoutines::call_stub

siginfo: EXCEPTION_ACCESS_VIOLATION (0xc0000005), reading address 0x0000000000000000


Registers:
RAX=0x0000000000000000, RBX=0x000001e6fc72aec0, RCX=0x00007ffcdeaa86f8, RDX=0x0000000000000000
RSP=0x0000004a7eefcbc0, RBP=0x0000004a7eefce00, RSI=0x00007ffcdeaa86f0, RDI=0x0000000000004000
R8 =0x0000000000000009, R9 =0x0000000000000040, R10=0xfefefefefefefeff, R11=0x8080808080808080
R12=0x0000004a7eefcea0, R13=0x0000000000000000, R14=0x0000000000000000, R15=0x00007ffcdeaa8738
RIP=0x00007ffd78e332a8, EFLAGS=0x0000000000010286


Register to memory mapping:

RIP=0x00007ffd78e332a8 msvcp140.dll
RAX=0x0 is NULL
RBX=0x000001e6fc72aec0 points into unknown readable memory: 0x73726573555c3a43 | 43 3a 5c 55 73 65 72 73
RCX=0x00007ffcdeaa86f8 gdal.dll
RDX=0x0 is NULL
RSP=0x0000004a7eefcbc0 is pointing into the stack for thread: 0x000001e6fcc924b0
RBP=0x0000004a7eefce00 is pointing into the stack for thread: 0x000001e6fcc924b0
RSI=0x00007ffcdeaa86f0 gdal.dll
RDI=0x0000000000004000 is an unknown value
R8 =0x0000000000000009 is an unknown value
R9 =0x0000000000000040 is an unknown value
R10=0xfefefefefefefeff is an unknown value
R11=0x8080808080808080 is an unknown value
R12=0x0000004a7eefcea0 is pointing into the stack for thread: 0x000001e6fcc924b0
R13=0x0 is NULL
R14=0x0 is NULL
R15=0x00007ffcdeaa8738 gdal.dll


Top of Stack: (sp=0x0000004a7eefcbc0)
0x0000004a7eefcbc0:   0000000000000002 0000000000000000
0x0000004a7eefcbd0:   0000000000000000 0000000000000000
0x0000004a7eefcbe0:   0000000000000000 0000000000000000
0x0000004a7eefcbf0:   0000e4fba427f0a4 000001e6fc72adc0
0x0000004a7eefcc00:   0000000000000042 000001e6fc72adc0
0x0000004a7eefcc10:   0000000000004000 00007ffcde35757d
0x0000004a7eefcc20:   000001e69c0e0000 0000000000000038
0x0000004a7eefcc30:   000001e6fc72aec0 ffffffffffffffff
0x0000004a7eefcc40:   00007ffcdeaa86f0 00007ffcdd74c93e
0x0000004a7eefcc50:   0000000000000038 000001e6fcc924b0
0x0000004a7eefcc60:   000001e6b6453e48 0000588eadb6cf2c
0x0000004a7eefcc70:   0000000000000042 000001e6fc72adc0
0x0000004a7eefcc80:   0000000000000000 0000000000000000
0x0000004a7eefcc90:   0000000000004000 ffffffffffffffff
0x0000004a7eefcca0:   0000004a7eefce00 00007ffcde356d8d
0x0000004a7eefccb0:   0000004a7eefce60 0000004a7eefd148 

Instructions: (pc=0x00007ffd78e332a8)
0x00007ffd78e331a8:   48 89 01 48 83 c1 08 48 83 c4 28 48 ff 25 26 30
0x00007ffd78e331b8:   04 00 48 8d 05 37 70 04 00 45 33 c0 48 89 01 ba
0x00007ffd78e331c8:   a0 0f 00 00 48 83 c1 08 48 83 c4 28 48 ff 25 ed
0x00007ffd78e331d8:   2f 04 00 cc cc cc cc cc 48 83 c1 08 48 ff 25 cd
0x00007ffd78e331e8:   2f 04 00 cc cc cc cc cc 48 83 c1 08 48 ff 25 dd
0x00007ffd78e331f8:   2f 04 00 cc cc cc cc cc 48 83 c1 08 48 ff 25 45
0x00007ffd78e33208:   2e 04 00 cc 48 89 5c 24 18 48 89 74 24 20 57 41
0x00007ffd78e33218:   56 41 57 48 83 ec 40 48 8b 05 0a 11 07 00 48 33
0x00007ffd78e33228:   c4 48 89 44 24 30 8b 01 4c 8b f2 0f ba f0 08 48
0x00007ffd78e33238:   8b f1 83 f8 01 75 4a ff 15 b3 2f 04 00 39 46 48
0x00007ffd78e33248:   74 19 48 8d 4e 08 48 8b 01 48 8b 00 ff 15 6e 34
0x00007ffd78e33258:   04 00 ff 15 98 2f 04 00 89 46 48 ff 46 4c 33 c0
0x00007ffd78e33268:   48 8b 4c 24 30 48 33 cc e8 cb fd 03 00 48 8b 5c
0x00007ffd78e33278:   24 70 48 8b 74 24 78 48 83 c4 40 41 5f 41 5e 5f
0x00007ffd78e33288:   c3 4d 85 f6 75 28 4c 8d 79 48 ff 15 60 2f 04 00
0x00007ffd78e33298:   41 39 07 0f 84 ad 00 00 00 48 8d 4e 08 48 8b 01
0x00007ffd78e332a8:   48 8b 00 ff 15 17 34 04 00 e9 98 00 00 00 48 83
0x00007ffd78e332b8:   3a 00 7c 6e 75 06 83 7a 08 00 7e 66 ba 01 00 00
0x00007ffd78e332c8:   00 48 8d 4c 24 20 e8 2d 09 00 00 48 8b 44 24 20
0x00007ffd78e332d8:   49 3b 06 7c 14 0f 85 b3 00 00 00 41 8b 46 08 39
0x00007ffd78e332e8:   44 24 28 0f 8d a5 00 00 00 4c 8d 7e 48 ff 15 fd
0x00007ffd78e332f8:   2e 04 00 41 39 07 74 4e 48 8b 46 08 48 8d 54 24
0x00007ffd78e33308:   20 49 8b ce 48 8b 58 10 e8 db 07 00 00 8b d0 48
0x00007ffd78e33318:   8d 4e 08 48 8b c3 ff 15 a4 33 04 00 84 c0 74 9c
0x00007ffd78e33328:   eb 24 4c 8d 79 48 ff 15 c4 2e 04 00 41 39 07 74
0x00007ffd78e33338:   15 48 8d 4e 08 48 8b 01 48 8b 40 08 ff 15 7e 33
0x00007ffd78e33348:   04 00 84 c0 74 48 8b 4e 4c 33 db bf 02 01 00 00
0x00007ffd78e33358:   8d 41 01 89 46 4c 83 f8 01 7e 0f f7 06 00 01 00
0x00007ffd78e33368:   00 75 10 89 4e 4c 8b df eb 09 ff 15 80 2e 04 00
0x00007ffd78e33378:   41 89 07 85 db 0f 84 e3 fe ff ff 3b df 74 0a b8
0x00007ffd78e33388:   04 00 00 00 e9 d7 fe ff ff 4d 85 f6 74 20 49 83
0x00007ffd78e33398:   3e 00 75 10 41 8b 46 08 f7 d8 1b c0 83 c0 03 e9 


Stack slot to memory mapping:
stack at sp + 0 slots: 0x0000000000000002 is an unknown value
stack at sp + 1 slots: 0x0 is NULL
stack at sp + 2 slots: 0x0 is NULL
stack at sp + 3 slots: 0x0 is NULL
stack at sp + 4 slots: 0x0 is NULL
stack at sp + 5 slots: 0x0 is NULL
stack at sp + 6 slots: 0x0000e4fba427f0a4 is an unknown value
stack at sp + 7 slots: 0x000001e6fc72adc0 points into unknown readable memory: 0x73726573555c3a43 | 43 3a 5c 55 73 65 72 73


Compiled method (n/a)   30740 3835     n 0       jdk.internal.reflect.NativeMethodAccessorImpl::invoke0 (native)
 total in heap  [0x000001e6a65f8d10,0x000001e6a65f91b0] = 1184
 relocation     [0x000001e6a65f8e68,0x000001e6a65f8ea0] = 56
 main code      [0x000001e6a65f8ea0,0x000001e6a65f91b0] = 784

[Constant Pool (empty)]

[MachCode]
[Entry Point]
  # {method} {0x000001e6b61c4290} 'invoke0' '(Ljava/lang/reflect/Method;Ljava/lang/Object;[Ljava/lang/Object;)Ljava/lang/Object;' in 'jdk/internal/reflect/NativeMethodAccessorImpl'
  # parm0:    rdx:rdx   = 'java/lang/reflect/Method'
  # parm1:    r8:r8     = 'java/lang/Object'
  # parm2:    r9:r9     = '[Ljava/lang/Object;'
  #           [sp+0x80]  (sp of caller)
  0x000001e6a65f8ea0: 448b 5208 | 49bb 0000 | 00b6 e601 | 0000 4d03 | d349 3bc2 | 0f84 0600 

  0x000001e6a65f8eb8: ;   {runtime_call ic_miss_stub}
  0x000001e6a65f8eb8: 0000 e9c1 | 3b6a ff90 
[Verified Entry Point]
  0x000001e6a65f8ec0: 8984 2400 | 90ff ff55 | 488b ec48 | 83ec 704c | 894c 2438 | 4983 f900 | 488d 4424 | 3848 0f44 
  0x000001e6a65f8ee0: 4424 3848 | 8944 2420 | 4c89 4424 | 3049 83f8 | 004c 8d4c | 2430 4c0f | 444c 2430 | 4889 5424 
  0x000001e6a65f8f00: 2848 83fa | 004c 8d44 | 2428 4c0f | 4444 2428 

  0x000001e6a65f8f10: ;   {oop(a 'java/lang/Class'{0x0000000709734a00} = 'jdk/internal/reflect/NativeMethodAccessorImpl')}
  0x000001e6a65f8f10: 49be 004a | 7309 0700 | 0000 4c89 | 7424 584c | 8d74 2458 | 498b d6c5 

  0x000001e6a65f8f28: ;   {internal_word}
  0x000001e6a65f8f28: f877 49ba | 278f 5fa6 | e601 0000 | 4d89 9798 | 0200 0049 | 89a7 9002 

  0x000001e6a65f8f40: ;   {external_word}
  0x000001e6a65f8f40: 0000 49ba | e380 12f1 | fc7f 0000 | 4180 3a00 | 0f84 5200 | 0000 5241 

  0x000001e6a65f8f58: ;   {metadata({method} {0x000001e6b61c4290} 'invoke0' '(Ljava/lang/reflect/Method;Ljava/lang/Object;[Ljava/lang/Object;)Ljava/lang/Object;' in 'jdk/internal/reflect/NativeMethodAccessorImpl')}
  0x000001e6a65f8f58: 5041 5148 | ba88 421c | b6e6 0100 | 0049 8bcf | 4883 ec20 | f7c4 0f00 | 0000 0f84 | 1a00 0000 
  0x000001e6a65f8f78: 4883 ec08 

  0x000001e6a65f8f7c: ;   {runtime_call}
  0x000001e6a65f8f7c: 49ba 00d6 | cff0 fc7f | 0000 41ff | d248 83c4 | 08e9 0d00 

  0x000001e6a65f8f90: ;   {runtime_call}
  0x000001e6a65f8f90: 0000 49ba | 00d6 cff0 | fc7f 0000 | 41ff d248 | 83c4 2041 | 5941 585a | 498d 8fb0 | 0200 0041 
  0x000001e6a65f8fb0: c787 4003 | 0000 0400 

  0x000001e6a65f8fb8: ;   {runtime_call}
  0x000001e6a65f8fb8: 0000 49ba | a43e cd76 | fd7f 0000 | 41ff d2c5 | f877 41c7 | 8740 0300 | 0005 0000 | 00f0 8344 
  0x000001e6a65f8fd8: 24c0 0049 | 3baf 4803 | 0000 0f87 | 1100 0000 | 4181 bf30 | 0300 0000 | 0000 000f | 842c 0000 
  0x000001e6a65f8ff8: 00c5 f877 | 4889 45f8 | 498b cf4c | 8be4 4883 | ec20 4883 

  0x000001e6a65f900c: ;   {runtime_call}
  0x000001e6a65f900c: e4f0 49ba | 408d daf0 | fc7f 0000 | 41ff d249 | 8be4 4d33 | e448 8b45 | f841 c787 | 4003 0000 
  0x000001e6a65f902c: 0800 0000 | 4181 bfb0 | 0300 0002 | 0000 000f | 843f 0100 

  0x000001e6a65f9040: ;   {external_word}
  0x000001e6a65f9040: 0049 bae3 | 8012 f1fc | 7f00 0041 | 803a 000f | 8450 0000 | 0048 8945 

  0x000001e6a65f9058: ;   {metadata({method} {0x000001e6b61c4290} 'invoke0' '(Ljava/lang/reflect/Method;Ljava/lang/Object;[Ljava/lang/Object;)Ljava/lang/Object;' in 'jdk/internal/reflect/NativeMethodAccessorImpl')}
  0x000001e6a65f9058: f848 ba88 | 421c b6e6 | 0100 0049 | 8bcf 4883 | ec20 f7c4 | 0f00 0000 | 0f84 1a00 | 0000 4883 
  0x000001e6a65f9078: ;   {runtime_call}
  0x000001e6a65f9078: ec08 49ba | 00d6 cff0 | fc7f 0000 | 41ff d248 | 83c4 08e9 | 0d00 0000 

  0x000001e6a65f9090: ;   {runtime_call}
  0x000001e6a65f9090: 49ba 00d6 | cff0 fc7f | 0000 41ff | d248 83c4 | 2048 8b45 | f849 c787 | 9002 0000 | 0000 0000 
  0x000001e6a65f90b0: 49c7 8798 | 0200 0000 | 0000 00c5 | f877 4885 | c00f 8493 | 0000 0048 | f7c0 0100 | 0000 0f84 
  0x000001e6a65f90d0: 8300 0000 | 488b 40ff | 4180 7f38 | 000f 846f | 0000 0048 | 83f8 000f | 8465 0000 | 0049 8b4f 
  0x000001e6a65f90f0: 2048 83f9 | 000f 8414 | 0000 0048 | 83e9 0849 | 894f 2049 | 034f 3048 | 8901 e943 | 0000 0050 
  0x000001e6a65f9110: 498b d748 | 8bc8 4883 | ec20 f7c4 | 0f00 0000 | 0f84 1a00 | 0000 4883 

  0x000001e6a65f9128: ;   {runtime_call}
  0x000001e6a65f9128: ec08 49ba | 3009 8ff0 | fc7f 0000 | 41ff d248 | 83c4 08e9 | 0d00 0000 

  0x000001e6a65f9140: ;   {runtime_call}
  0x000001e6a65f9140: 49ba 3009 | 8ff0 fc7f | 0000 41ff | d248 83c4 | 2058 e903 | 0000 0048 | 8b00 498b | 8fd8 0000 
  0x000001e6a65f9160: 00c7 8100 | 0100 0000 | 0000 00c9 | 4981 7f08 | 0000 0000 | 0f85 0100 

  0x000001e6a65f9178: ;   {runtime_call StubRoutines (1)}
  0x000001e6a65f9178: 0000 c3e9 | 807d 65ff | c5f8 7748 | 8945 f84c | 8be4 4883 | ec20 4883 

  0x000001e6a65f9190: ;   {runtime_call}
  0x000001e6a65f9190: e4f0 49ba | a006 d0f0 | fc7f 0000 | 41ff d249 | 8be4 4d33 | e448 8b45 | f8e9 93fe | ffff f4f4 
[/MachCode]


Compiled method (c1)   30782 3834   !   1       jdk.internal.reflect.NativeMethodAccessorImpl::invoke (137 bytes)
 total in heap  [0x000001e6a65f9210,0x000001e6a65f9c50] = 2624
 relocation     [0x000001e6a65f9368,0x000001e6a65f93f0] = 136
 main code      [0x000001e6a65f9400,0x000001e6a65f9860] = 1120
 stub code      [0x000001e6a65f9860,0x000001e6a65f98e8] = 136
 metadata       [0x000001e6a65f98e8,0x000001e6a65f9908] = 32
 scopes data    [0x000001e6a65f9908,0x000001e6a65f99c8] = 192
 scopes pcs     [0x000001e6a65f99c8,0x000001e6a65f9ae8] = 288
 dependencies   [0x000001e6a65f9ae8,0x000001e6a65f9af0] = 8
 handler table  [0x000001e6a65f9af0,0x000001e6a65f9c10] = 288
 nul chk table  [0x000001e6a65f9c10,0x000001e6a65f9c50] = 64

[Constant Pool (empty)]

[MachCode]
[Entry Point]
  # {method} {0x000001e6b61c3d68} 'invoke' '(Ljava/lang/Object;[Ljava/lang/Object;)Ljava/lang/Object;' in 'jdk/internal/reflect/NativeMethodAccessorImpl'
  # this:     rdx:rdx   = 'jdk/internal/reflect/NativeMethodAccessorImpl'
  # parm0:    r8:r8     = 'java/lang/Object'
  # parm1:    r9:r9     = '[Ljava/lang/Object;'
  #           [sp+0xd0]  (sp of caller)
  0x000001e6a65f9400: 448b 5208 | 49bb 0000 | 00b6 e601 | 0000 4d03 | d34c 3bd0 

  0x000001e6a65f9414: ;   {runtime_call ic_miss_stub}
  0x000001e6a65f9414: 0f85 6636 | 6aff 660f | 1f44 0000 
[Verified Entry Point]
  0x000001e6a65f9420: 8984 2400 | 90ff ff55 | 4881 ecc0 | 0000 0048 | 8954 2470 | 8b72 0cff | c689 720c 

  0x000001e6a65f943c: ;   {oop(a 'java/lang/Class'{0x000000070975c320} = 'jdk/internal/reflect/ReflectionFactory')}
  0x000001e6a65f943c: 48bf 20c3 | 7509 0700 | 0000 8b7f | 783b f70f | 8f08 0000 | 0048 8bf2 | e9e2 0200 | 004c 898c 
  0x000001e6a65f945c: 2480 0000 | 004c 8944 | 2478 8b72 | 1448 c1e6 | 038b 7624 | 48c1 e603 

  0x000001e6a65f9474: ; implicit exception: dispatches to 0x000001e6a65f979a
  0x000001e6a65f9474: 483b 0648 | 8bd6 0f1f 

  0x000001e6a65f947c: ;   {optimized virtual_call}
  0x000001e6a65f947c: 4400 00e8 

  0x000001e6a65f9480: ; ImmutableOopMap {[112]=Oop [128]=Oop [120]=Oop }
                      ;*invokevirtual isHidden {reexecute=0 rethrow=0 return_oop=0}
                      ; - jdk.internal.reflect.NativeMethodAccessorImpl::invoke@24 (line 57)
  0x000001e6a65f9480: bcde a3ff | 83f8 000f | 8417 0000 | 004c 8b8c | 2480 0000 | 004c 8b44 | 2478 488b | 7424 70e9 
  0x000001e6a65f94a0: 9702 0000 | 488b 5424 | 708b 4210 | 83f8 000f | 8415 0000 | 004c 8b8c | 2480 0000 | 004c 8b44 
  0x000001e6a65f94c0: 2478 488b | f2e9 7102 | 0000 488d | 7210 b800 | 0000 00bf | 0100 0000 | f00f b13e | be01 0000 
  0x000001e6a65f94e0: 000f 8405 | 0000 00be | 0000 0000 | 83fe 000f | 8515 0000 | 004c 8b8c | 2480 0000 | 004c 8b44 
  0x000001e6a65f9500: 2478 488b | f2e9 3102 | 0000 488b 

  0x000001e6a65f950c: ;   {metadata('jdk/internal/reflect/MethodAccessorGenerator')}
  0x000001e6a65f950c: da48 ba68 | 360f b7e6 | 0100 0049 | 8b87 0801 | 0000 488d | b890 0000 | 0049 3bbf | 1801 0000 
  0x000001e6a65f952c: 0f87 6d02 | 0000 4989 | bf08 0100 | 0048 c700 | 0100 0000 | 488b ca49 | ba00 0000 | b6e6 0100 
  0x000001e6a65f954c: 0049 2bca | 8948 0848 | 33c9 8948 | 0c48 33c9 | 48bf 1000 | 0000 0000 | 0000 4889 | 4cf8 0848 
  0x000001e6a65f956c: ffcf 75f6 | ba1e 0000 | 0066 8950 | 6aba 4900 | 0000 6689 | 506c 8b53 | 1448 c1e2 | 038b 7224 
  0x000001e6a65f958c: 48c1 e603 | 8b7a 2848 | c1e7 038b | 5230 48c1 | e203 4889 | 8424 9800 | 0000 4889 | bc24 9000 
  0x000001e6a65f95ac: 0000 4889 | b424 8800 | 0000 0f1f | 8000 0000 | 0048 b878 | 1c00 b6e6 

  0x000001e6a65f95c4: ;   {virtual_call}
  0x000001e6a65f95c4: 0100 00e8 

  0x000001e6a65f95c8: ; ImmutableOopMap {[128]=Oop [120]=Oop [152]=Oop [112]=Oop [144]=Oop [136]=Oop }
                      ;*invokevirtual clone {reexecute=0 rethrow=0 return_oop=0}
                      ; - java.lang.reflect.Method::getParameterTypes@4 (line 314)
                      ; - jdk.internal.reflect.NativeMethodAccessorImpl::invoke@77 (line 65)
  0x000001e6a65f95c8: 5466 93ff | 4883 f800 | 0f84 2900 

  0x000001e6a65f95d4: ;   {metadata('java/lang/Class'[])}
  0x000001e6a65f95d4: 0000 48bb | 781c 00b6 | e601 0000 | 8b78 0849 | ba00 0000 | b6e6 0100 | 0049 03fa | 483b 5f40 
  0x000001e6a65f95f4: 0f85 b701 | 0000 e900 | 0000 0048 | 8bf0 488b | 5424 708b | 7a14 48c1 | e703 8b5f | 2c48 c1e3 
  0x000001e6a65f9614: 038b 7f34 | 48c1 e703 | 488b d748 | 899c 24a8 | 0000 0048 | 89b4 24a0 | 0000 0066 | 0f1f 4400 
  0x000001e6a65f9634: 0048 b878 | 1c00 b6e6 

  0x000001e6a65f963c: ;   {virtual_call}
  0x000001e6a65f963c: 0100 00e8 

  0x000001e6a65f9640: ; ImmutableOopMap {[128]=Oop [120]=Oop [152]=Oop [144]=Oop [136]=Oop [112]=Oop [168]=Oop [160]=Oop }
                      ;*invokevirtual clone {reexecute=0 rethrow=0 return_oop=0}
                      ; - java.lang.reflect.Method::getExceptionTypes@4 (line 341)
                      ; - jdk.internal.reflect.NativeMethodAccessorImpl::invoke@91 (line 67)
  0x000001e6a65f9640: dc65 93ff | 4883 f800 | 0f84 2a00 

  0x000001e6a65f964c: ;   {metadata('java/lang/Class'[])}
  0x000001e6a65f964c: 0000 48bf | 781c 00b6 | e601 0000 | 448b 4808 | 49ba 0000 | 00b6 e601 | 0000 4d03 | ca49 3b79 
  0x000001e6a65f966c: 400f 854c | 0100 00e9 | 0000 0000 | 488b c848 | 8b54 2470 | 448b 4214 | 49c1 e003 

  0x000001e6a65f9688: ; implicit exception: dispatches to 0x000001e6a65f97c8
  0x000001e6a65f9688: 418b 5820 | 4c8b 8424 | 8800 0000 | 4c8b 8c24 | 9000 0000 | 488b bc24 | a000 0000 | 488b b424 
  0x000001e6a65f96a8: a800 0000 | 891c 2448 | 8b94 2498 

  0x000001e6a65f96b4: ;   {optimized virtual_call}
  0x000001e6a65f96b4: 0000 00e8 

  0x000001e6a65f96b8: ; ImmutableOopMap {[128]=Oop [120]=Oop [112]=Oop }
                      ;*invokevirtual generateMethod {reexecute=0 rethrow=0 return_oop=0}
                      ; - jdk.internal.reflect.NativeMethodAccessorImpl::invoke@101 (line 63)
  0x000001e6a65f96b8: d901 0000 | 4883 f800 | 0f84 2a00 

  0x000001e6a65f96c4: ;   {metadata('jdk/internal/reflect/MethodAccessorImpl')}
  0x000001e6a65f96c4: 0000 48be | d0ae 00b6 | e601 0000 | 448b 4808 | 49ba 0000 | 00b6 e601 | 0000 4d03 | ca49 3b71 
  0x000001e6a65f96e4: 400f 85e2 | 0000 00e9 | 0000 0000 | 488b d048 | 8b74 2470 | 448b 4618 | 49c1 e003 | 450f be4f 
  0x000001e6a65f9704: 3841 83f9 | 000f 85c7 | 0000 004c | 8bd2 49c1 | ea03 4589 | 500c 4d8b | c84c 33ca | 49c1 e915 
  0x000001e6a65f9724: 4983 f900 | 0f85 cd00 | 0000 4c8b | 8c24 8000 | 0000 4c8b | 4424 788b | 5614 48c1 | e203 0f1f 
  0x000001e6a65f9744: ;   {static_call}
  0x000001e6a65f9744: 4400 00e8 

  0x000001e6a65f9748: ; ImmutableOopMap {}
                      ;*invokestatic invoke0 {reexecute=0 rethrow=0 return_oop=0}
                      ; - jdk.internal.reflect.NativeMethodAccessorImpl::invoke@133 (line 77)
  0x000001e6a65f9748: 74f7 ffff | 4881 c4c0 | 0000 005d 

  0x000001e6a65f9754: ;   {poll_return}
  0x000001e6a65f9754: 493b a748 | 0300 000f | 87b2 0000 | 00c3 488b | 7424 7049 | 8b87 d803 | 0000 4d33 | d24d 8997 
  0x000001e6a65f9774: d803 0000 | 4d33 d24d | 8997 e003 | 0000 bf00 | 0000 0089 | 7e10 f083 | 4424 c000 | e9b8 0000 
  0x000001e6a65f9794: ;   {runtime_call throw_null_pointer_exception Runtime1 stub}
  0x000001e6a65f9794: 00e8 86a7 

  0x000001e6a65f9798: ; ImmutableOopMap {rdx=Oop [112]=Oop [128]=Oop [120]=Oop }
                      ;*invokevirtual getDeclaringClass {reexecute=0 rethrow=0 return_oop=0}
                      ; - jdk.internal.reflect.NativeMethodAccessorImpl::invoke@21 (line 57)
                      ;   {runtime_call throw_null_pointer_exception Runtime1 stub}
  0x000001e6a65f9798: 74ff e881 

  0x000001e6a65f979c: ; ImmutableOopMap {rdx=Oop [112]=Oop [128]=Oop [120]=Oop rsi=Oop }
                      ;*invokevirtual isHidden {reexecute=0 rethrow=0 return_oop=0}
                      ; - jdk.internal.reflect.NativeMethodAccessorImpl::invoke@24 (line 57)
  0x000001e6a65f979c: a774 ff48 

  0x000001e6a65f97a0: ;   {runtime_call fast_new_instance Runtime1 stub}
  0x000001e6a65f97a0: 8bd2 e859 

  0x000001e6a65f97a4: ; ImmutableOopMap {[128]=Oop [120]=Oop rbx=Oop [112]=Oop }
                      ;*new {reexecute=0 rethrow=0 return_oop=0}
                      ; - jdk.internal.reflect.NativeMethodAccessorImpl::invoke@52 (line 61)
  0x000001e6a65f97a4: b074 ffe9 | c4fd ffff 

  0x000001e6a65f97ac: ;   {runtime_call throw_null_pointer_exception Runtime1 stub}
  0x000001e6a65f97ac: e86f a774 

  0x000001e6a65f97b0: ; ImmutableOopMap {[128]=Oop [120]=Oop rbx=Oop [112]=Oop rax=Oop rdx=Oop }
                      ;*invokevirtual getDeclaringClass {reexecute=0 rethrow=0 return_oop=0}
                      ; - jdk.internal.reflect.NativeMethodAccessorImpl::invoke@63 (line 63)
  0x000001e6a65f97b0: ff48 8904 

  0x000001e6a65f97b4: ;   {runtime_call throw_class_cast_exception Runtime1 stub}
  0x000001e6a65f97b4: 24e8 66ce 

  0x000001e6a65f97b8: ; ImmutableOopMap {[128]=Oop [120]=Oop [152]=Oop [112]=Oop [144]=Oop [136]=Oop }
                      ;*checkcast {reexecute=0 rethrow=0 return_oop=0}
                      ; - java.lang.reflect.Method::getParameterTypes@7 (line 314)
                      ; - jdk.internal.reflect.NativeMethodAccessorImpl::invoke@77 (line 65)
                      ;   {runtime_call throw_null_pointer_exception Runtime1 stub}
  0x000001e6a65f97b8: 74ff e861 

  0x000001e6a65f97bc: ; ImmutableOopMap {[128]=Oop [120]=Oop [152]=Oop [144]=Oop [136]=Oop rsi=Oop rdx=Oop [112]=Oop rdi=Oop }
                      ;*invokevirtual getReturnType {reexecute=0 rethrow=0 return_oop=0}
                      ; - jdk.internal.reflect.NativeMethodAccessorImpl::invoke@84 (line 66)
  0x000001e6a65f97bc: a774 ff48 

  0x000001e6a65f97c0: ;   {runtime_call throw_class_cast_exception Runtime1 stub}
  0x000001e6a65f97c0: 8904 24e8 

  0x000001e6a65f97c4: ; ImmutableOopMap {[128]=Oop [120]=Oop [152]=Oop [144]=Oop [136]=Oop [112]=Oop [168]=Oop [160]=Oop }
                      ;*checkcast {reexecute=0 rethrow=0 return_oop=0}
                      ; - java.lang.reflect.Method::getExceptionTypes@7 (line 341)
                      ; - jdk.internal.reflect.NativeMethodAccessorImpl::invoke@91 (line 67)
  0x000001e6a65f97c4: 58ce 74ff 

  0x000001e6a65f97c8: ;   {runtime_call throw_null_pointer_exception Runtime1 stub}
  0x000001e6a65f97c8: e853 a774 

  0x000001e6a65f97cc: ; ImmutableOopMap {[128]=Oop [120]=Oop [152]=Oop [144]=Oop [136]=Oop [168]=Oop [160]=Oop rcx=Oop rdx=Oop [112]=Oop }
                      ;*invokevirtual getModifiers {reexecute=0 rethrow=0 return_oop=0}
                      ; - jdk.internal.reflect.NativeMethodAccessorImpl::invoke@98 (line 68)
  0x000001e6a65f97cc: ff48 8904 

  0x000001e6a65f97d0: ;   {runtime_call throw_class_cast_exception Runtime1 stub}
  0x000001e6a65f97d0: 24e8 4ace 

  0x000001e6a65f97d4: ; ImmutableOopMap {[128]=Oop [120]=Oop [112]=Oop }
                      ;*checkcast {reexecute=0 rethrow=0 return_oop=0}
                      ; - jdk.internal.reflect.NativeMethodAccessorImpl::invoke@104 (line 63)
  0x000001e6a65f97d4: 74ff 458b | 480c 49c1 | e103 4983 | f900 0f84 | 27ff ffff | 4c89 0c24 

  0x000001e6a65f97ec: ;   {runtime_call g1_pre_barrier_slow}
  0x000001e6a65f97ec: e80f 0475 | ffe9 19ff 

  0x000001e6a65f97f4: ;   {runtime_call throw_null_pointer_exception Runtime1 stub}
  0x000001e6a65f97f4: ffff e825 

  0x000001e6a65f97f8: ; ImmutableOopMap {[128]=Oop [120]=Oop rdx=Oop rsi=Oop [112]=Oop r8=Oop }
                      ;*invokevirtual setDelegate {reexecute=0 rethrow=0 return_oop=0}
                      ; - jdk.internal.reflect.NativeMethodAccessorImpl::invoke@113 (line 69)
  0x000001e6a65f97f8: a774 ff48 | 83fa 000f | 8429 ffff | ff4c 8904 

  0x000001e6a65f9808: ;   {runtime_call g1_post_barrier_slow}
  0x000001e6a65f9808: 24e8 f206 | 75ff e91b 

  0x000001e6a65f9810: ;   {internal_word}
  0x000001e6a65f9810: ffff ff49 | ba54 975f | a6e6 0100 | 004d 8997 | 6003 0000 

  0x000001e6a65f9824: ;   {runtime_call SafepointBlob}
  0x000001e6a65f9824: e9d7 9b6a 

  0x000001e6a65f9828: ;   {runtime_call throw_null_pointer_exception Runtime1 stub}
  0x000001e6a65f9828: ffe8 f2a6 

  0x000001e6a65f982c: ; ImmutableOopMap {[128]=Oop [120]=Oop rdx=Oop rsi=Oop [112]=Oop r8=Oop }
                      ;*invokevirtual setDelegate {reexecute=0 rethrow=0 return_oop=0}
                      ; - jdk.internal.reflect.NativeMethodAccessorImpl::invoke@113 (line 69)
  0x000001e6a65f982c: 74ff 9090 | 498b 87d8 | 0300 0049 | c787 d803 | 0000 0000 | 0000 49c7 | 87e0 0300 | 0000 0000 
  0x000001e6a65f984c: 0048 81c4 | c000 0000 

  0x000001e6a65f9854: ;   {runtime_call unwind_exception Runtime1 stub}
  0x000001e6a65f9854: 5de9 a697 | 74ff f4f4 | f4f4 f4f4 
[Stub Code]
  0x000001e6a65f9860: ;   {no_reloc}
  0x000001e6a65f9860: 0f1f 4400 

  0x000001e6a65f9864: ;   {static_stub}
  0x000001e6a65f9864: 0048 bb00 | 0000 0000 

  0x000001e6a65f986c: ;   {runtime_call}
  0x000001e6a65f986c: 0000 00e9 | fbff ffff 

  0x000001e6a65f9874: ;   {static_stub}
  0x000001e6a65f9874: 9048 bb00 | 0000 0000 

  0x000001e6a65f987c: ;   {runtime_call}
  0x000001e6a65f987c: 0000 00e9 | fbff ffff 

  0x000001e6a65f9884: ;   {static_stub}
  0x000001e6a65f9884: 9048 bb00 | 0000 0000 

  0x000001e6a65f988c: ;   {runtime_call}
  0x000001e6a65f988c: 0000 00e9 | fbff ffff 

  0x000001e6a65f9894: ;   {static_stub}
  0x000001e6a65f9894: 9048 bb10 | 6623 f7e6 

  0x000001e6a65f989c: ;   {runtime_call I2C/C2I adapters}
  0x000001e6a65f989c: 0100 00e9 | 5654 8cff 

  0x000001e6a65f98a4: ;   {static_stub}
  0x000001e6a65f98a4: 9048 bb00 | 0000 0000 

  0x000001e6a65f98ac: ;   {runtime_call}
  0x000001e6a65f98ac: 0000 00e9 | fbff ffff 
[Exception Handler]
  0x000001e6a65f98b4: ;   {runtime_call handle_exception_from_callee Runtime1 stub}
  0x000001e6a65f98b4: e847 c474 

  0x000001e6a65f98b8: ;   {external_word}
  0x000001e6a65f98b8: ff48 b9a0 | e0ee f0fc | 7f00 0048 

  0x000001e6a65f98c4: ;   {runtime_call}
  0x000001e6a65f98c4: 83e4 f049 | bae0 dabc | f0fc 7f00 | 0041 ffd2 

  0x000001e6a65f98d4: ;   {section_word}
  0x000001e6a65f98d4: f449 bad5 | 985f a6e6 | 0100 0041 

  0x000001e6a65f98e0: ;   {runtime_call DeoptimizationBlob}
  0x000001e6a65f98e0: 52e9 ba8d | 6aff f4f4 
[/MachCode]


Compiled method (c1)   30845 3824       1       jdk.internal.reflect.DelegatingMethodAccessorImpl::invoke (10 bytes)
 total in heap  [0x000001e6a65f6690,0x000001e6a65f6958] = 712
 relocation     [0x000001e6a65f67e8,0x000001e6a65f6820] = 56
 main code      [0x000001e6a65f6820,0x000001e6a65f68c0] = 160
 stub code      [0x000001e6a65f68c0,0x000001e6a65f6908] = 72
 metadata       [0x000001e6a65f6908,0x000001e6a65f6910] = 8
 scopes data    [0x000001e6a65f6910,0x000001e6a65f6920] = 16
 scopes pcs     [0x000001e6a65f6920,0x000001e6a65f6950] = 48
 dependencies   [0x000001e6a65f6950,0x000001e6a65f6958] = 8

[Constant Pool (empty)]

[MachCode]
[Entry Point]
  # {method} {0x000001e6b635fb00} 'invoke' '(Ljava/lang/Object;[Ljava/lang/Object;)Ljava/lang/Object;' in 'jdk/internal/reflect/DelegatingMethodAccessorImpl'
  # this:     rdx:rdx   = 'jdk/internal/reflect/DelegatingMethodAccessorImpl'
  # parm0:    r8:r8     = 'java/lang/Object'
  # parm1:    r9:r9     = '[Ljava/lang/Object;'
  #           [sp+0x40]  (sp of caller)
  0x000001e6a65f6820: 448b 5208 | 49bb 0000 | 00b6 e601 | 0000 4d03 | d34c 3bd0 

  0x000001e6a65f6834: ;   {runtime_call ic_miss_stub}
  0x000001e6a65f6834: 0f85 4662 | 6aff 660f | 1f44 0000 
[Verified Entry Point]
  0x000001e6a65f6840: 8984 2400 | 90ff ff55 | 4883 ec30 | 8b52 0c48 | c1e2 0366 | 9048 b8ff | ffff ffff 

  0x000001e6a65f685c: ;   {virtual_call}
  0x000001e6a65f685c: ffff ffe8 

  0x000001e6a65f6860: ; ImmutableOopMap {}
                      ;*invokevirtual invoke {reexecute=0 rethrow=0 return_oop=0}
                      ; - jdk.internal.reflect.DelegatingMethodAccessorImpl::invoke@6 (line 43)
  0x000001e6a65f6860: 146e 75ff | 4883 c430 

  0x000001e6a65f6868: ;   {poll_return}
  0x000001e6a65f6868: 5d49 3ba7 | 4803 0000 | 0f87 0100 

  0x000001e6a65f6874: ;   {internal_word}
  0x000001e6a65f6874: 0000 c349 | ba69 685f | a6e6 0100 | 004d 8997 | 6003 0000 

  0x000001e6a65f6888: ;   {runtime_call SafepointBlob}
  0x000001e6a65f6888: e973 cb6a | ff90 9049 | 8b87 d803 | 0000 49c7 | 87d8 0300 | 0000 0000 | 0049 c787 | e003 0000 
  0x000001e6a65f68a8: 0000 0000 | 4883 c430 

  0x000001e6a65f68b0: ;   {runtime_call unwind_exception Runtime1 stub}
  0x000001e6a65f68b0: 5de9 4ac7 | 74ff f4f4 | f4f4 f4f4 | f4f4 f4f4 
[Stub Code]
  0x000001e6a65f68c0: ;   {no_reloc}
  0x000001e6a65f68c0: 0f1f 4400 

  0x000001e6a65f68c4: ;   {static_stub}
  0x000001e6a65f68c4: 0048 bb00 | 0000 0000 

  0x000001e6a65f68cc: ;   {runtime_call}
  0x000001e6a65f68cc: 0000 00e9 | fbff ffff 
[Exception Handler]
  0x000001e6a65f68d4: ;   {runtime_call handle_exception_from_callee Runtime1 stub}
  0x000001e6a65f68d4: e827 f474 

  0x000001e6a65f68d8: ;   {external_word}
  0x000001e6a65f68d8: ff48 b9a0 | e0ee f0fc | 7f00 0048 

  0x000001e6a65f68e4: ;   {runtime_call}
  0x000001e6a65f68e4: 83e4 f049 | bae0 dabc | f0fc 7f00 | 0041 ffd2 

  0x000001e6a65f68f4: ;   {section_word}
  0x000001e6a65f68f4: f449 baf5 | 685f a6e6 | 0100 0041 

  0x000001e6a65f6900: ;   {runtime_call DeoptimizationBlob}
  0x000001e6a65f6900: 52e9 9abd | 6aff f4f4 
[/MachCode]


---------------  P R O C E S S  ---------------

Threads class SMR info:
_java_thread_list=0x000001e6fb016580, length=28, elements={
0x000001e6b5607e20, 0x000001e6b56087e0, 0x000001e6b56286d0, 0x000001e6b5629090,
0x000001e6b562a1f0, 0x000001e6b562b350, 0x000001e6b56329d0, 0x000001e6b56373e0,
0x000001e6b578f310, 0x000001e6b579bee0, 0x000001e6fbfa79d0, 0x000001e6fbfa7eb0,
0x000001e6fc07f5c0, 0x000001e6b56e5560, 0x000001e6b5964450, 0x000001e6fcc938f0,
0x000001e6fcc929c0, 0x000001e6fcc91fa0, 0x000001e6fcc91070, 0x000001e6fcc91580,
0x000001e6fcc91a90, 0x000001e6fcc924b0, 0x000001e6fcc94310, 0x000001e6fcc92ed0,
0x000001e6fcc94820, 0x000001e6fcc93e00, 0x000001e6fcf05be0, 0x000001e6fcf060f0
}

Java Threads: ( => current thread )
  0x000001e6b5607e20 JavaThread "Reference Handler" daemon [_thread_blocked, id=32948, stack(0x0000004a7c400000,0x0000004a7c500000)]
  0x000001e6b56087e0 JavaThread "Finalizer" daemon [_thread_blocked, id=15232, stack(0x0000004a7c500000,0x0000004a7c600000)]
  0x000001e6b56286d0 JavaThread "Signal Dispatcher" daemon [_thread_blocked, id=33956, stack(0x0000004a7c600000,0x0000004a7c700000)]
  0x000001e6b5629090 JavaThread "Attach Listener" daemon [_thread_blocked, id=22984, stack(0x0000004a7c700000,0x0000004a7c800000)]
  0x000001e6b562a1f0 JavaThread "Service Thread" daemon [_thread_blocked, id=14440, stack(0x0000004a7c800000,0x0000004a7c900000)]
  0x000001e6b562b350 JavaThread "Monitor Deflation Thread" daemon [_thread_blocked, id=28768, stack(0x0000004a7c900000,0x0000004a7ca00000)]
  0x000001e6b56329d0 JavaThread "C1 CompilerThread0" daemon [_thread_blocked, id=20208, stack(0x0000004a7ca00000,0x0000004a7cb00000)]
  0x000001e6b56373e0 JavaThread "Sweeper thread" daemon [_thread_blocked, id=34828, stack(0x0000004a7cb00000,0x0000004a7cc00000)]
  0x000001e6b578f310 JavaThread "Notification Thread" daemon [_thread_blocked, id=36932, stack(0x0000004a7ce00000,0x0000004a7cf00000)]
  0x000001e6b579bee0 JavaThread "Common-Cleaner" daemon [_thread_blocked, id=37700, stack(0x0000004a7d000000,0x0000004a7d100000)]
  0x000001e6fbfa79d0 JavaThread "Catalina-utility-1" [_thread_blocked, id=35504, stack(0x0000004a7e200000,0x0000004a7e300000)]
  0x000001e6fbfa7eb0 JavaThread "Catalina-utility-2" [_thread_blocked, id=6488, stack(0x0000004a7e300000,0x0000004a7e400000)]
  0x000001e6fc07f5c0 JavaThread "container-0" [_thread_blocked, id=15556, stack(0x0000004a7e400000,0x0000004a7e500000)]
  0x000001e6b56e5560 JavaThread "HikariPool-1 housekeeper" daemon [_thread_blocked, id=25696, stack(0x0000004a7e500000,0x0000004a7e600000)]
  0x000001e6b5964450 JavaThread "java-sdk-http-connection-reaper" daemon [_thread_blocked, id=39228, stack(0x0000004a7e700000,0x0000004a7e800000)]
  0x000001e6fcc938f0 JavaThread "http-nio-8080-exec-1" daemon [_thread_blocked, id=30608, stack(0x0000004a7e800000,0x0000004a7e900000)]
  0x000001e6fcc929c0 JavaThread "http-nio-8080-exec-2" daemon [_thread_blocked, id=29944, stack(0x0000004a7e900000,0x0000004a7ea00000)]
  0x000001e6fcc91fa0 JavaThread "http-nio-8080-exec-3" daemon [_thread_blocked, id=30080, stack(0x0000004a7ea00000,0x0000004a7eb00000)]
  0x000001e6fcc91070 JavaThread "http-nio-8080-exec-4" daemon [_thread_blocked, id=36956, stack(0x0000004a7eb00000,0x0000004a7ec00000)]
  0x000001e6fcc91580 JavaThread "http-nio-8080-exec-5" daemon [_thread_blocked, id=3452, stack(0x0000004a7ec00000,0x0000004a7ed00000)]
  0x000001e6fcc91a90 JavaThread "http-nio-8080-exec-6" daemon [_thread_blocked, id=30916, stack(0x0000004a7ed00000,0x0000004a7ee00000)]
=>0x000001e6fcc924b0 JavaThread "http-nio-8080-exec-7" daemon [_thread_in_native, id=24040, stack(0x0000004a7ee00000,0x0000004a7ef00000)]
  0x000001e6fcc94310 JavaThread "http-nio-8080-exec-8" daemon [_thread_blocked, id=42552, stack(0x0000004a7ef00000,0x0000004a7f000000)]
  0x000001e6fcc92ed0 JavaThread "http-nio-8080-exec-9" daemon [_thread_blocked, id=42816, stack(0x0000004a7f000000,0x0000004a7f100000)]
  0x000001e6fcc94820 JavaThread "http-nio-8080-exec-10" daemon [_thread_blocked, id=6204, stack(0x0000004a7f100000,0x0000004a7f200000)]
  0x000001e6fcc93e00 JavaThread "http-nio-8080-Poller" daemon [_thread_in_native, id=11052, stack(0x0000004a7f200000,0x0000004a7f300000)]
  0x000001e6fcf05be0 JavaThread "http-nio-8080-Acceptor" daemon [_thread_in_native, id=33628, stack(0x0000004a7f300000,0x0000004a7f400000)]
  0x000001e6fcf060f0 JavaThread "DestroyJavaVM" [_thread_blocked, id=17128, stack(0x0000004a7bd00000,0x0000004a7be00000)]

Other Threads:
  0x000001e6b5602cd0 VMThread "VM Thread" [stack: 0x0000004a7c300000,0x0000004a7c400000] [id=11808]
  0x000001e6b5798c30 WatcherThread [stack: 0x0000004a7cf00000,0x0000004a7d000000] [id=10836]
  0x000001e69e41f130 GCTaskThread "GC Thread#0" [stack: 0x0000004a7be00000,0x0000004a7bf00000] [id=26340]
  0x000001e6fb482d90 GCTaskThread "GC Thread#1" [stack: 0x0000004a7d200000,0x0000004a7d300000] [id=41444]
  0x000001e6fb488490 GCTaskThread "GC Thread#2" [stack: 0x0000004a7d300000,0x0000004a7d400000] [id=12904]
  0x000001e6fb4e2070 GCTaskThread "GC Thread#3" [stack: 0x0000004a7d400000,0x0000004a7d500000] [id=22536]
  0x000001e6fb486930 GCTaskThread "GC Thread#4" [stack: 0x0000004a7d500000,0x0000004a7d600000] [id=25148]
  0x000001e6fb6002e0 GCTaskThread "GC Thread#5" [stack: 0x0000004a7d700000,0x0000004a7d800000] [id=14944]
  0x000001e6fb6010a0 GCTaskThread "GC Thread#6" [stack: 0x0000004a7d800000,0x0000004a7d900000] [id=13948]
  0x000001e6fb601ba0 GCTaskThread "GC Thread#7" [stack: 0x0000004a7d600000,0x0000004a7d700000] [id=38368]
  0x000001e6fb600de0 GCTaskThread "GC Thread#8" [stack: 0x0000004a7db00000,0x0000004a7dc00000] [id=30068]
  0x000001e6fb600b20 GCTaskThread "GC Thread#9" [stack: 0x0000004a7dc00000,0x0000004a7dd00000] [id=5556]
  0x000001e6fb601360 GCTaskThread "GC Thread#10" [stack: 0x0000004a7dd00000,0x0000004a7de00000] [id=38080]
  0x000001e6fb6005a0 GCTaskThread "GC Thread#11" [stack: 0x0000004a7de00000,0x0000004a7df00000] [id=1952]
  0x000001e6fb600860 GCTaskThread "GC Thread#12" [stack: 0x0000004a7df00000,0x0000004a7e000000] [id=14664]
  0x000001e69e42f740 ConcurrentGCThread "G1 Main Marker" [stack: 0x0000004a7bf00000,0x0000004a7c000000] [id=24408]
  0x000001e69e433d40 ConcurrentGCThread "G1 Conc#0" [stack: 0x0000004a7c000000,0x0000004a7c100000] [id=22268]
  0x000001e6fb6018e0 ConcurrentGCThread "G1 Conc#1" [stack: 0x0000004a7e000000,0x0000004a7e100000] [id=29752]
  0x000001e6fbeadce0 ConcurrentGCThread "G1 Conc#2" [stack: 0x0000004a7e100000,0x0000004a7e200000] [id=33844]
  0x000001e6b54b5f50 ConcurrentGCThread "G1 Refine#0" [stack: 0x0000004a7c100000,0x0000004a7c200000] [id=32360]
  0x000001e6b54b7730 ConcurrentGCThread "G1 Service" [stack: 0x0000004a7c200000,0x0000004a7c300000] [id=17220]

Threads with active compile tasks:

VM state: not at safepoint (normal execution)

VM Mutex/Monitor currently owned by a thread: None

Heap address: 0x0000000709400000, size: 3948 MB, Compressed Oops mode: Zero based, Oop shift amount: 3

CDS archive(s) mapped at: [0x000001e6b6000000-0x000001e6b6bd0000-0x000001e6b6bd0000), size 12386304, SharedBaseAddress: 0x000001e6b6000000, ArchiveRelocationMode: 1.
Compressed class space mapped at: 0x000001e6b7000000-0x000001e6f7000000, reserved size: 1073741824
Narrow klass base: 0x000001e6b6000000, Narrow klass shift: 0, Narrow klass range: 0x100000000

GC Precious Log:
 CPUs: 16 total, 16 available
 Memory: 15789M
 Large Page Support: Disabled
 NUMA Support: Disabled
 Compressed Oops: Enabled (Zero based)
 Heap Region Size: 2M
 Heap Min Capacity: 8M
 Heap Initial Capacity: 248M
 Heap Max Capacity: 3948M
 Pre-touch: Disabled
 Parallel Workers: 13
 Concurrent Workers: 3
 Concurrent Refinement Workers: 13
 Periodic GC: Disabled

Heap:
 garbage-first heap   total 83968K, used 40199K [0x0000000709400000, 0x0000000800000000)
  region size 2048K, 6 young (12288K), 2 survivors (4096K)
 Metaspace       used 73708K, committed 74368K, reserved 1114112K
  class space    used 10329K, committed 10624K, reserved 1048576K

Heap Regions: E=young(eden), S=young(survivor), O=old, HS=humongous(starts), HC=humongous(continues), CS=collection set, F=free, OA=open archive, CA=closed archive, TAMS=top-at-mark-start (previous, next)
|   0|0x0000000709400000, 0x0000000709600000, 0x0000000709600000|100%| O|  |TAMS 0x0000000709600000, 0x0000000709400000| Untracked 
|   1|0x0000000709600000, 0x0000000709800000, 0x0000000709800000|100%| O|  |TAMS 0x0000000709800000, 0x0000000709600000| Untracked 
|   2|0x0000000709800000, 0x0000000709a00000, 0x0000000709a00000|100%| O|  |TAMS 0x0000000709a00000, 0x0000000709800000| Untracked 
|   3|0x0000000709a00000, 0x0000000709c00000, 0x0000000709c00000|100%| O|  |TAMS 0x0000000709c00000, 0x0000000709a00000| Untracked 
|   4|0x0000000709c00000, 0x0000000709c26200, 0x0000000709e00000|  7%| O|  |TAMS 0x0000000709c26200, 0x0000000709c00000| Untracked 
|   5|0x0000000709e00000, 0x000000070a000000, 0x000000070a000000|100%| O|  |TAMS 0x000000070a000000, 0x0000000709e00000| Untracked 
|   6|0x000000070a000000, 0x000000070a200000, 0x000000070a200000|100%| O|  |TAMS 0x000000070a200000, 0x000000070a000000| Untracked 
|   7|0x000000070a200000, 0x000000070a400000, 0x000000070a400000|100%| O|  |TAMS 0x000000070a400000, 0x000000070a200000| Untracked 
|   8|0x000000070a400000, 0x000000070a600000, 0x000000070a600000|100%| O|  |TAMS 0x000000070a600000, 0x000000070a400000| Untracked 
|   9|0x000000070a600000, 0x000000070a800000, 0x000000070a800000|100%| O|  |TAMS 0x000000070a800000, 0x000000070a600000| Untracked 
|  10|0x000000070a800000, 0x000000070aa00000, 0x000000070aa00000|100%| O|  |TAMS 0x000000070a933a00, 0x000000070a800000| Untracked 
|  11|0x000000070aa00000, 0x000000070ac00000, 0x000000070ac00000|100%| O|  |TAMS 0x000000070aa00000, 0x000000070aa00000| Untracked 
|  12|0x000000070ac00000, 0x000000070ae00000, 0x000000070ae00000|100%| O|  |TAMS 0x000000070ac00000, 0x000000070ac00000| Untracked 
|  13|0x000000070ae00000, 0x000000070b000000, 0x000000070b000000|100%| O|  |TAMS 0x000000070ae00000, 0x000000070ae00000| Untracked 
|  14|0x000000070b000000, 0x000000070b200000, 0x000000070b200000|100%| O|  |TAMS 0x000000070b000000, 0x000000070b000000| Untracked 
|  15|0x000000070b200000, 0x000000070b400000, 0x000000070b400000|100%| O|  |TAMS 0x000000070b200000, 0x000000070b200000| Untracked 
|  16|0x000000070b400000, 0x000000070b400000, 0x000000070b600000|  0%| F|  |TAMS 0x000000070b400000, 0x000000070b400000| Untracked 
|  17|0x000000070b600000, 0x000000070b600000, 0x000000070b800000|  0%| F|  |TAMS 0x000000070b600000, 0x000000070b600000| Untracked 
|  18|0x000000070b800000, 0x000000070b800000, 0x000000070ba00000|  0%| F|  |TAMS 0x000000070b800000, 0x000000070b800000| Untracked 
|  19|0x000000070ba00000, 0x000000070ba00000, 0x000000070bc00000|  0%| F|  |TAMS 0x000000070ba00000, 0x000000070ba00000| Untracked 
|  20|0x000000070bc00000, 0x000000070bc00000, 0x000000070be00000|  0%| F|  |TAMS 0x000000070bc00000, 0x000000070bc00000| Untracked 
|  21|0x000000070be00000, 0x000000070be00000, 0x000000070c000000|  0%| F|  |TAMS 0x000000070be00000, 0x000000070be00000| Untracked 
|  22|0x000000070c000000, 0x000000070c000000, 0x000000070c200000|  0%| F|  |TAMS 0x000000070c000000, 0x000000070c000000| Untracked 
|  23|0x000000070c200000, 0x000000070c200000, 0x000000070c400000|  0%| F|  |TAMS 0x000000070c200000, 0x000000070c200000| Untracked 
|  24|0x000000070c400000, 0x000000070c400000, 0x000000070c600000|  0%| F|  |TAMS 0x000000070c400000, 0x000000070c400000| Untracked 
|  25|0x000000070c600000, 0x000000070c71bdc0, 0x000000070c800000| 55%| S|CS|TAMS 0x000000070c600000, 0x000000070c600000| Complete 
|  26|0x000000070c800000, 0x000000070ca00000, 0x000000070ca00000|100%| S|CS|TAMS 0x000000070c800000, 0x000000070c800000| Complete 
|  27|0x000000070ca00000, 0x000000070ca00000, 0x000000070cc00000|  0%| F|  |TAMS 0x000000070ca00000, 0x000000070ca00000| Untracked 
|  28|0x000000070cc00000, 0x000000070cc00000, 0x000000070ce00000|  0%| F|  |TAMS 0x000000070cc00000, 0x000000070cc00000| Untracked 
|  29|0x000000070ce00000, 0x000000070ce00000, 0x000000070d000000|  0%| F|  |TAMS 0x000000070ce00000, 0x000000070ce00000| Untracked 
|  30|0x000000070d000000, 0x000000070d000000, 0x000000070d200000|  0%| F|  |TAMS 0x000000070d000000, 0x000000070d000000| Untracked 
|  31|0x000000070d200000, 0x000000070d200000, 0x000000070d400000|  0%| F|  |TAMS 0x000000070d200000, 0x000000070d200000| Untracked 
|  32|0x000000070d400000, 0x000000070d400000, 0x000000070d600000|  0%| F|  |TAMS 0x000000070d400000, 0x000000070d400000| Untracked 
|  33|0x000000070d600000, 0x000000070d600000, 0x000000070d800000|  0%| F|  |TAMS 0x000000070d600000, 0x000000070d600000| Untracked 
|  34|0x000000070d800000, 0x000000070d800000, 0x000000070da00000|  0%| F|  |TAMS 0x000000070d800000, 0x000000070d800000| Untracked 
|  35|0x000000070da00000, 0x000000070da00000, 0x000000070dc00000|  0%| F|  |TAMS 0x000000070da00000, 0x000000070da00000| Untracked 
| 104|0x0000000716400000, 0x0000000716400000, 0x0000000716600000|  0%| F|  |TAMS 0x0000000716400000, 0x0000000716400000| Untracked 
| 105|0x0000000716600000, 0x00000007166189e0, 0x0000000716800000|  4%| E|  |TAMS 0x0000000716600000, 0x0000000716600000| Complete 
| 106|0x0000000716800000, 0x0000000716a00000, 0x0000000716a00000|100%| E|CS|TAMS 0x0000000716800000, 0x0000000716800000| Complete 
| 107|0x0000000716a00000, 0x0000000716c00000, 0x0000000716c00000|100%| E|CS|TAMS 0x0000000716a00000, 0x0000000716a00000| Complete 
| 123|0x0000000718a00000, 0x0000000718c00000, 0x0000000718c00000|100%| E|CS|TAMS 0x0000000718a00000, 0x0000000718a00000| Complete 

Card table byte_map: [0x000001e6a9a80000,0x000001e6aa240000] _byte_map_base: 0x000001e6a6236000

Marking Bits (Prev, Next): (CMBitMap*) 0x000001e69e41f790, (CMBitMap*) 0x000001e69e41f750
 Prev Bits: [0x000001e6ae7b0000, 0x000001e6b2560000)
 Next Bits: [0x000001e6aaa00000, 0x000001e6ae7b0000)

Polling page: 0x000001e69da80000

Metaspace:

Usage:
  Non-class:     61.89 MB used.
      Class:     10.09 MB used.
       Both:     71.98 MB used.

Virtual space:
  Non-class space:       64.00 MB reserved,      62.25 MB ( 97%) committed,  1 nodes.
      Class space:        1.00 GB reserved,      10.38 MB (  1%) committed,  1 nodes.
             Both:        1.06 GB reserved,      72.62 MB (  7%) committed. 

Chunk freelists:
   Non-Class:  1.74 MB
       Class:  5.59 MB
        Both:  7.33 MB

MaxMetaspaceSize: unlimited
CompressedClassSpaceSize: 1.00 GB
Initial GC threshold: 21.00 MB
Current GC threshold: 98.56 MB
CDS: on
MetaspaceReclaimPolicy: balanced
 - commit_granule_bytes: 65536.
 - commit_granule_words: 8192.
 - virtual_space_node_default_size: 8388608.
 - enlarge_chunks_in_place: 1.
 - new_chunks_are_fully_committed: 0.
 - uncommit_free_chunks: 1.
 - use_allocation_guard: 0.
 - handle_deallocations: 1.


Internal statistics:

num_allocs_failed_limit: 9.
num_arena_births: 856.
num_arena_deaths: 0.
num_vsnodes_births: 2.
num_vsnodes_deaths: 0.
num_space_committed: 1162.
num_space_uncommitted: 0.
num_chunks_returned_to_freelist: 9.
num_chunks_taken_from_freelist: 3439.
num_chunk_merges: 9.
num_chunk_splits: 2515.
num_chunks_enlarged: 1986.
num_inconsistent_stats: 0.

CodeCache: size=49152Kb used=10388Kb max_used=12731Kb free=38763Kb
 bounds [0x000001e6a5c50000, 0x000001e6a6920000, 0x000001e6a8c50000]
 total_blobs=6497 nmethods=5662 adapters=762
 compilation: enabled
              stopped_count=0, restarted_count=0
 full_count=0

Compilation events (20 events):
Event: 26.437 Thread 0x000001e6fd251d60 nmethod 5650 0x000001e6a6220c10 code [0x000001e6a6220dc0, 0x000001e6a6220f18]
Event: 26.438 Thread 0x000001e6fb775de0 nmethod 5653 0x000001e6a6220710 code [0x000001e6a62208c0, 0x000001e6a6220b28]
Event: 26.438 Thread 0x000001e6b56329d0 nmethod 5651 0x000001e6a6220190 code [0x000001e6a6220340, 0x000001e6a62205b8]
Event: 26.438 Thread 0x000001e6fc5d8ca0 nmethod 5652 0x000001e6a621f710 code [0x000001e6a621f900, 0x000001e6a621fea8]
Event: 26.438 Thread 0x000001e6b56329d0 5654       1       com.sun.crypto.provider.GHASH::digest (50 bytes)
Event: 26.438 Thread 0x000001e6fd251d60 5655       1       com.sun.crypto.provider.GaloisCounterMode$GCMEngine::overlapDetection (289 bytes)
Event: 26.438 Thread 0x000001e6fc5d8ca0 5656       1       com.sun.crypto.provider.GCTR::doFinal (155 bytes)
Event: 26.439 Thread 0x000001e6b56329d0 nmethod 5654 0x000001e6a621f090 code [0x000001e6a621f240, 0x000001e6a621f4d8]
Event: 26.439 Thread 0x000001e6fc5d8ca0 nmethod 5656 0x000001e6a621de10 code [0x000001e6a621e0c0, 0x000001e6a621eb08]
Event: 26.439 Thread 0x000001e6fd251d60 nmethod 5655 0x000001e6a621bf90 code [0x000001e6a621c380, 0x000001e6a621d508]
Event: 27.241 Thread 0x000001e6b56329d0 5657       1       java.lang.Thread::isInterrupted (5 bytes)
Event: 27.242 Thread 0x000001e6b56329d0 nmethod 5657 0x000001e6a621bc90 code [0x000001e6a621be20, 0x000001e6a621bef8]
Event: 27.369 Thread 0x000001e6b56329d0 5658       1       sun.nio.ch.NioSocketImpl::park (51 bytes)
Event: 27.369 Thread 0x000001e6b56329d0 nmethod 5658 0x000001e6a621b490 code [0x000001e6a621b640, 0x000001e6a621b7c8]
Event: 30.592 Thread 0x000001e6b56329d0 5660       1       java.lang.StringUTF16::putChar (54 bytes)
Event: 30.593 Thread 0x000001e6b56329d0 nmethod 5660 0x000001e6a621b110 code [0x000001e6a621b2a0, 0x000001e6a621b398]
Event: 30.593 Thread 0x000001e6b56329d0 5661       1       org.h2.engine.SessionLocal::getDatabase (18 bytes)
Event: 30.594 Thread 0x000001e6b56329d0 nmethod 5661 0x000001e6a621ab10 code [0x000001e6a621ace0, 0x000001e6a621afb8]
Event: 30.601 Thread 0x000001e6b56329d0 5662       1       java.util.Locale::getCountry (8 bytes)
Event: 30.601 Thread 0x000001e6b56329d0 nmethod 5662 0x000001e6a621a810 code [0x000001e6a621a9a0, 0x000001e6a621aa78]

GC Heap History (20 events):
Event: 1.655 GC heap before
{Heap before GC invocations=2 (full 0):
 garbage-first heap   total 253952K, used 59401K [0x0000000709400000, 0x0000000800000000)
  region size 2048K, 26 young (53248K), 1 survivors (2048K)
 Metaspace       used 17451K, committed 17728K, reserved 1114112K
  class space    used 2340K, committed 2432K, reserved 1048576K
}
Event: 1.660 GC heap after
{Heap after GC invocations=3 (full 0):
 garbage-first heap   total 253952K, used 14557K [0x0000000709400000, 0x0000000800000000)
  region size 2048K, 4 young (8192K), 4 survivors (8192K)
 Metaspace       used 17451K, committed 17728K, reserved 1114112K
  class space    used 2340K, committed 2432K, reserved 1048576K
}
Event: 2.189 GC heap before
{Heap before GC invocations=3 (full 0):
 garbage-first heap   total 253952K, used 45277K [0x0000000709400000, 0x0000000800000000)
  region size 2048K, 20 young (40960K), 4 survivors (8192K)
 Metaspace       used 21116K, committed 21504K, reserved 1114112K
  class space    used 2877K, committed 3072K, reserved 1048576K
}
Event: 2.193 GC heap after
{Heap after GC invocations=4 (full 0):
 garbage-first heap   total 253952K, used 16426K [0x0000000709400000, 0x0000000800000000)
  region size 2048K, 4 young (8192K), 4 survivors (8192K)
 Metaspace       used 21116K, committed 21504K, reserved 1114112K
  class space    used 2877K, committed 3072K, reserved 1048576K
}
Event: 2.795 GC heap before
{Heap before GC invocations=5 (full 0):
 garbage-first heap   total 69632K, used 49194K [0x0000000709400000, 0x0000000800000000)
  region size 2048K, 20 young (40960K), 4 survivors (8192K)
 Metaspace       used 26435K, committed 26880K, reserved 1114112K
  class space    used 3623K, committed 3840K, reserved 1048576K
}
Event: 2.803 GC heap after
{Heap after GC invocations=6 (full 0):
 garbage-first heap   total 69632K, used 18749K [0x0000000709400000, 0x0000000800000000)
  region size 2048K, 3 young (6144K), 3 survivors (6144K)
 Metaspace       used 26435K, committed 26880K, reserved 1114112K
  class space    used 3623K, committed 3840K, reserved 1048576K
}
Event: 3.273 GC heap before
{Heap before GC invocations=6 (full 0):
 garbage-first heap   total 69632K, used 45373K [0x0000000709400000, 0x0000000800000000)
  region size 2048K, 16 young (32768K), 3 survivors (6144K)
 Metaspace       used 31043K, committed 31488K, reserved 1114112K
  class space    used 4322K, committed 4544K, reserved 1048576K
}
Event: 3.278 GC heap after
{Heap after GC invocations=7 (full 0):
 garbage-first heap   total 69632K, used 20632K [0x0000000709400000, 0x0000000800000000)
  region size 2048K, 1 young (2048K), 1 survivors (2048K)
 Metaspace       used 31043K, committed 31488K, reserved 1114112K
  class space    used 4322K, committed 4544K, reserved 1048576K
}
Event: 3.619 GC heap before
{Heap before GC invocations=7 (full 0):
 garbage-first heap   total 69632K, used 41112K [0x0000000709400000, 0x0000000800000000)
  region size 2048K, 12 young (24576K), 1 survivors (2048K)
 Metaspace       used 35561K, committed 35968K, reserved 1114112K
  class space    used 5003K, committed 5184K, reserved 1048576K
}
Event: 3.622 GC heap after
{Heap after GC invocations=8 (full 0):
 garbage-first heap   total 83968K, used 20744K [0x0000000709400000, 0x0000000800000000)
  region size 2048K, 2 young (4096K), 2 survivors (4096K)
 Metaspace       used 35561K, committed 35968K, reserved 1114112K
  class space    used 5003K, committed 5184K, reserved 1048576K
}
Event: 4.220 GC heap before
{Heap before GC invocations=9 (full 0):
 garbage-first heap   total 83968K, used 55560K [0x0000000709400000, 0x0000000800000000)
  region size 2048K, 20 young (40960K), 2 survivors (4096K)
 Metaspace       used 44271K, committed 44736K, reserved 1114112K
  class space    used 6148K, committed 6336K, reserved 1048576K
}
Event: 4.224 GC heap after
{Heap after GC invocations=10 (full 0):
 garbage-first heap   total 83968K, used 22631K [0x0000000709400000, 0x0000000800000000)
  region size 2048K, 2 young (4096K), 2 survivors (4096K)
 Metaspace       used 44271K, committed 44736K, reserved 1114112K
  class space    used 6148K, committed 6336K, reserved 1048576K
}
Event: 4.966 GC heap before
{Heap before GC invocations=10 (full 0):
 garbage-first heap   total 83968K, used 59495K [0x0000000709400000, 0x0000000800000000)
  region size 2048K, 20 young (40960K), 2 survivors (4096K)
 Metaspace       used 53520K, committed 54016K, reserved 1114112K
  class space    used 7632K, committed 7872K, reserved 1048576K
}
Event: 4.970 GC heap after
{Heap after GC invocations=11 (full 0):
 garbage-first heap   total 83968K, used 24207K [0x0000000709400000, 0x0000000800000000)
  region size 2048K, 3 young (6144K), 3 survivors (6144K)
 Metaspace       used 53520K, committed 54016K, reserved 1114112K
  class space    used 7632K, committed 7872K, reserved 1048576K
}
Event: 5.487 GC heap before
{Heap before GC invocations=11 (full 0):
 garbage-first heap   total 83968K, used 48783K [0x0000000709400000, 0x0000000800000000)
  region size 2048K, 16 young (32768K), 3 survivors (6144K)
 Metaspace       used 59881K, committed 60416K, reserved 1114112K
  class space    used 8495K, committed 8768K, reserved 1048576K
}
Event: 5.493 GC heap after
{Heap after GC invocations=12 (full 0):
 garbage-first heap   total 83968K, used 27844K [0x0000000709400000, 0x0000000800000000)
  region size 2048K, 3 young (6144K), 3 survivors (6144K)
 Metaspace       used 59881K, committed 60416K, reserved 1114112K
  class space    used 8495K, committed 8768K, reserved 1048576K
}
Event: 6.046 GC heap before
{Heap before GC invocations=13 (full 0):
 garbage-first heap   total 83968K, used 60612K [0x0000000709400000, 0x0000000800000000)
  region size 2048K, 19 young (38912K), 3 survivors (6144K)
 Metaspace       used 64247K, committed 64896K, reserved 1114112K
  class space    used 9105K, committed 9408K, reserved 1048576K
}
Event: 6.049 GC heap after
{Heap after GC invocations=14 (full 0):
 garbage-first heap   total 83968K, used 31248K [0x0000000709400000, 0x0000000800000000)
  region size 2048K, 2 young (4096K), 2 survivors (4096K)
 Metaspace       used 64247K, committed 64896K, reserved 1114112K
  class space    used 9105K, committed 9408K, reserved 1048576K
}
Event: 21.003 GC heap before
{Heap before GC invocations=14 (full 0):
 garbage-first heap   total 83968K, used 59920K [0x0000000709400000, 0x0000000800000000)
  region size 2048K, 16 young (32768K), 2 survivors (4096K)
 Metaspace       used 73218K, committed 73856K, reserved 1114112K
  class space    used 10255K, committed 10560K, reserved 1048576K
}
Event: 21.010 GC heap after
{Heap after GC invocations=15 (full 0):
 garbage-first heap   total 83968K, used 34055K [0x0000000709400000, 0x0000000800000000)
  region size 2048K, 2 young (4096K), 2 survivors (4096K)
 Metaspace       used 73218K, committed 73856K, reserved 1114112K
  class space    used 10255K, committed 10560K, reserved 1048576K
}

Deoptimization events (6 events):
Event: 2.879 Thread 0x000001e69e3b7e10 DEOPT PACKING pc=0x000001e6a62f6889 sp=0x0000004a7bdfe5c0
Event: 2.879 Thread 0x000001e69e3b7e10 DEOPT UNPACKING pc=0x000001e6a5ca2b43 sp=0x0000004a7bdfda50 mode 3
Event: 2.879 Thread 0x000001e6fbfa7eb0 DEOPT PACKING pc=0x000001e6a62f059f sp=0x0000004a7e3fecb0
Event: 2.879 Thread 0x000001e6fbfa7eb0 DEOPT UNPACKING pc=0x000001e6a5ca2b43 sp=0x0000004a7e3fe108 mode 3
Event: 5.418 Thread 0x000001e69e3b7e10 DEOPT PACKING pc=0x000001e6a6348552 sp=0x0000004a7bdfa360
Event: 5.418 Thread 0x000001e69e3b7e10 DEOPT UNPACKING pc=0x000001e6a5ca2b43 sp=0x0000004a7bdf9868 mode 3

Classes unloaded (0 events):
No events

Classes redefined (0 events):
No events

Internal exceptions (20 events):
Event: 5.321 Thread 0x000001e69e3b7e10 Exception <a 'java/lang/NoSuchMethodError'{0x000000070d991070}: 'int java.lang.invoke.DirectMethodHandle$Holder.invokeStaticInit(java.lang.Object, java.lang.Object, java.lang.Object, java.lang.Object)'> (0x000000070d991070) 
thrown [s\open\src\hotspot\share\interpreter\linkResolver.cpp, line 759]
Event: 5.534 Thread 0x000001e69e3b7e10 Exception <a 'java/lang/NoSuchMethodError'{0x0000000716a1fc58}: 'int java.lang.invoke.DirectMethodHandle$Holder.invokeStaticInit(java.lang.Object, int, java.lang.Object, java.lang.Object, java.lang.Object, java.lang.Object)'> (0x0000000716a1fc58) 
thrown [s\open\src\hotspot\share\interpreter\linkResolver.cpp, line 759]
Event: 5.596 Thread 0x000001e69e3b7e10 Exception <a 'java/lang/IncompatibleClassChangeError'{0x00000007166e9bc8}: Found class java.lang.Object, but interface was expected> (0x00000007166e9bc8) 
thrown [s\open\src\hotspot\share\interpreter\linkResolver.cpp, line 826]
Event: 5.624 Thread 0x000001e69e3b7e10 Exception <a 'java/lang/IncompatibleClassChangeError'{0x00000007164a86b0}: Found class java.lang.Object, but interface was expected> (0x00000007164a86b0) 
thrown [s\open\src\hotspot\share\interpreter\linkResolver.cpp, line 826]
Event: 5.724 Thread 0x000001e69e3b7e10 Exception <a 'java/lang/IncompatibleClassChangeError'{0x000000070d7546c0}: Found class java.lang.Object, but interface was expected> (0x000000070d7546c0) 
thrown [s\open\src\hotspot\share\interpreter\linkResolver.cpp, line 826]
Event: 5.952 Thread 0x000001e69e3b7e10 Exception <a 'sun/nio/fs/WindowsException'{0x000000070c46e138}> (0x000000070c46e138) 
thrown [s\open\src\hotspot\share\prims\jni.cpp, line 516]
Event: 5.996 Thread 0x000001e69e3b7e10 Exception <a 'java/lang/IncompatibleClassChangeError'{0x000000070c3358d0}: Found class java.lang.Object, but interface was expected> (0x000000070c3358d0) 
thrown [s\open\src\hotspot\share\interpreter\linkResolver.cpp, line 826]
Event: 6.034 Thread 0x000001e69e3b7e10 Exception <a 'java/lang/NoSuchMethodError'{0x000000070c110688}: 'void java.lang.invoke.DirectMethodHandle$Holder.invokeVirtual(java.lang.Object, java.lang.Object, long)'> (0x000000070c110688) 
thrown [s\open\src\hotspot\share\interpreter\linkResolver.cpp, line 759]
Event: 6.117 Thread 0x000001e69e3b7e10 Exception <a 'java/lang/IncompatibleClassChangeError'{0x0000000716b7cfb0}: Found class java.lang.Object, but interface was expected> (0x0000000716b7cfb0) 
thrown [s\open\src\hotspot\share\interpreter\linkResolver.cpp, line 826]
Event: 6.152 Thread 0x000001e69e3b7e10 Exception <a 'java/lang/NoSuchMethodError'{0x000000071691c990}: 'java.lang.Object java.lang.invoke.DirectMethodHandle$Holder.invokeSpecial(java.lang.Object, java.lang.Object, java.lang.Object, java.lang.Object, java.lang.Object, java.lang.Object, java.lang.Object, java.lang.Object, java.lang.Object, java.lang.Object, java.lang.Object)'> (0x000000071691c990) 
thrown [s\open\src\hotspot\share\interpreter\linkResolver.cpp, line 759]
Event: 6.152 Thread 0x000001e69e3b7e10 Exception <a 'java/lang/NoSuchMethodError'{0x0000000716920dc0}: 'java.lang.Object java.lang.invoke.Invokers$Holder.invoke_MT(java.lang.Object, java.lang.Object, java.lang.Object, java.lang.Object, java.lang.Object, java.lang.Object, java.lang.Object, java.lang.Object, java.lang.Object, java.lang.Object, java.lang.Object)'> (0x0000000716920dc0) 
thrown [s\open\src\hotspot\share\interpreter\linkResolver.cpp, line 759]
Event: 6.201 Thread 0x000001e69e3b7e10 Exception <a 'java/lang/NoSuchMethodError'{0x00000007167f9cb0}: 'java.lang.Object java.lang.invoke.DirectMethodHandle$Holder.newInvokeSpecial(java.lang.Object, java.lang.Object, int, java.lang.Object, java.lang.Object)'> (0x00000007167f9cb0) 
thrown [s\open\src\hotspot\share\interpreter\linkResolver.cpp, line 759]
Event: 17.877 Thread 0x000001e6fcf05be0 Exception <a 'java/lang/NoSuchMethodError'{0x000000070dac50a0}: 'java.lang.Object java.lang.invoke.DirectMethodHandle$Holder.invokeStaticInit(java.lang.Object, java.lang.Object, java.lang.Object, int, int)'> (0x000000070dac50a0) 
thrown [s\open\src\hotspot\share\interpreter\linkResolver.cpp, line 759]
Event: 17.971 Thread 0x000001e6fcc938f0 Exception <a 'java/lang/NoSuchMethodError'{0x000000070d862be0}: 'java.lang.Object java.lang.invoke.DirectMethodHandle$Holder.invokeSpecial(java.lang.Object, java.lang.Object, java.lang.Object, java.lang.Object, java.lang.Object, long)'> (0x000000070d862be0) 
thrown [s\open\src\hotspot\share\interpreter\linkResolver.cpp, line 759]
Event: 17.971 Thread 0x000001e6fcc938f0 Exception <a 'java/lang/NoSuchMethodError'{0x000000070d866620}: 'java.lang.Object java.lang.invoke.Invokers$Holder.linkToTargetMethod(java.lang.Object, java.lang.Object, java.lang.Object, long, java.lang.Object)'> (0x000000070d866620) 
thrown [s\open\src\hotspot\share\interpreter\linkResolver.cpp, line 759]
Event: 18.144 Thread 0x000001e6fcc938f0 Exception <a 'java/lang/NoSuchMethodError'{0x000000070d7c2bc0}: 'java.lang.Object java.lang.invoke.DirectMethodHandle$Holder.invokeStatic(java.lang.Object, int, int)'> (0x000000070d7c2bc0) 
thrown [s\open\src\hotspot\share\interpreter\linkResolver.cpp, line 759]
Event: 25.521 Thread 0x000001e6fcc924b0 Exception <a 'sun/nio/fs/WindowsException'{0x0000000716a3f318}> (0x0000000716a3f318) 
thrown [s\open\src\hotspot\share\prims\jni.cpp, line 516]
Event: 30.597 Thread 0x000001e6fcc924b0 Exception <a 'sun/nio/fs/WindowsException'{0x000000071660af48}> (0x000000071660af48) 
thrown [s\open\src\hotspot\share\prims\jni.cpp, line 516]
Event: 30.603 Thread 0x000001e6fcc924b0 Exception <a 'sun/nio/fs/WindowsException'{0x0000000716613c30}> (0x0000000716613c30) 
thrown [s\open\src\hotspot\share\prims\jni.cpp, line 516]
Event: 30.603 Thread 0x000001e6fcc924b0 Exception <a 'sun/nio/fs/WindowsException'{0x0000000716613f30}> (0x0000000716613f30) 
thrown [s\open\src\hotspot\share\prims\jni.cpp, line 516]

VM Operations (20 events):
Event: 18.121 Executing VM operation: Cleanup
Event: 18.122 Executing VM operation: Cleanup done
Event: 18.744 Executing VM operation: HandshakeAllThreads
Event: 18.744 Executing VM operation: HandshakeAllThreads done
Event: 19.754 Executing VM operation: Cleanup
Event: 19.755 Executing VM operation: Cleanup done
Event: 20.298 Executing VM operation: HandshakeAllThreads
Event: 20.298 Executing VM operation: HandshakeAllThreads done
Event: 20.359 Executing VM operation: HandshakeAllThreads
Event: 20.359 Executing VM operation: HandshakeAllThreads done
Event: 21.003 Executing VM operation: G1CollectForAllocation
Event: 21.010 Executing VM operation: G1CollectForAllocation done
Event: 22.024 Executing VM operation: Cleanup
Event: 22.024 Executing VM operation: Cleanup done
Event: 25.474 Executing VM operation: HandshakeAllThreads
Event: 25.474 Executing VM operation: HandshakeAllThreads done
Event: 25.474 Executing VM operation: Cleanup
Event: 25.474 Executing VM operation: Cleanup done
Event: 26.480 Executing VM operation: Cleanup
Event: 26.480 Executing VM operation: Cleanup done

Events (20 events):
Event: 25.484 loading class java/util/stream/IntPipeline$1$1
Event: 25.484 loading class java/util/stream/IntPipeline$1$1 done
Event: 25.521 loading class java/nio/file/FileAlreadyExistsException
Event: 25.521 loading class java/nio/file/FileAlreadyExistsException done
Event: 25.877 loading class java/nio/file/StandardCopyOption
Event: 25.877 loading class java/nio/file/StandardCopyOption done
Event: 25.883 loading class java/nio/channels/Channels$1
Event: 25.883 loading class java/nio/channels/Channels$1 done
Event: 26.326 Thread 0x000001e6fd251d60 Thread added: 0x000001e6fd251d60
Event: 27.241 Thread 0x000001e6fd251d60 Thread exited: 0x000001e6fd251d60
Event: 27.242 Thread 0x000001e6fb775de0 Thread exited: 0x000001e6fb775de0
Event: 27.242 Thread 0x000001e6fc5d8ca0 Thread exited: 0x000001e6fc5d8ca0
Event: 30.600 loading class sun/util/resources/LocaleData$CommonResourceBundleProvider
Event: 30.600 loading class sun/util/resources/LocaleData$LocaleDataResourceBundleProvider
Event: 30.600 loading class java/util/spi/ResourceBundleProvider
Event: 30.600 loading class java/util/spi/ResourceBundleProvider done
Event: 30.600 loading class sun/util/resources/LocaleData$LocaleDataResourceBundleProvider done
Event: 30.600 loading class sun/util/resources/LocaleData$CommonResourceBundleProvider done
Event: 30.600 loading class sun/util/resources/Bundles$2
Event: 30.600 loading class sun/util/resources/Bundles$2 done


Dynamic libraries:
0x00007ff6902d0000 - 0x00007ff6902e0000 	C:\Program Files\Java\jdk-17\bin\java.exe
0x00007ffd8bf80000 - 0x00007ffd8c1e0000 	C:\WINDOWS\SYSTEM32\ntdll.dll
0x00007ffd8a260000 - 0x00007ffd8a327000 	C:\WINDOWS\System32\KERNEL32.DLL
0x00007ffd89650000 - 0x00007ffd89a1a000 	C:\WINDOWS\System32\KERNELBASE.dll
0x00007ffd89c30000 - 0x00007ffd89d7b000 	C:\WINDOWS\System32\ucrtbase.dll
0x00007ffd7a250000 - 0x00007ffd7a269000 	C:\Program Files\Java\jdk-17\bin\jli.dll
0x00007ffd8ac50000 - 0x00007ffd8ad02000 	C:\WINDOWS\System32\ADVAPI32.dll
0x00007ffd79060000 - 0x00007ffd7907b000 	C:\Program Files\Java\jdk-17\bin\VCRUNTIME140.dll
0x00007ffd8ba10000 - 0x00007ffd8bab9000 	C:\WINDOWS\System32\msvcrt.dll
0x00007ffd89f90000 - 0x00007ffd8a036000 	C:\WINDOWS\System32\sechost.dll
0x00007ffd8ad70000 - 0x00007ffd8ae86000 	C:\WINDOWS\System32\RPCRT4.dll
0x00007ffd89d90000 - 0x00007ffd89f5c000 	C:\WINDOWS\System32\USER32.dll
0x00007ffd89620000 - 0x00007ffd89647000 	C:\WINDOWS\System32\win32u.dll
0x00007ffd75880000 - 0x00007ffd75b17000 	C:\WINDOWS\WinSxS\amd64_microsoft.windows.common-controls_6595b64144ccf1df_6.0.26100.3624_none_3e086962e3345f24\COMCTL32.dll
0x00007ffd8b780000 - 0x00007ffd8b7aa000 	C:\WINDOWS\System32\GDI32.dll
0x00007ffd89370000 - 0x00007ffd894a1000 	C:\WINDOWS\System32\gdi32full.dll
0x00007ffd894b0000 - 0x00007ffd89553000 	C:\WINDOWS\System32\msvcp_win.dll
0x00007ffd81010000 - 0x00007ffd8101b000 	C:\WINDOWS\SYSTEM32\VERSION.dll
0x00007ffd8b5e0000 - 0x00007ffd8b60f000 	C:\WINDOWS\System32\IMM32.DLL
0x00007ffd83df0000 - 0x00007ffd83dfc000 	C:\Program Files\Java\jdk-17\bin\vcruntime140_1.dll
0x00007ffd78e20000 - 0x00007ffd78eae000 	C:\Program Files\Java\jdk-17\bin\msvcp140.dll
0x00007ffcf0620000 - 0x00007ffcf11ff000 	C:\Program Files\Java\jdk-17\bin\server\jvm.dll
0x00007ffd8a250000 - 0x00007ffd8a258000 	C:\WINDOWS\System32\PSAPI.DLL
0x00007ffd86750000 - 0x00007ffd86786000 	C:\WINDOWS\SYSTEM32\WINMM.dll
0x00007ffd6f9b0000 - 0x00007ffd6f9ba000 	C:\WINDOWS\SYSTEM32\WSOCK32.dll
0x00007ffd8b7b0000 - 0x00007ffd8b824000 	C:\WINDOWS\System32\WS2_32.dll
0x00007ffd88090000 - 0x00007ffd880aa000 	C:\WINDOWS\SYSTEM32\kernel.appcore.dll
0x00007ffd7a240000 - 0x00007ffd7a24a000 	C:\Program Files\Java\jdk-17\bin\jimage.dll
0x00007ffd86500000 - 0x00007ffd86741000 	C:\WINDOWS\SYSTEM32\DBGHELP.DLL
0x00007ffd8bac0000 - 0x00007ffd8be42000 	C:\WINDOWS\System32\combase.dll
0x00007ffd8aa60000 - 0x00007ffd8ab36000 	C:\WINDOWS\System32\OLEAUT32.dll
0x00007ffd864c0000 - 0x00007ffd864f9000 	C:\WINDOWS\SYSTEM32\dbgcore.DLL
0x00007ffd892d0000 - 0x00007ffd89369000 	C:\WINDOWS\System32\bcryptPrimitives.dll
0x00007ffd76cd0000 - 0x00007ffd76cf5000 	C:\Program Files\Java\jdk-17\bin\java.dll
0x00007ffd08370000 - 0x00007ffd08447000 	C:\Program Files\Java\jdk-17\bin\jsvml.dll
0x00007ffd8a330000 - 0x00007ffd8aa59000 	C:\WINDOWS\System32\SHELL32.dll
0x00007ffd89160000 - 0x00007ffd892c8000 	C:\WINDOWS\System32\wintypes.dll
0x00007ffd86e10000 - 0x00007ffd87662000 	C:\WINDOWS\SYSTEM32\windows.storage.dll
0x00007ffd8be50000 - 0x00007ffd8bf3d000 	C:\WINDOWS\System32\SHCORE.dll
0x00007ffd8a040000 - 0x00007ffd8a0a4000 	C:\WINDOWS\System32\shlwapi.dll
0x00007ffd89070000 - 0x00007ffd8909f000 	C:\WINDOWS\SYSTEM32\profapi.dll
0x00007ffd73720000 - 0x00007ffd73739000 	C:\Program Files\Java\jdk-17\bin\net.dll
0x00007ffd80ef0000 - 0x00007ffd8100d000 	C:\WINDOWS\SYSTEM32\WINHTTP.dll
0x00007ffd885b0000 - 0x00007ffd8861a000 	C:\WINDOWS\system32\mswsock.dll
0x00007ffd73700000 - 0x00007ffd73716000 	C:\Program Files\Java\jdk-17\bin\nio.dll
0x00007ffd6ccb0000 - 0x00007ffd6ccc8000 	C:\Program Files\Java\jdk-17\bin\zip.dll
0x00007ffd78df0000 - 0x00007ffd78dfe000 	C:\Program Files\Java\jdk-17\bin\sunmscapi.dll
0x00007ffd89a20000 - 0x00007ffd89b97000 	C:\WINDOWS\System32\CRYPT32.dll
0x00007ffd88a50000 - 0x00007ffd88a80000 	C:\WINDOWS\SYSTEM32\ncrypt.dll
0x00007ffd88a00000 - 0x00007ffd88a3f000 	C:\WINDOWS\SYSTEM32\NTASN1.dll
0x00007ffd88850000 - 0x00007ffd8886c000 	C:\WINDOWS\SYSTEM32\CRYPTSP.dll
0x00007ffd87ff0000 - 0x00007ffd8802a000 	C:\WINDOWS\system32\rsaenh.dll
0x00007ffd88650000 - 0x00007ffd8867b000 	C:\WINDOWS\SYSTEM32\USERENV.dll
0x00007ffd89040000 - 0x00007ffd89066000 	C:\WINDOWS\SYSTEM32\bcrypt.dll
0x00007ffd88870000 - 0x00007ffd8887c000 	C:\WINDOWS\SYSTEM32\CRYPTBASE.dll
0x00007ffd879e0000 - 0x00007ffd87a13000 	C:\WINDOWS\SYSTEM32\IPHLPAPI.DLL
0x00007ffd8a240000 - 0x00007ffd8a24a000 	C:\WINDOWS\System32\NSI.dll
0x00007ffd811e0000 - 0x00007ffd811ff000 	C:\WINDOWS\SYSTEM32\dhcpcsvc6.DLL
0x00007ffd80e30000 - 0x00007ffd80e55000 	C:\WINDOWS\SYSTEM32\dhcpcsvc.DLL
0x00007ffd87ad0000 - 0x00007ffd87bf5000 	C:\WINDOWS\SYSTEM32\DNSAPI.dll
0x00007ffd791e0000 - 0x00007ffd791ea000 	C:\Program Files\Java\jdk-17\bin\management.dll
0x00007ffd790b0000 - 0x00007ffd790bb000 	C:\Program Files\Java\jdk-17\bin\management_ext.dll
0x00007ffd79690000 - 0x00007ffd796a0000 	C:\Program Files\Java\jdk-17\bin\verify.dll
0x00007ffd74a30000 - 0x00007ffd74ad8000 	C:\JANG\sia_task\sia-task-dev\task\src\main\resources\nativelib\window\gdalalljni.dll
0x00007ffcdd730000 - 0x00007ffcdeb7a000 	C:\JANG\sia_task\sia-task-dev\task\src\main\resources\nativelib\window\gdal.dll
0x00007ffd8b440000 - 0x00007ffd8b5d6000 	C:\WINDOWS\System32\ole32.dll
0x00007ffd791f0000 - 0x00007ffd79209000 	C:\JANG\sia_task\sia-task-dev\task\src\main\resources\nativelib\window\zlib.dll
0x00007ffd07770000 - 0x00007ffd07804000 	C:\JANG\sia_task\sia-task-dev\task\src\main\resources\nativelib\window\libcurl.dll
0x00007ffd7d170000 - 0x00007ffd7d234000 	C:\WINDOWS\SYSTEM32\ODBC32.dll
0x00007ffd8af10000 - 0x00007ffd8af84000 	C:\WINDOWS\System32\WLDAP32.dll
0x00007ffd06210000 - 0x00007ffd06373000 	C:\JANG\sia_task\sia-task-dev\task\src\main\resources\nativelib\window\libxml2.dll
0x00007ffcf1be0000 - 0x00007ffcf20c4000 	C:\JANG\sia_task\sia-task-dev\task\src\main\resources\nativelib\window\libcrypto-3-x64.dll
0x00007ffd026f0000 - 0x00007ffd027a2000 	C:\JANG\sia_task\sia-task-dev\task\src\main\resources\nativelib\window\zstd.dll
0x00007ffd05920000 - 0x00007ffd05a5a000 	C:\JANG\sia_task\sia-task-dev\task\src\main\resources\nativelib\window\libssl-3-x64.dll
0x00007ffcf1930000 - 0x00007ffcf1bdc000 	C:\JANG\sia_task\sia-task-dev\task\src\main\resources\nativelib\window\xerces-c_3_2.dll
0x00007ffcf15f0000 - 0x00007ffcf1930000 	C:\JANG\sia_task\sia-task-dev\task\src\main\resources\nativelib\window\proj_9.dll
0x00007ffd00090000 - 0x00007ffd001dc000 	C:\JANG\sia_task\sia-task-dev\task\src\main\resources\nativelib\window\tiff.dll
0x00007ffd78d70000 - 0x00007ffd78da5000 	C:\JANG\sia_task\sia-task-dev\task\src\main\resources\nativelib\window\libpng16.dll
0x00007ffcf1330000 - 0x00007ffcf15f0000 	C:\JANG\sia_task\sia-task-dev\task\src\main\resources\nativelib\window\sqlite3.dll
0x0000000180000000 - 0x000000018004e000 	C:\JANG\sia_task\sia-task-dev\task\src\main\resources\nativelib\window\LIBPQ.dll
0x00007ffd73cc0000 - 0x00007ffd73d11000 	C:\JANG\sia_task\sia-task-dev\task\src\main\resources\nativelib\window\openjp2.dll
0x00007ffd78f00000 - 0x00007ffd78f20000 	C:\JANG\sia_task\sia-task-dev\task\src\main\resources\nativelib\window\pcre.dll
0x00007ffce7b70000 - 0x00007ffce8865000 	C:\JANG\sia_task\sia-task-dev\task\src\main\resources\nativelib\window\spatialite.dll
0x00007ffceedf0000 - 0x00007ffcef491000 	C:\JANG\sia_task\sia-task-dev\task\src\main\resources\nativelib\window\libmysql.dll
0x00007ffd78cb0000 - 0x00007ffd78cda000 	C:\JANG\sia_task\sia-task-dev\task\src\main\resources\nativelib\window\freexl.dll
0x00007ffd78790000 - 0x00007ffd787b3000 	C:\JANG\sia_task\sia-task-dev\task\src\main\resources\nativelib\window\ogdi.dll
0x00007ffd74fa0000 - 0x00007ffd74fcb000 	C:\JANG\sia_task\sia-task-dev\task\src\main\resources\nativelib\window\libexpat.dll
0x00007ffd01ed0000 - 0x00007ffd01fcf000 	C:\JANG\sia_task\sia-task-dev\task\src\main\resources\nativelib\window\iconv-2.dll
0x00007ffd6ca90000 - 0x00007ffd6caec000 	C:\JANG\sia_task\sia-task-dev\task\src\main\resources\nativelib\window\geos_c.dll
0x00007ffd85ca0000 - 0x00007ffd85cad000 	C:\WINDOWS\SYSTEM32\Secur32.dll
0x00007ffd88e50000 - 0x00007ffd88e5a000 	C:\WINDOWS\SYSTEM32\DPAPI.DLL
0x00007ffcfed50000 - 0x00007ffcfef28000 	C:\JANG\sia_task\sia-task-dev\task\src\main\resources\nativelib\window\geos.dll
0x00007ffd88330000 - 0x00007ffd88378000 	C:\WINDOWS\SYSTEM32\SSPICLI.DLL
0x00007ffd63ce0000 - 0x00007ffd63ce8000 	C:\WINDOWS\system32\wshunix.dll
0x00007ffd75d60000 - 0x00007ffd75d6b000 	C:\Windows\System32\rasadhlp.dll
0x00007ffd7e7e0000 - 0x00007ffd7e865000 	C:\WINDOWS\System32\fwpuclnt.dll

dbghelp: loaded successfully - version: 4.0.5 - missing functions: none
symbol engine: initialized successfully - sym options: 0x614 - pdb path: .;C:\Program Files\Java\jdk-17\bin;C:\WINDOWS\SYSTEM32;C:\WINDOWS\WinSxS\amd64_microsoft.windows.common-controls_6595b64144ccf1df_6.0.26100.3624_none_3e086962e3345f24;C:\Program Files\Java\jdk-17\bin\server;C:\JANG\sia_task\sia-task-dev\task\src\main\resources\nativelib\window

VM Arguments:
jvm_args: -Djava.library.path=C:\JANG\sia_task\sia-task-dev\task\src\main\resources\nativelib\window -XX:TieredStopAtLevel=1 -Dfile.encoding=x-windows-949 -Duser.country=KR -Duser.language=ko -Duser.variant 
java_command: com.sia.task.TaskApplication
java_class_path (initial): C:\JANG\sia_task\sia-task-dev\task\build\classes\java\main;C:\JANG\sia_task\sia-task-dev\task\build\resources\main;C:\Users\idjjh\.gradle\caches\modules-2\files-2.1\org.springframework.cloud\spring-cloud-starter-aws\2.2.6.RELEASE\9d7c330b3f4aa477df2db27dd875a0e63a49456\spring-cloud-starter-aws-2.2.6.RELEASE.jar;C:\Users\idjjh\.gradle\caches\modules-2\files-2.1\io.github.cdimascio\java-dotenv\5.2.2\f77d54ff193ed4b07415ab8d7b3d0550716aa8c\java-dotenv-5.2.2.jar;C:\Users\idjjh\.gradle\caches\modules-2\files-2.1\commons-fileupload\commons-fileupload\1.5\ad4ad2ab2961b4e1891472bd1a33fabefb0385f3\commons-fileupload-1.5.jar;C:\Users\idjjh\.gradle\caches\modules-2\files-2.1\commons-io\commons-io\2.14.0\a4c6e1f6c196339473cd2e1b037f0eb97c62755b\commons-io-2.14.0.jar;C:\Users\idjjh\.gradle\caches\modules-2\files-2.1\org.gdal\gdal\3.10.0\d229b54a2136a6a1e6e8321881789a4465e2ec50\gdal-3.10.0.jar;C:\Users\idjjh\.gradle\caches\modules-2\files-2.1\com.h2database\h2\2.3.232\4fcc05d966ccdb2812ae8b9a718f69226c0cf4e2\h2-2.3.232.jar;C:\Users\idjjh\.gradle\caches\modules-2\files-2.1\org.springframework\spring-webmvc\6.2.6\48c37c417d00b9dc12e344892b206bbbf67f0945\spring-webmvc-6.2.6.jar;C:\Users\idjjh\.gradle\caches\modules-2\files-2.1\org.springframework\spring-web\6.2.6\17a4f806e877a1064a2442fe7545b0036fb9550f\spring-web-6.2.6.jar;C:\Users\idjjh\.gradle\caches\modules-2\files-2.1\org.hibernate.orm\hibernate-core\6.6.13.Final\e7f1b2d53e89b9863dca12cd5f1b261ba413415b\hibernate-core-6.6.13.Final.jar;C:\Users\idjjh\.gradle\caches\modules-2\files-2.1\org.springframework.data\spring-data-jpa\3.4.5\40000309bebdc0e4e284211701f039eb5b1fb1a6\spring-data-jpa-3.4.5.jar;C:\Users\idjjh\.gradle\caches\modules-2\files-2.1\org.springframework\spring-aspects\6.2.6\2bb7fe48b4fef28af71be32815200c19ac95f783\spring-aspects-6.2.6.jar;C:\Users\idjjh\.gradle\caches\modules-2\files-2.1\org.springframework.cloud\spring-cloud-aws-autoconfigure\2.2.6.RELEASE\e443d11a6714e24da9f57c18f55a122
Launcher Type: SUN_STANDARD

[Global flags]
     intx CICompilerCount                          = 12                                        {product} {ergonomic}
     uint ConcGCThreads                            = 3                                         {product} {ergonomic}
     uint G1ConcRefinementThreads                  = 13                                        {product} {ergonomic}
   size_t G1HeapRegionSize                         = 2097152                                   {product} {ergonomic}
    uintx GCDrainStackTargetSize                   = 64                                        {product} {ergonomic}
   size_t InitialHeapSize                          = 260046848                                 {product} {ergonomic}
   size_t MarkStackSize                            = 4194304                                   {product} {ergonomic}
   size_t MaxHeapSize                              = 4139778048                                {product} {ergonomic}
   size_t MaxNewSize                               = 2483027968                                {product} {ergonomic}
   size_t MinHeapDeltaBytes                        = 2097152                                   {product} {ergonomic}
   size_t MinHeapSize                              = 8388608                                   {product} {ergonomic}
    uintx NonProfiledCodeHeapSize                  = 0                                      {pd product} {ergonomic}
     bool ProfileInterpreter                       = false                                  {pd product} {command line}
    uintx ProfiledCodeHeapSize                     = 0                                      {pd product} {ergonomic}
   size_t SoftMaxHeapSize                          = 4139778048                             {manageable} {ergonomic}
     intx TieredStopAtLevel                        = 1                                         {product} {command line}
     bool UseCompressedClassPointers               = true                           {product lp64_product} {ergonomic}
     bool UseCompressedOops                        = true                           {product lp64_product} {ergonomic}
     bool UseG1GC                                  = true                                      {product} {ergonomic}
     bool UseLargePagesIndividualAllocation        = false                                  {pd product} {ergonomic}

Logging:
Log output configuration:
 #0: stdout all=warning uptime,level,tags
 #1: stderr all=off uptime,level,tags

Environment Variables:
JAVA_HOME=C:\Program Files\Java\jdk-17
CLASSPATH=C:\JANG\sia_task\sia-task-dev\task\\gradle\wrapper\gradle-wrapper.jar
PATH=C:\JANG\sia_task\sia-task-dev\task\src\main\resources\nativelib\window;C:\Program Files\Java\jdk-17;C:\Python312\Scripts\;C:\Python312\;C:\oraclexe\app\oracle\product\11.2.0\server\bin;C:\Program Files\Common Files\Oracle\Java\javapath;C:\Windows\system32;C:\Windows;C:\Windows\System32\Wbem;C:\Windows\System32\WindowsPowerShell\v1.0\;C:\Windows\System32\OpenSSH\;C:\Program Files (x86)\NVIDIA Corporation\PhysX\Common;C:\WINDOWS\system32;C:\WINDOWS;C:\WINDOWS\System32\Wbem;C:\WINDOWS\System32\WindowsPowerShell\v1.0\;C:\WINDOWS\System32\OpenSSH\;C:\Program Files\Git\cmd;C:\ProgramData\chocolatey\bin;C:\nodejs;C:\Program Files\NVIDIA Corporation\NVIDIA app\NvDLISR;C:\Program Files\Docker\Docker\resources\bin;C:\Program Files\nodejs\;C:\Users\idjjh\AppData\Local\Programs\Python\Python313\Scripts\;C:\Users\idjjh\AppData\Local\Programs\Python\Python313\;C:\Users\idjjh\AppData\Local\Microsoft\WindowsApps;C:\apache-maven-3.9.9\bin;C:\Users\idjjh\AppData\Roaming\npm;C:\Program Files\Git\bin;C:\Python312\Scripts\;
USERNAME=junhee
LANG=en_US.UTF-8
OS=Windows_NT
PROCESSOR_IDENTIFIER=AMD64 Family 23 Model 96 Stepping 1, AuthenticAMD



---------------  S Y S T E M  ---------------

OS:
 Windows 11 , 64 bit Build 26100 (10.0.26100.3775)
OS uptime: 2 days 21:08 hours
Hyper-V role detected

CPU: total 16 (initial active 16) (16 cores per cpu, 2 threads per core) family 23 model 96 stepping 1 microcode 0x8600104, cx8, cmov, fxsr, ht, mmx, 3dnowpref, sse, sse2, sse3, ssse3, sse4a, sse4.1, sse4.2, popcnt, lzcnt, tsc, tscinvbit, avx, avx2, aes, clmul, bmi1, bmi2, adx, sha, fma, vzeroupper, clflush, clflushopt, hv

Memory: 4k page, system-wide physical 15789M (3650M free)
TotalPageFile size 22189M (AvailPageFile size 1472M)
current process WorkingSet (physical memory assigned to process): 246M, peak: 246M
current process commit charge ("private bytes"): 301M, peak: 385M

vm_info: Java HotSpot(TM) 64-Bit Server VM (17.0.10+11-LTS-240) for windows-amd64 JRE (17.0.10+11-LTS-240), built on Dec 19 2023 21:47:25 by "mach5one" with MS VC++ 17.1 (VS2022)

END.
